[2021-07-16 03:26:37,410] {taskinstance.py:896} INFO - Dependencies all met for <TaskInstance: parallel_dag.task_1 2021-07-16T03:24:54.365238+00:00 [queued]>
[2021-07-16 03:26:37,415] {taskinstance.py:896} INFO - Dependencies all met for <TaskInstance: parallel_dag.task_1 2021-07-16T03:24:54.365238+00:00 [queued]>
[2021-07-16 03:26:37,415] {taskinstance.py:1087} INFO - 
--------------------------------------------------------------------------------
[2021-07-16 03:26:37,415] {taskinstance.py:1088} INFO - Starting attempt 1 of 1
[2021-07-16 03:26:37,415] {taskinstance.py:1089} INFO - 
--------------------------------------------------------------------------------
[2021-07-16 03:26:37,426] {taskinstance.py:1107} INFO - Executing <Task(BashOperator): task_1> on 2021-07-16T03:24:54.365238+00:00
[2021-07-16 03:26:37,428] {standard_task_runner.py:52} INFO - Started process 1278 to run task
[2021-07-16 03:26:37,437] {standard_task_runner.py:76} INFO - Running: ['airflow', 'tasks', 'run', 'parallel_dag', 'task_1', '2021-07-16T03:24:54.365238+00:00', '--job-id', '59', '--pool', 'default_pool', '--raw', '--subdir', 'DAGS_FOLDER/parallel_dag.py', '--cfg-path', '/tmp/tmp12rdk2r7', '--error-file', '/tmp/tmpk4_wzp1z']
[2021-07-16 03:26:37,437] {standard_task_runner.py:77} INFO - Job 59: Subtask task_1
[2021-07-16 03:26:37,473] {logging_mixin.py:104} INFO - Running <TaskInstance: parallel_dag.task_1 2021-07-16T03:24:54.365238+00:00 [running]> on host apache-airflow.us-central1-a.c.eminent-it-info.internal
[2021-07-16 03:26:37,510] {taskinstance.py:1300} INFO - Exporting the following env vars:
AIRFLOW_CTX_DAG_OWNER=airflow
AIRFLOW_CTX_DAG_ID=parallel_dag
AIRFLOW_CTX_TASK_ID=task_1
AIRFLOW_CTX_EXECUTION_DATE=2021-07-16T03:24:54.365238+00:00
AIRFLOW_CTX_DAG_RUN_ID=manual__2021-07-16T03:24:54.365238+00:00
[2021-07-16 03:26:37,511] {subprocess.py:52} INFO - Tmp dir root location: 
 /tmp
[2021-07-16 03:26:37,511] {subprocess.py:63} INFO - Running command: ['bash', '-c', 'sleep 3']
[2021-07-16 03:26:37,521] {subprocess.py:75} INFO - Output:
[2021-07-16 03:26:40,535] {subprocess.py:83} INFO - Command exited with return code 0
[2021-07-16 03:26:40,554] {taskinstance.py:1204} INFO - Marking task as SUCCESS. dag_id=parallel_dag, task_id=task_1, execution_date=20210716T032454, start_date=20210716T032637, end_date=20210716T032640
[2021-07-16 03:26:40,575] {taskinstance.py:1265} INFO - 2 downstream tasks scheduled from follow-on schedule check
[2021-07-16 03:26:40,586] {local_task_job.py:151} INFO - Task exited with return code 0
