[2021-07-17 03:39:27,310] {taskinstance.py:896} INFO - Dependencies all met for <TaskInstance: parallel_dag.task_1 2021-07-17T03:39:23.918881+00:00 [queued]>
[2021-07-17 03:39:27,700] {taskinstance.py:896} INFO - Dependencies all met for <TaskInstance: parallel_dag.task_1 2021-07-17T03:39:23.918881+00:00 [queued]>
[2021-07-17 03:39:27,701] {taskinstance.py:1087} INFO - 
--------------------------------------------------------------------------------
[2021-07-17 03:39:27,701] {taskinstance.py:1088} INFO - Starting attempt 1 of 1
[2021-07-17 03:39:27,701] {taskinstance.py:1089} INFO - 
--------------------------------------------------------------------------------
[2021-07-17 03:39:27,831] {taskinstance.py:1107} INFO - Executing <Task(BashOperator): task_1> on 2021-07-17T03:39:23.918881+00:00
[2021-07-17 03:39:27,833] {standard_task_runner.py:52} INFO - Started process 2092 to run task
[2021-07-17 03:39:27,836] {standard_task_runner.py:76} INFO - Running: ['airflow', 'tasks', 'run', 'parallel_dag', 'task_1', '2021-07-17T03:39:23.918881+00:00', '--job-id', '17', '--pool', 'default_pool', '--raw', '--subdir', 'DAGS_FOLDER/parallel_dag.py', '--cfg-path', '/tmp/tmpau1fpg36', '--error-file', '/tmp/tmpqmunbzzf']
[2021-07-17 03:39:27,836] {standard_task_runner.py:77} INFO - Job 17: Subtask task_1
[2021-07-17 03:39:29,068] {logging_mixin.py:104} INFO - Running <TaskInstance: parallel_dag.task_1 2021-07-17T03:39:23.918881+00:00 [running]> on host apache-airflow.us-central1-a.c.eminent-it-info.internal
[2021-07-17 03:39:30,622] {taskinstance.py:1300} INFO - Exporting the following env vars:
AIRFLOW_CTX_DAG_OWNER=airflow
AIRFLOW_CTX_DAG_ID=parallel_dag
AIRFLOW_CTX_TASK_ID=task_1
AIRFLOW_CTX_EXECUTION_DATE=2021-07-17T03:39:23.918881+00:00
AIRFLOW_CTX_DAG_RUN_ID=manual__2021-07-17T03:39:23.918881+00:00
[2021-07-17 03:39:30,623] {subprocess.py:52} INFO - Tmp dir root location: 
 /tmp
[2021-07-17 03:39:30,623] {subprocess.py:63} INFO - Running command: ['bash', '-c', 'sleep 3']
[2021-07-17 03:39:30,627] {subprocess.py:75} INFO - Output:
[2021-07-17 03:39:33,628] {subprocess.py:83} INFO - Command exited with return code 0
[2021-07-17 03:39:34,491] {taskinstance.py:1204} INFO - Marking task as SUCCESS. dag_id=parallel_dag, task_id=task_1, execution_date=20210717T033923, start_date=20210717T033927, end_date=20210717T033934
[2021-07-17 03:39:35,215] {taskinstance.py:1265} INFO - 2 downstream tasks scheduled from follow-on schedule check
[2021-07-17 03:39:35,246] {local_task_job.py:151} INFO - Task exited with return code 0
