[2021-07-18 04:57:24,197] {taskinstance.py:896} INFO - Dependencies all met for <TaskInstance: parallel_dag.task_1 2021-07-17T03:39:23.918881+00:00 [queued]>
[2021-07-18 04:57:24,581] {taskinstance.py:896} INFO - Dependencies all met for <TaskInstance: parallel_dag.task_1 2021-07-17T03:39:23.918881+00:00 [queued]>
[2021-07-18 04:57:24,581] {taskinstance.py:1087} INFO - 
--------------------------------------------------------------------------------
[2021-07-18 04:57:24,582] {taskinstance.py:1088} INFO - Starting attempt 5 of 5
[2021-07-18 04:57:24,582] {taskinstance.py:1089} INFO - 
--------------------------------------------------------------------------------
[2021-07-18 04:57:24,711] {taskinstance.py:1107} INFO - Executing <Task(BashOperator): task_1> on 2021-07-17T03:39:23.918881+00:00
[2021-07-18 04:57:24,713] {standard_task_runner.py:52} INFO - Started process 1641 to run task
[2021-07-18 04:57:24,719] {standard_task_runner.py:76} INFO - Running: ['airflow', 'tasks', 'run', 'parallel_dag', 'task_1', '2021-07-17T03:39:23.918881+00:00', '--job-id', '40', '--pool', 'default_pool', '--raw', '--subdir', 'DAGS_FOLDER/parallel_dag.py', '--cfg-path', '/tmp/tmpl_iibbt1', '--error-file', '/tmp/tmpq126vetl']
[2021-07-18 04:57:24,720] {standard_task_runner.py:77} INFO - Job 40: Subtask task_1
[2021-07-18 04:57:25,919] {logging_mixin.py:104} INFO - Running <TaskInstance: parallel_dag.task_1 2021-07-17T03:39:23.918881+00:00 [running]> on host apache-airflow.us-central1-a.c.eminent-it-info.internal
[2021-07-18 04:57:27,448] {taskinstance.py:1300} INFO - Exporting the following env vars:
AIRFLOW_CTX_DAG_OWNER=airflow
AIRFLOW_CTX_DAG_ID=parallel_dag
AIRFLOW_CTX_TASK_ID=task_1
AIRFLOW_CTX_EXECUTION_DATE=2021-07-17T03:39:23.918881+00:00
AIRFLOW_CTX_DAG_RUN_ID=manual__2021-07-17T03:39:23.918881+00:00
[2021-07-18 04:57:27,449] {subprocess.py:52} INFO - Tmp dir root location: 
 /tmp
[2021-07-18 04:57:27,449] {subprocess.py:63} INFO - Running command: ['bash', '-c', 'sleep 3']
[2021-07-18 04:57:27,459] {subprocess.py:75} INFO - Output:
[2021-07-18 04:57:30,459] {subprocess.py:83} INFO - Command exited with return code 0
[2021-07-18 04:57:31,318] {taskinstance.py:1204} INFO - Marking task as SUCCESS. dag_id=parallel_dag, task_id=task_1, execution_date=20210717T033923, start_date=20210718T045724, end_date=20210718T045731
[2021-07-18 04:57:32,012] {taskinstance.py:1265} INFO - 2 downstream tasks scheduled from follow-on schedule check
[2021-07-18 04:57:32,032] {local_task_job.py:151} INFO - Task exited with return code 0
