[2021-07-18 05:04:55,700] {taskinstance.py:896} INFO - Dependencies all met for <TaskInstance: parallel_dag.task_1 2021-07-17T03:39:23.918881+00:00 [queued]>
[2021-07-18 05:04:56,072] {taskinstance.py:896} INFO - Dependencies all met for <TaskInstance: parallel_dag.task_1 2021-07-17T03:39:23.918881+00:00 [queued]>
[2021-07-18 05:04:56,073] {taskinstance.py:1087} INFO - 
--------------------------------------------------------------------------------
[2021-07-18 05:04:56,073] {taskinstance.py:1088} INFO - Starting attempt 6 of 6
[2021-07-18 05:04:56,073] {taskinstance.py:1089} INFO - 
--------------------------------------------------------------------------------
[2021-07-18 05:04:56,197] {taskinstance.py:1107} INFO - Executing <Task(BashOperator): task_1> on 2021-07-17T03:39:23.918881+00:00
[2021-07-18 05:04:56,200] {standard_task_runner.py:52} INFO - Started process 1835 to run task
[2021-07-18 05:04:56,205] {standard_task_runner.py:76} INFO - Running: ['airflow', 'tasks', 'run', 'parallel_dag', 'task_1', '2021-07-17T03:39:23.918881+00:00', '--job-id', '45', '--pool', 'default_pool', '--raw', '--subdir', 'DAGS_FOLDER/parallel_dag.py', '--cfg-path', '/tmp/tmpd7gurvbt', '--error-file', '/tmp/tmpbh7_6t0j']
[2021-07-18 05:04:56,206] {standard_task_runner.py:77} INFO - Job 45: Subtask task_1
[2021-07-18 05:04:57,405] {logging_mixin.py:104} INFO - Running <TaskInstance: parallel_dag.task_1 2021-07-17T03:39:23.918881+00:00 [running]> on host apache-airflow.us-central1-a.c.eminent-it-info.internal
[2021-07-18 05:04:58,906] {taskinstance.py:1300} INFO - Exporting the following env vars:
AIRFLOW_CTX_DAG_OWNER=airflow
AIRFLOW_CTX_DAG_ID=parallel_dag
AIRFLOW_CTX_TASK_ID=task_1
AIRFLOW_CTX_EXECUTION_DATE=2021-07-17T03:39:23.918881+00:00
AIRFLOW_CTX_DAG_RUN_ID=manual__2021-07-17T03:39:23.918881+00:00
[2021-07-18 05:04:58,907] {subprocess.py:52} INFO - Tmp dir root location: 
 /tmp
[2021-07-18 05:04:58,908] {subprocess.py:63} INFO - Running command: ['bash', '-c', 'sleep 3']
[2021-07-18 05:04:58,914] {subprocess.py:75} INFO - Output:
[2021-07-18 05:05:01,917] {subprocess.py:83} INFO - Command exited with return code 0
[2021-07-18 05:05:02,785] {taskinstance.py:1204} INFO - Marking task as SUCCESS. dag_id=parallel_dag, task_id=task_1, execution_date=20210717T033923, start_date=20210718T050455, end_date=20210718T050502
[2021-07-18 05:05:03,490] {taskinstance.py:1265} INFO - 2 downstream tasks scheduled from follow-on schedule check
[2021-07-18 05:05:03,529] {local_task_job.py:151} INFO - Task exited with return code 0
