[2021-07-18 07:50:20,197] {taskinstance.py:896} INFO - Dependencies all met for <TaskInstance: parallel_dag.task_1 2021-07-17T03:39:23.918881+00:00 [queued]>
[2021-07-18 07:50:20,354] {taskinstance.py:896} INFO - Dependencies all met for <TaskInstance: parallel_dag.task_1 2021-07-17T03:39:23.918881+00:00 [queued]>
[2021-07-18 07:50:20,354] {taskinstance.py:1087} INFO - 
--------------------------------------------------------------------------------
[2021-07-18 07:50:20,354] {taskinstance.py:1088} INFO - Starting attempt 7 of 7
[2021-07-18 07:50:20,354] {taskinstance.py:1089} INFO - 
--------------------------------------------------------------------------------
[2021-07-18 07:50:20,740] {taskinstance.py:1107} INFO - Executing <Task(BashOperator): task_1> on 2021-07-17T03:39:23.918881+00:00
[2021-07-18 07:50:20,743] {standard_task_runner.py:52} INFO - Started process 6547 to run task
[2021-07-18 07:50:20,749] {standard_task_runner.py:76} INFO - Running: ['airflow', 'tasks', 'run', 'parallel_dag', 'task_1', '2021-07-17T03:39:23.918881+00:00', '--job-id', '54', '--pool', 'default_pool', '--raw', '--subdir', 'DAGS_FOLDER/parallel_dag.py', '--cfg-path', '/tmp/tmp6_q_1cxc', '--error-file', '/tmp/tmpcsjeokly']
[2021-07-18 07:50:20,750] {standard_task_runner.py:77} INFO - Job 54: Subtask task_1
[2021-07-18 07:50:21,958] {logging_mixin.py:104} INFO - Running <TaskInstance: parallel_dag.task_1 2021-07-17T03:39:23.918881+00:00 [running]> on host apache-airflow.us-central1-a.c.eminent-it-info.internal
[2021-07-18 07:50:23,453] {taskinstance.py:1300} INFO - Exporting the following env vars:
AIRFLOW_CTX_DAG_OWNER=airflow
AIRFLOW_CTX_DAG_ID=parallel_dag
AIRFLOW_CTX_TASK_ID=task_1
AIRFLOW_CTX_EXECUTION_DATE=2021-07-17T03:39:23.918881+00:00
AIRFLOW_CTX_DAG_RUN_ID=manual__2021-07-17T03:39:23.918881+00:00
[2021-07-18 07:50:23,454] {subprocess.py:52} INFO - Tmp dir root location: 
 /tmp
[2021-07-18 07:50:23,454] {subprocess.py:63} INFO - Running command: ['bash', '-c', 'sleep 3']
[2021-07-18 07:50:23,460] {subprocess.py:75} INFO - Output:
[2021-07-18 07:50:26,463] {subprocess.py:83} INFO - Command exited with return code 0
[2021-07-18 07:50:27,337] {taskinstance.py:1204} INFO - Marking task as SUCCESS. dag_id=parallel_dag, task_id=task_1, execution_date=20210717T033923, start_date=20210718T075020, end_date=20210718T075027
[2021-07-18 07:50:28,084] {taskinstance.py:1265} INFO - 0 downstream tasks scheduled from follow-on schedule check
[2021-07-18 07:50:28,109] {local_task_job.py:151} INFO - Task exited with return code 0
