[2021-07-18 04:41:48,045] {taskinstance.py:896} INFO - Dependencies all met for <TaskInstance: parallel_dag.is_condition 2021-07-17T03:39:23.918881+00:00 [queued]>
[2021-07-18 04:41:48,440] {taskinstance.py:896} INFO - Dependencies all met for <TaskInstance: parallel_dag.is_condition 2021-07-17T03:39:23.918881+00:00 [queued]>
[2021-07-18 04:41:48,440] {taskinstance.py:1087} INFO - 
--------------------------------------------------------------------------------
[2021-07-18 04:41:48,442] {taskinstance.py:1088} INFO - Starting attempt 1 of 1
[2021-07-18 04:41:48,442] {taskinstance.py:1089} INFO - 
--------------------------------------------------------------------------------
[2021-07-18 04:41:48,573] {taskinstance.py:1107} INFO - Executing <Task(BranchPythonOperator): is_condition> on 2021-07-17T03:39:23.918881+00:00
[2021-07-18 04:41:48,576] {standard_task_runner.py:52} INFO - Started process 1284 to run task
[2021-07-18 04:41:48,581] {standard_task_runner.py:76} INFO - Running: ['airflow', 'tasks', 'run', 'parallel_dag', 'is_condition', '2021-07-17T03:39:23.918881+00:00', '--job-id', '34', '--pool', 'default_pool', '--raw', '--subdir', 'DAGS_FOLDER/parallel_dag.py', '--cfg-path', '/tmp/tmpw2or9ce_', '--error-file', '/tmp/tmp251tlt_9']
[2021-07-18 04:41:48,582] {standard_task_runner.py:77} INFO - Job 34: Subtask is_condition
[2021-07-18 04:41:49,787] {logging_mixin.py:104} INFO - Running <TaskInstance: parallel_dag.is_condition 2021-07-17T03:39:23.918881+00:00 [running]> on host apache-airflow.us-central1-a.c.eminent-it-info.internal
[2021-07-18 04:41:51,332] {taskinstance.py:1300} INFO - Exporting the following env vars:
AIRFLOW_CTX_DAG_OWNER=airflow
AIRFLOW_CTX_DAG_ID=parallel_dag
AIRFLOW_CTX_TASK_ID=is_condition
AIRFLOW_CTX_EXECUTION_DATE=2021-07-17T03:39:23.918881+00:00
AIRFLOW_CTX_DAG_RUN_ID=manual__2021-07-17T03:39:23.918881+00:00
[2021-07-18 04:41:51,333] {python.py:151} INFO - Done. Returned value was: task_4
[2021-07-18 04:41:51,333] {skipmixin.py:124} INFO - Following branch task_4
[2021-07-18 04:41:51,609] {skipmixin.py:155} INFO - Skipping tasks []
[2021-07-18 04:41:53,330] {taskinstance.py:1204} INFO - Marking task as SUCCESS. dag_id=parallel_dag, task_id=is_condition, execution_date=20210717T033923, start_date=20210718T044148, end_date=20210718T044153
[2021-07-18 04:41:54,073] {taskinstance.py:1265} INFO - 1 downstream tasks scheduled from follow-on schedule check
[2021-07-18 04:41:54,467] {local_task_job.py:151} INFO - Task exited with return code 0
