[2021-07-18 04:57:20,822] {taskinstance.py:886} INFO - Dependencies not met for <TaskInstance: parallel_dag.is_condition 2021-07-17T03:39:23.918881+00:00 [None]>, dependency 'Trigger Rule' FAILED: Task's trigger rule 'all_success' requires all upstream tasks to have succeeded, but found 2 non-success(es). upstream_tasks_state={'total': 2, 'successes': 0, 'skipped': 0, 'failed': 0, 'upstream_failed': 0, 'done': 0}, upstream_task_ids={'processing_tasks.task_3', 'processing_tasks.task_2'}
[2021-07-18 04:57:20,854] {local_task_job.py:98} INFO - Task is not able to be run
[2021-07-18 04:58:39,343] {taskinstance.py:896} INFO - Dependencies all met for <TaskInstance: parallel_dag.is_condition 2021-07-17T03:39:23.918881+00:00 [queued]>
[2021-07-18 04:58:39,716] {taskinstance.py:896} INFO - Dependencies all met for <TaskInstance: parallel_dag.is_condition 2021-07-17T03:39:23.918881+00:00 [queued]>
[2021-07-18 04:58:39,716] {taskinstance.py:1087} INFO - 
--------------------------------------------------------------------------------
[2021-07-18 04:58:39,716] {taskinstance.py:1088} INFO - Starting attempt 2 of 2
[2021-07-18 04:58:39,716] {taskinstance.py:1089} INFO - 
--------------------------------------------------------------------------------
[2021-07-18 04:58:39,844] {taskinstance.py:1107} INFO - Executing <Task(BranchPythonOperator): is_condition> on 2021-07-17T03:39:23.918881+00:00
[2021-07-18 04:58:39,847] {standard_task_runner.py:52} INFO - Started process 1678 to run task
[2021-07-18 04:58:39,853] {standard_task_runner.py:76} INFO - Running: ['airflow', 'tasks', 'run', 'parallel_dag', 'is_condition', '2021-07-17T03:39:23.918881+00:00', '--job-id', '43', '--pool', 'default_pool', '--raw', '--subdir', 'DAGS_FOLDER/parallel_dag.py', '--cfg-path', '/tmp/tmp97r4ho3f', '--error-file', '/tmp/tmpswd6fetc']
[2021-07-18 04:58:39,854] {standard_task_runner.py:77} INFO - Job 43: Subtask is_condition
[2021-07-18 04:58:41,047] {logging_mixin.py:104} INFO - Running <TaskInstance: parallel_dag.is_condition 2021-07-17T03:39:23.918881+00:00 [running]> on host apache-airflow.us-central1-a.c.eminent-it-info.internal
[2021-07-18 04:58:42,568] {taskinstance.py:1300} INFO - Exporting the following env vars:
AIRFLOW_CTX_DAG_OWNER=airflow
AIRFLOW_CTX_DAG_ID=parallel_dag
AIRFLOW_CTX_TASK_ID=is_condition
AIRFLOW_CTX_EXECUTION_DATE=2021-07-17T03:39:23.918881+00:00
AIRFLOW_CTX_DAG_RUN_ID=manual__2021-07-17T03:39:23.918881+00:00
[2021-07-18 04:58:42,569] {python.py:151} INFO - Done. Returned value was: task_4
[2021-07-18 04:58:42,569] {skipmixin.py:124} INFO - Following branch task_4
[2021-07-18 04:58:42,868] {skipmixin.py:155} INFO - Skipping tasks ['task_5']
[2021-07-18 04:58:44,642] {taskinstance.py:1204} INFO - Marking task as SUCCESS. dag_id=parallel_dag, task_id=is_condition, execution_date=20210717T033923, start_date=20210718T045839, end_date=20210718T045844
[2021-07-18 04:58:45,424] {taskinstance.py:1265} INFO - 1 downstream tasks scheduled from follow-on schedule check
[2021-07-18 04:58:45,753] {local_task_job.py:151} INFO - Task exited with return code 0
