[2021-07-17 03:36:24,198] {taskinstance.py:896} INFO - Dependencies all met for <TaskInstance: parallel_dag.processing_tasks.task_2 2021-07-17T03:36:10.596008+00:00 [queued]>
[2021-07-17 03:36:24,580] {taskinstance.py:896} INFO - Dependencies all met for <TaskInstance: parallel_dag.processing_tasks.task_2 2021-07-17T03:36:10.596008+00:00 [queued]>
[2021-07-17 03:36:24,581] {taskinstance.py:1087} INFO - 
--------------------------------------------------------------------------------
[2021-07-17 03:36:24,581] {taskinstance.py:1088} INFO - Starting attempt 1 of 1
[2021-07-17 03:36:24,581] {taskinstance.py:1089} INFO - 
--------------------------------------------------------------------------------
[2021-07-17 03:36:24,710] {taskinstance.py:1107} INFO - Executing <Task(PythonOperator): processing_tasks.task_2> on 2021-07-17T03:36:10.596008+00:00
[2021-07-17 03:36:24,712] {standard_task_runner.py:52} INFO - Started process 2018 to run task
[2021-07-17 03:36:24,715] {standard_task_runner.py:76} INFO - Running: ['airflow', 'tasks', 'run', 'parallel_dag', 'processing_tasks.task_2', '2021-07-17T03:36:10.596008+00:00', '--job-id', '15', '--pool', 'default_pool', '--raw', '--subdir', 'DAGS_FOLDER/parallel_dag.py', '--cfg-path', '/tmp/tmpfrsf0us2', '--error-file', '/tmp/tmpec8ed1h2']
[2021-07-17 03:36:24,715] {standard_task_runner.py:77} INFO - Job 15: Subtask processing_tasks.task_2
[2021-07-17 03:36:25,951] {logging_mixin.py:104} INFO - Running <TaskInstance: parallel_dag.processing_tasks.task_2 2021-07-17T03:36:10.596008+00:00 [running]> on host apache-airflow.us-central1-a.c.eminent-it-info.internal
[2021-07-17 03:36:27,481] {taskinstance.py:1300} INFO - Exporting the following env vars:
AIRFLOW_CTX_DAG_OWNER=airflow
AIRFLOW_CTX_DAG_ID=parallel_dag
AIRFLOW_CTX_TASK_ID=processing_tasks.task_2
AIRFLOW_CTX_EXECUTION_DATE=2021-07-17T03:36:10.596008+00:00
AIRFLOW_CTX_DAG_RUN_ID=manual__2021-07-17T03:36:10.596008+00:00
[2021-07-17 03:36:27,481] {logging_mixin.py:104} INFO - This is task 2 function
[2021-07-17 03:36:28,057] {python.py:151} INFO - Done. Returned value was: None
[2021-07-17 03:36:28,339] {taskinstance.py:1204} INFO - Marking task as SUCCESS. dag_id=parallel_dag, task_id=processing_tasks.task_2, execution_date=20210717T033610, start_date=20210717T033624, end_date=20210717T033628
[2021-07-17 03:36:29,075] {taskinstance.py:1265} INFO - 0 downstream tasks scheduled from follow-on schedule check
[2021-07-17 03:36:29,104] {local_task_job.py:151} INFO - Task exited with return code 0
