[2021-07-21 00:00:13,878] {taskinstance.py:896} INFO - Dependencies all met for <TaskInstance: autobot.execute_sql_script 2021-07-20T00:00:00+00:00 [queued]>
[2021-07-21 00:00:14,255] {taskinstance.py:896} INFO - Dependencies all met for <TaskInstance: autobot.execute_sql_script 2021-07-20T00:00:00+00:00 [queued]>
[2021-07-21 00:00:14,255] {taskinstance.py:1087} INFO - 
--------------------------------------------------------------------------------
[2021-07-21 00:00:14,255] {taskinstance.py:1088} INFO - Starting attempt 1 of 1
[2021-07-21 00:00:14,255] {taskinstance.py:1089} INFO - 
--------------------------------------------------------------------------------
[2021-07-21 00:00:14,383] {taskinstance.py:1107} INFO - Executing <Task(PythonOperator): execute_sql_script> on 2021-07-20T00:00:00+00:00
[2021-07-21 00:00:14,387] {standard_task_runner.py:52} INFO - Started process 22952 to run task
[2021-07-21 00:00:14,393] {standard_task_runner.py:76} INFO - Running: ['airflow', 'tasks', 'run', 'autobot', 'execute_sql_script', '2021-07-20T00:00:00+00:00', '--job-id', '155', '--pool', 'default_pool', '--raw', '--subdir', 'DAGS_FOLDER/AutoBot.py', '--cfg-path', '/tmp/tmpl_iog_ja', '--error-file', '/tmp/tmpmdptjlpv']
[2021-07-21 00:00:14,394] {standard_task_runner.py:77} INFO - Job 155: Subtask execute_sql_script
[2021-07-21 00:00:15,606] {logging_mixin.py:104} INFO - Running <TaskInstance: autobot.execute_sql_script 2021-07-20T00:00:00+00:00 [running]> on host apache-airflow.us-central1-a.c.eminent-it-info.internal
[2021-07-21 00:00:17,178] {taskinstance.py:1300} INFO - Exporting the following env vars:
AIRFLOW_CTX_DAG_OWNER=airflow
AIRFLOW_CTX_DAG_ID=autobot
AIRFLOW_CTX_TASK_ID=execute_sql_script
AIRFLOW_CTX_EXECUTION_DATE=2021-07-20T00:00:00+00:00
AIRFLOW_CTX_DAG_RUN_ID=scheduled__2021-07-20T00:00:00+00:00
[2021-07-21 00:00:18,010] {python.py:151} INFO - Done. Returned value was: None
[2021-07-21 00:00:18,293] {taskinstance.py:1204} INFO - Marking task as SUCCESS. dag_id=autobot, task_id=execute_sql_script, execution_date=20210720T000000, start_date=20210721T000013, end_date=20210721T000018
[2021-07-21 00:00:18,984] {taskinstance.py:1265} INFO - 0 downstream tasks scheduled from follow-on schedule check
[2021-07-21 00:00:19,017] {local_task_job.py:151} INFO - Task exited with return code 0
