[2021-07-20 07:18:02,082] {taskinstance.py:896} INFO - Dependencies all met for <TaskInstance: autobot.execute_sql_script 2021-07-19T00:00:00+00:00 [queued]>
[2021-07-20 07:18:02,481] {taskinstance.py:896} INFO - Dependencies all met for <TaskInstance: autobot.execute_sql_script 2021-07-19T00:00:00+00:00 [queued]>
[2021-07-20 07:18:02,481] {taskinstance.py:1087} INFO - 
--------------------------------------------------------------------------------
[2021-07-20 07:18:02,481] {taskinstance.py:1088} INFO - Starting attempt 1 of 1
[2021-07-20 07:18:02,481] {taskinstance.py:1089} INFO - 
--------------------------------------------------------------------------------
[2021-07-20 07:18:02,608] {taskinstance.py:1107} INFO - Executing <Task(PythonOperator): execute_sql_script> on 2021-07-19T00:00:00+00:00
[2021-07-20 07:18:02,611] {standard_task_runner.py:52} INFO - Started process 31710 to run task
[2021-07-20 07:18:02,614] {standard_task_runner.py:76} INFO - Running: ['airflow', 'tasks', 'run', 'autobot', 'execute_sql_script', '2021-07-19T00:00:00+00:00', '--job-id', '150', '--pool', 'default_pool', '--raw', '--subdir', 'DAGS_FOLDER/AutoBot.py', '--cfg-path', '/tmp/tmpt8rsswt8', '--error-file', '/tmp/tmpv12f621y']
[2021-07-20 07:18:02,614] {standard_task_runner.py:77} INFO - Job 150: Subtask execute_sql_script
[2021-07-20 07:18:03,842] {logging_mixin.py:104} INFO - Running <TaskInstance: autobot.execute_sql_script 2021-07-19T00:00:00+00:00 [running]> on host apache-airflow.us-central1-a.c.eminent-it-info.internal
[2021-07-20 07:18:05,419] {taskinstance.py:1300} INFO - Exporting the following env vars:
AIRFLOW_CTX_DAG_OWNER=airflow
AIRFLOW_CTX_DAG_ID=autobot
AIRFLOW_CTX_TASK_ID=execute_sql_script
AIRFLOW_CTX_EXECUTION_DATE=2021-07-19T00:00:00+00:00
AIRFLOW_CTX_DAG_RUN_ID=scheduled__2021-07-19T00:00:00+00:00
[2021-07-20 07:18:06,269] {python.py:151} INFO - Done. Returned value was: None
[2021-07-20 07:18:06,562] {taskinstance.py:1204} INFO - Marking task as SUCCESS. dag_id=autobot, task_id=execute_sql_script, execution_date=20210719T000000, start_date=20210720T071802, end_date=20210720T071806
[2021-07-20 07:18:07,305] {taskinstance.py:1265} INFO - 1 downstream tasks scheduled from follow-on schedule check
[2021-07-20 07:18:07,322] {local_task_job.py:151} INFO - Task exited with return code 0
