[2021-07-20 06:45:38,094] {taskinstance.py:896} INFO - Dependencies all met for <TaskInstance: autobot.insert_data_to_db 2021-07-18T07:54:25.449895+00:00 [queued]>
[2021-07-20 06:45:38,498] {taskinstance.py:896} INFO - Dependencies all met for <TaskInstance: autobot.insert_data_to_db 2021-07-18T07:54:25.449895+00:00 [queued]>
[2021-07-20 06:45:38,498] {taskinstance.py:1087} INFO - 
--------------------------------------------------------------------------------
[2021-07-20 06:45:38,498] {taskinstance.py:1088} INFO - Starting attempt 10 of 10
[2021-07-20 06:45:38,498] {taskinstance.py:1089} INFO - 
--------------------------------------------------------------------------------
[2021-07-20 06:45:38,626] {taskinstance.py:1107} INFO - Executing <Task(PythonOperator): insert_data_to_db> on 2021-07-18T07:54:25.449895+00:00
[2021-07-20 06:45:38,629] {standard_task_runner.py:52} INFO - Started process 30019 to run task
[2021-07-20 06:45:38,632] {standard_task_runner.py:76} INFO - Running: ['airflow', 'tasks', 'run', 'autobot', 'insert_data_to_db', '2021-07-18T07:54:25.449895+00:00', '--job-id', '137', '--pool', 'default_pool', '--raw', '--subdir', 'DAGS_FOLDER/AutoBot.py', '--cfg-path', '/tmp/tmphxseq5oc', '--error-file', '/tmp/tmpxqxgda85']
[2021-07-20 06:45:38,632] {standard_task_runner.py:77} INFO - Job 137: Subtask insert_data_to_db
[2021-07-20 06:45:39,867] {logging_mixin.py:104} INFO - Running <TaskInstance: autobot.insert_data_to_db 2021-07-18T07:54:25.449895+00:00 [running]> on host apache-airflow.us-central1-a.c.eminent-it-info.internal
[2021-07-20 06:45:41,451] {taskinstance.py:1300} INFO - Exporting the following env vars:
AIRFLOW_CTX_DAG_OWNER=airflow
AIRFLOW_CTX_DAG_ID=autobot
AIRFLOW_CTX_TASK_ID=insert_data_to_db
AIRFLOW_CTX_EXECUTION_DATE=2021-07-18T07:54:25.449895+00:00
AIRFLOW_CTX_DAG_RUN_ID=manual__2021-07-18T07:54:25.449895+00:00
[2021-07-20 06:45:44,249] {python.py:151} INFO - Done. Returned value was: None
[2021-07-20 06:45:44,545] {taskinstance.py:1204} INFO - Marking task as SUCCESS. dag_id=autobot, task_id=insert_data_to_db, execution_date=20210718T075425, start_date=20210720T064538, end_date=20210720T064544
[2021-07-20 06:45:45,255] {taskinstance.py:1265} INFO - 0 downstream tasks scheduled from follow-on schedule check
[2021-07-20 06:45:45,283] {local_task_job.py:151} INFO - Task exited with return code 0
