[2021-07-20 07:13:23,902] {taskinstance.py:896} INFO - Dependencies all met for <TaskInstance: autobot.insert_data_to_db 2021-07-18T07:54:25.449895+00:00 [queued]>
[2021-07-20 07:13:24,297] {taskinstance.py:896} INFO - Dependencies all met for <TaskInstance: autobot.insert_data_to_db 2021-07-18T07:54:25.449895+00:00 [queued]>
[2021-07-20 07:13:24,297] {taskinstance.py:1087} INFO - 
--------------------------------------------------------------------------------
[2021-07-20 07:13:24,297] {taskinstance.py:1088} INFO - Starting attempt 12 of 12
[2021-07-20 07:13:24,297] {taskinstance.py:1089} INFO - 
--------------------------------------------------------------------------------
[2021-07-20 07:13:24,432] {taskinstance.py:1107} INFO - Executing <Task(PythonOperator): insert_data_to_db> on 2021-07-18T07:54:25.449895+00:00
[2021-07-20 07:13:24,435] {standard_task_runner.py:52} INFO - Started process 31541 to run task
[2021-07-20 07:13:24,438] {standard_task_runner.py:76} INFO - Running: ['airflow', 'tasks', 'run', 'autobot', 'insert_data_to_db', '2021-07-18T07:54:25.449895+00:00', '--job-id', '145', '--pool', 'default_pool', '--raw', '--subdir', 'DAGS_FOLDER/AutoBot.py', '--cfg-path', '/tmp/tmp1zozzak3', '--error-file', '/tmp/tmpicw8a716']
[2021-07-20 07:13:24,439] {standard_task_runner.py:77} INFO - Job 145: Subtask insert_data_to_db
[2021-07-20 07:13:25,672] {logging_mixin.py:104} INFO - Running <TaskInstance: autobot.insert_data_to_db 2021-07-18T07:54:25.449895+00:00 [running]> on host apache-airflow.us-central1-a.c.eminent-it-info.internal
[2021-07-20 07:13:27,212] {taskinstance.py:1300} INFO - Exporting the following env vars:
AIRFLOW_CTX_DAG_OWNER=airflow
AIRFLOW_CTX_DAG_ID=autobot
AIRFLOW_CTX_TASK_ID=insert_data_to_db
AIRFLOW_CTX_EXECUTION_DATE=2021-07-18T07:54:25.449895+00:00
AIRFLOW_CTX_DAG_RUN_ID=manual__2021-07-18T07:54:25.449895+00:00
[2021-07-20 07:13:28,803] {python.py:151} INFO - Done. Returned value was: None
[2021-07-20 07:13:29,100] {taskinstance.py:1204} INFO - Marking task as SUCCESS. dag_id=autobot, task_id=insert_data_to_db, execution_date=20210718T075425, start_date=20210720T071323, end_date=20210720T071329
[2021-07-20 07:13:29,852] {taskinstance.py:1265} INFO - 1 downstream tasks scheduled from follow-on schedule check
[2021-07-20 07:13:30,359] {local_task_job.py:151} INFO - Task exited with return code 0
