[2021-07-19 09:23:49,384] {taskinstance.py:896} INFO - Dependencies all met for <TaskInstance: autobot.insert_data_to_db 2021-07-18T07:54:25.449895+00:00 [queued]>
[2021-07-19 09:23:49,553] {taskinstance.py:896} INFO - Dependencies all met for <TaskInstance: autobot.insert_data_to_db 2021-07-18T07:54:25.449895+00:00 [queued]>
[2021-07-19 09:23:49,553] {taskinstance.py:1087} INFO - 
--------------------------------------------------------------------------------
[2021-07-19 09:23:49,553] {taskinstance.py:1088} INFO - Starting attempt 8 of 8
[2021-07-19 09:23:49,553] {taskinstance.py:1089} INFO - 
--------------------------------------------------------------------------------
[2021-07-19 09:23:49,921] {taskinstance.py:1107} INFO - Executing <Task(PythonOperator): insert_data_to_db> on 2021-07-18T07:54:25.449895+00:00
[2021-07-19 09:23:49,924] {standard_task_runner.py:52} INFO - Started process 3627 to run task
[2021-07-19 09:23:49,927] {standard_task_runner.py:76} INFO - Running: ['airflow', 'tasks', 'run', 'autobot', 'insert_data_to_db', '2021-07-18T07:54:25.449895+00:00', '--job-id', '121', '--pool', 'default_pool', '--raw', '--subdir', 'DAGS_FOLDER/AutoBot.py', '--cfg-path', '/tmp/tmpovel9pok', '--error-file', '/tmp/tmphx7g20qu']
[2021-07-19 09:23:49,928] {standard_task_runner.py:77} INFO - Job 121: Subtask insert_data_to_db
[2021-07-19 09:23:51,143] {logging_mixin.py:104} INFO - Running <TaskInstance: autobot.insert_data_to_db 2021-07-18T07:54:25.449895+00:00 [running]> on host apache-airflow.us-central1-a.c.eminent-it-info.internal
[2021-07-19 09:23:52,694] {taskinstance.py:1300} INFO - Exporting the following env vars:
AIRFLOW_CTX_DAG_OWNER=airflow
AIRFLOW_CTX_DAG_ID=autobot
AIRFLOW_CTX_TASK_ID=insert_data_to_db
AIRFLOW_CTX_EXECUTION_DATE=2021-07-18T07:54:25.449895+00:00
AIRFLOW_CTX_DAG_RUN_ID=manual__2021-07-18T07:54:25.449895+00:00
[2021-07-19 09:23:54,252] {python.py:151} INFO - Done. Returned value was: None
[2021-07-19 09:23:54,542] {taskinstance.py:1204} INFO - Marking task as SUCCESS. dag_id=autobot, task_id=insert_data_to_db, execution_date=20210718T075425, start_date=20210719T092349, end_date=20210719T092354
[2021-07-19 09:23:55,255] {taskinstance.py:1265} INFO - 1 downstream tasks scheduled from follow-on schedule check
[2021-07-19 09:23:55,822] {local_task_job.py:151} INFO - Task exited with return code 0
