[2021-07-17 03:36:24,239] {taskinstance.py:896} INFO - Dependencies all met for <TaskInstance: parallel_dag.processing_tasks.task_3 2021-07-17T03:36:10.596008+00:00 [queued]>
[2021-07-17 03:36:24,635] {taskinstance.py:896} INFO - Dependencies all met for <TaskInstance: parallel_dag.processing_tasks.task_3 2021-07-17T03:36:10.596008+00:00 [queued]>
[2021-07-17 03:36:24,635] {taskinstance.py:1087} INFO - 
--------------------------------------------------------------------------------
[2021-07-17 03:36:24,635] {taskinstance.py:1088} INFO - Starting attempt 1 of 1
[2021-07-17 03:36:24,635] {taskinstance.py:1089} INFO - 
--------------------------------------------------------------------------------
[2021-07-17 03:36:24,768] {taskinstance.py:1107} INFO - Executing <Task(PythonOperator): processing_tasks.task_3> on 2021-07-17T03:36:10.596008+00:00
[2021-07-17 03:36:24,770] {standard_task_runner.py:52} INFO - Started process 2019 to run task
[2021-07-17 03:36:24,773] {standard_task_runner.py:76} INFO - Running: ['airflow', 'tasks', 'run', 'parallel_dag', 'processing_tasks.task_3', '2021-07-17T03:36:10.596008+00:00', '--job-id', '16', '--pool', 'default_pool', '--raw', '--subdir', 'DAGS_FOLDER/parallel_dag.py', '--cfg-path', '/tmp/tmpv_tl5p89', '--error-file', '/tmp/tmplpm84e1c']
[2021-07-17 03:36:24,774] {standard_task_runner.py:77} INFO - Job 16: Subtask processing_tasks.task_3
[2021-07-17 03:36:25,987] {logging_mixin.py:104} INFO - Running <TaskInstance: parallel_dag.processing_tasks.task_3 2021-07-17T03:36:10.596008+00:00 [running]> on host apache-airflow.us-central1-a.c.eminent-it-info.internal
[2021-07-17 03:36:27,541] {taskinstance.py:1300} INFO - Exporting the following env vars:
AIRFLOW_CTX_DAG_OWNER=airflow
AIRFLOW_CTX_DAG_ID=parallel_dag
AIRFLOW_CTX_TASK_ID=processing_tasks.task_3
AIRFLOW_CTX_EXECUTION_DATE=2021-07-17T03:36:10.596008+00:00
AIRFLOW_CTX_DAG_RUN_ID=manual__2021-07-17T03:36:10.596008+00:00
[2021-07-17 03:36:27,541] {logging_mixin.py:104} INFO - This is task 3 function
[2021-07-17 03:36:27,542] {taskinstance.py:1501} ERROR - Task failed with exception
Traceback (most recent call last):
  File "/home/karuturihemanth/airflow_env/lib/python3.9/site-packages/airflow/models/taskinstance.py", line 1157, in _run_raw_task
    self._prepare_and_execute_task_with_callbacks(context, task)
  File "/home/karuturihemanth/airflow_env/lib/python3.9/site-packages/airflow/models/taskinstance.py", line 1331, in _prepare_and_execute_task_with_callbacks
    result = self._execute_task(context, task_copy)
  File "/home/karuturihemanth/airflow_env/lib/python3.9/site-packages/airflow/models/taskinstance.py", line 1361, in _execute_task
    result = task_copy.execute(context=context)
  File "/home/karuturihemanth/airflow_env/lib/python3.9/site-packages/airflow/operators/python.py", line 150, in execute
    return_value = self.execute_callable()
  File "/home/karuturihemanth/airflow_env/lib/python3.9/site-packages/airflow/operators/python.py", line 161, in execute_callable
    return self.python_callable(*self.op_args, **self.op_kwargs)
  File "/home/karuturihemanth/airflow/dags/parallel_dag.py", line 14, in _task3_fun
    y = ti.xcom_pull('task2_return', task_ids=['processing_tasks.task_2'])
  File "/home/karuturihemanth/airflow_env/lib/python3.9/site-packages/airflow/utils/session.py", line 70, in wrapper
    return func(*args, session=session, **kwargs)
TypeError: xcom_pull() got multiple values for argument 'task_ids'
[2021-07-17 03:36:27,548] {taskinstance.py:1544} INFO - Marking task as FAILED. dag_id=parallel_dag, task_id=processing_tasks.task_3, execution_date=20210717T033610, start_date=20210717T033624, end_date=20210717T033627
[2021-07-17 03:36:27,963] {local_task_job.py:151} INFO - Task exited with return code 1
