[2021-07-15 09:19:15,383] {taskinstance.py:896} INFO - Dependencies all met for <TaskInstance: user_processing.extracting_user 2021-07-15T09:01:46.454512+00:00 [queued]>
[2021-07-15 09:19:15,389] {taskinstance.py:896} INFO - Dependencies all met for <TaskInstance: user_processing.extracting_user 2021-07-15T09:01:46.454512+00:00 [queued]>
[2021-07-15 09:19:15,389] {taskinstance.py:1087} INFO - 
--------------------------------------------------------------------------------
[2021-07-15 09:19:15,389] {taskinstance.py:1088} INFO - Starting attempt 1 of 1
[2021-07-15 09:19:15,389] {taskinstance.py:1089} INFO - 
--------------------------------------------------------------------------------
[2021-07-15 09:19:15,401] {taskinstance.py:1107} INFO - Executing <Task(SimpleHttpOperator): extracting_user> on 2021-07-15T09:01:46.454512+00:00
[2021-07-15 09:19:15,405] {standard_task_runner.py:52} INFO - Started process 4306 to run task
[2021-07-15 09:19:15,624] {standard_task_runner.py:76} INFO - Running: ['airflow', 'tasks', 'run', 'user_processing', 'extracting_user', '2021-07-15T09:01:46.454512+00:00', '--job-id', '42', '--pool', 'default_pool', '--raw', '--subdir', 'DAGS_FOLDER/user_processing.py', '--cfg-path', '/tmp/tmpmk3twg_1', '--error-file', '/tmp/tmp8ijs3_4b']
[2021-07-15 09:19:15,625] {standard_task_runner.py:77} INFO - Job 42: Subtask extracting_user
[2021-07-15 09:19:15,661] {logging_mixin.py:104} INFO - Running <TaskInstance: user_processing.extracting_user 2021-07-15T09:01:46.454512+00:00 [running]> on host apache-airflow.us-central1-a.c.eminent-it-info.internal
[2021-07-15 09:19:16,124] {taskinstance.py:1300} INFO - Exporting the following env vars:
AIRFLOW_CTX_DAG_OWNER=airflow
AIRFLOW_CTX_DAG_ID=user_processing
AIRFLOW_CTX_TASK_ID=extracting_user
AIRFLOW_CTX_EXECUTION_DATE=2021-07-15T09:01:46.454512+00:00
AIRFLOW_CTX_DAG_RUN_ID=manual__2021-07-15T09:01:46.454512+00:00
[2021-07-15 09:19:16,125] {http.py:111} INFO - Calling HTTP method
[2021-07-15 09:19:16,129] {base.py:69} INFO - Using connection to: id: user_api. Host: https://randomuser.me/, Port: None, Schema: , Login: , Password: None, extra: {}
[2021-07-15 09:19:16,131] {http.py:140} INFO - Sending 'GET' to url: https://randomuser.me/api/
[2021-07-15 09:19:16,437] {http.py:115} INFO - {"results":[{"gender":"male","name":{"title":"Mr","first":"Téo","last":"Renaud"},"location":{"street":{"number":4811,"name":"Rue Louis-Garrand"},"city":"Colombes","state":"Meurthe-et-Moselle","country":"France","postcode":97809,"coordinates":{"latitude":"-5.0005","longitude":"-173.2482"},"timezone":{"offset":"+5:30","description":"Bombay, Calcutta, Madras, New Delhi"}},"email":"teo.renaud@example.com","login":{"uuid":"fdb7e4af-c128-4154-9194-63e8f9723e2c","username":"organicfish484","password":"airborne","salt":"UfhFgvpe","md5":"255819cb1361eb4305bc6e15684bc5fb","sha1":"91f9c5d8f57b62ce68aff50a4a74e30c5643c919","sha256":"5d15e63805671439bc1efea6de821ebcb2bb04819e9eb7ac4b5cb1998d16fc17"},"dob":{"date":"1954-11-08T20:28:09.466Z","age":67},"registered":{"date":"2018-04-05T09:38:39.766Z","age":3},"phone":"05-54-12-91-72","cell":"06-21-46-65-89","id":{"name":"INSEE","value":"1NNaN35339347 03"},"picture":{"large":"https://randomuser.me/api/portraits/men/55.jpg","medium":"https://randomuser.me/api/portraits/med/men/55.jpg","thumbnail":"https://randomuser.me/api/portraits/thumb/men/55.jpg"},"nat":"FR"}],"info":{"seed":"f529dee490bbf6bf","results":1,"page":1,"version":"1.3"}}
[2021-07-15 09:19:16,454] {taskinstance.py:1204} INFO - Marking task as SUCCESS. dag_id=user_processing, task_id=extracting_user, execution_date=20210715T090146, start_date=20210715T091915, end_date=20210715T091916
[2021-07-15 09:19:16,629] {taskinstance.py:1265} INFO - 1 downstream tasks scheduled from follow-on schedule check
[2021-07-15 09:19:16,664] {local_task_job.py:151} INFO - Task exited with return code 0
