[2021-07-18 04:39:40,989] {taskinstance.py:896} INFO - Dependencies all met for <TaskInstance: parallel_dag.is_condition 2021-07-16T10:01:41.905293+00:00 [queued]>
[2021-07-18 04:39:41,466] {taskinstance.py:896} INFO - Dependencies all met for <TaskInstance: parallel_dag.is_condition 2021-07-16T10:01:41.905293+00:00 [queued]>
[2021-07-18 04:39:41,467] {taskinstance.py:1087} INFO - 
--------------------------------------------------------------------------------
[2021-07-18 04:39:41,467] {taskinstance.py:1088} INFO - Starting attempt 1 of 1
[2021-07-18 04:39:41,467] {taskinstance.py:1089} INFO - 
--------------------------------------------------------------------------------
[2021-07-18 04:39:41,596] {taskinstance.py:1107} INFO - Executing <Task(BranchPythonOperator): is_condition> on 2021-07-16T10:01:41.905293+00:00
[2021-07-18 04:39:41,599] {standard_task_runner.py:52} INFO - Started process 1223 to run task
[2021-07-18 04:39:41,605] {standard_task_runner.py:76} INFO - Running: ['airflow', 'tasks', 'run', 'parallel_dag', 'is_condition', '2021-07-16T10:01:41.905293+00:00', '--job-id', '29', '--pool', 'default_pool', '--raw', '--subdir', 'DAGS_FOLDER/parallel_dag.py', '--cfg-path', '/tmp/tmpp0yqjhfh', '--error-file', '/tmp/tmpc20g6kei']
[2021-07-18 04:39:41,606] {standard_task_runner.py:77} INFO - Job 29: Subtask is_condition
[2021-07-18 04:39:42,851] {logging_mixin.py:104} INFO - Running <TaskInstance: parallel_dag.is_condition 2021-07-16T10:01:41.905293+00:00 [running]> on host apache-airflow.us-central1-a.c.eminent-it-info.internal
[2021-07-18 04:39:44,449] {taskinstance.py:1300} INFO - Exporting the following env vars:
AIRFLOW_CTX_DAG_OWNER=airflow
AIRFLOW_CTX_DAG_ID=parallel_dag
AIRFLOW_CTX_TASK_ID=is_condition
AIRFLOW_CTX_EXECUTION_DATE=2021-07-16T10:01:41.905293+00:00
AIRFLOW_CTX_DAG_RUN_ID=manual__2021-07-16T10:01:41.905293+00:00
[2021-07-18 04:39:44,450] {python.py:151} INFO - Done. Returned value was: task_4
[2021-07-18 04:39:44,450] {skipmixin.py:124} INFO - Following branch task_4
[2021-07-18 04:39:44,751] {skipmixin.py:155} INFO - Skipping tasks []
[2021-07-18 04:39:46,494] {taskinstance.py:1204} INFO - Marking task as SUCCESS. dag_id=parallel_dag, task_id=is_condition, execution_date=20210716T100141, start_date=20210718T043940, end_date=20210718T043946
[2021-07-18 04:39:47,228] {taskinstance.py:1265} INFO - 1 downstream tasks scheduled from follow-on schedule check
[2021-07-18 04:39:47,492] {local_task_job.py:151} INFO - Task exited with return code 0
