[2021-07-16 03:23:03,744] {taskinstance.py:896} INFO - Dependencies all met for <TaskInstance: example_bash_operator.this_will_skip 2021-07-15T00:00:00+00:00 [queued]>
[2021-07-16 03:23:03,749] {taskinstance.py:896} INFO - Dependencies all met for <TaskInstance: example_bash_operator.this_will_skip 2021-07-15T00:00:00+00:00 [queued]>
[2021-07-16 03:23:03,749] {taskinstance.py:1087} INFO - 
--------------------------------------------------------------------------------
[2021-07-16 03:23:03,749] {taskinstance.py:1088} INFO - Starting attempt 1 of 1
[2021-07-16 03:23:03,749] {taskinstance.py:1089} INFO - 
--------------------------------------------------------------------------------
[2021-07-16 03:23:03,759] {taskinstance.py:1107} INFO - Executing <Task(BashOperator): this_will_skip> on 2021-07-15T00:00:00+00:00
[2021-07-16 03:23:03,762] {standard_task_runner.py:52} INFO - Started process 1059 to run task
[2021-07-16 03:23:03,768] {standard_task_runner.py:76} INFO - Running: ['airflow', 'tasks', 'run', 'example_bash_operator', 'this_will_skip', '2021-07-15T00:00:00+00:00', '--job-id', '57', '--pool', 'default_pool', '--raw', '--subdir', '/home/karuturihemanth/airflow_env/lib/python3.9/site-packages/airflow/example_dags/example_bash_operator.py', '--cfg-path', '/tmp/tmpq6xzjjzr', '--error-file', '/tmp/tmpkwuwhqgn']
[2021-07-16 03:23:03,769] {standard_task_runner.py:77} INFO - Job 57: Subtask this_will_skip
[2021-07-16 03:23:03,798] {logging_mixin.py:104} INFO - Running <TaskInstance: example_bash_operator.this_will_skip 2021-07-15T00:00:00+00:00 [running]> on host apache-airflow.us-central1-a.c.eminent-it-info.internal
[2021-07-16 03:23:03,831] {taskinstance.py:1300} INFO - Exporting the following env vars:
AIRFLOW_CTX_DAG_OWNER=airflow
AIRFLOW_CTX_DAG_ID=example_bash_operator
AIRFLOW_CTX_TASK_ID=this_will_skip
AIRFLOW_CTX_EXECUTION_DATE=2021-07-15T00:00:00+00:00
AIRFLOW_CTX_DAG_RUN_ID=scheduled__2021-07-15T00:00:00+00:00
[2021-07-16 03:23:03,832] {subprocess.py:52} INFO - Tmp dir root location: 
 /tmp
[2021-07-16 03:23:03,833] {subprocess.py:63} INFO - Running command: ['bash', '-c', 'echo "hello world"; exit 99;']
[2021-07-16 03:23:03,838] {subprocess.py:75} INFO - Output:
[2021-07-16 03:23:03,840] {subprocess.py:79} INFO - hello world
[2021-07-16 03:23:03,840] {subprocess.py:83} INFO - Command exited with return code 99
[2021-07-16 03:23:03,841] {taskinstance.py:1167} INFO - Bash command returned exit code 99. Skipping.
[2021-07-16 03:23:03,846] {taskinstance.py:1170} INFO - Marking task as SKIPPED. dag_id=example_bash_operator, task_id=this_will_skip, execution_date=20210715T000000, start_date=20210716T032303, end_date=
[2021-07-16 03:23:03,847] {taskinstance.py:1204} INFO - Marking task as SUCCESS. dag_id=example_bash_operator, task_id=this_will_skip, execution_date=20210715T000000, start_date=20210716T032303, end_date=20210716T032303
[2021-07-16 03:23:03,872] {taskinstance.py:1265} INFO - 0 downstream tasks scheduled from follow-on schedule check
[2021-07-16 03:23:03,902] {local_task_job.py:151} INFO - Task exited with return code 0
