[2021-07-18 08:18:50,019] {taskinstance.py:896} INFO - Dependencies all met for <TaskInstance: autobot.insert_data_to_dbb 2021-07-18T07:54:25.449895+00:00 [queued]>
[2021-07-18 08:18:50,179] {taskinstance.py:896} INFO - Dependencies all met for <TaskInstance: autobot.insert_data_to_dbb 2021-07-18T07:54:25.449895+00:00 [queued]>
[2021-07-18 08:18:50,179] {taskinstance.py:1087} INFO - 
--------------------------------------------------------------------------------
[2021-07-18 08:18:50,179] {taskinstance.py:1088} INFO - Starting attempt 2 of 2
[2021-07-18 08:18:50,180] {taskinstance.py:1089} INFO - 
--------------------------------------------------------------------------------
[2021-07-18 08:18:50,531] {taskinstance.py:1107} INFO - Executing <Task(PythonOperator): insert_data_to_dbb> on 2021-07-18T07:54:25.449895+00:00
[2021-07-18 08:18:50,535] {standard_task_runner.py:52} INFO - Started process 8049 to run task
[2021-07-18 08:18:50,541] {standard_task_runner.py:76} INFO - Running: ['airflow', 'tasks', 'run', 'autobot', 'insert_data_to_dbb', '2021-07-18T07:54:25.449895+00:00', '--job-id', '70', '--pool', 'default_pool', '--raw', '--subdir', 'DAGS_FOLDER/AutoBot.py', '--cfg-path', '/tmp/tmpfxfeywed', '--error-file', '/tmp/tmpfpqe_a1e']
[2021-07-18 08:18:50,542] {standard_task_runner.py:77} INFO - Job 70: Subtask insert_data_to_dbb
[2021-07-18 08:18:51,753] {logging_mixin.py:104} INFO - Running <TaskInstance: autobot.insert_data_to_dbb 2021-07-18T07:54:25.449895+00:00 [running]> on host apache-airflow.us-central1-a.c.eminent-it-info.internal
[2021-07-18 08:18:53,292] {taskinstance.py:1300} INFO - Exporting the following env vars:
AIRFLOW_CTX_DAG_OWNER=airflow
AIRFLOW_CTX_DAG_ID=autobot
AIRFLOW_CTX_TASK_ID=insert_data_to_dbb
AIRFLOW_CTX_EXECUTION_DATE=2021-07-18T07:54:25.449895+00:00
AIRFLOW_CTX_DAG_RUN_ID=manual__2021-07-18T07:54:25.449895+00:00
[2021-07-18 08:18:53,307] {taskinstance.py:1501} ERROR - Task failed with exception
Traceback (most recent call last):
  File "/home/karuturihemanth/airflow_env/lib/python3.9/site-packages/airflow/models/taskinstance.py", line 1157, in _run_raw_task
    self._prepare_and_execute_task_with_callbacks(context, task)
  File "/home/karuturihemanth/airflow_env/lib/python3.9/site-packages/airflow/models/taskinstance.py", line 1331, in _prepare_and_execute_task_with_callbacks
    result = self._execute_task(context, task_copy)
  File "/home/karuturihemanth/airflow_env/lib/python3.9/site-packages/airflow/models/taskinstance.py", line 1361, in _execute_task
    result = task_copy.execute(context=context)
  File "/home/karuturihemanth/airflow_env/lib/python3.9/site-packages/airflow/operators/python.py", line 150, in execute
    return_value = self.execute_callable()
  File "/home/karuturihemanth/airflow_env/lib/python3.9/site-packages/airflow/operators/python.py", line 161, in execute_callable
    return self.python_callable(*self.op_args, **self.op_kwargs)
  File "/home/karuturihemanth/airflow/dags/modes/report_automator.py", line 95, in insert_data_to_sql
    df.to_sql(table_name, con=engine, index=False, if_exists=exists)
NameError: name 'table_name' is not defined
[2021-07-18 08:18:53,308] {taskinstance.py:1544} INFO - Marking task as FAILED. dag_id=autobot, task_id=insert_data_to_dbb, execution_date=20210718T075425, start_date=20210718T081850, end_date=20210718T081853
[2021-07-18 08:18:53,726] {local_task_job.py:151} INFO - Task exited with return code 1
