[2021-07-19 08:38:28,910] {taskinstance.py:896} INFO - Dependencies all met for <TaskInstance: autobot.insert_data_to_dbb 2021-07-18T07:54:25.449895+00:00 [queued]>
[2021-07-19 08:38:29,068] {taskinstance.py:896} INFO - Dependencies all met for <TaskInstance: autobot.insert_data_to_dbb 2021-07-18T07:54:25.449895+00:00 [queued]>
[2021-07-19 08:38:29,069] {taskinstance.py:1087} INFO - 
--------------------------------------------------------------------------------
[2021-07-19 08:38:29,069] {taskinstance.py:1088} INFO - Starting attempt 6 of 6
[2021-07-19 08:38:29,069] {taskinstance.py:1089} INFO - 
--------------------------------------------------------------------------------
[2021-07-19 08:38:29,421] {taskinstance.py:1107} INFO - Executing <Task(PythonOperator): insert_data_to_dbb> on 2021-07-18T07:54:25.449895+00:00
[2021-07-19 08:38:29,424] {standard_task_runner.py:52} INFO - Started process 1533 to run task
[2021-07-19 08:38:29,427] {standard_task_runner.py:76} INFO - Running: ['airflow', 'tasks', 'run', 'autobot', 'insert_data_to_dbb', '2021-07-18T07:54:25.449895+00:00', '--job-id', '82', '--pool', 'default_pool', '--raw', '--subdir', 'DAGS_FOLDER/AutoBot.py', '--cfg-path', '/tmp/tmp0a4oszr3', '--error-file', '/tmp/tmpl05ijcb5']
[2021-07-19 08:38:29,427] {standard_task_runner.py:77} INFO - Job 82: Subtask insert_data_to_dbb
[2021-07-19 08:38:30,611] {logging_mixin.py:104} INFO - Running <TaskInstance: autobot.insert_data_to_dbb 2021-07-18T07:54:25.449895+00:00 [running]> on host apache-airflow.us-central1-a.c.eminent-it-info.internal
[2021-07-19 08:38:32,149] {taskinstance.py:1300} INFO - Exporting the following env vars:
AIRFLOW_CTX_DAG_OWNER=airflow
AIRFLOW_CTX_DAG_ID=autobot
AIRFLOW_CTX_TASK_ID=insert_data_to_dbb
AIRFLOW_CTX_EXECUTION_DATE=2021-07-18T07:54:25.449895+00:00
AIRFLOW_CTX_DAG_RUN_ID=manual__2021-07-18T07:54:25.449895+00:00
[2021-07-19 08:38:33,763] {python.py:151} INFO - Done. Returned value was: None
[2021-07-19 08:38:34,061] {taskinstance.py:1204} INFO - Marking task as SUCCESS. dag_id=autobot, task_id=insert_data_to_dbb, execution_date=20210718T075425, start_date=20210719T083828, end_date=20210719T083834
[2021-07-19 08:38:34,805] {taskinstance.py:1265} INFO - 1 downstream tasks scheduled from follow-on schedule check
[2021-07-19 08:38:35,365] {local_task_job.py:151} INFO - Task exited with return code 0
