[2021-07-16 03:23:02,502] {taskinstance.py:896} INFO - Dependencies all met for <TaskInstance: example_bash_operator.also_run_this 2021-07-15T00:00:00+00:00 [queued]>
[2021-07-16 03:23:02,507] {taskinstance.py:896} INFO - Dependencies all met for <TaskInstance: example_bash_operator.also_run_this 2021-07-15T00:00:00+00:00 [queued]>
[2021-07-16 03:23:02,508] {taskinstance.py:1087} INFO - 
--------------------------------------------------------------------------------
[2021-07-16 03:23:02,508] {taskinstance.py:1088} INFO - Starting attempt 1 of 1
[2021-07-16 03:23:02,508] {taskinstance.py:1089} INFO - 
--------------------------------------------------------------------------------
[2021-07-16 03:23:02,518] {taskinstance.py:1107} INFO - Executing <Task(BashOperator): also_run_this> on 2021-07-15T00:00:00+00:00
[2021-07-16 03:23:02,521] {standard_task_runner.py:52} INFO - Started process 1056 to run task
[2021-07-16 03:23:02,526] {standard_task_runner.py:76} INFO - Running: ['airflow', 'tasks', 'run', 'example_bash_operator', 'also_run_this', '2021-07-15T00:00:00+00:00', '--job-id', '56', '--pool', 'default_pool', '--raw', '--subdir', '/home/karuturihemanth/airflow_env/lib/python3.9/site-packages/airflow/example_dags/example_bash_operator.py', '--cfg-path', '/tmp/tmp7mym1163', '--error-file', '/tmp/tmprnpjjlnl']
[2021-07-16 03:23:02,527] {standard_task_runner.py:77} INFO - Job 56: Subtask also_run_this
[2021-07-16 03:23:02,559] {logging_mixin.py:104} INFO - Running <TaskInstance: example_bash_operator.also_run_this 2021-07-15T00:00:00+00:00 [running]> on host apache-airflow.us-central1-a.c.eminent-it-info.internal
[2021-07-16 03:23:02,594] {taskinstance.py:1300} INFO - Exporting the following env vars:
AIRFLOW_CTX_DAG_OWNER=airflow
AIRFLOW_CTX_DAG_ID=example_bash_operator
AIRFLOW_CTX_TASK_ID=also_run_this
AIRFLOW_CTX_EXECUTION_DATE=2021-07-15T00:00:00+00:00
AIRFLOW_CTX_DAG_RUN_ID=scheduled__2021-07-15T00:00:00+00:00
[2021-07-16 03:23:02,594] {subprocess.py:52} INFO - Tmp dir root location: 
 /tmp
[2021-07-16 03:23:02,595] {subprocess.py:63} INFO - Running command: ['bash', '-c', 'echo "run_id=scheduled__2021-07-15T00:00:00+00:00 | dag_run=<DagRun example_bash_operator @ 2021-07-15 00:00:00+00:00: scheduled__2021-07-15T00:00:00+00:00, externally triggered: False>"']
[2021-07-16 03:23:02,600] {subprocess.py:75} INFO - Output:
[2021-07-16 03:23:02,601] {subprocess.py:79} INFO - run_id=scheduled__2021-07-15T00:00:00+00:00 | dag_run=<DagRun example_bash_operator @ 2021-07-15 00:00:00+00:00: scheduled__2021-07-15T00:00:00+00:00, externally triggered: False>
[2021-07-16 03:23:02,602] {subprocess.py:83} INFO - Command exited with return code 0
[2021-07-16 03:23:02,618] {taskinstance.py:1204} INFO - Marking task as SUCCESS. dag_id=example_bash_operator, task_id=also_run_this, execution_date=20210715T000000, start_date=20210716T032302, end_date=20210716T032302
[2021-07-16 03:23:02,636] {taskinstance.py:1265} INFO - 0 downstream tasks scheduled from follow-on schedule check
[2021-07-16 03:23:02,657] {local_task_job.py:151} INFO - Task exited with return code 0
