[2021-07-21 00:00:29,463] {taskinstance.py:896} INFO - Dependencies all met for <TaskInstance: autobot.qc_check 2021-07-20T00:00:00+00:00 [queued]>
[2021-07-21 00:00:29,844] {taskinstance.py:896} INFO - Dependencies all met for <TaskInstance: autobot.qc_check 2021-07-20T00:00:00+00:00 [queued]>
[2021-07-21 00:00:29,844] {taskinstance.py:1087} INFO - 
--------------------------------------------------------------------------------
[2021-07-21 00:00:29,844] {taskinstance.py:1088} INFO - Starting attempt 1 of 1
[2021-07-21 00:00:29,844] {taskinstance.py:1089} INFO - 
--------------------------------------------------------------------------------
[2021-07-21 00:00:29,974] {taskinstance.py:1107} INFO - Executing <Task(BranchPythonOperator): qc_check> on 2021-07-20T00:00:00+00:00
[2021-07-21 00:00:29,977] {standard_task_runner.py:52} INFO - Started process 22970 to run task
[2021-07-21 00:00:29,987] {standard_task_runner.py:76} INFO - Running: ['airflow', 'tasks', 'run', 'autobot', 'qc_check', '2021-07-20T00:00:00+00:00', '--job-id', '157', '--pool', 'default_pool', '--raw', '--subdir', 'DAGS_FOLDER/AutoBot.py', '--cfg-path', '/tmp/tmpmjlwxcps', '--error-file', '/tmp/tmpb7y4uqyz']
[2021-07-21 00:00:29,988] {standard_task_runner.py:77} INFO - Job 157: Subtask qc_check
[2021-07-21 00:00:31,198] {logging_mixin.py:104} INFO - Running <TaskInstance: autobot.qc_check 2021-07-20T00:00:00+00:00 [running]> on host apache-airflow.us-central1-a.c.eminent-it-info.internal
[2021-07-21 00:00:32,744] {taskinstance.py:1300} INFO - Exporting the following env vars:
AIRFLOW_CTX_DAG_OWNER=airflow
AIRFLOW_CTX_DAG_ID=autobot
AIRFLOW_CTX_TASK_ID=qc_check
AIRFLOW_CTX_EXECUTION_DATE=2021-07-20T00:00:00+00:00
AIRFLOW_CTX_DAG_RUN_ID=scheduled__2021-07-20T00:00:00+00:00
[2021-07-21 00:00:32,751] {python.py:151} INFO - Done. Returned value was: upload_to_haft
[2021-07-21 00:00:32,751] {skipmixin.py:124} INFO - Following branch upload_to_haft
[2021-07-21 00:00:33,047] {skipmixin.py:155} INFO - Skipping tasks ['send_qc_failed_alert']
[2021-07-21 00:00:34,790] {taskinstance.py:1204} INFO - Marking task as SUCCESS. dag_id=autobot, task_id=qc_check, execution_date=20210720T000000, start_date=20210721T000029, end_date=20210721T000034
[2021-07-21 00:00:35,558] {taskinstance.py:1265} INFO - 1 downstream tasks scheduled from follow-on schedule check
[2021-07-21 00:00:35,884] {local_task_job.py:151} INFO - Task exited with return code 0
