[2021-07-19 08:53:16,631] {taskinstance.py:896} INFO - Dependencies all met for <TaskInstance: autobot.task_6 2021-07-18T07:54:25.449895+00:00 [queued]>
[2021-07-19 08:53:16,795] {taskinstance.py:896} INFO - Dependencies all met for <TaskInstance: autobot.task_6 2021-07-18T07:54:25.449895+00:00 [queued]>
[2021-07-19 08:53:16,795] {taskinstance.py:1087} INFO - 
--------------------------------------------------------------------------------
[2021-07-19 08:53:16,796] {taskinstance.py:1088} INFO - Starting attempt 4 of 4
[2021-07-19 08:53:16,796] {taskinstance.py:1089} INFO - 
--------------------------------------------------------------------------------
[2021-07-19 08:53:17,146] {taskinstance.py:1107} INFO - Executing <Task(BashOperator): task_6> on 2021-07-18T07:54:25.449895+00:00
[2021-07-19 08:53:17,149] {standard_task_runner.py:52} INFO - Started process 2126 to run task
[2021-07-19 08:53:17,152] {standard_task_runner.py:76} INFO - Running: ['airflow', 'tasks', 'run', 'autobot', 'task_6', '2021-07-18T07:54:25.449895+00:00', '--job-id', '99', '--pool', 'default_pool', '--raw', '--subdir', 'DAGS_FOLDER/AutoBot.py', '--cfg-path', '/tmp/tmpjr0qhcvc', '--error-file', '/tmp/tmpyvlc7__3']
[2021-07-19 08:53:17,152] {standard_task_runner.py:77} INFO - Job 99: Subtask task_6
[2021-07-19 08:53:18,356] {logging_mixin.py:104} INFO - Running <TaskInstance: autobot.task_6 2021-07-18T07:54:25.449895+00:00 [running]> on host apache-airflow.us-central1-a.c.eminent-it-info.internal
[2021-07-19 08:53:19,876] {taskinstance.py:1300} INFO - Exporting the following env vars:
AIRFLOW_CTX_DAG_OWNER=airflow
AIRFLOW_CTX_DAG_ID=autobot
AIRFLOW_CTX_TASK_ID=task_6
AIRFLOW_CTX_EXECUTION_DATE=2021-07-18T07:54:25.449895+00:00
AIRFLOW_CTX_DAG_RUN_ID=manual__2021-07-18T07:54:25.449895+00:00
[2021-07-19 08:53:19,877] {subprocess.py:52} INFO - Tmp dir root location: 
 /tmp
[2021-07-19 08:53:19,877] {subprocess.py:63} INFO - Running command: ['bash', '-c', 'sleep 3']
[2021-07-19 08:53:19,883] {subprocess.py:75} INFO - Output:
[2021-07-19 08:53:22,885] {subprocess.py:83} INFO - Command exited with return code 0
[2021-07-19 08:53:23,757] {taskinstance.py:1204} INFO - Marking task as SUCCESS. dag_id=autobot, task_id=task_6, execution_date=20210718T075425, start_date=20210719T085316, end_date=20210719T085323
[2021-07-19 08:53:24,437] {taskinstance.py:1265} INFO - 0 downstream tasks scheduled from follow-on schedule check
[2021-07-19 08:53:24,455] {local_task_job.py:151} INFO - Task exited with return code 0
