[2021-07-19 09:24:28,141] {taskinstance.py:896} INFO - Dependencies all met for <TaskInstance: autobot.task_6 2021-07-18T07:54:25.449895+00:00 [queued]>
[2021-07-19 09:24:28,308] {taskinstance.py:896} INFO - Dependencies all met for <TaskInstance: autobot.task_6 2021-07-18T07:54:25.449895+00:00 [queued]>
[2021-07-19 09:24:28,309] {taskinstance.py:1087} INFO - 
--------------------------------------------------------------------------------
[2021-07-19 09:24:28,309] {taskinstance.py:1088} INFO - Starting attempt 5 of 5
[2021-07-19 09:24:28,309] {taskinstance.py:1089} INFO - 
--------------------------------------------------------------------------------
[2021-07-19 09:24:28,674] {taskinstance.py:1107} INFO - Executing <Task(BashOperator): task_6> on 2021-07-18T07:54:25.449895+00:00
[2021-07-19 09:24:28,677] {standard_task_runner.py:52} INFO - Started process 3675 to run task
[2021-07-19 09:24:28,680] {standard_task_runner.py:76} INFO - Running: ['airflow', 'tasks', 'run', 'autobot', 'task_6', '2021-07-18T07:54:25.449895+00:00', '--job-id', '126', '--pool', 'default_pool', '--raw', '--subdir', 'DAGS_FOLDER/AutoBot.py', '--cfg-path', '/tmp/tmppz414y3k', '--error-file', '/tmp/tmp02il8e82']
[2021-07-19 09:24:28,680] {standard_task_runner.py:77} INFO - Job 126: Subtask task_6
[2021-07-19 09:24:29,883] {logging_mixin.py:104} INFO - Running <TaskInstance: autobot.task_6 2021-07-18T07:54:25.449895+00:00 [running]> on host apache-airflow.us-central1-a.c.eminent-it-info.internal
[2021-07-19 09:24:31,398] {taskinstance.py:1300} INFO - Exporting the following env vars:
AIRFLOW_CTX_DAG_OWNER=airflow
AIRFLOW_CTX_DAG_ID=autobot
AIRFLOW_CTX_TASK_ID=task_6
AIRFLOW_CTX_EXECUTION_DATE=2021-07-18T07:54:25.449895+00:00
AIRFLOW_CTX_DAG_RUN_ID=manual__2021-07-18T07:54:25.449895+00:00
[2021-07-19 09:24:31,398] {subprocess.py:52} INFO - Tmp dir root location: 
 /tmp
[2021-07-19 09:24:31,399] {subprocess.py:63} INFO - Running command: ['bash', '-c', 'sleep 3']
[2021-07-19 09:24:31,404] {subprocess.py:75} INFO - Output:
[2021-07-19 09:24:34,406] {subprocess.py:83} INFO - Command exited with return code 0
[2021-07-19 09:24:35,287] {taskinstance.py:1204} INFO - Marking task as SUCCESS. dag_id=autobot, task_id=task_6, execution_date=20210718T075425, start_date=20210719T092428, end_date=20210719T092435
[2021-07-19 09:24:35,975] {taskinstance.py:1265} INFO - 0 downstream tasks scheduled from follow-on schedule check
[2021-07-19 09:24:36,013] {local_task_job.py:151} INFO - Task exited with return code 0
