[2021-07-15 08:39:39,577] {taskinstance.py:896} INFO - Dependencies all met for <TaskInstance: example_bash_operator.runme_0 2021-07-14T00:00:00+00:00 [queued]>
[2021-07-15 08:39:39,582] {taskinstance.py:896} INFO - Dependencies all met for <TaskInstance: example_bash_operator.runme_0 2021-07-14T00:00:00+00:00 [queued]>
[2021-07-15 08:39:39,582] {taskinstance.py:1087} INFO - 
--------------------------------------------------------------------------------
[2021-07-15 08:39:39,582] {taskinstance.py:1088} INFO - Starting attempt 1 of 1
[2021-07-15 08:39:39,582] {taskinstance.py:1089} INFO - 
--------------------------------------------------------------------------------
[2021-07-15 08:39:39,594] {taskinstance.py:1107} INFO - Executing <Task(BashOperator): runme_0> on 2021-07-14T00:00:00+00:00
[2021-07-15 08:39:39,597] {standard_task_runner.py:52} INFO - Started process 1628 to run task
[2021-07-15 08:39:39,602] {standard_task_runner.py:76} INFO - Running: ['airflow', 'tasks', 'run', 'example_bash_operator', 'runme_0', '2021-07-14T00:00:00+00:00', '--job-id', '15', '--pool', 'default_pool', '--raw', '--subdir', '/home/karuturihemanth/airflow_env/lib/python3.9/site-packages/airflow/example_dags/example_bash_operator.py', '--cfg-path', '/tmp/tmpm5co27kl', '--error-file', '/tmp/tmp2fift576']
[2021-07-15 08:39:39,603] {standard_task_runner.py:77} INFO - Job 15: Subtask runme_0
[2021-07-15 08:39:39,637] {logging_mixin.py:104} INFO - Running <TaskInstance: example_bash_operator.runme_0 2021-07-14T00:00:00+00:00 [running]> on host apache-airflow.us-central1-a.c.eminent-it-info.internal
[2021-07-15 08:39:39,673] {taskinstance.py:1300} INFO - Exporting the following env vars:
AIRFLOW_CTX_DAG_OWNER=airflow
AIRFLOW_CTX_DAG_ID=example_bash_operator
AIRFLOW_CTX_TASK_ID=runme_0
AIRFLOW_CTX_EXECUTION_DATE=2021-07-14T00:00:00+00:00
AIRFLOW_CTX_DAG_RUN_ID=scheduled__2021-07-14T00:00:00+00:00
[2021-07-15 08:39:39,674] {subprocess.py:52} INFO - Tmp dir root location: 
 /tmp
[2021-07-15 08:39:39,674] {subprocess.py:63} INFO - Running command: ['bash', '-c', 'echo "example_bash_operator__runme_0__20210714" && sleep 1']
[2021-07-15 08:39:39,679] {subprocess.py:75} INFO - Output:
[2021-07-15 08:39:39,681] {subprocess.py:79} INFO - example_bash_operator__runme_0__20210714
[2021-07-15 08:39:40,682] {subprocess.py:83} INFO - Command exited with return code 0
[2021-07-15 08:39:40,701] {taskinstance.py:1204} INFO - Marking task as SUCCESS. dag_id=example_bash_operator, task_id=runme_0, execution_date=20210714T000000, start_date=20210715T083939, end_date=20210715T083940
[2021-07-15 08:39:40,722] {taskinstance.py:1265} INFO - 0 downstream tasks scheduled from follow-on schedule check
[2021-07-15 08:39:40,738] {local_task_job.py:151} INFO - Task exited with return code 0
