[2021-07-15 09:18:41,886] {taskinstance.py:896} INFO - Dependencies all met for <TaskInstance: user_processing.is_api_available 2021-07-15T09:04:31.436257+00:00 [queued]>
[2021-07-15 09:18:41,891] {taskinstance.py:896} INFO - Dependencies all met for <TaskInstance: user_processing.is_api_available 2021-07-15T09:04:31.436257+00:00 [queued]>
[2021-07-15 09:18:41,892] {taskinstance.py:1087} INFO - 
--------------------------------------------------------------------------------
[2021-07-15 09:18:41,892] {taskinstance.py:1088} INFO - Starting attempt 1 of 1
[2021-07-15 09:18:41,892] {taskinstance.py:1089} INFO - 
--------------------------------------------------------------------------------
[2021-07-15 09:18:41,904] {taskinstance.py:1107} INFO - Executing <Task(HttpSensor): is_api_available> on 2021-07-15T09:04:31.436257+00:00
[2021-07-15 09:18:41,907] {standard_task_runner.py:52} INFO - Started process 4298 to run task
[2021-07-15 09:18:42,127] {standard_task_runner.py:76} INFO - Running: ['airflow', 'tasks', 'run', 'user_processing', 'is_api_available', '2021-07-15T09:04:31.436257+00:00', '--job-id', '40', '--pool', 'default_pool', '--raw', '--subdir', 'DAGS_FOLDER/user_processing.py', '--cfg-path', '/tmp/tmplecc1t2k', '--error-file', '/tmp/tmpouovf6be']
[2021-07-15 09:18:42,128] {standard_task_runner.py:77} INFO - Job 40: Subtask is_api_available
[2021-07-15 09:18:42,386] {logging_mixin.py:104} INFO - Running <TaskInstance: user_processing.is_api_available 2021-07-15T09:04:31.436257+00:00 [running]> on host apache-airflow.us-central1-a.c.eminent-it-info.internal
[2021-07-15 09:18:42,658] {taskinstance.py:1300} INFO - Exporting the following env vars:
AIRFLOW_CTX_DAG_OWNER=airflow
AIRFLOW_CTX_DAG_ID=user_processing
AIRFLOW_CTX_TASK_ID=is_api_available
AIRFLOW_CTX_EXECUTION_DATE=2021-07-15T09:04:31.436257+00:00
AIRFLOW_CTX_DAG_RUN_ID=manual__2021-07-15T09:04:31.436257+00:00
[2021-07-15 09:18:42,658] {http.py:101} INFO - Poking: api/
[2021-07-15 09:18:42,663] {base.py:69} INFO - Using connection to: id: user_api. Host: https://randomuser.me/, Port: None, Schema: , Login: , Password: None, extra: {}
[2021-07-15 09:18:42,664] {http.py:140} INFO - Sending 'GET' to url: https://randomuser.me/api/
[2021-07-15 09:18:42,979] {base.py:248} INFO - Success criteria met. Exiting.
[2021-07-15 09:18:42,983] {taskinstance.py:1204} INFO - Marking task as SUCCESS. dag_id=user_processing, task_id=is_api_available, execution_date=20210715T090431, start_date=20210715T091841, end_date=20210715T091842
[2021-07-15 09:18:43,142] {taskinstance.py:1265} INFO - 1 downstream tasks scheduled from follow-on schedule check
[2021-07-15 09:18:43,165] {local_task_job.py:151} INFO - Task exited with return code 0
