[2021-07-10 09:54:38,162] {scheduler_job.py:182} INFO - Started process (PID=6222) to work on /home/karuturihemanth/.local/lib/python3.9/site-packages/airflow/example_dags/example_branch_python_dop_operator_3.py
[2021-07-10 09:54:38,163] {scheduler_job.py:633} INFO - Processing file /home/karuturihemanth/.local/lib/python3.9/site-packages/airflow/example_dags/example_branch_python_dop_operator_3.py for tasks to queue
[2021-07-10 09:54:38,163] {logging_mixin.py:104} INFO - [2021-07-10 09:54:38,163] {dagbag.py:496} INFO - Filling up the DagBag from /home/karuturihemanth/.local/lib/python3.9/site-packages/airflow/example_dags/example_branch_python_dop_operator_3.py
[2021-07-10 09:54:38,171] {scheduler_job.py:643} INFO - DAG(s) dict_keys(['example_branch_dop_operator_v3']) retrieved from /home/karuturihemanth/.local/lib/python3.9/site-packages/airflow/example_dags/example_branch_python_dop_operator_3.py
[2021-07-10 09:54:38,393] {logging_mixin.py:104} INFO - [2021-07-10 09:54:38,393] {dag.py:1833} INFO - Sync 1 DAGs
[2021-07-10 09:54:38,407] {logging_mixin.py:104} INFO - [2021-07-10 09:54:38,407] {dag.py:2306} INFO - Setting next_dagrun for example_branch_dop_operator_v3 to 2021-07-08 00:00:00+00:00
[2021-07-10 09:54:38,422] {scheduler_job.py:190} INFO - Processing /home/karuturihemanth/.local/lib/python3.9/site-packages/airflow/example_dags/example_branch_python_dop_operator_3.py took 0.261 seconds
[2021-07-10 09:55:12,624] {scheduler_job.py:182} INFO - Started process (PID=6253) to work on /home/karuturihemanth/.local/lib/python3.9/site-packages/airflow/example_dags/example_branch_python_dop_operator_3.py
[2021-07-10 09:55:12,625] {scheduler_job.py:633} INFO - Processing file /home/karuturihemanth/.local/lib/python3.9/site-packages/airflow/example_dags/example_branch_python_dop_operator_3.py for tasks to queue
[2021-07-10 09:55:12,625] {logging_mixin.py:104} INFO - [2021-07-10 09:55:12,625] {dagbag.py:496} INFO - Filling up the DagBag from /home/karuturihemanth/.local/lib/python3.9/site-packages/airflow/example_dags/example_branch_python_dop_operator_3.py
[2021-07-10 09:55:12,633] {scheduler_job.py:643} INFO - DAG(s) dict_keys(['example_branch_dop_operator_v3']) retrieved from /home/karuturihemanth/.local/lib/python3.9/site-packages/airflow/example_dags/example_branch_python_dop_operator_3.py
[2021-07-10 09:55:12,642] {logging_mixin.py:104} INFO - [2021-07-10 09:55:12,642] {dag.py:1833} INFO - Sync 1 DAGs
[2021-07-10 09:55:12,658] {logging_mixin.py:104} INFO - [2021-07-10 09:55:12,658] {dag.py:2306} INFO - Setting next_dagrun for example_branch_dop_operator_v3 to 2021-07-08 00:00:00+00:00
[2021-07-10 09:55:12,671] {scheduler_job.py:190} INFO - Processing /home/karuturihemanth/.local/lib/python3.9/site-packages/airflow/example_dags/example_branch_python_dop_operator_3.py took 0.049 seconds
[2021-07-10 09:55:44,021] {scheduler_job.py:182} INFO - Started process (PID=6284) to work on /home/karuturihemanth/.local/lib/python3.9/site-packages/airflow/example_dags/example_branch_python_dop_operator_3.py
[2021-07-10 09:55:44,022] {scheduler_job.py:633} INFO - Processing file /home/karuturihemanth/.local/lib/python3.9/site-packages/airflow/example_dags/example_branch_python_dop_operator_3.py for tasks to queue
[2021-07-10 09:55:44,022] {logging_mixin.py:104} INFO - [2021-07-10 09:55:44,022] {dagbag.py:496} INFO - Filling up the DagBag from /home/karuturihemanth/.local/lib/python3.9/site-packages/airflow/example_dags/example_branch_python_dop_operator_3.py
[2021-07-10 09:55:44,030] {scheduler_job.py:643} INFO - DAG(s) dict_keys(['example_branch_dop_operator_v3']) retrieved from /home/karuturihemanth/.local/lib/python3.9/site-packages/airflow/example_dags/example_branch_python_dop_operator_3.py
[2021-07-10 09:55:44,039] {logging_mixin.py:104} INFO - [2021-07-10 09:55:44,039] {dag.py:1833} INFO - Sync 1 DAGs
[2021-07-10 09:55:44,055] {logging_mixin.py:104} INFO - [2021-07-10 09:55:44,055] {dag.py:2306} INFO - Setting next_dagrun for example_branch_dop_operator_v3 to 2021-07-08 00:00:00+00:00
[2021-07-10 09:55:44,067] {scheduler_job.py:190} INFO - Processing /home/karuturihemanth/.local/lib/python3.9/site-packages/airflow/example_dags/example_branch_python_dop_operator_3.py took 0.048 seconds
[2021-07-10 09:56:15,619] {scheduler_job.py:182} INFO - Started process (PID=6316) to work on /home/karuturihemanth/.local/lib/python3.9/site-packages/airflow/example_dags/example_branch_python_dop_operator_3.py
[2021-07-10 09:56:15,620] {scheduler_job.py:633} INFO - Processing file /home/karuturihemanth/.local/lib/python3.9/site-packages/airflow/example_dags/example_branch_python_dop_operator_3.py for tasks to queue
[2021-07-10 09:56:15,620] {logging_mixin.py:104} INFO - [2021-07-10 09:56:15,620] {dagbag.py:496} INFO - Filling up the DagBag from /home/karuturihemanth/.local/lib/python3.9/site-packages/airflow/example_dags/example_branch_python_dop_operator_3.py
[2021-07-10 09:56:15,629] {scheduler_job.py:643} INFO - DAG(s) dict_keys(['example_branch_dop_operator_v3']) retrieved from /home/karuturihemanth/.local/lib/python3.9/site-packages/airflow/example_dags/example_branch_python_dop_operator_3.py
[2021-07-10 09:56:15,638] {logging_mixin.py:104} INFO - [2021-07-10 09:56:15,638] {dag.py:1833} INFO - Sync 1 DAGs
[2021-07-10 09:56:15,654] {logging_mixin.py:104} INFO - [2021-07-10 09:56:15,654] {dag.py:2306} INFO - Setting next_dagrun for example_branch_dop_operator_v3 to 2021-07-08 00:00:00+00:00
[2021-07-10 09:56:15,665] {scheduler_job.py:190} INFO - Processing /home/karuturihemanth/.local/lib/python3.9/site-packages/airflow/example_dags/example_branch_python_dop_operator_3.py took 0.048 seconds
[2021-07-10 09:56:47,533] {scheduler_job.py:182} INFO - Started process (PID=6348) to work on /home/karuturihemanth/.local/lib/python3.9/site-packages/airflow/example_dags/example_branch_python_dop_operator_3.py
[2021-07-10 09:56:47,534] {scheduler_job.py:633} INFO - Processing file /home/karuturihemanth/.local/lib/python3.9/site-packages/airflow/example_dags/example_branch_python_dop_operator_3.py for tasks to queue
[2021-07-10 09:56:47,534] {logging_mixin.py:104} INFO - [2021-07-10 09:56:47,534] {dagbag.py:496} INFO - Filling up the DagBag from /home/karuturihemanth/.local/lib/python3.9/site-packages/airflow/example_dags/example_branch_python_dop_operator_3.py
[2021-07-10 09:56:47,543] {scheduler_job.py:643} INFO - DAG(s) dict_keys(['example_branch_dop_operator_v3']) retrieved from /home/karuturihemanth/.local/lib/python3.9/site-packages/airflow/example_dags/example_branch_python_dop_operator_3.py
[2021-07-10 09:56:47,551] {logging_mixin.py:104} INFO - [2021-07-10 09:56:47,551] {dag.py:1833} INFO - Sync 1 DAGs
[2021-07-10 09:56:47,567] {logging_mixin.py:104} INFO - [2021-07-10 09:56:47,566] {dag.py:2306} INFO - Setting next_dagrun for example_branch_dop_operator_v3 to 2021-07-08 00:00:00+00:00
[2021-07-10 09:56:47,580] {scheduler_job.py:190} INFO - Processing /home/karuturihemanth/.local/lib/python3.9/site-packages/airflow/example_dags/example_branch_python_dop_operator_3.py took 0.049 seconds
[2021-07-10 09:57:19,476] {scheduler_job.py:182} INFO - Started process (PID=6379) to work on /home/karuturihemanth/.local/lib/python3.9/site-packages/airflow/example_dags/example_branch_python_dop_operator_3.py
[2021-07-10 09:57:19,476] {scheduler_job.py:633} INFO - Processing file /home/karuturihemanth/.local/lib/python3.9/site-packages/airflow/example_dags/example_branch_python_dop_operator_3.py for tasks to queue
[2021-07-10 09:57:19,477] {logging_mixin.py:104} INFO - [2021-07-10 09:57:19,477] {dagbag.py:496} INFO - Filling up the DagBag from /home/karuturihemanth/.local/lib/python3.9/site-packages/airflow/example_dags/example_branch_python_dop_operator_3.py
[2021-07-10 09:57:19,485] {scheduler_job.py:643} INFO - DAG(s) dict_keys(['example_branch_dop_operator_v3']) retrieved from /home/karuturihemanth/.local/lib/python3.9/site-packages/airflow/example_dags/example_branch_python_dop_operator_3.py
[2021-07-10 09:57:19,495] {logging_mixin.py:104} INFO - [2021-07-10 09:57:19,494] {dag.py:1833} INFO - Sync 1 DAGs
[2021-07-10 09:57:19,510] {logging_mixin.py:104} INFO - [2021-07-10 09:57:19,510] {dag.py:2306} INFO - Setting next_dagrun for example_branch_dop_operator_v3 to 2021-07-08 00:00:00+00:00
[2021-07-10 09:57:19,524] {scheduler_job.py:190} INFO - Processing /home/karuturihemanth/.local/lib/python3.9/site-packages/airflow/example_dags/example_branch_python_dop_operator_3.py took 0.049 seconds
[2021-07-10 09:57:50,741] {scheduler_job.py:182} INFO - Started process (PID=6410) to work on /home/karuturihemanth/.local/lib/python3.9/site-packages/airflow/example_dags/example_branch_python_dop_operator_3.py
[2021-07-10 09:57:50,742] {scheduler_job.py:633} INFO - Processing file /home/karuturihemanth/.local/lib/python3.9/site-packages/airflow/example_dags/example_branch_python_dop_operator_3.py for tasks to queue
[2021-07-10 09:57:50,742] {logging_mixin.py:104} INFO - [2021-07-10 09:57:50,742] {dagbag.py:496} INFO - Filling up the DagBag from /home/karuturihemanth/.local/lib/python3.9/site-packages/airflow/example_dags/example_branch_python_dop_operator_3.py
[2021-07-10 09:57:50,750] {scheduler_job.py:643} INFO - DAG(s) dict_keys(['example_branch_dop_operator_v3']) retrieved from /home/karuturihemanth/.local/lib/python3.9/site-packages/airflow/example_dags/example_branch_python_dop_operator_3.py
[2021-07-10 09:57:50,759] {logging_mixin.py:104} INFO - [2021-07-10 09:57:50,759] {dag.py:1833} INFO - Sync 1 DAGs
[2021-07-10 09:57:50,775] {logging_mixin.py:104} INFO - [2021-07-10 09:57:50,775] {dag.py:2306} INFO - Setting next_dagrun for example_branch_dop_operator_v3 to 2021-07-08 00:00:00+00:00
[2021-07-10 09:57:50,786] {scheduler_job.py:190} INFO - Processing /home/karuturihemanth/.local/lib/python3.9/site-packages/airflow/example_dags/example_branch_python_dop_operator_3.py took 0.046 seconds
[2021-07-10 09:58:21,997] {scheduler_job.py:182} INFO - Started process (PID=6441) to work on /home/karuturihemanth/.local/lib/python3.9/site-packages/airflow/example_dags/example_branch_python_dop_operator_3.py
[2021-07-10 09:58:21,998] {scheduler_job.py:633} INFO - Processing file /home/karuturihemanth/.local/lib/python3.9/site-packages/airflow/example_dags/example_branch_python_dop_operator_3.py for tasks to queue
[2021-07-10 09:58:21,998] {logging_mixin.py:104} INFO - [2021-07-10 09:58:21,998] {dagbag.py:496} INFO - Filling up the DagBag from /home/karuturihemanth/.local/lib/python3.9/site-packages/airflow/example_dags/example_branch_python_dop_operator_3.py
[2021-07-10 09:58:22,007] {scheduler_job.py:643} INFO - DAG(s) dict_keys(['example_branch_dop_operator_v3']) retrieved from /home/karuturihemanth/.local/lib/python3.9/site-packages/airflow/example_dags/example_branch_python_dop_operator_3.py
[2021-07-10 09:58:22,016] {logging_mixin.py:104} INFO - [2021-07-10 09:58:22,016] {dag.py:1833} INFO - Sync 1 DAGs
[2021-07-10 09:58:22,031] {logging_mixin.py:104} INFO - [2021-07-10 09:58:22,031] {dag.py:2306} INFO - Setting next_dagrun for example_branch_dop_operator_v3 to 2021-07-08 00:00:00+00:00
[2021-07-10 09:58:22,043] {scheduler_job.py:190} INFO - Processing /home/karuturihemanth/.local/lib/python3.9/site-packages/airflow/example_dags/example_branch_python_dop_operator_3.py took 0.048 seconds
[2021-07-10 09:58:54,181] {scheduler_job.py:182} INFO - Started process (PID=6472) to work on /home/karuturihemanth/.local/lib/python3.9/site-packages/airflow/example_dags/example_branch_python_dop_operator_3.py
[2021-07-10 09:58:54,182] {scheduler_job.py:633} INFO - Processing file /home/karuturihemanth/.local/lib/python3.9/site-packages/airflow/example_dags/example_branch_python_dop_operator_3.py for tasks to queue
[2021-07-10 09:58:54,182] {logging_mixin.py:104} INFO - [2021-07-10 09:58:54,182] {dagbag.py:496} INFO - Filling up the DagBag from /home/karuturihemanth/.local/lib/python3.9/site-packages/airflow/example_dags/example_branch_python_dop_operator_3.py
[2021-07-10 09:58:54,191] {scheduler_job.py:643} INFO - DAG(s) dict_keys(['example_branch_dop_operator_v3']) retrieved from /home/karuturihemanth/.local/lib/python3.9/site-packages/airflow/example_dags/example_branch_python_dop_operator_3.py
[2021-07-10 09:58:54,201] {logging_mixin.py:104} INFO - [2021-07-10 09:58:54,201] {dag.py:1833} INFO - Sync 1 DAGs
[2021-07-10 09:58:54,219] {logging_mixin.py:104} INFO - [2021-07-10 09:58:54,219] {dag.py:2306} INFO - Setting next_dagrun for example_branch_dop_operator_v3 to 2021-07-08 00:00:00+00:00
[2021-07-10 09:58:54,233] {scheduler_job.py:190} INFO - Processing /home/karuturihemanth/.local/lib/python3.9/site-packages/airflow/example_dags/example_branch_python_dop_operator_3.py took 0.053 seconds
