[2021-07-10 09:54:26,823] {scheduler_job.py:182} INFO - Started process (PID=6213) to work on /home/karuturihemanth/.local/lib/python3.9/site-packages/airflow/example_dags/example_trigger_target_dag.py
[2021-07-10 09:54:26,823] {scheduler_job.py:633} INFO - Processing file /home/karuturihemanth/.local/lib/python3.9/site-packages/airflow/example_dags/example_trigger_target_dag.py for tasks to queue
[2021-07-10 09:54:26,824] {logging_mixin.py:104} INFO - [2021-07-10 09:54:26,824] {dagbag.py:496} INFO - Filling up the DagBag from /home/karuturihemanth/.local/lib/python3.9/site-packages/airflow/example_dags/example_trigger_target_dag.py
[2021-07-10 09:54:26,832] {scheduler_job.py:643} INFO - DAG(s) dict_keys(['example_trigger_target_dag']) retrieved from /home/karuturihemanth/.local/lib/python3.9/site-packages/airflow/example_dags/example_trigger_target_dag.py
[2021-07-10 09:54:27,059] {logging_mixin.py:104} INFO - [2021-07-10 09:54:27,059] {dag.py:1833} INFO - Sync 1 DAGs
[2021-07-10 09:54:27,066] {logging_mixin.py:104} INFO - [2021-07-10 09:54:27,066] {dag.py:2306} INFO - Setting next_dagrun for example_trigger_target_dag to None
[2021-07-10 09:54:27,079] {scheduler_job.py:190} INFO - Processing /home/karuturihemanth/.local/lib/python3.9/site-packages/airflow/example_dags/example_trigger_target_dag.py took 0.259 seconds
[2021-07-10 09:55:03,844] {scheduler_job.py:182} INFO - Started process (PID=6244) to work on /home/karuturihemanth/.local/lib/python3.9/site-packages/airflow/example_dags/example_trigger_target_dag.py
[2021-07-10 09:55:03,845] {scheduler_job.py:633} INFO - Processing file /home/karuturihemanth/.local/lib/python3.9/site-packages/airflow/example_dags/example_trigger_target_dag.py for tasks to queue
[2021-07-10 09:55:03,845] {logging_mixin.py:104} INFO - [2021-07-10 09:55:03,845] {dagbag.py:496} INFO - Filling up the DagBag from /home/karuturihemanth/.local/lib/python3.9/site-packages/airflow/example_dags/example_trigger_target_dag.py
[2021-07-10 09:55:03,853] {scheduler_job.py:643} INFO - DAG(s) dict_keys(['example_trigger_target_dag']) retrieved from /home/karuturihemanth/.local/lib/python3.9/site-packages/airflow/example_dags/example_trigger_target_dag.py
[2021-07-10 09:55:03,862] {logging_mixin.py:104} INFO - [2021-07-10 09:55:03,861] {dag.py:1833} INFO - Sync 1 DAGs
[2021-07-10 09:55:03,869] {logging_mixin.py:104} INFO - [2021-07-10 09:55:03,869] {dag.py:2306} INFO - Setting next_dagrun for example_trigger_target_dag to None
[2021-07-10 09:55:03,880] {scheduler_job.py:190} INFO - Processing /home/karuturihemanth/.local/lib/python3.9/site-packages/airflow/example_dags/example_trigger_target_dag.py took 0.038 seconds
[2021-07-10 09:55:35,319] {scheduler_job.py:182} INFO - Started process (PID=6275) to work on /home/karuturihemanth/.local/lib/python3.9/site-packages/airflow/example_dags/example_trigger_target_dag.py
[2021-07-10 09:55:35,320] {scheduler_job.py:633} INFO - Processing file /home/karuturihemanth/.local/lib/python3.9/site-packages/airflow/example_dags/example_trigger_target_dag.py for tasks to queue
[2021-07-10 09:55:35,320] {logging_mixin.py:104} INFO - [2021-07-10 09:55:35,320] {dagbag.py:496} INFO - Filling up the DagBag from /home/karuturihemanth/.local/lib/python3.9/site-packages/airflow/example_dags/example_trigger_target_dag.py
[2021-07-10 09:55:35,328] {scheduler_job.py:643} INFO - DAG(s) dict_keys(['example_trigger_target_dag']) retrieved from /home/karuturihemanth/.local/lib/python3.9/site-packages/airflow/example_dags/example_trigger_target_dag.py
[2021-07-10 09:55:35,338] {logging_mixin.py:104} INFO - [2021-07-10 09:55:35,338] {dag.py:1833} INFO - Sync 1 DAGs
[2021-07-10 09:55:35,346] {logging_mixin.py:104} INFO - [2021-07-10 09:55:35,346] {dag.py:2306} INFO - Setting next_dagrun for example_trigger_target_dag to None
[2021-07-10 09:55:35,358] {scheduler_job.py:190} INFO - Processing /home/karuturihemanth/.local/lib/python3.9/site-packages/airflow/example_dags/example_trigger_target_dag.py took 0.040 seconds
[2021-07-10 09:56:06,185] {scheduler_job.py:182} INFO - Started process (PID=6307) to work on /home/karuturihemanth/.local/lib/python3.9/site-packages/airflow/example_dags/example_trigger_target_dag.py
[2021-07-10 09:56:06,185] {scheduler_job.py:633} INFO - Processing file /home/karuturihemanth/.local/lib/python3.9/site-packages/airflow/example_dags/example_trigger_target_dag.py for tasks to queue
[2021-07-10 09:56:06,186] {logging_mixin.py:104} INFO - [2021-07-10 09:56:06,186] {dagbag.py:496} INFO - Filling up the DagBag from /home/karuturihemanth/.local/lib/python3.9/site-packages/airflow/example_dags/example_trigger_target_dag.py
[2021-07-10 09:56:06,193] {scheduler_job.py:643} INFO - DAG(s) dict_keys(['example_trigger_target_dag']) retrieved from /home/karuturihemanth/.local/lib/python3.9/site-packages/airflow/example_dags/example_trigger_target_dag.py
[2021-07-10 09:56:06,201] {logging_mixin.py:104} INFO - [2021-07-10 09:56:06,201] {dag.py:1833} INFO - Sync 1 DAGs
[2021-07-10 09:56:06,208] {logging_mixin.py:104} INFO - [2021-07-10 09:56:06,208] {dag.py:2306} INFO - Setting next_dagrun for example_trigger_target_dag to None
[2021-07-10 09:56:06,219] {scheduler_job.py:190} INFO - Processing /home/karuturihemanth/.local/lib/python3.9/site-packages/airflow/example_dags/example_trigger_target_dag.py took 0.036 seconds
[2021-07-10 09:56:38,392] {scheduler_job.py:182} INFO - Started process (PID=6339) to work on /home/karuturihemanth/.local/lib/python3.9/site-packages/airflow/example_dags/example_trigger_target_dag.py
[2021-07-10 09:56:38,393] {scheduler_job.py:633} INFO - Processing file /home/karuturihemanth/.local/lib/python3.9/site-packages/airflow/example_dags/example_trigger_target_dag.py for tasks to queue
[2021-07-10 09:56:38,393] {logging_mixin.py:104} INFO - [2021-07-10 09:56:38,393] {dagbag.py:496} INFO - Filling up the DagBag from /home/karuturihemanth/.local/lib/python3.9/site-packages/airflow/example_dags/example_trigger_target_dag.py
[2021-07-10 09:56:38,402] {scheduler_job.py:643} INFO - DAG(s) dict_keys(['example_trigger_target_dag']) retrieved from /home/karuturihemanth/.local/lib/python3.9/site-packages/airflow/example_dags/example_trigger_target_dag.py
[2021-07-10 09:56:38,411] {logging_mixin.py:104} INFO - [2021-07-10 09:56:38,411] {dag.py:1833} INFO - Sync 1 DAGs
[2021-07-10 09:56:38,418] {logging_mixin.py:104} INFO - [2021-07-10 09:56:38,418] {dag.py:2306} INFO - Setting next_dagrun for example_trigger_target_dag to None
[2021-07-10 09:56:38,430] {scheduler_job.py:190} INFO - Processing /home/karuturihemanth/.local/lib/python3.9/site-packages/airflow/example_dags/example_trigger_target_dag.py took 0.040 seconds
[2021-07-10 09:57:10,364] {scheduler_job.py:182} INFO - Started process (PID=6370) to work on /home/karuturihemanth/.local/lib/python3.9/site-packages/airflow/example_dags/example_trigger_target_dag.py
[2021-07-10 09:57:10,364] {scheduler_job.py:633} INFO - Processing file /home/karuturihemanth/.local/lib/python3.9/site-packages/airflow/example_dags/example_trigger_target_dag.py for tasks to queue
[2021-07-10 09:57:10,365] {logging_mixin.py:104} INFO - [2021-07-10 09:57:10,365] {dagbag.py:496} INFO - Filling up the DagBag from /home/karuturihemanth/.local/lib/python3.9/site-packages/airflow/example_dags/example_trigger_target_dag.py
[2021-07-10 09:57:10,373] {scheduler_job.py:643} INFO - DAG(s) dict_keys(['example_trigger_target_dag']) retrieved from /home/karuturihemanth/.local/lib/python3.9/site-packages/airflow/example_dags/example_trigger_target_dag.py
[2021-07-10 09:57:10,381] {logging_mixin.py:104} INFO - [2021-07-10 09:57:10,381] {dag.py:1833} INFO - Sync 1 DAGs
[2021-07-10 09:57:10,389] {logging_mixin.py:104} INFO - [2021-07-10 09:57:10,388] {dag.py:2306} INFO - Setting next_dagrun for example_trigger_target_dag to None
[2021-07-10 09:57:10,402] {scheduler_job.py:190} INFO - Processing /home/karuturihemanth/.local/lib/python3.9/site-packages/airflow/example_dags/example_trigger_target_dag.py took 0.040 seconds
[2021-07-10 09:57:42,711] {scheduler_job.py:182} INFO - Started process (PID=6401) to work on /home/karuturihemanth/.local/lib/python3.9/site-packages/airflow/example_dags/example_trigger_target_dag.py
[2021-07-10 09:57:42,712] {scheduler_job.py:633} INFO - Processing file /home/karuturihemanth/.local/lib/python3.9/site-packages/airflow/example_dags/example_trigger_target_dag.py for tasks to queue
[2021-07-10 09:57:42,712] {logging_mixin.py:104} INFO - [2021-07-10 09:57:42,712] {dagbag.py:496} INFO - Filling up the DagBag from /home/karuturihemanth/.local/lib/python3.9/site-packages/airflow/example_dags/example_trigger_target_dag.py
[2021-07-10 09:57:42,720] {scheduler_job.py:643} INFO - DAG(s) dict_keys(['example_trigger_target_dag']) retrieved from /home/karuturihemanth/.local/lib/python3.9/site-packages/airflow/example_dags/example_trigger_target_dag.py
[2021-07-10 09:57:42,728] {logging_mixin.py:104} INFO - [2021-07-10 09:57:42,728] {dag.py:1833} INFO - Sync 1 DAGs
[2021-07-10 09:57:42,735] {logging_mixin.py:104} INFO - [2021-07-10 09:57:42,735] {dag.py:2306} INFO - Setting next_dagrun for example_trigger_target_dag to None
[2021-07-10 09:57:42,746] {scheduler_job.py:190} INFO - Processing /home/karuturihemanth/.local/lib/python3.9/site-packages/airflow/example_dags/example_trigger_target_dag.py took 0.036 seconds
[2021-07-10 09:58:13,969] {scheduler_job.py:182} INFO - Started process (PID=6432) to work on /home/karuturihemanth/.local/lib/python3.9/site-packages/airflow/example_dags/example_trigger_target_dag.py
[2021-07-10 09:58:13,969] {scheduler_job.py:633} INFO - Processing file /home/karuturihemanth/.local/lib/python3.9/site-packages/airflow/example_dags/example_trigger_target_dag.py for tasks to queue
[2021-07-10 09:58:13,970] {logging_mixin.py:104} INFO - [2021-07-10 09:58:13,970] {dagbag.py:496} INFO - Filling up the DagBag from /home/karuturihemanth/.local/lib/python3.9/site-packages/airflow/example_dags/example_trigger_target_dag.py
[2021-07-10 09:58:13,978] {scheduler_job.py:643} INFO - DAG(s) dict_keys(['example_trigger_target_dag']) retrieved from /home/karuturihemanth/.local/lib/python3.9/site-packages/airflow/example_dags/example_trigger_target_dag.py
[2021-07-10 09:58:13,987] {logging_mixin.py:104} INFO - [2021-07-10 09:58:13,987] {dag.py:1833} INFO - Sync 1 DAGs
[2021-07-10 09:58:13,995] {logging_mixin.py:104} INFO - [2021-07-10 09:58:13,995] {dag.py:2306} INFO - Setting next_dagrun for example_trigger_target_dag to None
[2021-07-10 09:58:14,008] {scheduler_job.py:190} INFO - Processing /home/karuturihemanth/.local/lib/python3.9/site-packages/airflow/example_dags/example_trigger_target_dag.py took 0.041 seconds
[2021-07-10 09:58:44,715] {scheduler_job.py:182} INFO - Started process (PID=6463) to work on /home/karuturihemanth/.local/lib/python3.9/site-packages/airflow/example_dags/example_trigger_target_dag.py
[2021-07-10 09:58:44,715] {scheduler_job.py:633} INFO - Processing file /home/karuturihemanth/.local/lib/python3.9/site-packages/airflow/example_dags/example_trigger_target_dag.py for tasks to queue
[2021-07-10 09:58:44,715] {logging_mixin.py:104} INFO - [2021-07-10 09:58:44,715] {dagbag.py:496} INFO - Filling up the DagBag from /home/karuturihemanth/.local/lib/python3.9/site-packages/airflow/example_dags/example_trigger_target_dag.py
[2021-07-10 09:58:44,724] {scheduler_job.py:643} INFO - DAG(s) dict_keys(['example_trigger_target_dag']) retrieved from /home/karuturihemanth/.local/lib/python3.9/site-packages/airflow/example_dags/example_trigger_target_dag.py
[2021-07-10 09:58:44,734] {logging_mixin.py:104} INFO - [2021-07-10 09:58:44,734] {dag.py:1833} INFO - Sync 1 DAGs
[2021-07-10 09:58:44,742] {logging_mixin.py:104} INFO - [2021-07-10 09:58:44,742] {dag.py:2306} INFO - Setting next_dagrun for example_trigger_target_dag to None
[2021-07-10 09:58:44,755] {scheduler_job.py:190} INFO - Processing /home/karuturihemanth/.local/lib/python3.9/site-packages/airflow/example_dags/example_trigger_target_dag.py took 0.042 seconds
