[2021-07-10 09:54:23,500] {scheduler_job.py:182} INFO - Started process (PID=6210) to work on /home/karuturihemanth/.local/lib/python3.9/site-packages/airflow/example_dags/example_subdag_operator.py
[2021-07-10 09:54:23,501] {scheduler_job.py:633} INFO - Processing file /home/karuturihemanth/.local/lib/python3.9/site-packages/airflow/example_dags/example_subdag_operator.py for tasks to queue
[2021-07-10 09:54:23,501] {logging_mixin.py:104} INFO - [2021-07-10 09:54:23,501] {dagbag.py:496} INFO - Filling up the DagBag from /home/karuturihemanth/.local/lib/python3.9/site-packages/airflow/example_dags/example_subdag_operator.py
[2021-07-10 09:54:23,515] {scheduler_job.py:643} INFO - DAG(s) dict_keys(['example_subdag_operator.section-1', 'example_subdag_operator.section-2', 'example_subdag_operator']) retrieved from /home/karuturihemanth/.local/lib/python3.9/site-packages/airflow/example_dags/example_subdag_operator.py
[2021-07-10 09:54:23,738] {logging_mixin.py:104} INFO - [2021-07-10 09:54:23,737] {dag.py:1833} INFO - Sync 3 DAGs
[2021-07-10 09:54:23,744] {logging_mixin.py:104} INFO - [2021-07-10 09:54:23,744] {dag.py:2306} INFO - Setting next_dagrun for example_subdag_operator to 2021-07-08 00:00:00+00:00
[2021-07-10 09:54:23,745] {logging_mixin.py:104} INFO - [2021-07-10 09:54:23,745] {dag.py:2306} INFO - Setting next_dagrun for example_subdag_operator.section-1 to None
[2021-07-10 09:54:23,745] {logging_mixin.py:104} INFO - [2021-07-10 09:54:23,745] {dag.py:2306} INFO - Setting next_dagrun for example_subdag_operator.section-2 to None
[2021-07-10 09:54:23,758] {logging_mixin.py:104} INFO - [2021-07-10 09:54:23,758] {dag.py:1833} INFO - Sync 2 DAGs
[2021-07-10 09:54:23,763] {logging_mixin.py:104} INFO - [2021-07-10 09:54:23,763] {dag.py:2306} INFO - Setting next_dagrun for example_subdag_operator.section-1 to None
[2021-07-10 09:54:23,763] {logging_mixin.py:104} INFO - [2021-07-10 09:54:23,763] {dag.py:2306} INFO - Setting next_dagrun for example_subdag_operator.section-2 to None
[2021-07-10 09:54:23,773] {scheduler_job.py:190} INFO - Processing /home/karuturihemanth/.local/lib/python3.9/site-packages/airflow/example_dags/example_subdag_operator.py took 0.275 seconds
[2021-07-10 09:55:00,454] {scheduler_job.py:182} INFO - Started process (PID=6241) to work on /home/karuturihemanth/.local/lib/python3.9/site-packages/airflow/example_dags/example_subdag_operator.py
[2021-07-10 09:55:00,454] {scheduler_job.py:633} INFO - Processing file /home/karuturihemanth/.local/lib/python3.9/site-packages/airflow/example_dags/example_subdag_operator.py for tasks to queue
[2021-07-10 09:55:00,455] {logging_mixin.py:104} INFO - [2021-07-10 09:55:00,455] {dagbag.py:496} INFO - Filling up the DagBag from /home/karuturihemanth/.local/lib/python3.9/site-packages/airflow/example_dags/example_subdag_operator.py
[2021-07-10 09:55:00,468] {scheduler_job.py:643} INFO - DAG(s) dict_keys(['example_subdag_operator.section-1', 'example_subdag_operator.section-2', 'example_subdag_operator']) retrieved from /home/karuturihemanth/.local/lib/python3.9/site-packages/airflow/example_dags/example_subdag_operator.py
[2021-07-10 09:55:00,476] {logging_mixin.py:104} INFO - [2021-07-10 09:55:00,476] {dag.py:1833} INFO - Sync 3 DAGs
[2021-07-10 09:55:00,484] {logging_mixin.py:104} INFO - [2021-07-10 09:55:00,484] {dag.py:2306} INFO - Setting next_dagrun for example_subdag_operator to 2021-07-08 00:00:00+00:00
[2021-07-10 09:55:00,484] {logging_mixin.py:104} INFO - [2021-07-10 09:55:00,484] {dag.py:2306} INFO - Setting next_dagrun for example_subdag_operator.section-1 to None
[2021-07-10 09:55:00,485] {logging_mixin.py:104} INFO - [2021-07-10 09:55:00,485] {dag.py:2306} INFO - Setting next_dagrun for example_subdag_operator.section-2 to None
[2021-07-10 09:55:00,493] {logging_mixin.py:104} INFO - [2021-07-10 09:55:00,493] {dag.py:1833} INFO - Sync 2 DAGs
[2021-07-10 09:55:00,498] {logging_mixin.py:104} INFO - [2021-07-10 09:55:00,498] {dag.py:2306} INFO - Setting next_dagrun for example_subdag_operator.section-1 to None
[2021-07-10 09:55:00,498] {logging_mixin.py:104} INFO - [2021-07-10 09:55:00,498] {dag.py:2306} INFO - Setting next_dagrun for example_subdag_operator.section-2 to None
[2021-07-10 09:55:00,507] {scheduler_job.py:190} INFO - Processing /home/karuturihemanth/.local/lib/python3.9/site-packages/airflow/example_dags/example_subdag_operator.py took 0.055 seconds
[2021-07-10 09:55:32,643] {scheduler_job.py:182} INFO - Started process (PID=6272) to work on /home/karuturihemanth/.local/lib/python3.9/site-packages/airflow/example_dags/example_subdag_operator.py
[2021-07-10 09:55:32,644] {scheduler_job.py:633} INFO - Processing file /home/karuturihemanth/.local/lib/python3.9/site-packages/airflow/example_dags/example_subdag_operator.py for tasks to queue
[2021-07-10 09:55:32,644] {logging_mixin.py:104} INFO - [2021-07-10 09:55:32,644] {dagbag.py:496} INFO - Filling up the DagBag from /home/karuturihemanth/.local/lib/python3.9/site-packages/airflow/example_dags/example_subdag_operator.py
[2021-07-10 09:55:32,659] {scheduler_job.py:643} INFO - DAG(s) dict_keys(['example_subdag_operator.section-1', 'example_subdag_operator.section-2', 'example_subdag_operator']) retrieved from /home/karuturihemanth/.local/lib/python3.9/site-packages/airflow/example_dags/example_subdag_operator.py
[2021-07-10 09:55:32,667] {logging_mixin.py:104} INFO - [2021-07-10 09:55:32,667] {dag.py:1833} INFO - Sync 3 DAGs
[2021-07-10 09:55:32,675] {logging_mixin.py:104} INFO - [2021-07-10 09:55:32,675] {dag.py:2306} INFO - Setting next_dagrun for example_subdag_operator to 2021-07-08 00:00:00+00:00
[2021-07-10 09:55:32,676] {logging_mixin.py:104} INFO - [2021-07-10 09:55:32,676] {dag.py:2306} INFO - Setting next_dagrun for example_subdag_operator.section-1 to None
[2021-07-10 09:55:32,676] {logging_mixin.py:104} INFO - [2021-07-10 09:55:32,676] {dag.py:2306} INFO - Setting next_dagrun for example_subdag_operator.section-2 to None
[2021-07-10 09:55:32,687] {logging_mixin.py:104} INFO - [2021-07-10 09:55:32,686] {dag.py:1833} INFO - Sync 2 DAGs
[2021-07-10 09:55:32,692] {logging_mixin.py:104} INFO - [2021-07-10 09:55:32,692] {dag.py:2306} INFO - Setting next_dagrun for example_subdag_operator.section-1 to None
[2021-07-10 09:55:32,693] {logging_mixin.py:104} INFO - [2021-07-10 09:55:32,692] {dag.py:2306} INFO - Setting next_dagrun for example_subdag_operator.section-2 to None
[2021-07-10 09:55:32,702] {scheduler_job.py:190} INFO - Processing /home/karuturihemanth/.local/lib/python3.9/site-packages/airflow/example_dags/example_subdag_operator.py took 0.060 seconds
[2021-07-10 09:56:03,510] {scheduler_job.py:182} INFO - Started process (PID=6304) to work on /home/karuturihemanth/.local/lib/python3.9/site-packages/airflow/example_dags/example_subdag_operator.py
[2021-07-10 09:56:03,510] {scheduler_job.py:633} INFO - Processing file /home/karuturihemanth/.local/lib/python3.9/site-packages/airflow/example_dags/example_subdag_operator.py for tasks to queue
[2021-07-10 09:56:03,510] {logging_mixin.py:104} INFO - [2021-07-10 09:56:03,510] {dagbag.py:496} INFO - Filling up the DagBag from /home/karuturihemanth/.local/lib/python3.9/site-packages/airflow/example_dags/example_subdag_operator.py
[2021-07-10 09:56:03,525] {scheduler_job.py:643} INFO - DAG(s) dict_keys(['example_subdag_operator.section-1', 'example_subdag_operator.section-2', 'example_subdag_operator']) retrieved from /home/karuturihemanth/.local/lib/python3.9/site-packages/airflow/example_dags/example_subdag_operator.py
[2021-07-10 09:56:03,533] {logging_mixin.py:104} INFO - [2021-07-10 09:56:03,533] {dag.py:1833} INFO - Sync 3 DAGs
[2021-07-10 09:56:03,541] {logging_mixin.py:104} INFO - [2021-07-10 09:56:03,541] {dag.py:2306} INFO - Setting next_dagrun for example_subdag_operator to 2021-07-08 00:00:00+00:00
[2021-07-10 09:56:03,542] {logging_mixin.py:104} INFO - [2021-07-10 09:56:03,542] {dag.py:2306} INFO - Setting next_dagrun for example_subdag_operator.section-1 to None
[2021-07-10 09:56:03,542] {logging_mixin.py:104} INFO - [2021-07-10 09:56:03,542] {dag.py:2306} INFO - Setting next_dagrun for example_subdag_operator.section-2 to None
[2021-07-10 09:56:03,551] {logging_mixin.py:104} INFO - [2021-07-10 09:56:03,551] {dag.py:1833} INFO - Sync 2 DAGs
[2021-07-10 09:56:03,556] {logging_mixin.py:104} INFO - [2021-07-10 09:56:03,556] {dag.py:2306} INFO - Setting next_dagrun for example_subdag_operator.section-1 to None
[2021-07-10 09:56:03,556] {logging_mixin.py:104} INFO - [2021-07-10 09:56:03,556] {dag.py:2306} INFO - Setting next_dagrun for example_subdag_operator.section-2 to None
[2021-07-10 09:56:03,565] {scheduler_job.py:190} INFO - Processing /home/karuturihemanth/.local/lib/python3.9/site-packages/airflow/example_dags/example_subdag_operator.py took 0.057 seconds
[2021-07-10 09:56:35,707] {scheduler_job.py:182} INFO - Started process (PID=6336) to work on /home/karuturihemanth/.local/lib/python3.9/site-packages/airflow/example_dags/example_subdag_operator.py
[2021-07-10 09:56:35,708] {scheduler_job.py:633} INFO - Processing file /home/karuturihemanth/.local/lib/python3.9/site-packages/airflow/example_dags/example_subdag_operator.py for tasks to queue
[2021-07-10 09:56:35,708] {logging_mixin.py:104} INFO - [2021-07-10 09:56:35,708] {dagbag.py:496} INFO - Filling up the DagBag from /home/karuturihemanth/.local/lib/python3.9/site-packages/airflow/example_dags/example_subdag_operator.py
[2021-07-10 09:56:35,723] {scheduler_job.py:643} INFO - DAG(s) dict_keys(['example_subdag_operator.section-1', 'example_subdag_operator.section-2', 'example_subdag_operator']) retrieved from /home/karuturihemanth/.local/lib/python3.9/site-packages/airflow/example_dags/example_subdag_operator.py
[2021-07-10 09:56:35,731] {logging_mixin.py:104} INFO - [2021-07-10 09:56:35,731] {dag.py:1833} INFO - Sync 3 DAGs
[2021-07-10 09:56:35,739] {logging_mixin.py:104} INFO - [2021-07-10 09:56:35,739] {dag.py:2306} INFO - Setting next_dagrun for example_subdag_operator to 2021-07-08 00:00:00+00:00
[2021-07-10 09:56:35,739] {logging_mixin.py:104} INFO - [2021-07-10 09:56:35,739] {dag.py:2306} INFO - Setting next_dagrun for example_subdag_operator.section-1 to None
[2021-07-10 09:56:35,740] {logging_mixin.py:104} INFO - [2021-07-10 09:56:35,740] {dag.py:2306} INFO - Setting next_dagrun for example_subdag_operator.section-2 to None
[2021-07-10 09:56:35,750] {logging_mixin.py:104} INFO - [2021-07-10 09:56:35,749] {dag.py:1833} INFO - Sync 2 DAGs
[2021-07-10 09:56:35,755] {logging_mixin.py:104} INFO - [2021-07-10 09:56:35,755] {dag.py:2306} INFO - Setting next_dagrun for example_subdag_operator.section-1 to None
[2021-07-10 09:56:35,755] {logging_mixin.py:104} INFO - [2021-07-10 09:56:35,755] {dag.py:2306} INFO - Setting next_dagrun for example_subdag_operator.section-2 to None
[2021-07-10 09:56:35,765] {scheduler_job.py:190} INFO - Processing /home/karuturihemanth/.local/lib/python3.9/site-packages/airflow/example_dags/example_subdag_operator.py took 0.059 seconds
[2021-07-10 09:57:07,887] {scheduler_job.py:182} INFO - Started process (PID=6367) to work on /home/karuturihemanth/.local/lib/python3.9/site-packages/airflow/example_dags/example_subdag_operator.py
[2021-07-10 09:57:07,887] {scheduler_job.py:633} INFO - Processing file /home/karuturihemanth/.local/lib/python3.9/site-packages/airflow/example_dags/example_subdag_operator.py for tasks to queue
[2021-07-10 09:57:07,887] {logging_mixin.py:104} INFO - [2021-07-10 09:57:07,887] {dagbag.py:496} INFO - Filling up the DagBag from /home/karuturihemanth/.local/lib/python3.9/site-packages/airflow/example_dags/example_subdag_operator.py
[2021-07-10 09:57:07,901] {scheduler_job.py:643} INFO - DAG(s) dict_keys(['example_subdag_operator.section-1', 'example_subdag_operator.section-2', 'example_subdag_operator']) retrieved from /home/karuturihemanth/.local/lib/python3.9/site-packages/airflow/example_dags/example_subdag_operator.py
[2021-07-10 09:57:07,909] {logging_mixin.py:104} INFO - [2021-07-10 09:57:07,909] {dag.py:1833} INFO - Sync 3 DAGs
[2021-07-10 09:57:07,916] {logging_mixin.py:104} INFO - [2021-07-10 09:57:07,916] {dag.py:2306} INFO - Setting next_dagrun for example_subdag_operator to 2021-07-08 00:00:00+00:00
[2021-07-10 09:57:07,917] {logging_mixin.py:104} INFO - [2021-07-10 09:57:07,917] {dag.py:2306} INFO - Setting next_dagrun for example_subdag_operator.section-1 to None
[2021-07-10 09:57:07,917] {logging_mixin.py:104} INFO - [2021-07-10 09:57:07,917] {dag.py:2306} INFO - Setting next_dagrun for example_subdag_operator.section-2 to None
[2021-07-10 09:57:07,926] {logging_mixin.py:104} INFO - [2021-07-10 09:57:07,926] {dag.py:1833} INFO - Sync 2 DAGs
[2021-07-10 09:57:07,931] {logging_mixin.py:104} INFO - [2021-07-10 09:57:07,931] {dag.py:2306} INFO - Setting next_dagrun for example_subdag_operator.section-1 to None
[2021-07-10 09:57:07,931] {logging_mixin.py:104} INFO - [2021-07-10 09:57:07,931] {dag.py:2306} INFO - Setting next_dagrun for example_subdag_operator.section-2 to None
[2021-07-10 09:57:07,939] {scheduler_job.py:190} INFO - Processing /home/karuturihemanth/.local/lib/python3.9/site-packages/airflow/example_dags/example_subdag_operator.py took 0.054 seconds
[2021-07-10 09:57:39,311] {scheduler_job.py:182} INFO - Started process (PID=6398) to work on /home/karuturihemanth/.local/lib/python3.9/site-packages/airflow/example_dags/example_subdag_operator.py
[2021-07-10 09:57:39,311] {scheduler_job.py:633} INFO - Processing file /home/karuturihemanth/.local/lib/python3.9/site-packages/airflow/example_dags/example_subdag_operator.py for tasks to queue
[2021-07-10 09:57:39,312] {logging_mixin.py:104} INFO - [2021-07-10 09:57:39,311] {dagbag.py:496} INFO - Filling up the DagBag from /home/karuturihemanth/.local/lib/python3.9/site-packages/airflow/example_dags/example_subdag_operator.py
[2021-07-10 09:57:39,326] {scheduler_job.py:643} INFO - DAG(s) dict_keys(['example_subdag_operator.section-1', 'example_subdag_operator.section-2', 'example_subdag_operator']) retrieved from /home/karuturihemanth/.local/lib/python3.9/site-packages/airflow/example_dags/example_subdag_operator.py
[2021-07-10 09:57:39,335] {logging_mixin.py:104} INFO - [2021-07-10 09:57:39,335] {dag.py:1833} INFO - Sync 3 DAGs
[2021-07-10 09:57:39,342] {logging_mixin.py:104} INFO - [2021-07-10 09:57:39,342] {dag.py:2306} INFO - Setting next_dagrun for example_subdag_operator to 2021-07-08 00:00:00+00:00
[2021-07-10 09:57:39,343] {logging_mixin.py:104} INFO - [2021-07-10 09:57:39,343] {dag.py:2306} INFO - Setting next_dagrun for example_subdag_operator.section-1 to None
[2021-07-10 09:57:39,343] {logging_mixin.py:104} INFO - [2021-07-10 09:57:39,343] {dag.py:2306} INFO - Setting next_dagrun for example_subdag_operator.section-2 to None
[2021-07-10 09:57:39,353] {logging_mixin.py:104} INFO - [2021-07-10 09:57:39,353] {dag.py:1833} INFO - Sync 2 DAGs
[2021-07-10 09:57:39,358] {logging_mixin.py:104} INFO - [2021-07-10 09:57:39,358] {dag.py:2306} INFO - Setting next_dagrun for example_subdag_operator.section-1 to None
[2021-07-10 09:57:39,358] {logging_mixin.py:104} INFO - [2021-07-10 09:57:39,358] {dag.py:2306} INFO - Setting next_dagrun for example_subdag_operator.section-2 to None
[2021-07-10 09:57:39,367] {scheduler_job.py:190} INFO - Processing /home/karuturihemanth/.local/lib/python3.9/site-packages/airflow/example_dags/example_subdag_operator.py took 0.058 seconds
[2021-07-10 09:58:10,570] {scheduler_job.py:182} INFO - Started process (PID=6429) to work on /home/karuturihemanth/.local/lib/python3.9/site-packages/airflow/example_dags/example_subdag_operator.py
[2021-07-10 09:58:10,571] {scheduler_job.py:633} INFO - Processing file /home/karuturihemanth/.local/lib/python3.9/site-packages/airflow/example_dags/example_subdag_operator.py for tasks to queue
[2021-07-10 09:58:10,571] {logging_mixin.py:104} INFO - [2021-07-10 09:58:10,571] {dagbag.py:496} INFO - Filling up the DagBag from /home/karuturihemanth/.local/lib/python3.9/site-packages/airflow/example_dags/example_subdag_operator.py
[2021-07-10 09:58:10,585] {scheduler_job.py:643} INFO - DAG(s) dict_keys(['example_subdag_operator.section-1', 'example_subdag_operator.section-2', 'example_subdag_operator']) retrieved from /home/karuturihemanth/.local/lib/python3.9/site-packages/airflow/example_dags/example_subdag_operator.py
[2021-07-10 09:58:10,593] {logging_mixin.py:104} INFO - [2021-07-10 09:58:10,593] {dag.py:1833} INFO - Sync 3 DAGs
[2021-07-10 09:58:10,600] {logging_mixin.py:104} INFO - [2021-07-10 09:58:10,600] {dag.py:2306} INFO - Setting next_dagrun for example_subdag_operator to 2021-07-08 00:00:00+00:00
[2021-07-10 09:58:10,601] {logging_mixin.py:104} INFO - [2021-07-10 09:58:10,601] {dag.py:2306} INFO - Setting next_dagrun for example_subdag_operator.section-1 to None
[2021-07-10 09:58:10,601] {logging_mixin.py:104} INFO - [2021-07-10 09:58:10,601] {dag.py:2306} INFO - Setting next_dagrun for example_subdag_operator.section-2 to None
[2021-07-10 09:58:10,611] {logging_mixin.py:104} INFO - [2021-07-10 09:58:10,611] {dag.py:1833} INFO - Sync 2 DAGs
[2021-07-10 09:58:10,617] {logging_mixin.py:104} INFO - [2021-07-10 09:58:10,617] {dag.py:2306} INFO - Setting next_dagrun for example_subdag_operator.section-1 to None
[2021-07-10 09:58:10,618] {logging_mixin.py:104} INFO - [2021-07-10 09:58:10,618] {dag.py:2306} INFO - Setting next_dagrun for example_subdag_operator.section-2 to None
[2021-07-10 09:58:10,628] {scheduler_job.py:190} INFO - Processing /home/karuturihemanth/.local/lib/python3.9/site-packages/airflow/example_dags/example_subdag_operator.py took 0.059 seconds
[2021-07-10 09:58:41,626] {scheduler_job.py:182} INFO - Started process (PID=6460) to work on /home/karuturihemanth/.local/lib/python3.9/site-packages/airflow/example_dags/example_subdag_operator.py
[2021-07-10 09:58:41,627] {scheduler_job.py:633} INFO - Processing file /home/karuturihemanth/.local/lib/python3.9/site-packages/airflow/example_dags/example_subdag_operator.py for tasks to queue
[2021-07-10 09:58:41,627] {logging_mixin.py:104} INFO - [2021-07-10 09:58:41,627] {dagbag.py:496} INFO - Filling up the DagBag from /home/karuturihemanth/.local/lib/python3.9/site-packages/airflow/example_dags/example_subdag_operator.py
[2021-07-10 09:58:41,642] {scheduler_job.py:643} INFO - DAG(s) dict_keys(['example_subdag_operator.section-1', 'example_subdag_operator.section-2', 'example_subdag_operator']) retrieved from /home/karuturihemanth/.local/lib/python3.9/site-packages/airflow/example_dags/example_subdag_operator.py
[2021-07-10 09:58:41,650] {logging_mixin.py:104} INFO - [2021-07-10 09:58:41,650] {dag.py:1833} INFO - Sync 3 DAGs
[2021-07-10 09:58:41,657] {logging_mixin.py:104} INFO - [2021-07-10 09:58:41,657] {dag.py:2306} INFO - Setting next_dagrun for example_subdag_operator to 2021-07-08 00:00:00+00:00
[2021-07-10 09:58:41,658] {logging_mixin.py:104} INFO - [2021-07-10 09:58:41,658] {dag.py:2306} INFO - Setting next_dagrun for example_subdag_operator.section-1 to None
[2021-07-10 09:58:41,658] {logging_mixin.py:104} INFO - [2021-07-10 09:58:41,658] {dag.py:2306} INFO - Setting next_dagrun for example_subdag_operator.section-2 to None
[2021-07-10 09:58:41,668] {logging_mixin.py:104} INFO - [2021-07-10 09:58:41,668] {dag.py:1833} INFO - Sync 2 DAGs
[2021-07-10 09:58:41,673] {logging_mixin.py:104} INFO - [2021-07-10 09:58:41,673] {dag.py:2306} INFO - Setting next_dagrun for example_subdag_operator.section-1 to None
[2021-07-10 09:58:41,673] {logging_mixin.py:104} INFO - [2021-07-10 09:58:41,673] {dag.py:2306} INFO - Setting next_dagrun for example_subdag_operator.section-2 to None
[2021-07-10 09:58:41,682] {scheduler_job.py:190} INFO - Processing /home/karuturihemanth/.local/lib/python3.9/site-packages/airflow/example_dags/example_subdag_operator.py took 0.057 seconds
