[2021-07-10 09:54:44,641] {scheduler_job.py:182} INFO - Started process (PID=6227) to work on /home/karuturihemanth/.local/lib/python3.9/site-packages/airflow/example_dags/example_complex.py
[2021-07-10 09:54:44,641] {scheduler_job.py:633} INFO - Processing file /home/karuturihemanth/.local/lib/python3.9/site-packages/airflow/example_dags/example_complex.py for tasks to queue
[2021-07-10 09:54:44,642] {logging_mixin.py:104} INFO - [2021-07-10 09:54:44,642] {dagbag.py:496} INFO - Filling up the DagBag from /home/karuturihemanth/.local/lib/python3.9/site-packages/airflow/example_dags/example_complex.py
[2021-07-10 09:54:44,654] {scheduler_job.py:643} INFO - DAG(s) dict_keys(['example_complex']) retrieved from /home/karuturihemanth/.local/lib/python3.9/site-packages/airflow/example_dags/example_complex.py
[2021-07-10 09:54:44,883] {logging_mixin.py:104} INFO - [2021-07-10 09:54:44,882] {dag.py:1833} INFO - Sync 1 DAGs
[2021-07-10 09:54:44,889] {logging_mixin.py:104} INFO - [2021-07-10 09:54:44,888] {dag.py:2306} INFO - Setting next_dagrun for example_complex to None
[2021-07-10 09:54:44,902] {scheduler_job.py:190} INFO - Processing /home/karuturihemanth/.local/lib/python3.9/site-packages/airflow/example_dags/example_complex.py took 0.263 seconds
[2021-07-10 09:55:18,342] {scheduler_job.py:182} INFO - Started process (PID=6258) to work on /home/karuturihemanth/.local/lib/python3.9/site-packages/airflow/example_dags/example_complex.py
[2021-07-10 09:55:18,342] {scheduler_job.py:633} INFO - Processing file /home/karuturihemanth/.local/lib/python3.9/site-packages/airflow/example_dags/example_complex.py for tasks to queue
[2021-07-10 09:55:18,343] {logging_mixin.py:104} INFO - [2021-07-10 09:55:18,343] {dagbag.py:496} INFO - Filling up the DagBag from /home/karuturihemanth/.local/lib/python3.9/site-packages/airflow/example_dags/example_complex.py
[2021-07-10 09:55:18,355] {scheduler_job.py:643} INFO - DAG(s) dict_keys(['example_complex']) retrieved from /home/karuturihemanth/.local/lib/python3.9/site-packages/airflow/example_dags/example_complex.py
[2021-07-10 09:55:18,370] {logging_mixin.py:104} INFO - [2021-07-10 09:55:18,370] {dag.py:1833} INFO - Sync 1 DAGs
[2021-07-10 09:55:18,377] {logging_mixin.py:104} INFO - [2021-07-10 09:55:18,377] {dag.py:2306} INFO - Setting next_dagrun for example_complex to None
[2021-07-10 09:55:18,389] {scheduler_job.py:190} INFO - Processing /home/karuturihemanth/.local/lib/python3.9/site-packages/airflow/example_dags/example_complex.py took 0.048 seconds
[2021-07-10 09:55:49,209] {scheduler_job.py:182} INFO - Started process (PID=6289) to work on /home/karuturihemanth/.local/lib/python3.9/site-packages/airflow/example_dags/example_complex.py
[2021-07-10 09:55:49,209] {scheduler_job.py:633} INFO - Processing file /home/karuturihemanth/.local/lib/python3.9/site-packages/airflow/example_dags/example_complex.py for tasks to queue
[2021-07-10 09:55:49,210] {logging_mixin.py:104} INFO - [2021-07-10 09:55:49,210] {dagbag.py:496} INFO - Filling up the DagBag from /home/karuturihemanth/.local/lib/python3.9/site-packages/airflow/example_dags/example_complex.py
[2021-07-10 09:55:49,223] {scheduler_job.py:643} INFO - DAG(s) dict_keys(['example_complex']) retrieved from /home/karuturihemanth/.local/lib/python3.9/site-packages/airflow/example_dags/example_complex.py
[2021-07-10 09:55:49,238] {logging_mixin.py:104} INFO - [2021-07-10 09:55:49,238] {dag.py:1833} INFO - Sync 1 DAGs
[2021-07-10 09:55:49,246] {logging_mixin.py:104} INFO - [2021-07-10 09:55:49,246] {dag.py:2306} INFO - Setting next_dagrun for example_complex to None
[2021-07-10 09:55:49,259] {scheduler_job.py:190} INFO - Processing /home/karuturihemanth/.local/lib/python3.9/site-packages/airflow/example_dags/example_complex.py took 0.052 seconds
[2021-07-10 09:56:21,205] {scheduler_job.py:182} INFO - Started process (PID=6321) to work on /home/karuturihemanth/.local/lib/python3.9/site-packages/airflow/example_dags/example_complex.py
[2021-07-10 09:56:21,205] {scheduler_job.py:633} INFO - Processing file /home/karuturihemanth/.local/lib/python3.9/site-packages/airflow/example_dags/example_complex.py for tasks to queue
[2021-07-10 09:56:21,206] {logging_mixin.py:104} INFO - [2021-07-10 09:56:21,206] {dagbag.py:496} INFO - Filling up the DagBag from /home/karuturihemanth/.local/lib/python3.9/site-packages/airflow/example_dags/example_complex.py
[2021-07-10 09:56:21,219] {scheduler_job.py:643} INFO - DAG(s) dict_keys(['example_complex']) retrieved from /home/karuturihemanth/.local/lib/python3.9/site-packages/airflow/example_dags/example_complex.py
[2021-07-10 09:56:21,234] {logging_mixin.py:104} INFO - [2021-07-10 09:56:21,234] {dag.py:1833} INFO - Sync 1 DAGs
[2021-07-10 09:56:21,241] {logging_mixin.py:104} INFO - [2021-07-10 09:56:21,241] {dag.py:2306} INFO - Setting next_dagrun for example_complex to None
[2021-07-10 09:56:21,253] {scheduler_job.py:190} INFO - Processing /home/karuturihemanth/.local/lib/python3.9/site-packages/airflow/example_dags/example_complex.py took 0.050 seconds
[2021-07-10 09:56:52,675] {scheduler_job.py:182} INFO - Started process (PID=6353) to work on /home/karuturihemanth/.local/lib/python3.9/site-packages/airflow/example_dags/example_complex.py
[2021-07-10 09:56:52,675] {scheduler_job.py:633} INFO - Processing file /home/karuturihemanth/.local/lib/python3.9/site-packages/airflow/example_dags/example_complex.py for tasks to queue
[2021-07-10 09:56:52,676] {logging_mixin.py:104} INFO - [2021-07-10 09:56:52,676] {dagbag.py:496} INFO - Filling up the DagBag from /home/karuturihemanth/.local/lib/python3.9/site-packages/airflow/example_dags/example_complex.py
[2021-07-10 09:56:52,688] {scheduler_job.py:643} INFO - DAG(s) dict_keys(['example_complex']) retrieved from /home/karuturihemanth/.local/lib/python3.9/site-packages/airflow/example_dags/example_complex.py
[2021-07-10 09:56:52,703] {logging_mixin.py:104} INFO - [2021-07-10 09:56:52,703] {dag.py:1833} INFO - Sync 1 DAGs
[2021-07-10 09:56:52,710] {logging_mixin.py:104} INFO - [2021-07-10 09:56:52,710] {dag.py:2306} INFO - Setting next_dagrun for example_complex to None
[2021-07-10 09:56:52,722] {scheduler_job.py:190} INFO - Processing /home/karuturihemanth/.local/lib/python3.9/site-packages/airflow/example_dags/example_complex.py took 0.048 seconds
[2021-07-10 09:57:24,816] {scheduler_job.py:182} INFO - Started process (PID=6384) to work on /home/karuturihemanth/.local/lib/python3.9/site-packages/airflow/example_dags/example_complex.py
[2021-07-10 09:57:24,817] {scheduler_job.py:633} INFO - Processing file /home/karuturihemanth/.local/lib/python3.9/site-packages/airflow/example_dags/example_complex.py for tasks to queue
[2021-07-10 09:57:24,817] {logging_mixin.py:104} INFO - [2021-07-10 09:57:24,817] {dagbag.py:496} INFO - Filling up the DagBag from /home/karuturihemanth/.local/lib/python3.9/site-packages/airflow/example_dags/example_complex.py
[2021-07-10 09:57:24,831] {scheduler_job.py:643} INFO - DAG(s) dict_keys(['example_complex']) retrieved from /home/karuturihemanth/.local/lib/python3.9/site-packages/airflow/example_dags/example_complex.py
[2021-07-10 09:57:24,845] {logging_mixin.py:104} INFO - [2021-07-10 09:57:24,845] {dag.py:1833} INFO - Sync 1 DAGs
[2021-07-10 09:57:24,853] {logging_mixin.py:104} INFO - [2021-07-10 09:57:24,853] {dag.py:2306} INFO - Setting next_dagrun for example_complex to None
[2021-07-10 09:57:24,865] {scheduler_job.py:190} INFO - Processing /home/karuturihemanth/.local/lib/python3.9/site-packages/airflow/example_dags/example_complex.py took 0.051 seconds
[2021-07-10 09:57:56,084] {scheduler_job.py:182} INFO - Started process (PID=6415) to work on /home/karuturihemanth/.local/lib/python3.9/site-packages/airflow/example_dags/example_complex.py
[2021-07-10 09:57:56,085] {scheduler_job.py:633} INFO - Processing file /home/karuturihemanth/.local/lib/python3.9/site-packages/airflow/example_dags/example_complex.py for tasks to queue
[2021-07-10 09:57:56,085] {logging_mixin.py:104} INFO - [2021-07-10 09:57:56,085] {dagbag.py:496} INFO - Filling up the DagBag from /home/karuturihemanth/.local/lib/python3.9/site-packages/airflow/example_dags/example_complex.py
[2021-07-10 09:57:56,098] {scheduler_job.py:643} INFO - DAG(s) dict_keys(['example_complex']) retrieved from /home/karuturihemanth/.local/lib/python3.9/site-packages/airflow/example_dags/example_complex.py
[2021-07-10 09:57:56,113] {logging_mixin.py:104} INFO - [2021-07-10 09:57:56,113] {dag.py:1833} INFO - Sync 1 DAGs
[2021-07-10 09:57:56,122] {logging_mixin.py:104} INFO - [2021-07-10 09:57:56,122] {dag.py:2306} INFO - Setting next_dagrun for example_complex to None
[2021-07-10 09:57:56,136] {scheduler_job.py:190} INFO - Processing /home/karuturihemanth/.local/lib/python3.9/site-packages/airflow/example_dags/example_complex.py took 0.053 seconds
[2021-07-10 09:58:27,340] {scheduler_job.py:182} INFO - Started process (PID=6446) to work on /home/karuturihemanth/.local/lib/python3.9/site-packages/airflow/example_dags/example_complex.py
[2021-07-10 09:58:27,341] {scheduler_job.py:633} INFO - Processing file /home/karuturihemanth/.local/lib/python3.9/site-packages/airflow/example_dags/example_complex.py for tasks to queue
[2021-07-10 09:58:27,341] {logging_mixin.py:104} INFO - [2021-07-10 09:58:27,341] {dagbag.py:496} INFO - Filling up the DagBag from /home/karuturihemanth/.local/lib/python3.9/site-packages/airflow/example_dags/example_complex.py
[2021-07-10 09:58:27,355] {scheduler_job.py:643} INFO - DAG(s) dict_keys(['example_complex']) retrieved from /home/karuturihemanth/.local/lib/python3.9/site-packages/airflow/example_dags/example_complex.py
[2021-07-10 09:58:27,371] {logging_mixin.py:104} INFO - [2021-07-10 09:58:27,370] {dag.py:1833} INFO - Sync 1 DAGs
[2021-07-10 09:58:27,379] {logging_mixin.py:104} INFO - [2021-07-10 09:58:27,378] {dag.py:2306} INFO - Setting next_dagrun for example_complex to None
[2021-07-10 09:58:27,392] {scheduler_job.py:190} INFO - Processing /home/karuturihemanth/.local/lib/python3.9/site-packages/airflow/example_dags/example_complex.py took 0.053 seconds
[2021-07-10 09:58:59,523] {scheduler_job.py:182} INFO - Started process (PID=6477) to work on /home/karuturihemanth/.local/lib/python3.9/site-packages/airflow/example_dags/example_complex.py
[2021-07-10 09:58:59,523] {scheduler_job.py:633} INFO - Processing file /home/karuturihemanth/.local/lib/python3.9/site-packages/airflow/example_dags/example_complex.py for tasks to queue
[2021-07-10 09:58:59,524] {logging_mixin.py:104} INFO - [2021-07-10 09:58:59,524] {dagbag.py:496} INFO - Filling up the DagBag from /home/karuturihemanth/.local/lib/python3.9/site-packages/airflow/example_dags/example_complex.py
[2021-07-10 09:58:59,537] {scheduler_job.py:643} INFO - DAG(s) dict_keys(['example_complex']) retrieved from /home/karuturihemanth/.local/lib/python3.9/site-packages/airflow/example_dags/example_complex.py
[2021-07-10 09:58:59,553] {logging_mixin.py:104} INFO - [2021-07-10 09:58:59,553] {dag.py:1833} INFO - Sync 1 DAGs
[2021-07-10 09:58:59,561] {logging_mixin.py:104} INFO - [2021-07-10 09:58:59,561] {dag.py:2306} INFO - Setting next_dagrun for example_complex to None
[2021-07-10 09:58:59,574] {scheduler_job.py:190} INFO - Processing /home/karuturihemanth/.local/lib/python3.9/site-packages/airflow/example_dags/example_complex.py took 0.053 seconds
