[2021-07-10 09:54:30,173] {scheduler_job.py:182} INFO - Started process (PID=6216) to work on /home/karuturihemanth/.local/lib/python3.9/site-packages/airflow/example_dags/example_kubernetes_executor.py
[2021-07-10 09:54:30,174] {scheduler_job.py:633} INFO - Processing file /home/karuturihemanth/.local/lib/python3.9/site-packages/airflow/example_dags/example_kubernetes_executor.py for tasks to queue
[2021-07-10 09:54:30,174] {logging_mixin.py:104} INFO - [2021-07-10 09:54:30,174] {dagbag.py:496} INFO - Filling up the DagBag from /home/karuturihemanth/.local/lib/python3.9/site-packages/airflow/example_dags/example_kubernetes_executor.py
[2021-07-10 09:54:30,182] {scheduler_job.py:643} INFO - DAG(s) dict_keys(['example_kubernetes_executor']) retrieved from /home/karuturihemanth/.local/lib/python3.9/site-packages/airflow/example_dags/example_kubernetes_executor.py
[2021-07-10 09:54:30,403] {logging_mixin.py:104} INFO - [2021-07-10 09:54:30,402] {dag.py:1833} INFO - Sync 1 DAGs
[2021-07-10 09:54:30,408] {logging_mixin.py:104} INFO - [2021-07-10 09:54:30,408] {dag.py:2306} INFO - Setting next_dagrun for example_kubernetes_executor to None
[2021-07-10 09:54:30,423] {scheduler_job.py:190} INFO - Processing /home/karuturihemanth/.local/lib/python3.9/site-packages/airflow/example_dags/example_kubernetes_executor.py took 0.252 seconds
[2021-07-10 09:55:06,723] {scheduler_job.py:182} INFO - Started process (PID=6247) to work on /home/karuturihemanth/.local/lib/python3.9/site-packages/airflow/example_dags/example_kubernetes_executor.py
[2021-07-10 09:55:06,724] {scheduler_job.py:633} INFO - Processing file /home/karuturihemanth/.local/lib/python3.9/site-packages/airflow/example_dags/example_kubernetes_executor.py for tasks to queue
[2021-07-10 09:55:06,724] {logging_mixin.py:104} INFO - [2021-07-10 09:55:06,724] {dagbag.py:496} INFO - Filling up the DagBag from /home/karuturihemanth/.local/lib/python3.9/site-packages/airflow/example_dags/example_kubernetes_executor.py
[2021-07-10 09:55:06,731] {scheduler_job.py:643} INFO - DAG(s) dict_keys(['example_kubernetes_executor']) retrieved from /home/karuturihemanth/.local/lib/python3.9/site-packages/airflow/example_dags/example_kubernetes_executor.py
[2021-07-10 09:55:06,740] {logging_mixin.py:104} INFO - [2021-07-10 09:55:06,740] {dag.py:1833} INFO - Sync 1 DAGs
[2021-07-10 09:55:06,747] {logging_mixin.py:104} INFO - [2021-07-10 09:55:06,747] {dag.py:2306} INFO - Setting next_dagrun for example_kubernetes_executor to None
[2021-07-10 09:55:06,759] {scheduler_job.py:190} INFO - Processing /home/karuturihemanth/.local/lib/python3.9/site-packages/airflow/example_dags/example_kubernetes_executor.py took 0.037 seconds
[2021-07-10 09:55:38,717] {scheduler_job.py:182} INFO - Started process (PID=6278) to work on /home/karuturihemanth/.local/lib/python3.9/site-packages/airflow/example_dags/example_kubernetes_executor.py
[2021-07-10 09:55:38,717] {scheduler_job.py:633} INFO - Processing file /home/karuturihemanth/.local/lib/python3.9/site-packages/airflow/example_dags/example_kubernetes_executor.py for tasks to queue
[2021-07-10 09:55:38,718] {logging_mixin.py:104} INFO - [2021-07-10 09:55:38,718] {dagbag.py:496} INFO - Filling up the DagBag from /home/karuturihemanth/.local/lib/python3.9/site-packages/airflow/example_dags/example_kubernetes_executor.py
[2021-07-10 09:55:38,725] {scheduler_job.py:643} INFO - DAG(s) dict_keys(['example_kubernetes_executor']) retrieved from /home/karuturihemanth/.local/lib/python3.9/site-packages/airflow/example_dags/example_kubernetes_executor.py
[2021-07-10 09:55:38,734] {logging_mixin.py:104} INFO - [2021-07-10 09:55:38,734] {dag.py:1833} INFO - Sync 1 DAGs
[2021-07-10 09:55:38,741] {logging_mixin.py:104} INFO - [2021-07-10 09:55:38,741] {dag.py:2306} INFO - Setting next_dagrun for example_kubernetes_executor to None
[2021-07-10 09:55:38,753] {scheduler_job.py:190} INFO - Processing /home/karuturihemanth/.local/lib/python3.9/site-packages/airflow/example_dags/example_kubernetes_executor.py took 0.037 seconds
[2021-07-10 09:56:09,585] {scheduler_job.py:182} INFO - Started process (PID=6310) to work on /home/karuturihemanth/.local/lib/python3.9/site-packages/airflow/example_dags/example_kubernetes_executor.py
[2021-07-10 09:56:09,586] {scheduler_job.py:633} INFO - Processing file /home/karuturihemanth/.local/lib/python3.9/site-packages/airflow/example_dags/example_kubernetes_executor.py for tasks to queue
[2021-07-10 09:56:09,586] {logging_mixin.py:104} INFO - [2021-07-10 09:56:09,586] {dagbag.py:496} INFO - Filling up the DagBag from /home/karuturihemanth/.local/lib/python3.9/site-packages/airflow/example_dags/example_kubernetes_executor.py
[2021-07-10 09:56:09,594] {scheduler_job.py:643} INFO - DAG(s) dict_keys(['example_kubernetes_executor']) retrieved from /home/karuturihemanth/.local/lib/python3.9/site-packages/airflow/example_dags/example_kubernetes_executor.py
[2021-07-10 09:56:09,603] {logging_mixin.py:104} INFO - [2021-07-10 09:56:09,603] {dag.py:1833} INFO - Sync 1 DAGs
[2021-07-10 09:56:09,610] {logging_mixin.py:104} INFO - [2021-07-10 09:56:09,610] {dag.py:2306} INFO - Setting next_dagrun for example_kubernetes_executor to None
[2021-07-10 09:56:09,622] {scheduler_job.py:190} INFO - Processing /home/karuturihemanth/.local/lib/python3.9/site-packages/airflow/example_dags/example_kubernetes_executor.py took 0.039 seconds
[2021-07-10 09:56:41,777] {scheduler_job.py:182} INFO - Started process (PID=6342) to work on /home/karuturihemanth/.local/lib/python3.9/site-packages/airflow/example_dags/example_kubernetes_executor.py
[2021-07-10 09:56:41,778] {scheduler_job.py:633} INFO - Processing file /home/karuturihemanth/.local/lib/python3.9/site-packages/airflow/example_dags/example_kubernetes_executor.py for tasks to queue
[2021-07-10 09:56:41,778] {logging_mixin.py:104} INFO - [2021-07-10 09:56:41,778] {dagbag.py:496} INFO - Filling up the DagBag from /home/karuturihemanth/.local/lib/python3.9/site-packages/airflow/example_dags/example_kubernetes_executor.py
[2021-07-10 09:56:41,785] {scheduler_job.py:643} INFO - DAG(s) dict_keys(['example_kubernetes_executor']) retrieved from /home/karuturihemanth/.local/lib/python3.9/site-packages/airflow/example_dags/example_kubernetes_executor.py
[2021-07-10 09:56:41,794] {logging_mixin.py:104} INFO - [2021-07-10 09:56:41,794] {dag.py:1833} INFO - Sync 1 DAGs
[2021-07-10 09:56:41,801] {logging_mixin.py:104} INFO - [2021-07-10 09:56:41,801] {dag.py:2306} INFO - Setting next_dagrun for example_kubernetes_executor to None
[2021-07-10 09:56:41,814] {scheduler_job.py:190} INFO - Processing /home/karuturihemanth/.local/lib/python3.9/site-packages/airflow/example_dags/example_kubernetes_executor.py took 0.039 seconds
[2021-07-10 09:57:13,236] {scheduler_job.py:182} INFO - Started process (PID=6373) to work on /home/karuturihemanth/.local/lib/python3.9/site-packages/airflow/example_dags/example_kubernetes_executor.py
[2021-07-10 09:57:13,236] {scheduler_job.py:633} INFO - Processing file /home/karuturihemanth/.local/lib/python3.9/site-packages/airflow/example_dags/example_kubernetes_executor.py for tasks to queue
[2021-07-10 09:57:13,237] {logging_mixin.py:104} INFO - [2021-07-10 09:57:13,237] {dagbag.py:496} INFO - Filling up the DagBag from /home/karuturihemanth/.local/lib/python3.9/site-packages/airflow/example_dags/example_kubernetes_executor.py
[2021-07-10 09:57:13,245] {scheduler_job.py:643} INFO - DAG(s) dict_keys(['example_kubernetes_executor']) retrieved from /home/karuturihemanth/.local/lib/python3.9/site-packages/airflow/example_dags/example_kubernetes_executor.py
[2021-07-10 09:57:13,255] {logging_mixin.py:104} INFO - [2021-07-10 09:57:13,255] {dag.py:1833} INFO - Sync 1 DAGs
[2021-07-10 09:57:13,263] {logging_mixin.py:104} INFO - [2021-07-10 09:57:13,263] {dag.py:2306} INFO - Setting next_dagrun for example_kubernetes_executor to None
[2021-07-10 09:57:13,276] {scheduler_job.py:190} INFO - Processing /home/karuturihemanth/.local/lib/python3.9/site-packages/airflow/example_dags/example_kubernetes_executor.py took 0.042 seconds
[2021-07-10 09:57:44,454] {scheduler_job.py:182} INFO - Started process (PID=6404) to work on /home/karuturihemanth/.local/lib/python3.9/site-packages/airflow/example_dags/example_kubernetes_executor.py
[2021-07-10 09:57:44,455] {scheduler_job.py:633} INFO - Processing file /home/karuturihemanth/.local/lib/python3.9/site-packages/airflow/example_dags/example_kubernetes_executor.py for tasks to queue
[2021-07-10 09:57:44,455] {logging_mixin.py:104} INFO - [2021-07-10 09:57:44,455] {dagbag.py:496} INFO - Filling up the DagBag from /home/karuturihemanth/.local/lib/python3.9/site-packages/airflow/example_dags/example_kubernetes_executor.py
[2021-07-10 09:57:44,463] {scheduler_job.py:643} INFO - DAG(s) dict_keys(['example_kubernetes_executor']) retrieved from /home/karuturihemanth/.local/lib/python3.9/site-packages/airflow/example_dags/example_kubernetes_executor.py
[2021-07-10 09:57:44,473] {logging_mixin.py:104} INFO - [2021-07-10 09:57:44,473] {dag.py:1833} INFO - Sync 1 DAGs
[2021-07-10 09:57:44,481] {logging_mixin.py:104} INFO - [2021-07-10 09:57:44,481] {dag.py:2306} INFO - Setting next_dagrun for example_kubernetes_executor to None
[2021-07-10 09:57:44,492] {scheduler_job.py:190} INFO - Processing /home/karuturihemanth/.local/lib/python3.9/site-packages/airflow/example_dags/example_kubernetes_executor.py took 0.039 seconds
[2021-07-10 09:58:15,712] {scheduler_job.py:182} INFO - Started process (PID=6435) to work on /home/karuturihemanth/.local/lib/python3.9/site-packages/airflow/example_dags/example_kubernetes_executor.py
[2021-07-10 09:58:15,712] {scheduler_job.py:633} INFO - Processing file /home/karuturihemanth/.local/lib/python3.9/site-packages/airflow/example_dags/example_kubernetes_executor.py for tasks to queue
[2021-07-10 09:58:15,713] {logging_mixin.py:104} INFO - [2021-07-10 09:58:15,713] {dagbag.py:496} INFO - Filling up the DagBag from /home/karuturihemanth/.local/lib/python3.9/site-packages/airflow/example_dags/example_kubernetes_executor.py
[2021-07-10 09:58:15,720] {scheduler_job.py:643} INFO - DAG(s) dict_keys(['example_kubernetes_executor']) retrieved from /home/karuturihemanth/.local/lib/python3.9/site-packages/airflow/example_dags/example_kubernetes_executor.py
[2021-07-10 09:58:15,730] {logging_mixin.py:104} INFO - [2021-07-10 09:58:15,730] {dag.py:1833} INFO - Sync 1 DAGs
[2021-07-10 09:58:15,738] {logging_mixin.py:104} INFO - [2021-07-10 09:58:15,738] {dag.py:2306} INFO - Setting next_dagrun for example_kubernetes_executor to None
[2021-07-10 09:58:15,752] {scheduler_job.py:190} INFO - Processing /home/karuturihemanth/.local/lib/python3.9/site-packages/airflow/example_dags/example_kubernetes_executor.py took 0.042 seconds
[2021-07-10 09:58:47,909] {scheduler_job.py:182} INFO - Started process (PID=6466) to work on /home/karuturihemanth/.local/lib/python3.9/site-packages/airflow/example_dags/example_kubernetes_executor.py
[2021-07-10 09:58:47,910] {scheduler_job.py:633} INFO - Processing file /home/karuturihemanth/.local/lib/python3.9/site-packages/airflow/example_dags/example_kubernetes_executor.py for tasks to queue
[2021-07-10 09:58:47,910] {logging_mixin.py:104} INFO - [2021-07-10 09:58:47,910] {dagbag.py:496} INFO - Filling up the DagBag from /home/karuturihemanth/.local/lib/python3.9/site-packages/airflow/example_dags/example_kubernetes_executor.py
[2021-07-10 09:58:47,917] {scheduler_job.py:643} INFO - DAG(s) dict_keys(['example_kubernetes_executor']) retrieved from /home/karuturihemanth/.local/lib/python3.9/site-packages/airflow/example_dags/example_kubernetes_executor.py
[2021-07-10 09:58:47,927] {logging_mixin.py:104} INFO - [2021-07-10 09:58:47,927] {dag.py:1833} INFO - Sync 1 DAGs
[2021-07-10 09:58:47,935] {logging_mixin.py:104} INFO - [2021-07-10 09:58:47,934] {dag.py:2306} INFO - Setting next_dagrun for example_kubernetes_executor to None
[2021-07-10 09:58:47,948] {scheduler_job.py:190} INFO - Processing /home/karuturihemanth/.local/lib/python3.9/site-packages/airflow/example_dags/example_kubernetes_executor.py took 0.040 seconds
