[2021-07-10 09:54:27,499] {scheduler_job.py:182} INFO - Started process (PID=6214) to work on /home/karuturihemanth/.local/lib/python3.9/site-packages/airflow/example_dags/example_skip_dag.py
[2021-07-10 09:54:27,500] {scheduler_job.py:633} INFO - Processing file /home/karuturihemanth/.local/lib/python3.9/site-packages/airflow/example_dags/example_skip_dag.py for tasks to queue
[2021-07-10 09:54:27,500] {logging_mixin.py:104} INFO - [2021-07-10 09:54:27,500] {dagbag.py:496} INFO - Filling up the DagBag from /home/karuturihemanth/.local/lib/python3.9/site-packages/airflow/example_dags/example_skip_dag.py
[2021-07-10 09:54:27,507] {scheduler_job.py:643} INFO - DAG(s) dict_keys(['example_skip_dag']) retrieved from /home/karuturihemanth/.local/lib/python3.9/site-packages/airflow/example_dags/example_skip_dag.py
[2021-07-10 09:54:27,734] {logging_mixin.py:104} INFO - [2021-07-10 09:54:27,733] {dag.py:1833} INFO - Sync 1 DAGs
[2021-07-10 09:54:27,740] {logging_mixin.py:104} INFO - [2021-07-10 09:54:27,740] {dag.py:2306} INFO - Setting next_dagrun for example_skip_dag to 2021-07-08 00:00:00+00:00
[2021-07-10 09:54:27,752] {scheduler_job.py:190} INFO - Processing /home/karuturihemanth/.local/lib/python3.9/site-packages/airflow/example_dags/example_skip_dag.py took 0.254 seconds
[2021-07-10 09:55:04,454] {scheduler_job.py:182} INFO - Started process (PID=6245) to work on /home/karuturihemanth/.local/lib/python3.9/site-packages/airflow/example_dags/example_skip_dag.py
[2021-07-10 09:55:04,454] {scheduler_job.py:633} INFO - Processing file /home/karuturihemanth/.local/lib/python3.9/site-packages/airflow/example_dags/example_skip_dag.py for tasks to queue
[2021-07-10 09:55:04,455] {logging_mixin.py:104} INFO - [2021-07-10 09:55:04,455] {dagbag.py:496} INFO - Filling up the DagBag from /home/karuturihemanth/.local/lib/python3.9/site-packages/airflow/example_dags/example_skip_dag.py
[2021-07-10 09:55:04,461] {scheduler_job.py:643} INFO - DAG(s) dict_keys(['example_skip_dag']) retrieved from /home/karuturihemanth/.local/lib/python3.9/site-packages/airflow/example_dags/example_skip_dag.py
[2021-07-10 09:55:04,470] {logging_mixin.py:104} INFO - [2021-07-10 09:55:04,470] {dag.py:1833} INFO - Sync 1 DAGs
[2021-07-10 09:55:04,477] {logging_mixin.py:104} INFO - [2021-07-10 09:55:04,477] {dag.py:2306} INFO - Setting next_dagrun for example_skip_dag to 2021-07-08 00:00:00+00:00
[2021-07-10 09:55:04,489] {scheduler_job.py:190} INFO - Processing /home/karuturihemanth/.local/lib/python3.9/site-packages/airflow/example_dags/example_skip_dag.py took 0.037 seconds
[2021-07-10 09:55:36,462] {scheduler_job.py:182} INFO - Started process (PID=6276) to work on /home/karuturihemanth/.local/lib/python3.9/site-packages/airflow/example_dags/example_skip_dag.py
[2021-07-10 09:55:36,462] {scheduler_job.py:633} INFO - Processing file /home/karuturihemanth/.local/lib/python3.9/site-packages/airflow/example_dags/example_skip_dag.py for tasks to queue
[2021-07-10 09:55:36,463] {logging_mixin.py:104} INFO - [2021-07-10 09:55:36,463] {dagbag.py:496} INFO - Filling up the DagBag from /home/karuturihemanth/.local/lib/python3.9/site-packages/airflow/example_dags/example_skip_dag.py
[2021-07-10 09:55:36,470] {scheduler_job.py:643} INFO - DAG(s) dict_keys(['example_skip_dag']) retrieved from /home/karuturihemanth/.local/lib/python3.9/site-packages/airflow/example_dags/example_skip_dag.py
[2021-07-10 09:55:36,480] {logging_mixin.py:104} INFO - [2021-07-10 09:55:36,480] {dag.py:1833} INFO - Sync 1 DAGs
[2021-07-10 09:55:36,488] {logging_mixin.py:104} INFO - [2021-07-10 09:55:36,488] {dag.py:2306} INFO - Setting next_dagrun for example_skip_dag to 2021-07-08 00:00:00+00:00
[2021-07-10 09:55:36,501] {scheduler_job.py:190} INFO - Processing /home/karuturihemanth/.local/lib/python3.9/site-packages/airflow/example_dags/example_skip_dag.py took 0.040 seconds
[2021-07-10 09:56:07,327] {scheduler_job.py:182} INFO - Started process (PID=6308) to work on /home/karuturihemanth/.local/lib/python3.9/site-packages/airflow/example_dags/example_skip_dag.py
[2021-07-10 09:56:07,328] {scheduler_job.py:633} INFO - Processing file /home/karuturihemanth/.local/lib/python3.9/site-packages/airflow/example_dags/example_skip_dag.py for tasks to queue
[2021-07-10 09:56:07,328] {logging_mixin.py:104} INFO - [2021-07-10 09:56:07,328] {dagbag.py:496} INFO - Filling up the DagBag from /home/karuturihemanth/.local/lib/python3.9/site-packages/airflow/example_dags/example_skip_dag.py
[2021-07-10 09:56:07,336] {scheduler_job.py:643} INFO - DAG(s) dict_keys(['example_skip_dag']) retrieved from /home/karuturihemanth/.local/lib/python3.9/site-packages/airflow/example_dags/example_skip_dag.py
[2021-07-10 09:56:07,346] {logging_mixin.py:104} INFO - [2021-07-10 09:56:07,346] {dag.py:1833} INFO - Sync 1 DAGs
[2021-07-10 09:56:07,354] {logging_mixin.py:104} INFO - [2021-07-10 09:56:07,353] {dag.py:2306} INFO - Setting next_dagrun for example_skip_dag to 2021-07-08 00:00:00+00:00
[2021-07-10 09:56:07,366] {scheduler_job.py:190} INFO - Processing /home/karuturihemanth/.local/lib/python3.9/site-packages/airflow/example_dags/example_skip_dag.py took 0.041 seconds
[2021-07-10 09:56:39,520] {scheduler_job.py:182} INFO - Started process (PID=6340) to work on /home/karuturihemanth/.local/lib/python3.9/site-packages/airflow/example_dags/example_skip_dag.py
[2021-07-10 09:56:39,521] {scheduler_job.py:633} INFO - Processing file /home/karuturihemanth/.local/lib/python3.9/site-packages/airflow/example_dags/example_skip_dag.py for tasks to queue
[2021-07-10 09:56:39,521] {logging_mixin.py:104} INFO - [2021-07-10 09:56:39,521] {dagbag.py:496} INFO - Filling up the DagBag from /home/karuturihemanth/.local/lib/python3.9/site-packages/airflow/example_dags/example_skip_dag.py
[2021-07-10 09:56:39,528] {scheduler_job.py:643} INFO - DAG(s) dict_keys(['example_skip_dag']) retrieved from /home/karuturihemanth/.local/lib/python3.9/site-packages/airflow/example_dags/example_skip_dag.py
[2021-07-10 09:56:39,537] {logging_mixin.py:104} INFO - [2021-07-10 09:56:39,537] {dag.py:1833} INFO - Sync 1 DAGs
[2021-07-10 09:56:39,544] {logging_mixin.py:104} INFO - [2021-07-10 09:56:39,544] {dag.py:2306} INFO - Setting next_dagrun for example_skip_dag to 2021-07-08 00:00:00+00:00
[2021-07-10 09:56:39,557] {scheduler_job.py:190} INFO - Processing /home/karuturihemanth/.local/lib/python3.9/site-packages/airflow/example_dags/example_skip_dag.py took 0.038 seconds
[2021-07-10 09:57:11,493] {scheduler_job.py:182} INFO - Started process (PID=6371) to work on /home/karuturihemanth/.local/lib/python3.9/site-packages/airflow/example_dags/example_skip_dag.py
[2021-07-10 09:57:11,494] {scheduler_job.py:633} INFO - Processing file /home/karuturihemanth/.local/lib/python3.9/site-packages/airflow/example_dags/example_skip_dag.py for tasks to queue
[2021-07-10 09:57:11,494] {logging_mixin.py:104} INFO - [2021-07-10 09:57:11,494] {dagbag.py:496} INFO - Filling up the DagBag from /home/karuturihemanth/.local/lib/python3.9/site-packages/airflow/example_dags/example_skip_dag.py
[2021-07-10 09:57:11,500] {scheduler_job.py:643} INFO - DAG(s) dict_keys(['example_skip_dag']) retrieved from /home/karuturihemanth/.local/lib/python3.9/site-packages/airflow/example_dags/example_skip_dag.py
[2021-07-10 09:57:11,510] {logging_mixin.py:104} INFO - [2021-07-10 09:57:11,509] {dag.py:1833} INFO - Sync 1 DAGs
[2021-07-10 09:57:11,516] {logging_mixin.py:104} INFO - [2021-07-10 09:57:11,516] {dag.py:2306} INFO - Setting next_dagrun for example_skip_dag to 2021-07-08 00:00:00+00:00
[2021-07-10 09:57:11,528] {scheduler_job.py:190} INFO - Processing /home/karuturihemanth/.local/lib/python3.9/site-packages/airflow/example_dags/example_skip_dag.py took 0.037 seconds
[2021-07-10 09:57:43,840] {scheduler_job.py:182} INFO - Started process (PID=6402) to work on /home/karuturihemanth/.local/lib/python3.9/site-packages/airflow/example_dags/example_skip_dag.py
[2021-07-10 09:57:43,841] {scheduler_job.py:633} INFO - Processing file /home/karuturihemanth/.local/lib/python3.9/site-packages/airflow/example_dags/example_skip_dag.py for tasks to queue
[2021-07-10 09:57:43,841] {logging_mixin.py:104} INFO - [2021-07-10 09:57:43,841] {dagbag.py:496} INFO - Filling up the DagBag from /home/karuturihemanth/.local/lib/python3.9/site-packages/airflow/example_dags/example_skip_dag.py
[2021-07-10 09:57:43,848] {scheduler_job.py:643} INFO - DAG(s) dict_keys(['example_skip_dag']) retrieved from /home/karuturihemanth/.local/lib/python3.9/site-packages/airflow/example_dags/example_skip_dag.py
[2021-07-10 09:57:43,858] {logging_mixin.py:104} INFO - [2021-07-10 09:57:43,858] {dag.py:1833} INFO - Sync 1 DAGs
[2021-07-10 09:57:43,865] {logging_mixin.py:104} INFO - [2021-07-10 09:57:43,865] {dag.py:2306} INFO - Setting next_dagrun for example_skip_dag to 2021-07-08 00:00:00+00:00
[2021-07-10 09:57:43,877] {scheduler_job.py:190} INFO - Processing /home/karuturihemanth/.local/lib/python3.9/site-packages/airflow/example_dags/example_skip_dag.py took 0.038 seconds
[2021-07-10 09:58:14,247] {scheduler_job.py:182} INFO - Started process (PID=6433) to work on /home/karuturihemanth/.local/lib/python3.9/site-packages/airflow/example_dags/example_skip_dag.py
[2021-07-10 09:58:14,248] {scheduler_job.py:633} INFO - Processing file /home/karuturihemanth/.local/lib/python3.9/site-packages/airflow/example_dags/example_skip_dag.py for tasks to queue
[2021-07-10 09:58:14,248] {logging_mixin.py:104} INFO - [2021-07-10 09:58:14,248] {dagbag.py:496} INFO - Filling up the DagBag from /home/karuturihemanth/.local/lib/python3.9/site-packages/airflow/example_dags/example_skip_dag.py
[2021-07-10 09:58:14,255] {scheduler_job.py:643} INFO - DAG(s) dict_keys(['example_skip_dag']) retrieved from /home/karuturihemanth/.local/lib/python3.9/site-packages/airflow/example_dags/example_skip_dag.py
[2021-07-10 09:58:14,265] {logging_mixin.py:104} INFO - [2021-07-10 09:58:14,265] {dag.py:1833} INFO - Sync 1 DAGs
[2021-07-10 09:58:14,273] {logging_mixin.py:104} INFO - [2021-07-10 09:58:14,273] {dag.py:2306} INFO - Setting next_dagrun for example_skip_dag to 2021-07-08 00:00:00+00:00
[2021-07-10 09:58:14,285] {scheduler_job.py:190} INFO - Processing /home/karuturihemanth/.local/lib/python3.9/site-packages/airflow/example_dags/example_skip_dag.py took 0.039 seconds
[2021-07-10 09:58:45,848] {scheduler_job.py:182} INFO - Started process (PID=6464) to work on /home/karuturihemanth/.local/lib/python3.9/site-packages/airflow/example_dags/example_skip_dag.py
[2021-07-10 09:58:45,849] {scheduler_job.py:633} INFO - Processing file /home/karuturihemanth/.local/lib/python3.9/site-packages/airflow/example_dags/example_skip_dag.py for tasks to queue
[2021-07-10 09:58:45,849] {logging_mixin.py:104} INFO - [2021-07-10 09:58:45,849] {dagbag.py:496} INFO - Filling up the DagBag from /home/karuturihemanth/.local/lib/python3.9/site-packages/airflow/example_dags/example_skip_dag.py
[2021-07-10 09:58:45,856] {scheduler_job.py:643} INFO - DAG(s) dict_keys(['example_skip_dag']) retrieved from /home/karuturihemanth/.local/lib/python3.9/site-packages/airflow/example_dags/example_skip_dag.py
[2021-07-10 09:58:45,865] {logging_mixin.py:104} INFO - [2021-07-10 09:58:45,865] {dag.py:1833} INFO - Sync 1 DAGs
[2021-07-10 09:58:45,872] {logging_mixin.py:104} INFO - [2021-07-10 09:58:45,872] {dag.py:2306} INFO - Setting next_dagrun for example_skip_dag to 2021-07-08 00:00:00+00:00
[2021-07-10 09:58:45,885] {scheduler_job.py:190} INFO - Processing /home/karuturihemanth/.local/lib/python3.9/site-packages/airflow/example_dags/example_skip_dag.py took 0.038 seconds
