[2021-07-10 09:54:48,626] {scheduler_job.py:182} INFO - Started process (PID=6230) to work on /home/karuturihemanth/.local/lib/python3.9/site-packages/airflow/example_dags/example_bash_operator.py
[2021-07-10 09:54:48,626] {scheduler_job.py:633} INFO - Processing file /home/karuturihemanth/.local/lib/python3.9/site-packages/airflow/example_dags/example_bash_operator.py for tasks to queue
[2021-07-10 09:54:48,627] {logging_mixin.py:104} INFO - [2021-07-10 09:54:48,627] {dagbag.py:496} INFO - Filling up the DagBag from /home/karuturihemanth/.local/lib/python3.9/site-packages/airflow/example_dags/example_bash_operator.py
[2021-07-10 09:54:48,635] {scheduler_job.py:643} INFO - DAG(s) dict_keys(['example_bash_operator']) retrieved from /home/karuturihemanth/.local/lib/python3.9/site-packages/airflow/example_dags/example_bash_operator.py
[2021-07-10 09:54:48,857] {logging_mixin.py:104} INFO - [2021-07-10 09:54:48,857] {dag.py:1833} INFO - Sync 1 DAGs
[2021-07-10 09:54:48,865] {logging_mixin.py:104} INFO - [2021-07-10 09:54:48,865] {dag.py:2306} INFO - Setting next_dagrun for example_bash_operator to 2021-07-08 00:00:00+00:00
[2021-07-10 09:54:48,882] {scheduler_job.py:190} INFO - Processing /home/karuturihemanth/.local/lib/python3.9/site-packages/airflow/example_dags/example_bash_operator.py took 0.258 seconds
[2021-07-10 09:55:21,026] {scheduler_job.py:182} INFO - Started process (PID=6261) to work on /home/karuturihemanth/.local/lib/python3.9/site-packages/airflow/example_dags/example_bash_operator.py
[2021-07-10 09:55:21,027] {scheduler_job.py:633} INFO - Processing file /home/karuturihemanth/.local/lib/python3.9/site-packages/airflow/example_dags/example_bash_operator.py for tasks to queue
[2021-07-10 09:55:21,027] {logging_mixin.py:104} INFO - [2021-07-10 09:55:21,027] {dagbag.py:496} INFO - Filling up the DagBag from /home/karuturihemanth/.local/lib/python3.9/site-packages/airflow/example_dags/example_bash_operator.py
[2021-07-10 09:55:21,035] {scheduler_job.py:643} INFO - DAG(s) dict_keys(['example_bash_operator']) retrieved from /home/karuturihemanth/.local/lib/python3.9/site-packages/airflow/example_dags/example_bash_operator.py
[2021-07-10 09:55:21,045] {logging_mixin.py:104} INFO - [2021-07-10 09:55:21,045] {dag.py:1833} INFO - Sync 1 DAGs
[2021-07-10 09:55:21,054] {logging_mixin.py:104} INFO - [2021-07-10 09:55:21,054] {dag.py:2306} INFO - Setting next_dagrun for example_bash_operator to 2021-07-08 00:00:00+00:00
[2021-07-10 09:55:21,067] {scheduler_job.py:190} INFO - Processing /home/karuturihemanth/.local/lib/python3.9/site-packages/airflow/example_dags/example_bash_operator.py took 0.042 seconds
[2021-07-10 09:55:51,892] {scheduler_job.py:182} INFO - Started process (PID=6293) to work on /home/karuturihemanth/.local/lib/python3.9/site-packages/airflow/example_dags/example_bash_operator.py
[2021-07-10 09:55:51,893] {scheduler_job.py:633} INFO - Processing file /home/karuturihemanth/.local/lib/python3.9/site-packages/airflow/example_dags/example_bash_operator.py for tasks to queue
[2021-07-10 09:55:51,893] {logging_mixin.py:104} INFO - [2021-07-10 09:55:51,893] {dagbag.py:496} INFO - Filling up the DagBag from /home/karuturihemanth/.local/lib/python3.9/site-packages/airflow/example_dags/example_bash_operator.py
[2021-07-10 09:55:51,902] {scheduler_job.py:643} INFO - DAG(s) dict_keys(['example_bash_operator']) retrieved from /home/karuturihemanth/.local/lib/python3.9/site-packages/airflow/example_dags/example_bash_operator.py
[2021-07-10 09:55:51,911] {logging_mixin.py:104} INFO - [2021-07-10 09:55:51,911] {dag.py:1833} INFO - Sync 1 DAGs
[2021-07-10 09:55:51,920] {logging_mixin.py:104} INFO - [2021-07-10 09:55:51,920] {dag.py:2306} INFO - Setting next_dagrun for example_bash_operator to 2021-07-08 00:00:00+00:00
[2021-07-10 09:55:51,932] {scheduler_job.py:190} INFO - Processing /home/karuturihemanth/.local/lib/python3.9/site-packages/airflow/example_dags/example_bash_operator.py took 0.041 seconds
[2021-07-10 09:56:23,888] {scheduler_job.py:182} INFO - Started process (PID=6324) to work on /home/karuturihemanth/.local/lib/python3.9/site-packages/airflow/example_dags/example_bash_operator.py
[2021-07-10 09:56:23,888] {scheduler_job.py:633} INFO - Processing file /home/karuturihemanth/.local/lib/python3.9/site-packages/airflow/example_dags/example_bash_operator.py for tasks to queue
[2021-07-10 09:56:23,889] {logging_mixin.py:104} INFO - [2021-07-10 09:56:23,889] {dagbag.py:496} INFO - Filling up the DagBag from /home/karuturihemanth/.local/lib/python3.9/site-packages/airflow/example_dags/example_bash_operator.py
[2021-07-10 09:56:23,897] {scheduler_job.py:643} INFO - DAG(s) dict_keys(['example_bash_operator']) retrieved from /home/karuturihemanth/.local/lib/python3.9/site-packages/airflow/example_dags/example_bash_operator.py
[2021-07-10 09:56:23,907] {logging_mixin.py:104} INFO - [2021-07-10 09:56:23,906] {dag.py:1833} INFO - Sync 1 DAGs
[2021-07-10 09:56:23,916] {logging_mixin.py:104} INFO - [2021-07-10 09:56:23,916] {dag.py:2306} INFO - Setting next_dagrun for example_bash_operator to 2021-07-08 00:00:00+00:00
[2021-07-10 09:56:23,929] {scheduler_job.py:190} INFO - Processing /home/karuturihemanth/.local/lib/python3.9/site-packages/airflow/example_dags/example_bash_operator.py took 0.043 seconds
[2021-07-10 09:56:56,072] {scheduler_job.py:182} INFO - Started process (PID=6356) to work on /home/karuturihemanth/.local/lib/python3.9/site-packages/airflow/example_dags/example_bash_operator.py
[2021-07-10 09:56:56,072] {scheduler_job.py:633} INFO - Processing file /home/karuturihemanth/.local/lib/python3.9/site-packages/airflow/example_dags/example_bash_operator.py for tasks to queue
[2021-07-10 09:56:56,072] {logging_mixin.py:104} INFO - [2021-07-10 09:56:56,072] {dagbag.py:496} INFO - Filling up the DagBag from /home/karuturihemanth/.local/lib/python3.9/site-packages/airflow/example_dags/example_bash_operator.py
[2021-07-10 09:56:56,081] {scheduler_job.py:643} INFO - DAG(s) dict_keys(['example_bash_operator']) retrieved from /home/karuturihemanth/.local/lib/python3.9/site-packages/airflow/example_dags/example_bash_operator.py
[2021-07-10 09:56:56,090] {logging_mixin.py:104} INFO - [2021-07-10 09:56:56,090] {dag.py:1833} INFO - Sync 1 DAGs
[2021-07-10 09:56:56,100] {logging_mixin.py:104} INFO - [2021-07-10 09:56:56,099] {dag.py:2306} INFO - Setting next_dagrun for example_bash_operator to 2021-07-08 00:00:00+00:00
[2021-07-10 09:56:56,112] {scheduler_job.py:190} INFO - Processing /home/karuturihemanth/.local/lib/python3.9/site-packages/airflow/example_dags/example_bash_operator.py took 0.042 seconds
[2021-07-10 09:57:29,976] {scheduler_job.py:182} INFO - Started process (PID=6389) to work on /home/karuturihemanth/.local/lib/python3.9/site-packages/airflow/example_dags/example_bash_operator.py
[2021-07-10 09:57:29,976] {scheduler_job.py:633} INFO - Processing file /home/karuturihemanth/.local/lib/python3.9/site-packages/airflow/example_dags/example_bash_operator.py for tasks to queue
[2021-07-10 09:57:29,976] {logging_mixin.py:104} INFO - [2021-07-10 09:57:29,976] {dagbag.py:496} INFO - Filling up the DagBag from /home/karuturihemanth/.local/lib/python3.9/site-packages/airflow/example_dags/example_bash_operator.py
[2021-07-10 09:57:29,985] {scheduler_job.py:643} INFO - DAG(s) dict_keys(['example_bash_operator']) retrieved from /home/karuturihemanth/.local/lib/python3.9/site-packages/airflow/example_dags/example_bash_operator.py
[2021-07-10 09:57:29,994] {logging_mixin.py:104} INFO - [2021-07-10 09:57:29,994] {dag.py:1833} INFO - Sync 1 DAGs
[2021-07-10 09:57:30,004] {logging_mixin.py:104} INFO - [2021-07-10 09:57:30,004] {dag.py:2306} INFO - Setting next_dagrun for example_bash_operator to 2021-07-08 00:00:00+00:00
[2021-07-10 09:57:30,017] {scheduler_job.py:190} INFO - Processing /home/karuturihemanth/.local/lib/python3.9/site-packages/airflow/example_dags/example_bash_operator.py took 0.043 seconds
[2021-07-10 09:58:02,358] {scheduler_job.py:182} INFO - Started process (PID=6421) to work on /home/karuturihemanth/.local/lib/python3.9/site-packages/airflow/example_dags/example_bash_operator.py
[2021-07-10 09:58:02,358] {scheduler_job.py:633} INFO - Processing file /home/karuturihemanth/.local/lib/python3.9/site-packages/airflow/example_dags/example_bash_operator.py for tasks to queue
[2021-07-10 09:58:02,358] {logging_mixin.py:104} INFO - [2021-07-10 09:58:02,358] {dagbag.py:496} INFO - Filling up the DagBag from /home/karuturihemanth/.local/lib/python3.9/site-packages/airflow/example_dags/example_bash_operator.py
[2021-07-10 09:58:02,367] {scheduler_job.py:643} INFO - DAG(s) dict_keys(['example_bash_operator']) retrieved from /home/karuturihemanth/.local/lib/python3.9/site-packages/airflow/example_dags/example_bash_operator.py
[2021-07-10 09:58:02,376] {logging_mixin.py:104} INFO - [2021-07-10 09:58:02,376] {dag.py:1833} INFO - Sync 1 DAGs
[2021-07-10 09:58:02,386] {logging_mixin.py:104} INFO - [2021-07-10 09:58:02,386] {dag.py:2306} INFO - Setting next_dagrun for example_bash_operator to 2021-07-08 00:00:00+00:00
[2021-07-10 09:58:02,398] {scheduler_job.py:190} INFO - Processing /home/karuturihemanth/.local/lib/python3.9/site-packages/airflow/example_dags/example_bash_operator.py took 0.042 seconds
[2021-07-10 09:58:34,742] {scheduler_job.py:182} INFO - Started process (PID=6453) to work on /home/karuturihemanth/.local/lib/python3.9/site-packages/airflow/example_dags/example_bash_operator.py
[2021-07-10 09:58:34,743] {scheduler_job.py:633} INFO - Processing file /home/karuturihemanth/.local/lib/python3.9/site-packages/airflow/example_dags/example_bash_operator.py for tasks to queue
[2021-07-10 09:58:34,743] {logging_mixin.py:104} INFO - [2021-07-10 09:58:34,743] {dagbag.py:496} INFO - Filling up the DagBag from /home/karuturihemanth/.local/lib/python3.9/site-packages/airflow/example_dags/example_bash_operator.py
[2021-07-10 09:58:34,751] {scheduler_job.py:643} INFO - DAG(s) dict_keys(['example_bash_operator']) retrieved from /home/karuturihemanth/.local/lib/python3.9/site-packages/airflow/example_dags/example_bash_operator.py
[2021-07-10 09:58:34,761] {logging_mixin.py:104} INFO - [2021-07-10 09:58:34,761] {dag.py:1833} INFO - Sync 1 DAGs
[2021-07-10 09:58:34,770] {logging_mixin.py:104} INFO - [2021-07-10 09:58:34,770] {dag.py:2306} INFO - Setting next_dagrun for example_bash_operator to 2021-07-08 00:00:00+00:00
[2021-07-10 09:58:34,782] {scheduler_job.py:190} INFO - Processing /home/karuturihemanth/.local/lib/python3.9/site-packages/airflow/example_dags/example_bash_operator.py took 0.042 seconds
[2021-07-10 09:59:06,727] {scheduler_job.py:182} INFO - Started process (PID=6484) to work on /home/karuturihemanth/.local/lib/python3.9/site-packages/airflow/example_dags/example_bash_operator.py
[2021-07-10 09:59:06,728] {scheduler_job.py:633} INFO - Processing file /home/karuturihemanth/.local/lib/python3.9/site-packages/airflow/example_dags/example_bash_operator.py for tasks to queue
[2021-07-10 09:59:06,728] {logging_mixin.py:104} INFO - [2021-07-10 09:59:06,728] {dagbag.py:496} INFO - Filling up the DagBag from /home/karuturihemanth/.local/lib/python3.9/site-packages/airflow/example_dags/example_bash_operator.py
[2021-07-10 09:59:06,736] {scheduler_job.py:643} INFO - DAG(s) dict_keys(['example_bash_operator']) retrieved from /home/karuturihemanth/.local/lib/python3.9/site-packages/airflow/example_dags/example_bash_operator.py
[2021-07-10 09:59:06,746] {logging_mixin.py:104} INFO - [2021-07-10 09:59:06,746] {dag.py:1833} INFO - Sync 1 DAGs
[2021-07-10 09:59:06,756] {logging_mixin.py:104} INFO - [2021-07-10 09:59:06,756] {dag.py:2306} INFO - Setting next_dagrun for example_bash_operator to 2021-07-08 00:00:00+00:00
[2021-07-10 09:59:06,768] {scheduler_job.py:190} INFO - Processing /home/karuturihemanth/.local/lib/python3.9/site-packages/airflow/example_dags/example_bash_operator.py took 0.042 seconds
