[2021-07-10 09:54:45,968] {scheduler_job.py:182} INFO - Started process (PID=6228) to work on /home/karuturihemanth/.local/lib/python3.9/site-packages/airflow/example_dags/example_task_group.py
[2021-07-10 09:54:45,969] {scheduler_job.py:633} INFO - Processing file /home/karuturihemanth/.local/lib/python3.9/site-packages/airflow/example_dags/example_task_group.py for tasks to queue
[2021-07-10 09:54:45,969] {logging_mixin.py:104} INFO - [2021-07-10 09:54:45,969] {dagbag.py:496} INFO - Filling up the DagBag from /home/karuturihemanth/.local/lib/python3.9/site-packages/airflow/example_dags/example_task_group.py
[2021-07-10 09:54:45,977] {scheduler_job.py:643} INFO - DAG(s) dict_keys(['example_task_group']) retrieved from /home/karuturihemanth/.local/lib/python3.9/site-packages/airflow/example_dags/example_task_group.py
[2021-07-10 09:54:46,198] {logging_mixin.py:104} INFO - [2021-07-10 09:54:46,197] {dag.py:1833} INFO - Sync 1 DAGs
[2021-07-10 09:54:46,204] {logging_mixin.py:104} INFO - [2021-07-10 09:54:46,203] {dag.py:2306} INFO - Setting next_dagrun for example_task_group to 2021-07-08 00:00:00+00:00
[2021-07-10 09:54:46,217] {scheduler_job.py:190} INFO - Processing /home/karuturihemanth/.local/lib/python3.9/site-packages/airflow/example_dags/example_task_group.py took 0.250 seconds
[2021-07-10 09:55:19,470] {scheduler_job.py:182} INFO - Started process (PID=6259) to work on /home/karuturihemanth/.local/lib/python3.9/site-packages/airflow/example_dags/example_task_group.py
[2021-07-10 09:55:19,470] {scheduler_job.py:633} INFO - Processing file /home/karuturihemanth/.local/lib/python3.9/site-packages/airflow/example_dags/example_task_group.py for tasks to queue
[2021-07-10 09:55:19,471] {logging_mixin.py:104} INFO - [2021-07-10 09:55:19,471] {dagbag.py:496} INFO - Filling up the DagBag from /home/karuturihemanth/.local/lib/python3.9/site-packages/airflow/example_dags/example_task_group.py
[2021-07-10 09:55:19,480] {scheduler_job.py:643} INFO - DAG(s) dict_keys(['example_task_group']) retrieved from /home/karuturihemanth/.local/lib/python3.9/site-packages/airflow/example_dags/example_task_group.py
[2021-07-10 09:55:19,490] {logging_mixin.py:104} INFO - [2021-07-10 09:55:19,490] {dag.py:1833} INFO - Sync 1 DAGs
[2021-07-10 09:55:19,497] {logging_mixin.py:104} INFO - [2021-07-10 09:55:19,497] {dag.py:2306} INFO - Setting next_dagrun for example_task_group to 2021-07-08 00:00:00+00:00
[2021-07-10 09:55:19,509] {scheduler_job.py:190} INFO - Processing /home/karuturihemanth/.local/lib/python3.9/site-packages/airflow/example_dags/example_task_group.py took 0.041 seconds
[2021-07-10 09:55:50,337] {scheduler_job.py:182} INFO - Started process (PID=6290) to work on /home/karuturihemanth/.local/lib/python3.9/site-packages/airflow/example_dags/example_task_group.py
[2021-07-10 09:55:50,338] {scheduler_job.py:633} INFO - Processing file /home/karuturihemanth/.local/lib/python3.9/site-packages/airflow/example_dags/example_task_group.py for tasks to queue
[2021-07-10 09:55:50,338] {logging_mixin.py:104} INFO - [2021-07-10 09:55:50,338] {dagbag.py:496} INFO - Filling up the DagBag from /home/karuturihemanth/.local/lib/python3.9/site-packages/airflow/example_dags/example_task_group.py
[2021-07-10 09:55:50,346] {scheduler_job.py:643} INFO - DAG(s) dict_keys(['example_task_group']) retrieved from /home/karuturihemanth/.local/lib/python3.9/site-packages/airflow/example_dags/example_task_group.py
[2021-07-10 09:55:50,355] {logging_mixin.py:104} INFO - [2021-07-10 09:55:50,355] {dag.py:1833} INFO - Sync 1 DAGs
[2021-07-10 09:55:50,363] {logging_mixin.py:104} INFO - [2021-07-10 09:55:50,362] {dag.py:2306} INFO - Setting next_dagrun for example_task_group to 2021-07-08 00:00:00+00:00
[2021-07-10 09:55:50,375] {scheduler_job.py:190} INFO - Processing /home/karuturihemanth/.local/lib/python3.9/site-packages/airflow/example_dags/example_task_group.py took 0.039 seconds
[2021-07-10 09:56:21,617] {scheduler_job.py:182} INFO - Started process (PID=6322) to work on /home/karuturihemanth/.local/lib/python3.9/site-packages/airflow/example_dags/example_task_group.py
[2021-07-10 09:56:21,618] {scheduler_job.py:633} INFO - Processing file /home/karuturihemanth/.local/lib/python3.9/site-packages/airflow/example_dags/example_task_group.py for tasks to queue
[2021-07-10 09:56:21,618] {logging_mixin.py:104} INFO - [2021-07-10 09:56:21,618] {dagbag.py:496} INFO - Filling up the DagBag from /home/karuturihemanth/.local/lib/python3.9/site-packages/airflow/example_dags/example_task_group.py
[2021-07-10 09:56:21,628] {scheduler_job.py:643} INFO - DAG(s) dict_keys(['example_task_group']) retrieved from /home/karuturihemanth/.local/lib/python3.9/site-packages/airflow/example_dags/example_task_group.py
[2021-07-10 09:56:21,638] {logging_mixin.py:104} INFO - [2021-07-10 09:56:21,638] {dag.py:1833} INFO - Sync 1 DAGs
[2021-07-10 09:56:21,646] {logging_mixin.py:104} INFO - [2021-07-10 09:56:21,646] {dag.py:2306} INFO - Setting next_dagrun for example_task_group to 2021-07-08 00:00:00+00:00
[2021-07-10 09:56:21,658] {scheduler_job.py:190} INFO - Processing /home/karuturihemanth/.local/lib/python3.9/site-packages/airflow/example_dags/example_task_group.py took 0.043 seconds
[2021-07-10 09:56:53,816] {scheduler_job.py:182} INFO - Started process (PID=6354) to work on /home/karuturihemanth/.local/lib/python3.9/site-packages/airflow/example_dags/example_task_group.py
[2021-07-10 09:56:53,817] {scheduler_job.py:633} INFO - Processing file /home/karuturihemanth/.local/lib/python3.9/site-packages/airflow/example_dags/example_task_group.py for tasks to queue
[2021-07-10 09:56:53,817] {logging_mixin.py:104} INFO - [2021-07-10 09:56:53,817] {dagbag.py:496} INFO - Filling up the DagBag from /home/karuturihemanth/.local/lib/python3.9/site-packages/airflow/example_dags/example_task_group.py
[2021-07-10 09:56:53,826] {scheduler_job.py:643} INFO - DAG(s) dict_keys(['example_task_group']) retrieved from /home/karuturihemanth/.local/lib/python3.9/site-packages/airflow/example_dags/example_task_group.py
[2021-07-10 09:56:53,836] {logging_mixin.py:104} INFO - [2021-07-10 09:56:53,836] {dag.py:1833} INFO - Sync 1 DAGs
[2021-07-10 09:56:53,843] {logging_mixin.py:104} INFO - [2021-07-10 09:56:53,843] {dag.py:2306} INFO - Setting next_dagrun for example_task_group to 2021-07-08 00:00:00+00:00
[2021-07-10 09:56:53,856] {scheduler_job.py:190} INFO - Processing /home/karuturihemanth/.local/lib/python3.9/site-packages/airflow/example_dags/example_task_group.py took 0.042 seconds
[2021-07-10 09:57:25,945] {scheduler_job.py:182} INFO - Started process (PID=6385) to work on /home/karuturihemanth/.local/lib/python3.9/site-packages/airflow/example_dags/example_task_group.py
[2021-07-10 09:57:25,945] {scheduler_job.py:633} INFO - Processing file /home/karuturihemanth/.local/lib/python3.9/site-packages/airflow/example_dags/example_task_group.py for tasks to queue
[2021-07-10 09:57:25,945] {logging_mixin.py:104} INFO - [2021-07-10 09:57:25,945] {dagbag.py:496} INFO - Filling up the DagBag from /home/karuturihemanth/.local/lib/python3.9/site-packages/airflow/example_dags/example_task_group.py
[2021-07-10 09:57:25,953] {scheduler_job.py:643} INFO - DAG(s) dict_keys(['example_task_group']) retrieved from /home/karuturihemanth/.local/lib/python3.9/site-packages/airflow/example_dags/example_task_group.py
[2021-07-10 09:57:25,963] {logging_mixin.py:104} INFO - [2021-07-10 09:57:25,963] {dag.py:1833} INFO - Sync 1 DAGs
[2021-07-10 09:57:25,970] {logging_mixin.py:104} INFO - [2021-07-10 09:57:25,970] {dag.py:2306} INFO - Setting next_dagrun for example_task_group to 2021-07-08 00:00:00+00:00
[2021-07-10 09:57:25,983] {scheduler_job.py:190} INFO - Processing /home/karuturihemanth/.local/lib/python3.9/site-packages/airflow/example_dags/example_task_group.py took 0.040 seconds
[2021-07-10 09:57:57,212] {scheduler_job.py:182} INFO - Started process (PID=6416) to work on /home/karuturihemanth/.local/lib/python3.9/site-packages/airflow/example_dags/example_task_group.py
[2021-07-10 09:57:57,212] {scheduler_job.py:633} INFO - Processing file /home/karuturihemanth/.local/lib/python3.9/site-packages/airflow/example_dags/example_task_group.py for tasks to queue
[2021-07-10 09:57:57,213] {logging_mixin.py:104} INFO - [2021-07-10 09:57:57,213] {dagbag.py:496} INFO - Filling up the DagBag from /home/karuturihemanth/.local/lib/python3.9/site-packages/airflow/example_dags/example_task_group.py
[2021-07-10 09:57:57,221] {scheduler_job.py:643} INFO - DAG(s) dict_keys(['example_task_group']) retrieved from /home/karuturihemanth/.local/lib/python3.9/site-packages/airflow/example_dags/example_task_group.py
[2021-07-10 09:57:57,230] {logging_mixin.py:104} INFO - [2021-07-10 09:57:57,230] {dag.py:1833} INFO - Sync 1 DAGs
[2021-07-10 09:57:57,237] {logging_mixin.py:104} INFO - [2021-07-10 09:57:57,237] {dag.py:2306} INFO - Setting next_dagrun for example_task_group to 2021-07-08 00:00:00+00:00
[2021-07-10 09:57:57,249] {scheduler_job.py:190} INFO - Processing /home/karuturihemanth/.local/lib/python3.9/site-packages/airflow/example_dags/example_task_group.py took 0.038 seconds
[2021-07-10 09:58:28,467] {scheduler_job.py:182} INFO - Started process (PID=6447) to work on /home/karuturihemanth/.local/lib/python3.9/site-packages/airflow/example_dags/example_task_group.py
[2021-07-10 09:58:28,468] {scheduler_job.py:633} INFO - Processing file /home/karuturihemanth/.local/lib/python3.9/site-packages/airflow/example_dags/example_task_group.py for tasks to queue
[2021-07-10 09:58:28,468] {logging_mixin.py:104} INFO - [2021-07-10 09:58:28,468] {dagbag.py:496} INFO - Filling up the DagBag from /home/karuturihemanth/.local/lib/python3.9/site-packages/airflow/example_dags/example_task_group.py
[2021-07-10 09:58:28,476] {scheduler_job.py:643} INFO - DAG(s) dict_keys(['example_task_group']) retrieved from /home/karuturihemanth/.local/lib/python3.9/site-packages/airflow/example_dags/example_task_group.py
[2021-07-10 09:58:28,487] {logging_mixin.py:104} INFO - [2021-07-10 09:58:28,487] {dag.py:1833} INFO - Sync 1 DAGs
[2021-07-10 09:58:28,496] {logging_mixin.py:104} INFO - [2021-07-10 09:58:28,495] {dag.py:2306} INFO - Setting next_dagrun for example_task_group to 2021-07-08 00:00:00+00:00
[2021-07-10 09:58:28,508] {scheduler_job.py:190} INFO - Processing /home/karuturihemanth/.local/lib/python3.9/site-packages/airflow/example_dags/example_task_group.py took 0.043 seconds
[2021-07-10 09:58:59,848] {scheduler_job.py:182} INFO - Started process (PID=6478) to work on /home/karuturihemanth/.local/lib/python3.9/site-packages/airflow/example_dags/example_task_group.py
[2021-07-10 09:58:59,848] {scheduler_job.py:633} INFO - Processing file /home/karuturihemanth/.local/lib/python3.9/site-packages/airflow/example_dags/example_task_group.py for tasks to queue
[2021-07-10 09:58:59,849] {logging_mixin.py:104} INFO - [2021-07-10 09:58:59,849] {dagbag.py:496} INFO - Filling up the DagBag from /home/karuturihemanth/.local/lib/python3.9/site-packages/airflow/example_dags/example_task_group.py
[2021-07-10 09:58:59,857] {scheduler_job.py:643} INFO - DAG(s) dict_keys(['example_task_group']) retrieved from /home/karuturihemanth/.local/lib/python3.9/site-packages/airflow/example_dags/example_task_group.py
[2021-07-10 09:58:59,866] {logging_mixin.py:104} INFO - [2021-07-10 09:58:59,866] {dag.py:1833} INFO - Sync 1 DAGs
[2021-07-10 09:58:59,873] {logging_mixin.py:104} INFO - [2021-07-10 09:58:59,873] {dag.py:2306} INFO - Setting next_dagrun for example_task_group to 2021-07-08 00:00:00+00:00
[2021-07-10 09:58:59,886] {scheduler_job.py:190} INFO - Processing /home/karuturihemanth/.local/lib/python3.9/site-packages/airflow/example_dags/example_task_group.py took 0.039 seconds
