[2021-07-10 09:54:31,501] {scheduler_job.py:182} INFO - Started process (PID=6217) to work on /home/karuturihemanth/.local/lib/python3.9/site-packages/airflow/example_dags/example_branch_operator.py
[2021-07-10 09:54:31,502] {scheduler_job.py:633} INFO - Processing file /home/karuturihemanth/.local/lib/python3.9/site-packages/airflow/example_dags/example_branch_operator.py for tasks to queue
[2021-07-10 09:54:31,502] {logging_mixin.py:104} INFO - [2021-07-10 09:54:31,502] {dagbag.py:496} INFO - Filling up the DagBag from /home/karuturihemanth/.local/lib/python3.9/site-packages/airflow/example_dags/example_branch_operator.py
[2021-07-10 09:54:31,511] {scheduler_job.py:643} INFO - DAG(s) dict_keys(['example_branch_operator']) retrieved from /home/karuturihemanth/.local/lib/python3.9/site-packages/airflow/example_dags/example_branch_operator.py
[2021-07-10 09:54:31,739] {logging_mixin.py:104} INFO - [2021-07-10 09:54:31,739] {dag.py:1833} INFO - Sync 1 DAGs
[2021-07-10 09:54:31,748] {logging_mixin.py:104} INFO - [2021-07-10 09:54:31,748] {dag.py:2306} INFO - Setting next_dagrun for example_branch_operator to 2021-07-08 00:00:00+00:00
[2021-07-10 09:54:31,761] {scheduler_job.py:190} INFO - Processing /home/karuturihemanth/.local/lib/python3.9/site-packages/airflow/example_dags/example_branch_operator.py took 0.262 seconds
[2021-07-10 09:55:07,850] {scheduler_job.py:182} INFO - Started process (PID=6248) to work on /home/karuturihemanth/.local/lib/python3.9/site-packages/airflow/example_dags/example_branch_operator.py
[2021-07-10 09:55:07,851] {scheduler_job.py:633} INFO - Processing file /home/karuturihemanth/.local/lib/python3.9/site-packages/airflow/example_dags/example_branch_operator.py for tasks to queue
[2021-07-10 09:55:07,851] {logging_mixin.py:104} INFO - [2021-07-10 09:55:07,851] {dagbag.py:496} INFO - Filling up the DagBag from /home/karuturihemanth/.local/lib/python3.9/site-packages/airflow/example_dags/example_branch_operator.py
[2021-07-10 09:55:07,860] {scheduler_job.py:643} INFO - DAG(s) dict_keys(['example_branch_operator']) retrieved from /home/karuturihemanth/.local/lib/python3.9/site-packages/airflow/example_dags/example_branch_operator.py
[2021-07-10 09:55:07,870] {logging_mixin.py:104} INFO - [2021-07-10 09:55:07,870] {dag.py:1833} INFO - Sync 1 DAGs
[2021-07-10 09:55:07,879] {logging_mixin.py:104} INFO - [2021-07-10 09:55:07,879] {dag.py:2306} INFO - Setting next_dagrun for example_branch_operator to 2021-07-08 00:00:00+00:00
[2021-07-10 09:55:07,891] {scheduler_job.py:190} INFO - Processing /home/karuturihemanth/.local/lib/python3.9/site-packages/airflow/example_dags/example_branch_operator.py took 0.042 seconds
[2021-07-10 09:55:39,847] {scheduler_job.py:182} INFO - Started process (PID=6279) to work on /home/karuturihemanth/.local/lib/python3.9/site-packages/airflow/example_dags/example_branch_operator.py
[2021-07-10 09:55:39,847] {scheduler_job.py:633} INFO - Processing file /home/karuturihemanth/.local/lib/python3.9/site-packages/airflow/example_dags/example_branch_operator.py for tasks to queue
[2021-07-10 09:55:39,848] {logging_mixin.py:104} INFO - [2021-07-10 09:55:39,848] {dagbag.py:496} INFO - Filling up the DagBag from /home/karuturihemanth/.local/lib/python3.9/site-packages/airflow/example_dags/example_branch_operator.py
[2021-07-10 09:55:39,856] {scheduler_job.py:643} INFO - DAG(s) dict_keys(['example_branch_operator']) retrieved from /home/karuturihemanth/.local/lib/python3.9/site-packages/airflow/example_dags/example_branch_operator.py
[2021-07-10 09:55:39,866] {logging_mixin.py:104} INFO - [2021-07-10 09:55:39,866] {dag.py:1833} INFO - Sync 1 DAGs
[2021-07-10 09:55:39,875] {logging_mixin.py:104} INFO - [2021-07-10 09:55:39,875] {dag.py:2306} INFO - Setting next_dagrun for example_branch_operator to 2021-07-08 00:00:00+00:00
[2021-07-10 09:55:39,887] {scheduler_job.py:190} INFO - Processing /home/karuturihemanth/.local/lib/python3.9/site-packages/airflow/example_dags/example_branch_operator.py took 0.041 seconds
[2021-07-10 09:56:10,715] {scheduler_job.py:182} INFO - Started process (PID=6311) to work on /home/karuturihemanth/.local/lib/python3.9/site-packages/airflow/example_dags/example_branch_operator.py
[2021-07-10 09:56:10,716] {scheduler_job.py:633} INFO - Processing file /home/karuturihemanth/.local/lib/python3.9/site-packages/airflow/example_dags/example_branch_operator.py for tasks to queue
[2021-07-10 09:56:10,716] {logging_mixin.py:104} INFO - [2021-07-10 09:56:10,716] {dagbag.py:496} INFO - Filling up the DagBag from /home/karuturihemanth/.local/lib/python3.9/site-packages/airflow/example_dags/example_branch_operator.py
[2021-07-10 09:56:10,725] {scheduler_job.py:643} INFO - DAG(s) dict_keys(['example_branch_operator']) retrieved from /home/karuturihemanth/.local/lib/python3.9/site-packages/airflow/example_dags/example_branch_operator.py
[2021-07-10 09:56:10,735] {logging_mixin.py:104} INFO - [2021-07-10 09:56:10,735] {dag.py:1833} INFO - Sync 1 DAGs
[2021-07-10 09:56:10,745] {logging_mixin.py:104} INFO - [2021-07-10 09:56:10,745] {dag.py:2306} INFO - Setting next_dagrun for example_branch_operator to 2021-07-08 00:00:00+00:00
[2021-07-10 09:56:10,758] {scheduler_job.py:190} INFO - Processing /home/karuturihemanth/.local/lib/python3.9/site-packages/airflow/example_dags/example_branch_operator.py took 0.045 seconds
[2021-07-10 09:56:42,392] {scheduler_job.py:182} INFO - Started process (PID=6343) to work on /home/karuturihemanth/.local/lib/python3.9/site-packages/airflow/example_dags/example_branch_operator.py
[2021-07-10 09:56:42,392] {scheduler_job.py:633} INFO - Processing file /home/karuturihemanth/.local/lib/python3.9/site-packages/airflow/example_dags/example_branch_operator.py for tasks to queue
[2021-07-10 09:56:42,393] {logging_mixin.py:104} INFO - [2021-07-10 09:56:42,393] {dagbag.py:496} INFO - Filling up the DagBag from /home/karuturihemanth/.local/lib/python3.9/site-packages/airflow/example_dags/example_branch_operator.py
[2021-07-10 09:56:42,402] {scheduler_job.py:643} INFO - DAG(s) dict_keys(['example_branch_operator']) retrieved from /home/karuturihemanth/.local/lib/python3.9/site-packages/airflow/example_dags/example_branch_operator.py
[2021-07-10 09:56:42,412] {logging_mixin.py:104} INFO - [2021-07-10 09:56:42,412] {dag.py:1833} INFO - Sync 1 DAGs
[2021-07-10 09:56:42,422] {logging_mixin.py:104} INFO - [2021-07-10 09:56:42,422] {dag.py:2306} INFO - Setting next_dagrun for example_branch_operator to 2021-07-08 00:00:00+00:00
[2021-07-10 09:56:42,435] {scheduler_job.py:190} INFO - Processing /home/karuturihemanth/.local/lib/python3.9/site-packages/airflow/example_dags/example_branch_operator.py took 0.045 seconds
[2021-07-10 09:57:13,797] {scheduler_job.py:182} INFO - Started process (PID=6374) to work on /home/karuturihemanth/.local/lib/python3.9/site-packages/airflow/example_dags/example_branch_operator.py
[2021-07-10 09:57:13,798] {scheduler_job.py:633} INFO - Processing file /home/karuturihemanth/.local/lib/python3.9/site-packages/airflow/example_dags/example_branch_operator.py for tasks to queue
[2021-07-10 09:57:13,798] {logging_mixin.py:104} INFO - [2021-07-10 09:57:13,798] {dagbag.py:496} INFO - Filling up the DagBag from /home/karuturihemanth/.local/lib/python3.9/site-packages/airflow/example_dags/example_branch_operator.py
[2021-07-10 09:57:13,807] {scheduler_job.py:643} INFO - DAG(s) dict_keys(['example_branch_operator']) retrieved from /home/karuturihemanth/.local/lib/python3.9/site-packages/airflow/example_dags/example_branch_operator.py
[2021-07-10 09:57:13,819] {logging_mixin.py:104} INFO - [2021-07-10 09:57:13,819] {dag.py:1833} INFO - Sync 1 DAGs
[2021-07-10 09:57:13,830] {logging_mixin.py:104} INFO - [2021-07-10 09:57:13,829] {dag.py:2306} INFO - Setting next_dagrun for example_branch_operator to 2021-07-08 00:00:00+00:00
[2021-07-10 09:57:13,843] {scheduler_job.py:190} INFO - Processing /home/karuturihemanth/.local/lib/python3.9/site-packages/airflow/example_dags/example_branch_operator.py took 0.047 seconds
[2021-07-10 09:57:45,600] {scheduler_job.py:182} INFO - Started process (PID=6405) to work on /home/karuturihemanth/.local/lib/python3.9/site-packages/airflow/example_dags/example_branch_operator.py
[2021-07-10 09:57:45,601] {scheduler_job.py:633} INFO - Processing file /home/karuturihemanth/.local/lib/python3.9/site-packages/airflow/example_dags/example_branch_operator.py for tasks to queue
[2021-07-10 09:57:45,601] {logging_mixin.py:104} INFO - [2021-07-10 09:57:45,601] {dagbag.py:496} INFO - Filling up the DagBag from /home/karuturihemanth/.local/lib/python3.9/site-packages/airflow/example_dags/example_branch_operator.py
[2021-07-10 09:57:45,610] {scheduler_job.py:643} INFO - DAG(s) dict_keys(['example_branch_operator']) retrieved from /home/karuturihemanth/.local/lib/python3.9/site-packages/airflow/example_dags/example_branch_operator.py
[2021-07-10 09:57:45,620] {logging_mixin.py:104} INFO - [2021-07-10 09:57:45,620] {dag.py:1833} INFO - Sync 1 DAGs
[2021-07-10 09:57:45,630] {logging_mixin.py:104} INFO - [2021-07-10 09:57:45,630] {dag.py:2306} INFO - Setting next_dagrun for example_branch_operator to 2021-07-08 00:00:00+00:00
[2021-07-10 09:57:45,643] {scheduler_job.py:190} INFO - Processing /home/karuturihemanth/.local/lib/python3.9/site-packages/airflow/example_dags/example_branch_operator.py took 0.044 seconds
[2021-07-10 09:58:16,857] {scheduler_job.py:182} INFO - Started process (PID=6436) to work on /home/karuturihemanth/.local/lib/python3.9/site-packages/airflow/example_dags/example_branch_operator.py
[2021-07-10 09:58:16,858] {scheduler_job.py:633} INFO - Processing file /home/karuturihemanth/.local/lib/python3.9/site-packages/airflow/example_dags/example_branch_operator.py for tasks to queue
[2021-07-10 09:58:16,858] {logging_mixin.py:104} INFO - [2021-07-10 09:58:16,858] {dagbag.py:496} INFO - Filling up the DagBag from /home/karuturihemanth/.local/lib/python3.9/site-packages/airflow/example_dags/example_branch_operator.py
[2021-07-10 09:58:16,867] {scheduler_job.py:643} INFO - DAG(s) dict_keys(['example_branch_operator']) retrieved from /home/karuturihemanth/.local/lib/python3.9/site-packages/airflow/example_dags/example_branch_operator.py
[2021-07-10 09:58:16,877] {logging_mixin.py:104} INFO - [2021-07-10 09:58:16,877] {dag.py:1833} INFO - Sync 1 DAGs
[2021-07-10 09:58:16,887] {logging_mixin.py:104} INFO - [2021-07-10 09:58:16,887] {dag.py:2306} INFO - Setting next_dagrun for example_branch_operator to 2021-07-08 00:00:00+00:00
[2021-07-10 09:58:16,900] {scheduler_job.py:190} INFO - Processing /home/karuturihemanth/.local/lib/python3.9/site-packages/airflow/example_dags/example_branch_operator.py took 0.044 seconds
[2021-07-10 09:58:49,038] {scheduler_job.py:182} INFO - Started process (PID=6467) to work on /home/karuturihemanth/.local/lib/python3.9/site-packages/airflow/example_dags/example_branch_operator.py
[2021-07-10 09:58:49,038] {scheduler_job.py:633} INFO - Processing file /home/karuturihemanth/.local/lib/python3.9/site-packages/airflow/example_dags/example_branch_operator.py for tasks to queue
[2021-07-10 09:58:49,039] {logging_mixin.py:104} INFO - [2021-07-10 09:58:49,038] {dagbag.py:496} INFO - Filling up the DagBag from /home/karuturihemanth/.local/lib/python3.9/site-packages/airflow/example_dags/example_branch_operator.py
[2021-07-10 09:58:49,047] {scheduler_job.py:643} INFO - DAG(s) dict_keys(['example_branch_operator']) retrieved from /home/karuturihemanth/.local/lib/python3.9/site-packages/airflow/example_dags/example_branch_operator.py
[2021-07-10 09:58:49,057] {logging_mixin.py:104} INFO - [2021-07-10 09:58:49,057] {dag.py:1833} INFO - Sync 1 DAGs
[2021-07-10 09:58:49,067] {logging_mixin.py:104} INFO - [2021-07-10 09:58:49,067] {dag.py:2306} INFO - Setting next_dagrun for example_branch_operator to 2021-07-08 00:00:00+00:00
[2021-07-10 09:58:49,080] {scheduler_job.py:190} INFO - Processing /home/karuturihemanth/.local/lib/python3.9/site-packages/airflow/example_dags/example_branch_operator.py took 0.044 seconds
