[2021-07-10 09:54:22,158] {scheduler_job.py:182} INFO - Started process (PID=6209) to work on /home/karuturihemanth/.local/lib/python3.9/site-packages/airflow/example_dags/example_task_group_decorator.py
[2021-07-10 09:54:22,159] {scheduler_job.py:633} INFO - Processing file /home/karuturihemanth/.local/lib/python3.9/site-packages/airflow/example_dags/example_task_group_decorator.py for tasks to queue
[2021-07-10 09:54:22,159] {logging_mixin.py:104} INFO - [2021-07-10 09:54:22,159] {dagbag.py:496} INFO - Filling up the DagBag from /home/karuturihemanth/.local/lib/python3.9/site-packages/airflow/example_dags/example_task_group_decorator.py
[2021-07-10 09:54:22,175] {scheduler_job.py:643} INFO - DAG(s) dict_keys(['example_task_group_decorator']) retrieved from /home/karuturihemanth/.local/lib/python3.9/site-packages/airflow/example_dags/example_task_group_decorator.py
[2021-07-10 09:54:22,404] {logging_mixin.py:104} INFO - [2021-07-10 09:54:22,403] {dag.py:1833} INFO - Sync 1 DAGs
[2021-07-10 09:54:22,409] {logging_mixin.py:104} INFO - [2021-07-10 09:54:22,409] {dag.py:2306} INFO - Setting next_dagrun for example_task_group_decorator to 2021-07-08 00:00:00+00:00
[2021-07-10 09:54:22,424] {scheduler_job.py:190} INFO - Processing /home/karuturihemanth/.local/lib/python3.9/site-packages/airflow/example_dags/example_task_group_decorator.py took 0.268 seconds
[2021-07-10 09:54:59,111] {scheduler_job.py:182} INFO - Started process (PID=6240) to work on /home/karuturihemanth/.local/lib/python3.9/site-packages/airflow/example_dags/example_task_group_decorator.py
[2021-07-10 09:54:59,111] {scheduler_job.py:633} INFO - Processing file /home/karuturihemanth/.local/lib/python3.9/site-packages/airflow/example_dags/example_task_group_decorator.py for tasks to queue
[2021-07-10 09:54:59,112] {logging_mixin.py:104} INFO - [2021-07-10 09:54:59,112] {dagbag.py:496} INFO - Filling up the DagBag from /home/karuturihemanth/.local/lib/python3.9/site-packages/airflow/example_dags/example_task_group_decorator.py
[2021-07-10 09:54:59,128] {scheduler_job.py:643} INFO - DAG(s) dict_keys(['example_task_group_decorator']) retrieved from /home/karuturihemanth/.local/lib/python3.9/site-packages/airflow/example_dags/example_task_group_decorator.py
[2021-07-10 09:54:59,353] {logging_mixin.py:104} INFO - [2021-07-10 09:54:59,353] {dag.py:1833} INFO - Sync 1 DAGs
[2021-07-10 09:54:59,359] {logging_mixin.py:104} INFO - [2021-07-10 09:54:59,359] {dag.py:2306} INFO - Setting next_dagrun for example_task_group_decorator to 2021-07-08 00:00:00+00:00
[2021-07-10 09:54:59,371] {scheduler_job.py:190} INFO - Processing /home/karuturihemanth/.local/lib/python3.9/site-packages/airflow/example_dags/example_task_group_decorator.py took 0.262 seconds
[2021-07-10 09:55:31,315] {scheduler_job.py:182} INFO - Started process (PID=6271) to work on /home/karuturihemanth/.local/lib/python3.9/site-packages/airflow/example_dags/example_task_group_decorator.py
[2021-07-10 09:55:31,315] {scheduler_job.py:633} INFO - Processing file /home/karuturihemanth/.local/lib/python3.9/site-packages/airflow/example_dags/example_task_group_decorator.py for tasks to queue
[2021-07-10 09:55:31,316] {logging_mixin.py:104} INFO - [2021-07-10 09:55:31,316] {dagbag.py:496} INFO - Filling up the DagBag from /home/karuturihemanth/.local/lib/python3.9/site-packages/airflow/example_dags/example_task_group_decorator.py
[2021-07-10 09:55:31,331] {scheduler_job.py:643} INFO - DAG(s) dict_keys(['example_task_group_decorator']) retrieved from /home/karuturihemanth/.local/lib/python3.9/site-packages/airflow/example_dags/example_task_group_decorator.py
[2021-07-10 09:55:31,568] {logging_mixin.py:104} INFO - [2021-07-10 09:55:31,568] {dag.py:1833} INFO - Sync 1 DAGs
[2021-07-10 09:55:31,574] {logging_mixin.py:104} INFO - [2021-07-10 09:55:31,574] {dag.py:2306} INFO - Setting next_dagrun for example_task_group_decorator to 2021-07-08 00:00:00+00:00
[2021-07-10 09:55:31,587] {scheduler_job.py:190} INFO - Processing /home/karuturihemanth/.local/lib/python3.9/site-packages/airflow/example_dags/example_task_group_decorator.py took 0.274 seconds
[2021-07-10 09:56:02,181] {scheduler_job.py:182} INFO - Started process (PID=6303) to work on /home/karuturihemanth/.local/lib/python3.9/site-packages/airflow/example_dags/example_task_group_decorator.py
[2021-07-10 09:56:02,181] {scheduler_job.py:633} INFO - Processing file /home/karuturihemanth/.local/lib/python3.9/site-packages/airflow/example_dags/example_task_group_decorator.py for tasks to queue
[2021-07-10 09:56:02,182] {logging_mixin.py:104} INFO - [2021-07-10 09:56:02,182] {dagbag.py:496} INFO - Filling up the DagBag from /home/karuturihemanth/.local/lib/python3.9/site-packages/airflow/example_dags/example_task_group_decorator.py
[2021-07-10 09:56:02,198] {scheduler_job.py:643} INFO - DAG(s) dict_keys(['example_task_group_decorator']) retrieved from /home/karuturihemanth/.local/lib/python3.9/site-packages/airflow/example_dags/example_task_group_decorator.py
[2021-07-10 09:56:02,426] {logging_mixin.py:104} INFO - [2021-07-10 09:56:02,426] {dag.py:1833} INFO - Sync 1 DAGs
[2021-07-10 09:56:02,434] {logging_mixin.py:104} INFO - [2021-07-10 09:56:02,433] {dag.py:2306} INFO - Setting next_dagrun for example_task_group_decorator to 2021-07-08 00:00:00+00:00
[2021-07-10 09:56:02,446] {scheduler_job.py:190} INFO - Processing /home/karuturihemanth/.local/lib/python3.9/site-packages/airflow/example_dags/example_task_group_decorator.py took 0.267 seconds
[2021-07-10 09:56:34,379] {scheduler_job.py:182} INFO - Started process (PID=6335) to work on /home/karuturihemanth/.local/lib/python3.9/site-packages/airflow/example_dags/example_task_group_decorator.py
[2021-07-10 09:56:34,379] {scheduler_job.py:633} INFO - Processing file /home/karuturihemanth/.local/lib/python3.9/site-packages/airflow/example_dags/example_task_group_decorator.py for tasks to queue
[2021-07-10 09:56:34,379] {logging_mixin.py:104} INFO - [2021-07-10 09:56:34,379] {dagbag.py:496} INFO - Filling up the DagBag from /home/karuturihemanth/.local/lib/python3.9/site-packages/airflow/example_dags/example_task_group_decorator.py
[2021-07-10 09:56:34,395] {scheduler_job.py:643} INFO - DAG(s) dict_keys(['example_task_group_decorator']) retrieved from /home/karuturihemanth/.local/lib/python3.9/site-packages/airflow/example_dags/example_task_group_decorator.py
[2021-07-10 09:56:34,621] {logging_mixin.py:104} INFO - [2021-07-10 09:56:34,621] {dag.py:1833} INFO - Sync 1 DAGs
[2021-07-10 09:56:34,627] {logging_mixin.py:104} INFO - [2021-07-10 09:56:34,627] {dag.py:2306} INFO - Setting next_dagrun for example_task_group_decorator to 2021-07-08 00:00:00+00:00
[2021-07-10 09:56:34,640] {scheduler_job.py:190} INFO - Processing /home/karuturihemanth/.local/lib/python3.9/site-packages/airflow/example_dags/example_task_group_decorator.py took 0.263 seconds
[2021-07-10 09:57:06,552] {scheduler_job.py:182} INFO - Started process (PID=6366) to work on /home/karuturihemanth/.local/lib/python3.9/site-packages/airflow/example_dags/example_task_group_decorator.py
[2021-07-10 09:57:06,553] {scheduler_job.py:633} INFO - Processing file /home/karuturihemanth/.local/lib/python3.9/site-packages/airflow/example_dags/example_task_group_decorator.py for tasks to queue
[2021-07-10 09:57:06,553] {logging_mixin.py:104} INFO - [2021-07-10 09:57:06,553] {dagbag.py:496} INFO - Filling up the DagBag from /home/karuturihemanth/.local/lib/python3.9/site-packages/airflow/example_dags/example_task_group_decorator.py
[2021-07-10 09:57:06,568] {scheduler_job.py:643} INFO - DAG(s) dict_keys(['example_task_group_decorator']) retrieved from /home/karuturihemanth/.local/lib/python3.9/site-packages/airflow/example_dags/example_task_group_decorator.py
[2021-07-10 09:57:06,794] {logging_mixin.py:104} INFO - [2021-07-10 09:57:06,794] {dag.py:1833} INFO - Sync 1 DAGs
[2021-07-10 09:57:06,800] {logging_mixin.py:104} INFO - [2021-07-10 09:57:06,800] {dag.py:2306} INFO - Setting next_dagrun for example_task_group_decorator to 2021-07-08 00:00:00+00:00
[2021-07-10 09:57:06,813] {scheduler_job.py:190} INFO - Processing /home/karuturihemanth/.local/lib/python3.9/site-packages/airflow/example_dags/example_task_group_decorator.py took 0.263 seconds
[2021-07-10 09:57:38,904] {scheduler_job.py:182} INFO - Started process (PID=6397) to work on /home/karuturihemanth/.local/lib/python3.9/site-packages/airflow/example_dags/example_task_group_decorator.py
[2021-07-10 09:57:38,905] {scheduler_job.py:633} INFO - Processing file /home/karuturihemanth/.local/lib/python3.9/site-packages/airflow/example_dags/example_task_group_decorator.py for tasks to queue
[2021-07-10 09:57:38,905] {logging_mixin.py:104} INFO - [2021-07-10 09:57:38,905] {dagbag.py:496} INFO - Filling up the DagBag from /home/karuturihemanth/.local/lib/python3.9/site-packages/airflow/example_dags/example_task_group_decorator.py
[2021-07-10 09:57:38,921] {scheduler_job.py:643} INFO - DAG(s) dict_keys(['example_task_group_decorator']) retrieved from /home/karuturihemanth/.local/lib/python3.9/site-packages/airflow/example_dags/example_task_group_decorator.py
[2021-07-10 09:57:39,156] {logging_mixin.py:104} INFO - [2021-07-10 09:57:39,155] {dag.py:1833} INFO - Sync 1 DAGs
[2021-07-10 09:57:39,162] {logging_mixin.py:104} INFO - [2021-07-10 09:57:39,162] {dag.py:2306} INFO - Setting next_dagrun for example_task_group_decorator to 2021-07-08 00:00:00+00:00
[2021-07-10 09:57:39,175] {scheduler_job.py:190} INFO - Processing /home/karuturihemanth/.local/lib/python3.9/site-packages/airflow/example_dags/example_task_group_decorator.py took 0.272 seconds
[2021-07-10 09:58:10,165] {scheduler_job.py:182} INFO - Started process (PID=6428) to work on /home/karuturihemanth/.local/lib/python3.9/site-packages/airflow/example_dags/example_task_group_decorator.py
[2021-07-10 09:58:10,166] {scheduler_job.py:633} INFO - Processing file /home/karuturihemanth/.local/lib/python3.9/site-packages/airflow/example_dags/example_task_group_decorator.py for tasks to queue
[2021-07-10 09:58:10,166] {logging_mixin.py:104} INFO - [2021-07-10 09:58:10,166] {dagbag.py:496} INFO - Filling up the DagBag from /home/karuturihemanth/.local/lib/python3.9/site-packages/airflow/example_dags/example_task_group_decorator.py
[2021-07-10 09:58:10,182] {scheduler_job.py:643} INFO - DAG(s) dict_keys(['example_task_group_decorator']) retrieved from /home/karuturihemanth/.local/lib/python3.9/site-packages/airflow/example_dags/example_task_group_decorator.py
[2021-07-10 09:58:10,412] {logging_mixin.py:104} INFO - [2021-07-10 09:58:10,411] {dag.py:1833} INFO - Sync 1 DAGs
[2021-07-10 09:58:10,418] {logging_mixin.py:104} INFO - [2021-07-10 09:58:10,418] {dag.py:2306} INFO - Setting next_dagrun for example_task_group_decorator to 2021-07-08 00:00:00+00:00
[2021-07-10 09:58:10,431] {scheduler_job.py:190} INFO - Processing /home/karuturihemanth/.local/lib/python3.9/site-packages/airflow/example_dags/example_task_group_decorator.py took 0.268 seconds
[2021-07-10 09:58:41,220] {scheduler_job.py:182} INFO - Started process (PID=6459) to work on /home/karuturihemanth/.local/lib/python3.9/site-packages/airflow/example_dags/example_task_group_decorator.py
[2021-07-10 09:58:41,221] {scheduler_job.py:633} INFO - Processing file /home/karuturihemanth/.local/lib/python3.9/site-packages/airflow/example_dags/example_task_group_decorator.py for tasks to queue
[2021-07-10 09:58:41,221] {logging_mixin.py:104} INFO - [2021-07-10 09:58:41,221] {dagbag.py:496} INFO - Filling up the DagBag from /home/karuturihemanth/.local/lib/python3.9/site-packages/airflow/example_dags/example_task_group_decorator.py
[2021-07-10 09:58:41,237] {scheduler_job.py:643} INFO - DAG(s) dict_keys(['example_task_group_decorator']) retrieved from /home/karuturihemanth/.local/lib/python3.9/site-packages/airflow/example_dags/example_task_group_decorator.py
[2021-07-10 09:58:41,464] {logging_mixin.py:104} INFO - [2021-07-10 09:58:41,464] {dag.py:1833} INFO - Sync 1 DAGs
[2021-07-10 09:58:41,470] {logging_mixin.py:104} INFO - [2021-07-10 09:58:41,470] {dag.py:2306} INFO - Setting next_dagrun for example_task_group_decorator to 2021-07-08 00:00:00+00:00
[2021-07-10 09:58:41,484] {scheduler_job.py:190} INFO - Processing /home/karuturihemanth/.local/lib/python3.9/site-packages/airflow/example_dags/example_task_group_decorator.py took 0.266 seconds
