[2021-07-10 09:54:24,830] {scheduler_job.py:182} INFO - Started process (PID=6211) to work on /home/karuturihemanth/.local/lib/python3.9/site-packages/airflow/example_dags/example_branch_labels.py
[2021-07-10 09:54:24,831] {scheduler_job.py:633} INFO - Processing file /home/karuturihemanth/.local/lib/python3.9/site-packages/airflow/example_dags/example_branch_labels.py for tasks to queue
[2021-07-10 09:54:24,831] {logging_mixin.py:104} INFO - [2021-07-10 09:54:24,831] {dagbag.py:496} INFO - Filling up the DagBag from /home/karuturihemanth/.local/lib/python3.9/site-packages/airflow/example_dags/example_branch_labels.py
[2021-07-10 09:54:24,838] {scheduler_job.py:643} INFO - DAG(s) dict_keys(['example_branch_labels']) retrieved from /home/karuturihemanth/.local/lib/python3.9/site-packages/airflow/example_dags/example_branch_labels.py
[2021-07-10 09:54:25,071] {logging_mixin.py:104} INFO - [2021-07-10 09:54:25,070] {dag.py:1833} INFO - Sync 1 DAGs
[2021-07-10 09:54:25,079] {logging_mixin.py:104} INFO - [2021-07-10 09:54:25,079] {dag.py:2306} INFO - Setting next_dagrun for example_branch_labels to 2021-07-08 00:00:00+00:00
[2021-07-10 09:54:25,093] {scheduler_job.py:190} INFO - Processing /home/karuturihemanth/.local/lib/python3.9/site-packages/airflow/example_dags/example_branch_labels.py took 0.264 seconds
[2021-07-10 09:55:01,582] {scheduler_job.py:182} INFO - Started process (PID=6242) to work on /home/karuturihemanth/.local/lib/python3.9/site-packages/airflow/example_dags/example_branch_labels.py
[2021-07-10 09:55:01,583] {scheduler_job.py:633} INFO - Processing file /home/karuturihemanth/.local/lib/python3.9/site-packages/airflow/example_dags/example_branch_labels.py for tasks to queue
[2021-07-10 09:55:01,583] {logging_mixin.py:104} INFO - [2021-07-10 09:55:01,583] {dagbag.py:496} INFO - Filling up the DagBag from /home/karuturihemanth/.local/lib/python3.9/site-packages/airflow/example_dags/example_branch_labels.py
[2021-07-10 09:55:01,590] {scheduler_job.py:643} INFO - DAG(s) dict_keys(['example_branch_labels']) retrieved from /home/karuturihemanth/.local/lib/python3.9/site-packages/airflow/example_dags/example_branch_labels.py
[2021-07-10 09:55:01,600] {logging_mixin.py:104} INFO - [2021-07-10 09:55:01,599] {dag.py:1833} INFO - Sync 1 DAGs
[2021-07-10 09:55:01,610] {logging_mixin.py:104} INFO - [2021-07-10 09:55:01,610] {dag.py:2306} INFO - Setting next_dagrun for example_branch_labels to 2021-07-08 00:00:00+00:00
[2021-07-10 09:55:01,621] {scheduler_job.py:190} INFO - Processing /home/karuturihemanth/.local/lib/python3.9/site-packages/airflow/example_dags/example_branch_labels.py took 0.040 seconds
[2021-07-10 09:55:33,772] {scheduler_job.py:182} INFO - Started process (PID=6273) to work on /home/karuturihemanth/.local/lib/python3.9/site-packages/airflow/example_dags/example_branch_labels.py
[2021-07-10 09:55:33,773] {scheduler_job.py:633} INFO - Processing file /home/karuturihemanth/.local/lib/python3.9/site-packages/airflow/example_dags/example_branch_labels.py for tasks to queue
[2021-07-10 09:55:33,773] {logging_mixin.py:104} INFO - [2021-07-10 09:55:33,773] {dagbag.py:496} INFO - Filling up the DagBag from /home/karuturihemanth/.local/lib/python3.9/site-packages/airflow/example_dags/example_branch_labels.py
[2021-07-10 09:55:33,780] {scheduler_job.py:643} INFO - DAG(s) dict_keys(['example_branch_labels']) retrieved from /home/karuturihemanth/.local/lib/python3.9/site-packages/airflow/example_dags/example_branch_labels.py
[2021-07-10 09:55:33,789] {logging_mixin.py:104} INFO - [2021-07-10 09:55:33,789] {dag.py:1833} INFO - Sync 1 DAGs
[2021-07-10 09:55:33,798] {logging_mixin.py:104} INFO - [2021-07-10 09:55:33,798] {dag.py:2306} INFO - Setting next_dagrun for example_branch_labels to 2021-07-08 00:00:00+00:00
[2021-07-10 09:55:33,810] {scheduler_job.py:190} INFO - Processing /home/karuturihemanth/.local/lib/python3.9/site-packages/airflow/example_dags/example_branch_labels.py took 0.039 seconds
[2021-07-10 09:56:04,639] {scheduler_job.py:182} INFO - Started process (PID=6305) to work on /home/karuturihemanth/.local/lib/python3.9/site-packages/airflow/example_dags/example_branch_labels.py
[2021-07-10 09:56:04,639] {scheduler_job.py:633} INFO - Processing file /home/karuturihemanth/.local/lib/python3.9/site-packages/airflow/example_dags/example_branch_labels.py for tasks to queue
[2021-07-10 09:56:04,640] {logging_mixin.py:104} INFO - [2021-07-10 09:56:04,640] {dagbag.py:496} INFO - Filling up the DagBag from /home/karuturihemanth/.local/lib/python3.9/site-packages/airflow/example_dags/example_branch_labels.py
[2021-07-10 09:56:04,647] {scheduler_job.py:643} INFO - DAG(s) dict_keys(['example_branch_labels']) retrieved from /home/karuturihemanth/.local/lib/python3.9/site-packages/airflow/example_dags/example_branch_labels.py
[2021-07-10 09:56:04,656] {logging_mixin.py:104} INFO - [2021-07-10 09:56:04,656] {dag.py:1833} INFO - Sync 1 DAGs
[2021-07-10 09:56:04,665] {logging_mixin.py:104} INFO - [2021-07-10 09:56:04,665] {dag.py:2306} INFO - Setting next_dagrun for example_branch_labels to 2021-07-08 00:00:00+00:00
[2021-07-10 09:56:04,680] {scheduler_job.py:190} INFO - Processing /home/karuturihemanth/.local/lib/python3.9/site-packages/airflow/example_dags/example_branch_labels.py took 0.042 seconds
[2021-07-10 09:56:36,840] {scheduler_job.py:182} INFO - Started process (PID=6337) to work on /home/karuturihemanth/.local/lib/python3.9/site-packages/airflow/example_dags/example_branch_labels.py
[2021-07-10 09:56:36,841] {scheduler_job.py:633} INFO - Processing file /home/karuturihemanth/.local/lib/python3.9/site-packages/airflow/example_dags/example_branch_labels.py for tasks to queue
[2021-07-10 09:56:36,841] {logging_mixin.py:104} INFO - [2021-07-10 09:56:36,841] {dagbag.py:496} INFO - Filling up the DagBag from /home/karuturihemanth/.local/lib/python3.9/site-packages/airflow/example_dags/example_branch_labels.py
[2021-07-10 09:56:36,850] {scheduler_job.py:643} INFO - DAG(s) dict_keys(['example_branch_labels']) retrieved from /home/karuturihemanth/.local/lib/python3.9/site-packages/airflow/example_dags/example_branch_labels.py
[2021-07-10 09:56:36,860] {logging_mixin.py:104} INFO - [2021-07-10 09:56:36,860] {dag.py:1833} INFO - Sync 1 DAGs
[2021-07-10 09:56:36,869] {logging_mixin.py:104} INFO - [2021-07-10 09:56:36,869] {dag.py:2306} INFO - Setting next_dagrun for example_branch_labels to 2021-07-08 00:00:00+00:00
[2021-07-10 09:56:36,881] {scheduler_job.py:190} INFO - Processing /home/karuturihemanth/.local/lib/python3.9/site-packages/airflow/example_dags/example_branch_labels.py took 0.042 seconds
[2021-07-10 09:57:08,095] {scheduler_job.py:182} INFO - Started process (PID=6368) to work on /home/karuturihemanth/.local/lib/python3.9/site-packages/airflow/example_dags/example_branch_labels.py
[2021-07-10 09:57:08,095] {scheduler_job.py:633} INFO - Processing file /home/karuturihemanth/.local/lib/python3.9/site-packages/airflow/example_dags/example_branch_labels.py for tasks to queue
[2021-07-10 09:57:08,096] {logging_mixin.py:104} INFO - [2021-07-10 09:57:08,096] {dagbag.py:496} INFO - Filling up the DagBag from /home/karuturihemanth/.local/lib/python3.9/site-packages/airflow/example_dags/example_branch_labels.py
[2021-07-10 09:57:08,102] {scheduler_job.py:643} INFO - DAG(s) dict_keys(['example_branch_labels']) retrieved from /home/karuturihemanth/.local/lib/python3.9/site-packages/airflow/example_dags/example_branch_labels.py
[2021-07-10 09:57:08,111] {logging_mixin.py:104} INFO - [2021-07-10 09:57:08,111] {dag.py:1833} INFO - Sync 1 DAGs
[2021-07-10 09:57:08,120] {logging_mixin.py:104} INFO - [2021-07-10 09:57:08,120] {dag.py:2306} INFO - Setting next_dagrun for example_branch_labels to 2021-07-08 00:00:00+00:00
[2021-07-10 09:57:08,132] {scheduler_job.py:190} INFO - Processing /home/karuturihemanth/.local/lib/python3.9/site-packages/airflow/example_dags/example_branch_labels.py took 0.039 seconds
[2021-07-10 09:57:40,455] {scheduler_job.py:182} INFO - Started process (PID=6399) to work on /home/karuturihemanth/.local/lib/python3.9/site-packages/airflow/example_dags/example_branch_labels.py
[2021-07-10 09:57:40,455] {scheduler_job.py:633} INFO - Processing file /home/karuturihemanth/.local/lib/python3.9/site-packages/airflow/example_dags/example_branch_labels.py for tasks to queue
[2021-07-10 09:57:40,456] {logging_mixin.py:104} INFO - [2021-07-10 09:57:40,456] {dagbag.py:496} INFO - Filling up the DagBag from /home/karuturihemanth/.local/lib/python3.9/site-packages/airflow/example_dags/example_branch_labels.py
[2021-07-10 09:57:40,463] {scheduler_job.py:643} INFO - DAG(s) dict_keys(['example_branch_labels']) retrieved from /home/karuturihemanth/.local/lib/python3.9/site-packages/airflow/example_dags/example_branch_labels.py
[2021-07-10 09:57:40,473] {logging_mixin.py:104} INFO - [2021-07-10 09:57:40,473] {dag.py:1833} INFO - Sync 1 DAGs
[2021-07-10 09:57:40,484] {logging_mixin.py:104} INFO - [2021-07-10 09:57:40,484] {dag.py:2306} INFO - Setting next_dagrun for example_branch_labels to 2021-07-08 00:00:00+00:00
[2021-07-10 09:57:40,496] {scheduler_job.py:190} INFO - Processing /home/karuturihemanth/.local/lib/python3.9/site-packages/airflow/example_dags/example_branch_labels.py took 0.043 seconds
[2021-07-10 09:58:11,713] {scheduler_job.py:182} INFO - Started process (PID=6430) to work on /home/karuturihemanth/.local/lib/python3.9/site-packages/airflow/example_dags/example_branch_labels.py
[2021-07-10 09:58:11,714] {scheduler_job.py:633} INFO - Processing file /home/karuturihemanth/.local/lib/python3.9/site-packages/airflow/example_dags/example_branch_labels.py for tasks to queue
[2021-07-10 09:58:11,714] {logging_mixin.py:104} INFO - [2021-07-10 09:58:11,714] {dagbag.py:496} INFO - Filling up the DagBag from /home/karuturihemanth/.local/lib/python3.9/site-packages/airflow/example_dags/example_branch_labels.py
[2021-07-10 09:58:11,721] {scheduler_job.py:643} INFO - DAG(s) dict_keys(['example_branch_labels']) retrieved from /home/karuturihemanth/.local/lib/python3.9/site-packages/airflow/example_dags/example_branch_labels.py
[2021-07-10 09:58:11,731] {logging_mixin.py:104} INFO - [2021-07-10 09:58:11,731] {dag.py:1833} INFO - Sync 1 DAGs
[2021-07-10 09:58:11,741] {logging_mixin.py:104} INFO - [2021-07-10 09:58:11,741] {dag.py:2306} INFO - Setting next_dagrun for example_branch_labels to 2021-07-08 00:00:00+00:00
[2021-07-10 09:58:11,752] {scheduler_job.py:190} INFO - Processing /home/karuturihemanth/.local/lib/python3.9/site-packages/airflow/example_dags/example_branch_labels.py took 0.040 seconds
[2021-07-10 09:58:42,767] {scheduler_job.py:182} INFO - Started process (PID=6461) to work on /home/karuturihemanth/.local/lib/python3.9/site-packages/airflow/example_dags/example_branch_labels.py
[2021-07-10 09:58:42,767] {scheduler_job.py:633} INFO - Processing file /home/karuturihemanth/.local/lib/python3.9/site-packages/airflow/example_dags/example_branch_labels.py for tasks to queue
[2021-07-10 09:58:42,767] {logging_mixin.py:104} INFO - [2021-07-10 09:58:42,767] {dagbag.py:496} INFO - Filling up the DagBag from /home/karuturihemanth/.local/lib/python3.9/site-packages/airflow/example_dags/example_branch_labels.py
[2021-07-10 09:58:42,774] {scheduler_job.py:643} INFO - DAG(s) dict_keys(['example_branch_labels']) retrieved from /home/karuturihemanth/.local/lib/python3.9/site-packages/airflow/example_dags/example_branch_labels.py
[2021-07-10 09:58:42,783] {logging_mixin.py:104} INFO - [2021-07-10 09:58:42,783] {dag.py:1833} INFO - Sync 1 DAGs
[2021-07-10 09:58:42,793] {logging_mixin.py:104} INFO - [2021-07-10 09:58:42,793] {dag.py:2306} INFO - Setting next_dagrun for example_branch_labels to 2021-07-08 00:00:00+00:00
[2021-07-10 09:58:42,805] {scheduler_job.py:190} INFO - Processing /home/karuturihemanth/.local/lib/python3.9/site-packages/airflow/example_dags/example_branch_labels.py took 0.040 seconds
