[2021-07-10 09:54:19,691] {scheduler_job.py:182} INFO - Started process (PID=6207) to work on /home/karuturihemanth/.local/lib/python3.9/site-packages/airflow/example_dags/example_xcomargs.py
[2021-07-10 09:54:19,692] {scheduler_job.py:633} INFO - Processing file /home/karuturihemanth/.local/lib/python3.9/site-packages/airflow/example_dags/example_xcomargs.py for tasks to queue
[2021-07-10 09:54:19,692] {logging_mixin.py:104} INFO - [2021-07-10 09:54:19,692] {dagbag.py:496} INFO - Filling up the DagBag from /home/karuturihemanth/.local/lib/python3.9/site-packages/airflow/example_dags/example_xcomargs.py
[2021-07-10 09:54:19,703] {scheduler_job.py:643} INFO - DAG(s) dict_keys(['example_xcom_args', 'example_xcom_args_with_operators']) retrieved from /home/karuturihemanth/.local/lib/python3.9/site-packages/airflow/example_dags/example_xcomargs.py
[2021-07-10 09:54:19,937] {logging_mixin.py:104} INFO - [2021-07-10 09:54:19,937] {dag.py:1833} INFO - Sync 2 DAGs
[2021-07-10 09:54:19,943] {logging_mixin.py:104} INFO - [2021-07-10 09:54:19,943] {dag.py:2306} INFO - Setting next_dagrun for example_xcom_args to None
[2021-07-10 09:54:19,944] {logging_mixin.py:104} INFO - [2021-07-10 09:54:19,944] {dag.py:2306} INFO - Setting next_dagrun for example_xcom_args_with_operators to None
[2021-07-10 09:54:19,958] {scheduler_job.py:190} INFO - Processing /home/karuturihemanth/.local/lib/python3.9/site-packages/airflow/example_dags/example_xcomargs.py took 0.268 seconds
[2021-07-10 09:54:57,290] {scheduler_job.py:182} INFO - Started process (PID=6238) to work on /home/karuturihemanth/.local/lib/python3.9/site-packages/airflow/example_dags/example_xcomargs.py
[2021-07-10 09:54:57,290] {scheduler_job.py:633} INFO - Processing file /home/karuturihemanth/.local/lib/python3.9/site-packages/airflow/example_dags/example_xcomargs.py for tasks to queue
[2021-07-10 09:54:57,291] {logging_mixin.py:104} INFO - [2021-07-10 09:54:57,291] {dagbag.py:496} INFO - Filling up the DagBag from /home/karuturihemanth/.local/lib/python3.9/site-packages/airflow/example_dags/example_xcomargs.py
[2021-07-10 09:54:57,303] {scheduler_job.py:643} INFO - DAG(s) dict_keys(['example_xcom_args', 'example_xcom_args_with_operators']) retrieved from /home/karuturihemanth/.local/lib/python3.9/site-packages/airflow/example_dags/example_xcomargs.py
[2021-07-10 09:54:57,533] {logging_mixin.py:104} INFO - [2021-07-10 09:54:57,533] {dag.py:1833} INFO - Sync 2 DAGs
[2021-07-10 09:54:57,539] {logging_mixin.py:104} INFO - [2021-07-10 09:54:57,539] {dag.py:2306} INFO - Setting next_dagrun for example_xcom_args to None
[2021-07-10 09:54:57,540] {logging_mixin.py:104} INFO - [2021-07-10 09:54:57,540] {dag.py:2306} INFO - Setting next_dagrun for example_xcom_args_with_operators to None
[2021-07-10 09:54:57,554] {scheduler_job.py:190} INFO - Processing /home/karuturihemanth/.local/lib/python3.9/site-packages/airflow/example_dags/example_xcomargs.py took 0.265 seconds
[2021-07-10 09:55:28,890] {scheduler_job.py:182} INFO - Started process (PID=6269) to work on /home/karuturihemanth/.local/lib/python3.9/site-packages/airflow/example_dags/example_xcomargs.py
[2021-07-10 09:55:28,890] {scheduler_job.py:633} INFO - Processing file /home/karuturihemanth/.local/lib/python3.9/site-packages/airflow/example_dags/example_xcomargs.py for tasks to queue
[2021-07-10 09:55:28,891] {logging_mixin.py:104} INFO - [2021-07-10 09:55:28,891] {dagbag.py:496} INFO - Filling up the DagBag from /home/karuturihemanth/.local/lib/python3.9/site-packages/airflow/example_dags/example_xcomargs.py
[2021-07-10 09:55:28,903] {scheduler_job.py:643} INFO - DAG(s) dict_keys(['example_xcom_args', 'example_xcom_args_with_operators']) retrieved from /home/karuturihemanth/.local/lib/python3.9/site-packages/airflow/example_dags/example_xcomargs.py
[2021-07-10 09:55:29,137] {logging_mixin.py:104} INFO - [2021-07-10 09:55:29,136] {dag.py:1833} INFO - Sync 2 DAGs
[2021-07-10 09:55:29,144] {logging_mixin.py:104} INFO - [2021-07-10 09:55:29,144] {dag.py:2306} INFO - Setting next_dagrun for example_xcom_args to None
[2021-07-10 09:55:29,144] {logging_mixin.py:104} INFO - [2021-07-10 09:55:29,144] {dag.py:2306} INFO - Setting next_dagrun for example_xcom_args_with_operators to None
[2021-07-10 09:55:29,157] {scheduler_job.py:190} INFO - Processing /home/karuturihemanth/.local/lib/python3.9/site-packages/airflow/example_dags/example_xcomargs.py took 0.269 seconds
[2021-07-10 09:56:00,482] {scheduler_job.py:182} INFO - Started process (PID=6301) to work on /home/karuturihemanth/.local/lib/python3.9/site-packages/airflow/example_dags/example_xcomargs.py
[2021-07-10 09:56:00,483] {scheduler_job.py:633} INFO - Processing file /home/karuturihemanth/.local/lib/python3.9/site-packages/airflow/example_dags/example_xcomargs.py for tasks to queue
[2021-07-10 09:56:00,483] {logging_mixin.py:104} INFO - [2021-07-10 09:56:00,483] {dagbag.py:496} INFO - Filling up the DagBag from /home/karuturihemanth/.local/lib/python3.9/site-packages/airflow/example_dags/example_xcomargs.py
[2021-07-10 09:56:00,495] {scheduler_job.py:643} INFO - DAG(s) dict_keys(['example_xcom_args', 'example_xcom_args_with_operators']) retrieved from /home/karuturihemanth/.local/lib/python3.9/site-packages/airflow/example_dags/example_xcomargs.py
[2021-07-10 09:56:00,727] {logging_mixin.py:104} INFO - [2021-07-10 09:56:00,726] {dag.py:1833} INFO - Sync 2 DAGs
[2021-07-10 09:56:00,733] {logging_mixin.py:104} INFO - [2021-07-10 09:56:00,733] {dag.py:2306} INFO - Setting next_dagrun for example_xcom_args to None
[2021-07-10 09:56:00,733] {logging_mixin.py:104} INFO - [2021-07-10 09:56:00,733] {dag.py:2306} INFO - Setting next_dagrun for example_xcom_args_with_operators to None
[2021-07-10 09:56:00,747] {scheduler_job.py:190} INFO - Processing /home/karuturihemanth/.local/lib/python3.9/site-packages/airflow/example_dags/example_xcomargs.py took 0.267 seconds
[2021-07-10 09:56:31,905] {scheduler_job.py:182} INFO - Started process (PID=6333) to work on /home/karuturihemanth/.local/lib/python3.9/site-packages/airflow/example_dags/example_xcomargs.py
[2021-07-10 09:56:31,905] {scheduler_job.py:633} INFO - Processing file /home/karuturihemanth/.local/lib/python3.9/site-packages/airflow/example_dags/example_xcomargs.py for tasks to queue
[2021-07-10 09:56:31,906] {logging_mixin.py:104} INFO - [2021-07-10 09:56:31,906] {dagbag.py:496} INFO - Filling up the DagBag from /home/karuturihemanth/.local/lib/python3.9/site-packages/airflow/example_dags/example_xcomargs.py
[2021-07-10 09:56:31,917] {scheduler_job.py:643} INFO - DAG(s) dict_keys(['example_xcom_args', 'example_xcom_args_with_operators']) retrieved from /home/karuturihemanth/.local/lib/python3.9/site-packages/airflow/example_dags/example_xcomargs.py
[2021-07-10 09:56:32,148] {logging_mixin.py:104} INFO - [2021-07-10 09:56:32,147] {dag.py:1833} INFO - Sync 2 DAGs
[2021-07-10 09:56:32,154] {logging_mixin.py:104} INFO - [2021-07-10 09:56:32,154] {dag.py:2306} INFO - Setting next_dagrun for example_xcom_args to None
[2021-07-10 09:56:32,155] {logging_mixin.py:104} INFO - [2021-07-10 09:56:32,155] {dag.py:2306} INFO - Setting next_dagrun for example_xcom_args_with_operators to None
[2021-07-10 09:56:32,168] {scheduler_job.py:190} INFO - Processing /home/karuturihemanth/.local/lib/python3.9/site-packages/airflow/example_dags/example_xcomargs.py took 0.264 seconds
[2021-07-10 09:57:04,096] {scheduler_job.py:182} INFO - Started process (PID=6364) to work on /home/karuturihemanth/.local/lib/python3.9/site-packages/airflow/example_dags/example_xcomargs.py
[2021-07-10 09:57:04,096] {scheduler_job.py:633} INFO - Processing file /home/karuturihemanth/.local/lib/python3.9/site-packages/airflow/example_dags/example_xcomargs.py for tasks to queue
[2021-07-10 09:57:04,097] {logging_mixin.py:104} INFO - [2021-07-10 09:57:04,097] {dagbag.py:496} INFO - Filling up the DagBag from /home/karuturihemanth/.local/lib/python3.9/site-packages/airflow/example_dags/example_xcomargs.py
[2021-07-10 09:57:04,107] {scheduler_job.py:643} INFO - DAG(s) dict_keys(['example_xcom_args', 'example_xcom_args_with_operators']) retrieved from /home/karuturihemanth/.local/lib/python3.9/site-packages/airflow/example_dags/example_xcomargs.py
[2021-07-10 09:57:04,335] {logging_mixin.py:104} INFO - [2021-07-10 09:57:04,334] {dag.py:1833} INFO - Sync 2 DAGs
[2021-07-10 09:57:04,341] {logging_mixin.py:104} INFO - [2021-07-10 09:57:04,341] {dag.py:2306} INFO - Setting next_dagrun for example_xcom_args to None
[2021-07-10 09:57:04,341] {logging_mixin.py:104} INFO - [2021-07-10 09:57:04,341] {dag.py:2306} INFO - Setting next_dagrun for example_xcom_args_with_operators to None
[2021-07-10 09:57:04,354] {scheduler_job.py:190} INFO - Processing /home/karuturihemanth/.local/lib/python3.9/site-packages/airflow/example_dags/example_xcomargs.py took 0.260 seconds
[2021-07-10 09:57:36,441] {scheduler_job.py:182} INFO - Started process (PID=6395) to work on /home/karuturihemanth/.local/lib/python3.9/site-packages/airflow/example_dags/example_xcomargs.py
[2021-07-10 09:57:36,441] {scheduler_job.py:633} INFO - Processing file /home/karuturihemanth/.local/lib/python3.9/site-packages/airflow/example_dags/example_xcomargs.py for tasks to queue
[2021-07-10 09:57:36,442] {logging_mixin.py:104} INFO - [2021-07-10 09:57:36,442] {dagbag.py:496} INFO - Filling up the DagBag from /home/karuturihemanth/.local/lib/python3.9/site-packages/airflow/example_dags/example_xcomargs.py
[2021-07-10 09:57:36,452] {scheduler_job.py:643} INFO - DAG(s) dict_keys(['example_xcom_args', 'example_xcom_args_with_operators']) retrieved from /home/karuturihemanth/.local/lib/python3.9/site-packages/airflow/example_dags/example_xcomargs.py
[2021-07-10 09:57:36,681] {logging_mixin.py:104} INFO - [2021-07-10 09:57:36,681] {dag.py:1833} INFO - Sync 2 DAGs
[2021-07-10 09:57:36,687] {logging_mixin.py:104} INFO - [2021-07-10 09:57:36,687] {dag.py:2306} INFO - Setting next_dagrun for example_xcom_args to None
[2021-07-10 09:57:36,688] {logging_mixin.py:104} INFO - [2021-07-10 09:57:36,688] {dag.py:2306} INFO - Setting next_dagrun for example_xcom_args_with_operators to None
[2021-07-10 09:57:36,700] {scheduler_job.py:190} INFO - Processing /home/karuturihemanth/.local/lib/python3.9/site-packages/airflow/example_dags/example_xcomargs.py took 0.261 seconds
[2021-07-10 09:58:07,701] {scheduler_job.py:182} INFO - Started process (PID=6426) to work on /home/karuturihemanth/.local/lib/python3.9/site-packages/airflow/example_dags/example_xcomargs.py
[2021-07-10 09:58:07,702] {scheduler_job.py:633} INFO - Processing file /home/karuturihemanth/.local/lib/python3.9/site-packages/airflow/example_dags/example_xcomargs.py for tasks to queue
[2021-07-10 09:58:07,702] {logging_mixin.py:104} INFO - [2021-07-10 09:58:07,702] {dagbag.py:496} INFO - Filling up the DagBag from /home/karuturihemanth/.local/lib/python3.9/site-packages/airflow/example_dags/example_xcomargs.py
[2021-07-10 09:58:07,713] {scheduler_job.py:643} INFO - DAG(s) dict_keys(['example_xcom_args', 'example_xcom_args_with_operators']) retrieved from /home/karuturihemanth/.local/lib/python3.9/site-packages/airflow/example_dags/example_xcomargs.py
[2021-07-10 09:58:07,940] {logging_mixin.py:104} INFO - [2021-07-10 09:58:07,939] {dag.py:1833} INFO - Sync 2 DAGs
[2021-07-10 09:58:07,946] {logging_mixin.py:104} INFO - [2021-07-10 09:58:07,946] {dag.py:2306} INFO - Setting next_dagrun for example_xcom_args to None
[2021-07-10 09:58:07,947] {logging_mixin.py:104} INFO - [2021-07-10 09:58:07,946] {dag.py:2306} INFO - Setting next_dagrun for example_xcom_args_with_operators to None
[2021-07-10 09:58:07,959] {scheduler_job.py:190} INFO - Processing /home/karuturihemanth/.local/lib/python3.9/site-packages/airflow/example_dags/example_xcomargs.py took 0.259 seconds
[2021-07-10 09:58:38,755] {scheduler_job.py:182} INFO - Started process (PID=6457) to work on /home/karuturihemanth/.local/lib/python3.9/site-packages/airflow/example_dags/example_xcomargs.py
[2021-07-10 09:58:38,756] {scheduler_job.py:633} INFO - Processing file /home/karuturihemanth/.local/lib/python3.9/site-packages/airflow/example_dags/example_xcomargs.py for tasks to queue
[2021-07-10 09:58:38,756] {logging_mixin.py:104} INFO - [2021-07-10 09:58:38,756] {dagbag.py:496} INFO - Filling up the DagBag from /home/karuturihemanth/.local/lib/python3.9/site-packages/airflow/example_dags/example_xcomargs.py
[2021-07-10 09:58:38,768] {scheduler_job.py:643} INFO - DAG(s) dict_keys(['example_xcom_args', 'example_xcom_args_with_operators']) retrieved from /home/karuturihemanth/.local/lib/python3.9/site-packages/airflow/example_dags/example_xcomargs.py
[2021-07-10 09:58:39,000] {logging_mixin.py:104} INFO - [2021-07-10 09:58:38,999] {dag.py:1833} INFO - Sync 2 DAGs
[2021-07-10 09:58:39,007] {logging_mixin.py:104} INFO - [2021-07-10 09:58:39,007] {dag.py:2306} INFO - Setting next_dagrun for example_xcom_args to None
[2021-07-10 09:58:39,007] {logging_mixin.py:104} INFO - [2021-07-10 09:58:39,007] {dag.py:2306} INFO - Setting next_dagrun for example_xcom_args_with_operators to None
[2021-07-10 09:58:39,020] {scheduler_job.py:190} INFO - Processing /home/karuturihemanth/.local/lib/python3.9/site-packages/airflow/example_dags/example_xcomargs.py took 0.266 seconds
