[2021-07-10 09:54:39,505] {scheduler_job.py:182} INFO - Started process (PID=6223) to work on /home/karuturihemanth/.local/lib/python3.9/site-packages/airflow/example_dags/example_external_task_marker_dag.py
[2021-07-10 09:54:39,506] {scheduler_job.py:633} INFO - Processing file /home/karuturihemanth/.local/lib/python3.9/site-packages/airflow/example_dags/example_external_task_marker_dag.py for tasks to queue
[2021-07-10 09:54:39,506] {logging_mixin.py:104} INFO - [2021-07-10 09:54:39,506] {dagbag.py:496} INFO - Filling up the DagBag from /home/karuturihemanth/.local/lib/python3.9/site-packages/airflow/example_dags/example_external_task_marker_dag.py
[2021-07-10 09:54:39,514] {scheduler_job.py:643} INFO - DAG(s) dict_keys(['example_external_task_marker_parent', 'example_external_task_marker_child']) retrieved from /home/karuturihemanth/.local/lib/python3.9/site-packages/airflow/example_dags/example_external_task_marker_dag.py
[2021-07-10 09:54:39,754] {logging_mixin.py:104} INFO - [2021-07-10 09:54:39,754] {dag.py:1833} INFO - Sync 2 DAGs
[2021-07-10 09:54:39,762] {logging_mixin.py:104} INFO - [2021-07-10 09:54:39,761] {dag.py:2306} INFO - Setting next_dagrun for example_external_task_marker_child to None
[2021-07-10 09:54:39,762] {logging_mixin.py:104} INFO - [2021-07-10 09:54:39,762] {dag.py:2306} INFO - Setting next_dagrun for example_external_task_marker_parent to None
[2021-07-10 09:54:39,778] {scheduler_job.py:190} INFO - Processing /home/karuturihemanth/.local/lib/python3.9/site-packages/airflow/example_dags/example_external_task_marker_dag.py took 0.275 seconds
[2021-07-10 09:55:13,758] {scheduler_job.py:182} INFO - Started process (PID=6254) to work on /home/karuturihemanth/.local/lib/python3.9/site-packages/airflow/example_dags/example_external_task_marker_dag.py
[2021-07-10 09:55:13,758] {scheduler_job.py:633} INFO - Processing file /home/karuturihemanth/.local/lib/python3.9/site-packages/airflow/example_dags/example_external_task_marker_dag.py for tasks to queue
[2021-07-10 09:55:13,759] {logging_mixin.py:104} INFO - [2021-07-10 09:55:13,759] {dagbag.py:496} INFO - Filling up the DagBag from /home/karuturihemanth/.local/lib/python3.9/site-packages/airflow/example_dags/example_external_task_marker_dag.py
[2021-07-10 09:55:13,766] {scheduler_job.py:643} INFO - DAG(s) dict_keys(['example_external_task_marker_parent', 'example_external_task_marker_child']) retrieved from /home/karuturihemanth/.local/lib/python3.9/site-packages/airflow/example_dags/example_external_task_marker_dag.py
[2021-07-10 09:55:13,778] {logging_mixin.py:104} INFO - [2021-07-10 09:55:13,778] {dag.py:1833} INFO - Sync 2 DAGs
[2021-07-10 09:55:13,786] {logging_mixin.py:104} INFO - [2021-07-10 09:55:13,786] {dag.py:2306} INFO - Setting next_dagrun for example_external_task_marker_child to None
[2021-07-10 09:55:13,787] {logging_mixin.py:104} INFO - [2021-07-10 09:55:13,787] {dag.py:2306} INFO - Setting next_dagrun for example_external_task_marker_parent to None
[2021-07-10 09:55:13,799] {scheduler_job.py:190} INFO - Processing /home/karuturihemanth/.local/lib/python3.9/site-packages/airflow/example_dags/example_external_task_marker_dag.py took 0.043 seconds
[2021-07-10 09:55:45,154] {scheduler_job.py:182} INFO - Started process (PID=6285) to work on /home/karuturihemanth/.local/lib/python3.9/site-packages/airflow/example_dags/example_external_task_marker_dag.py
[2021-07-10 09:55:45,154] {scheduler_job.py:633} INFO - Processing file /home/karuturihemanth/.local/lib/python3.9/site-packages/airflow/example_dags/example_external_task_marker_dag.py for tasks to queue
[2021-07-10 09:55:45,155] {logging_mixin.py:104} INFO - [2021-07-10 09:55:45,155] {dagbag.py:496} INFO - Filling up the DagBag from /home/karuturihemanth/.local/lib/python3.9/site-packages/airflow/example_dags/example_external_task_marker_dag.py
[2021-07-10 09:55:45,162] {scheduler_job.py:643} INFO - DAG(s) dict_keys(['example_external_task_marker_parent', 'example_external_task_marker_child']) retrieved from /home/karuturihemanth/.local/lib/python3.9/site-packages/airflow/example_dags/example_external_task_marker_dag.py
[2021-07-10 09:55:45,402] {logging_mixin.py:104} INFO - [2021-07-10 09:55:45,402] {dag.py:1833} INFO - Sync 2 DAGs
[2021-07-10 09:55:45,408] {logging_mixin.py:104} INFO - [2021-07-10 09:55:45,408] {dag.py:2306} INFO - Setting next_dagrun for example_external_task_marker_child to None
[2021-07-10 09:55:45,409] {logging_mixin.py:104} INFO - [2021-07-10 09:55:45,409] {dag.py:2306} INFO - Setting next_dagrun for example_external_task_marker_parent to None
[2021-07-10 09:55:45,422] {scheduler_job.py:190} INFO - Processing /home/karuturihemanth/.local/lib/python3.9/site-packages/airflow/example_dags/example_external_task_marker_dag.py took 0.270 seconds
[2021-07-10 09:56:16,474] {scheduler_job.py:182} INFO - Started process (PID=6317) to work on /home/karuturihemanth/.local/lib/python3.9/site-packages/airflow/example_dags/example_external_task_marker_dag.py
[2021-07-10 09:56:16,475] {scheduler_job.py:633} INFO - Processing file /home/karuturihemanth/.local/lib/python3.9/site-packages/airflow/example_dags/example_external_task_marker_dag.py for tasks to queue
[2021-07-10 09:56:16,475] {logging_mixin.py:104} INFO - [2021-07-10 09:56:16,475] {dagbag.py:496} INFO - Filling up the DagBag from /home/karuturihemanth/.local/lib/python3.9/site-packages/airflow/example_dags/example_external_task_marker_dag.py
[2021-07-10 09:56:16,482] {scheduler_job.py:643} INFO - DAG(s) dict_keys(['example_external_task_marker_parent', 'example_external_task_marker_child']) retrieved from /home/karuturihemanth/.local/lib/python3.9/site-packages/airflow/example_dags/example_external_task_marker_dag.py
[2021-07-10 09:56:16,494] {logging_mixin.py:104} INFO - [2021-07-10 09:56:16,494] {dag.py:1833} INFO - Sync 2 DAGs
[2021-07-10 09:56:16,502] {logging_mixin.py:104} INFO - [2021-07-10 09:56:16,502] {dag.py:2306} INFO - Setting next_dagrun for example_external_task_marker_child to None
[2021-07-10 09:56:16,502] {logging_mixin.py:104} INFO - [2021-07-10 09:56:16,502] {dag.py:2306} INFO - Setting next_dagrun for example_external_task_marker_parent to None
[2021-07-10 09:56:16,516] {scheduler_job.py:190} INFO - Processing /home/karuturihemanth/.local/lib/python3.9/site-packages/airflow/example_dags/example_external_task_marker_dag.py took 0.043 seconds
[2021-07-10 09:56:48,676] {scheduler_job.py:182} INFO - Started process (PID=6349) to work on /home/karuturihemanth/.local/lib/python3.9/site-packages/airflow/example_dags/example_external_task_marker_dag.py
[2021-07-10 09:56:48,676] {scheduler_job.py:633} INFO - Processing file /home/karuturihemanth/.local/lib/python3.9/site-packages/airflow/example_dags/example_external_task_marker_dag.py for tasks to queue
[2021-07-10 09:56:48,676] {logging_mixin.py:104} INFO - [2021-07-10 09:56:48,676] {dagbag.py:496} INFO - Filling up the DagBag from /home/karuturihemanth/.local/lib/python3.9/site-packages/airflow/example_dags/example_external_task_marker_dag.py
[2021-07-10 09:56:48,683] {scheduler_job.py:643} INFO - DAG(s) dict_keys(['example_external_task_marker_parent', 'example_external_task_marker_child']) retrieved from /home/karuturihemanth/.local/lib/python3.9/site-packages/airflow/example_dags/example_external_task_marker_dag.py
[2021-07-10 09:56:48,906] {logging_mixin.py:104} INFO - [2021-07-10 09:56:48,906] {dag.py:1833} INFO - Sync 2 DAGs
[2021-07-10 09:56:48,915] {logging_mixin.py:104} INFO - [2021-07-10 09:56:48,915] {dag.py:2306} INFO - Setting next_dagrun for example_external_task_marker_child to None
[2021-07-10 09:56:48,916] {logging_mixin.py:104} INFO - [2021-07-10 09:56:48,916] {dag.py:2306} INFO - Setting next_dagrun for example_external_task_marker_parent to None
[2021-07-10 09:56:48,927] {scheduler_job.py:190} INFO - Processing /home/karuturihemanth/.local/lib/python3.9/site-packages/airflow/example_dags/example_external_task_marker_dag.py took 0.253 seconds
[2021-07-10 09:57:20,603] {scheduler_job.py:182} INFO - Started process (PID=6380) to work on /home/karuturihemanth/.local/lib/python3.9/site-packages/airflow/example_dags/example_external_task_marker_dag.py
[2021-07-10 09:57:20,604] {scheduler_job.py:633} INFO - Processing file /home/karuturihemanth/.local/lib/python3.9/site-packages/airflow/example_dags/example_external_task_marker_dag.py for tasks to queue
[2021-07-10 09:57:20,604] {logging_mixin.py:104} INFO - [2021-07-10 09:57:20,604] {dagbag.py:496} INFO - Filling up the DagBag from /home/karuturihemanth/.local/lib/python3.9/site-packages/airflow/example_dags/example_external_task_marker_dag.py
[2021-07-10 09:57:20,611] {scheduler_job.py:643} INFO - DAG(s) dict_keys(['example_external_task_marker_parent', 'example_external_task_marker_child']) retrieved from /home/karuturihemanth/.local/lib/python3.9/site-packages/airflow/example_dags/example_external_task_marker_dag.py
[2021-07-10 09:57:20,622] {logging_mixin.py:104} INFO - [2021-07-10 09:57:20,622] {dag.py:1833} INFO - Sync 2 DAGs
[2021-07-10 09:57:20,629] {logging_mixin.py:104} INFO - [2021-07-10 09:57:20,629] {dag.py:2306} INFO - Setting next_dagrun for example_external_task_marker_child to None
[2021-07-10 09:57:20,630] {logging_mixin.py:104} INFO - [2021-07-10 09:57:20,630] {dag.py:2306} INFO - Setting next_dagrun for example_external_task_marker_parent to None
[2021-07-10 09:57:20,642] {scheduler_job.py:190} INFO - Processing /home/karuturihemanth/.local/lib/python3.9/site-packages/airflow/example_dags/example_external_task_marker_dag.py took 0.040 seconds
[2021-07-10 09:57:51,869] {scheduler_job.py:182} INFO - Started process (PID=6411) to work on /home/karuturihemanth/.local/lib/python3.9/site-packages/airflow/example_dags/example_external_task_marker_dag.py
[2021-07-10 09:57:51,870] {scheduler_job.py:633} INFO - Processing file /home/karuturihemanth/.local/lib/python3.9/site-packages/airflow/example_dags/example_external_task_marker_dag.py for tasks to queue
[2021-07-10 09:57:51,870] {logging_mixin.py:104} INFO - [2021-07-10 09:57:51,870] {dagbag.py:496} INFO - Filling up the DagBag from /home/karuturihemanth/.local/lib/python3.9/site-packages/airflow/example_dags/example_external_task_marker_dag.py
[2021-07-10 09:57:51,877] {scheduler_job.py:643} INFO - DAG(s) dict_keys(['example_external_task_marker_parent', 'example_external_task_marker_child']) retrieved from /home/karuturihemanth/.local/lib/python3.9/site-packages/airflow/example_dags/example_external_task_marker_dag.py
[2021-07-10 09:57:52,104] {logging_mixin.py:104} INFO - [2021-07-10 09:57:52,103] {dag.py:1833} INFO - Sync 2 DAGs
[2021-07-10 09:57:52,110] {logging_mixin.py:104} INFO - [2021-07-10 09:57:52,110] {dag.py:2306} INFO - Setting next_dagrun for example_external_task_marker_child to None
[2021-07-10 09:57:52,111] {logging_mixin.py:104} INFO - [2021-07-10 09:57:52,111] {dag.py:2306} INFO - Setting next_dagrun for example_external_task_marker_parent to None
[2021-07-10 09:57:52,123] {scheduler_job.py:190} INFO - Processing /home/karuturihemanth/.local/lib/python3.9/site-packages/airflow/example_dags/example_external_task_marker_dag.py took 0.255 seconds
[2021-07-10 09:58:23,125] {scheduler_job.py:182} INFO - Started process (PID=6442) to work on /home/karuturihemanth/.local/lib/python3.9/site-packages/airflow/example_dags/example_external_task_marker_dag.py
[2021-07-10 09:58:23,126] {scheduler_job.py:633} INFO - Processing file /home/karuturihemanth/.local/lib/python3.9/site-packages/airflow/example_dags/example_external_task_marker_dag.py for tasks to queue
[2021-07-10 09:58:23,126] {logging_mixin.py:104} INFO - [2021-07-10 09:58:23,126] {dagbag.py:496} INFO - Filling up the DagBag from /home/karuturihemanth/.local/lib/python3.9/site-packages/airflow/example_dags/example_external_task_marker_dag.py
[2021-07-10 09:58:23,133] {scheduler_job.py:643} INFO - DAG(s) dict_keys(['example_external_task_marker_parent', 'example_external_task_marker_child']) retrieved from /home/karuturihemanth/.local/lib/python3.9/site-packages/airflow/example_dags/example_external_task_marker_dag.py
[2021-07-10 09:58:23,372] {logging_mixin.py:104} INFO - [2021-07-10 09:58:23,371] {dag.py:1833} INFO - Sync 2 DAGs
[2021-07-10 09:58:23,378] {logging_mixin.py:104} INFO - [2021-07-10 09:58:23,378] {dag.py:2306} INFO - Setting next_dagrun for example_external_task_marker_child to None
[2021-07-10 09:58:23,378] {logging_mixin.py:104} INFO - [2021-07-10 09:58:23,378] {dag.py:2306} INFO - Setting next_dagrun for example_external_task_marker_parent to None
[2021-07-10 09:58:23,390] {scheduler_job.py:190} INFO - Processing /home/karuturihemanth/.local/lib/python3.9/site-packages/airflow/example_dags/example_external_task_marker_dag.py took 0.267 seconds
[2021-07-10 09:58:55,309] {scheduler_job.py:182} INFO - Started process (PID=6473) to work on /home/karuturihemanth/.local/lib/python3.9/site-packages/airflow/example_dags/example_external_task_marker_dag.py
[2021-07-10 09:58:55,310] {scheduler_job.py:633} INFO - Processing file /home/karuturihemanth/.local/lib/python3.9/site-packages/airflow/example_dags/example_external_task_marker_dag.py for tasks to queue
[2021-07-10 09:58:55,310] {logging_mixin.py:104} INFO - [2021-07-10 09:58:55,310] {dagbag.py:496} INFO - Filling up the DagBag from /home/karuturihemanth/.local/lib/python3.9/site-packages/airflow/example_dags/example_external_task_marker_dag.py
[2021-07-10 09:58:55,318] {scheduler_job.py:643} INFO - DAG(s) dict_keys(['example_external_task_marker_parent', 'example_external_task_marker_child']) retrieved from /home/karuturihemanth/.local/lib/python3.9/site-packages/airflow/example_dags/example_external_task_marker_dag.py
[2021-07-10 09:58:55,546] {logging_mixin.py:104} INFO - [2021-07-10 09:58:55,546] {dag.py:1833} INFO - Sync 2 DAGs
[2021-07-10 09:58:55,553] {logging_mixin.py:104} INFO - [2021-07-10 09:58:55,553] {dag.py:2306} INFO - Setting next_dagrun for example_external_task_marker_child to None
[2021-07-10 09:58:55,554] {logging_mixin.py:104} INFO - [2021-07-10 09:58:55,554] {dag.py:2306} INFO - Setting next_dagrun for example_external_task_marker_parent to None
[2021-07-10 09:58:55,567] {scheduler_job.py:190} INFO - Processing /home/karuturihemanth/.local/lib/python3.9/site-packages/airflow/example_dags/example_external_task_marker_dag.py took 0.259 seconds
