[2021-07-10 09:54:32,834] {scheduler_job.py:182} INFO - Started process (PID=6218) to work on /home/karuturihemanth/.local/lib/python3.9/site-packages/airflow/example_dags/example_latest_only.py
[2021-07-10 09:54:32,835] {scheduler_job.py:633} INFO - Processing file /home/karuturihemanth/.local/lib/python3.9/site-packages/airflow/example_dags/example_latest_only.py for tasks to queue
[2021-07-10 09:54:32,835] {logging_mixin.py:104} INFO - [2021-07-10 09:54:32,835] {dagbag.py:496} INFO - Filling up the DagBag from /home/karuturihemanth/.local/lib/python3.9/site-packages/airflow/example_dags/example_latest_only.py
[2021-07-10 09:54:32,841] {scheduler_job.py:643} INFO - DAG(s) dict_keys(['latest_only']) retrieved from /home/karuturihemanth/.local/lib/python3.9/site-packages/airflow/example_dags/example_latest_only.py
[2021-07-10 09:54:33,065] {logging_mixin.py:104} INFO - [2021-07-10 09:54:33,065] {dag.py:1833} INFO - Sync 1 DAGs
[2021-07-10 09:54:33,071] {logging_mixin.py:104} INFO - [2021-07-10 09:54:33,071] {dag.py:2306} INFO - Setting next_dagrun for latest_only to 2021-07-08 00:00:00+00:00
[2021-07-10 09:54:33,084] {scheduler_job.py:190} INFO - Processing /home/karuturihemanth/.local/lib/python3.9/site-packages/airflow/example_dags/example_latest_only.py took 0.252 seconds
[2021-07-10 09:55:08,978] {scheduler_job.py:182} INFO - Started process (PID=6249) to work on /home/karuturihemanth/.local/lib/python3.9/site-packages/airflow/example_dags/example_latest_only.py
[2021-07-10 09:55:08,979] {scheduler_job.py:633} INFO - Processing file /home/karuturihemanth/.local/lib/python3.9/site-packages/airflow/example_dags/example_latest_only.py for tasks to queue
[2021-07-10 09:55:08,979] {logging_mixin.py:104} INFO - [2021-07-10 09:55:08,979] {dagbag.py:496} INFO - Filling up the DagBag from /home/karuturihemanth/.local/lib/python3.9/site-packages/airflow/example_dags/example_latest_only.py
[2021-07-10 09:55:08,985] {scheduler_job.py:643} INFO - DAG(s) dict_keys(['latest_only']) retrieved from /home/karuturihemanth/.local/lib/python3.9/site-packages/airflow/example_dags/example_latest_only.py
[2021-07-10 09:55:08,993] {logging_mixin.py:104} INFO - [2021-07-10 09:55:08,993] {dag.py:1833} INFO - Sync 1 DAGs
[2021-07-10 09:55:09,000] {logging_mixin.py:104} INFO - [2021-07-10 09:55:09,000] {dag.py:2306} INFO - Setting next_dagrun for latest_only to 2021-07-08 00:00:00+00:00
[2021-07-10 09:55:09,013] {scheduler_job.py:190} INFO - Processing /home/karuturihemanth/.local/lib/python3.9/site-packages/airflow/example_dags/example_latest_only.py took 0.036 seconds
[2021-07-10 09:55:40,460] {scheduler_job.py:182} INFO - Started process (PID=6280) to work on /home/karuturihemanth/.local/lib/python3.9/site-packages/airflow/example_dags/example_latest_only.py
[2021-07-10 09:55:40,461] {scheduler_job.py:633} INFO - Processing file /home/karuturihemanth/.local/lib/python3.9/site-packages/airflow/example_dags/example_latest_only.py for tasks to queue
[2021-07-10 09:55:40,461] {logging_mixin.py:104} INFO - [2021-07-10 09:55:40,461] {dagbag.py:496} INFO - Filling up the DagBag from /home/karuturihemanth/.local/lib/python3.9/site-packages/airflow/example_dags/example_latest_only.py
[2021-07-10 09:55:40,468] {scheduler_job.py:643} INFO - DAG(s) dict_keys(['latest_only']) retrieved from /home/karuturihemanth/.local/lib/python3.9/site-packages/airflow/example_dags/example_latest_only.py
[2021-07-10 09:55:40,476] {logging_mixin.py:104} INFO - [2021-07-10 09:55:40,476] {dag.py:1833} INFO - Sync 1 DAGs
[2021-07-10 09:55:40,483] {logging_mixin.py:104} INFO - [2021-07-10 09:55:40,483] {dag.py:2306} INFO - Setting next_dagrun for latest_only to 2021-07-08 00:00:00+00:00
[2021-07-10 09:55:40,495] {scheduler_job.py:190} INFO - Processing /home/karuturihemanth/.local/lib/python3.9/site-packages/airflow/example_dags/example_latest_only.py took 0.036 seconds
[2021-07-10 09:56:11,326] {scheduler_job.py:182} INFO - Started process (PID=6312) to work on /home/karuturihemanth/.local/lib/python3.9/site-packages/airflow/example_dags/example_latest_only.py
[2021-07-10 09:56:11,327] {scheduler_job.py:633} INFO - Processing file /home/karuturihemanth/.local/lib/python3.9/site-packages/airflow/example_dags/example_latest_only.py for tasks to queue
[2021-07-10 09:56:11,327] {logging_mixin.py:104} INFO - [2021-07-10 09:56:11,327] {dagbag.py:496} INFO - Filling up the DagBag from /home/karuturihemanth/.local/lib/python3.9/site-packages/airflow/example_dags/example_latest_only.py
[2021-07-10 09:56:11,334] {scheduler_job.py:643} INFO - DAG(s) dict_keys(['latest_only']) retrieved from /home/karuturihemanth/.local/lib/python3.9/site-packages/airflow/example_dags/example_latest_only.py
[2021-07-10 09:56:11,342] {logging_mixin.py:104} INFO - [2021-07-10 09:56:11,342] {dag.py:1833} INFO - Sync 1 DAGs
[2021-07-10 09:56:11,350] {logging_mixin.py:104} INFO - [2021-07-10 09:56:11,350] {dag.py:2306} INFO - Setting next_dagrun for latest_only to 2021-07-08 00:00:00+00:00
[2021-07-10 09:56:11,362] {scheduler_job.py:190} INFO - Processing /home/karuturihemanth/.local/lib/python3.9/site-packages/airflow/example_dags/example_latest_only.py took 0.037 seconds
[2021-07-10 09:56:43,534] {scheduler_job.py:182} INFO - Started process (PID=6344) to work on /home/karuturihemanth/.local/lib/python3.9/site-packages/airflow/example_dags/example_latest_only.py
[2021-07-10 09:56:43,534] {scheduler_job.py:633} INFO - Processing file /home/karuturihemanth/.local/lib/python3.9/site-packages/airflow/example_dags/example_latest_only.py for tasks to queue
[2021-07-10 09:56:43,534] {logging_mixin.py:104} INFO - [2021-07-10 09:56:43,534] {dagbag.py:496} INFO - Filling up the DagBag from /home/karuturihemanth/.local/lib/python3.9/site-packages/airflow/example_dags/example_latest_only.py
[2021-07-10 09:56:43,541] {scheduler_job.py:643} INFO - DAG(s) dict_keys(['latest_only']) retrieved from /home/karuturihemanth/.local/lib/python3.9/site-packages/airflow/example_dags/example_latest_only.py
[2021-07-10 09:56:43,549] {logging_mixin.py:104} INFO - [2021-07-10 09:56:43,549] {dag.py:1833} INFO - Sync 1 DAGs
[2021-07-10 09:56:43,557] {logging_mixin.py:104} INFO - [2021-07-10 09:56:43,556] {dag.py:2306} INFO - Setting next_dagrun for latest_only to 2021-07-08 00:00:00+00:00
[2021-07-10 09:56:43,569] {scheduler_job.py:190} INFO - Processing /home/karuturihemanth/.local/lib/python3.9/site-packages/airflow/example_dags/example_latest_only.py took 0.037 seconds
[2021-07-10 09:57:14,933] {scheduler_job.py:182} INFO - Started process (PID=6375) to work on /home/karuturihemanth/.local/lib/python3.9/site-packages/airflow/example_dags/example_latest_only.py
[2021-07-10 09:57:14,934] {scheduler_job.py:633} INFO - Processing file /home/karuturihemanth/.local/lib/python3.9/site-packages/airflow/example_dags/example_latest_only.py for tasks to queue
[2021-07-10 09:57:14,934] {logging_mixin.py:104} INFO - [2021-07-10 09:57:14,934] {dagbag.py:496} INFO - Filling up the DagBag from /home/karuturihemanth/.local/lib/python3.9/site-packages/airflow/example_dags/example_latest_only.py
[2021-07-10 09:57:14,940] {scheduler_job.py:643} INFO - DAG(s) dict_keys(['latest_only']) retrieved from /home/karuturihemanth/.local/lib/python3.9/site-packages/airflow/example_dags/example_latest_only.py
[2021-07-10 09:57:14,949] {logging_mixin.py:104} INFO - [2021-07-10 09:57:14,949] {dag.py:1833} INFO - Sync 1 DAGs
[2021-07-10 09:57:14,956] {logging_mixin.py:104} INFO - [2021-07-10 09:57:14,956] {dag.py:2306} INFO - Setting next_dagrun for latest_only to 2021-07-08 00:00:00+00:00
[2021-07-10 09:57:14,968] {scheduler_job.py:190} INFO - Processing /home/karuturihemanth/.local/lib/python3.9/site-packages/airflow/example_dags/example_latest_only.py took 0.037 seconds
[2021-07-10 09:57:46,731] {scheduler_job.py:182} INFO - Started process (PID=6406) to work on /home/karuturihemanth/.local/lib/python3.9/site-packages/airflow/example_dags/example_latest_only.py
[2021-07-10 09:57:46,732] {scheduler_job.py:633} INFO - Processing file /home/karuturihemanth/.local/lib/python3.9/site-packages/airflow/example_dags/example_latest_only.py for tasks to queue
[2021-07-10 09:57:46,732] {logging_mixin.py:104} INFO - [2021-07-10 09:57:46,732] {dagbag.py:496} INFO - Filling up the DagBag from /home/karuturihemanth/.local/lib/python3.9/site-packages/airflow/example_dags/example_latest_only.py
[2021-07-10 09:57:46,738] {scheduler_job.py:643} INFO - DAG(s) dict_keys(['latest_only']) retrieved from /home/karuturihemanth/.local/lib/python3.9/site-packages/airflow/example_dags/example_latest_only.py
[2021-07-10 09:57:46,747] {logging_mixin.py:104} INFO - [2021-07-10 09:57:46,747] {dag.py:1833} INFO - Sync 1 DAGs
[2021-07-10 09:57:46,754] {logging_mixin.py:104} INFO - [2021-07-10 09:57:46,754] {dag.py:2306} INFO - Setting next_dagrun for latest_only to 2021-07-08 00:00:00+00:00
[2021-07-10 09:57:46,766] {scheduler_job.py:190} INFO - Processing /home/karuturihemanth/.local/lib/python3.9/site-packages/airflow/example_dags/example_latest_only.py took 0.036 seconds
[2021-07-10 09:58:17,985] {scheduler_job.py:182} INFO - Started process (PID=6437) to work on /home/karuturihemanth/.local/lib/python3.9/site-packages/airflow/example_dags/example_latest_only.py
[2021-07-10 09:58:17,985] {scheduler_job.py:633} INFO - Processing file /home/karuturihemanth/.local/lib/python3.9/site-packages/airflow/example_dags/example_latest_only.py for tasks to queue
[2021-07-10 09:58:17,986] {logging_mixin.py:104} INFO - [2021-07-10 09:58:17,986] {dagbag.py:496} INFO - Filling up the DagBag from /home/karuturihemanth/.local/lib/python3.9/site-packages/airflow/example_dags/example_latest_only.py
[2021-07-10 09:58:17,992] {scheduler_job.py:643} INFO - DAG(s) dict_keys(['latest_only']) retrieved from /home/karuturihemanth/.local/lib/python3.9/site-packages/airflow/example_dags/example_latest_only.py
[2021-07-10 09:58:18,001] {logging_mixin.py:104} INFO - [2021-07-10 09:58:18,001] {dag.py:1833} INFO - Sync 1 DAGs
[2021-07-10 09:58:18,009] {logging_mixin.py:104} INFO - [2021-07-10 09:58:18,009] {dag.py:2306} INFO - Setting next_dagrun for latest_only to 2021-07-08 00:00:00+00:00
[2021-07-10 09:58:18,021] {scheduler_job.py:190} INFO - Processing /home/karuturihemanth/.local/lib/python3.9/site-packages/airflow/example_dags/example_latest_only.py took 0.038 seconds
[2021-07-10 09:58:50,166] {scheduler_job.py:182} INFO - Started process (PID=6468) to work on /home/karuturihemanth/.local/lib/python3.9/site-packages/airflow/example_dags/example_latest_only.py
[2021-07-10 09:58:50,167] {scheduler_job.py:633} INFO - Processing file /home/karuturihemanth/.local/lib/python3.9/site-packages/airflow/example_dags/example_latest_only.py for tasks to queue
[2021-07-10 09:58:50,167] {logging_mixin.py:104} INFO - [2021-07-10 09:58:50,167] {dagbag.py:496} INFO - Filling up the DagBag from /home/karuturihemanth/.local/lib/python3.9/site-packages/airflow/example_dags/example_latest_only.py
[2021-07-10 09:58:50,174] {scheduler_job.py:643} INFO - DAG(s) dict_keys(['latest_only']) retrieved from /home/karuturihemanth/.local/lib/python3.9/site-packages/airflow/example_dags/example_latest_only.py
[2021-07-10 09:58:50,183] {logging_mixin.py:104} INFO - [2021-07-10 09:58:50,183] {dag.py:1833} INFO - Sync 1 DAGs
[2021-07-10 09:58:50,190] {logging_mixin.py:104} INFO - [2021-07-10 09:58:50,190] {dag.py:2306} INFO - Setting next_dagrun for latest_only to 2021-07-08 00:00:00+00:00
[2021-07-10 09:58:50,202] {scheduler_job.py:190} INFO - Processing /home/karuturihemanth/.local/lib/python3.9/site-packages/airflow/example_dags/example_latest_only.py took 0.037 seconds
