[2021-07-10 09:54:43,295] {scheduler_job.py:182} INFO - Started process (PID=6226) to work on /home/karuturihemanth/.local/lib/python3.9/site-packages/airflow/example_dags/example_dag_decorator.py
[2021-07-10 09:54:43,296] {scheduler_job.py:633} INFO - Processing file /home/karuturihemanth/.local/lib/python3.9/site-packages/airflow/example_dags/example_dag_decorator.py for tasks to queue
[2021-07-10 09:54:43,296] {logging_mixin.py:104} INFO - [2021-07-10 09:54:43,296] {dagbag.py:496} INFO - Filling up the DagBag from /home/karuturihemanth/.local/lib/python3.9/site-packages/airflow/example_dags/example_dag_decorator.py
[2021-07-10 09:54:43,307] {scheduler_job.py:643} INFO - DAG(s) dict_keys(['example_dag_decorator']) retrieved from /home/karuturihemanth/.local/lib/python3.9/site-packages/airflow/example_dags/example_dag_decorator.py
[2021-07-10 09:54:43,535] {logging_mixin.py:104} INFO - [2021-07-10 09:54:43,534] {dag.py:1833} INFO - Sync 1 DAGs
[2021-07-10 09:54:43,541] {logging_mixin.py:104} INFO - [2021-07-10 09:54:43,541] {dag.py:2306} INFO - Setting next_dagrun for example_dag_decorator to None
[2021-07-10 09:54:43,556] {scheduler_job.py:190} INFO - Processing /home/karuturihemanth/.local/lib/python3.9/site-packages/airflow/example_dags/example_dag_decorator.py took 0.262 seconds
[2021-07-10 09:55:17,012] {scheduler_job.py:182} INFO - Started process (PID=6257) to work on /home/karuturihemanth/.local/lib/python3.9/site-packages/airflow/example_dags/example_dag_decorator.py
[2021-07-10 09:55:17,013] {scheduler_job.py:633} INFO - Processing file /home/karuturihemanth/.local/lib/python3.9/site-packages/airflow/example_dags/example_dag_decorator.py for tasks to queue
[2021-07-10 09:55:17,013] {logging_mixin.py:104} INFO - [2021-07-10 09:55:17,013] {dagbag.py:496} INFO - Filling up the DagBag from /home/karuturihemanth/.local/lib/python3.9/site-packages/airflow/example_dags/example_dag_decorator.py
[2021-07-10 09:55:17,024] {scheduler_job.py:643} INFO - DAG(s) dict_keys(['example_dag_decorator']) retrieved from /home/karuturihemanth/.local/lib/python3.9/site-packages/airflow/example_dags/example_dag_decorator.py
[2021-07-10 09:55:17,256] {logging_mixin.py:104} INFO - [2021-07-10 09:55:17,255] {dag.py:1833} INFO - Sync 1 DAGs
[2021-07-10 09:55:17,262] {logging_mixin.py:104} INFO - [2021-07-10 09:55:17,262] {dag.py:2306} INFO - Setting next_dagrun for example_dag_decorator to None
[2021-07-10 09:55:17,276] {scheduler_job.py:190} INFO - Processing /home/karuturihemanth/.local/lib/python3.9/site-packages/airflow/example_dags/example_dag_decorator.py took 0.265 seconds
[2021-07-10 09:55:47,880] {scheduler_job.py:182} INFO - Started process (PID=6288) to work on /home/karuturihemanth/.local/lib/python3.9/site-packages/airflow/example_dags/example_dag_decorator.py
[2021-07-10 09:55:47,881] {scheduler_job.py:633} INFO - Processing file /home/karuturihemanth/.local/lib/python3.9/site-packages/airflow/example_dags/example_dag_decorator.py for tasks to queue
[2021-07-10 09:55:47,881] {logging_mixin.py:104} INFO - [2021-07-10 09:55:47,881] {dagbag.py:496} INFO - Filling up the DagBag from /home/karuturihemanth/.local/lib/python3.9/site-packages/airflow/example_dags/example_dag_decorator.py
[2021-07-10 09:55:47,893] {scheduler_job.py:643} INFO - DAG(s) dict_keys(['example_dag_decorator']) retrieved from /home/karuturihemanth/.local/lib/python3.9/site-packages/airflow/example_dags/example_dag_decorator.py
[2021-07-10 09:55:48,141] {logging_mixin.py:104} INFO - [2021-07-10 09:55:48,141] {dag.py:1833} INFO - Sync 1 DAGs
[2021-07-10 09:55:48,148] {logging_mixin.py:104} INFO - [2021-07-10 09:55:48,147] {dag.py:2306} INFO - Setting next_dagrun for example_dag_decorator to None
[2021-07-10 09:55:48,160] {scheduler_job.py:190} INFO - Processing /home/karuturihemanth/.local/lib/python3.9/site-packages/airflow/example_dags/example_dag_decorator.py took 0.281 seconds
[2021-07-10 09:56:19,877] {scheduler_job.py:182} INFO - Started process (PID=6320) to work on /home/karuturihemanth/.local/lib/python3.9/site-packages/airflow/example_dags/example_dag_decorator.py
[2021-07-10 09:56:19,877] {scheduler_job.py:633} INFO - Processing file /home/karuturihemanth/.local/lib/python3.9/site-packages/airflow/example_dags/example_dag_decorator.py for tasks to queue
[2021-07-10 09:56:19,877] {logging_mixin.py:104} INFO - [2021-07-10 09:56:19,877] {dagbag.py:496} INFO - Filling up the DagBag from /home/karuturihemanth/.local/lib/python3.9/site-packages/airflow/example_dags/example_dag_decorator.py
[2021-07-10 09:56:19,888] {scheduler_job.py:643} INFO - DAG(s) dict_keys(['example_dag_decorator']) retrieved from /home/karuturihemanth/.local/lib/python3.9/site-packages/airflow/example_dags/example_dag_decorator.py
[2021-07-10 09:56:20,133] {logging_mixin.py:104} INFO - [2021-07-10 09:56:20,133] {dag.py:1833} INFO - Sync 1 DAGs
[2021-07-10 09:56:20,139] {logging_mixin.py:104} INFO - [2021-07-10 09:56:20,139] {dag.py:2306} INFO - Setting next_dagrun for example_dag_decorator to None
[2021-07-10 09:56:20,152] {scheduler_job.py:190} INFO - Processing /home/karuturihemanth/.local/lib/python3.9/site-packages/airflow/example_dags/example_dag_decorator.py took 0.277 seconds
[2021-07-10 09:56:52,263] {scheduler_job.py:182} INFO - Started process (PID=6352) to work on /home/karuturihemanth/.local/lib/python3.9/site-packages/airflow/example_dags/example_dag_decorator.py
[2021-07-10 09:56:52,264] {scheduler_job.py:633} INFO - Processing file /home/karuturihemanth/.local/lib/python3.9/site-packages/airflow/example_dags/example_dag_decorator.py for tasks to queue
[2021-07-10 09:56:52,264] {logging_mixin.py:104} INFO - [2021-07-10 09:56:52,264] {dagbag.py:496} INFO - Filling up the DagBag from /home/karuturihemanth/.local/lib/python3.9/site-packages/airflow/example_dags/example_dag_decorator.py
[2021-07-10 09:56:52,276] {scheduler_job.py:643} INFO - DAG(s) dict_keys(['example_dag_decorator']) retrieved from /home/karuturihemanth/.local/lib/python3.9/site-packages/airflow/example_dags/example_dag_decorator.py
[2021-07-10 09:56:52,511] {logging_mixin.py:104} INFO - [2021-07-10 09:56:52,511] {dag.py:1833} INFO - Sync 1 DAGs
[2021-07-10 09:56:52,518] {logging_mixin.py:104} INFO - [2021-07-10 09:56:52,517] {dag.py:2306} INFO - Setting next_dagrun for example_dag_decorator to None
[2021-07-10 09:56:52,532] {scheduler_job.py:190} INFO - Processing /home/karuturihemanth/.local/lib/python3.9/site-packages/airflow/example_dags/example_dag_decorator.py took 0.270 seconds
[2021-07-10 09:57:23,474] {scheduler_job.py:182} INFO - Started process (PID=6383) to work on /home/karuturihemanth/.local/lib/python3.9/site-packages/airflow/example_dags/example_dag_decorator.py
[2021-07-10 09:57:23,475] {scheduler_job.py:633} INFO - Processing file /home/karuturihemanth/.local/lib/python3.9/site-packages/airflow/example_dags/example_dag_decorator.py for tasks to queue
[2021-07-10 09:57:23,475] {logging_mixin.py:104} INFO - [2021-07-10 09:57:23,475] {dagbag.py:496} INFO - Filling up the DagBag from /home/karuturihemanth/.local/lib/python3.9/site-packages/airflow/example_dags/example_dag_decorator.py
[2021-07-10 09:57:23,486] {scheduler_job.py:643} INFO - DAG(s) dict_keys(['example_dag_decorator']) retrieved from /home/karuturihemanth/.local/lib/python3.9/site-packages/airflow/example_dags/example_dag_decorator.py
[2021-07-10 09:57:23,709] {logging_mixin.py:104} INFO - [2021-07-10 09:57:23,709] {dag.py:1833} INFO - Sync 1 DAGs
[2021-07-10 09:57:23,715] {logging_mixin.py:104} INFO - [2021-07-10 09:57:23,715] {dag.py:2306} INFO - Setting next_dagrun for example_dag_decorator to None
[2021-07-10 09:57:23,728] {scheduler_job.py:190} INFO - Processing /home/karuturihemanth/.local/lib/python3.9/site-packages/airflow/example_dags/example_dag_decorator.py took 0.255 seconds
[2021-07-10 09:57:54,741] {scheduler_job.py:182} INFO - Started process (PID=6414) to work on /home/karuturihemanth/.local/lib/python3.9/site-packages/airflow/example_dags/example_dag_decorator.py
[2021-07-10 09:57:54,741] {scheduler_job.py:633} INFO - Processing file /home/karuturihemanth/.local/lib/python3.9/site-packages/airflow/example_dags/example_dag_decorator.py for tasks to queue
[2021-07-10 09:57:54,742] {logging_mixin.py:104} INFO - [2021-07-10 09:57:54,742] {dagbag.py:496} INFO - Filling up the DagBag from /home/karuturihemanth/.local/lib/python3.9/site-packages/airflow/example_dags/example_dag_decorator.py
[2021-07-10 09:57:54,753] {scheduler_job.py:643} INFO - DAG(s) dict_keys(['example_dag_decorator']) retrieved from /home/karuturihemanth/.local/lib/python3.9/site-packages/airflow/example_dags/example_dag_decorator.py
[2021-07-10 09:57:54,984] {logging_mixin.py:104} INFO - [2021-07-10 09:57:54,984] {dag.py:1833} INFO - Sync 1 DAGs
[2021-07-10 09:57:54,991] {logging_mixin.py:104} INFO - [2021-07-10 09:57:54,990] {dag.py:2306} INFO - Setting next_dagrun for example_dag_decorator to None
[2021-07-10 09:57:55,005] {scheduler_job.py:190} INFO - Processing /home/karuturihemanth/.local/lib/python3.9/site-packages/airflow/example_dags/example_dag_decorator.py took 0.266 seconds
[2021-07-10 09:58:25,997] {scheduler_job.py:182} INFO - Started process (PID=6445) to work on /home/karuturihemanth/.local/lib/python3.9/site-packages/airflow/example_dags/example_dag_decorator.py
[2021-07-10 09:58:25,998] {scheduler_job.py:633} INFO - Processing file /home/karuturihemanth/.local/lib/python3.9/site-packages/airflow/example_dags/example_dag_decorator.py for tasks to queue
[2021-07-10 09:58:25,998] {logging_mixin.py:104} INFO - [2021-07-10 09:58:25,998] {dagbag.py:496} INFO - Filling up the DagBag from /home/karuturihemanth/.local/lib/python3.9/site-packages/airflow/example_dags/example_dag_decorator.py
[2021-07-10 09:58:26,009] {scheduler_job.py:643} INFO - DAG(s) dict_keys(['example_dag_decorator']) retrieved from /home/karuturihemanth/.local/lib/python3.9/site-packages/airflow/example_dags/example_dag_decorator.py
[2021-07-10 09:58:26,235] {logging_mixin.py:104} INFO - [2021-07-10 09:58:26,235] {dag.py:1833} INFO - Sync 1 DAGs
[2021-07-10 09:58:26,241] {logging_mixin.py:104} INFO - [2021-07-10 09:58:26,241] {dag.py:2306} INFO - Setting next_dagrun for example_dag_decorator to None
[2021-07-10 09:58:26,255] {scheduler_job.py:190} INFO - Processing /home/karuturihemanth/.local/lib/python3.9/site-packages/airflow/example_dags/example_dag_decorator.py took 0.259 seconds
[2021-07-10 09:58:58,194] {scheduler_job.py:182} INFO - Started process (PID=6476) to work on /home/karuturihemanth/.local/lib/python3.9/site-packages/airflow/example_dags/example_dag_decorator.py
[2021-07-10 09:58:58,194] {scheduler_job.py:633} INFO - Processing file /home/karuturihemanth/.local/lib/python3.9/site-packages/airflow/example_dags/example_dag_decorator.py for tasks to queue
[2021-07-10 09:58:58,195] {logging_mixin.py:104} INFO - [2021-07-10 09:58:58,195] {dagbag.py:496} INFO - Filling up the DagBag from /home/karuturihemanth/.local/lib/python3.9/site-packages/airflow/example_dags/example_dag_decorator.py
[2021-07-10 09:58:58,206] {scheduler_job.py:643} INFO - DAG(s) dict_keys(['example_dag_decorator']) retrieved from /home/karuturihemanth/.local/lib/python3.9/site-packages/airflow/example_dags/example_dag_decorator.py
[2021-07-10 09:58:58,428] {logging_mixin.py:104} INFO - [2021-07-10 09:58:58,428] {dag.py:1833} INFO - Sync 1 DAGs
[2021-07-10 09:58:58,434] {logging_mixin.py:104} INFO - [2021-07-10 09:58:58,434] {dag.py:2306} INFO - Setting next_dagrun for example_dag_decorator to None
[2021-07-10 09:58:58,446] {scheduler_job.py:190} INFO - Processing /home/karuturihemanth/.local/lib/python3.9/site-packages/airflow/example_dags/example_dag_decorator.py took 0.254 seconds
