[2021-07-10 09:54:26,160] {scheduler_job.py:182} INFO - Started process (PID=6212) to work on /home/karuturihemanth/.local/lib/python3.9/site-packages/airflow/example_dags/example_python_operator.py
[2021-07-10 09:54:26,161] {scheduler_job.py:633} INFO - Processing file /home/karuturihemanth/.local/lib/python3.9/site-packages/airflow/example_dags/example_python_operator.py for tasks to queue
[2021-07-10 09:54:26,161] {logging_mixin.py:104} INFO - [2021-07-10 09:54:26,161] {dagbag.py:496} INFO - Filling up the DagBag from /home/karuturihemanth/.local/lib/python3.9/site-packages/airflow/example_dags/example_python_operator.py
[2021-07-10 09:54:26,169] {scheduler_job.py:643} INFO - DAG(s) dict_keys(['example_python_operator']) retrieved from /home/karuturihemanth/.local/lib/python3.9/site-packages/airflow/example_dags/example_python_operator.py
[2021-07-10 09:54:26,394] {logging_mixin.py:104} INFO - [2021-07-10 09:54:26,394] {dag.py:1833} INFO - Sync 1 DAGs
[2021-07-10 09:54:26,401] {logging_mixin.py:104} INFO - [2021-07-10 09:54:26,401] {dag.py:2306} INFO - Setting next_dagrun for example_python_operator to None
[2021-07-10 09:54:26,415] {scheduler_job.py:190} INFO - Processing /home/karuturihemanth/.local/lib/python3.9/site-packages/airflow/example_dags/example_python_operator.py took 0.256 seconds
[2021-07-10 09:55:02,710] {scheduler_job.py:182} INFO - Started process (PID=6243) to work on /home/karuturihemanth/.local/lib/python3.9/site-packages/airflow/example_dags/example_python_operator.py
[2021-07-10 09:55:02,710] {scheduler_job.py:633} INFO - Processing file /home/karuturihemanth/.local/lib/python3.9/site-packages/airflow/example_dags/example_python_operator.py for tasks to queue
[2021-07-10 09:55:02,711] {logging_mixin.py:104} INFO - [2021-07-10 09:55:02,711] {dagbag.py:496} INFO - Filling up the DagBag from /home/karuturihemanth/.local/lib/python3.9/site-packages/airflow/example_dags/example_python_operator.py
[2021-07-10 09:55:02,718] {scheduler_job.py:643} INFO - DAG(s) dict_keys(['example_python_operator']) retrieved from /home/karuturihemanth/.local/lib/python3.9/site-packages/airflow/example_dags/example_python_operator.py
[2021-07-10 09:55:02,728] {logging_mixin.py:104} INFO - [2021-07-10 09:55:02,728] {dag.py:1833} INFO - Sync 1 DAGs
[2021-07-10 09:55:02,735] {logging_mixin.py:104} INFO - [2021-07-10 09:55:02,735] {dag.py:2306} INFO - Setting next_dagrun for example_python_operator to None
[2021-07-10 09:55:02,746] {scheduler_job.py:190} INFO - Processing /home/karuturihemanth/.local/lib/python3.9/site-packages/airflow/example_dags/example_python_operator.py took 0.037 seconds
[2021-07-10 09:55:34,947] {scheduler_job.py:182} INFO - Started process (PID=6274) to work on /home/karuturihemanth/.local/lib/python3.9/site-packages/airflow/example_dags/example_python_operator.py
[2021-07-10 09:55:34,948] {scheduler_job.py:633} INFO - Processing file /home/karuturihemanth/.local/lib/python3.9/site-packages/airflow/example_dags/example_python_operator.py for tasks to queue
[2021-07-10 09:55:34,948] {logging_mixin.py:104} INFO - [2021-07-10 09:55:34,948] {dagbag.py:496} INFO - Filling up the DagBag from /home/karuturihemanth/.local/lib/python3.9/site-packages/airflow/example_dags/example_python_operator.py
[2021-07-10 09:55:34,955] {scheduler_job.py:643} INFO - DAG(s) dict_keys(['example_python_operator']) retrieved from /home/karuturihemanth/.local/lib/python3.9/site-packages/airflow/example_dags/example_python_operator.py
[2021-07-10 09:55:34,964] {logging_mixin.py:104} INFO - [2021-07-10 09:55:34,964] {dag.py:1833} INFO - Sync 1 DAGs
[2021-07-10 09:55:34,971] {logging_mixin.py:104} INFO - [2021-07-10 09:55:34,971] {dag.py:2306} INFO - Setting next_dagrun for example_python_operator to None
[2021-07-10 09:55:34,982] {scheduler_job.py:190} INFO - Processing /home/karuturihemanth/.local/lib/python3.9/site-packages/airflow/example_dags/example_python_operator.py took 0.036 seconds
[2021-07-10 09:56:05,767] {scheduler_job.py:182} INFO - Started process (PID=6306) to work on /home/karuturihemanth/.local/lib/python3.9/site-packages/airflow/example_dags/example_python_operator.py
[2021-07-10 09:56:05,768] {scheduler_job.py:633} INFO - Processing file /home/karuturihemanth/.local/lib/python3.9/site-packages/airflow/example_dags/example_python_operator.py for tasks to queue
[2021-07-10 09:56:05,768] {logging_mixin.py:104} INFO - [2021-07-10 09:56:05,768] {dagbag.py:496} INFO - Filling up the DagBag from /home/karuturihemanth/.local/lib/python3.9/site-packages/airflow/example_dags/example_python_operator.py
[2021-07-10 09:56:05,777] {scheduler_job.py:643} INFO - DAG(s) dict_keys(['example_python_operator']) retrieved from /home/karuturihemanth/.local/lib/python3.9/site-packages/airflow/example_dags/example_python_operator.py
[2021-07-10 09:56:05,787] {logging_mixin.py:104} INFO - [2021-07-10 09:56:05,787] {dag.py:1833} INFO - Sync 1 DAGs
[2021-07-10 09:56:05,795] {logging_mixin.py:104} INFO - [2021-07-10 09:56:05,795] {dag.py:2306} INFO - Setting next_dagrun for example_python_operator to None
[2021-07-10 09:56:05,808] {scheduler_job.py:190} INFO - Processing /home/karuturihemanth/.local/lib/python3.9/site-packages/airflow/example_dags/example_python_operator.py took 0.042 seconds
[2021-07-10 09:56:37,250] {scheduler_job.py:182} INFO - Started process (PID=6338) to work on /home/karuturihemanth/.local/lib/python3.9/site-packages/airflow/example_dags/example_python_operator.py
[2021-07-10 09:56:37,251] {scheduler_job.py:633} INFO - Processing file /home/karuturihemanth/.local/lib/python3.9/site-packages/airflow/example_dags/example_python_operator.py for tasks to queue
[2021-07-10 09:56:37,251] {logging_mixin.py:104} INFO - [2021-07-10 09:56:37,251] {dagbag.py:496} INFO - Filling up the DagBag from /home/karuturihemanth/.local/lib/python3.9/site-packages/airflow/example_dags/example_python_operator.py
[2021-07-10 09:56:37,259] {scheduler_job.py:643} INFO - DAG(s) dict_keys(['example_python_operator']) retrieved from /home/karuturihemanth/.local/lib/python3.9/site-packages/airflow/example_dags/example_python_operator.py
[2021-07-10 09:56:37,269] {logging_mixin.py:104} INFO - [2021-07-10 09:56:37,269] {dag.py:1833} INFO - Sync 1 DAGs
[2021-07-10 09:56:37,276] {logging_mixin.py:104} INFO - [2021-07-10 09:56:37,276] {dag.py:2306} INFO - Setting next_dagrun for example_python_operator to None
[2021-07-10 09:56:37,288] {scheduler_job.py:190} INFO - Processing /home/karuturihemanth/.local/lib/python3.9/site-packages/airflow/example_dags/example_python_operator.py took 0.040 seconds
[2021-07-10 09:57:09,236] {scheduler_job.py:182} INFO - Started process (PID=6369) to work on /home/karuturihemanth/.local/lib/python3.9/site-packages/airflow/example_dags/example_python_operator.py
[2021-07-10 09:57:09,236] {scheduler_job.py:633} INFO - Processing file /home/karuturihemanth/.local/lib/python3.9/site-packages/airflow/example_dags/example_python_operator.py for tasks to queue
[2021-07-10 09:57:09,237] {logging_mixin.py:104} INFO - [2021-07-10 09:57:09,237] {dagbag.py:496} INFO - Filling up the DagBag from /home/karuturihemanth/.local/lib/python3.9/site-packages/airflow/example_dags/example_python_operator.py
[2021-07-10 09:57:09,244] {scheduler_job.py:643} INFO - DAG(s) dict_keys(['example_python_operator']) retrieved from /home/karuturihemanth/.local/lib/python3.9/site-packages/airflow/example_dags/example_python_operator.py
[2021-07-10 09:57:09,254] {logging_mixin.py:104} INFO - [2021-07-10 09:57:09,253] {dag.py:1833} INFO - Sync 1 DAGs
[2021-07-10 09:57:09,261] {logging_mixin.py:104} INFO - [2021-07-10 09:57:09,260] {dag.py:2306} INFO - Setting next_dagrun for example_python_operator to None
[2021-07-10 09:57:09,273] {scheduler_job.py:190} INFO - Processing /home/karuturihemanth/.local/lib/python3.9/site-packages/airflow/example_dags/example_python_operator.py took 0.038 seconds
[2021-07-10 09:57:41,583] {scheduler_job.py:182} INFO - Started process (PID=6400) to work on /home/karuturihemanth/.local/lib/python3.9/site-packages/airflow/example_dags/example_python_operator.py
[2021-07-10 09:57:41,584] {scheduler_job.py:633} INFO - Processing file /home/karuturihemanth/.local/lib/python3.9/site-packages/airflow/example_dags/example_python_operator.py for tasks to queue
[2021-07-10 09:57:41,584] {logging_mixin.py:104} INFO - [2021-07-10 09:57:41,584] {dagbag.py:496} INFO - Filling up the DagBag from /home/karuturihemanth/.local/lib/python3.9/site-packages/airflow/example_dags/example_python_operator.py
[2021-07-10 09:57:41,591] {scheduler_job.py:643} INFO - DAG(s) dict_keys(['example_python_operator']) retrieved from /home/karuturihemanth/.local/lib/python3.9/site-packages/airflow/example_dags/example_python_operator.py
[2021-07-10 09:57:41,601] {logging_mixin.py:104} INFO - [2021-07-10 09:57:41,601] {dag.py:1833} INFO - Sync 1 DAGs
[2021-07-10 09:57:41,608] {logging_mixin.py:104} INFO - [2021-07-10 09:57:41,608] {dag.py:2306} INFO - Setting next_dagrun for example_python_operator to None
[2021-07-10 09:57:41,619] {scheduler_job.py:190} INFO - Processing /home/karuturihemanth/.local/lib/python3.9/site-packages/airflow/example_dags/example_python_operator.py took 0.038 seconds
[2021-07-10 09:58:12,841] {scheduler_job.py:182} INFO - Started process (PID=6431) to work on /home/karuturihemanth/.local/lib/python3.9/site-packages/airflow/example_dags/example_python_operator.py
[2021-07-10 09:58:12,841] {scheduler_job.py:633} INFO - Processing file /home/karuturihemanth/.local/lib/python3.9/site-packages/airflow/example_dags/example_python_operator.py for tasks to queue
[2021-07-10 09:58:12,842] {logging_mixin.py:104} INFO - [2021-07-10 09:58:12,841] {dagbag.py:496} INFO - Filling up the DagBag from /home/karuturihemanth/.local/lib/python3.9/site-packages/airflow/example_dags/example_python_operator.py
[2021-07-10 09:58:12,849] {scheduler_job.py:643} INFO - DAG(s) dict_keys(['example_python_operator']) retrieved from /home/karuturihemanth/.local/lib/python3.9/site-packages/airflow/example_dags/example_python_operator.py
[2021-07-10 09:58:12,859] {logging_mixin.py:104} INFO - [2021-07-10 09:58:12,859] {dag.py:1833} INFO - Sync 1 DAGs
[2021-07-10 09:58:12,867] {logging_mixin.py:104} INFO - [2021-07-10 09:58:12,867] {dag.py:2306} INFO - Setting next_dagrun for example_python_operator to None
[2021-07-10 09:58:12,878] {scheduler_job.py:190} INFO - Processing /home/karuturihemanth/.local/lib/python3.9/site-packages/airflow/example_dags/example_python_operator.py took 0.039 seconds
[2021-07-10 09:58:43,898] {scheduler_job.py:182} INFO - Started process (PID=6462) to work on /home/karuturihemanth/.local/lib/python3.9/site-packages/airflow/example_dags/example_python_operator.py
[2021-07-10 09:58:43,898] {scheduler_job.py:633} INFO - Processing file /home/karuturihemanth/.local/lib/python3.9/site-packages/airflow/example_dags/example_python_operator.py for tasks to queue
[2021-07-10 09:58:43,899] {logging_mixin.py:104} INFO - [2021-07-10 09:58:43,899] {dagbag.py:496} INFO - Filling up the DagBag from /home/karuturihemanth/.local/lib/python3.9/site-packages/airflow/example_dags/example_python_operator.py
[2021-07-10 09:58:43,907] {scheduler_job.py:643} INFO - DAG(s) dict_keys(['example_python_operator']) retrieved from /home/karuturihemanth/.local/lib/python3.9/site-packages/airflow/example_dags/example_python_operator.py
[2021-07-10 09:58:43,917] {logging_mixin.py:104} INFO - [2021-07-10 09:58:43,917] {dag.py:1833} INFO - Sync 1 DAGs
[2021-07-10 09:58:43,924] {logging_mixin.py:104} INFO - [2021-07-10 09:58:43,924] {dag.py:2306} INFO - Setting next_dagrun for example_python_operator to None
[2021-07-10 09:58:43,937] {scheduler_job.py:190} INFO - Processing /home/karuturihemanth/.local/lib/python3.9/site-packages/airflow/example_dags/example_python_operator.py took 0.041 seconds
