[2021-07-10 09:54:47,297] {scheduler_job.py:182} INFO - Started process (PID=6229) to work on /home/karuturihemanth/.local/lib/python3.9/site-packages/airflow/example_dags/example_short_circuit_operator.py
[2021-07-10 09:54:47,298] {scheduler_job.py:633} INFO - Processing file /home/karuturihemanth/.local/lib/python3.9/site-packages/airflow/example_dags/example_short_circuit_operator.py for tasks to queue
[2021-07-10 09:54:47,298] {logging_mixin.py:104} INFO - [2021-07-10 09:54:47,298] {dagbag.py:496} INFO - Filling up the DagBag from /home/karuturihemanth/.local/lib/python3.9/site-packages/airflow/example_dags/example_short_circuit_operator.py
[2021-07-10 09:54:47,306] {scheduler_job.py:643} INFO - DAG(s) dict_keys(['example_short_circuit_operator']) retrieved from /home/karuturihemanth/.local/lib/python3.9/site-packages/airflow/example_dags/example_short_circuit_operator.py
[2021-07-10 09:54:47,541] {logging_mixin.py:104} INFO - [2021-07-10 09:54:47,540] {dag.py:1833} INFO - Sync 1 DAGs
[2021-07-10 09:54:47,548] {logging_mixin.py:104} INFO - [2021-07-10 09:54:47,548] {dag.py:2306} INFO - Setting next_dagrun for example_short_circuit_operator to 2021-07-08 00:00:00+00:00
[2021-07-10 09:54:47,564] {scheduler_job.py:190} INFO - Processing /home/karuturihemanth/.local/lib/python3.9/site-packages/airflow/example_dags/example_short_circuit_operator.py took 0.269 seconds
[2021-07-10 09:55:19,885] {scheduler_job.py:182} INFO - Started process (PID=6260) to work on /home/karuturihemanth/.local/lib/python3.9/site-packages/airflow/example_dags/example_short_circuit_operator.py
[2021-07-10 09:55:19,885] {scheduler_job.py:633} INFO - Processing file /home/karuturihemanth/.local/lib/python3.9/site-packages/airflow/example_dags/example_short_circuit_operator.py for tasks to queue
[2021-07-10 09:55:19,886] {logging_mixin.py:104} INFO - [2021-07-10 09:55:19,885] {dagbag.py:496} INFO - Filling up the DagBag from /home/karuturihemanth/.local/lib/python3.9/site-packages/airflow/example_dags/example_short_circuit_operator.py
[2021-07-10 09:55:19,893] {scheduler_job.py:643} INFO - DAG(s) dict_keys(['example_short_circuit_operator']) retrieved from /home/karuturihemanth/.local/lib/python3.9/site-packages/airflow/example_dags/example_short_circuit_operator.py
[2021-07-10 09:55:19,902] {logging_mixin.py:104} INFO - [2021-07-10 09:55:19,902] {dag.py:1833} INFO - Sync 1 DAGs
[2021-07-10 09:55:19,909] {logging_mixin.py:104} INFO - [2021-07-10 09:55:19,909] {dag.py:2306} INFO - Setting next_dagrun for example_short_circuit_operator to 2021-07-08 00:00:00+00:00
[2021-07-10 09:55:19,921] {scheduler_job.py:190} INFO - Processing /home/karuturihemanth/.local/lib/python3.9/site-packages/airflow/example_dags/example_short_circuit_operator.py took 0.038 seconds
[2021-07-10 09:55:50,750] {scheduler_job.py:182} INFO - Started process (PID=6291) to work on /home/karuturihemanth/.local/lib/python3.9/site-packages/airflow/example_dags/example_short_circuit_operator.py
[2021-07-10 09:55:50,751] {scheduler_job.py:633} INFO - Processing file /home/karuturihemanth/.local/lib/python3.9/site-packages/airflow/example_dags/example_short_circuit_operator.py for tasks to queue
[2021-07-10 09:55:50,751] {logging_mixin.py:104} INFO - [2021-07-10 09:55:50,751] {dagbag.py:496} INFO - Filling up the DagBag from /home/karuturihemanth/.local/lib/python3.9/site-packages/airflow/example_dags/example_short_circuit_operator.py
[2021-07-10 09:55:50,759] {scheduler_job.py:643} INFO - DAG(s) dict_keys(['example_short_circuit_operator']) retrieved from /home/karuturihemanth/.local/lib/python3.9/site-packages/airflow/example_dags/example_short_circuit_operator.py
[2021-07-10 09:55:50,769] {logging_mixin.py:104} INFO - [2021-07-10 09:55:50,769] {dag.py:1833} INFO - Sync 1 DAGs
[2021-07-10 09:55:50,776] {logging_mixin.py:104} INFO - [2021-07-10 09:55:50,776] {dag.py:2306} INFO - Setting next_dagrun for example_short_circuit_operator to 2021-07-08 00:00:00+00:00
[2021-07-10 09:55:50,788] {scheduler_job.py:190} INFO - Processing /home/karuturihemanth/.local/lib/python3.9/site-packages/airflow/example_dags/example_short_circuit_operator.py took 0.040 seconds
[2021-07-10 09:56:22,760] {scheduler_job.py:182} INFO - Started process (PID=6323) to work on /home/karuturihemanth/.local/lib/python3.9/site-packages/airflow/example_dags/example_short_circuit_operator.py
[2021-07-10 09:56:22,760] {scheduler_job.py:633} INFO - Processing file /home/karuturihemanth/.local/lib/python3.9/site-packages/airflow/example_dags/example_short_circuit_operator.py for tasks to queue
[2021-07-10 09:56:22,761] {logging_mixin.py:104} INFO - [2021-07-10 09:56:22,761] {dagbag.py:496} INFO - Filling up the DagBag from /home/karuturihemanth/.local/lib/python3.9/site-packages/airflow/example_dags/example_short_circuit_operator.py
[2021-07-10 09:56:22,769] {scheduler_job.py:643} INFO - DAG(s) dict_keys(['example_short_circuit_operator']) retrieved from /home/karuturihemanth/.local/lib/python3.9/site-packages/airflow/example_dags/example_short_circuit_operator.py
[2021-07-10 09:56:22,781] {logging_mixin.py:104} INFO - [2021-07-10 09:56:22,781] {dag.py:1833} INFO - Sync 1 DAGs
[2021-07-10 09:56:22,789] {logging_mixin.py:104} INFO - [2021-07-10 09:56:22,789] {dag.py:2306} INFO - Setting next_dagrun for example_short_circuit_operator to 2021-07-08 00:00:00+00:00
[2021-07-10 09:56:22,802] {scheduler_job.py:190} INFO - Processing /home/karuturihemanth/.local/lib/python3.9/site-packages/airflow/example_dags/example_short_circuit_operator.py took 0.044 seconds
[2021-07-10 09:56:54,945] {scheduler_job.py:182} INFO - Started process (PID=6355) to work on /home/karuturihemanth/.local/lib/python3.9/site-packages/airflow/example_dags/example_short_circuit_operator.py
[2021-07-10 09:56:54,946] {scheduler_job.py:633} INFO - Processing file /home/karuturihemanth/.local/lib/python3.9/site-packages/airflow/example_dags/example_short_circuit_operator.py for tasks to queue
[2021-07-10 09:56:54,946] {logging_mixin.py:104} INFO - [2021-07-10 09:56:54,946] {dagbag.py:496} INFO - Filling up the DagBag from /home/karuturihemanth/.local/lib/python3.9/site-packages/airflow/example_dags/example_short_circuit_operator.py
[2021-07-10 09:56:54,954] {scheduler_job.py:643} INFO - DAG(s) dict_keys(['example_short_circuit_operator']) retrieved from /home/karuturihemanth/.local/lib/python3.9/site-packages/airflow/example_dags/example_short_circuit_operator.py
[2021-07-10 09:56:54,963] {logging_mixin.py:104} INFO - [2021-07-10 09:56:54,963] {dag.py:1833} INFO - Sync 1 DAGs
[2021-07-10 09:56:54,970] {logging_mixin.py:104} INFO - [2021-07-10 09:56:54,970] {dag.py:2306} INFO - Setting next_dagrun for example_short_circuit_operator to 2021-07-08 00:00:00+00:00
[2021-07-10 09:56:54,982] {scheduler_job.py:190} INFO - Processing /home/karuturihemanth/.local/lib/python3.9/site-packages/airflow/example_dags/example_short_circuit_operator.py took 0.038 seconds
[2021-07-10 09:57:27,072] {scheduler_job.py:182} INFO - Started process (PID=6386) to work on /home/karuturihemanth/.local/lib/python3.9/site-packages/airflow/example_dags/example_short_circuit_operator.py
[2021-07-10 09:57:27,073] {scheduler_job.py:633} INFO - Processing file /home/karuturihemanth/.local/lib/python3.9/site-packages/airflow/example_dags/example_short_circuit_operator.py for tasks to queue
[2021-07-10 09:57:27,073] {logging_mixin.py:104} INFO - [2021-07-10 09:57:27,073] {dagbag.py:496} INFO - Filling up the DagBag from /home/karuturihemanth/.local/lib/python3.9/site-packages/airflow/example_dags/example_short_circuit_operator.py
[2021-07-10 09:57:27,081] {scheduler_job.py:643} INFO - DAG(s) dict_keys(['example_short_circuit_operator']) retrieved from /home/karuturihemanth/.local/lib/python3.9/site-packages/airflow/example_dags/example_short_circuit_operator.py
[2021-07-10 09:57:27,090] {logging_mixin.py:104} INFO - [2021-07-10 09:57:27,090] {dag.py:1833} INFO - Sync 1 DAGs
[2021-07-10 09:57:27,098] {logging_mixin.py:104} INFO - [2021-07-10 09:57:27,098] {dag.py:2306} INFO - Setting next_dagrun for example_short_circuit_operator to 2021-07-08 00:00:00+00:00
[2021-07-10 09:57:27,109] {scheduler_job.py:190} INFO - Processing /home/karuturihemanth/.local/lib/python3.9/site-packages/airflow/example_dags/example_short_circuit_operator.py took 0.039 seconds
[2021-07-10 09:57:58,340] {scheduler_job.py:182} INFO - Started process (PID=6417) to work on /home/karuturihemanth/.local/lib/python3.9/site-packages/airflow/example_dags/example_short_circuit_operator.py
[2021-07-10 09:57:58,341] {scheduler_job.py:633} INFO - Processing file /home/karuturihemanth/.local/lib/python3.9/site-packages/airflow/example_dags/example_short_circuit_operator.py for tasks to queue
[2021-07-10 09:57:58,341] {logging_mixin.py:104} INFO - [2021-07-10 09:57:58,341] {dagbag.py:496} INFO - Filling up the DagBag from /home/karuturihemanth/.local/lib/python3.9/site-packages/airflow/example_dags/example_short_circuit_operator.py
[2021-07-10 09:57:58,349] {scheduler_job.py:643} INFO - DAG(s) dict_keys(['example_short_circuit_operator']) retrieved from /home/karuturihemanth/.local/lib/python3.9/site-packages/airflow/example_dags/example_short_circuit_operator.py
[2021-07-10 09:57:58,358] {logging_mixin.py:104} INFO - [2021-07-10 09:57:58,358] {dag.py:1833} INFO - Sync 1 DAGs
[2021-07-10 09:57:58,365] {logging_mixin.py:104} INFO - [2021-07-10 09:57:58,365] {dag.py:2306} INFO - Setting next_dagrun for example_short_circuit_operator to 2021-07-08 00:00:00+00:00
[2021-07-10 09:57:58,377] {scheduler_job.py:190} INFO - Processing /home/karuturihemanth/.local/lib/python3.9/site-packages/airflow/example_dags/example_short_circuit_operator.py took 0.039 seconds
[2021-07-10 09:58:30,720] {scheduler_job.py:182} INFO - Started process (PID=6449) to work on /home/karuturihemanth/.local/lib/python3.9/site-packages/airflow/example_dags/example_short_circuit_operator.py
[2021-07-10 09:58:30,720] {scheduler_job.py:633} INFO - Processing file /home/karuturihemanth/.local/lib/python3.9/site-packages/airflow/example_dags/example_short_circuit_operator.py for tasks to queue
[2021-07-10 09:58:30,720] {logging_mixin.py:104} INFO - [2021-07-10 09:58:30,720] {dagbag.py:496} INFO - Filling up the DagBag from /home/karuturihemanth/.local/lib/python3.9/site-packages/airflow/example_dags/example_short_circuit_operator.py
[2021-07-10 09:58:30,728] {scheduler_job.py:643} INFO - DAG(s) dict_keys(['example_short_circuit_operator']) retrieved from /home/karuturihemanth/.local/lib/python3.9/site-packages/airflow/example_dags/example_short_circuit_operator.py
[2021-07-10 09:58:30,738] {logging_mixin.py:104} INFO - [2021-07-10 09:58:30,737] {dag.py:1833} INFO - Sync 1 DAGs
[2021-07-10 09:58:30,745] {logging_mixin.py:104} INFO - [2021-07-10 09:58:30,745] {dag.py:2306} INFO - Setting next_dagrun for example_short_circuit_operator to 2021-07-08 00:00:00+00:00
[2021-07-10 09:58:30,759] {scheduler_job.py:190} INFO - Processing /home/karuturihemanth/.local/lib/python3.9/site-packages/airflow/example_dags/example_short_circuit_operator.py took 0.041 seconds
[2021-07-10 09:59:02,199] {scheduler_job.py:182} INFO - Started process (PID=6480) to work on /home/karuturihemanth/.local/lib/python3.9/site-packages/airflow/example_dags/example_short_circuit_operator.py
[2021-07-10 09:59:02,199] {scheduler_job.py:633} INFO - Processing file /home/karuturihemanth/.local/lib/python3.9/site-packages/airflow/example_dags/example_short_circuit_operator.py for tasks to queue
[2021-07-10 09:59:02,200] {logging_mixin.py:104} INFO - [2021-07-10 09:59:02,200] {dagbag.py:496} INFO - Filling up the DagBag from /home/karuturihemanth/.local/lib/python3.9/site-packages/airflow/example_dags/example_short_circuit_operator.py
[2021-07-10 09:59:02,207] {scheduler_job.py:643} INFO - DAG(s) dict_keys(['example_short_circuit_operator']) retrieved from /home/karuturihemanth/.local/lib/python3.9/site-packages/airflow/example_dags/example_short_circuit_operator.py
[2021-07-10 09:59:02,216] {logging_mixin.py:104} INFO - [2021-07-10 09:59:02,216] {dag.py:1833} INFO - Sync 1 DAGs
[2021-07-10 09:59:02,223] {logging_mixin.py:104} INFO - [2021-07-10 09:59:02,223] {dag.py:2306} INFO - Setting next_dagrun for example_short_circuit_operator to 2021-07-08 00:00:00+00:00
[2021-07-10 09:59:02,235] {scheduler_job.py:190} INFO - Processing /home/karuturihemanth/.local/lib/python3.9/site-packages/airflow/example_dags/example_short_circuit_operator.py took 0.037 seconds
