[2021-07-10 09:54:18,262] {scheduler_job.py:182} INFO - Started process (PID=6206) to work on /home/karuturihemanth/.local/lib/python3.9/site-packages/airflow/example_dags/example_xcom.py
[2021-07-10 09:54:18,262] {scheduler_job.py:633} INFO - Processing file /home/karuturihemanth/.local/lib/python3.9/site-packages/airflow/example_dags/example_xcom.py for tasks to queue
[2021-07-10 09:54:18,263] {logging_mixin.py:104} INFO - [2021-07-10 09:54:18,263] {dagbag.py:496} INFO - Filling up the DagBag from /home/karuturihemanth/.local/lib/python3.9/site-packages/airflow/example_dags/example_xcom.py
[2021-07-10 09:54:18,269] {scheduler_job.py:643} INFO - DAG(s) dict_keys(['example_xcom']) retrieved from /home/karuturihemanth/.local/lib/python3.9/site-packages/airflow/example_dags/example_xcom.py
[2021-07-10 09:54:18,539] {logging_mixin.py:104} INFO - [2021-07-10 09:54:18,539] {dag.py:1833} INFO - Sync 1 DAGs
[2021-07-10 09:54:18,546] {logging_mixin.py:104} INFO - [2021-07-10 09:54:18,546] {dag.py:2306} INFO - Setting next_dagrun for example_xcom to 2021-07-08 00:00:00+00:00
[2021-07-10 09:54:18,562] {scheduler_job.py:190} INFO - Processing /home/karuturihemanth/.local/lib/python3.9/site-packages/airflow/example_dags/example_xcom.py took 0.302 seconds
[2021-07-10 09:54:56,441] {scheduler_job.py:182} INFO - Started process (PID=6237) to work on /home/karuturihemanth/.local/lib/python3.9/site-packages/airflow/example_dags/example_xcom.py
[2021-07-10 09:54:56,441] {scheduler_job.py:633} INFO - Processing file /home/karuturihemanth/.local/lib/python3.9/site-packages/airflow/example_dags/example_xcom.py for tasks to queue
[2021-07-10 09:54:56,441] {logging_mixin.py:104} INFO - [2021-07-10 09:54:56,441] {dagbag.py:496} INFO - Filling up the DagBag from /home/karuturihemanth/.local/lib/python3.9/site-packages/airflow/example_dags/example_xcom.py
[2021-07-10 09:54:56,448] {scheduler_job.py:643} INFO - DAG(s) dict_keys(['example_xcom']) retrieved from /home/karuturihemanth/.local/lib/python3.9/site-packages/airflow/example_dags/example_xcom.py
[2021-07-10 09:54:56,457] {logging_mixin.py:104} INFO - [2021-07-10 09:54:56,457] {dag.py:1833} INFO - Sync 1 DAGs
[2021-07-10 09:54:56,464] {logging_mixin.py:104} INFO - [2021-07-10 09:54:56,464] {dag.py:2306} INFO - Setting next_dagrun for example_xcom to 2021-07-08 00:00:00+00:00
[2021-07-10 09:54:56,476] {scheduler_job.py:190} INFO - Processing /home/karuturihemanth/.local/lib/python3.9/site-packages/airflow/example_dags/example_xcom.py took 0.037 seconds
[2021-07-10 09:55:27,756] {scheduler_job.py:182} INFO - Started process (PID=6268) to work on /home/karuturihemanth/.local/lib/python3.9/site-packages/airflow/example_dags/example_xcom.py
[2021-07-10 09:55:27,757] {scheduler_job.py:633} INFO - Processing file /home/karuturihemanth/.local/lib/python3.9/site-packages/airflow/example_dags/example_xcom.py for tasks to queue
[2021-07-10 09:55:27,757] {logging_mixin.py:104} INFO - [2021-07-10 09:55:27,757] {dagbag.py:496} INFO - Filling up the DagBag from /home/karuturihemanth/.local/lib/python3.9/site-packages/airflow/example_dags/example_xcom.py
[2021-07-10 09:55:27,765] {scheduler_job.py:643} INFO - DAG(s) dict_keys(['example_xcom']) retrieved from /home/karuturihemanth/.local/lib/python3.9/site-packages/airflow/example_dags/example_xcom.py
[2021-07-10 09:55:27,774] {logging_mixin.py:104} INFO - [2021-07-10 09:55:27,774] {dag.py:1833} INFO - Sync 1 DAGs
[2021-07-10 09:55:27,782] {logging_mixin.py:104} INFO - [2021-07-10 09:55:27,782] {dag.py:2306} INFO - Setting next_dagrun for example_xcom to 2021-07-08 00:00:00+00:00
[2021-07-10 09:55:27,795] {scheduler_job.py:190} INFO - Processing /home/karuturihemanth/.local/lib/python3.9/site-packages/airflow/example_dags/example_xcom.py took 0.040 seconds
[2021-07-10 09:55:59,354] {scheduler_job.py:182} INFO - Started process (PID=6300) to work on /home/karuturihemanth/.local/lib/python3.9/site-packages/airflow/example_dags/example_xcom.py
[2021-07-10 09:55:59,355] {scheduler_job.py:633} INFO - Processing file /home/karuturihemanth/.local/lib/python3.9/site-packages/airflow/example_dags/example_xcom.py for tasks to queue
[2021-07-10 09:55:59,355] {logging_mixin.py:104} INFO - [2021-07-10 09:55:59,355] {dagbag.py:496} INFO - Filling up the DagBag from /home/karuturihemanth/.local/lib/python3.9/site-packages/airflow/example_dags/example_xcom.py
[2021-07-10 09:55:59,362] {scheduler_job.py:643} INFO - DAG(s) dict_keys(['example_xcom']) retrieved from /home/karuturihemanth/.local/lib/python3.9/site-packages/airflow/example_dags/example_xcom.py
[2021-07-10 09:55:59,371] {logging_mixin.py:104} INFO - [2021-07-10 09:55:59,371] {dag.py:1833} INFO - Sync 1 DAGs
[2021-07-10 09:55:59,379] {logging_mixin.py:104} INFO - [2021-07-10 09:55:59,379] {dag.py:2306} INFO - Setting next_dagrun for example_xcom to 2021-07-08 00:00:00+00:00
[2021-07-10 09:55:59,391] {scheduler_job.py:190} INFO - Processing /home/karuturihemanth/.local/lib/python3.9/site-packages/airflow/example_dags/example_xcom.py took 0.038 seconds
[2021-07-10 09:56:30,951] {scheduler_job.py:182} INFO - Started process (PID=6332) to work on /home/karuturihemanth/.local/lib/python3.9/site-packages/airflow/example_dags/example_xcom.py
[2021-07-10 09:56:30,952] {scheduler_job.py:633} INFO - Processing file /home/karuturihemanth/.local/lib/python3.9/site-packages/airflow/example_dags/example_xcom.py for tasks to queue
[2021-07-10 09:56:30,952] {logging_mixin.py:104} INFO - [2021-07-10 09:56:30,952] {dagbag.py:496} INFO - Filling up the DagBag from /home/karuturihemanth/.local/lib/python3.9/site-packages/airflow/example_dags/example_xcom.py
[2021-07-10 09:56:30,960] {scheduler_job.py:643} INFO - DAG(s) dict_keys(['example_xcom']) retrieved from /home/karuturihemanth/.local/lib/python3.9/site-packages/airflow/example_dags/example_xcom.py
[2021-07-10 09:56:30,970] {logging_mixin.py:104} INFO - [2021-07-10 09:56:30,969] {dag.py:1833} INFO - Sync 1 DAGs
[2021-07-10 09:56:30,977] {logging_mixin.py:104} INFO - [2021-07-10 09:56:30,977] {dag.py:2306} INFO - Setting next_dagrun for example_xcom to 2021-07-08 00:00:00+00:00
[2021-07-10 09:56:30,990] {scheduler_job.py:190} INFO - Processing /home/karuturihemanth/.local/lib/python3.9/site-packages/airflow/example_dags/example_xcom.py took 0.040 seconds
[2021-07-10 09:57:02,955] {scheduler_job.py:182} INFO - Started process (PID=6363) to work on /home/karuturihemanth/.local/lib/python3.9/site-packages/airflow/example_dags/example_xcom.py
[2021-07-10 09:57:02,956] {scheduler_job.py:633} INFO - Processing file /home/karuturihemanth/.local/lib/python3.9/site-packages/airflow/example_dags/example_xcom.py for tasks to queue
[2021-07-10 09:57:02,956] {logging_mixin.py:104} INFO - [2021-07-10 09:57:02,956] {dagbag.py:496} INFO - Filling up the DagBag from /home/karuturihemanth/.local/lib/python3.9/site-packages/airflow/example_dags/example_xcom.py
[2021-07-10 09:57:02,962] {scheduler_job.py:643} INFO - DAG(s) dict_keys(['example_xcom']) retrieved from /home/karuturihemanth/.local/lib/python3.9/site-packages/airflow/example_dags/example_xcom.py
[2021-07-10 09:57:02,971] {logging_mixin.py:104} INFO - [2021-07-10 09:57:02,971] {dag.py:1833} INFO - Sync 1 DAGs
[2021-07-10 09:57:02,978] {logging_mixin.py:104} INFO - [2021-07-10 09:57:02,978] {dag.py:2306} INFO - Setting next_dagrun for example_xcom to 2021-07-08 00:00:00+00:00
[2021-07-10 09:57:02,989] {scheduler_job.py:190} INFO - Processing /home/karuturihemanth/.local/lib/python3.9/site-packages/airflow/example_dags/example_xcom.py took 0.036 seconds
[2021-07-10 09:57:35,312] {scheduler_job.py:182} INFO - Started process (PID=6394) to work on /home/karuturihemanth/.local/lib/python3.9/site-packages/airflow/example_dags/example_xcom.py
[2021-07-10 09:57:35,312] {scheduler_job.py:633} INFO - Processing file /home/karuturihemanth/.local/lib/python3.9/site-packages/airflow/example_dags/example_xcom.py for tasks to queue
[2021-07-10 09:57:35,312] {logging_mixin.py:104} INFO - [2021-07-10 09:57:35,312] {dagbag.py:496} INFO - Filling up the DagBag from /home/karuturihemanth/.local/lib/python3.9/site-packages/airflow/example_dags/example_xcom.py
[2021-07-10 09:57:35,320] {scheduler_job.py:643} INFO - DAG(s) dict_keys(['example_xcom']) retrieved from /home/karuturihemanth/.local/lib/python3.9/site-packages/airflow/example_dags/example_xcom.py
[2021-07-10 09:57:35,329] {logging_mixin.py:104} INFO - [2021-07-10 09:57:35,328] {dag.py:1833} INFO - Sync 1 DAGs
[2021-07-10 09:57:35,336] {logging_mixin.py:104} INFO - [2021-07-10 09:57:35,336] {dag.py:2306} INFO - Setting next_dagrun for example_xcom to 2021-07-08 00:00:00+00:00
[2021-07-10 09:57:35,348] {scheduler_job.py:190} INFO - Processing /home/karuturihemanth/.local/lib/python3.9/site-packages/airflow/example_dags/example_xcom.py took 0.038 seconds
[2021-07-10 09:58:06,572] {scheduler_job.py:182} INFO - Started process (PID=6425) to work on /home/karuturihemanth/.local/lib/python3.9/site-packages/airflow/example_dags/example_xcom.py
[2021-07-10 09:58:06,572] {scheduler_job.py:633} INFO - Processing file /home/karuturihemanth/.local/lib/python3.9/site-packages/airflow/example_dags/example_xcom.py for tasks to queue
[2021-07-10 09:58:06,572] {logging_mixin.py:104} INFO - [2021-07-10 09:58:06,572] {dagbag.py:496} INFO - Filling up the DagBag from /home/karuturihemanth/.local/lib/python3.9/site-packages/airflow/example_dags/example_xcom.py
[2021-07-10 09:58:06,579] {scheduler_job.py:643} INFO - DAG(s) dict_keys(['example_xcom']) retrieved from /home/karuturihemanth/.local/lib/python3.9/site-packages/airflow/example_dags/example_xcom.py
[2021-07-10 09:58:06,588] {logging_mixin.py:104} INFO - [2021-07-10 09:58:06,588] {dag.py:1833} INFO - Sync 1 DAGs
[2021-07-10 09:58:06,596] {logging_mixin.py:104} INFO - [2021-07-10 09:58:06,596] {dag.py:2306} INFO - Setting next_dagrun for example_xcom to 2021-07-08 00:00:00+00:00
[2021-07-10 09:58:06,608] {scheduler_job.py:190} INFO - Processing /home/karuturihemanth/.local/lib/python3.9/site-packages/airflow/example_dags/example_xcom.py took 0.038 seconds
[2021-07-10 09:58:37,628] {scheduler_job.py:182} INFO - Started process (PID=6456) to work on /home/karuturihemanth/.local/lib/python3.9/site-packages/airflow/example_dags/example_xcom.py
[2021-07-10 09:58:37,628] {scheduler_job.py:633} INFO - Processing file /home/karuturihemanth/.local/lib/python3.9/site-packages/airflow/example_dags/example_xcom.py for tasks to queue
[2021-07-10 09:58:37,628] {logging_mixin.py:104} INFO - [2021-07-10 09:58:37,628] {dagbag.py:496} INFO - Filling up the DagBag from /home/karuturihemanth/.local/lib/python3.9/site-packages/airflow/example_dags/example_xcom.py
[2021-07-10 09:58:37,635] {scheduler_job.py:643} INFO - DAG(s) dict_keys(['example_xcom']) retrieved from /home/karuturihemanth/.local/lib/python3.9/site-packages/airflow/example_dags/example_xcom.py
[2021-07-10 09:58:37,644] {logging_mixin.py:104} INFO - [2021-07-10 09:58:37,644] {dag.py:1833} INFO - Sync 1 DAGs
[2021-07-10 09:58:37,651] {logging_mixin.py:104} INFO - [2021-07-10 09:58:37,651] {dag.py:2306} INFO - Setting next_dagrun for example_xcom to 2021-07-08 00:00:00+00:00
[2021-07-10 09:58:37,663] {scheduler_job.py:190} INFO - Processing /home/karuturihemanth/.local/lib/python3.9/site-packages/airflow/example_dags/example_xcom.py took 0.037 seconds
