[2021-07-10 09:54:35,506] {scheduler_job.py:182} INFO - Started process (PID=6220) to work on /home/karuturihemanth/.local/lib/python3.9/site-packages/airflow/example_dags/example_branch_datetime_operator.py
[2021-07-10 09:54:35,506] {scheduler_job.py:633} INFO - Processing file /home/karuturihemanth/.local/lib/python3.9/site-packages/airflow/example_dags/example_branch_datetime_operator.py for tasks to queue
[2021-07-10 09:54:35,507] {logging_mixin.py:104} INFO - [2021-07-10 09:54:35,507] {dagbag.py:496} INFO - Filling up the DagBag from /home/karuturihemanth/.local/lib/python3.9/site-packages/airflow/example_dags/example_branch_datetime_operator.py
[2021-07-10 09:54:35,515] {scheduler_job.py:643} INFO - DAG(s) dict_keys(['example_branch_datetime_operator_2']) retrieved from /home/karuturihemanth/.local/lib/python3.9/site-packages/airflow/example_dags/example_branch_datetime_operator.py
[2021-07-10 09:54:35,750] {logging_mixin.py:104} INFO - [2021-07-10 09:54:35,750] {dag.py:1833} INFO - Sync 1 DAGs
[2021-07-10 09:54:35,759] {logging_mixin.py:104} INFO - [2021-07-10 09:54:35,759] {dag.py:2306} INFO - Setting next_dagrun for example_branch_datetime_operator_2 to 2021-07-08 00:00:00+00:00
[2021-07-10 09:54:35,776] {scheduler_job.py:190} INFO - Processing /home/karuturihemanth/.local/lib/python3.9/site-packages/airflow/example_dags/example_branch_datetime_operator.py took 0.272 seconds
[2021-07-10 09:55:10,737] {scheduler_job.py:182} INFO - Started process (PID=6251) to work on /home/karuturihemanth/.local/lib/python3.9/site-packages/airflow/example_dags/example_branch_datetime_operator.py
[2021-07-10 09:55:10,737] {scheduler_job.py:633} INFO - Processing file /home/karuturihemanth/.local/lib/python3.9/site-packages/airflow/example_dags/example_branch_datetime_operator.py for tasks to queue
[2021-07-10 09:55:10,738] {logging_mixin.py:104} INFO - [2021-07-10 09:55:10,738] {dagbag.py:496} INFO - Filling up the DagBag from /home/karuturihemanth/.local/lib/python3.9/site-packages/airflow/example_dags/example_branch_datetime_operator.py
[2021-07-10 09:55:10,745] {scheduler_job.py:643} INFO - DAG(s) dict_keys(['example_branch_datetime_operator_2']) retrieved from /home/karuturihemanth/.local/lib/python3.9/site-packages/airflow/example_dags/example_branch_datetime_operator.py
[2021-07-10 09:55:10,754] {logging_mixin.py:104} INFO - [2021-07-10 09:55:10,753] {dag.py:1833} INFO - Sync 1 DAGs
[2021-07-10 09:55:10,763] {logging_mixin.py:104} INFO - [2021-07-10 09:55:10,763] {dag.py:2306} INFO - Setting next_dagrun for example_branch_datetime_operator_2 to 2021-07-08 00:00:00+00:00
[2021-07-10 09:55:10,774] {scheduler_job.py:190} INFO - Processing /home/karuturihemanth/.local/lib/python3.9/site-packages/airflow/example_dags/example_branch_datetime_operator.py took 0.039 seconds
[2021-07-10 09:55:42,732] {scheduler_job.py:182} INFO - Started process (PID=6282) to work on /home/karuturihemanth/.local/lib/python3.9/site-packages/airflow/example_dags/example_branch_datetime_operator.py
[2021-07-10 09:55:42,733] {scheduler_job.py:633} INFO - Processing file /home/karuturihemanth/.local/lib/python3.9/site-packages/airflow/example_dags/example_branch_datetime_operator.py for tasks to queue
[2021-07-10 09:55:42,733] {logging_mixin.py:104} INFO - [2021-07-10 09:55:42,733] {dagbag.py:496} INFO - Filling up the DagBag from /home/karuturihemanth/.local/lib/python3.9/site-packages/airflow/example_dags/example_branch_datetime_operator.py
[2021-07-10 09:55:42,741] {scheduler_job.py:643} INFO - DAG(s) dict_keys(['example_branch_datetime_operator_2']) retrieved from /home/karuturihemanth/.local/lib/python3.9/site-packages/airflow/example_dags/example_branch_datetime_operator.py
[2021-07-10 09:55:42,750] {logging_mixin.py:104} INFO - [2021-07-10 09:55:42,750] {dag.py:1833} INFO - Sync 1 DAGs
[2021-07-10 09:55:42,761] {logging_mixin.py:104} INFO - [2021-07-10 09:55:42,761] {dag.py:2306} INFO - Setting next_dagrun for example_branch_datetime_operator_2 to 2021-07-08 00:00:00+00:00
[2021-07-10 09:55:42,774] {scheduler_job.py:190} INFO - Processing /home/karuturihemanth/.local/lib/python3.9/site-packages/airflow/example_dags/example_branch_datetime_operator.py took 0.044 seconds
[2021-07-10 09:56:13,354] {scheduler_job.py:182} INFO - Started process (PID=6314) to work on /home/karuturihemanth/.local/lib/python3.9/site-packages/airflow/example_dags/example_branch_datetime_operator.py
[2021-07-10 09:56:13,355] {scheduler_job.py:633} INFO - Processing file /home/karuturihemanth/.local/lib/python3.9/site-packages/airflow/example_dags/example_branch_datetime_operator.py for tasks to queue
[2021-07-10 09:56:13,355] {logging_mixin.py:104} INFO - [2021-07-10 09:56:13,355] {dagbag.py:496} INFO - Filling up the DagBag from /home/karuturihemanth/.local/lib/python3.9/site-packages/airflow/example_dags/example_branch_datetime_operator.py
[2021-07-10 09:56:13,363] {scheduler_job.py:643} INFO - DAG(s) dict_keys(['example_branch_datetime_operator_2']) retrieved from /home/karuturihemanth/.local/lib/python3.9/site-packages/airflow/example_dags/example_branch_datetime_operator.py
[2021-07-10 09:56:13,373] {logging_mixin.py:104} INFO - [2021-07-10 09:56:13,373] {dag.py:1833} INFO - Sync 1 DAGs
[2021-07-10 09:56:13,383] {logging_mixin.py:104} INFO - [2021-07-10 09:56:13,383] {dag.py:2306} INFO - Setting next_dagrun for example_branch_datetime_operator_2 to 2021-07-08 00:00:00+00:00
[2021-07-10 09:56:13,395] {scheduler_job.py:190} INFO - Processing /home/karuturihemanth/.local/lib/python3.9/site-packages/airflow/example_dags/example_branch_datetime_operator.py took 0.043 seconds
[2021-07-10 09:56:45,797] {scheduler_job.py:182} INFO - Started process (PID=6346) to work on /home/karuturihemanth/.local/lib/python3.9/site-packages/airflow/example_dags/example_branch_datetime_operator.py
[2021-07-10 09:56:45,798] {scheduler_job.py:633} INFO - Processing file /home/karuturihemanth/.local/lib/python3.9/site-packages/airflow/example_dags/example_branch_datetime_operator.py for tasks to queue
[2021-07-10 09:56:45,798] {logging_mixin.py:104} INFO - [2021-07-10 09:56:45,798] {dagbag.py:496} INFO - Filling up the DagBag from /home/karuturihemanth/.local/lib/python3.9/site-packages/airflow/example_dags/example_branch_datetime_operator.py
[2021-07-10 09:56:45,806] {scheduler_job.py:643} INFO - DAG(s) dict_keys(['example_branch_datetime_operator_2']) retrieved from /home/karuturihemanth/.local/lib/python3.9/site-packages/airflow/example_dags/example_branch_datetime_operator.py
[2021-07-10 09:56:45,815] {logging_mixin.py:104} INFO - [2021-07-10 09:56:45,815] {dag.py:1833} INFO - Sync 1 DAGs
[2021-07-10 09:56:45,825] {logging_mixin.py:104} INFO - [2021-07-10 09:56:45,825] {dag.py:2306} INFO - Setting next_dagrun for example_branch_datetime_operator_2 to 2021-07-08 00:00:00+00:00
[2021-07-10 09:56:45,838] {scheduler_job.py:190} INFO - Processing /home/karuturihemanth/.local/lib/python3.9/site-packages/airflow/example_dags/example_branch_datetime_operator.py took 0.042 seconds
[2021-07-10 09:57:17,197] {scheduler_job.py:182} INFO - Started process (PID=6377) to work on /home/karuturihemanth/.local/lib/python3.9/site-packages/airflow/example_dags/example_branch_datetime_operator.py
[2021-07-10 09:57:17,198] {scheduler_job.py:633} INFO - Processing file /home/karuturihemanth/.local/lib/python3.9/site-packages/airflow/example_dags/example_branch_datetime_operator.py for tasks to queue
[2021-07-10 09:57:17,198] {logging_mixin.py:104} INFO - [2021-07-10 09:57:17,198] {dagbag.py:496} INFO - Filling up the DagBag from /home/karuturihemanth/.local/lib/python3.9/site-packages/airflow/example_dags/example_branch_datetime_operator.py
[2021-07-10 09:57:17,205] {scheduler_job.py:643} INFO - DAG(s) dict_keys(['example_branch_datetime_operator_2']) retrieved from /home/karuturihemanth/.local/lib/python3.9/site-packages/airflow/example_dags/example_branch_datetime_operator.py
[2021-07-10 09:57:17,214] {logging_mixin.py:104} INFO - [2021-07-10 09:57:17,214] {dag.py:1833} INFO - Sync 1 DAGs
[2021-07-10 09:57:17,224] {logging_mixin.py:104} INFO - [2021-07-10 09:57:17,223] {dag.py:2306} INFO - Setting next_dagrun for example_branch_datetime_operator_2 to 2021-07-08 00:00:00+00:00
[2021-07-10 09:57:17,235] {scheduler_job.py:190} INFO - Processing /home/karuturihemanth/.local/lib/python3.9/site-packages/airflow/example_dags/example_branch_datetime_operator.py took 0.039 seconds
[2021-07-10 09:57:48,993] {scheduler_job.py:182} INFO - Started process (PID=6408) to work on /home/karuturihemanth/.local/lib/python3.9/site-packages/airflow/example_dags/example_branch_datetime_operator.py
[2021-07-10 09:57:48,994] {scheduler_job.py:633} INFO - Processing file /home/karuturihemanth/.local/lib/python3.9/site-packages/airflow/example_dags/example_branch_datetime_operator.py for tasks to queue
[2021-07-10 09:57:48,994] {logging_mixin.py:104} INFO - [2021-07-10 09:57:48,994] {dagbag.py:496} INFO - Filling up the DagBag from /home/karuturihemanth/.local/lib/python3.9/site-packages/airflow/example_dags/example_branch_datetime_operator.py
[2021-07-10 09:57:49,002] {scheduler_job.py:643} INFO - DAG(s) dict_keys(['example_branch_datetime_operator_2']) retrieved from /home/karuturihemanth/.local/lib/python3.9/site-packages/airflow/example_dags/example_branch_datetime_operator.py
[2021-07-10 09:57:49,010] {logging_mixin.py:104} INFO - [2021-07-10 09:57:49,010] {dag.py:1833} INFO - Sync 1 DAGs
[2021-07-10 09:57:49,019] {logging_mixin.py:104} INFO - [2021-07-10 09:57:49,019] {dag.py:2306} INFO - Setting next_dagrun for example_branch_datetime_operator_2 to 2021-07-08 00:00:00+00:00
[2021-07-10 09:57:49,031] {scheduler_job.py:190} INFO - Processing /home/karuturihemanth/.local/lib/python3.9/site-packages/airflow/example_dags/example_branch_datetime_operator.py took 0.039 seconds
[2021-07-10 09:58:20,248] {scheduler_job.py:182} INFO - Started process (PID=6439) to work on /home/karuturihemanth/.local/lib/python3.9/site-packages/airflow/example_dags/example_branch_datetime_operator.py
[2021-07-10 09:58:20,248] {scheduler_job.py:633} INFO - Processing file /home/karuturihemanth/.local/lib/python3.9/site-packages/airflow/example_dags/example_branch_datetime_operator.py for tasks to queue
[2021-07-10 09:58:20,248] {logging_mixin.py:104} INFO - [2021-07-10 09:58:20,248] {dagbag.py:496} INFO - Filling up the DagBag from /home/karuturihemanth/.local/lib/python3.9/site-packages/airflow/example_dags/example_branch_datetime_operator.py
[2021-07-10 09:58:20,256] {scheduler_job.py:643} INFO - DAG(s) dict_keys(['example_branch_datetime_operator_2']) retrieved from /home/karuturihemanth/.local/lib/python3.9/site-packages/airflow/example_dags/example_branch_datetime_operator.py
[2021-07-10 09:58:20,266] {logging_mixin.py:104} INFO - [2021-07-10 09:58:20,266] {dag.py:1833} INFO - Sync 1 DAGs
[2021-07-10 09:58:20,276] {logging_mixin.py:104} INFO - [2021-07-10 09:58:20,276] {dag.py:2306} INFO - Setting next_dagrun for example_branch_datetime_operator_2 to 2021-07-08 00:00:00+00:00
[2021-07-10 09:58:20,290] {scheduler_job.py:190} INFO - Processing /home/karuturihemanth/.local/lib/python3.9/site-packages/airflow/example_dags/example_branch_datetime_operator.py took 0.044 seconds
[2021-07-10 09:58:51,909] {scheduler_job.py:182} INFO - Started process (PID=6470) to work on /home/karuturihemanth/.local/lib/python3.9/site-packages/airflow/example_dags/example_branch_datetime_operator.py
[2021-07-10 09:58:51,910] {scheduler_job.py:633} INFO - Processing file /home/karuturihemanth/.local/lib/python3.9/site-packages/airflow/example_dags/example_branch_datetime_operator.py for tasks to queue
[2021-07-10 09:58:51,910] {logging_mixin.py:104} INFO - [2021-07-10 09:58:51,910] {dagbag.py:496} INFO - Filling up the DagBag from /home/karuturihemanth/.local/lib/python3.9/site-packages/airflow/example_dags/example_branch_datetime_operator.py
[2021-07-10 09:58:51,917] {scheduler_job.py:643} INFO - DAG(s) dict_keys(['example_branch_datetime_operator_2']) retrieved from /home/karuturihemanth/.local/lib/python3.9/site-packages/airflow/example_dags/example_branch_datetime_operator.py
[2021-07-10 09:58:51,926] {logging_mixin.py:104} INFO - [2021-07-10 09:58:51,926] {dag.py:1833} INFO - Sync 1 DAGs
[2021-07-10 09:58:51,936] {logging_mixin.py:104} INFO - [2021-07-10 09:58:51,936] {dag.py:2306} INFO - Setting next_dagrun for example_branch_datetime_operator_2 to 2021-07-08 00:00:00+00:00
[2021-07-10 09:58:51,947] {scheduler_job.py:190} INFO - Processing /home/karuturihemanth/.local/lib/python3.9/site-packages/airflow/example_dags/example_branch_datetime_operator.py took 0.039 seconds
