[2021-07-10 09:54:42,156] {scheduler_job.py:182} INFO - Started process (PID=6225) to work on /home/karuturihemanth/.local/lib/python3.9/site-packages/airflow/example_dags/example_kubernetes_executor_config.py
[2021-07-10 09:54:42,157] {scheduler_job.py:633} INFO - Processing file /home/karuturihemanth/.local/lib/python3.9/site-packages/airflow/example_dags/example_kubernetes_executor_config.py for tasks to queue
[2021-07-10 09:54:42,157] {logging_mixin.py:104} INFO - [2021-07-10 09:54:42,157] {dagbag.py:496} INFO - Filling up the DagBag from /home/karuturihemanth/.local/lib/python3.9/site-packages/airflow/example_dags/example_kubernetes_executor_config.py
[2021-07-10 09:54:42,161] {logging_mixin.py:104} INFO - [2021-07-10 09:54:42,161] {example_kubernetes_executor_config.py:175} WARNING - Could not import DAGs in example_kubernetes_executor_config.py: No module named 'kubernetes'
[2021-07-10 09:54:42,161] {logging_mixin.py:104} INFO - [2021-07-10 09:54:42,161] {example_kubernetes_executor_config.py:176} WARNING - Install kubernetes dependencies with: pip install apache-airflow['cncf.kubernetes']
[2021-07-10 09:54:42,161] {scheduler_job.py:645} WARNING - No viable dags retrieved from /home/karuturihemanth/.local/lib/python3.9/site-packages/airflow/example_dags/example_kubernetes_executor_config.py
[2021-07-10 09:54:42,166] {scheduler_job.py:190} INFO - Processing /home/karuturihemanth/.local/lib/python3.9/site-packages/airflow/example_dags/example_kubernetes_executor_config.py took 0.011 seconds
[2021-07-10 09:55:15,885] {scheduler_job.py:182} INFO - Started process (PID=6256) to work on /home/karuturihemanth/.local/lib/python3.9/site-packages/airflow/example_dags/example_kubernetes_executor_config.py
[2021-07-10 09:55:15,886] {scheduler_job.py:633} INFO - Processing file /home/karuturihemanth/.local/lib/python3.9/site-packages/airflow/example_dags/example_kubernetes_executor_config.py for tasks to queue
[2021-07-10 09:55:15,886] {logging_mixin.py:104} INFO - [2021-07-10 09:55:15,886] {dagbag.py:496} INFO - Filling up the DagBag from /home/karuturihemanth/.local/lib/python3.9/site-packages/airflow/example_dags/example_kubernetes_executor_config.py
[2021-07-10 09:55:15,890] {logging_mixin.py:104} INFO - [2021-07-10 09:55:15,890] {example_kubernetes_executor_config.py:175} WARNING - Could not import DAGs in example_kubernetes_executor_config.py: No module named 'kubernetes'
[2021-07-10 09:55:15,890] {logging_mixin.py:104} INFO - [2021-07-10 09:55:15,890] {example_kubernetes_executor_config.py:176} WARNING - Install kubernetes dependencies with: pip install apache-airflow['cncf.kubernetes']
[2021-07-10 09:55:15,890] {scheduler_job.py:645} WARNING - No viable dags retrieved from /home/karuturihemanth/.local/lib/python3.9/site-packages/airflow/example_dags/example_kubernetes_executor_config.py
[2021-07-10 09:55:15,894] {scheduler_job.py:190} INFO - Processing /home/karuturihemanth/.local/lib/python3.9/site-packages/airflow/example_dags/example_kubernetes_executor_config.py took 0.011 seconds
[2021-07-10 09:55:46,752] {scheduler_job.py:182} INFO - Started process (PID=6287) to work on /home/karuturihemanth/.local/lib/python3.9/site-packages/airflow/example_dags/example_kubernetes_executor_config.py
[2021-07-10 09:55:46,752] {scheduler_job.py:633} INFO - Processing file /home/karuturihemanth/.local/lib/python3.9/site-packages/airflow/example_dags/example_kubernetes_executor_config.py for tasks to queue
[2021-07-10 09:55:46,753] {logging_mixin.py:104} INFO - [2021-07-10 09:55:46,752] {dagbag.py:496} INFO - Filling up the DagBag from /home/karuturihemanth/.local/lib/python3.9/site-packages/airflow/example_dags/example_kubernetes_executor_config.py
[2021-07-10 09:55:46,756] {logging_mixin.py:104} INFO - [2021-07-10 09:55:46,756] {example_kubernetes_executor_config.py:175} WARNING - Could not import DAGs in example_kubernetes_executor_config.py: No module named 'kubernetes'
[2021-07-10 09:55:46,757] {logging_mixin.py:104} INFO - [2021-07-10 09:55:46,757] {example_kubernetes_executor_config.py:176} WARNING - Install kubernetes dependencies with: pip install apache-airflow['cncf.kubernetes']
[2021-07-10 09:55:46,757] {scheduler_job.py:645} WARNING - No viable dags retrieved from /home/karuturihemanth/.local/lib/python3.9/site-packages/airflow/example_dags/example_kubernetes_executor_config.py
[2021-07-10 09:55:46,761] {scheduler_job.py:190} INFO - Processing /home/karuturihemanth/.local/lib/python3.9/site-packages/airflow/example_dags/example_kubernetes_executor_config.py took 0.011 seconds
[2021-07-10 09:56:18,750] {scheduler_job.py:182} INFO - Started process (PID=6319) to work on /home/karuturihemanth/.local/lib/python3.9/site-packages/airflow/example_dags/example_kubernetes_executor_config.py
[2021-07-10 09:56:18,751] {scheduler_job.py:633} INFO - Processing file /home/karuturihemanth/.local/lib/python3.9/site-packages/airflow/example_dags/example_kubernetes_executor_config.py for tasks to queue
[2021-07-10 09:56:18,751] {logging_mixin.py:104} INFO - [2021-07-10 09:56:18,751] {dagbag.py:496} INFO - Filling up the DagBag from /home/karuturihemanth/.local/lib/python3.9/site-packages/airflow/example_dags/example_kubernetes_executor_config.py
[2021-07-10 09:56:18,755] {logging_mixin.py:104} INFO - [2021-07-10 09:56:18,755] {example_kubernetes_executor_config.py:175} WARNING - Could not import DAGs in example_kubernetes_executor_config.py: No module named 'kubernetes'
[2021-07-10 09:56:18,755] {logging_mixin.py:104} INFO - [2021-07-10 09:56:18,755] {example_kubernetes_executor_config.py:176} WARNING - Install kubernetes dependencies with: pip install apache-airflow['cncf.kubernetes']
[2021-07-10 09:56:18,755] {scheduler_job.py:645} WARNING - No viable dags retrieved from /home/karuturihemanth/.local/lib/python3.9/site-packages/airflow/example_dags/example_kubernetes_executor_config.py
[2021-07-10 09:56:18,759] {scheduler_job.py:190} INFO - Processing /home/karuturihemanth/.local/lib/python3.9/site-packages/airflow/example_dags/example_kubernetes_executor_config.py took 0.011 seconds
[2021-07-10 09:56:51,133] {scheduler_job.py:182} INFO - Started process (PID=6351) to work on /home/karuturihemanth/.local/lib/python3.9/site-packages/airflow/example_dags/example_kubernetes_executor_config.py
[2021-07-10 09:56:51,134] {scheduler_job.py:633} INFO - Processing file /home/karuturihemanth/.local/lib/python3.9/site-packages/airflow/example_dags/example_kubernetes_executor_config.py for tasks to queue
[2021-07-10 09:56:51,134] {logging_mixin.py:104} INFO - [2021-07-10 09:56:51,134] {dagbag.py:496} INFO - Filling up the DagBag from /home/karuturihemanth/.local/lib/python3.9/site-packages/airflow/example_dags/example_kubernetes_executor_config.py
[2021-07-10 09:56:51,138] {logging_mixin.py:104} INFO - [2021-07-10 09:56:51,138] {example_kubernetes_executor_config.py:175} WARNING - Could not import DAGs in example_kubernetes_executor_config.py: No module named 'kubernetes'
[2021-07-10 09:56:51,138] {logging_mixin.py:104} INFO - [2021-07-10 09:56:51,138] {example_kubernetes_executor_config.py:176} WARNING - Install kubernetes dependencies with: pip install apache-airflow['cncf.kubernetes']
[2021-07-10 09:56:51,138] {scheduler_job.py:645} WARNING - No viable dags retrieved from /home/karuturihemanth/.local/lib/python3.9/site-packages/airflow/example_dags/example_kubernetes_executor_config.py
[2021-07-10 09:56:51,142] {scheduler_job.py:190} INFO - Processing /home/karuturihemanth/.local/lib/python3.9/site-packages/airflow/example_dags/example_kubernetes_executor_config.py took 0.010 seconds
[2021-07-10 09:57:22,861] {scheduler_job.py:182} INFO - Started process (PID=6382) to work on /home/karuturihemanth/.local/lib/python3.9/site-packages/airflow/example_dags/example_kubernetes_executor_config.py
[2021-07-10 09:57:22,861] {scheduler_job.py:633} INFO - Processing file /home/karuturihemanth/.local/lib/python3.9/site-packages/airflow/example_dags/example_kubernetes_executor_config.py for tasks to queue
[2021-07-10 09:57:22,862] {logging_mixin.py:104} INFO - [2021-07-10 09:57:22,862] {dagbag.py:496} INFO - Filling up the DagBag from /home/karuturihemanth/.local/lib/python3.9/site-packages/airflow/example_dags/example_kubernetes_executor_config.py
[2021-07-10 09:57:22,865] {logging_mixin.py:104} INFO - [2021-07-10 09:57:22,865] {example_kubernetes_executor_config.py:175} WARNING - Could not import DAGs in example_kubernetes_executor_config.py: No module named 'kubernetes'
[2021-07-10 09:57:22,865] {logging_mixin.py:104} INFO - [2021-07-10 09:57:22,865] {example_kubernetes_executor_config.py:176} WARNING - Install kubernetes dependencies with: pip install apache-airflow['cncf.kubernetes']
[2021-07-10 09:57:22,866] {scheduler_job.py:645} WARNING - No viable dags retrieved from /home/karuturihemanth/.local/lib/python3.9/site-packages/airflow/example_dags/example_kubernetes_executor_config.py
[2021-07-10 09:57:22,870] {scheduler_job.py:190} INFO - Processing /home/karuturihemanth/.local/lib/python3.9/site-packages/airflow/example_dags/example_kubernetes_executor_config.py took 0.011 seconds
[2021-07-10 09:57:54,330] {scheduler_job.py:182} INFO - Started process (PID=6413) to work on /home/karuturihemanth/.local/lib/python3.9/site-packages/airflow/example_dags/example_kubernetes_executor_config.py
[2021-07-10 09:57:54,331] {scheduler_job.py:633} INFO - Processing file /home/karuturihemanth/.local/lib/python3.9/site-packages/airflow/example_dags/example_kubernetes_executor_config.py for tasks to queue
[2021-07-10 09:57:54,331] {logging_mixin.py:104} INFO - [2021-07-10 09:57:54,331] {dagbag.py:496} INFO - Filling up the DagBag from /home/karuturihemanth/.local/lib/python3.9/site-packages/airflow/example_dags/example_kubernetes_executor_config.py
[2021-07-10 09:57:54,335] {logging_mixin.py:104} INFO - [2021-07-10 09:57:54,335] {example_kubernetes_executor_config.py:175} WARNING - Could not import DAGs in example_kubernetes_executor_config.py: No module named 'kubernetes'
[2021-07-10 09:57:54,335] {logging_mixin.py:104} INFO - [2021-07-10 09:57:54,335] {example_kubernetes_executor_config.py:176} WARNING - Install kubernetes dependencies with: pip install apache-airflow['cncf.kubernetes']
[2021-07-10 09:57:54,335] {scheduler_job.py:645} WARNING - No viable dags retrieved from /home/karuturihemanth/.local/lib/python3.9/site-packages/airflow/example_dags/example_kubernetes_executor_config.py
[2021-07-10 09:57:54,340] {scheduler_job.py:190} INFO - Processing /home/karuturihemanth/.local/lib/python3.9/site-packages/airflow/example_dags/example_kubernetes_executor_config.py took 0.011 seconds
[2021-07-10 09:58:25,584] {scheduler_job.py:182} INFO - Started process (PID=6444) to work on /home/karuturihemanth/.local/lib/python3.9/site-packages/airflow/example_dags/example_kubernetes_executor_config.py
[2021-07-10 09:58:25,584] {scheduler_job.py:633} INFO - Processing file /home/karuturihemanth/.local/lib/python3.9/site-packages/airflow/example_dags/example_kubernetes_executor_config.py for tasks to queue
[2021-07-10 09:58:25,585] {logging_mixin.py:104} INFO - [2021-07-10 09:58:25,585] {dagbag.py:496} INFO - Filling up the DagBag from /home/karuturihemanth/.local/lib/python3.9/site-packages/airflow/example_dags/example_kubernetes_executor_config.py
[2021-07-10 09:58:25,589] {logging_mixin.py:104} INFO - [2021-07-10 09:58:25,589] {example_kubernetes_executor_config.py:175} WARNING - Could not import DAGs in example_kubernetes_executor_config.py: No module named 'kubernetes'
[2021-07-10 09:58:25,589] {logging_mixin.py:104} INFO - [2021-07-10 09:58:25,589] {example_kubernetes_executor_config.py:176} WARNING - Install kubernetes dependencies with: pip install apache-airflow['cncf.kubernetes']
[2021-07-10 09:58:25,589] {scheduler_job.py:645} WARNING - No viable dags retrieved from /home/karuturihemanth/.local/lib/python3.9/site-packages/airflow/example_dags/example_kubernetes_executor_config.py
[2021-07-10 09:58:25,593] {scheduler_job.py:190} INFO - Processing /home/karuturihemanth/.local/lib/python3.9/site-packages/airflow/example_dags/example_kubernetes_executor_config.py took 0.011 seconds
[2021-07-10 09:58:57,052] {scheduler_job.py:182} INFO - Started process (PID=6475) to work on /home/karuturihemanth/.local/lib/python3.9/site-packages/airflow/example_dags/example_kubernetes_executor_config.py
[2021-07-10 09:58:57,053] {scheduler_job.py:633} INFO - Processing file /home/karuturihemanth/.local/lib/python3.9/site-packages/airflow/example_dags/example_kubernetes_executor_config.py for tasks to queue
[2021-07-10 09:58:57,053] {logging_mixin.py:104} INFO - [2021-07-10 09:58:57,053] {dagbag.py:496} INFO - Filling up the DagBag from /home/karuturihemanth/.local/lib/python3.9/site-packages/airflow/example_dags/example_kubernetes_executor_config.py
[2021-07-10 09:58:57,057] {logging_mixin.py:104} INFO - [2021-07-10 09:58:57,057] {example_kubernetes_executor_config.py:175} WARNING - Could not import DAGs in example_kubernetes_executor_config.py: No module named 'kubernetes'
[2021-07-10 09:58:57,057] {logging_mixin.py:104} INFO - [2021-07-10 09:58:57,057] {example_kubernetes_executor_config.py:176} WARNING - Install kubernetes dependencies with: pip install apache-airflow['cncf.kubernetes']
[2021-07-10 09:58:57,058] {scheduler_job.py:645} WARNING - No viable dags retrieved from /home/karuturihemanth/.local/lib/python3.9/site-packages/airflow/example_dags/example_kubernetes_executor_config.py
[2021-07-10 09:58:57,062] {scheduler_job.py:190} INFO - Processing /home/karuturihemanth/.local/lib/python3.9/site-packages/airflow/example_dags/example_kubernetes_executor_config.py took 0.011 seconds
