[2021-07-10 09:54:40,833] {scheduler_job.py:182} INFO - Started process (PID=6224) to work on /home/karuturihemanth/.local/lib/python3.9/site-packages/airflow/example_dags/example_nested_branch_dag.py
[2021-07-10 09:54:40,834] {scheduler_job.py:633} INFO - Processing file /home/karuturihemanth/.local/lib/python3.9/site-packages/airflow/example_dags/example_nested_branch_dag.py for tasks to queue
[2021-07-10 09:54:40,834] {logging_mixin.py:104} INFO - [2021-07-10 09:54:40,834] {dagbag.py:496} INFO - Filling up the DagBag from /home/karuturihemanth/.local/lib/python3.9/site-packages/airflow/example_dags/example_nested_branch_dag.py
[2021-07-10 09:54:40,843] {scheduler_job.py:643} INFO - DAG(s) dict_keys(['example_nested_branch_dag']) retrieved from /home/karuturihemanth/.local/lib/python3.9/site-packages/airflow/example_dags/example_nested_branch_dag.py
[2021-07-10 09:54:41,068] {logging_mixin.py:104} INFO - [2021-07-10 09:54:41,068] {dag.py:1833} INFO - Sync 1 DAGs
[2021-07-10 09:54:41,077] {logging_mixin.py:104} INFO - [2021-07-10 09:54:41,077] {dag.py:2306} INFO - Setting next_dagrun for example_nested_branch_dag to 2021-07-08 00:00:00+00:00
[2021-07-10 09:54:41,091] {scheduler_job.py:190} INFO - Processing /home/karuturihemanth/.local/lib/python3.9/site-packages/airflow/example_dags/example_nested_branch_dag.py took 0.260 seconds
[2021-07-10 09:55:14,742] {scheduler_job.py:182} INFO - Started process (PID=6255) to work on /home/karuturihemanth/.local/lib/python3.9/site-packages/airflow/example_dags/example_nested_branch_dag.py
[2021-07-10 09:55:14,742] {scheduler_job.py:633} INFO - Processing file /home/karuturihemanth/.local/lib/python3.9/site-packages/airflow/example_dags/example_nested_branch_dag.py for tasks to queue
[2021-07-10 09:55:14,742] {logging_mixin.py:104} INFO - [2021-07-10 09:55:14,742] {dagbag.py:496} INFO - Filling up the DagBag from /home/karuturihemanth/.local/lib/python3.9/site-packages/airflow/example_dags/example_nested_branch_dag.py
[2021-07-10 09:55:14,751] {scheduler_job.py:643} INFO - DAG(s) dict_keys(['example_nested_branch_dag']) retrieved from /home/karuturihemanth/.local/lib/python3.9/site-packages/airflow/example_dags/example_nested_branch_dag.py
[2021-07-10 09:55:14,761] {logging_mixin.py:104} INFO - [2021-07-10 09:55:14,761] {dag.py:1833} INFO - Sync 1 DAGs
[2021-07-10 09:55:14,772] {logging_mixin.py:104} INFO - [2021-07-10 09:55:14,772] {dag.py:2306} INFO - Setting next_dagrun for example_nested_branch_dag to 2021-07-08 00:00:00+00:00
[2021-07-10 09:55:14,785] {scheduler_job.py:190} INFO - Processing /home/karuturihemanth/.local/lib/python3.9/site-packages/airflow/example_dags/example_nested_branch_dag.py took 0.045 seconds
[2021-07-10 09:55:45,608] {scheduler_job.py:182} INFO - Started process (PID=6286) to work on /home/karuturihemanth/.local/lib/python3.9/site-packages/airflow/example_dags/example_nested_branch_dag.py
[2021-07-10 09:55:45,609] {scheduler_job.py:633} INFO - Processing file /home/karuturihemanth/.local/lib/python3.9/site-packages/airflow/example_dags/example_nested_branch_dag.py for tasks to queue
[2021-07-10 09:55:45,609] {logging_mixin.py:104} INFO - [2021-07-10 09:55:45,609] {dagbag.py:496} INFO - Filling up the DagBag from /home/karuturihemanth/.local/lib/python3.9/site-packages/airflow/example_dags/example_nested_branch_dag.py
[2021-07-10 09:55:45,619] {scheduler_job.py:643} INFO - DAG(s) dict_keys(['example_nested_branch_dag']) retrieved from /home/karuturihemanth/.local/lib/python3.9/site-packages/airflow/example_dags/example_nested_branch_dag.py
[2021-07-10 09:55:45,629] {logging_mixin.py:104} INFO - [2021-07-10 09:55:45,629] {dag.py:1833} INFO - Sync 1 DAGs
[2021-07-10 09:55:45,640] {logging_mixin.py:104} INFO - [2021-07-10 09:55:45,640] {dag.py:2306} INFO - Setting next_dagrun for example_nested_branch_dag to 2021-07-08 00:00:00+00:00
[2021-07-10 09:55:45,653] {scheduler_job.py:190} INFO - Processing /home/karuturihemanth/.local/lib/python3.9/site-packages/airflow/example_dags/example_nested_branch_dag.py took 0.047 seconds
[2021-07-10 09:56:17,618] {scheduler_job.py:182} INFO - Started process (PID=6318) to work on /home/karuturihemanth/.local/lib/python3.9/site-packages/airflow/example_dags/example_nested_branch_dag.py
[2021-07-10 09:56:17,618] {scheduler_job.py:633} INFO - Processing file /home/karuturihemanth/.local/lib/python3.9/site-packages/airflow/example_dags/example_nested_branch_dag.py for tasks to queue
[2021-07-10 09:56:17,618] {logging_mixin.py:104} INFO - [2021-07-10 09:56:17,618] {dagbag.py:496} INFO - Filling up the DagBag from /home/karuturihemanth/.local/lib/python3.9/site-packages/airflow/example_dags/example_nested_branch_dag.py
[2021-07-10 09:56:17,627] {scheduler_job.py:643} INFO - DAG(s) dict_keys(['example_nested_branch_dag']) retrieved from /home/karuturihemanth/.local/lib/python3.9/site-packages/airflow/example_dags/example_nested_branch_dag.py
[2021-07-10 09:56:17,638] {logging_mixin.py:104} INFO - [2021-07-10 09:56:17,638] {dag.py:1833} INFO - Sync 1 DAGs
[2021-07-10 09:56:17,647] {logging_mixin.py:104} INFO - [2021-07-10 09:56:17,647] {dag.py:2306} INFO - Setting next_dagrun for example_nested_branch_dag to 2021-07-08 00:00:00+00:00
[2021-07-10 09:56:17,661] {scheduler_job.py:190} INFO - Processing /home/karuturihemanth/.local/lib/python3.9/site-packages/airflow/example_dags/example_nested_branch_dag.py took 0.044 seconds
[2021-07-10 09:56:50,005] {scheduler_job.py:182} INFO - Started process (PID=6350) to work on /home/karuturihemanth/.local/lib/python3.9/site-packages/airflow/example_dags/example_nested_branch_dag.py
[2021-07-10 09:56:50,005] {scheduler_job.py:633} INFO - Processing file /home/karuturihemanth/.local/lib/python3.9/site-packages/airflow/example_dags/example_nested_branch_dag.py for tasks to queue
[2021-07-10 09:56:50,006] {logging_mixin.py:104} INFO - [2021-07-10 09:56:50,006] {dagbag.py:496} INFO - Filling up the DagBag from /home/karuturihemanth/.local/lib/python3.9/site-packages/airflow/example_dags/example_nested_branch_dag.py
[2021-07-10 09:56:50,015] {scheduler_job.py:643} INFO - DAG(s) dict_keys(['example_nested_branch_dag']) retrieved from /home/karuturihemanth/.local/lib/python3.9/site-packages/airflow/example_dags/example_nested_branch_dag.py
[2021-07-10 09:56:50,025] {logging_mixin.py:104} INFO - [2021-07-10 09:56:50,025] {dag.py:1833} INFO - Sync 1 DAGs
[2021-07-10 09:56:50,036] {logging_mixin.py:104} INFO - [2021-07-10 09:56:50,036] {dag.py:2306} INFO - Setting next_dagrun for example_nested_branch_dag to 2021-07-08 00:00:00+00:00
[2021-07-10 09:56:50,048] {scheduler_job.py:190} INFO - Processing /home/karuturihemanth/.local/lib/python3.9/site-packages/airflow/example_dags/example_nested_branch_dag.py took 0.045 seconds
[2021-07-10 09:57:21,732] {scheduler_job.py:182} INFO - Started process (PID=6381) to work on /home/karuturihemanth/.local/lib/python3.9/site-packages/airflow/example_dags/example_nested_branch_dag.py
[2021-07-10 09:57:21,732] {scheduler_job.py:633} INFO - Processing file /home/karuturihemanth/.local/lib/python3.9/site-packages/airflow/example_dags/example_nested_branch_dag.py for tasks to queue
[2021-07-10 09:57:21,733] {logging_mixin.py:104} INFO - [2021-07-10 09:57:21,732] {dagbag.py:496} INFO - Filling up the DagBag from /home/karuturihemanth/.local/lib/python3.9/site-packages/airflow/example_dags/example_nested_branch_dag.py
[2021-07-10 09:57:21,741] {scheduler_job.py:643} INFO - DAG(s) dict_keys(['example_nested_branch_dag']) retrieved from /home/karuturihemanth/.local/lib/python3.9/site-packages/airflow/example_dags/example_nested_branch_dag.py
[2021-07-10 09:57:21,751] {logging_mixin.py:104} INFO - [2021-07-10 09:57:21,751] {dag.py:1833} INFO - Sync 1 DAGs
[2021-07-10 09:57:21,760] {logging_mixin.py:104} INFO - [2021-07-10 09:57:21,760] {dag.py:2306} INFO - Setting next_dagrun for example_nested_branch_dag to 2021-07-08 00:00:00+00:00
[2021-07-10 09:57:21,773] {scheduler_job.py:190} INFO - Processing /home/karuturihemanth/.local/lib/python3.9/site-packages/airflow/example_dags/example_nested_branch_dag.py took 0.043 seconds
[2021-07-10 09:57:53,199] {scheduler_job.py:182} INFO - Started process (PID=6412) to work on /home/karuturihemanth/.local/lib/python3.9/site-packages/airflow/example_dags/example_nested_branch_dag.py
[2021-07-10 09:57:53,200] {scheduler_job.py:633} INFO - Processing file /home/karuturihemanth/.local/lib/python3.9/site-packages/airflow/example_dags/example_nested_branch_dag.py for tasks to queue
[2021-07-10 09:57:53,200] {logging_mixin.py:104} INFO - [2021-07-10 09:57:53,200] {dagbag.py:496} INFO - Filling up the DagBag from /home/karuturihemanth/.local/lib/python3.9/site-packages/airflow/example_dags/example_nested_branch_dag.py
[2021-07-10 09:57:53,209] {scheduler_job.py:643} INFO - DAG(s) dict_keys(['example_nested_branch_dag']) retrieved from /home/karuturihemanth/.local/lib/python3.9/site-packages/airflow/example_dags/example_nested_branch_dag.py
[2021-07-10 09:57:53,219] {logging_mixin.py:104} INFO - [2021-07-10 09:57:53,219] {dag.py:1833} INFO - Sync 1 DAGs
[2021-07-10 09:57:53,232] {logging_mixin.py:104} INFO - [2021-07-10 09:57:53,231] {dag.py:2306} INFO - Setting next_dagrun for example_nested_branch_dag to 2021-07-08 00:00:00+00:00
[2021-07-10 09:57:53,246] {scheduler_job.py:190} INFO - Processing /home/karuturihemanth/.local/lib/python3.9/site-packages/airflow/example_dags/example_nested_branch_dag.py took 0.048 seconds
[2021-07-10 09:58:24,454] {scheduler_job.py:182} INFO - Started process (PID=6443) to work on /home/karuturihemanth/.local/lib/python3.9/site-packages/airflow/example_dags/example_nested_branch_dag.py
[2021-07-10 09:58:24,455] {scheduler_job.py:633} INFO - Processing file /home/karuturihemanth/.local/lib/python3.9/site-packages/airflow/example_dags/example_nested_branch_dag.py for tasks to queue
[2021-07-10 09:58:24,455] {logging_mixin.py:104} INFO - [2021-07-10 09:58:24,455] {dagbag.py:496} INFO - Filling up the DagBag from /home/karuturihemanth/.local/lib/python3.9/site-packages/airflow/example_dags/example_nested_branch_dag.py
[2021-07-10 09:58:24,464] {scheduler_job.py:643} INFO - DAG(s) dict_keys(['example_nested_branch_dag']) retrieved from /home/karuturihemanth/.local/lib/python3.9/site-packages/airflow/example_dags/example_nested_branch_dag.py
[2021-07-10 09:58:24,474] {logging_mixin.py:104} INFO - [2021-07-10 09:58:24,473] {dag.py:1833} INFO - Sync 1 DAGs
[2021-07-10 09:58:24,483] {logging_mixin.py:104} INFO - [2021-07-10 09:58:24,483] {dag.py:2306} INFO - Setting next_dagrun for example_nested_branch_dag to 2021-07-08 00:00:00+00:00
[2021-07-10 09:58:24,494] {scheduler_job.py:190} INFO - Processing /home/karuturihemanth/.local/lib/python3.9/site-packages/airflow/example_dags/example_nested_branch_dag.py took 0.042 seconds
[2021-07-10 09:58:56,638] {scheduler_job.py:182} INFO - Started process (PID=6474) to work on /home/karuturihemanth/.local/lib/python3.9/site-packages/airflow/example_dags/example_nested_branch_dag.py
[2021-07-10 09:58:56,639] {scheduler_job.py:633} INFO - Processing file /home/karuturihemanth/.local/lib/python3.9/site-packages/airflow/example_dags/example_nested_branch_dag.py for tasks to queue
[2021-07-10 09:58:56,639] {logging_mixin.py:104} INFO - [2021-07-10 09:58:56,639] {dagbag.py:496} INFO - Filling up the DagBag from /home/karuturihemanth/.local/lib/python3.9/site-packages/airflow/example_dags/example_nested_branch_dag.py
[2021-07-10 09:58:56,647] {scheduler_job.py:643} INFO - DAG(s) dict_keys(['example_nested_branch_dag']) retrieved from /home/karuturihemanth/.local/lib/python3.9/site-packages/airflow/example_dags/example_nested_branch_dag.py
[2021-07-10 09:58:56,657] {logging_mixin.py:104} INFO - [2021-07-10 09:58:56,657] {dag.py:1833} INFO - Sync 1 DAGs
[2021-07-10 09:58:56,667] {logging_mixin.py:104} INFO - [2021-07-10 09:58:56,666] {dag.py:2306} INFO - Setting next_dagrun for example_nested_branch_dag to 2021-07-08 00:00:00+00:00
[2021-07-10 09:58:56,678] {scheduler_job.py:190} INFO - Processing /home/karuturihemanth/.local/lib/python3.9/site-packages/airflow/example_dags/example_nested_branch_dag.py took 0.042 seconds
