[2021-07-10 09:54:28,843] {scheduler_job.py:182} INFO - Started process (PID=6215) to work on /home/karuturihemanth/.local/lib/python3.9/site-packages/airflow/example_dags/example_branch_day_of_week_operator.py
[2021-07-10 09:54:28,843] {scheduler_job.py:633} INFO - Processing file /home/karuturihemanth/.local/lib/python3.9/site-packages/airflow/example_dags/example_branch_day_of_week_operator.py for tasks to queue
[2021-07-10 09:54:28,843] {logging_mixin.py:104} INFO - [2021-07-10 09:54:28,843] {dagbag.py:496} INFO - Filling up the DagBag from /home/karuturihemanth/.local/lib/python3.9/site-packages/airflow/example_dags/example_branch_day_of_week_operator.py
[2021-07-10 09:54:28,851] {scheduler_job.py:643} INFO - DAG(s) dict_keys(['example_weekday_branch_operator']) retrieved from /home/karuturihemanth/.local/lib/python3.9/site-packages/airflow/example_dags/example_branch_day_of_week_operator.py
[2021-07-10 09:54:29,074] {logging_mixin.py:104} INFO - [2021-07-10 09:54:29,074] {dag.py:1833} INFO - Sync 1 DAGs
[2021-07-10 09:54:29,082] {logging_mixin.py:104} INFO - [2021-07-10 09:54:29,082] {dag.py:2306} INFO - Setting next_dagrun for example_weekday_branch_operator to 2021-07-08 00:00:00+00:00
[2021-07-10 09:54:29,096] {scheduler_job.py:190} INFO - Processing /home/karuturihemanth/.local/lib/python3.9/site-packages/airflow/example_dags/example_branch_day_of_week_operator.py took 0.255 seconds
[2021-07-10 09:55:05,596] {scheduler_job.py:182} INFO - Started process (PID=6246) to work on /home/karuturihemanth/.local/lib/python3.9/site-packages/airflow/example_dags/example_branch_day_of_week_operator.py
[2021-07-10 09:55:05,596] {scheduler_job.py:633} INFO - Processing file /home/karuturihemanth/.local/lib/python3.9/site-packages/airflow/example_dags/example_branch_day_of_week_operator.py for tasks to queue
[2021-07-10 09:55:05,596] {logging_mixin.py:104} INFO - [2021-07-10 09:55:05,596] {dagbag.py:496} INFO - Filling up the DagBag from /home/karuturihemanth/.local/lib/python3.9/site-packages/airflow/example_dags/example_branch_day_of_week_operator.py
[2021-07-10 09:55:05,604] {scheduler_job.py:643} INFO - DAG(s) dict_keys(['example_weekday_branch_operator']) retrieved from /home/karuturihemanth/.local/lib/python3.9/site-packages/airflow/example_dags/example_branch_day_of_week_operator.py
[2021-07-10 09:55:05,613] {logging_mixin.py:104} INFO - [2021-07-10 09:55:05,612] {dag.py:1833} INFO - Sync 1 DAGs
[2021-07-10 09:55:05,622] {logging_mixin.py:104} INFO - [2021-07-10 09:55:05,622] {dag.py:2306} INFO - Setting next_dagrun for example_weekday_branch_operator to 2021-07-08 00:00:00+00:00
[2021-07-10 09:55:05,634] {scheduler_job.py:190} INFO - Processing /home/karuturihemanth/.local/lib/python3.9/site-packages/airflow/example_dags/example_branch_day_of_week_operator.py took 0.039 seconds
[2021-07-10 09:55:37,589] {scheduler_job.py:182} INFO - Started process (PID=6277) to work on /home/karuturihemanth/.local/lib/python3.9/site-packages/airflow/example_dags/example_branch_day_of_week_operator.py
[2021-07-10 09:55:37,590] {scheduler_job.py:633} INFO - Processing file /home/karuturihemanth/.local/lib/python3.9/site-packages/airflow/example_dags/example_branch_day_of_week_operator.py for tasks to queue
[2021-07-10 09:55:37,590] {logging_mixin.py:104} INFO - [2021-07-10 09:55:37,590] {dagbag.py:496} INFO - Filling up the DagBag from /home/karuturihemanth/.local/lib/python3.9/site-packages/airflow/example_dags/example_branch_day_of_week_operator.py
[2021-07-10 09:55:37,598] {scheduler_job.py:643} INFO - DAG(s) dict_keys(['example_weekday_branch_operator']) retrieved from /home/karuturihemanth/.local/lib/python3.9/site-packages/airflow/example_dags/example_branch_day_of_week_operator.py
[2021-07-10 09:55:37,606] {logging_mixin.py:104} INFO - [2021-07-10 09:55:37,606] {dag.py:1833} INFO - Sync 1 DAGs
[2021-07-10 09:55:37,615] {logging_mixin.py:104} INFO - [2021-07-10 09:55:37,615] {dag.py:2306} INFO - Setting next_dagrun for example_weekday_branch_operator to 2021-07-08 00:00:00+00:00
[2021-07-10 09:55:37,627] {scheduler_job.py:190} INFO - Processing /home/karuturihemanth/.local/lib/python3.9/site-packages/airflow/example_dags/example_branch_day_of_week_operator.py took 0.039 seconds
[2021-07-10 09:56:08,455] {scheduler_job.py:182} INFO - Started process (PID=6309) to work on /home/karuturihemanth/.local/lib/python3.9/site-packages/airflow/example_dags/example_branch_day_of_week_operator.py
[2021-07-10 09:56:08,456] {scheduler_job.py:633} INFO - Processing file /home/karuturihemanth/.local/lib/python3.9/site-packages/airflow/example_dags/example_branch_day_of_week_operator.py for tasks to queue
[2021-07-10 09:56:08,456] {logging_mixin.py:104} INFO - [2021-07-10 09:56:08,456] {dagbag.py:496} INFO - Filling up the DagBag from /home/karuturihemanth/.local/lib/python3.9/site-packages/airflow/example_dags/example_branch_day_of_week_operator.py
[2021-07-10 09:56:08,463] {scheduler_job.py:643} INFO - DAG(s) dict_keys(['example_weekday_branch_operator']) retrieved from /home/karuturihemanth/.local/lib/python3.9/site-packages/airflow/example_dags/example_branch_day_of_week_operator.py
[2021-07-10 09:56:08,472] {logging_mixin.py:104} INFO - [2021-07-10 09:56:08,472] {dag.py:1833} INFO - Sync 1 DAGs
[2021-07-10 09:56:08,482] {logging_mixin.py:104} INFO - [2021-07-10 09:56:08,481] {dag.py:2306} INFO - Setting next_dagrun for example_weekday_branch_operator to 2021-07-08 00:00:00+00:00
[2021-07-10 09:56:08,494] {scheduler_job.py:190} INFO - Processing /home/karuturihemanth/.local/lib/python3.9/site-packages/airflow/example_dags/example_branch_day_of_week_operator.py took 0.040 seconds
[2021-07-10 09:56:40,649] {scheduler_job.py:182} INFO - Started process (PID=6341) to work on /home/karuturihemanth/.local/lib/python3.9/site-packages/airflow/example_dags/example_branch_day_of_week_operator.py
[2021-07-10 09:56:40,649] {scheduler_job.py:633} INFO - Processing file /home/karuturihemanth/.local/lib/python3.9/site-packages/airflow/example_dags/example_branch_day_of_week_operator.py for tasks to queue
[2021-07-10 09:56:40,650] {logging_mixin.py:104} INFO - [2021-07-10 09:56:40,650] {dagbag.py:496} INFO - Filling up the DagBag from /home/karuturihemanth/.local/lib/python3.9/site-packages/airflow/example_dags/example_branch_day_of_week_operator.py
[2021-07-10 09:56:40,657] {scheduler_job.py:643} INFO - DAG(s) dict_keys(['example_weekday_branch_operator']) retrieved from /home/karuturihemanth/.local/lib/python3.9/site-packages/airflow/example_dags/example_branch_day_of_week_operator.py
[2021-07-10 09:56:40,667] {logging_mixin.py:104} INFO - [2021-07-10 09:56:40,667] {dag.py:1833} INFO - Sync 1 DAGs
[2021-07-10 09:56:40,677] {logging_mixin.py:104} INFO - [2021-07-10 09:56:40,676] {dag.py:2306} INFO - Setting next_dagrun for example_weekday_branch_operator to 2021-07-08 00:00:00+00:00
[2021-07-10 09:56:40,689] {scheduler_job.py:190} INFO - Processing /home/karuturihemanth/.local/lib/python3.9/site-packages/airflow/example_dags/example_branch_day_of_week_operator.py took 0.042 seconds
[2021-07-10 09:57:12,623] {scheduler_job.py:182} INFO - Started process (PID=6372) to work on /home/karuturihemanth/.local/lib/python3.9/site-packages/airflow/example_dags/example_branch_day_of_week_operator.py
[2021-07-10 09:57:12,623] {scheduler_job.py:633} INFO - Processing file /home/karuturihemanth/.local/lib/python3.9/site-packages/airflow/example_dags/example_branch_day_of_week_operator.py for tasks to queue
[2021-07-10 09:57:12,624] {logging_mixin.py:104} INFO - [2021-07-10 09:57:12,624] {dagbag.py:496} INFO - Filling up the DagBag from /home/karuturihemanth/.local/lib/python3.9/site-packages/airflow/example_dags/example_branch_day_of_week_operator.py
[2021-07-10 09:57:12,631] {scheduler_job.py:643} INFO - DAG(s) dict_keys(['example_weekday_branch_operator']) retrieved from /home/karuturihemanth/.local/lib/python3.9/site-packages/airflow/example_dags/example_branch_day_of_week_operator.py
[2021-07-10 09:57:12,640] {logging_mixin.py:104} INFO - [2021-07-10 09:57:12,640] {dag.py:1833} INFO - Sync 1 DAGs
[2021-07-10 09:57:12,650] {logging_mixin.py:104} INFO - [2021-07-10 09:57:12,650] {dag.py:2306} INFO - Setting next_dagrun for example_weekday_branch_operator to 2021-07-08 00:00:00+00:00
[2021-07-10 09:57:12,662] {scheduler_job.py:190} INFO - Processing /home/karuturihemanth/.local/lib/python3.9/site-packages/airflow/example_dags/example_branch_day_of_week_operator.py took 0.041 seconds
[2021-07-10 09:57:43,975] {scheduler_job.py:182} INFO - Started process (PID=6403) to work on /home/karuturihemanth/.local/lib/python3.9/site-packages/airflow/example_dags/example_branch_day_of_week_operator.py
[2021-07-10 09:57:43,975] {scheduler_job.py:633} INFO - Processing file /home/karuturihemanth/.local/lib/python3.9/site-packages/airflow/example_dags/example_branch_day_of_week_operator.py for tasks to queue
[2021-07-10 09:57:43,976] {logging_mixin.py:104} INFO - [2021-07-10 09:57:43,976] {dagbag.py:496} INFO - Filling up the DagBag from /home/karuturihemanth/.local/lib/python3.9/site-packages/airflow/example_dags/example_branch_day_of_week_operator.py
[2021-07-10 09:57:43,984] {scheduler_job.py:643} INFO - DAG(s) dict_keys(['example_weekday_branch_operator']) retrieved from /home/karuturihemanth/.local/lib/python3.9/site-packages/airflow/example_dags/example_branch_day_of_week_operator.py
[2021-07-10 09:57:43,994] {logging_mixin.py:104} INFO - [2021-07-10 09:57:43,994] {dag.py:1833} INFO - Sync 1 DAGs
[2021-07-10 09:57:44,004] {logging_mixin.py:104} INFO - [2021-07-10 09:57:44,004] {dag.py:2306} INFO - Setting next_dagrun for example_weekday_branch_operator to 2021-07-08 00:00:00+00:00
[2021-07-10 09:57:44,017] {scheduler_job.py:190} INFO - Processing /home/karuturihemanth/.local/lib/python3.9/site-packages/airflow/example_dags/example_branch_day_of_week_operator.py took 0.044 seconds
[2021-07-10 09:58:15,381] {scheduler_job.py:182} INFO - Started process (PID=6434) to work on /home/karuturihemanth/.local/lib/python3.9/site-packages/airflow/example_dags/example_branch_day_of_week_operator.py
[2021-07-10 09:58:15,382] {scheduler_job.py:633} INFO - Processing file /home/karuturihemanth/.local/lib/python3.9/site-packages/airflow/example_dags/example_branch_day_of_week_operator.py for tasks to queue
[2021-07-10 09:58:15,382] {logging_mixin.py:104} INFO - [2021-07-10 09:58:15,382] {dagbag.py:496} INFO - Filling up the DagBag from /home/karuturihemanth/.local/lib/python3.9/site-packages/airflow/example_dags/example_branch_day_of_week_operator.py
[2021-07-10 09:58:15,390] {scheduler_job.py:643} INFO - DAG(s) dict_keys(['example_weekday_branch_operator']) retrieved from /home/karuturihemanth/.local/lib/python3.9/site-packages/airflow/example_dags/example_branch_day_of_week_operator.py
[2021-07-10 09:58:15,399] {logging_mixin.py:104} INFO - [2021-07-10 09:58:15,398] {dag.py:1833} INFO - Sync 1 DAGs
[2021-07-10 09:58:15,408] {logging_mixin.py:104} INFO - [2021-07-10 09:58:15,408] {dag.py:2306} INFO - Setting next_dagrun for example_weekday_branch_operator to 2021-07-08 00:00:00+00:00
[2021-07-10 09:58:15,420] {scheduler_job.py:190} INFO - Processing /home/karuturihemanth/.local/lib/python3.9/site-packages/airflow/example_dags/example_branch_day_of_week_operator.py took 0.041 seconds
[2021-07-10 09:58:46,767] {scheduler_job.py:182} INFO - Started process (PID=6465) to work on /home/karuturihemanth/.local/lib/python3.9/site-packages/airflow/example_dags/example_branch_day_of_week_operator.py
[2021-07-10 09:58:46,767] {scheduler_job.py:633} INFO - Processing file /home/karuturihemanth/.local/lib/python3.9/site-packages/airflow/example_dags/example_branch_day_of_week_operator.py for tasks to queue
[2021-07-10 09:58:46,768] {logging_mixin.py:104} INFO - [2021-07-10 09:58:46,768] {dagbag.py:496} INFO - Filling up the DagBag from /home/karuturihemanth/.local/lib/python3.9/site-packages/airflow/example_dags/example_branch_day_of_week_operator.py
[2021-07-10 09:58:46,775] {scheduler_job.py:643} INFO - DAG(s) dict_keys(['example_weekday_branch_operator']) retrieved from /home/karuturihemanth/.local/lib/python3.9/site-packages/airflow/example_dags/example_branch_day_of_week_operator.py
[2021-07-10 09:58:46,784] {logging_mixin.py:104} INFO - [2021-07-10 09:58:46,784] {dag.py:1833} INFO - Sync 1 DAGs
[2021-07-10 09:58:46,794] {logging_mixin.py:104} INFO - [2021-07-10 09:58:46,794] {dag.py:2306} INFO - Setting next_dagrun for example_weekday_branch_operator to 2021-07-08 00:00:00+00:00
[2021-07-10 09:58:46,807] {scheduler_job.py:190} INFO - Processing /home/karuturihemanth/.local/lib/python3.9/site-packages/airflow/example_dags/example_branch_day_of_week_operator.py took 0.042 seconds
