[2021-07-10 09:54:49,968] {scheduler_job.py:182} INFO - Started process (PID=6231) to work on /home/karuturihemanth/.local/lib/python3.9/site-packages/airflow/example_dags/example_latest_only_with_trigger.py
[2021-07-10 09:54:49,968] {scheduler_job.py:633} INFO - Processing file /home/karuturihemanth/.local/lib/python3.9/site-packages/airflow/example_dags/example_latest_only_with_trigger.py for tasks to queue
[2021-07-10 09:54:49,969] {logging_mixin.py:104} INFO - [2021-07-10 09:54:49,969] {dagbag.py:496} INFO - Filling up the DagBag from /home/karuturihemanth/.local/lib/python3.9/site-packages/airflow/example_dags/example_latest_only_with_trigger.py
[2021-07-10 09:54:49,975] {scheduler_job.py:643} INFO - DAG(s) dict_keys(['latest_only_with_trigger']) retrieved from /home/karuturihemanth/.local/lib/python3.9/site-packages/airflow/example_dags/example_latest_only_with_trigger.py
[2021-07-10 09:54:50,199] {logging_mixin.py:104} INFO - [2021-07-10 09:54:50,198] {dag.py:1833} INFO - Sync 1 DAGs
[2021-07-10 09:54:50,205] {logging_mixin.py:104} INFO - [2021-07-10 09:54:50,205] {dag.py:2306} INFO - Setting next_dagrun for latest_only_with_trigger to 2021-07-08 00:00:00+00:00
[2021-07-10 09:54:50,220] {scheduler_job.py:190} INFO - Processing /home/karuturihemanth/.local/lib/python3.9/site-packages/airflow/example_dags/example_latest_only_with_trigger.py took 0.254 seconds
[2021-07-10 09:55:22,156] {scheduler_job.py:182} INFO - Started process (PID=6262) to work on /home/karuturihemanth/.local/lib/python3.9/site-packages/airflow/example_dags/example_latest_only_with_trigger.py
[2021-07-10 09:55:22,156] {scheduler_job.py:633} INFO - Processing file /home/karuturihemanth/.local/lib/python3.9/site-packages/airflow/example_dags/example_latest_only_with_trigger.py for tasks to queue
[2021-07-10 09:55:22,157] {logging_mixin.py:104} INFO - [2021-07-10 09:55:22,157] {dagbag.py:496} INFO - Filling up the DagBag from /home/karuturihemanth/.local/lib/python3.9/site-packages/airflow/example_dags/example_latest_only_with_trigger.py
[2021-07-10 09:55:22,165] {scheduler_job.py:643} INFO - DAG(s) dict_keys(['latest_only_with_trigger']) retrieved from /home/karuturihemanth/.local/lib/python3.9/site-packages/airflow/example_dags/example_latest_only_with_trigger.py
[2021-07-10 09:55:22,175] {logging_mixin.py:104} INFO - [2021-07-10 09:55:22,174] {dag.py:1833} INFO - Sync 1 DAGs
[2021-07-10 09:55:22,182] {logging_mixin.py:104} INFO - [2021-07-10 09:55:22,182] {dag.py:2306} INFO - Setting next_dagrun for latest_only_with_trigger to 2021-07-08 00:00:00+00:00
[2021-07-10 09:55:22,194] {scheduler_job.py:190} INFO - Processing /home/karuturihemanth/.local/lib/python3.9/site-packages/airflow/example_dags/example_latest_only_with_trigger.py took 0.040 seconds
[2021-07-10 09:55:53,022] {scheduler_job.py:182} INFO - Started process (PID=6294) to work on /home/karuturihemanth/.local/lib/python3.9/site-packages/airflow/example_dags/example_latest_only_with_trigger.py
[2021-07-10 09:55:53,022] {scheduler_job.py:633} INFO - Processing file /home/karuturihemanth/.local/lib/python3.9/site-packages/airflow/example_dags/example_latest_only_with_trigger.py for tasks to queue
[2021-07-10 09:55:53,023] {logging_mixin.py:104} INFO - [2021-07-10 09:55:53,023] {dagbag.py:496} INFO - Filling up the DagBag from /home/karuturihemanth/.local/lib/python3.9/site-packages/airflow/example_dags/example_latest_only_with_trigger.py
[2021-07-10 09:55:53,030] {scheduler_job.py:643} INFO - DAG(s) dict_keys(['latest_only_with_trigger']) retrieved from /home/karuturihemanth/.local/lib/python3.9/site-packages/airflow/example_dags/example_latest_only_with_trigger.py
[2021-07-10 09:55:53,039] {logging_mixin.py:104} INFO - [2021-07-10 09:55:53,039] {dag.py:1833} INFO - Sync 1 DAGs
[2021-07-10 09:55:53,046] {logging_mixin.py:104} INFO - [2021-07-10 09:55:53,046] {dag.py:2306} INFO - Setting next_dagrun for latest_only_with_trigger to 2021-07-08 00:00:00+00:00
[2021-07-10 09:55:53,058] {scheduler_job.py:190} INFO - Processing /home/karuturihemanth/.local/lib/python3.9/site-packages/airflow/example_dags/example_latest_only_with_trigger.py took 0.038 seconds
[2021-07-10 09:56:25,016] {scheduler_job.py:182} INFO - Started process (PID=6325) to work on /home/karuturihemanth/.local/lib/python3.9/site-packages/airflow/example_dags/example_latest_only_with_trigger.py
[2021-07-10 09:56:25,016] {scheduler_job.py:633} INFO - Processing file /home/karuturihemanth/.local/lib/python3.9/site-packages/airflow/example_dags/example_latest_only_with_trigger.py for tasks to queue
[2021-07-10 09:56:25,017] {logging_mixin.py:104} INFO - [2021-07-10 09:56:25,017] {dagbag.py:496} INFO - Filling up the DagBag from /home/karuturihemanth/.local/lib/python3.9/site-packages/airflow/example_dags/example_latest_only_with_trigger.py
[2021-07-10 09:56:25,024] {scheduler_job.py:643} INFO - DAG(s) dict_keys(['latest_only_with_trigger']) retrieved from /home/karuturihemanth/.local/lib/python3.9/site-packages/airflow/example_dags/example_latest_only_with_trigger.py
[2021-07-10 09:56:25,033] {logging_mixin.py:104} INFO - [2021-07-10 09:56:25,033] {dag.py:1833} INFO - Sync 1 DAGs
[2021-07-10 09:56:25,040] {logging_mixin.py:104} INFO - [2021-07-10 09:56:25,040] {dag.py:2306} INFO - Setting next_dagrun for latest_only_with_trigger to 2021-07-08 00:00:00+00:00
[2021-07-10 09:56:25,051] {scheduler_job.py:190} INFO - Processing /home/karuturihemanth/.local/lib/python3.9/site-packages/airflow/example_dags/example_latest_only_with_trigger.py took 0.037 seconds
[2021-07-10 09:56:58,666] {scheduler_job.py:182} INFO - Started process (PID=6359) to work on /home/karuturihemanth/.local/lib/python3.9/site-packages/airflow/example_dags/example_latest_only_with_trigger.py
[2021-07-10 09:56:58,667] {scheduler_job.py:633} INFO - Processing file /home/karuturihemanth/.local/lib/python3.9/site-packages/airflow/example_dags/example_latest_only_with_trigger.py for tasks to queue
[2021-07-10 09:56:58,668] {logging_mixin.py:104} INFO - [2021-07-10 09:56:58,668] {dagbag.py:496} INFO - Filling up the DagBag from /home/karuturihemanth/.local/lib/python3.9/site-packages/airflow/example_dags/example_latest_only_with_trigger.py
[2021-07-10 09:56:58,675] {scheduler_job.py:643} INFO - DAG(s) dict_keys(['latest_only_with_trigger']) retrieved from /home/karuturihemanth/.local/lib/python3.9/site-packages/airflow/example_dags/example_latest_only_with_trigger.py
[2021-07-10 09:56:58,684] {logging_mixin.py:104} INFO - [2021-07-10 09:56:58,683] {dag.py:1833} INFO - Sync 1 DAGs
[2021-07-10 09:56:58,691] {logging_mixin.py:104} INFO - [2021-07-10 09:56:58,691] {dag.py:2306} INFO - Setting next_dagrun for latest_only_with_trigger to 2021-07-08 00:00:00+00:00
[2021-07-10 09:56:58,701] {scheduler_job.py:190} INFO - Processing /home/karuturihemanth/.local/lib/python3.9/site-packages/airflow/example_dags/example_latest_only_with_trigger.py took 0.036 seconds
[2021-07-10 09:57:33,360] {scheduler_job.py:182} INFO - Started process (PID=6392) to work on /home/karuturihemanth/.local/lib/python3.9/site-packages/airflow/example_dags/example_latest_only_with_trigger.py
[2021-07-10 09:57:33,361] {scheduler_job.py:633} INFO - Processing file /home/karuturihemanth/.local/lib/python3.9/site-packages/airflow/example_dags/example_latest_only_with_trigger.py for tasks to queue
[2021-07-10 09:57:33,361] {logging_mixin.py:104} INFO - [2021-07-10 09:57:33,361] {dagbag.py:496} INFO - Filling up the DagBag from /home/karuturihemanth/.local/lib/python3.9/site-packages/airflow/example_dags/example_latest_only_with_trigger.py
[2021-07-10 09:57:33,368] {scheduler_job.py:643} INFO - DAG(s) dict_keys(['latest_only_with_trigger']) retrieved from /home/karuturihemanth/.local/lib/python3.9/site-packages/airflow/example_dags/example_latest_only_with_trigger.py
[2021-07-10 09:57:33,377] {logging_mixin.py:104} INFO - [2021-07-10 09:57:33,377] {dag.py:1833} INFO - Sync 1 DAGs
[2021-07-10 09:57:33,384] {logging_mixin.py:104} INFO - [2021-07-10 09:57:33,384] {dag.py:2306} INFO - Setting next_dagrun for latest_only_with_trigger to 2021-07-08 00:00:00+00:00
[2021-07-10 09:57:33,397] {scheduler_job.py:190} INFO - Processing /home/karuturihemanth/.local/lib/python3.9/site-packages/airflow/example_dags/example_latest_only_with_trigger.py took 0.038 seconds
[2021-07-10 09:58:04,615] {scheduler_job.py:182} INFO - Started process (PID=6423) to work on /home/karuturihemanth/.local/lib/python3.9/site-packages/airflow/example_dags/example_latest_only_with_trigger.py
[2021-07-10 09:58:04,616] {scheduler_job.py:633} INFO - Processing file /home/karuturihemanth/.local/lib/python3.9/site-packages/airflow/example_dags/example_latest_only_with_trigger.py for tasks to queue
[2021-07-10 09:58:04,616] {logging_mixin.py:104} INFO - [2021-07-10 09:58:04,616] {dagbag.py:496} INFO - Filling up the DagBag from /home/karuturihemanth/.local/lib/python3.9/site-packages/airflow/example_dags/example_latest_only_with_trigger.py
[2021-07-10 09:58:04,624] {scheduler_job.py:643} INFO - DAG(s) dict_keys(['latest_only_with_trigger']) retrieved from /home/karuturihemanth/.local/lib/python3.9/site-packages/airflow/example_dags/example_latest_only_with_trigger.py
[2021-07-10 09:58:04,634] {logging_mixin.py:104} INFO - [2021-07-10 09:58:04,633] {dag.py:1833} INFO - Sync 1 DAGs
[2021-07-10 09:58:04,641] {logging_mixin.py:104} INFO - [2021-07-10 09:58:04,641] {dag.py:2306} INFO - Setting next_dagrun for latest_only_with_trigger to 2021-07-08 00:00:00+00:00
[2021-07-10 09:58:04,653] {scheduler_job.py:190} INFO - Processing /home/karuturihemanth/.local/lib/python3.9/site-packages/airflow/example_dags/example_latest_only_with_trigger.py took 0.040 seconds
[2021-07-10 09:58:36,485] {scheduler_job.py:182} INFO - Started process (PID=6455) to work on /home/karuturihemanth/.local/lib/python3.9/site-packages/airflow/example_dags/example_latest_only_with_trigger.py
[2021-07-10 09:58:36,486] {scheduler_job.py:633} INFO - Processing file /home/karuturihemanth/.local/lib/python3.9/site-packages/airflow/example_dags/example_latest_only_with_trigger.py for tasks to queue
[2021-07-10 09:58:36,486] {logging_mixin.py:104} INFO - [2021-07-10 09:58:36,486] {dagbag.py:496} INFO - Filling up the DagBag from /home/karuturihemanth/.local/lib/python3.9/site-packages/airflow/example_dags/example_latest_only_with_trigger.py
[2021-07-10 09:58:36,493] {scheduler_job.py:643} INFO - DAG(s) dict_keys(['latest_only_with_trigger']) retrieved from /home/karuturihemanth/.local/lib/python3.9/site-packages/airflow/example_dags/example_latest_only_with_trigger.py
[2021-07-10 09:58:36,502] {logging_mixin.py:104} INFO - [2021-07-10 09:58:36,502] {dag.py:1833} INFO - Sync 1 DAGs
[2021-07-10 09:58:36,510] {logging_mixin.py:104} INFO - [2021-07-10 09:58:36,509] {dag.py:2306} INFO - Setting next_dagrun for latest_only_with_trigger to 2021-07-08 00:00:00+00:00
[2021-07-10 09:58:36,520] {scheduler_job.py:190} INFO - Processing /home/karuturihemanth/.local/lib/python3.9/site-packages/airflow/example_dags/example_latest_only_with_trigger.py took 0.036 seconds
