[2021-07-10 09:54:16,824] {scheduler_job.py:182} INFO - Started process (PID=6205) to work on /home/karuturihemanth/.local/lib/python3.9/site-packages/airflow/example_dags/tutorial_taskflow_api_etl.py
[2021-07-10 09:54:16,825] {scheduler_job.py:633} INFO - Processing file /home/karuturihemanth/.local/lib/python3.9/site-packages/airflow/example_dags/tutorial_taskflow_api_etl.py for tasks to queue
[2021-07-10 09:54:16,825] {logging_mixin.py:104} INFO - [2021-07-10 09:54:16,825] {dagbag.py:496} INFO - Filling up the DagBag from /home/karuturihemanth/.local/lib/python3.9/site-packages/airflow/example_dags/tutorial_taskflow_api_etl.py
[2021-07-10 09:54:16,838] {scheduler_job.py:643} INFO - DAG(s) dict_keys(['tutorial_taskflow_api_etl']) retrieved from /home/karuturihemanth/.local/lib/python3.9/site-packages/airflow/example_dags/tutorial_taskflow_api_etl.py
[2021-07-10 09:54:17,096] {logging_mixin.py:104} INFO - [2021-07-10 09:54:17,096] {dag.py:1833} INFO - Sync 1 DAGs
[2021-07-10 09:54:17,106] {logging_mixin.py:104} INFO - [2021-07-10 09:54:17,106] {dag.py:2306} INFO - Setting next_dagrun for tutorial_taskflow_api_etl to None
[2021-07-10 09:54:17,120] {scheduler_job.py:190} INFO - Processing /home/karuturihemanth/.local/lib/python3.9/site-packages/airflow/example_dags/tutorial_taskflow_api_etl.py took 0.298 seconds
[2021-07-10 09:54:55,111] {scheduler_job.py:182} INFO - Started process (PID=6236) to work on /home/karuturihemanth/.local/lib/python3.9/site-packages/airflow/example_dags/tutorial_taskflow_api_etl.py
[2021-07-10 09:54:55,111] {scheduler_job.py:633} INFO - Processing file /home/karuturihemanth/.local/lib/python3.9/site-packages/airflow/example_dags/tutorial_taskflow_api_etl.py for tasks to queue
[2021-07-10 09:54:55,111] {logging_mixin.py:104} INFO - [2021-07-10 09:54:55,111] {dagbag.py:496} INFO - Filling up the DagBag from /home/karuturihemanth/.local/lib/python3.9/site-packages/airflow/example_dags/tutorial_taskflow_api_etl.py
[2021-07-10 09:54:55,120] {scheduler_job.py:643} INFO - DAG(s) dict_keys(['tutorial_taskflow_api_etl']) retrieved from /home/karuturihemanth/.local/lib/python3.9/site-packages/airflow/example_dags/tutorial_taskflow_api_etl.py
[2021-07-10 09:54:55,350] {logging_mixin.py:104} INFO - [2021-07-10 09:54:55,350] {dag.py:1833} INFO - Sync 1 DAGs
[2021-07-10 09:54:55,356] {logging_mixin.py:104} INFO - [2021-07-10 09:54:55,356] {dag.py:2306} INFO - Setting next_dagrun for tutorial_taskflow_api_etl to None
[2021-07-10 09:54:55,368] {scheduler_job.py:190} INFO - Processing /home/karuturihemanth/.local/lib/python3.9/site-packages/airflow/example_dags/tutorial_taskflow_api_etl.py took 0.259 seconds
[2021-07-10 09:55:27,301] {scheduler_job.py:182} INFO - Started process (PID=6267) to work on /home/karuturihemanth/.local/lib/python3.9/site-packages/airflow/example_dags/tutorial_taskflow_api_etl.py
[2021-07-10 09:55:27,301] {scheduler_job.py:633} INFO - Processing file /home/karuturihemanth/.local/lib/python3.9/site-packages/airflow/example_dags/tutorial_taskflow_api_etl.py for tasks to queue
[2021-07-10 09:55:27,301] {logging_mixin.py:104} INFO - [2021-07-10 09:55:27,301] {dagbag.py:496} INFO - Filling up the DagBag from /home/karuturihemanth/.local/lib/python3.9/site-packages/airflow/example_dags/tutorial_taskflow_api_etl.py
[2021-07-10 09:55:27,311] {scheduler_job.py:643} INFO - DAG(s) dict_keys(['tutorial_taskflow_api_etl']) retrieved from /home/karuturihemanth/.local/lib/python3.9/site-packages/airflow/example_dags/tutorial_taskflow_api_etl.py
[2021-07-10 09:55:27,539] {logging_mixin.py:104} INFO - [2021-07-10 09:55:27,538] {dag.py:1833} INFO - Sync 1 DAGs
[2021-07-10 09:55:27,545] {logging_mixin.py:104} INFO - [2021-07-10 09:55:27,545] {dag.py:2306} INFO - Setting next_dagrun for tutorial_taskflow_api_etl to None
[2021-07-10 09:55:27,558] {scheduler_job.py:190} INFO - Processing /home/karuturihemanth/.local/lib/python3.9/site-packages/airflow/example_dags/tutorial_taskflow_api_etl.py took 0.258 seconds
[2021-07-10 09:55:58,022] {scheduler_job.py:182} INFO - Started process (PID=6299) to work on /home/karuturihemanth/.local/lib/python3.9/site-packages/airflow/example_dags/tutorial_taskflow_api_etl.py
[2021-07-10 09:55:58,022] {scheduler_job.py:633} INFO - Processing file /home/karuturihemanth/.local/lib/python3.9/site-packages/airflow/example_dags/tutorial_taskflow_api_etl.py for tasks to queue
[2021-07-10 09:55:58,023] {logging_mixin.py:104} INFO - [2021-07-10 09:55:58,023] {dagbag.py:496} INFO - Filling up the DagBag from /home/karuturihemanth/.local/lib/python3.9/site-packages/airflow/example_dags/tutorial_taskflow_api_etl.py
[2021-07-10 09:55:58,032] {scheduler_job.py:643} INFO - DAG(s) dict_keys(['tutorial_taskflow_api_etl']) retrieved from /home/karuturihemanth/.local/lib/python3.9/site-packages/airflow/example_dags/tutorial_taskflow_api_etl.py
[2021-07-10 09:55:58,259] {logging_mixin.py:104} INFO - [2021-07-10 09:55:58,259] {dag.py:1833} INFO - Sync 1 DAGs
[2021-07-10 09:55:58,265] {logging_mixin.py:104} INFO - [2021-07-10 09:55:58,265] {dag.py:2306} INFO - Setting next_dagrun for tutorial_taskflow_api_etl to None
[2021-07-10 09:55:58,278] {scheduler_job.py:190} INFO - Processing /home/karuturihemanth/.local/lib/python3.9/site-packages/airflow/example_dags/tutorial_taskflow_api_etl.py took 0.258 seconds
[2021-07-10 09:56:29,621] {scheduler_job.py:182} INFO - Started process (PID=6330) to work on /home/karuturihemanth/.local/lib/python3.9/site-packages/airflow/example_dags/tutorial_taskflow_api_etl.py
[2021-07-10 09:56:29,622] {scheduler_job.py:633} INFO - Processing file /home/karuturihemanth/.local/lib/python3.9/site-packages/airflow/example_dags/tutorial_taskflow_api_etl.py for tasks to queue
[2021-07-10 09:56:29,622] {logging_mixin.py:104} INFO - [2021-07-10 09:56:29,622] {dagbag.py:496} INFO - Filling up the DagBag from /home/karuturihemanth/.local/lib/python3.9/site-packages/airflow/example_dags/tutorial_taskflow_api_etl.py
[2021-07-10 09:56:29,632] {scheduler_job.py:643} INFO - DAG(s) dict_keys(['tutorial_taskflow_api_etl']) retrieved from /home/karuturihemanth/.local/lib/python3.9/site-packages/airflow/example_dags/tutorial_taskflow_api_etl.py
[2021-07-10 09:56:29,871] {logging_mixin.py:104} INFO - [2021-07-10 09:56:29,870] {dag.py:1833} INFO - Sync 1 DAGs
[2021-07-10 09:56:29,877] {logging_mixin.py:104} INFO - [2021-07-10 09:56:29,877] {dag.py:2306} INFO - Setting next_dagrun for tutorial_taskflow_api_etl to None
[2021-07-10 09:56:29,889] {scheduler_job.py:190} INFO - Processing /home/karuturihemanth/.local/lib/python3.9/site-packages/airflow/example_dags/tutorial_taskflow_api_etl.py took 0.270 seconds
[2021-07-10 09:57:02,057] {scheduler_job.py:182} INFO - Started process (PID=6362) to work on /home/karuturihemanth/.local/lib/python3.9/site-packages/airflow/example_dags/tutorial_taskflow_api_etl.py
[2021-07-10 09:57:02,058] {scheduler_job.py:633} INFO - Processing file /home/karuturihemanth/.local/lib/python3.9/site-packages/airflow/example_dags/tutorial_taskflow_api_etl.py for tasks to queue
[2021-07-10 09:57:02,058] {logging_mixin.py:104} INFO - [2021-07-10 09:57:02,058] {dagbag.py:496} INFO - Filling up the DagBag from /home/karuturihemanth/.local/lib/python3.9/site-packages/airflow/example_dags/tutorial_taskflow_api_etl.py
[2021-07-10 09:57:02,067] {scheduler_job.py:643} INFO - DAG(s) dict_keys(['tutorial_taskflow_api_etl']) retrieved from /home/karuturihemanth/.local/lib/python3.9/site-packages/airflow/example_dags/tutorial_taskflow_api_etl.py
[2021-07-10 09:57:02,293] {logging_mixin.py:104} INFO - [2021-07-10 09:57:02,293] {dag.py:1833} INFO - Sync 1 DAGs
[2021-07-10 09:57:02,299] {logging_mixin.py:104} INFO - [2021-07-10 09:57:02,299] {dag.py:2306} INFO - Setting next_dagrun for tutorial_taskflow_api_etl to None
[2021-07-10 09:57:02,312] {scheduler_job.py:190} INFO - Processing /home/karuturihemanth/.local/lib/python3.9/site-packages/airflow/example_dags/tutorial_taskflow_api_etl.py took 0.256 seconds
[2021-07-10 09:57:33,969] {scheduler_job.py:182} INFO - Started process (PID=6393) to work on /home/karuturihemanth/.local/lib/python3.9/site-packages/airflow/example_dags/tutorial_taskflow_api_etl.py
[2021-07-10 09:57:33,969] {scheduler_job.py:633} INFO - Processing file /home/karuturihemanth/.local/lib/python3.9/site-packages/airflow/example_dags/tutorial_taskflow_api_etl.py for tasks to queue
[2021-07-10 09:57:33,969] {logging_mixin.py:104} INFO - [2021-07-10 09:57:33,969] {dagbag.py:496} INFO - Filling up the DagBag from /home/karuturihemanth/.local/lib/python3.9/site-packages/airflow/example_dags/tutorial_taskflow_api_etl.py
[2021-07-10 09:57:33,979] {scheduler_job.py:643} INFO - DAG(s) dict_keys(['tutorial_taskflow_api_etl']) retrieved from /home/karuturihemanth/.local/lib/python3.9/site-packages/airflow/example_dags/tutorial_taskflow_api_etl.py
[2021-07-10 09:57:34,211] {logging_mixin.py:104} INFO - [2021-07-10 09:57:34,211] {dag.py:1833} INFO - Sync 1 DAGs
[2021-07-10 09:57:34,217] {logging_mixin.py:104} INFO - [2021-07-10 09:57:34,217] {dag.py:2306} INFO - Setting next_dagrun for tutorial_taskflow_api_etl to None
[2021-07-10 09:57:34,231] {scheduler_job.py:190} INFO - Processing /home/karuturihemanth/.local/lib/python3.9/site-packages/airflow/example_dags/tutorial_taskflow_api_etl.py took 0.264 seconds
[2021-07-10 09:58:05,228] {scheduler_job.py:182} INFO - Started process (PID=6424) to work on /home/karuturihemanth/.local/lib/python3.9/site-packages/airflow/example_dags/tutorial_taskflow_api_etl.py
[2021-07-10 09:58:05,228] {scheduler_job.py:633} INFO - Processing file /home/karuturihemanth/.local/lib/python3.9/site-packages/airflow/example_dags/tutorial_taskflow_api_etl.py for tasks to queue
[2021-07-10 09:58:05,229] {logging_mixin.py:104} INFO - [2021-07-10 09:58:05,228] {dagbag.py:496} INFO - Filling up the DagBag from /home/karuturihemanth/.local/lib/python3.9/site-packages/airflow/example_dags/tutorial_taskflow_api_etl.py
[2021-07-10 09:58:05,238] {scheduler_job.py:643} INFO - DAG(s) dict_keys(['tutorial_taskflow_api_etl']) retrieved from /home/karuturihemanth/.local/lib/python3.9/site-packages/airflow/example_dags/tutorial_taskflow_api_etl.py
[2021-07-10 09:58:05,463] {logging_mixin.py:104} INFO - [2021-07-10 09:58:05,463] {dag.py:1833} INFO - Sync 1 DAGs
[2021-07-10 09:58:05,469] {logging_mixin.py:104} INFO - [2021-07-10 09:58:05,469] {dag.py:2306} INFO - Setting next_dagrun for tutorial_taskflow_api_etl to None
[2021-07-10 09:58:05,482] {scheduler_job.py:190} INFO - Processing /home/karuturihemanth/.local/lib/python3.9/site-packages/airflow/example_dags/tutorial_taskflow_api_etl.py took 0.256 seconds
[2021-07-10 09:58:35,871] {scheduler_job.py:182} INFO - Started process (PID=6454) to work on /home/karuturihemanth/.local/lib/python3.9/site-packages/airflow/example_dags/tutorial_taskflow_api_etl.py
[2021-07-10 09:58:35,872] {scheduler_job.py:633} INFO - Processing file /home/karuturihemanth/.local/lib/python3.9/site-packages/airflow/example_dags/tutorial_taskflow_api_etl.py for tasks to queue
[2021-07-10 09:58:35,872] {logging_mixin.py:104} INFO - [2021-07-10 09:58:35,872] {dagbag.py:496} INFO - Filling up the DagBag from /home/karuturihemanth/.local/lib/python3.9/site-packages/airflow/example_dags/tutorial_taskflow_api_etl.py
[2021-07-10 09:58:35,882] {scheduler_job.py:643} INFO - DAG(s) dict_keys(['tutorial_taskflow_api_etl']) retrieved from /home/karuturihemanth/.local/lib/python3.9/site-packages/airflow/example_dags/tutorial_taskflow_api_etl.py
[2021-07-10 09:58:36,118] {logging_mixin.py:104} INFO - [2021-07-10 09:58:36,118] {dag.py:1833} INFO - Sync 1 DAGs
[2021-07-10 09:58:36,124] {logging_mixin.py:104} INFO - [2021-07-10 09:58:36,124] {dag.py:2306} INFO - Setting next_dagrun for tutorial_taskflow_api_etl to None
[2021-07-10 09:58:36,138] {scheduler_job.py:190} INFO - Processing /home/karuturihemanth/.local/lib/python3.9/site-packages/airflow/example_dags/tutorial_taskflow_api_etl.py took 0.268 seconds
