[2021-07-10 09:54:11,892] {scheduler_job.py:182} INFO - Started process (PID=6201) to work on /home/karuturihemanth/.local/lib/python3.9/site-packages/airflow/example_dags/tutorial_taskflow_api_etl_virtualenv.py
[2021-07-10 09:54:11,892] {scheduler_job.py:633} INFO - Processing file /home/karuturihemanth/.local/lib/python3.9/site-packages/airflow/example_dags/tutorial_taskflow_api_etl_virtualenv.py for tasks to queue
[2021-07-10 09:54:11,893] {logging_mixin.py:104} INFO - [2021-07-10 09:54:11,893] {dagbag.py:496} INFO - Filling up the DagBag from /home/karuturihemanth/.local/lib/python3.9/site-packages/airflow/example_dags/tutorial_taskflow_api_etl_virtualenv.py
[2021-07-10 09:54:11,906] {scheduler_job.py:643} INFO - DAG(s) dict_keys(['tutorial_taskflow_api_etl_virtualenv']) retrieved from /home/karuturihemanth/.local/lib/python3.9/site-packages/airflow/example_dags/tutorial_taskflow_api_etl_virtualenv.py
[2021-07-10 09:54:12,298] {logging_mixin.py:104} INFO - [2021-07-10 09:54:12,298] {dag.py:1833} INFO - Sync 1 DAGs
[2021-07-10 09:54:12,305] {logging_mixin.py:104} INFO - [2021-07-10 09:54:12,305] {dag.py:2306} INFO - Setting next_dagrun for tutorial_taskflow_api_etl_virtualenv to None
[2021-07-10 09:54:12,318] {scheduler_job.py:190} INFO - Processing /home/karuturihemanth/.local/lib/python3.9/site-packages/airflow/example_dags/tutorial_taskflow_api_etl_virtualenv.py took 0.428 seconds
[2021-07-10 09:54:51,299] {scheduler_job.py:182} INFO - Started process (PID=6232) to work on /home/karuturihemanth/.local/lib/python3.9/site-packages/airflow/example_dags/tutorial_taskflow_api_etl_virtualenv.py
[2021-07-10 09:54:51,300] {scheduler_job.py:633} INFO - Processing file /home/karuturihemanth/.local/lib/python3.9/site-packages/airflow/example_dags/tutorial_taskflow_api_etl_virtualenv.py for tasks to queue
[2021-07-10 09:54:51,300] {logging_mixin.py:104} INFO - [2021-07-10 09:54:51,300] {dagbag.py:496} INFO - Filling up the DagBag from /home/karuturihemanth/.local/lib/python3.9/site-packages/airflow/example_dags/tutorial_taskflow_api_etl_virtualenv.py
[2021-07-10 09:54:51,310] {scheduler_job.py:643} INFO - DAG(s) dict_keys(['tutorial_taskflow_api_etl_virtualenv']) retrieved from /home/karuturihemanth/.local/lib/python3.9/site-packages/airflow/example_dags/tutorial_taskflow_api_etl_virtualenv.py
[2021-07-10 09:54:51,541] {logging_mixin.py:104} INFO - [2021-07-10 09:54:51,541] {dag.py:1833} INFO - Sync 1 DAGs
[2021-07-10 09:54:51,548] {logging_mixin.py:104} INFO - [2021-07-10 09:54:51,548] {dag.py:2306} INFO - Setting next_dagrun for tutorial_taskflow_api_etl_virtualenv to None
[2021-07-10 09:54:51,561] {scheduler_job.py:190} INFO - Processing /home/karuturihemanth/.local/lib/python3.9/site-packages/airflow/example_dags/tutorial_taskflow_api_etl_virtualenv.py took 0.263 seconds
[2021-07-10 09:55:23,286] {scheduler_job.py:182} INFO - Started process (PID=6263) to work on /home/karuturihemanth/.local/lib/python3.9/site-packages/airflow/example_dags/tutorial_taskflow_api_etl_virtualenv.py
[2021-07-10 09:55:23,286] {scheduler_job.py:633} INFO - Processing file /home/karuturihemanth/.local/lib/python3.9/site-packages/airflow/example_dags/tutorial_taskflow_api_etl_virtualenv.py for tasks to queue
[2021-07-10 09:55:23,286] {logging_mixin.py:104} INFO - [2021-07-10 09:55:23,286] {dagbag.py:496} INFO - Filling up the DagBag from /home/karuturihemanth/.local/lib/python3.9/site-packages/airflow/example_dags/tutorial_taskflow_api_etl_virtualenv.py
[2021-07-10 09:55:23,296] {scheduler_job.py:643} INFO - DAG(s) dict_keys(['tutorial_taskflow_api_etl_virtualenv']) retrieved from /home/karuturihemanth/.local/lib/python3.9/site-packages/airflow/example_dags/tutorial_taskflow_api_etl_virtualenv.py
[2021-07-10 09:55:23,529] {logging_mixin.py:104} INFO - [2021-07-10 09:55:23,529] {dag.py:1833} INFO - Sync 1 DAGs
[2021-07-10 09:55:23,536] {logging_mixin.py:104} INFO - [2021-07-10 09:55:23,536] {dag.py:2306} INFO - Setting next_dagrun for tutorial_taskflow_api_etl_virtualenv to None
[2021-07-10 09:55:23,548] {scheduler_job.py:190} INFO - Processing /home/karuturihemanth/.local/lib/python3.9/site-packages/airflow/example_dags/tutorial_taskflow_api_etl_virtualenv.py took 0.264 seconds
[2021-07-10 09:55:54,151] {scheduler_job.py:182} INFO - Started process (PID=6295) to work on /home/karuturihemanth/.local/lib/python3.9/site-packages/airflow/example_dags/tutorial_taskflow_api_etl_virtualenv.py
[2021-07-10 09:55:54,151] {scheduler_job.py:633} INFO - Processing file /home/karuturihemanth/.local/lib/python3.9/site-packages/airflow/example_dags/tutorial_taskflow_api_etl_virtualenv.py for tasks to queue
[2021-07-10 09:55:54,152] {logging_mixin.py:104} INFO - [2021-07-10 09:55:54,152] {dagbag.py:496} INFO - Filling up the DagBag from /home/karuturihemanth/.local/lib/python3.9/site-packages/airflow/example_dags/tutorial_taskflow_api_etl_virtualenv.py
[2021-07-10 09:55:54,162] {scheduler_job.py:643} INFO - DAG(s) dict_keys(['tutorial_taskflow_api_etl_virtualenv']) retrieved from /home/karuturihemanth/.local/lib/python3.9/site-packages/airflow/example_dags/tutorial_taskflow_api_etl_virtualenv.py
[2021-07-10 09:55:54,391] {logging_mixin.py:104} INFO - [2021-07-10 09:55:54,391] {dag.py:1833} INFO - Sync 1 DAGs
[2021-07-10 09:55:54,397] {logging_mixin.py:104} INFO - [2021-07-10 09:55:54,397] {dag.py:2306} INFO - Setting next_dagrun for tutorial_taskflow_api_etl_virtualenv to None
[2021-07-10 09:55:54,411] {scheduler_job.py:190} INFO - Processing /home/karuturihemanth/.local/lib/python3.9/site-packages/airflow/example_dags/tutorial_taskflow_api_etl_virtualenv.py took 0.261 seconds
[2021-07-10 09:56:26,144] {scheduler_job.py:182} INFO - Started process (PID=6326) to work on /home/karuturihemanth/.local/lib/python3.9/site-packages/airflow/example_dags/tutorial_taskflow_api_etl_virtualenv.py
[2021-07-10 09:56:26,145] {scheduler_job.py:633} INFO - Processing file /home/karuturihemanth/.local/lib/python3.9/site-packages/airflow/example_dags/tutorial_taskflow_api_etl_virtualenv.py for tasks to queue
[2021-07-10 09:56:26,145] {logging_mixin.py:104} INFO - [2021-07-10 09:56:26,145] {dagbag.py:496} INFO - Filling up the DagBag from /home/karuturihemanth/.local/lib/python3.9/site-packages/airflow/example_dags/tutorial_taskflow_api_etl_virtualenv.py
[2021-07-10 09:56:26,156] {scheduler_job.py:643} INFO - DAG(s) dict_keys(['tutorial_taskflow_api_etl_virtualenv']) retrieved from /home/karuturihemanth/.local/lib/python3.9/site-packages/airflow/example_dags/tutorial_taskflow_api_etl_virtualenv.py
[2021-07-10 09:56:26,386] {logging_mixin.py:104} INFO - [2021-07-10 09:56:26,385] {dag.py:1833} INFO - Sync 1 DAGs
[2021-07-10 09:56:26,392] {logging_mixin.py:104} INFO - [2021-07-10 09:56:26,392] {dag.py:2306} INFO - Setting next_dagrun for tutorial_taskflow_api_etl_virtualenv to None
[2021-07-10 09:56:26,405] {scheduler_job.py:190} INFO - Processing /home/karuturihemanth/.local/lib/python3.9/site-packages/airflow/example_dags/tutorial_taskflow_api_etl_virtualenv.py took 0.262 seconds
[2021-07-10 09:56:57,206] {scheduler_job.py:182} INFO - Started process (PID=6357) to work on /home/karuturihemanth/.local/lib/python3.9/site-packages/airflow/example_dags/tutorial_taskflow_api_etl_virtualenv.py
[2021-07-10 09:56:57,207] {scheduler_job.py:633} INFO - Processing file /home/karuturihemanth/.local/lib/python3.9/site-packages/airflow/example_dags/tutorial_taskflow_api_etl_virtualenv.py for tasks to queue
[2021-07-10 09:56:57,208] {logging_mixin.py:104} INFO - [2021-07-10 09:56:57,208] {dagbag.py:496} INFO - Filling up the DagBag from /home/karuturihemanth/.local/lib/python3.9/site-packages/airflow/example_dags/tutorial_taskflow_api_etl_virtualenv.py
[2021-07-10 09:56:57,217] {scheduler_job.py:643} INFO - DAG(s) dict_keys(['tutorial_taskflow_api_etl_virtualenv']) retrieved from /home/karuturihemanth/.local/lib/python3.9/site-packages/airflow/example_dags/tutorial_taskflow_api_etl_virtualenv.py
[2021-07-10 09:56:57,444] {logging_mixin.py:104} INFO - [2021-07-10 09:56:57,444] {dag.py:1833} INFO - Sync 1 DAGs
[2021-07-10 09:56:57,450] {logging_mixin.py:104} INFO - [2021-07-10 09:56:57,450] {dag.py:2306} INFO - Setting next_dagrun for tutorial_taskflow_api_etl_virtualenv to None
[2021-07-10 09:56:57,462] {scheduler_job.py:190} INFO - Processing /home/karuturihemanth/.local/lib/python3.9/site-packages/airflow/example_dags/tutorial_taskflow_api_etl_virtualenv.py took 0.258 seconds
[2021-07-10 09:57:28,200] {scheduler_job.py:182} INFO - Started process (PID=6387) to work on /home/karuturihemanth/.local/lib/python3.9/site-packages/airflow/example_dags/tutorial_taskflow_api_etl_virtualenv.py
[2021-07-10 09:57:28,200] {scheduler_job.py:633} INFO - Processing file /home/karuturihemanth/.local/lib/python3.9/site-packages/airflow/example_dags/tutorial_taskflow_api_etl_virtualenv.py for tasks to queue
[2021-07-10 09:57:28,201] {logging_mixin.py:104} INFO - [2021-07-10 09:57:28,201] {dagbag.py:496} INFO - Filling up the DagBag from /home/karuturihemanth/.local/lib/python3.9/site-packages/airflow/example_dags/tutorial_taskflow_api_etl_virtualenv.py
[2021-07-10 09:57:28,211] {scheduler_job.py:643} INFO - DAG(s) dict_keys(['tutorial_taskflow_api_etl_virtualenv']) retrieved from /home/karuturihemanth/.local/lib/python3.9/site-packages/airflow/example_dags/tutorial_taskflow_api_etl_virtualenv.py
[2021-07-10 09:57:28,443] {logging_mixin.py:104} INFO - [2021-07-10 09:57:28,443] {dag.py:1833} INFO - Sync 1 DAGs
[2021-07-10 09:57:28,449] {logging_mixin.py:104} INFO - [2021-07-10 09:57:28,449] {dag.py:2306} INFO - Setting next_dagrun for tutorial_taskflow_api_etl_virtualenv to None
[2021-07-10 09:57:28,461] {scheduler_job.py:190} INFO - Processing /home/karuturihemanth/.local/lib/python3.9/site-packages/airflow/example_dags/tutorial_taskflow_api_etl_virtualenv.py took 0.262 seconds
[2021-07-10 09:57:59,115] {scheduler_job.py:182} INFO - Started process (PID=6418) to work on /home/karuturihemanth/.local/lib/python3.9/site-packages/airflow/example_dags/tutorial_taskflow_api_etl_virtualenv.py
[2021-07-10 09:57:59,115] {scheduler_job.py:633} INFO - Processing file /home/karuturihemanth/.local/lib/python3.9/site-packages/airflow/example_dags/tutorial_taskflow_api_etl_virtualenv.py for tasks to queue
[2021-07-10 09:57:59,116] {logging_mixin.py:104} INFO - [2021-07-10 09:57:59,116] {dagbag.py:496} INFO - Filling up the DagBag from /home/karuturihemanth/.local/lib/python3.9/site-packages/airflow/example_dags/tutorial_taskflow_api_etl_virtualenv.py
[2021-07-10 09:57:59,126] {scheduler_job.py:643} INFO - DAG(s) dict_keys(['tutorial_taskflow_api_etl_virtualenv']) retrieved from /home/karuturihemanth/.local/lib/python3.9/site-packages/airflow/example_dags/tutorial_taskflow_api_etl_virtualenv.py
[2021-07-10 09:57:59,135] {logging_mixin.py:104} INFO - [2021-07-10 09:57:59,135] {dag.py:1833} INFO - Sync 1 DAGs
[2021-07-10 09:57:59,142] {logging_mixin.py:104} INFO - [2021-07-10 09:57:59,142] {dag.py:2306} INFO - Setting next_dagrun for tutorial_taskflow_api_etl_virtualenv to None
[2021-07-10 09:57:59,154] {scheduler_job.py:190} INFO - Processing /home/karuturihemanth/.local/lib/python3.9/site-packages/airflow/example_dags/tutorial_taskflow_api_etl_virtualenv.py took 0.041 seconds
[2021-07-10 09:58:29,381] {scheduler_job.py:182} INFO - Started process (PID=6448) to work on /home/karuturihemanth/.local/lib/python3.9/site-packages/airflow/example_dags/tutorial_taskflow_api_etl_virtualenv.py
[2021-07-10 09:58:29,382] {scheduler_job.py:633} INFO - Processing file /home/karuturihemanth/.local/lib/python3.9/site-packages/airflow/example_dags/tutorial_taskflow_api_etl_virtualenv.py for tasks to queue
[2021-07-10 09:58:29,382] {logging_mixin.py:104} INFO - [2021-07-10 09:58:29,382] {dagbag.py:496} INFO - Filling up the DagBag from /home/karuturihemanth/.local/lib/python3.9/site-packages/airflow/example_dags/tutorial_taskflow_api_etl_virtualenv.py
[2021-07-10 09:58:29,391] {scheduler_job.py:643} INFO - DAG(s) dict_keys(['tutorial_taskflow_api_etl_virtualenv']) retrieved from /home/karuturihemanth/.local/lib/python3.9/site-packages/airflow/example_dags/tutorial_taskflow_api_etl_virtualenv.py
[2021-07-10 09:58:29,619] {logging_mixin.py:104} INFO - [2021-07-10 09:58:29,619] {dag.py:1833} INFO - Sync 1 DAGs
[2021-07-10 09:58:29,625] {logging_mixin.py:104} INFO - [2021-07-10 09:58:29,625] {dag.py:2306} INFO - Setting next_dagrun for tutorial_taskflow_api_etl_virtualenv to None
[2021-07-10 09:58:29,636] {scheduler_job.py:190} INFO - Processing /home/karuturihemanth/.local/lib/python3.9/site-packages/airflow/example_dags/tutorial_taskflow_api_etl_virtualenv.py took 0.257 seconds
[2021-07-10 09:59:00,982] {scheduler_job.py:182} INFO - Started process (PID=6479) to work on /home/karuturihemanth/.local/lib/python3.9/site-packages/airflow/example_dags/tutorial_taskflow_api_etl_virtualenv.py
[2021-07-10 09:59:00,982] {scheduler_job.py:633} INFO - Processing file /home/karuturihemanth/.local/lib/python3.9/site-packages/airflow/example_dags/tutorial_taskflow_api_etl_virtualenv.py for tasks to queue
[2021-07-10 09:59:00,983] {logging_mixin.py:104} INFO - [2021-07-10 09:59:00,983] {dagbag.py:496} INFO - Filling up the DagBag from /home/karuturihemanth/.local/lib/python3.9/site-packages/airflow/example_dags/tutorial_taskflow_api_etl_virtualenv.py
[2021-07-10 09:59:00,992] {scheduler_job.py:643} INFO - DAG(s) dict_keys(['tutorial_taskflow_api_etl_virtualenv']) retrieved from /home/karuturihemanth/.local/lib/python3.9/site-packages/airflow/example_dags/tutorial_taskflow_api_etl_virtualenv.py
[2021-07-10 09:59:01,217] {logging_mixin.py:104} INFO - [2021-07-10 09:59:01,217] {dag.py:1833} INFO - Sync 1 DAGs
[2021-07-10 09:59:01,223] {logging_mixin.py:104} INFO - [2021-07-10 09:59:01,223] {dag.py:2306} INFO - Setting next_dagrun for tutorial_taskflow_api_etl_virtualenv to None
[2021-07-10 09:59:01,235] {scheduler_job.py:190} INFO - Processing /home/karuturihemanth/.local/lib/python3.9/site-packages/airflow/example_dags/tutorial_taskflow_api_etl_virtualenv.py took 0.254 seconds
