[2021-07-10 09:54:14,754] {scheduler_job.py:182} INFO - Started process (PID=6203) to work on /home/karuturihemanth/.local/lib/python3.9/site-packages/airflow/example_dags/tutorial.py
[2021-07-10 09:54:14,755] {scheduler_job.py:633} INFO - Processing file /home/karuturihemanth/.local/lib/python3.9/site-packages/airflow/example_dags/tutorial.py for tasks to queue
[2021-07-10 09:54:14,755] {logging_mixin.py:104} INFO - [2021-07-10 09:54:14,755] {dagbag.py:496} INFO - Filling up the DagBag from /home/karuturihemanth/.local/lib/python3.9/site-packages/airflow/example_dags/tutorial.py
[2021-07-10 09:54:14,762] {scheduler_job.py:643} INFO - DAG(s) dict_keys(['tutorial']) retrieved from /home/karuturihemanth/.local/lib/python3.9/site-packages/airflow/example_dags/tutorial.py
[2021-07-10 09:54:14,992] {logging_mixin.py:104} INFO - [2021-07-10 09:54:14,992] {dag.py:1833} INFO - Sync 1 DAGs
[2021-07-10 09:54:14,999] {logging_mixin.py:104} INFO - [2021-07-10 09:54:14,999] {dag.py:2306} INFO - Setting next_dagrun for tutorial to 2021-07-08 00:00:00+00:00
[2021-07-10 09:54:15,015] {scheduler_job.py:190} INFO - Processing /home/karuturihemanth/.local/lib/python3.9/site-packages/airflow/example_dags/tutorial.py took 0.262 seconds
[2021-07-10 09:54:53,761] {scheduler_job.py:182} INFO - Started process (PID=6234) to work on /home/karuturihemanth/.local/lib/python3.9/site-packages/airflow/example_dags/tutorial.py
[2021-07-10 09:54:53,761] {scheduler_job.py:633} INFO - Processing file /home/karuturihemanth/.local/lib/python3.9/site-packages/airflow/example_dags/tutorial.py for tasks to queue
[2021-07-10 09:54:53,762] {logging_mixin.py:104} INFO - [2021-07-10 09:54:53,762] {dagbag.py:496} INFO - Filling up the DagBag from /home/karuturihemanth/.local/lib/python3.9/site-packages/airflow/example_dags/tutorial.py
[2021-07-10 09:54:53,769] {scheduler_job.py:643} INFO - DAG(s) dict_keys(['tutorial']) retrieved from /home/karuturihemanth/.local/lib/python3.9/site-packages/airflow/example_dags/tutorial.py
[2021-07-10 09:54:53,778] {logging_mixin.py:104} INFO - [2021-07-10 09:54:53,778] {dag.py:1833} INFO - Sync 1 DAGs
[2021-07-10 09:54:53,786] {logging_mixin.py:104} INFO - [2021-07-10 09:54:53,785] {dag.py:2306} INFO - Setting next_dagrun for tutorial to 2021-07-08 00:00:00+00:00
[2021-07-10 09:54:53,798] {scheduler_job.py:190} INFO - Processing /home/karuturihemanth/.local/lib/python3.9/site-packages/airflow/example_dags/tutorial.py took 0.039 seconds
[2021-07-10 09:55:25,031] {scheduler_job.py:182} INFO - Started process (PID=6265) to work on /home/karuturihemanth/.local/lib/python3.9/site-packages/airflow/example_dags/tutorial.py
[2021-07-10 09:55:25,031] {scheduler_job.py:633} INFO - Processing file /home/karuturihemanth/.local/lib/python3.9/site-packages/airflow/example_dags/tutorial.py for tasks to queue
[2021-07-10 09:55:25,031] {logging_mixin.py:104} INFO - [2021-07-10 09:55:25,031] {dagbag.py:496} INFO - Filling up the DagBag from /home/karuturihemanth/.local/lib/python3.9/site-packages/airflow/example_dags/tutorial.py
[2021-07-10 09:55:25,039] {scheduler_job.py:643} INFO - DAG(s) dict_keys(['tutorial']) retrieved from /home/karuturihemanth/.local/lib/python3.9/site-packages/airflow/example_dags/tutorial.py
[2021-07-10 09:55:25,048] {logging_mixin.py:104} INFO - [2021-07-10 09:55:25,048] {dag.py:1833} INFO - Sync 1 DAGs
[2021-07-10 09:55:25,056] {logging_mixin.py:104} INFO - [2021-07-10 09:55:25,056] {dag.py:2306} INFO - Setting next_dagrun for tutorial to 2021-07-08 00:00:00+00:00
[2021-07-10 09:55:25,067] {scheduler_job.py:190} INFO - Processing /home/karuturihemanth/.local/lib/python3.9/site-packages/airflow/example_dags/tutorial.py took 0.038 seconds
[2021-07-10 09:55:55,896] {scheduler_job.py:182} INFO - Started process (PID=6297) to work on /home/karuturihemanth/.local/lib/python3.9/site-packages/airflow/example_dags/tutorial.py
[2021-07-10 09:55:55,897] {scheduler_job.py:633} INFO - Processing file /home/karuturihemanth/.local/lib/python3.9/site-packages/airflow/example_dags/tutorial.py for tasks to queue
[2021-07-10 09:55:55,897] {logging_mixin.py:104} INFO - [2021-07-10 09:55:55,897] {dagbag.py:496} INFO - Filling up the DagBag from /home/karuturihemanth/.local/lib/python3.9/site-packages/airflow/example_dags/tutorial.py
[2021-07-10 09:55:55,904] {scheduler_job.py:643} INFO - DAG(s) dict_keys(['tutorial']) retrieved from /home/karuturihemanth/.local/lib/python3.9/site-packages/airflow/example_dags/tutorial.py
[2021-07-10 09:55:55,913] {logging_mixin.py:104} INFO - [2021-07-10 09:55:55,913] {dag.py:1833} INFO - Sync 1 DAGs
[2021-07-10 09:55:55,920] {logging_mixin.py:104} INFO - [2021-07-10 09:55:55,920] {dag.py:2306} INFO - Setting next_dagrun for tutorial to 2021-07-08 00:00:00+00:00
[2021-07-10 09:55:55,932] {scheduler_job.py:190} INFO - Processing /home/karuturihemanth/.local/lib/python3.9/site-packages/airflow/example_dags/tutorial.py took 0.037 seconds
[2021-07-10 09:56:27,905] {scheduler_job.py:182} INFO - Started process (PID=6328) to work on /home/karuturihemanth/.local/lib/python3.9/site-packages/airflow/example_dags/tutorial.py
[2021-07-10 09:56:27,906] {scheduler_job.py:633} INFO - Processing file /home/karuturihemanth/.local/lib/python3.9/site-packages/airflow/example_dags/tutorial.py for tasks to queue
[2021-07-10 09:56:27,906] {logging_mixin.py:104} INFO - [2021-07-10 09:56:27,906] {dagbag.py:496} INFO - Filling up the DagBag from /home/karuturihemanth/.local/lib/python3.9/site-packages/airflow/example_dags/tutorial.py
[2021-07-10 09:56:27,913] {scheduler_job.py:643} INFO - DAG(s) dict_keys(['tutorial']) retrieved from /home/karuturihemanth/.local/lib/python3.9/site-packages/airflow/example_dags/tutorial.py
[2021-07-10 09:56:27,922] {logging_mixin.py:104} INFO - [2021-07-10 09:56:27,921] {dag.py:1833} INFO - Sync 1 DAGs
[2021-07-10 09:56:27,929] {logging_mixin.py:104} INFO - [2021-07-10 09:56:27,929] {dag.py:2306} INFO - Setting next_dagrun for tutorial to 2021-07-08 00:00:00+00:00
[2021-07-10 09:56:27,939] {scheduler_job.py:190} INFO - Processing /home/karuturihemanth/.local/lib/python3.9/site-packages/airflow/example_dags/tutorial.py took 0.035 seconds
[2021-07-10 09:56:59,798] {scheduler_job.py:182} INFO - Started process (PID=6360) to work on /home/karuturihemanth/.local/lib/python3.9/site-packages/airflow/example_dags/tutorial.py
[2021-07-10 09:56:59,799] {scheduler_job.py:633} INFO - Processing file /home/karuturihemanth/.local/lib/python3.9/site-packages/airflow/example_dags/tutorial.py for tasks to queue
[2021-07-10 09:56:59,800] {logging_mixin.py:104} INFO - [2021-07-10 09:56:59,800] {dagbag.py:496} INFO - Filling up the DagBag from /home/karuturihemanth/.local/lib/python3.9/site-packages/airflow/example_dags/tutorial.py
[2021-07-10 09:56:59,806] {scheduler_job.py:643} INFO - DAG(s) dict_keys(['tutorial']) retrieved from /home/karuturihemanth/.local/lib/python3.9/site-packages/airflow/example_dags/tutorial.py
[2021-07-10 09:56:59,815] {logging_mixin.py:104} INFO - [2021-07-10 09:56:59,815] {dag.py:1833} INFO - Sync 1 DAGs
[2021-07-10 09:56:59,823] {logging_mixin.py:104} INFO - [2021-07-10 09:56:59,823] {dag.py:2306} INFO - Setting next_dagrun for tutorial to 2021-07-08 00:00:00+00:00
[2021-07-10 09:56:59,835] {scheduler_job.py:190} INFO - Processing /home/karuturihemanth/.local/lib/python3.9/site-packages/airflow/example_dags/tutorial.py took 0.038 seconds
[2021-07-10 09:57:31,104] {scheduler_job.py:182} INFO - Started process (PID=6390) to work on /home/karuturihemanth/.local/lib/python3.9/site-packages/airflow/example_dags/tutorial.py
[2021-07-10 09:57:31,105] {scheduler_job.py:633} INFO - Processing file /home/karuturihemanth/.local/lib/python3.9/site-packages/airflow/example_dags/tutorial.py for tasks to queue
[2021-07-10 09:57:31,105] {logging_mixin.py:104} INFO - [2021-07-10 09:57:31,105] {dagbag.py:496} INFO - Filling up the DagBag from /home/karuturihemanth/.local/lib/python3.9/site-packages/airflow/example_dags/tutorial.py
[2021-07-10 09:57:31,112] {scheduler_job.py:643} INFO - DAG(s) dict_keys(['tutorial']) retrieved from /home/karuturihemanth/.local/lib/python3.9/site-packages/airflow/example_dags/tutorial.py
[2021-07-10 09:57:31,121] {logging_mixin.py:104} INFO - [2021-07-10 09:57:31,121] {dag.py:1833} INFO - Sync 1 DAGs
[2021-07-10 09:57:31,128] {logging_mixin.py:104} INFO - [2021-07-10 09:57:31,128] {dag.py:2306} INFO - Setting next_dagrun for tutorial to 2021-07-08 00:00:00+00:00
[2021-07-10 09:57:31,145] {scheduler_job.py:190} INFO - Processing /home/karuturihemanth/.local/lib/python3.9/site-packages/airflow/example_dags/tutorial.py took 0.042 seconds
[2021-07-10 09:58:01,228] {scheduler_job.py:182} INFO - Started process (PID=6420) to work on /home/karuturihemanth/.local/lib/python3.9/site-packages/airflow/example_dags/tutorial.py
[2021-07-10 09:58:01,229] {scheduler_job.py:633} INFO - Processing file /home/karuturihemanth/.local/lib/python3.9/site-packages/airflow/example_dags/tutorial.py for tasks to queue
[2021-07-10 09:58:01,229] {logging_mixin.py:104} INFO - [2021-07-10 09:58:01,229] {dagbag.py:496} INFO - Filling up the DagBag from /home/karuturihemanth/.local/lib/python3.9/site-packages/airflow/example_dags/tutorial.py
[2021-07-10 09:58:01,236] {scheduler_job.py:643} INFO - DAG(s) dict_keys(['tutorial']) retrieved from /home/karuturihemanth/.local/lib/python3.9/site-packages/airflow/example_dags/tutorial.py
[2021-07-10 09:58:01,245] {logging_mixin.py:104} INFO - [2021-07-10 09:58:01,245] {dag.py:1833} INFO - Sync 1 DAGs
[2021-07-10 09:58:01,252] {logging_mixin.py:104} INFO - [2021-07-10 09:58:01,252] {dag.py:2306} INFO - Setting next_dagrun for tutorial to 2021-07-08 00:00:00+00:00
[2021-07-10 09:58:01,264] {scheduler_job.py:190} INFO - Processing /home/karuturihemanth/.local/lib/python3.9/site-packages/airflow/example_dags/tutorial.py took 0.037 seconds
[2021-07-10 09:58:32,487] {scheduler_job.py:182} INFO - Started process (PID=6451) to work on /home/karuturihemanth/.local/lib/python3.9/site-packages/airflow/example_dags/tutorial.py
[2021-07-10 09:58:32,487] {scheduler_job.py:633} INFO - Processing file /home/karuturihemanth/.local/lib/python3.9/site-packages/airflow/example_dags/tutorial.py for tasks to queue
[2021-07-10 09:58:32,487] {logging_mixin.py:104} INFO - [2021-07-10 09:58:32,487] {dagbag.py:496} INFO - Filling up the DagBag from /home/karuturihemanth/.local/lib/python3.9/site-packages/airflow/example_dags/tutorial.py
[2021-07-10 09:58:32,495] {scheduler_job.py:643} INFO - DAG(s) dict_keys(['tutorial']) retrieved from /home/karuturihemanth/.local/lib/python3.9/site-packages/airflow/example_dags/tutorial.py
[2021-07-10 09:58:32,506] {logging_mixin.py:104} INFO - [2021-07-10 09:58:32,506] {dag.py:1833} INFO - Sync 1 DAGs
[2021-07-10 09:58:32,513] {logging_mixin.py:104} INFO - [2021-07-10 09:58:32,513] {dag.py:2306} INFO - Setting next_dagrun for tutorial to 2021-07-08 00:00:00+00:00
[2021-07-10 09:58:32,527] {scheduler_job.py:190} INFO - Processing /home/karuturihemanth/.local/lib/python3.9/site-packages/airflow/example_dags/tutorial.py took 0.042 seconds
[2021-07-10 09:59:04,469] {scheduler_job.py:182} INFO - Started process (PID=6482) to work on /home/karuturihemanth/.local/lib/python3.9/site-packages/airflow/example_dags/tutorial.py
[2021-07-10 09:59:04,470] {scheduler_job.py:633} INFO - Processing file /home/karuturihemanth/.local/lib/python3.9/site-packages/airflow/example_dags/tutorial.py for tasks to queue
[2021-07-10 09:59:04,470] {logging_mixin.py:104} INFO - [2021-07-10 09:59:04,470] {dagbag.py:496} INFO - Filling up the DagBag from /home/karuturihemanth/.local/lib/python3.9/site-packages/airflow/example_dags/tutorial.py
[2021-07-10 09:59:04,477] {scheduler_job.py:643} INFO - DAG(s) dict_keys(['tutorial']) retrieved from /home/karuturihemanth/.local/lib/python3.9/site-packages/airflow/example_dags/tutorial.py
[2021-07-10 09:59:04,486] {logging_mixin.py:104} INFO - [2021-07-10 09:59:04,486] {dag.py:1833} INFO - Sync 1 DAGs
[2021-07-10 09:59:04,493] {logging_mixin.py:104} INFO - [2021-07-10 09:59:04,493] {dag.py:2306} INFO - Setting next_dagrun for tutorial to 2021-07-08 00:00:00+00:00
[2021-07-10 09:59:04,505] {scheduler_job.py:190} INFO - Processing /home/karuturihemanth/.local/lib/python3.9/site-packages/airflow/example_dags/tutorial.py took 0.037 seconds
