[2021-07-10 09:54:13,426] {scheduler_job.py:182} INFO - Started process (PID=6202) to work on /home/karuturihemanth/.local/lib/python3.9/site-packages/airflow/example_dags/tutorial_etl_dag.py
[2021-07-10 09:54:13,426] {scheduler_job.py:633} INFO - Processing file /home/karuturihemanth/.local/lib/python3.9/site-packages/airflow/example_dags/tutorial_etl_dag.py for tasks to queue
[2021-07-10 09:54:13,427] {logging_mixin.py:104} INFO - [2021-07-10 09:54:13,427] {dagbag.py:496} INFO - Filling up the DagBag from /home/karuturihemanth/.local/lib/python3.9/site-packages/airflow/example_dags/tutorial_etl_dag.py
[2021-07-10 09:54:13,433] {scheduler_job.py:643} INFO - DAG(s) dict_keys(['tutorial_etl_dag']) retrieved from /home/karuturihemanth/.local/lib/python3.9/site-packages/airflow/example_dags/tutorial_etl_dag.py
[2021-07-10 09:54:13,660] {logging_mixin.py:104} INFO - [2021-07-10 09:54:13,659] {dag.py:1833} INFO - Sync 1 DAGs
[2021-07-10 09:54:13,666] {logging_mixin.py:104} INFO - [2021-07-10 09:54:13,665] {dag.py:2306} INFO - Setting next_dagrun for tutorial_etl_dag to None
[2021-07-10 09:54:13,679] {scheduler_job.py:190} INFO - Processing /home/karuturihemanth/.local/lib/python3.9/site-packages/airflow/example_dags/tutorial_etl_dag.py took 0.255 seconds
[2021-07-10 09:54:52,627] {scheduler_job.py:182} INFO - Started process (PID=6233) to work on /home/karuturihemanth/.local/lib/python3.9/site-packages/airflow/example_dags/tutorial_etl_dag.py
[2021-07-10 09:54:52,628] {scheduler_job.py:633} INFO - Processing file /home/karuturihemanth/.local/lib/python3.9/site-packages/airflow/example_dags/tutorial_etl_dag.py for tasks to queue
[2021-07-10 09:54:52,628] {logging_mixin.py:104} INFO - [2021-07-10 09:54:52,628] {dagbag.py:496} INFO - Filling up the DagBag from /home/karuturihemanth/.local/lib/python3.9/site-packages/airflow/example_dags/tutorial_etl_dag.py
[2021-07-10 09:54:52,635] {scheduler_job.py:643} INFO - DAG(s) dict_keys(['tutorial_etl_dag']) retrieved from /home/karuturihemanth/.local/lib/python3.9/site-packages/airflow/example_dags/tutorial_etl_dag.py
[2021-07-10 09:54:52,644] {logging_mixin.py:104} INFO - [2021-07-10 09:54:52,644] {dag.py:1833} INFO - Sync 1 DAGs
[2021-07-10 09:54:52,653] {logging_mixin.py:104} INFO - [2021-07-10 09:54:52,653] {dag.py:2306} INFO - Setting next_dagrun for tutorial_etl_dag to None
[2021-07-10 09:54:52,665] {scheduler_job.py:190} INFO - Processing /home/karuturihemanth/.local/lib/python3.9/site-packages/airflow/example_dags/tutorial_etl_dag.py took 0.039 seconds
[2021-07-10 09:55:24,614] {scheduler_job.py:182} INFO - Started process (PID=6264) to work on /home/karuturihemanth/.local/lib/python3.9/site-packages/airflow/example_dags/tutorial_etl_dag.py
[2021-07-10 09:55:24,614] {scheduler_job.py:633} INFO - Processing file /home/karuturihemanth/.local/lib/python3.9/site-packages/airflow/example_dags/tutorial_etl_dag.py for tasks to queue
[2021-07-10 09:55:24,615] {logging_mixin.py:104} INFO - [2021-07-10 09:55:24,615] {dagbag.py:496} INFO - Filling up the DagBag from /home/karuturihemanth/.local/lib/python3.9/site-packages/airflow/example_dags/tutorial_etl_dag.py
[2021-07-10 09:55:24,621] {scheduler_job.py:643} INFO - DAG(s) dict_keys(['tutorial_etl_dag']) retrieved from /home/karuturihemanth/.local/lib/python3.9/site-packages/airflow/example_dags/tutorial_etl_dag.py
[2021-07-10 09:55:24,630] {logging_mixin.py:104} INFO - [2021-07-10 09:55:24,630] {dag.py:1833} INFO - Sync 1 DAGs
[2021-07-10 09:55:24,637] {logging_mixin.py:104} INFO - [2021-07-10 09:55:24,637] {dag.py:2306} INFO - Setting next_dagrun for tutorial_etl_dag to None
[2021-07-10 09:55:24,649] {scheduler_job.py:190} INFO - Processing /home/karuturihemanth/.local/lib/python3.9/site-packages/airflow/example_dags/tutorial_etl_dag.py took 0.037 seconds
[2021-07-10 09:55:55,480] {scheduler_job.py:182} INFO - Started process (PID=6296) to work on /home/karuturihemanth/.local/lib/python3.9/site-packages/airflow/example_dags/tutorial_etl_dag.py
[2021-07-10 09:55:55,480] {scheduler_job.py:633} INFO - Processing file /home/karuturihemanth/.local/lib/python3.9/site-packages/airflow/example_dags/tutorial_etl_dag.py for tasks to queue
[2021-07-10 09:55:55,480] {logging_mixin.py:104} INFO - [2021-07-10 09:55:55,480] {dagbag.py:496} INFO - Filling up the DagBag from /home/karuturihemanth/.local/lib/python3.9/site-packages/airflow/example_dags/tutorial_etl_dag.py
[2021-07-10 09:55:55,487] {scheduler_job.py:643} INFO - DAG(s) dict_keys(['tutorial_etl_dag']) retrieved from /home/karuturihemanth/.local/lib/python3.9/site-packages/airflow/example_dags/tutorial_etl_dag.py
[2021-07-10 09:55:55,496] {logging_mixin.py:104} INFO - [2021-07-10 09:55:55,496] {dag.py:1833} INFO - Sync 1 DAGs
[2021-07-10 09:55:55,504] {logging_mixin.py:104} INFO - [2021-07-10 09:55:55,504] {dag.py:2306} INFO - Setting next_dagrun for tutorial_etl_dag to None
[2021-07-10 09:55:55,516] {scheduler_job.py:190} INFO - Processing /home/karuturihemanth/.local/lib/python3.9/site-packages/airflow/example_dags/tutorial_etl_dag.py took 0.038 seconds
[2021-07-10 09:56:26,764] {scheduler_job.py:182} INFO - Started process (PID=6327) to work on /home/karuturihemanth/.local/lib/python3.9/site-packages/airflow/example_dags/tutorial_etl_dag.py
[2021-07-10 09:56:26,765] {scheduler_job.py:633} INFO - Processing file /home/karuturihemanth/.local/lib/python3.9/site-packages/airflow/example_dags/tutorial_etl_dag.py for tasks to queue
[2021-07-10 09:56:26,765] {logging_mixin.py:104} INFO - [2021-07-10 09:56:26,765] {dagbag.py:496} INFO - Filling up the DagBag from /home/karuturihemanth/.local/lib/python3.9/site-packages/airflow/example_dags/tutorial_etl_dag.py
[2021-07-10 09:56:26,772] {scheduler_job.py:643} INFO - DAG(s) dict_keys(['tutorial_etl_dag']) retrieved from /home/karuturihemanth/.local/lib/python3.9/site-packages/airflow/example_dags/tutorial_etl_dag.py
[2021-07-10 09:56:26,780] {logging_mixin.py:104} INFO - [2021-07-10 09:56:26,780] {dag.py:1833} INFO - Sync 1 DAGs
[2021-07-10 09:56:26,787] {logging_mixin.py:104} INFO - [2021-07-10 09:56:26,787] {dag.py:2306} INFO - Setting next_dagrun for tutorial_etl_dag to None
[2021-07-10 09:56:26,800] {scheduler_job.py:190} INFO - Processing /home/karuturihemanth/.local/lib/python3.9/site-packages/airflow/example_dags/tutorial_etl_dag.py took 0.037 seconds
[2021-07-10 09:56:57,815] {scheduler_job.py:182} INFO - Started process (PID=6358) to work on /home/karuturihemanth/.local/lib/python3.9/site-packages/airflow/example_dags/tutorial_etl_dag.py
[2021-07-10 09:56:57,816] {scheduler_job.py:633} INFO - Processing file /home/karuturihemanth/.local/lib/python3.9/site-packages/airflow/example_dags/tutorial_etl_dag.py for tasks to queue
[2021-07-10 09:56:57,816] {logging_mixin.py:104} INFO - [2021-07-10 09:56:57,816] {dagbag.py:496} INFO - Filling up the DagBag from /home/karuturihemanth/.local/lib/python3.9/site-packages/airflow/example_dags/tutorial_etl_dag.py
[2021-07-10 09:56:57,823] {scheduler_job.py:643} INFO - DAG(s) dict_keys(['tutorial_etl_dag']) retrieved from /home/karuturihemanth/.local/lib/python3.9/site-packages/airflow/example_dags/tutorial_etl_dag.py
[2021-07-10 09:56:57,832] {logging_mixin.py:104} INFO - [2021-07-10 09:56:57,832] {dag.py:1833} INFO - Sync 1 DAGs
[2021-07-10 09:56:57,840] {logging_mixin.py:104} INFO - [2021-07-10 09:56:57,840] {dag.py:2306} INFO - Setting next_dagrun for tutorial_etl_dag to None
[2021-07-10 09:56:57,852] {scheduler_job.py:190} INFO - Processing /home/karuturihemanth/.local/lib/python3.9/site-packages/airflow/example_dags/tutorial_etl_dag.py took 0.039 seconds
[2021-07-10 09:57:28,821] {scheduler_job.py:182} INFO - Started process (PID=6388) to work on /home/karuturihemanth/.local/lib/python3.9/site-packages/airflow/example_dags/tutorial_etl_dag.py
[2021-07-10 09:57:28,822] {scheduler_job.py:633} INFO - Processing file /home/karuturihemanth/.local/lib/python3.9/site-packages/airflow/example_dags/tutorial_etl_dag.py for tasks to queue
[2021-07-10 09:57:28,822] {logging_mixin.py:104} INFO - [2021-07-10 09:57:28,822] {dagbag.py:496} INFO - Filling up the DagBag from /home/karuturihemanth/.local/lib/python3.9/site-packages/airflow/example_dags/tutorial_etl_dag.py
[2021-07-10 09:57:28,830] {scheduler_job.py:643} INFO - DAG(s) dict_keys(['tutorial_etl_dag']) retrieved from /home/karuturihemanth/.local/lib/python3.9/site-packages/airflow/example_dags/tutorial_etl_dag.py
[2021-07-10 09:57:28,839] {logging_mixin.py:104} INFO - [2021-07-10 09:57:28,839] {dag.py:1833} INFO - Sync 1 DAGs
[2021-07-10 09:57:28,850] {logging_mixin.py:104} INFO - [2021-07-10 09:57:28,850] {dag.py:2306} INFO - Setting next_dagrun for tutorial_etl_dag to None
[2021-07-10 09:57:28,863] {scheduler_job.py:190} INFO - Processing /home/karuturihemanth/.local/lib/python3.9/site-packages/airflow/example_dags/tutorial_etl_dag.py took 0.044 seconds
[2021-07-10 09:58:00,083] {scheduler_job.py:182} INFO - Started process (PID=6419) to work on /home/karuturihemanth/.local/lib/python3.9/site-packages/airflow/example_dags/tutorial_etl_dag.py
[2021-07-10 09:58:00,084] {scheduler_job.py:633} INFO - Processing file /home/karuturihemanth/.local/lib/python3.9/site-packages/airflow/example_dags/tutorial_etl_dag.py for tasks to queue
[2021-07-10 09:58:00,084] {logging_mixin.py:104} INFO - [2021-07-10 09:58:00,084] {dagbag.py:496} INFO - Filling up the DagBag from /home/karuturihemanth/.local/lib/python3.9/site-packages/airflow/example_dags/tutorial_etl_dag.py
[2021-07-10 09:58:00,091] {scheduler_job.py:643} INFO - DAG(s) dict_keys(['tutorial_etl_dag']) retrieved from /home/karuturihemanth/.local/lib/python3.9/site-packages/airflow/example_dags/tutorial_etl_dag.py
[2021-07-10 09:58:00,100] {logging_mixin.py:104} INFO - [2021-07-10 09:58:00,100] {dag.py:1833} INFO - Sync 1 DAGs
[2021-07-10 09:58:00,107] {logging_mixin.py:104} INFO - [2021-07-10 09:58:00,107] {dag.py:2306} INFO - Setting next_dagrun for tutorial_etl_dag to None
[2021-07-10 09:58:00,119] {scheduler_job.py:190} INFO - Processing /home/karuturihemanth/.local/lib/python3.9/site-packages/airflow/example_dags/tutorial_etl_dag.py took 0.037 seconds
[2021-07-10 09:58:31,339] {scheduler_job.py:182} INFO - Started process (PID=6450) to work on /home/karuturihemanth/.local/lib/python3.9/site-packages/airflow/example_dags/tutorial_etl_dag.py
[2021-07-10 09:58:31,340] {scheduler_job.py:633} INFO - Processing file /home/karuturihemanth/.local/lib/python3.9/site-packages/airflow/example_dags/tutorial_etl_dag.py for tasks to queue
[2021-07-10 09:58:31,340] {logging_mixin.py:104} INFO - [2021-07-10 09:58:31,340] {dagbag.py:496} INFO - Filling up the DagBag from /home/karuturihemanth/.local/lib/python3.9/site-packages/airflow/example_dags/tutorial_etl_dag.py
[2021-07-10 09:58:31,348] {scheduler_job.py:643} INFO - DAG(s) dict_keys(['tutorial_etl_dag']) retrieved from /home/karuturihemanth/.local/lib/python3.9/site-packages/airflow/example_dags/tutorial_etl_dag.py
[2021-07-10 09:58:31,357] {logging_mixin.py:104} INFO - [2021-07-10 09:58:31,357] {dag.py:1833} INFO - Sync 1 DAGs
[2021-07-10 09:58:31,366] {logging_mixin.py:104} INFO - [2021-07-10 09:58:31,366] {dag.py:2306} INFO - Setting next_dagrun for tutorial_etl_dag to None
[2021-07-10 09:58:31,379] {scheduler_job.py:190} INFO - Processing /home/karuturihemanth/.local/lib/python3.9/site-packages/airflow/example_dags/tutorial_etl_dag.py took 0.042 seconds
[2021-07-10 09:59:03,341] {scheduler_job.py:182} INFO - Started process (PID=6481) to work on /home/karuturihemanth/.local/lib/python3.9/site-packages/airflow/example_dags/tutorial_etl_dag.py
[2021-07-10 09:59:03,342] {scheduler_job.py:633} INFO - Processing file /home/karuturihemanth/.local/lib/python3.9/site-packages/airflow/example_dags/tutorial_etl_dag.py for tasks to queue
[2021-07-10 09:59:03,342] {logging_mixin.py:104} INFO - [2021-07-10 09:59:03,342] {dagbag.py:496} INFO - Filling up the DagBag from /home/karuturihemanth/.local/lib/python3.9/site-packages/airflow/example_dags/tutorial_etl_dag.py
[2021-07-10 09:59:03,349] {scheduler_job.py:643} INFO - DAG(s) dict_keys(['tutorial_etl_dag']) retrieved from /home/karuturihemanth/.local/lib/python3.9/site-packages/airflow/example_dags/tutorial_etl_dag.py
[2021-07-10 09:59:03,357] {logging_mixin.py:104} INFO - [2021-07-10 09:59:03,357] {dag.py:1833} INFO - Sync 1 DAGs
[2021-07-10 09:59:03,364] {logging_mixin.py:104} INFO - [2021-07-10 09:59:03,364] {dag.py:2306} INFO - Setting next_dagrun for tutorial_etl_dag to None
[2021-07-10 09:59:03,377] {scheduler_job.py:190} INFO - Processing /home/karuturihemanth/.local/lib/python3.9/site-packages/airflow/example_dags/tutorial_etl_dag.py took 0.037 seconds
