[2021-07-18 07:54:29,463] {taskinstance.py:896} INFO - Dependencies all met for <TaskInstance: autobot.connect_db 2021-07-18T07:54:25.449895+00:00 [queued]>
[2021-07-18 07:54:29,627] {taskinstance.py:896} INFO - Dependencies all met for <TaskInstance: autobot.connect_db 2021-07-18T07:54:25.449895+00:00 [queued]>
[2021-07-18 07:54:29,628] {taskinstance.py:1087} INFO - 
--------------------------------------------------------------------------------
[2021-07-18 07:54:29,628] {taskinstance.py:1088} INFO - Starting attempt 1 of 1
[2021-07-18 07:54:29,628] {taskinstance.py:1089} INFO - 
--------------------------------------------------------------------------------
[2021-07-18 07:54:29,980] {taskinstance.py:1107} INFO - Executing <Task(PythonOperator): connect_db> on 2021-07-18T07:54:25.449895+00:00
[2021-07-18 07:54:29,984] {standard_task_runner.py:52} INFO - Started process 6974 to run task
[2021-07-18 07:54:29,989] {standard_task_runner.py:76} INFO - Running: ['airflow', 'tasks', 'run', 'autobot', 'connect_db', '2021-07-18T07:54:25.449895+00:00', '--job-id', '61', '--pool', 'default_pool', '--raw', '--subdir', 'DAGS_FOLDER/AutoBot.py', '--cfg-path', '/tmp/tmpej4pl6j1', '--error-file', '/tmp/tmpctyh97_o']
[2021-07-18 07:54:29,990] {standard_task_runner.py:77} INFO - Job 61: Subtask connect_db
[2021-07-18 07:54:31,195] {logging_mixin.py:104} INFO - Running <TaskInstance: autobot.connect_db 2021-07-18T07:54:25.449895+00:00 [running]> on host apache-airflow.us-central1-a.c.eminent-it-info.internal
[2021-07-18 07:54:32,745] {taskinstance.py:1300} INFO - Exporting the following env vars:
AIRFLOW_CTX_DAG_OWNER=airflow
AIRFLOW_CTX_DAG_ID=autobot
AIRFLOW_CTX_TASK_ID=connect_db
AIRFLOW_CTX_EXECUTION_DATE=2021-07-18T07:54:25.449895+00:00
AIRFLOW_CTX_DAG_RUN_ID=manual__2021-07-18T07:54:25.449895+00:00
[2021-07-18 07:54:32,746] {xcom.py:228} ERROR - Could not serialize the XCom value into JSON. If you are using pickle instead of JSON for XCom, then you need to enable pickle support for XCom in your airflow config.
[2021-07-18 07:54:32,747] {taskinstance.py:1501} ERROR - Task failed with exception
Traceback (most recent call last):
  File "/home/karuturihemanth/airflow_env/lib/python3.9/site-packages/airflow/models/taskinstance.py", line 1157, in _run_raw_task
    self._prepare_and_execute_task_with_callbacks(context, task)
  File "/home/karuturihemanth/airflow_env/lib/python3.9/site-packages/airflow/models/taskinstance.py", line 1331, in _prepare_and_execute_task_with_callbacks
    result = self._execute_task(context, task_copy)
  File "/home/karuturihemanth/airflow_env/lib/python3.9/site-packages/airflow/models/taskinstance.py", line 1361, in _execute_task
    result = task_copy.execute(context=context)
  File "/home/karuturihemanth/airflow_env/lib/python3.9/site-packages/airflow/operators/python.py", line 150, in execute
    return_value = self.execute_callable()
  File "/home/karuturihemanth/airflow_env/lib/python3.9/site-packages/airflow/operators/python.py", line 161, in execute_callable
    return self.python_callable(*self.op_args, **self.op_kwargs)
  File "/home/karuturihemanth/airflow/dags/modes/report_automator.py", line 16, in set_connection
    ti.xcom_push(key='cursor', value=kwargs)
  File "/home/karuturihemanth/airflow_env/lib/python3.9/site-packages/airflow/utils/session.py", line 70, in wrapper
    return func(*args, session=session, **kwargs)
  File "/home/karuturihemanth/airflow_env/lib/python3.9/site-packages/airflow/models/taskinstance.py", line 1939, in xcom_push
    XCom.set(
  File "/home/karuturihemanth/airflow_env/lib/python3.9/site-packages/airflow/utils/session.py", line 67, in wrapper
    return func(*args, **kwargs)
  File "/home/karuturihemanth/airflow_env/lib/python3.9/site-packages/airflow/models/xcom.py", line 79, in set
    value = XCom.serialize_value(value)
  File "/home/karuturihemanth/airflow_env/lib/python3.9/site-packages/airflow/models/xcom.py", line 226, in serialize_value
    return json.dumps(value).encode('UTF-8')
  File "/usr/lib/python3.9/json/__init__.py", line 231, in dumps
    return _default_encoder.encode(obj)
  File "/usr/lib/python3.9/json/encoder.py", line 199, in encode
    chunks = self.iterencode(o, _one_shot=True)
  File "/usr/lib/python3.9/json/encoder.py", line 257, in iterencode
    return _iterencode(o, 0)
  File "/usr/lib/python3.9/json/encoder.py", line 179, in default
    raise TypeError(f'Object of type {o.__class__.__name__} '
TypeError: Object of type AirflowConfigParser is not JSON serializable
[2021-07-18 07:54:32,754] {taskinstance.py:1544} INFO - Marking task as FAILED. dag_id=autobot, task_id=connect_db, execution_date=20210718T075425, start_date=20210718T075429, end_date=20210718T075432
[2021-07-18 07:54:33,172] {local_task_job.py:151} INFO - Task exited with return code 1
