[2021-07-23 12:11:17,910] {taskinstance.py:896} INFO - Dependencies all met for <TaskInstance: autobot.qc_check 2021-07-21T00:00:00+00:00 [queued]>
[2021-07-23 12:11:18,310] {taskinstance.py:896} INFO - Dependencies all met for <TaskInstance: autobot.qc_check 2021-07-21T00:00:00+00:00 [queued]>
[2021-07-23 12:11:18,310] {taskinstance.py:1087} INFO - 
--------------------------------------------------------------------------------
[2021-07-23 12:11:18,310] {taskinstance.py:1088} INFO - Starting attempt 1 of 1
[2021-07-23 12:11:18,310] {taskinstance.py:1089} INFO - 
--------------------------------------------------------------------------------
[2021-07-23 12:11:18,452] {taskinstance.py:1107} INFO - Executing <Task(BranchPythonOperator): qc_check> on 2021-07-21T00:00:00+00:00
[2021-07-23 12:11:18,458] {standard_task_runner.py:52} INFO - Started process 895 to run task
[2021-07-23 12:11:18,466] {standard_task_runner.py:76} INFO - Running: ['airflow', 'tasks', 'run', 'autobot', 'qc_check', '2021-07-21T00:00:00+00:00', '--job-id', '166', '--pool', 'default_pool', '--raw', '--subdir', 'DAGS_FOLDER/AutoBot.py', '--cfg-path', '/tmp/tmppt4powh1', '--error-file', '/tmp/tmpewp3778v']
[2021-07-23 12:11:18,467] {standard_task_runner.py:77} INFO - Job 166: Subtask qc_check
[2021-07-23 12:11:19,697] {logging_mixin.py:104} INFO - Running <TaskInstance: autobot.qc_check 2021-07-21T00:00:00+00:00 [running]> on host apache-airflow.us-central1-a.c.eminent-it-info.internal
[2021-07-23 12:11:21,288] {taskinstance.py:1300} INFO - Exporting the following env vars:
AIRFLOW_CTX_DAG_OWNER=airflow
AIRFLOW_CTX_DAG_ID=autobot
AIRFLOW_CTX_TASK_ID=qc_check
AIRFLOW_CTX_EXECUTION_DATE=2021-07-21T00:00:00+00:00
AIRFLOW_CTX_DAG_RUN_ID=scheduled__2021-07-21T00:00:00+00:00
[2021-07-23 12:11:21,305] {python.py:151} INFO - Done. Returned value was: upload_to_haft
[2021-07-23 12:11:21,305] {skipmixin.py:124} INFO - Following branch upload_to_haft
[2021-07-23 12:11:21,607] {skipmixin.py:155} INFO - Skipping tasks ['send_qc_failed_alert']
[2021-07-23 12:11:23,315] {taskinstance.py:1204} INFO - Marking task as SUCCESS. dag_id=autobot, task_id=qc_check, execution_date=20210721T000000, start_date=20210723T121117, end_date=20210723T121123
[2021-07-23 12:11:24,252] {taskinstance.py:1265} INFO - 0 downstream tasks scheduled from follow-on schedule check
[2021-07-23 12:11:24,352] {local_task_job.py:151} INFO - Task exited with return code 0
