[2021-07-16 03:23:43,448] {scheduler_job.py:182} INFO - Started process (PID=1099) to work on /home/karuturihemanth/airflow_env/lib/python3.9/site-packages/airflow/example_dags/example_complex.py
[2021-07-16 03:23:43,449] {scheduler_job.py:633} INFO - Processing file /home/karuturihemanth/airflow_env/lib/python3.9/site-packages/airflow/example_dags/example_complex.py for tasks to queue
[2021-07-16 03:23:43,450] {logging_mixin.py:104} INFO - [2021-07-16 03:23:43,450] {dagbag.py:496} INFO - Filling up the DagBag from /home/karuturihemanth/airflow_env/lib/python3.9/site-packages/airflow/example_dags/example_complex.py
[2021-07-16 03:23:43,465] {scheduler_job.py:643} INFO - DAG(s) dict_keys(['example_complex']) retrieved from /home/karuturihemanth/airflow_env/lib/python3.9/site-packages/airflow/example_dags/example_complex.py
[2021-07-16 03:23:43,700] {logging_mixin.py:104} INFO - [2021-07-16 03:23:43,700] {dag.py:1833} INFO - Sync 1 DAGs
[2021-07-16 03:23:43,707] {logging_mixin.py:104} INFO - [2021-07-16 03:23:43,707] {dag.py:2306} INFO - Setting next_dagrun for example_complex to None
[2021-07-16 03:23:43,720] {scheduler_job.py:190} INFO - Processing /home/karuturihemanth/airflow_env/lib/python3.9/site-packages/airflow/example_dags/example_complex.py took 0.274 seconds
[2021-07-16 03:24:19,429] {scheduler_job.py:182} INFO - Started process (PID=1143) to work on /home/karuturihemanth/airflow_env/lib/python3.9/site-packages/airflow/example_dags/example_complex.py
[2021-07-16 03:24:19,430] {scheduler_job.py:633} INFO - Processing file /home/karuturihemanth/airflow_env/lib/python3.9/site-packages/airflow/example_dags/example_complex.py for tasks to queue
[2021-07-16 03:24:19,430] {logging_mixin.py:104} INFO - [2021-07-16 03:24:19,430] {dagbag.py:496} INFO - Filling up the DagBag from /home/karuturihemanth/airflow_env/lib/python3.9/site-packages/airflow/example_dags/example_complex.py
[2021-07-16 03:24:19,445] {scheduler_job.py:643} INFO - DAG(s) dict_keys(['example_complex']) retrieved from /home/karuturihemanth/airflow_env/lib/python3.9/site-packages/airflow/example_dags/example_complex.py
[2021-07-16 03:24:19,461] {logging_mixin.py:104} INFO - [2021-07-16 03:24:19,461] {dag.py:1833} INFO - Sync 1 DAGs
[2021-07-16 03:24:19,470] {logging_mixin.py:104} INFO - [2021-07-16 03:24:19,470] {dag.py:2306} INFO - Setting next_dagrun for example_complex to None
[2021-07-16 03:24:19,482] {scheduler_job.py:190} INFO - Processing /home/karuturihemanth/airflow_env/lib/python3.9/site-packages/airflow/example_dags/example_complex.py took 0.056 seconds
[2021-07-16 03:24:56,681] {scheduler_job.py:182} INFO - Started process (PID=1179) to work on /home/karuturihemanth/airflow_env/lib/python3.9/site-packages/airflow/example_dags/example_complex.py
[2021-07-16 03:24:56,684] {scheduler_job.py:633} INFO - Processing file /home/karuturihemanth/airflow_env/lib/python3.9/site-packages/airflow/example_dags/example_complex.py for tasks to queue
[2021-07-16 03:24:56,685] {logging_mixin.py:104} INFO - [2021-07-16 03:24:56,685] {dagbag.py:496} INFO - Filling up the DagBag from /home/karuturihemanth/airflow_env/lib/python3.9/site-packages/airflow/example_dags/example_complex.py
[2021-07-16 03:24:56,703] {scheduler_job.py:643} INFO - DAG(s) dict_keys(['example_complex']) retrieved from /home/karuturihemanth/airflow_env/lib/python3.9/site-packages/airflow/example_dags/example_complex.py
[2021-07-16 03:24:56,721] {logging_mixin.py:104} INFO - [2021-07-16 03:24:56,721] {dag.py:1833} INFO - Sync 1 DAGs
[2021-07-16 03:24:56,731] {logging_mixin.py:104} INFO - [2021-07-16 03:24:56,731] {dag.py:2306} INFO - Setting next_dagrun for example_complex to None
[2021-07-16 03:24:56,743] {scheduler_job.py:190} INFO - Processing /home/karuturihemanth/airflow_env/lib/python3.9/site-packages/airflow/example_dags/example_complex.py took 0.065 seconds
[2021-07-16 03:25:31,480] {scheduler_job.py:182} INFO - Started process (PID=1214) to work on /home/karuturihemanth/airflow_env/lib/python3.9/site-packages/airflow/example_dags/example_complex.py
[2021-07-16 03:25:31,481] {scheduler_job.py:633} INFO - Processing file /home/karuturihemanth/airflow_env/lib/python3.9/site-packages/airflow/example_dags/example_complex.py for tasks to queue
[2021-07-16 03:25:31,482] {logging_mixin.py:104} INFO - [2021-07-16 03:25:31,481] {dagbag.py:496} INFO - Filling up the DagBag from /home/karuturihemanth/airflow_env/lib/python3.9/site-packages/airflow/example_dags/example_complex.py
[2021-07-16 03:25:31,496] {scheduler_job.py:643} INFO - DAG(s) dict_keys(['example_complex']) retrieved from /home/karuturihemanth/airflow_env/lib/python3.9/site-packages/airflow/example_dags/example_complex.py
[2021-07-16 03:25:31,513] {logging_mixin.py:104} INFO - [2021-07-16 03:25:31,513] {dag.py:1833} INFO - Sync 1 DAGs
[2021-07-16 03:25:31,522] {logging_mixin.py:104} INFO - [2021-07-16 03:25:31,522] {dag.py:2306} INFO - Setting next_dagrun for example_complex to None
[2021-07-16 03:25:31,534] {scheduler_job.py:190} INFO - Processing /home/karuturihemanth/airflow_env/lib/python3.9/site-packages/airflow/example_dags/example_complex.py took 0.057 seconds
[2021-07-16 03:26:06,246] {scheduler_job.py:182} INFO - Started process (PID=1248) to work on /home/karuturihemanth/airflow_env/lib/python3.9/site-packages/airflow/example_dags/example_complex.py
[2021-07-16 03:26:06,247] {scheduler_job.py:633} INFO - Processing file /home/karuturihemanth/airflow_env/lib/python3.9/site-packages/airflow/example_dags/example_complex.py for tasks to queue
[2021-07-16 03:26:06,248] {logging_mixin.py:104} INFO - [2021-07-16 03:26:06,248] {dagbag.py:496} INFO - Filling up the DagBag from /home/karuturihemanth/airflow_env/lib/python3.9/site-packages/airflow/example_dags/example_complex.py
[2021-07-16 03:26:06,263] {scheduler_job.py:643} INFO - DAG(s) dict_keys(['example_complex']) retrieved from /home/karuturihemanth/airflow_env/lib/python3.9/site-packages/airflow/example_dags/example_complex.py
[2021-07-16 03:26:06,279] {logging_mixin.py:104} INFO - [2021-07-16 03:26:06,279] {dag.py:1833} INFO - Sync 1 DAGs
[2021-07-16 03:26:06,288] {logging_mixin.py:104} INFO - [2021-07-16 03:26:06,288] {dag.py:2306} INFO - Setting next_dagrun for example_complex to None
[2021-07-16 03:26:06,300] {scheduler_job.py:190} INFO - Processing /home/karuturihemanth/airflow_env/lib/python3.9/site-packages/airflow/example_dags/example_complex.py took 0.057 seconds
[2021-07-16 03:27:01,582] {scheduler_job.py:182} INFO - Started process (PID=1298) to work on /home/karuturihemanth/airflow_env/lib/python3.9/site-packages/airflow/example_dags/example_complex.py
[2021-07-16 03:27:01,583] {scheduler_job.py:633} INFO - Processing file /home/karuturihemanth/airflow_env/lib/python3.9/site-packages/airflow/example_dags/example_complex.py for tasks to queue
[2021-07-16 03:27:01,584] {logging_mixin.py:104} INFO - [2021-07-16 03:27:01,584] {dagbag.py:496} INFO - Filling up the DagBag from /home/karuturihemanth/airflow_env/lib/python3.9/site-packages/airflow/example_dags/example_complex.py
[2021-07-16 03:27:01,599] {scheduler_job.py:643} INFO - DAG(s) dict_keys(['example_complex']) retrieved from /home/karuturihemanth/airflow_env/lib/python3.9/site-packages/airflow/example_dags/example_complex.py
[2021-07-16 03:27:01,618] {logging_mixin.py:104} INFO - [2021-07-16 03:27:01,618] {dag.py:1833} INFO - Sync 1 DAGs
[2021-07-16 03:27:01,628] {logging_mixin.py:104} INFO - [2021-07-16 03:27:01,628] {dag.py:2306} INFO - Setting next_dagrun for example_complex to None
[2021-07-16 03:27:01,642] {scheduler_job.py:190} INFO - Processing /home/karuturihemanth/airflow_env/lib/python3.9/site-packages/airflow/example_dags/example_complex.py took 0.064 seconds
[2021-07-16 03:27:36,646] {scheduler_job.py:182} INFO - Started process (PID=1333) to work on /home/karuturihemanth/airflow_env/lib/python3.9/site-packages/airflow/example_dags/example_complex.py
[2021-07-16 03:27:36,647] {scheduler_job.py:633} INFO - Processing file /home/karuturihemanth/airflow_env/lib/python3.9/site-packages/airflow/example_dags/example_complex.py for tasks to queue
[2021-07-16 03:27:36,647] {logging_mixin.py:104} INFO - [2021-07-16 03:27:36,647] {dagbag.py:496} INFO - Filling up the DagBag from /home/karuturihemanth/airflow_env/lib/python3.9/site-packages/airflow/example_dags/example_complex.py
[2021-07-16 03:27:36,662] {scheduler_job.py:643} INFO - DAG(s) dict_keys(['example_complex']) retrieved from /home/karuturihemanth/airflow_env/lib/python3.9/site-packages/airflow/example_dags/example_complex.py
[2021-07-16 03:27:36,677] {logging_mixin.py:104} INFO - [2021-07-16 03:27:36,677] {dag.py:1833} INFO - Sync 1 DAGs
[2021-07-16 03:27:36,685] {logging_mixin.py:104} INFO - [2021-07-16 03:27:36,685] {dag.py:2306} INFO - Setting next_dagrun for example_complex to None
[2021-07-16 03:27:36,698] {scheduler_job.py:190} INFO - Processing /home/karuturihemanth/airflow_env/lib/python3.9/site-packages/airflow/example_dags/example_complex.py took 0.055 seconds
[2021-07-16 03:28:12,546] {scheduler_job.py:182} INFO - Started process (PID=1368) to work on /home/karuturihemanth/airflow_env/lib/python3.9/site-packages/airflow/example_dags/example_complex.py
[2021-07-16 03:28:12,547] {scheduler_job.py:633} INFO - Processing file /home/karuturihemanth/airflow_env/lib/python3.9/site-packages/airflow/example_dags/example_complex.py for tasks to queue
[2021-07-16 03:28:12,548] {logging_mixin.py:104} INFO - [2021-07-16 03:28:12,548] {dagbag.py:496} INFO - Filling up the DagBag from /home/karuturihemanth/airflow_env/lib/python3.9/site-packages/airflow/example_dags/example_complex.py
[2021-07-16 03:28:12,563] {scheduler_job.py:643} INFO - DAG(s) dict_keys(['example_complex']) retrieved from /home/karuturihemanth/airflow_env/lib/python3.9/site-packages/airflow/example_dags/example_complex.py
[2021-07-16 03:28:12,580] {logging_mixin.py:104} INFO - [2021-07-16 03:28:12,580] {dag.py:1833} INFO - Sync 1 DAGs
[2021-07-16 03:28:12,590] {logging_mixin.py:104} INFO - [2021-07-16 03:28:12,590] {dag.py:2306} INFO - Setting next_dagrun for example_complex to None
[2021-07-16 03:28:12,602] {scheduler_job.py:190} INFO - Processing /home/karuturihemanth/airflow_env/lib/python3.9/site-packages/airflow/example_dags/example_complex.py took 0.059 seconds
[2021-07-16 03:28:47,009] {scheduler_job.py:182} INFO - Started process (PID=1402) to work on /home/karuturihemanth/airflow_env/lib/python3.9/site-packages/airflow/example_dags/example_complex.py
[2021-07-16 03:28:47,010] {scheduler_job.py:633} INFO - Processing file /home/karuturihemanth/airflow_env/lib/python3.9/site-packages/airflow/example_dags/example_complex.py for tasks to queue
[2021-07-16 03:28:47,011] {logging_mixin.py:104} INFO - [2021-07-16 03:28:47,011] {dagbag.py:496} INFO - Filling up the DagBag from /home/karuturihemanth/airflow_env/lib/python3.9/site-packages/airflow/example_dags/example_complex.py
[2021-07-16 03:28:47,026] {scheduler_job.py:643} INFO - DAG(s) dict_keys(['example_complex']) retrieved from /home/karuturihemanth/airflow_env/lib/python3.9/site-packages/airflow/example_dags/example_complex.py
[2021-07-16 03:28:47,042] {logging_mixin.py:104} INFO - [2021-07-16 03:28:47,042] {dag.py:1833} INFO - Sync 1 DAGs
[2021-07-16 03:28:47,052] {logging_mixin.py:104} INFO - [2021-07-16 03:28:47,052] {dag.py:2306} INFO - Setting next_dagrun for example_complex to None
[2021-07-16 03:28:47,064] {scheduler_job.py:190} INFO - Processing /home/karuturihemanth/airflow_env/lib/python3.9/site-packages/airflow/example_dags/example_complex.py took 0.058 seconds
[2021-07-16 03:29:23,070] {scheduler_job.py:182} INFO - Started process (PID=1438) to work on /home/karuturihemanth/airflow_env/lib/python3.9/site-packages/airflow/example_dags/example_complex.py
[2021-07-16 03:29:23,071] {scheduler_job.py:633} INFO - Processing file /home/karuturihemanth/airflow_env/lib/python3.9/site-packages/airflow/example_dags/example_complex.py for tasks to queue
[2021-07-16 03:29:23,071] {logging_mixin.py:104} INFO - [2021-07-16 03:29:23,071] {dagbag.py:496} INFO - Filling up the DagBag from /home/karuturihemanth/airflow_env/lib/python3.9/site-packages/airflow/example_dags/example_complex.py
[2021-07-16 03:29:23,086] {scheduler_job.py:643} INFO - DAG(s) dict_keys(['example_complex']) retrieved from /home/karuturihemanth/airflow_env/lib/python3.9/site-packages/airflow/example_dags/example_complex.py
[2021-07-16 03:29:23,103] {logging_mixin.py:104} INFO - [2021-07-16 03:29:23,103] {dag.py:1833} INFO - Sync 1 DAGs
[2021-07-16 03:29:23,112] {logging_mixin.py:104} INFO - [2021-07-16 03:29:23,112] {dag.py:2306} INFO - Setting next_dagrun for example_complex to None
[2021-07-16 03:29:23,124] {scheduler_job.py:190} INFO - Processing /home/karuturihemanth/airflow_env/lib/python3.9/site-packages/airflow/example_dags/example_complex.py took 0.058 seconds
[2021-07-16 03:30:00,918] {scheduler_job.py:182} INFO - Started process (PID=1475) to work on /home/karuturihemanth/airflow_env/lib/python3.9/site-packages/airflow/example_dags/example_complex.py
[2021-07-16 03:30:00,919] {scheduler_job.py:633} INFO - Processing file /home/karuturihemanth/airflow_env/lib/python3.9/site-packages/airflow/example_dags/example_complex.py for tasks to queue
[2021-07-16 03:30:00,919] {logging_mixin.py:104} INFO - [2021-07-16 03:30:00,919] {dagbag.py:496} INFO - Filling up the DagBag from /home/karuturihemanth/airflow_env/lib/python3.9/site-packages/airflow/example_dags/example_complex.py
[2021-07-16 03:30:00,934] {scheduler_job.py:643} INFO - DAG(s) dict_keys(['example_complex']) retrieved from /home/karuturihemanth/airflow_env/lib/python3.9/site-packages/airflow/example_dags/example_complex.py
[2021-07-16 03:30:00,949] {logging_mixin.py:104} INFO - [2021-07-16 03:30:00,949] {dag.py:1833} INFO - Sync 1 DAGs
[2021-07-16 03:30:00,958] {logging_mixin.py:104} INFO - [2021-07-16 03:30:00,958] {dag.py:2306} INFO - Setting next_dagrun for example_complex to None
[2021-07-16 03:30:00,970] {scheduler_job.py:190} INFO - Processing /home/karuturihemanth/airflow_env/lib/python3.9/site-packages/airflow/example_dags/example_complex.py took 0.055 seconds
[2021-07-16 03:30:35,250] {scheduler_job.py:182} INFO - Started process (PID=1511) to work on /home/karuturihemanth/airflow_env/lib/python3.9/site-packages/airflow/example_dags/example_complex.py
[2021-07-16 03:30:35,251] {scheduler_job.py:633} INFO - Processing file /home/karuturihemanth/airflow_env/lib/python3.9/site-packages/airflow/example_dags/example_complex.py for tasks to queue
[2021-07-16 03:30:35,251] {logging_mixin.py:104} INFO - [2021-07-16 03:30:35,251] {dagbag.py:496} INFO - Filling up the DagBag from /home/karuturihemanth/airflow_env/lib/python3.9/site-packages/airflow/example_dags/example_complex.py
[2021-07-16 03:30:35,266] {scheduler_job.py:643} INFO - DAG(s) dict_keys(['example_complex']) retrieved from /home/karuturihemanth/airflow_env/lib/python3.9/site-packages/airflow/example_dags/example_complex.py
[2021-07-16 03:30:35,283] {logging_mixin.py:104} INFO - [2021-07-16 03:30:35,283] {dag.py:1833} INFO - Sync 1 DAGs
[2021-07-16 03:30:35,293] {logging_mixin.py:104} INFO - [2021-07-16 03:30:35,292] {dag.py:2306} INFO - Setting next_dagrun for example_complex to None
[2021-07-16 03:30:35,305] {scheduler_job.py:190} INFO - Processing /home/karuturihemanth/airflow_env/lib/python3.9/site-packages/airflow/example_dags/example_complex.py took 0.059 seconds
[2021-07-16 03:31:12,493] {scheduler_job.py:182} INFO - Started process (PID=1548) to work on /home/karuturihemanth/airflow_env/lib/python3.9/site-packages/airflow/example_dags/example_complex.py
[2021-07-16 03:31:12,494] {scheduler_job.py:633} INFO - Processing file /home/karuturihemanth/airflow_env/lib/python3.9/site-packages/airflow/example_dags/example_complex.py for tasks to queue
[2021-07-16 03:31:12,494] {logging_mixin.py:104} INFO - [2021-07-16 03:31:12,494] {dagbag.py:496} INFO - Filling up the DagBag from /home/karuturihemanth/airflow_env/lib/python3.9/site-packages/airflow/example_dags/example_complex.py
[2021-07-16 03:31:12,509] {scheduler_job.py:643} INFO - DAG(s) dict_keys(['example_complex']) retrieved from /home/karuturihemanth/airflow_env/lib/python3.9/site-packages/airflow/example_dags/example_complex.py
[2021-07-16 03:31:12,525] {logging_mixin.py:104} INFO - [2021-07-16 03:31:12,525] {dag.py:1833} INFO - Sync 1 DAGs
[2021-07-16 03:31:12,534] {logging_mixin.py:104} INFO - [2021-07-16 03:31:12,534] {dag.py:2306} INFO - Setting next_dagrun for example_complex to None
[2021-07-16 03:31:12,547] {scheduler_job.py:190} INFO - Processing /home/karuturihemanth/airflow_env/lib/python3.9/site-packages/airflow/example_dags/example_complex.py took 0.057 seconds
[2021-07-16 03:31:51,600] {scheduler_job.py:182} INFO - Started process (PID=1834) to work on /home/karuturihemanth/airflow_env/lib/python3.9/site-packages/airflow/example_dags/example_complex.py
[2021-07-16 03:31:51,602] {scheduler_job.py:633} INFO - Processing file /home/karuturihemanth/airflow_env/lib/python3.9/site-packages/airflow/example_dags/example_complex.py for tasks to queue
[2021-07-16 03:31:51,602] {logging_mixin.py:104} INFO - [2021-07-16 03:31:51,602] {dagbag.py:496} INFO - Filling up the DagBag from /home/karuturihemanth/airflow_env/lib/python3.9/site-packages/airflow/example_dags/example_complex.py
[2021-07-16 03:31:51,621] {scheduler_job.py:643} INFO - DAG(s) dict_keys(['example_complex']) retrieved from /home/karuturihemanth/airflow_env/lib/python3.9/site-packages/airflow/example_dags/example_complex.py
[2021-07-16 03:31:51,640] {logging_mixin.py:104} INFO - [2021-07-16 03:31:51,640] {dag.py:1833} INFO - Sync 1 DAGs
[2021-07-16 03:31:51,649] {logging_mixin.py:104} INFO - [2021-07-16 03:31:51,649] {dag.py:2306} INFO - Setting next_dagrun for example_complex to None
[2021-07-16 03:31:51,662] {scheduler_job.py:190} INFO - Processing /home/karuturihemanth/airflow_env/lib/python3.9/site-packages/airflow/example_dags/example_complex.py took 0.066 seconds
[2021-07-16 03:32:29,483] {scheduler_job.py:182} INFO - Started process (PID=3744) to work on /home/karuturihemanth/airflow_env/lib/python3.9/site-packages/airflow/example_dags/example_complex.py
[2021-07-16 03:32:29,485] {scheduler_job.py:633} INFO - Processing file /home/karuturihemanth/airflow_env/lib/python3.9/site-packages/airflow/example_dags/example_complex.py for tasks to queue
[2021-07-16 03:32:29,486] {logging_mixin.py:104} INFO - [2021-07-16 03:32:29,486] {dagbag.py:496} INFO - Filling up the DagBag from /home/karuturihemanth/airflow_env/lib/python3.9/site-packages/airflow/example_dags/example_complex.py
[2021-07-16 03:32:29,514] {scheduler_job.py:643} INFO - DAG(s) dict_keys(['example_complex']) retrieved from /home/karuturihemanth/airflow_env/lib/python3.9/site-packages/airflow/example_dags/example_complex.py
[2021-07-16 03:32:29,545] {logging_mixin.py:104} INFO - [2021-07-16 03:32:29,544] {dag.py:1833} INFO - Sync 1 DAGs
[2021-07-16 03:32:29,558] {logging_mixin.py:104} INFO - [2021-07-16 03:32:29,558] {dag.py:2306} INFO - Setting next_dagrun for example_complex to None
[2021-07-16 03:32:29,578] {scheduler_job.py:190} INFO - Processing /home/karuturihemanth/airflow_env/lib/python3.9/site-packages/airflow/example_dags/example_complex.py took 0.099 seconds
[2021-07-16 03:33:38,016] {scheduler_job.py:182} INFO - Started process (PID=4641) to work on /home/karuturihemanth/airflow_env/lib/python3.9/site-packages/airflow/example_dags/example_complex.py
[2021-07-16 03:33:38,018] {scheduler_job.py:633} INFO - Processing file /home/karuturihemanth/airflow_env/lib/python3.9/site-packages/airflow/example_dags/example_complex.py for tasks to queue
[2021-07-16 03:33:38,019] {logging_mixin.py:104} INFO - [2021-07-16 03:33:38,018] {dagbag.py:496} INFO - Filling up the DagBag from /home/karuturihemanth/airflow_env/lib/python3.9/site-packages/airflow/example_dags/example_complex.py
[2021-07-16 03:33:38,039] {scheduler_job.py:643} INFO - DAG(s) dict_keys(['example_complex']) retrieved from /home/karuturihemanth/airflow_env/lib/python3.9/site-packages/airflow/example_dags/example_complex.py
[2021-07-16 03:33:38,058] {logging_mixin.py:104} INFO - [2021-07-16 03:33:38,058] {dag.py:1833} INFO - Sync 1 DAGs
[2021-07-16 03:33:38,086] {logging_mixin.py:104} INFO - [2021-07-16 03:33:38,086] {dag.py:2306} INFO - Setting next_dagrun for example_complex to None
[2021-07-16 03:33:38,103] {scheduler_job.py:190} INFO - Processing /home/karuturihemanth/airflow_env/lib/python3.9/site-packages/airflow/example_dags/example_complex.py took 0.091 seconds
[2021-07-16 03:34:17,094] {scheduler_job.py:182} INFO - Started process (PID=4681) to work on /home/karuturihemanth/airflow_env/lib/python3.9/site-packages/airflow/example_dags/example_complex.py
[2021-07-16 03:34:17,096] {scheduler_job.py:633} INFO - Processing file /home/karuturihemanth/airflow_env/lib/python3.9/site-packages/airflow/example_dags/example_complex.py for tasks to queue
[2021-07-16 03:34:17,096] {logging_mixin.py:104} INFO - [2021-07-16 03:34:17,096] {dagbag.py:496} INFO - Filling up the DagBag from /home/karuturihemanth/airflow_env/lib/python3.9/site-packages/airflow/example_dags/example_complex.py
[2021-07-16 03:34:17,112] {scheduler_job.py:643} INFO - DAG(s) dict_keys(['example_complex']) retrieved from /home/karuturihemanth/airflow_env/lib/python3.9/site-packages/airflow/example_dags/example_complex.py
[2021-07-16 03:34:17,128] {logging_mixin.py:104} INFO - [2021-07-16 03:34:17,128] {dag.py:1833} INFO - Sync 1 DAGs
[2021-07-16 03:34:17,138] {logging_mixin.py:104} INFO - [2021-07-16 03:34:17,138] {dag.py:2306} INFO - Setting next_dagrun for example_complex to None
[2021-07-16 03:34:17,150] {scheduler_job.py:190} INFO - Processing /home/karuturihemanth/airflow_env/lib/python3.9/site-packages/airflow/example_dags/example_complex.py took 0.059 seconds
[2021-07-16 03:34:56,594] {scheduler_job.py:182} INFO - Started process (PID=4776) to work on /home/karuturihemanth/airflow_env/lib/python3.9/site-packages/airflow/example_dags/example_complex.py
[2021-07-16 03:34:56,596] {scheduler_job.py:633} INFO - Processing file /home/karuturihemanth/airflow_env/lib/python3.9/site-packages/airflow/example_dags/example_complex.py for tasks to queue
[2021-07-16 03:34:56,596] {logging_mixin.py:104} INFO - [2021-07-16 03:34:56,596] {dagbag.py:496} INFO - Filling up the DagBag from /home/karuturihemanth/airflow_env/lib/python3.9/site-packages/airflow/example_dags/example_complex.py
[2021-07-16 03:34:56,612] {scheduler_job.py:643} INFO - DAG(s) dict_keys(['example_complex']) retrieved from /home/karuturihemanth/airflow_env/lib/python3.9/site-packages/airflow/example_dags/example_complex.py
[2021-07-16 03:34:56,630] {logging_mixin.py:104} INFO - [2021-07-16 03:34:56,630] {dag.py:1833} INFO - Sync 1 DAGs
[2021-07-16 03:34:56,640] {logging_mixin.py:104} INFO - [2021-07-16 03:34:56,639] {dag.py:2306} INFO - Setting next_dagrun for example_complex to None
[2021-07-16 03:34:56,652] {scheduler_job.py:190} INFO - Processing /home/karuturihemanth/airflow_env/lib/python3.9/site-packages/airflow/example_dags/example_complex.py took 0.062 seconds
[2021-07-16 03:35:36,909] {scheduler_job.py:182} INFO - Started process (PID=4940) to work on /home/karuturihemanth/airflow_env/lib/python3.9/site-packages/airflow/example_dags/example_complex.py
[2021-07-16 03:35:36,911] {scheduler_job.py:633} INFO - Processing file /home/karuturihemanth/airflow_env/lib/python3.9/site-packages/airflow/example_dags/example_complex.py for tasks to queue
[2021-07-16 03:35:36,912] {logging_mixin.py:104} INFO - [2021-07-16 03:35:36,912] {dagbag.py:496} INFO - Filling up the DagBag from /home/karuturihemanth/airflow_env/lib/python3.9/site-packages/airflow/example_dags/example_complex.py
[2021-07-16 03:35:36,929] {scheduler_job.py:643} INFO - DAG(s) dict_keys(['example_complex']) retrieved from /home/karuturihemanth/airflow_env/lib/python3.9/site-packages/airflow/example_dags/example_complex.py
[2021-07-16 03:35:36,949] {logging_mixin.py:104} INFO - [2021-07-16 03:35:36,949] {dag.py:1833} INFO - Sync 1 DAGs
[2021-07-16 03:35:36,959] {logging_mixin.py:104} INFO - [2021-07-16 03:35:36,959] {dag.py:2306} INFO - Setting next_dagrun for example_complex to None
[2021-07-16 03:35:36,972] {scheduler_job.py:190} INFO - Processing /home/karuturihemanth/airflow_env/lib/python3.9/site-packages/airflow/example_dags/example_complex.py took 0.066 seconds
[2021-07-16 03:36:15,506] {scheduler_job.py:182} INFO - Started process (PID=5065) to work on /home/karuturihemanth/airflow_env/lib/python3.9/site-packages/airflow/example_dags/example_complex.py
[2021-07-16 03:36:15,508] {scheduler_job.py:633} INFO - Processing file /home/karuturihemanth/airflow_env/lib/python3.9/site-packages/airflow/example_dags/example_complex.py for tasks to queue
[2021-07-16 03:36:15,509] {logging_mixin.py:104} INFO - [2021-07-16 03:36:15,509] {dagbag.py:496} INFO - Filling up the DagBag from /home/karuturihemanth/airflow_env/lib/python3.9/site-packages/airflow/example_dags/example_complex.py
[2021-07-16 03:36:15,525] {scheduler_job.py:643} INFO - DAG(s) dict_keys(['example_complex']) retrieved from /home/karuturihemanth/airflow_env/lib/python3.9/site-packages/airflow/example_dags/example_complex.py
[2021-07-16 03:36:15,543] {logging_mixin.py:104} INFO - [2021-07-16 03:36:15,543] {dag.py:1833} INFO - Sync 1 DAGs
[2021-07-16 03:36:15,553] {logging_mixin.py:104} INFO - [2021-07-16 03:36:15,553] {dag.py:2306} INFO - Setting next_dagrun for example_complex to None
[2021-07-16 03:36:15,565] {scheduler_job.py:190} INFO - Processing /home/karuturihemanth/airflow_env/lib/python3.9/site-packages/airflow/example_dags/example_complex.py took 0.062 seconds
[2021-07-16 03:36:56,128] {scheduler_job.py:182} INFO - Started process (PID=5105) to work on /home/karuturihemanth/airflow_env/lib/python3.9/site-packages/airflow/example_dags/example_complex.py
[2021-07-16 03:36:56,129] {scheduler_job.py:633} INFO - Processing file /home/karuturihemanth/airflow_env/lib/python3.9/site-packages/airflow/example_dags/example_complex.py for tasks to queue
[2021-07-16 03:36:56,130] {logging_mixin.py:104} INFO - [2021-07-16 03:36:56,130] {dagbag.py:496} INFO - Filling up the DagBag from /home/karuturihemanth/airflow_env/lib/python3.9/site-packages/airflow/example_dags/example_complex.py
[2021-07-16 03:36:56,146] {scheduler_job.py:643} INFO - DAG(s) dict_keys(['example_complex']) retrieved from /home/karuturihemanth/airflow_env/lib/python3.9/site-packages/airflow/example_dags/example_complex.py
[2021-07-16 03:36:56,165] {logging_mixin.py:104} INFO - [2021-07-16 03:36:56,164] {dag.py:1833} INFO - Sync 1 DAGs
[2021-07-16 03:36:56,174] {logging_mixin.py:104} INFO - [2021-07-16 03:36:56,174] {dag.py:2306} INFO - Setting next_dagrun for example_complex to None
[2021-07-16 03:36:56,188] {scheduler_job.py:190} INFO - Processing /home/karuturihemanth/airflow_env/lib/python3.9/site-packages/airflow/example_dags/example_complex.py took 0.065 seconds
[2021-07-16 03:37:35,299] {scheduler_job.py:182} INFO - Started process (PID=5143) to work on /home/karuturihemanth/airflow_env/lib/python3.9/site-packages/airflow/example_dags/example_complex.py
[2021-07-16 03:37:35,300] {scheduler_job.py:633} INFO - Processing file /home/karuturihemanth/airflow_env/lib/python3.9/site-packages/airflow/example_dags/example_complex.py for tasks to queue
[2021-07-16 03:37:35,301] {logging_mixin.py:104} INFO - [2021-07-16 03:37:35,300] {dagbag.py:496} INFO - Filling up the DagBag from /home/karuturihemanth/airflow_env/lib/python3.9/site-packages/airflow/example_dags/example_complex.py
[2021-07-16 03:37:35,317] {scheduler_job.py:643} INFO - DAG(s) dict_keys(['example_complex']) retrieved from /home/karuturihemanth/airflow_env/lib/python3.9/site-packages/airflow/example_dags/example_complex.py
[2021-07-16 03:37:35,334] {logging_mixin.py:104} INFO - [2021-07-16 03:37:35,334] {dag.py:1833} INFO - Sync 1 DAGs
[2021-07-16 03:37:35,344] {logging_mixin.py:104} INFO - [2021-07-16 03:37:35,343] {dag.py:2306} INFO - Setting next_dagrun for example_complex to None
[2021-07-16 03:37:35,357] {scheduler_job.py:190} INFO - Processing /home/karuturihemanth/airflow_env/lib/python3.9/site-packages/airflow/example_dags/example_complex.py took 0.061 seconds
[2021-07-16 03:38:08,399] {scheduler_job.py:182} INFO - Started process (PID=5178) to work on /home/karuturihemanth/airflow_env/lib/python3.9/site-packages/airflow/example_dags/example_complex.py
[2021-07-16 03:38:08,400] {scheduler_job.py:633} INFO - Processing file /home/karuturihemanth/airflow_env/lib/python3.9/site-packages/airflow/example_dags/example_complex.py for tasks to queue
[2021-07-16 03:38:08,401] {logging_mixin.py:104} INFO - [2021-07-16 03:38:08,401] {dagbag.py:496} INFO - Filling up the DagBag from /home/karuturihemanth/airflow_env/lib/python3.9/site-packages/airflow/example_dags/example_complex.py
[2021-07-16 03:38:08,417] {scheduler_job.py:643} INFO - DAG(s) dict_keys(['example_complex']) retrieved from /home/karuturihemanth/airflow_env/lib/python3.9/site-packages/airflow/example_dags/example_complex.py
[2021-07-16 03:38:08,435] {logging_mixin.py:104} INFO - [2021-07-16 03:38:08,434] {dag.py:1833} INFO - Sync 1 DAGs
[2021-07-16 03:38:08,445] {logging_mixin.py:104} INFO - [2021-07-16 03:38:08,445] {dag.py:2306} INFO - Setting next_dagrun for example_complex to None
[2021-07-16 03:38:08,458] {scheduler_job.py:190} INFO - Processing /home/karuturihemanth/airflow_env/lib/python3.9/site-packages/airflow/example_dags/example_complex.py took 0.062 seconds
[2021-07-16 03:38:43,955] {scheduler_job.py:182} INFO - Started process (PID=5212) to work on /home/karuturihemanth/airflow_env/lib/python3.9/site-packages/airflow/example_dags/example_complex.py
[2021-07-16 03:38:43,956] {scheduler_job.py:633} INFO - Processing file /home/karuturihemanth/airflow_env/lib/python3.9/site-packages/airflow/example_dags/example_complex.py for tasks to queue
[2021-07-16 03:38:43,956] {logging_mixin.py:104} INFO - [2021-07-16 03:38:43,956] {dagbag.py:496} INFO - Filling up the DagBag from /home/karuturihemanth/airflow_env/lib/python3.9/site-packages/airflow/example_dags/example_complex.py
[2021-07-16 03:38:43,971] {scheduler_job.py:643} INFO - DAG(s) dict_keys(['example_complex']) retrieved from /home/karuturihemanth/airflow_env/lib/python3.9/site-packages/airflow/example_dags/example_complex.py
[2021-07-16 03:38:43,991] {logging_mixin.py:104} INFO - [2021-07-16 03:38:43,991] {dag.py:1833} INFO - Sync 1 DAGs
[2021-07-16 03:38:44,001] {logging_mixin.py:104} INFO - [2021-07-16 03:38:44,001] {dag.py:2306} INFO - Setting next_dagrun for example_complex to None
[2021-07-16 03:38:44,014] {scheduler_job.py:190} INFO - Processing /home/karuturihemanth/airflow_env/lib/python3.9/site-packages/airflow/example_dags/example_complex.py took 0.063 seconds
[2021-07-16 03:39:20,500] {scheduler_job.py:182} INFO - Started process (PID=5249) to work on /home/karuturihemanth/airflow_env/lib/python3.9/site-packages/airflow/example_dags/example_complex.py
[2021-07-16 03:39:20,501] {scheduler_job.py:633} INFO - Processing file /home/karuturihemanth/airflow_env/lib/python3.9/site-packages/airflow/example_dags/example_complex.py for tasks to queue
[2021-07-16 03:39:20,501] {logging_mixin.py:104} INFO - [2021-07-16 03:39:20,501] {dagbag.py:496} INFO - Filling up the DagBag from /home/karuturihemanth/airflow_env/lib/python3.9/site-packages/airflow/example_dags/example_complex.py
[2021-07-16 03:39:20,517] {scheduler_job.py:643} INFO - DAG(s) dict_keys(['example_complex']) retrieved from /home/karuturihemanth/airflow_env/lib/python3.9/site-packages/airflow/example_dags/example_complex.py
[2021-07-16 03:39:20,534] {logging_mixin.py:104} INFO - [2021-07-16 03:39:20,534] {dag.py:1833} INFO - Sync 1 DAGs
[2021-07-16 03:39:20,545] {logging_mixin.py:104} INFO - [2021-07-16 03:39:20,544] {dag.py:2306} INFO - Setting next_dagrun for example_complex to None
[2021-07-16 03:39:20,557] {scheduler_job.py:190} INFO - Processing /home/karuturihemanth/airflow_env/lib/python3.9/site-packages/airflow/example_dags/example_complex.py took 0.061 seconds
[2021-07-16 03:39:55,898] {scheduler_job.py:182} INFO - Started process (PID=5284) to work on /home/karuturihemanth/airflow_env/lib/python3.9/site-packages/airflow/example_dags/example_complex.py
[2021-07-16 03:39:55,899] {scheduler_job.py:633} INFO - Processing file /home/karuturihemanth/airflow_env/lib/python3.9/site-packages/airflow/example_dags/example_complex.py for tasks to queue
[2021-07-16 03:39:55,900] {logging_mixin.py:104} INFO - [2021-07-16 03:39:55,900] {dagbag.py:496} INFO - Filling up the DagBag from /home/karuturihemanth/airflow_env/lib/python3.9/site-packages/airflow/example_dags/example_complex.py
[2021-07-16 03:39:55,915] {scheduler_job.py:643} INFO - DAG(s) dict_keys(['example_complex']) retrieved from /home/karuturihemanth/airflow_env/lib/python3.9/site-packages/airflow/example_dags/example_complex.py
[2021-07-16 03:39:55,933] {logging_mixin.py:104} INFO - [2021-07-16 03:39:55,933] {dag.py:1833} INFO - Sync 1 DAGs
[2021-07-16 03:39:55,943] {logging_mixin.py:104} INFO - [2021-07-16 03:39:55,943] {dag.py:2306} INFO - Setting next_dagrun for example_complex to None
[2021-07-16 03:39:55,955] {scheduler_job.py:190} INFO - Processing /home/karuturihemanth/airflow_env/lib/python3.9/site-packages/airflow/example_dags/example_complex.py took 0.060 seconds
[2021-07-16 03:40:32,363] {scheduler_job.py:182} INFO - Started process (PID=5320) to work on /home/karuturihemanth/airflow_env/lib/python3.9/site-packages/airflow/example_dags/example_complex.py
[2021-07-16 03:40:32,364] {scheduler_job.py:633} INFO - Processing file /home/karuturihemanth/airflow_env/lib/python3.9/site-packages/airflow/example_dags/example_complex.py for tasks to queue
[2021-07-16 03:40:32,365] {logging_mixin.py:104} INFO - [2021-07-16 03:40:32,365] {dagbag.py:496} INFO - Filling up the DagBag from /home/karuturihemanth/airflow_env/lib/python3.9/site-packages/airflow/example_dags/example_complex.py
[2021-07-16 03:40:32,385] {scheduler_job.py:643} INFO - DAG(s) dict_keys(['example_complex']) retrieved from /home/karuturihemanth/airflow_env/lib/python3.9/site-packages/airflow/example_dags/example_complex.py
[2021-07-16 03:40:32,404] {logging_mixin.py:104} INFO - [2021-07-16 03:40:32,404] {dag.py:1833} INFO - Sync 1 DAGs
[2021-07-16 03:40:32,413] {logging_mixin.py:104} INFO - [2021-07-16 03:40:32,413] {dag.py:2306} INFO - Setting next_dagrun for example_complex to None
[2021-07-16 03:40:32,426] {scheduler_job.py:190} INFO - Processing /home/karuturihemanth/airflow_env/lib/python3.9/site-packages/airflow/example_dags/example_complex.py took 0.067 seconds
[2021-07-16 03:41:07,875] {scheduler_job.py:182} INFO - Started process (PID=5356) to work on /home/karuturihemanth/airflow_env/lib/python3.9/site-packages/airflow/example_dags/example_complex.py
[2021-07-16 03:41:07,877] {scheduler_job.py:633} INFO - Processing file /home/karuturihemanth/airflow_env/lib/python3.9/site-packages/airflow/example_dags/example_complex.py for tasks to queue
[2021-07-16 03:41:07,877] {logging_mixin.py:104} INFO - [2021-07-16 03:41:07,877] {dagbag.py:496} INFO - Filling up the DagBag from /home/karuturihemanth/airflow_env/lib/python3.9/site-packages/airflow/example_dags/example_complex.py
[2021-07-16 03:41:07,892] {scheduler_job.py:643} INFO - DAG(s) dict_keys(['example_complex']) retrieved from /home/karuturihemanth/airflow_env/lib/python3.9/site-packages/airflow/example_dags/example_complex.py
[2021-07-16 03:41:07,909] {logging_mixin.py:104} INFO - [2021-07-16 03:41:07,909] {dag.py:1833} INFO - Sync 1 DAGs
[2021-07-16 03:41:07,919] {logging_mixin.py:104} INFO - [2021-07-16 03:41:07,918] {dag.py:2306} INFO - Setting next_dagrun for example_complex to None
[2021-07-16 03:41:07,931] {scheduler_job.py:190} INFO - Processing /home/karuturihemanth/airflow_env/lib/python3.9/site-packages/airflow/example_dags/example_complex.py took 0.059 seconds
[2021-07-16 03:41:47,489] {scheduler_job.py:182} INFO - Started process (PID=5395) to work on /home/karuturihemanth/airflow_env/lib/python3.9/site-packages/airflow/example_dags/example_complex.py
[2021-07-16 03:41:47,494] {scheduler_job.py:633} INFO - Processing file /home/karuturihemanth/airflow_env/lib/python3.9/site-packages/airflow/example_dags/example_complex.py for tasks to queue
[2021-07-16 03:41:47,495] {logging_mixin.py:104} INFO - [2021-07-16 03:41:47,495] {dagbag.py:496} INFO - Filling up the DagBag from /home/karuturihemanth/airflow_env/lib/python3.9/site-packages/airflow/example_dags/example_complex.py
[2021-07-16 03:41:47,534] {scheduler_job.py:643} INFO - DAG(s) dict_keys(['example_complex']) retrieved from /home/karuturihemanth/airflow_env/lib/python3.9/site-packages/airflow/example_dags/example_complex.py
[2021-07-16 03:41:47,574] {logging_mixin.py:104} INFO - [2021-07-16 03:41:47,574] {dag.py:1833} INFO - Sync 1 DAGs
[2021-07-16 03:41:47,597] {logging_mixin.py:104} INFO - [2021-07-16 03:41:47,597] {dag.py:2306} INFO - Setting next_dagrun for example_complex to None
[2021-07-16 03:41:47,614] {scheduler_job.py:190} INFO - Processing /home/karuturihemanth/airflow_env/lib/python3.9/site-packages/airflow/example_dags/example_complex.py took 0.129 seconds
[2021-07-16 03:51:40,464] {scheduler_job.py:182} INFO - Started process (PID=5717) to work on /home/karuturihemanth/airflow_env/lib/python3.9/site-packages/airflow/example_dags/example_complex.py
[2021-07-16 03:51:40,465] {scheduler_job.py:633} INFO - Processing file /home/karuturihemanth/airflow_env/lib/python3.9/site-packages/airflow/example_dags/example_complex.py for tasks to queue
[2021-07-16 03:51:40,466] {logging_mixin.py:104} INFO - [2021-07-16 03:51:40,466] {dagbag.py:496} INFO - Filling up the DagBag from /home/karuturihemanth/airflow_env/lib/python3.9/site-packages/airflow/example_dags/example_complex.py
[2021-07-16 03:51:40,487] {scheduler_job.py:643} INFO - DAG(s) dict_keys(['example_complex']) retrieved from /home/karuturihemanth/airflow_env/lib/python3.9/site-packages/airflow/example_dags/example_complex.py
[2021-07-16 03:51:41,152] {logging_mixin.py:104} INFO - [2021-07-16 03:51:41,151] {dag.py:1833} INFO - Sync 1 DAGs
[2021-07-16 03:51:41,258] {logging_mixin.py:104} INFO - [2021-07-16 03:51:41,257] {dag.py:2306} INFO - Setting next_dagrun for example_complex to None
[2021-07-16 03:51:41,480] {scheduler_job.py:190} INFO - Processing /home/karuturihemanth/airflow_env/lib/python3.9/site-packages/airflow/example_dags/example_complex.py took 1.019 seconds
[2021-07-16 10:00:30,881] {scheduler_job.py:182} INFO - Started process (PID=1242) to work on /home/karuturihemanth/airflow_env/lib/python3.9/site-packages/airflow/example_dags/example_complex.py
[2021-07-16 10:00:30,883] {scheduler_job.py:633} INFO - Processing file /home/karuturihemanth/airflow_env/lib/python3.9/site-packages/airflow/example_dags/example_complex.py for tasks to queue
[2021-07-16 10:00:30,883] {logging_mixin.py:104} INFO - [2021-07-16 10:00:30,883] {dagbag.py:496} INFO - Filling up the DagBag from /home/karuturihemanth/airflow_env/lib/python3.9/site-packages/airflow/example_dags/example_complex.py
[2021-07-16 10:00:30,901] {scheduler_job.py:643} INFO - DAG(s) dict_keys(['example_complex']) retrieved from /home/karuturihemanth/airflow_env/lib/python3.9/site-packages/airflow/example_dags/example_complex.py
[2021-07-16 10:00:31,599] {logging_mixin.py:104} INFO - [2021-07-16 10:00:31,599] {dag.py:1833} INFO - Sync 1 DAGs
[2021-07-16 10:00:31,708] {logging_mixin.py:104} INFO - [2021-07-16 10:00:31,708] {dag.py:2306} INFO - Setting next_dagrun for example_complex to None
[2021-07-16 10:00:31,940] {scheduler_job.py:190} INFO - Processing /home/karuturihemanth/airflow_env/lib/python3.9/site-packages/airflow/example_dags/example_complex.py took 1.063 seconds
[2021-07-16 10:01:02,643] {scheduler_job.py:182} INFO - Started process (PID=1408) to work on /home/karuturihemanth/airflow_env/lib/python3.9/site-packages/airflow/example_dags/example_complex.py
[2021-07-16 10:01:02,644] {scheduler_job.py:633} INFO - Processing file /home/karuturihemanth/airflow_env/lib/python3.9/site-packages/airflow/example_dags/example_complex.py for tasks to queue
[2021-07-16 10:01:02,645] {logging_mixin.py:104} INFO - [2021-07-16 10:01:02,645] {dagbag.py:496} INFO - Filling up the DagBag from /home/karuturihemanth/airflow_env/lib/python3.9/site-packages/airflow/example_dags/example_complex.py
[2021-07-16 10:01:02,661] {scheduler_job.py:643} INFO - DAG(s) dict_keys(['example_complex']) retrieved from /home/karuturihemanth/airflow_env/lib/python3.9/site-packages/airflow/example_dags/example_complex.py
[2021-07-16 10:01:03,331] {logging_mixin.py:104} INFO - [2021-07-16 10:01:03,331] {dag.py:1833} INFO - Sync 1 DAGs
[2021-07-16 10:01:03,437] {logging_mixin.py:104} INFO - [2021-07-16 10:01:03,437] {dag.py:2306} INFO - Setting next_dagrun for example_complex to None
[2021-07-16 10:01:03,659] {scheduler_job.py:190} INFO - Processing /home/karuturihemanth/airflow_env/lib/python3.9/site-packages/airflow/example_dags/example_complex.py took 1.019 seconds
[2021-07-16 10:01:34,513] {scheduler_job.py:182} INFO - Started process (PID=1575) to work on /home/karuturihemanth/airflow_env/lib/python3.9/site-packages/airflow/example_dags/example_complex.py
[2021-07-16 10:01:34,514] {scheduler_job.py:633} INFO - Processing file /home/karuturihemanth/airflow_env/lib/python3.9/site-packages/airflow/example_dags/example_complex.py for tasks to queue
[2021-07-16 10:01:34,514] {logging_mixin.py:104} INFO - [2021-07-16 10:01:34,514] {dagbag.py:496} INFO - Filling up the DagBag from /home/karuturihemanth/airflow_env/lib/python3.9/site-packages/airflow/example_dags/example_complex.py
[2021-07-16 10:01:34,529] {scheduler_job.py:643} INFO - DAG(s) dict_keys(['example_complex']) retrieved from /home/karuturihemanth/airflow_env/lib/python3.9/site-packages/airflow/example_dags/example_complex.py
[2021-07-16 10:01:35,191] {logging_mixin.py:104} INFO - [2021-07-16 10:01:35,191] {dag.py:1833} INFO - Sync 1 DAGs
[2021-07-16 10:01:35,297] {logging_mixin.py:104} INFO - [2021-07-16 10:01:35,297] {dag.py:2306} INFO - Setting next_dagrun for example_complex to None
[2021-07-16 10:01:35,519] {scheduler_job.py:190} INFO - Processing /home/karuturihemanth/airflow_env/lib/python3.9/site-packages/airflow/example_dags/example_complex.py took 1.009 seconds
[2021-07-16 10:02:06,537] {scheduler_job.py:182} INFO - Started process (PID=1759) to work on /home/karuturihemanth/airflow_env/lib/python3.9/site-packages/airflow/example_dags/example_complex.py
[2021-07-16 10:02:06,538] {scheduler_job.py:633} INFO - Processing file /home/karuturihemanth/airflow_env/lib/python3.9/site-packages/airflow/example_dags/example_complex.py for tasks to queue
[2021-07-16 10:02:06,538] {logging_mixin.py:104} INFO - [2021-07-16 10:02:06,538] {dagbag.py:496} INFO - Filling up the DagBag from /home/karuturihemanth/airflow_env/lib/python3.9/site-packages/airflow/example_dags/example_complex.py
[2021-07-16 10:02:06,559] {scheduler_job.py:643} INFO - DAG(s) dict_keys(['example_complex']) retrieved from /home/karuturihemanth/airflow_env/lib/python3.9/site-packages/airflow/example_dags/example_complex.py
[2021-07-16 10:02:07,228] {logging_mixin.py:104} INFO - [2021-07-16 10:02:07,227] {dag.py:1833} INFO - Sync 1 DAGs
[2021-07-16 10:02:07,329] {logging_mixin.py:104} INFO - [2021-07-16 10:02:07,329] {dag.py:2306} INFO - Setting next_dagrun for example_complex to None
[2021-07-16 10:02:07,545] {scheduler_job.py:190} INFO - Processing /home/karuturihemanth/airflow_env/lib/python3.9/site-packages/airflow/example_dags/example_complex.py took 1.012 seconds
[2021-07-16 10:02:39,277] {scheduler_job.py:182} INFO - Started process (PID=1929) to work on /home/karuturihemanth/airflow_env/lib/python3.9/site-packages/airflow/example_dags/example_complex.py
[2021-07-16 10:02:39,278] {scheduler_job.py:633} INFO - Processing file /home/karuturihemanth/airflow_env/lib/python3.9/site-packages/airflow/example_dags/example_complex.py for tasks to queue
[2021-07-16 10:02:39,279] {logging_mixin.py:104} INFO - [2021-07-16 10:02:39,279] {dagbag.py:496} INFO - Filling up the DagBag from /home/karuturihemanth/airflow_env/lib/python3.9/site-packages/airflow/example_dags/example_complex.py
[2021-07-16 10:02:39,295] {scheduler_job.py:643} INFO - DAG(s) dict_keys(['example_complex']) retrieved from /home/karuturihemanth/airflow_env/lib/python3.9/site-packages/airflow/example_dags/example_complex.py
[2021-07-16 10:02:39,960] {logging_mixin.py:104} INFO - [2021-07-16 10:02:39,959] {dag.py:1833} INFO - Sync 1 DAGs
[2021-07-16 10:02:40,065] {logging_mixin.py:104} INFO - [2021-07-16 10:02:40,065] {dag.py:2306} INFO - Setting next_dagrun for example_complex to None
[2021-07-16 10:02:40,286] {scheduler_job.py:190} INFO - Processing /home/karuturihemanth/airflow_env/lib/python3.9/site-packages/airflow/example_dags/example_complex.py took 1.012 seconds
[2021-07-16 10:03:10,869] {scheduler_job.py:182} INFO - Started process (PID=2095) to work on /home/karuturihemanth/airflow_env/lib/python3.9/site-packages/airflow/example_dags/example_complex.py
[2021-07-16 10:03:10,870] {scheduler_job.py:633} INFO - Processing file /home/karuturihemanth/airflow_env/lib/python3.9/site-packages/airflow/example_dags/example_complex.py for tasks to queue
[2021-07-16 10:03:10,871] {logging_mixin.py:104} INFO - [2021-07-16 10:03:10,870] {dagbag.py:496} INFO - Filling up the DagBag from /home/karuturihemanth/airflow_env/lib/python3.9/site-packages/airflow/example_dags/example_complex.py
[2021-07-16 10:03:10,890] {scheduler_job.py:643} INFO - DAG(s) dict_keys(['example_complex']) retrieved from /home/karuturihemanth/airflow_env/lib/python3.9/site-packages/airflow/example_dags/example_complex.py
[2021-07-16 10:03:11,543] {logging_mixin.py:104} INFO - [2021-07-16 10:03:11,543] {dag.py:1833} INFO - Sync 1 DAGs
[2021-07-16 10:03:11,644] {logging_mixin.py:104} INFO - [2021-07-16 10:03:11,644] {dag.py:2306} INFO - Setting next_dagrun for example_complex to None
[2021-07-16 10:03:11,862] {scheduler_job.py:190} INFO - Processing /home/karuturihemanth/airflow_env/lib/python3.9/site-packages/airflow/example_dags/example_complex.py took 0.997 seconds
[2021-07-16 10:03:41,903] {scheduler_job.py:182} INFO - Started process (PID=2265) to work on /home/karuturihemanth/airflow_env/lib/python3.9/site-packages/airflow/example_dags/example_complex.py
[2021-07-16 10:03:41,904] {scheduler_job.py:633} INFO - Processing file /home/karuturihemanth/airflow_env/lib/python3.9/site-packages/airflow/example_dags/example_complex.py for tasks to queue
[2021-07-16 10:03:41,904] {logging_mixin.py:104} INFO - [2021-07-16 10:03:41,904] {dagbag.py:496} INFO - Filling up the DagBag from /home/karuturihemanth/airflow_env/lib/python3.9/site-packages/airflow/example_dags/example_complex.py
[2021-07-16 10:03:41,921] {scheduler_job.py:643} INFO - DAG(s) dict_keys(['example_complex']) retrieved from /home/karuturihemanth/airflow_env/lib/python3.9/site-packages/airflow/example_dags/example_complex.py
[2021-07-16 10:03:42,568] {logging_mixin.py:104} INFO - [2021-07-16 10:03:42,568] {dag.py:1833} INFO - Sync 1 DAGs
[2021-07-16 10:03:42,669] {logging_mixin.py:104} INFO - [2021-07-16 10:03:42,669] {dag.py:2306} INFO - Setting next_dagrun for example_complex to None
[2021-07-16 10:03:42,884] {scheduler_job.py:190} INFO - Processing /home/karuturihemanth/airflow_env/lib/python3.9/site-packages/airflow/example_dags/example_complex.py took 0.986 seconds
[2021-07-16 10:04:13,705] {scheduler_job.py:182} INFO - Started process (PID=2432) to work on /home/karuturihemanth/airflow_env/lib/python3.9/site-packages/airflow/example_dags/example_complex.py
[2021-07-16 10:04:13,706] {scheduler_job.py:633} INFO - Processing file /home/karuturihemanth/airflow_env/lib/python3.9/site-packages/airflow/example_dags/example_complex.py for tasks to queue
[2021-07-16 10:04:13,707] {logging_mixin.py:104} INFO - [2021-07-16 10:04:13,707] {dagbag.py:496} INFO - Filling up the DagBag from /home/karuturihemanth/airflow_env/lib/python3.9/site-packages/airflow/example_dags/example_complex.py
[2021-07-16 10:04:13,723] {scheduler_job.py:643} INFO - DAG(s) dict_keys(['example_complex']) retrieved from /home/karuturihemanth/airflow_env/lib/python3.9/site-packages/airflow/example_dags/example_complex.py
[2021-07-16 10:04:14,396] {logging_mixin.py:104} INFO - [2021-07-16 10:04:14,395] {dag.py:1833} INFO - Sync 1 DAGs
[2021-07-16 10:04:14,500] {logging_mixin.py:104} INFO - [2021-07-16 10:04:14,500] {dag.py:2306} INFO - Setting next_dagrun for example_complex to None
[2021-07-16 10:04:14,725] {scheduler_job.py:190} INFO - Processing /home/karuturihemanth/airflow_env/lib/python3.9/site-packages/airflow/example_dags/example_complex.py took 1.024 seconds
[2021-07-16 10:04:46,921] {scheduler_job.py:182} INFO - Started process (PID=2599) to work on /home/karuturihemanth/airflow_env/lib/python3.9/site-packages/airflow/example_dags/example_complex.py
[2021-07-16 10:04:46,922] {scheduler_job.py:633} INFO - Processing file /home/karuturihemanth/airflow_env/lib/python3.9/site-packages/airflow/example_dags/example_complex.py for tasks to queue
[2021-07-16 10:04:46,922] {logging_mixin.py:104} INFO - [2021-07-16 10:04:46,922] {dagbag.py:496} INFO - Filling up the DagBag from /home/karuturihemanth/airflow_env/lib/python3.9/site-packages/airflow/example_dags/example_complex.py
[2021-07-16 10:04:46,939] {scheduler_job.py:643} INFO - DAG(s) dict_keys(['example_complex']) retrieved from /home/karuturihemanth/airflow_env/lib/python3.9/site-packages/airflow/example_dags/example_complex.py
[2021-07-16 10:04:47,587] {logging_mixin.py:104} INFO - [2021-07-16 10:04:47,587] {dag.py:1833} INFO - Sync 1 DAGs
[2021-07-16 10:04:47,687] {logging_mixin.py:104} INFO - [2021-07-16 10:04:47,687] {dag.py:2306} INFO - Setting next_dagrun for example_complex to None
[2021-07-16 10:04:47,904] {scheduler_job.py:190} INFO - Processing /home/karuturihemanth/airflow_env/lib/python3.9/site-packages/airflow/example_dags/example_complex.py took 0.987 seconds
[2021-07-16 10:05:18,522] {scheduler_job.py:182} INFO - Started process (PID=2765) to work on /home/karuturihemanth/airflow_env/lib/python3.9/site-packages/airflow/example_dags/example_complex.py
[2021-07-16 10:05:18,523] {scheduler_job.py:633} INFO - Processing file /home/karuturihemanth/airflow_env/lib/python3.9/site-packages/airflow/example_dags/example_complex.py for tasks to queue
[2021-07-16 10:05:18,523] {logging_mixin.py:104} INFO - [2021-07-16 10:05:18,523] {dagbag.py:496} INFO - Filling up the DagBag from /home/karuturihemanth/airflow_env/lib/python3.9/site-packages/airflow/example_dags/example_complex.py
[2021-07-16 10:05:18,537] {scheduler_job.py:643} INFO - DAG(s) dict_keys(['example_complex']) retrieved from /home/karuturihemanth/airflow_env/lib/python3.9/site-packages/airflow/example_dags/example_complex.py
[2021-07-16 10:05:19,205] {logging_mixin.py:104} INFO - [2021-07-16 10:05:19,205] {dag.py:1833} INFO - Sync 1 DAGs
[2021-07-16 10:05:19,306] {logging_mixin.py:104} INFO - [2021-07-16 10:05:19,306] {dag.py:2306} INFO - Setting next_dagrun for example_complex to None
[2021-07-16 10:05:19,524] {scheduler_job.py:190} INFO - Processing /home/karuturihemanth/airflow_env/lib/python3.9/site-packages/airflow/example_dags/example_complex.py took 1.006 seconds
[2021-07-16 10:05:50,225] {scheduler_job.py:182} INFO - Started process (PID=2932) to work on /home/karuturihemanth/airflow_env/lib/python3.9/site-packages/airflow/example_dags/example_complex.py
[2021-07-16 10:05:50,226] {scheduler_job.py:633} INFO - Processing file /home/karuturihemanth/airflow_env/lib/python3.9/site-packages/airflow/example_dags/example_complex.py for tasks to queue
[2021-07-16 10:05:50,227] {logging_mixin.py:104} INFO - [2021-07-16 10:05:50,227] {dagbag.py:496} INFO - Filling up the DagBag from /home/karuturihemanth/airflow_env/lib/python3.9/site-packages/airflow/example_dags/example_complex.py
[2021-07-16 10:05:50,241] {scheduler_job.py:643} INFO - DAG(s) dict_keys(['example_complex']) retrieved from /home/karuturihemanth/airflow_env/lib/python3.9/site-packages/airflow/example_dags/example_complex.py
[2021-07-16 10:05:50,914] {logging_mixin.py:104} INFO - [2021-07-16 10:05:50,914] {dag.py:1833} INFO - Sync 1 DAGs
[2021-07-16 10:05:51,022] {logging_mixin.py:104} INFO - [2021-07-16 10:05:51,022] {dag.py:2306} INFO - Setting next_dagrun for example_complex to None
[2021-07-16 10:05:51,249] {scheduler_job.py:190} INFO - Processing /home/karuturihemanth/airflow_env/lib/python3.9/site-packages/airflow/example_dags/example_complex.py took 1.027 seconds
[2021-07-16 10:06:21,873] {scheduler_job.py:182} INFO - Started process (PID=3098) to work on /home/karuturihemanth/airflow_env/lib/python3.9/site-packages/airflow/example_dags/example_complex.py
[2021-07-16 10:06:21,873] {scheduler_job.py:633} INFO - Processing file /home/karuturihemanth/airflow_env/lib/python3.9/site-packages/airflow/example_dags/example_complex.py for tasks to queue
[2021-07-16 10:06:21,874] {logging_mixin.py:104} INFO - [2021-07-16 10:06:21,874] {dagbag.py:496} INFO - Filling up the DagBag from /home/karuturihemanth/airflow_env/lib/python3.9/site-packages/airflow/example_dags/example_complex.py
[2021-07-16 10:06:21,888] {scheduler_job.py:643} INFO - DAG(s) dict_keys(['example_complex']) retrieved from /home/karuturihemanth/airflow_env/lib/python3.9/site-packages/airflow/example_dags/example_complex.py
[2021-07-16 10:06:22,551] {logging_mixin.py:104} INFO - [2021-07-16 10:06:22,551] {dag.py:1833} INFO - Sync 1 DAGs
[2021-07-16 10:06:22,655] {logging_mixin.py:104} INFO - [2021-07-16 10:06:22,655] {dag.py:2306} INFO - Setting next_dagrun for example_complex to None
[2021-07-16 10:06:22,874] {scheduler_job.py:190} INFO - Processing /home/karuturihemanth/airflow_env/lib/python3.9/site-packages/airflow/example_dags/example_complex.py took 1.005 seconds
[2021-07-16 10:06:53,670] {scheduler_job.py:182} INFO - Started process (PID=3265) to work on /home/karuturihemanth/airflow_env/lib/python3.9/site-packages/airflow/example_dags/example_complex.py
[2021-07-16 10:06:53,671] {scheduler_job.py:633} INFO - Processing file /home/karuturihemanth/airflow_env/lib/python3.9/site-packages/airflow/example_dags/example_complex.py for tasks to queue
[2021-07-16 10:06:53,671] {logging_mixin.py:104} INFO - [2021-07-16 10:06:53,671] {dagbag.py:496} INFO - Filling up the DagBag from /home/karuturihemanth/airflow_env/lib/python3.9/site-packages/airflow/example_dags/example_complex.py
[2021-07-16 10:06:53,686] {scheduler_job.py:643} INFO - DAG(s) dict_keys(['example_complex']) retrieved from /home/karuturihemanth/airflow_env/lib/python3.9/site-packages/airflow/example_dags/example_complex.py
[2021-07-16 10:06:54,362] {logging_mixin.py:104} INFO - [2021-07-16 10:06:54,362] {dag.py:1833} INFO - Sync 1 DAGs
[2021-07-16 10:06:54,468] {logging_mixin.py:104} INFO - [2021-07-16 10:06:54,468] {dag.py:2306} INFO - Setting next_dagrun for example_complex to None
[2021-07-16 10:06:54,695] {scheduler_job.py:190} INFO - Processing /home/karuturihemanth/airflow_env/lib/python3.9/site-packages/airflow/example_dags/example_complex.py took 1.028 seconds
[2021-07-16 10:07:25,556] {scheduler_job.py:182} INFO - Started process (PID=3433) to work on /home/karuturihemanth/airflow_env/lib/python3.9/site-packages/airflow/example_dags/example_complex.py
[2021-07-16 10:07:25,557] {scheduler_job.py:633} INFO - Processing file /home/karuturihemanth/airflow_env/lib/python3.9/site-packages/airflow/example_dags/example_complex.py for tasks to queue
[2021-07-16 10:07:25,557] {logging_mixin.py:104} INFO - [2021-07-16 10:07:25,557] {dagbag.py:496} INFO - Filling up the DagBag from /home/karuturihemanth/airflow_env/lib/python3.9/site-packages/airflow/example_dags/example_complex.py
[2021-07-16 10:07:25,578] {scheduler_job.py:643} INFO - DAG(s) dict_keys(['example_complex']) retrieved from /home/karuturihemanth/airflow_env/lib/python3.9/site-packages/airflow/example_dags/example_complex.py
[2021-07-16 10:07:26,245] {logging_mixin.py:104} INFO - [2021-07-16 10:07:26,245] {dag.py:1833} INFO - Sync 1 DAGs
[2021-07-16 10:07:26,353] {logging_mixin.py:104} INFO - [2021-07-16 10:07:26,353] {dag.py:2306} INFO - Setting next_dagrun for example_complex to None
[2021-07-16 10:07:26,580] {scheduler_job.py:190} INFO - Processing /home/karuturihemanth/airflow_env/lib/python3.9/site-packages/airflow/example_dags/example_complex.py took 1.028 seconds
[2021-07-16 10:07:57,101] {scheduler_job.py:182} INFO - Started process (PID=3598) to work on /home/karuturihemanth/airflow_env/lib/python3.9/site-packages/airflow/example_dags/example_complex.py
[2021-07-16 10:07:57,101] {scheduler_job.py:633} INFO - Processing file /home/karuturihemanth/airflow_env/lib/python3.9/site-packages/airflow/example_dags/example_complex.py for tasks to queue
[2021-07-16 10:07:57,102] {logging_mixin.py:104} INFO - [2021-07-16 10:07:57,102] {dagbag.py:496} INFO - Filling up the DagBag from /home/karuturihemanth/airflow_env/lib/python3.9/site-packages/airflow/example_dags/example_complex.py
[2021-07-16 10:07:57,116] {scheduler_job.py:643} INFO - DAG(s) dict_keys(['example_complex']) retrieved from /home/karuturihemanth/airflow_env/lib/python3.9/site-packages/airflow/example_dags/example_complex.py
[2021-07-16 10:07:57,782] {logging_mixin.py:104} INFO - [2021-07-16 10:07:57,782] {dag.py:1833} INFO - Sync 1 DAGs
[2021-07-16 10:07:57,885] {logging_mixin.py:104} INFO - [2021-07-16 10:07:57,885] {dag.py:2306} INFO - Setting next_dagrun for example_complex to None
[2021-07-16 10:07:58,104] {scheduler_job.py:190} INFO - Processing /home/karuturihemanth/airflow_env/lib/python3.9/site-packages/airflow/example_dags/example_complex.py took 1.007 seconds
[2021-07-16 10:08:28,717] {scheduler_job.py:182} INFO - Started process (PID=3766) to work on /home/karuturihemanth/airflow_env/lib/python3.9/site-packages/airflow/example_dags/example_complex.py
[2021-07-16 10:08:28,718] {scheduler_job.py:633} INFO - Processing file /home/karuturihemanth/airflow_env/lib/python3.9/site-packages/airflow/example_dags/example_complex.py for tasks to queue
[2021-07-16 10:08:28,719] {logging_mixin.py:104} INFO - [2021-07-16 10:08:28,719] {dagbag.py:496} INFO - Filling up the DagBag from /home/karuturihemanth/airflow_env/lib/python3.9/site-packages/airflow/example_dags/example_complex.py
[2021-07-16 10:08:28,733] {scheduler_job.py:643} INFO - DAG(s) dict_keys(['example_complex']) retrieved from /home/karuturihemanth/airflow_env/lib/python3.9/site-packages/airflow/example_dags/example_complex.py
[2021-07-16 10:08:29,378] {logging_mixin.py:104} INFO - [2021-07-16 10:08:29,378] {dag.py:1833} INFO - Sync 1 DAGs
[2021-07-16 10:08:29,479] {logging_mixin.py:104} INFO - [2021-07-16 10:08:29,479] {dag.py:2306} INFO - Setting next_dagrun for example_complex to None
[2021-07-16 10:08:29,694] {scheduler_job.py:190} INFO - Processing /home/karuturihemanth/airflow_env/lib/python3.9/site-packages/airflow/example_dags/example_complex.py took 0.980 seconds
[2021-07-16 10:09:01,281] {scheduler_job.py:182} INFO - Started process (PID=3932) to work on /home/karuturihemanth/airflow_env/lib/python3.9/site-packages/airflow/example_dags/example_complex.py
[2021-07-16 10:09:01,283] {scheduler_job.py:633} INFO - Processing file /home/karuturihemanth/airflow_env/lib/python3.9/site-packages/airflow/example_dags/example_complex.py for tasks to queue
[2021-07-16 10:09:01,283] {logging_mixin.py:104} INFO - [2021-07-16 10:09:01,283] {dagbag.py:496} INFO - Filling up the DagBag from /home/karuturihemanth/airflow_env/lib/python3.9/site-packages/airflow/example_dags/example_complex.py
[2021-07-16 10:09:01,304] {scheduler_job.py:643} INFO - DAG(s) dict_keys(['example_complex']) retrieved from /home/karuturihemanth/airflow_env/lib/python3.9/site-packages/airflow/example_dags/example_complex.py
[2021-07-16 10:09:01,968] {logging_mixin.py:104} INFO - [2021-07-16 10:09:01,967] {dag.py:1833} INFO - Sync 1 DAGs
[2021-07-16 10:09:02,071] {logging_mixin.py:104} INFO - [2021-07-16 10:09:02,071] {dag.py:2306} INFO - Setting next_dagrun for example_complex to None
[2021-07-16 10:09:02,291] {scheduler_job.py:190} INFO - Processing /home/karuturihemanth/airflow_env/lib/python3.9/site-packages/airflow/example_dags/example_complex.py took 1.014 seconds
[2021-07-16 10:09:32,684] {scheduler_job.py:182} INFO - Started process (PID=4099) to work on /home/karuturihemanth/airflow_env/lib/python3.9/site-packages/airflow/example_dags/example_complex.py
[2021-07-16 10:09:32,685] {scheduler_job.py:633} INFO - Processing file /home/karuturihemanth/airflow_env/lib/python3.9/site-packages/airflow/example_dags/example_complex.py for tasks to queue
[2021-07-16 10:09:32,685] {logging_mixin.py:104} INFO - [2021-07-16 10:09:32,685] {dagbag.py:496} INFO - Filling up the DagBag from /home/karuturihemanth/airflow_env/lib/python3.9/site-packages/airflow/example_dags/example_complex.py
[2021-07-16 10:09:32,700] {scheduler_job.py:643} INFO - DAG(s) dict_keys(['example_complex']) retrieved from /home/karuturihemanth/airflow_env/lib/python3.9/site-packages/airflow/example_dags/example_complex.py
[2021-07-16 10:09:33,343] {logging_mixin.py:104} INFO - [2021-07-16 10:09:33,343] {dag.py:1833} INFO - Sync 1 DAGs
[2021-07-16 10:09:33,444] {logging_mixin.py:104} INFO - [2021-07-16 10:09:33,444] {dag.py:2306} INFO - Setting next_dagrun for example_complex to None
[2021-07-16 10:09:33,658] {scheduler_job.py:190} INFO - Processing /home/karuturihemanth/airflow_env/lib/python3.9/site-packages/airflow/example_dags/example_complex.py took 0.978 seconds
[2021-07-16 10:10:04,954] {scheduler_job.py:182} INFO - Started process (PID=4264) to work on /home/karuturihemanth/airflow_env/lib/python3.9/site-packages/airflow/example_dags/example_complex.py
[2021-07-16 10:10:04,955] {scheduler_job.py:633} INFO - Processing file /home/karuturihemanth/airflow_env/lib/python3.9/site-packages/airflow/example_dags/example_complex.py for tasks to queue
[2021-07-16 10:10:04,956] {logging_mixin.py:104} INFO - [2021-07-16 10:10:04,956] {dagbag.py:496} INFO - Filling up the DagBag from /home/karuturihemanth/airflow_env/lib/python3.9/site-packages/airflow/example_dags/example_complex.py
[2021-07-16 10:10:04,974] {scheduler_job.py:643} INFO - DAG(s) dict_keys(['example_complex']) retrieved from /home/karuturihemanth/airflow_env/lib/python3.9/site-packages/airflow/example_dags/example_complex.py
[2021-07-16 10:10:05,639] {logging_mixin.py:104} INFO - [2021-07-16 10:10:05,639] {dag.py:1833} INFO - Sync 1 DAGs
[2021-07-16 10:10:05,741] {logging_mixin.py:104} INFO - [2021-07-16 10:10:05,741] {dag.py:2306} INFO - Setting next_dagrun for example_complex to None
[2021-07-16 10:10:05,961] {scheduler_job.py:190} INFO - Processing /home/karuturihemanth/airflow_env/lib/python3.9/site-packages/airflow/example_dags/example_complex.py took 1.011 seconds
[2021-07-16 10:10:36,839] {scheduler_job.py:182} INFO - Started process (PID=4432) to work on /home/karuturihemanth/airflow_env/lib/python3.9/site-packages/airflow/example_dags/example_complex.py
[2021-07-16 10:10:36,840] {scheduler_job.py:633} INFO - Processing file /home/karuturihemanth/airflow_env/lib/python3.9/site-packages/airflow/example_dags/example_complex.py for tasks to queue
[2021-07-16 10:10:36,840] {logging_mixin.py:104} INFO - [2021-07-16 10:10:36,840] {dagbag.py:496} INFO - Filling up the DagBag from /home/karuturihemanth/airflow_env/lib/python3.9/site-packages/airflow/example_dags/example_complex.py
[2021-07-16 10:10:36,859] {scheduler_job.py:643} INFO - DAG(s) dict_keys(['example_complex']) retrieved from /home/karuturihemanth/airflow_env/lib/python3.9/site-packages/airflow/example_dags/example_complex.py
[2021-07-16 10:10:37,515] {logging_mixin.py:104} INFO - [2021-07-16 10:10:37,515] {dag.py:1833} INFO - Sync 1 DAGs
[2021-07-16 10:10:37,616] {logging_mixin.py:104} INFO - [2021-07-16 10:10:37,616] {dag.py:2306} INFO - Setting next_dagrun for example_complex to None
[2021-07-16 10:10:37,834] {scheduler_job.py:190} INFO - Processing /home/karuturihemanth/airflow_env/lib/python3.9/site-packages/airflow/example_dags/example_complex.py took 0.998 seconds
[2021-07-16 10:11:08,632] {scheduler_job.py:182} INFO - Started process (PID=4598) to work on /home/karuturihemanth/airflow_env/lib/python3.9/site-packages/airflow/example_dags/example_complex.py
[2021-07-16 10:11:08,633] {scheduler_job.py:633} INFO - Processing file /home/karuturihemanth/airflow_env/lib/python3.9/site-packages/airflow/example_dags/example_complex.py for tasks to queue
[2021-07-16 10:11:08,634] {logging_mixin.py:104} INFO - [2021-07-16 10:11:08,634] {dagbag.py:496} INFO - Filling up the DagBag from /home/karuturihemanth/airflow_env/lib/python3.9/site-packages/airflow/example_dags/example_complex.py
[2021-07-16 10:11:08,655] {scheduler_job.py:643} INFO - DAG(s) dict_keys(['example_complex']) retrieved from /home/karuturihemanth/airflow_env/lib/python3.9/site-packages/airflow/example_dags/example_complex.py
[2021-07-16 10:11:09,332] {logging_mixin.py:104} INFO - [2021-07-16 10:11:09,332] {dag.py:1833} INFO - Sync 1 DAGs
[2021-07-16 10:11:09,442] {logging_mixin.py:104} INFO - [2021-07-16 10:11:09,442] {dag.py:2306} INFO - Setting next_dagrun for example_complex to None
[2021-07-16 10:11:09,667] {scheduler_job.py:190} INFO - Processing /home/karuturihemanth/airflow_env/lib/python3.9/site-packages/airflow/example_dags/example_complex.py took 1.038 seconds
[2021-07-16 10:11:40,340] {scheduler_job.py:182} INFO - Started process (PID=4765) to work on /home/karuturihemanth/airflow_env/lib/python3.9/site-packages/airflow/example_dags/example_complex.py
[2021-07-16 10:11:40,342] {scheduler_job.py:633} INFO - Processing file /home/karuturihemanth/airflow_env/lib/python3.9/site-packages/airflow/example_dags/example_complex.py for tasks to queue
[2021-07-16 10:11:40,342] {logging_mixin.py:104} INFO - [2021-07-16 10:11:40,342] {dagbag.py:496} INFO - Filling up the DagBag from /home/karuturihemanth/airflow_env/lib/python3.9/site-packages/airflow/example_dags/example_complex.py
[2021-07-16 10:11:40,356] {scheduler_job.py:643} INFO - DAG(s) dict_keys(['example_complex']) retrieved from /home/karuturihemanth/airflow_env/lib/python3.9/site-packages/airflow/example_dags/example_complex.py
[2021-07-16 10:11:41,005] {logging_mixin.py:104} INFO - [2021-07-16 10:11:41,005] {dag.py:1833} INFO - Sync 1 DAGs
[2021-07-16 10:11:41,106] {logging_mixin.py:104} INFO - [2021-07-16 10:11:41,106] {dag.py:2306} INFO - Setting next_dagrun for example_complex to None
[2021-07-16 10:11:41,323] {scheduler_job.py:190} INFO - Processing /home/karuturihemanth/airflow_env/lib/python3.9/site-packages/airflow/example_dags/example_complex.py took 0.988 seconds
[2021-07-16 10:12:12,099] {scheduler_job.py:182} INFO - Started process (PID=4931) to work on /home/karuturihemanth/airflow_env/lib/python3.9/site-packages/airflow/example_dags/example_complex.py
[2021-07-16 10:12:12,100] {scheduler_job.py:633} INFO - Processing file /home/karuturihemanth/airflow_env/lib/python3.9/site-packages/airflow/example_dags/example_complex.py for tasks to queue
[2021-07-16 10:12:12,100] {logging_mixin.py:104} INFO - [2021-07-16 10:12:12,100] {dagbag.py:496} INFO - Filling up the DagBag from /home/karuturihemanth/airflow_env/lib/python3.9/site-packages/airflow/example_dags/example_complex.py
[2021-07-16 10:12:12,122] {scheduler_job.py:643} INFO - DAG(s) dict_keys(['example_complex']) retrieved from /home/karuturihemanth/airflow_env/lib/python3.9/site-packages/airflow/example_dags/example_complex.py
[2021-07-16 10:12:12,790] {logging_mixin.py:104} INFO - [2021-07-16 10:12:12,790] {dag.py:1833} INFO - Sync 1 DAGs
[2021-07-16 10:12:12,893] {logging_mixin.py:104} INFO - [2021-07-16 10:12:12,893] {dag.py:2306} INFO - Setting next_dagrun for example_complex to None
[2021-07-16 10:12:13,112] {scheduler_job.py:190} INFO - Processing /home/karuturihemanth/airflow_env/lib/python3.9/site-packages/airflow/example_dags/example_complex.py took 1.017 seconds
[2021-07-16 10:12:43,933] {scheduler_job.py:182} INFO - Started process (PID=5098) to work on /home/karuturihemanth/airflow_env/lib/python3.9/site-packages/airflow/example_dags/example_complex.py
[2021-07-16 10:12:43,934] {scheduler_job.py:633} INFO - Processing file /home/karuturihemanth/airflow_env/lib/python3.9/site-packages/airflow/example_dags/example_complex.py for tasks to queue
[2021-07-16 10:12:43,935] {logging_mixin.py:104} INFO - [2021-07-16 10:12:43,935] {dagbag.py:496} INFO - Filling up the DagBag from /home/karuturihemanth/airflow_env/lib/python3.9/site-packages/airflow/example_dags/example_complex.py
[2021-07-16 10:12:43,958] {scheduler_job.py:643} INFO - DAG(s) dict_keys(['example_complex']) retrieved from /home/karuturihemanth/airflow_env/lib/python3.9/site-packages/airflow/example_dags/example_complex.py
[2021-07-16 10:12:44,628] {logging_mixin.py:104} INFO - [2021-07-16 10:12:44,628] {dag.py:1833} INFO - Sync 1 DAGs
[2021-07-16 10:12:44,732] {logging_mixin.py:104} INFO - [2021-07-16 10:12:44,731] {dag.py:2306} INFO - Setting next_dagrun for example_complex to None
[2021-07-16 10:12:44,953] {scheduler_job.py:190} INFO - Processing /home/karuturihemanth/airflow_env/lib/python3.9/site-packages/airflow/example_dags/example_complex.py took 1.023 seconds
[2021-07-16 10:13:15,626] {scheduler_job.py:182} INFO - Started process (PID=5264) to work on /home/karuturihemanth/airflow_env/lib/python3.9/site-packages/airflow/example_dags/example_complex.py
[2021-07-16 10:13:15,627] {scheduler_job.py:633} INFO - Processing file /home/karuturihemanth/airflow_env/lib/python3.9/site-packages/airflow/example_dags/example_complex.py for tasks to queue
[2021-07-16 10:13:15,627] {logging_mixin.py:104} INFO - [2021-07-16 10:13:15,627] {dagbag.py:496} INFO - Filling up the DagBag from /home/karuturihemanth/airflow_env/lib/python3.9/site-packages/airflow/example_dags/example_complex.py
[2021-07-16 10:13:15,642] {scheduler_job.py:643} INFO - DAG(s) dict_keys(['example_complex']) retrieved from /home/karuturihemanth/airflow_env/lib/python3.9/site-packages/airflow/example_dags/example_complex.py
[2021-07-16 10:13:16,322] {logging_mixin.py:104} INFO - [2021-07-16 10:13:16,322] {dag.py:1833} INFO - Sync 1 DAGs
[2021-07-16 10:13:16,426] {logging_mixin.py:104} INFO - [2021-07-16 10:13:16,426] {dag.py:2306} INFO - Setting next_dagrun for example_complex to None
[2021-07-16 10:13:16,652] {scheduler_job.py:190} INFO - Processing /home/karuturihemanth/airflow_env/lib/python3.9/site-packages/airflow/example_dags/example_complex.py took 1.029 seconds
[2021-07-16 10:13:47,362] {scheduler_job.py:182} INFO - Started process (PID=5433) to work on /home/karuturihemanth/airflow_env/lib/python3.9/site-packages/airflow/example_dags/example_complex.py
[2021-07-16 10:13:47,362] {scheduler_job.py:633} INFO - Processing file /home/karuturihemanth/airflow_env/lib/python3.9/site-packages/airflow/example_dags/example_complex.py for tasks to queue
[2021-07-16 10:13:47,363] {logging_mixin.py:104} INFO - [2021-07-16 10:13:47,363] {dagbag.py:496} INFO - Filling up the DagBag from /home/karuturihemanth/airflow_env/lib/python3.9/site-packages/airflow/example_dags/example_complex.py
[2021-07-16 10:13:47,377] {scheduler_job.py:643} INFO - DAG(s) dict_keys(['example_complex']) retrieved from /home/karuturihemanth/airflow_env/lib/python3.9/site-packages/airflow/example_dags/example_complex.py
[2021-07-16 10:13:48,034] {logging_mixin.py:104} INFO - [2021-07-16 10:13:48,033] {dag.py:1833} INFO - Sync 1 DAGs
[2021-07-16 10:13:48,142] {logging_mixin.py:104} INFO - [2021-07-16 10:13:48,142] {dag.py:2306} INFO - Setting next_dagrun for example_complex to None
[2021-07-16 10:13:48,362] {scheduler_job.py:190} INFO - Processing /home/karuturihemanth/airflow_env/lib/python3.9/site-packages/airflow/example_dags/example_complex.py took 1.004 seconds
[2021-07-16 10:14:18,853] {scheduler_job.py:182} INFO - Started process (PID=5599) to work on /home/karuturihemanth/airflow_env/lib/python3.9/site-packages/airflow/example_dags/example_complex.py
[2021-07-16 10:14:18,854] {scheduler_job.py:633} INFO - Processing file /home/karuturihemanth/airflow_env/lib/python3.9/site-packages/airflow/example_dags/example_complex.py for tasks to queue
[2021-07-16 10:14:18,855] {logging_mixin.py:104} INFO - [2021-07-16 10:14:18,854] {dagbag.py:496} INFO - Filling up the DagBag from /home/karuturihemanth/airflow_env/lib/python3.9/site-packages/airflow/example_dags/example_complex.py
[2021-07-16 10:14:18,870] {scheduler_job.py:643} INFO - DAG(s) dict_keys(['example_complex']) retrieved from /home/karuturihemanth/airflow_env/lib/python3.9/site-packages/airflow/example_dags/example_complex.py
[2021-07-16 10:14:19,550] {logging_mixin.py:104} INFO - [2021-07-16 10:14:19,550] {dag.py:1833} INFO - Sync 1 DAGs
[2021-07-16 10:14:19,657] {logging_mixin.py:104} INFO - [2021-07-16 10:14:19,657] {dag.py:2306} INFO - Setting next_dagrun for example_complex to None
[2021-07-16 10:14:19,882] {scheduler_job.py:190} INFO - Processing /home/karuturihemanth/airflow_env/lib/python3.9/site-packages/airflow/example_dags/example_complex.py took 1.032 seconds
[2021-07-16 11:12:30,553] {scheduler_job.py:182} INFO - Started process (PID=6852) to work on /home/karuturihemanth/airflow_env/lib/python3.9/site-packages/airflow/example_dags/example_complex.py
[2021-07-16 11:12:30,554] {scheduler_job.py:633} INFO - Processing file /home/karuturihemanth/airflow_env/lib/python3.9/site-packages/airflow/example_dags/example_complex.py for tasks to queue
[2021-07-16 11:12:30,555] {logging_mixin.py:104} INFO - [2021-07-16 11:12:30,555] {dagbag.py:496} INFO - Filling up the DagBag from /home/karuturihemanth/airflow_env/lib/python3.9/site-packages/airflow/example_dags/example_complex.py
[2021-07-16 11:12:30,571] {scheduler_job.py:643} INFO - DAG(s) dict_keys(['example_complex']) retrieved from /home/karuturihemanth/airflow_env/lib/python3.9/site-packages/airflow/example_dags/example_complex.py
[2021-07-16 11:12:31,250] {logging_mixin.py:104} INFO - [2021-07-16 11:12:31,250] {dag.py:1833} INFO - Sync 1 DAGs
[2021-07-16 11:12:31,356] {logging_mixin.py:104} INFO - [2021-07-16 11:12:31,356] {dag.py:2306} INFO - Setting next_dagrun for example_complex to None
[2021-07-16 11:12:31,584] {scheduler_job.py:190} INFO - Processing /home/karuturihemanth/airflow_env/lib/python3.9/site-packages/airflow/example_dags/example_complex.py took 1.035 seconds
[2021-07-16 11:13:02,754] {scheduler_job.py:182} INFO - Started process (PID=6895) to work on /home/karuturihemanth/airflow_env/lib/python3.9/site-packages/airflow/example_dags/example_complex.py
[2021-07-16 11:13:02,755] {scheduler_job.py:633} INFO - Processing file /home/karuturihemanth/airflow_env/lib/python3.9/site-packages/airflow/example_dags/example_complex.py for tasks to queue
[2021-07-16 11:13:02,756] {logging_mixin.py:104} INFO - [2021-07-16 11:13:02,756] {dagbag.py:496} INFO - Filling up the DagBag from /home/karuturihemanth/airflow_env/lib/python3.9/site-packages/airflow/example_dags/example_complex.py
[2021-07-16 11:13:02,774] {scheduler_job.py:643} INFO - DAG(s) dict_keys(['example_complex']) retrieved from /home/karuturihemanth/airflow_env/lib/python3.9/site-packages/airflow/example_dags/example_complex.py
[2021-07-16 11:13:03,440] {logging_mixin.py:104} INFO - [2021-07-16 11:13:03,439] {dag.py:1833} INFO - Sync 1 DAGs
[2021-07-16 11:13:03,543] {logging_mixin.py:104} INFO - [2021-07-16 11:13:03,543] {dag.py:2306} INFO - Setting next_dagrun for example_complex to None
[2021-07-16 11:13:03,765] {scheduler_job.py:190} INFO - Processing /home/karuturihemanth/airflow_env/lib/python3.9/site-packages/airflow/example_dags/example_complex.py took 1.016 seconds
[2021-07-16 11:13:33,863] {scheduler_job.py:182} INFO - Started process (PID=6930) to work on /home/karuturihemanth/airflow_env/lib/python3.9/site-packages/airflow/example_dags/example_complex.py
[2021-07-16 11:13:33,864] {scheduler_job.py:633} INFO - Processing file /home/karuturihemanth/airflow_env/lib/python3.9/site-packages/airflow/example_dags/example_complex.py for tasks to queue
[2021-07-16 11:13:33,865] {logging_mixin.py:104} INFO - [2021-07-16 11:13:33,865] {dagbag.py:496} INFO - Filling up the DagBag from /home/karuturihemanth/airflow_env/lib/python3.9/site-packages/airflow/example_dags/example_complex.py
[2021-07-16 11:13:33,879] {scheduler_job.py:643} INFO - DAG(s) dict_keys(['example_complex']) retrieved from /home/karuturihemanth/airflow_env/lib/python3.9/site-packages/airflow/example_dags/example_complex.py
[2021-07-16 11:13:34,530] {logging_mixin.py:104} INFO - [2021-07-16 11:13:34,530] {dag.py:1833} INFO - Sync 1 DAGs
[2021-07-16 11:13:34,633] {logging_mixin.py:104} INFO - [2021-07-16 11:13:34,632] {dag.py:2306} INFO - Setting next_dagrun for example_complex to None
[2021-07-16 11:13:34,848] {scheduler_job.py:190} INFO - Processing /home/karuturihemanth/airflow_env/lib/python3.9/site-packages/airflow/example_dags/example_complex.py took 0.988 seconds
[2021-07-16 11:14:05,789] {scheduler_job.py:182} INFO - Started process (PID=6964) to work on /home/karuturihemanth/airflow_env/lib/python3.9/site-packages/airflow/example_dags/example_complex.py
[2021-07-16 11:14:05,790] {scheduler_job.py:633} INFO - Processing file /home/karuturihemanth/airflow_env/lib/python3.9/site-packages/airflow/example_dags/example_complex.py for tasks to queue
[2021-07-16 11:14:05,791] {logging_mixin.py:104} INFO - [2021-07-16 11:14:05,791] {dagbag.py:496} INFO - Filling up the DagBag from /home/karuturihemanth/airflow_env/lib/python3.9/site-packages/airflow/example_dags/example_complex.py
[2021-07-16 11:14:05,805] {scheduler_job.py:643} INFO - DAG(s) dict_keys(['example_complex']) retrieved from /home/karuturihemanth/airflow_env/lib/python3.9/site-packages/airflow/example_dags/example_complex.py
[2021-07-16 11:14:06,472] {logging_mixin.py:104} INFO - [2021-07-16 11:14:06,472] {dag.py:1833} INFO - Sync 1 DAGs
[2021-07-16 11:14:06,579] {logging_mixin.py:104} INFO - [2021-07-16 11:14:06,579] {dag.py:2306} INFO - Setting next_dagrun for example_complex to None
[2021-07-16 11:14:06,800] {scheduler_job.py:190} INFO - Processing /home/karuturihemanth/airflow_env/lib/python3.9/site-packages/airflow/example_dags/example_complex.py took 1.014 seconds
[2021-07-16 11:14:37,712] {scheduler_job.py:182} INFO - Started process (PID=6999) to work on /home/karuturihemanth/airflow_env/lib/python3.9/site-packages/airflow/example_dags/example_complex.py
[2021-07-16 11:14:37,713] {scheduler_job.py:633} INFO - Processing file /home/karuturihemanth/airflow_env/lib/python3.9/site-packages/airflow/example_dags/example_complex.py for tasks to queue
[2021-07-16 11:14:37,713] {logging_mixin.py:104} INFO - [2021-07-16 11:14:37,713] {dagbag.py:496} INFO - Filling up the DagBag from /home/karuturihemanth/airflow_env/lib/python3.9/site-packages/airflow/example_dags/example_complex.py
[2021-07-16 11:14:37,728] {scheduler_job.py:643} INFO - DAG(s) dict_keys(['example_complex']) retrieved from /home/karuturihemanth/airflow_env/lib/python3.9/site-packages/airflow/example_dags/example_complex.py
[2021-07-16 11:14:38,398] {logging_mixin.py:104} INFO - [2021-07-16 11:14:38,397] {dag.py:1833} INFO - Sync 1 DAGs
[2021-07-16 11:14:38,502] {logging_mixin.py:104} INFO - [2021-07-16 11:14:38,502] {dag.py:2306} INFO - Setting next_dagrun for example_complex to None
[2021-07-16 11:14:38,723] {scheduler_job.py:190} INFO - Processing /home/karuturihemanth/airflow_env/lib/python3.9/site-packages/airflow/example_dags/example_complex.py took 1.015 seconds
[2021-07-16 11:15:09,627] {scheduler_job.py:182} INFO - Started process (PID=7034) to work on /home/karuturihemanth/airflow_env/lib/python3.9/site-packages/airflow/example_dags/example_complex.py
[2021-07-16 11:15:09,628] {scheduler_job.py:633} INFO - Processing file /home/karuturihemanth/airflow_env/lib/python3.9/site-packages/airflow/example_dags/example_complex.py for tasks to queue
[2021-07-16 11:15:09,628] {logging_mixin.py:104} INFO - [2021-07-16 11:15:09,628] {dagbag.py:496} INFO - Filling up the DagBag from /home/karuturihemanth/airflow_env/lib/python3.9/site-packages/airflow/example_dags/example_complex.py
[2021-07-16 11:15:09,643] {scheduler_job.py:643} INFO - DAG(s) dict_keys(['example_complex']) retrieved from /home/karuturihemanth/airflow_env/lib/python3.9/site-packages/airflow/example_dags/example_complex.py
[2021-07-16 11:15:10,325] {logging_mixin.py:104} INFO - [2021-07-16 11:15:10,325] {dag.py:1833} INFO - Sync 1 DAGs
[2021-07-16 11:15:10,431] {logging_mixin.py:104} INFO - [2021-07-16 11:15:10,431] {dag.py:2306} INFO - Setting next_dagrun for example_complex to None
[2021-07-16 11:15:10,658] {scheduler_job.py:190} INFO - Processing /home/karuturihemanth/airflow_env/lib/python3.9/site-packages/airflow/example_dags/example_complex.py took 1.034 seconds
[2021-07-16 11:15:41,618] {scheduler_job.py:182} INFO - Started process (PID=7069) to work on /home/karuturihemanth/airflow_env/lib/python3.9/site-packages/airflow/example_dags/example_complex.py
[2021-07-16 11:15:41,618] {scheduler_job.py:633} INFO - Processing file /home/karuturihemanth/airflow_env/lib/python3.9/site-packages/airflow/example_dags/example_complex.py for tasks to queue
[2021-07-16 11:15:41,619] {logging_mixin.py:104} INFO - [2021-07-16 11:15:41,619] {dagbag.py:496} INFO - Filling up the DagBag from /home/karuturihemanth/airflow_env/lib/python3.9/site-packages/airflow/example_dags/example_complex.py
[2021-07-16 11:15:41,633] {scheduler_job.py:643} INFO - DAG(s) dict_keys(['example_complex']) retrieved from /home/karuturihemanth/airflow_env/lib/python3.9/site-packages/airflow/example_dags/example_complex.py
[2021-07-16 11:15:42,278] {logging_mixin.py:104} INFO - [2021-07-16 11:15:42,278] {dag.py:1833} INFO - Sync 1 DAGs
[2021-07-16 11:15:42,378] {logging_mixin.py:104} INFO - [2021-07-16 11:15:42,378] {dag.py:2306} INFO - Setting next_dagrun for example_complex to None
[2021-07-16 11:15:42,593] {scheduler_job.py:190} INFO - Processing /home/karuturihemanth/airflow_env/lib/python3.9/site-packages/airflow/example_dags/example_complex.py took 0.979 seconds
[2021-07-16 11:16:13,221] {scheduler_job.py:182} INFO - Started process (PID=7103) to work on /home/karuturihemanth/airflow_env/lib/python3.9/site-packages/airflow/example_dags/example_complex.py
[2021-07-16 11:16:13,222] {scheduler_job.py:633} INFO - Processing file /home/karuturihemanth/airflow_env/lib/python3.9/site-packages/airflow/example_dags/example_complex.py for tasks to queue
[2021-07-16 11:16:13,222] {logging_mixin.py:104} INFO - [2021-07-16 11:16:13,222] {dagbag.py:496} INFO - Filling up the DagBag from /home/karuturihemanth/airflow_env/lib/python3.9/site-packages/airflow/example_dags/example_complex.py
[2021-07-16 11:16:13,237] {scheduler_job.py:643} INFO - DAG(s) dict_keys(['example_complex']) retrieved from /home/karuturihemanth/airflow_env/lib/python3.9/site-packages/airflow/example_dags/example_complex.py
[2021-07-16 11:16:13,911] {logging_mixin.py:104} INFO - [2021-07-16 11:16:13,911] {dag.py:1833} INFO - Sync 1 DAGs
[2021-07-16 11:16:14,016] {logging_mixin.py:104} INFO - [2021-07-16 11:16:14,016] {dag.py:2306} INFO - Setting next_dagrun for example_complex to None
[2021-07-16 11:16:14,240] {scheduler_job.py:190} INFO - Processing /home/karuturihemanth/airflow_env/lib/python3.9/site-packages/airflow/example_dags/example_complex.py took 1.023 seconds
[2021-07-16 11:16:45,486] {scheduler_job.py:182} INFO - Started process (PID=7138) to work on /home/karuturihemanth/airflow_env/lib/python3.9/site-packages/airflow/example_dags/example_complex.py
[2021-07-16 11:16:45,487] {scheduler_job.py:633} INFO - Processing file /home/karuturihemanth/airflow_env/lib/python3.9/site-packages/airflow/example_dags/example_complex.py for tasks to queue
[2021-07-16 11:16:45,488] {logging_mixin.py:104} INFO - [2021-07-16 11:16:45,488] {dagbag.py:496} INFO - Filling up the DagBag from /home/karuturihemanth/airflow_env/lib/python3.9/site-packages/airflow/example_dags/example_complex.py
[2021-07-16 11:16:45,508] {scheduler_job.py:643} INFO - DAG(s) dict_keys(['example_complex']) retrieved from /home/karuturihemanth/airflow_env/lib/python3.9/site-packages/airflow/example_dags/example_complex.py
[2021-07-16 11:16:46,178] {logging_mixin.py:104} INFO - [2021-07-16 11:16:46,177] {dag.py:1833} INFO - Sync 1 DAGs
[2021-07-16 11:16:46,282] {logging_mixin.py:104} INFO - [2021-07-16 11:16:46,282] {dag.py:2306} INFO - Setting next_dagrun for example_complex to None
[2021-07-16 11:16:46,502] {scheduler_job.py:190} INFO - Processing /home/karuturihemanth/airflow_env/lib/python3.9/site-packages/airflow/example_dags/example_complex.py took 1.021 seconds
[2021-07-16 11:17:17,895] {scheduler_job.py:182} INFO - Started process (PID=7174) to work on /home/karuturihemanth/airflow_env/lib/python3.9/site-packages/airflow/example_dags/example_complex.py
[2021-07-16 11:17:17,896] {scheduler_job.py:633} INFO - Processing file /home/karuturihemanth/airflow_env/lib/python3.9/site-packages/airflow/example_dags/example_complex.py for tasks to queue
[2021-07-16 11:17:17,897] {logging_mixin.py:104} INFO - [2021-07-16 11:17:17,897] {dagbag.py:496} INFO - Filling up the DagBag from /home/karuturihemanth/airflow_env/lib/python3.9/site-packages/airflow/example_dags/example_complex.py
[2021-07-16 11:17:17,911] {scheduler_job.py:643} INFO - DAG(s) dict_keys(['example_complex']) retrieved from /home/karuturihemanth/airflow_env/lib/python3.9/site-packages/airflow/example_dags/example_complex.py
[2021-07-16 11:17:18,584] {logging_mixin.py:104} INFO - [2021-07-16 11:17:18,584] {dag.py:1833} INFO - Sync 1 DAGs
[2021-07-16 11:17:18,688] {logging_mixin.py:104} INFO - [2021-07-16 11:17:18,688] {dag.py:2306} INFO - Setting next_dagrun for example_complex to None
[2021-07-16 11:17:18,909] {scheduler_job.py:190} INFO - Processing /home/karuturihemanth/airflow_env/lib/python3.9/site-packages/airflow/example_dags/example_complex.py took 1.017 seconds
[2021-07-16 11:17:49,108] {scheduler_job.py:182} INFO - Started process (PID=7406) to work on /home/karuturihemanth/airflow_env/lib/python3.9/site-packages/airflow/example_dags/example_complex.py
[2021-07-16 11:17:49,109] {scheduler_job.py:633} INFO - Processing file /home/karuturihemanth/airflow_env/lib/python3.9/site-packages/airflow/example_dags/example_complex.py for tasks to queue
[2021-07-16 11:17:49,109] {logging_mixin.py:104} INFO - [2021-07-16 11:17:49,109] {dagbag.py:496} INFO - Filling up the DagBag from /home/karuturihemanth/airflow_env/lib/python3.9/site-packages/airflow/example_dags/example_complex.py
[2021-07-16 11:17:49,123] {scheduler_job.py:643} INFO - DAG(s) dict_keys(['example_complex']) retrieved from /home/karuturihemanth/airflow_env/lib/python3.9/site-packages/airflow/example_dags/example_complex.py
[2021-07-16 11:17:49,797] {logging_mixin.py:104} INFO - [2021-07-16 11:17:49,796] {dag.py:1833} INFO - Sync 1 DAGs
[2021-07-16 11:17:49,901] {logging_mixin.py:104} INFO - [2021-07-16 11:17:49,901] {dag.py:2306} INFO - Setting next_dagrun for example_complex to None
[2021-07-16 11:17:50,127] {scheduler_job.py:190} INFO - Processing /home/karuturihemanth/airflow_env/lib/python3.9/site-packages/airflow/example_dags/example_complex.py took 1.024 seconds
[2021-07-16 11:18:21,780] {scheduler_job.py:182} INFO - Started process (PID=7440) to work on /home/karuturihemanth/airflow_env/lib/python3.9/site-packages/airflow/example_dags/example_complex.py
[2021-07-16 11:18:21,781] {scheduler_job.py:633} INFO - Processing file /home/karuturihemanth/airflow_env/lib/python3.9/site-packages/airflow/example_dags/example_complex.py for tasks to queue
[2021-07-16 11:18:21,781] {logging_mixin.py:104} INFO - [2021-07-16 11:18:21,781] {dagbag.py:496} INFO - Filling up the DagBag from /home/karuturihemanth/airflow_env/lib/python3.9/site-packages/airflow/example_dags/example_complex.py
[2021-07-16 11:18:21,804] {scheduler_job.py:643} INFO - DAG(s) dict_keys(['example_complex']) retrieved from /home/karuturihemanth/airflow_env/lib/python3.9/site-packages/airflow/example_dags/example_complex.py
[2021-07-16 11:18:22,482] {logging_mixin.py:104} INFO - [2021-07-16 11:18:22,482] {dag.py:1833} INFO - Sync 1 DAGs
[2021-07-16 11:18:22,588] {logging_mixin.py:104} INFO - [2021-07-16 11:18:22,588] {dag.py:2306} INFO - Setting next_dagrun for example_complex to None
[2021-07-16 11:18:22,812] {scheduler_job.py:190} INFO - Processing /home/karuturihemanth/airflow_env/lib/python3.9/site-packages/airflow/example_dags/example_complex.py took 1.035 seconds
[2021-07-16 11:18:53,683] {scheduler_job.py:182} INFO - Started process (PID=7476) to work on /home/karuturihemanth/airflow_env/lib/python3.9/site-packages/airflow/example_dags/example_complex.py
[2021-07-16 11:18:53,684] {scheduler_job.py:633} INFO - Processing file /home/karuturihemanth/airflow_env/lib/python3.9/site-packages/airflow/example_dags/example_complex.py for tasks to queue
[2021-07-16 11:18:53,685] {logging_mixin.py:104} INFO - [2021-07-16 11:18:53,685] {dagbag.py:496} INFO - Filling up the DagBag from /home/karuturihemanth/airflow_env/lib/python3.9/site-packages/airflow/example_dags/example_complex.py
[2021-07-16 11:18:53,699] {scheduler_job.py:643} INFO - DAG(s) dict_keys(['example_complex']) retrieved from /home/karuturihemanth/airflow_env/lib/python3.9/site-packages/airflow/example_dags/example_complex.py
[2021-07-16 11:18:54,369] {logging_mixin.py:104} INFO - [2021-07-16 11:18:54,369] {dag.py:1833} INFO - Sync 1 DAGs
[2021-07-16 11:18:54,474] {logging_mixin.py:104} INFO - [2021-07-16 11:18:54,474] {dag.py:2306} INFO - Setting next_dagrun for example_complex to None
[2021-07-16 11:18:54,697] {scheduler_job.py:190} INFO - Processing /home/karuturihemanth/airflow_env/lib/python3.9/site-packages/airflow/example_dags/example_complex.py took 1.017 seconds
