[2021-07-16 03:23:26,393] {scheduler_job.py:182} INFO - Started process (PID=1086) to work on /home/karuturihemanth/airflow_env/lib/python3.9/site-packages/airflow/example_dags/example_nested_branch_dag.py
[2021-07-16 03:23:26,394] {scheduler_job.py:633} INFO - Processing file /home/karuturihemanth/airflow_env/lib/python3.9/site-packages/airflow/example_dags/example_nested_branch_dag.py for tasks to queue
[2021-07-16 03:23:26,394] {logging_mixin.py:104} INFO - [2021-07-16 03:23:26,394] {dagbag.py:496} INFO - Filling up the DagBag from /home/karuturihemanth/airflow_env/lib/python3.9/site-packages/airflow/example_dags/example_nested_branch_dag.py
[2021-07-16 03:23:26,406] {scheduler_job.py:643} INFO - DAG(s) dict_keys(['example_nested_branch_dag']) retrieved from /home/karuturihemanth/airflow_env/lib/python3.9/site-packages/airflow/example_dags/example_nested_branch_dag.py
[2021-07-16 03:23:26,651] {logging_mixin.py:104} INFO - [2021-07-16 03:23:26,651] {dag.py:1833} INFO - Sync 1 DAGs
[2021-07-16 03:23:26,660] {logging_mixin.py:104} INFO - [2021-07-16 03:23:26,660] {dag.py:2306} INFO - Setting next_dagrun for example_nested_branch_dag to 2021-07-14 00:00:00+00:00
[2021-07-16 03:23:26,672] {scheduler_job.py:190} INFO - Processing /home/karuturihemanth/airflow_env/lib/python3.9/site-packages/airflow/example_dags/example_nested_branch_dag.py took 0.282 seconds
[2021-07-16 03:24:06,465] {scheduler_job.py:182} INFO - Started process (PID=1121) to work on /home/karuturihemanth/airflow_env/lib/python3.9/site-packages/airflow/example_dags/example_nested_branch_dag.py
[2021-07-16 03:24:06,466] {scheduler_job.py:633} INFO - Processing file /home/karuturihemanth/airflow_env/lib/python3.9/site-packages/airflow/example_dags/example_nested_branch_dag.py for tasks to queue
[2021-07-16 03:24:06,466] {logging_mixin.py:104} INFO - [2021-07-16 03:24:06,466] {dagbag.py:496} INFO - Filling up the DagBag from /home/karuturihemanth/airflow_env/lib/python3.9/site-packages/airflow/example_dags/example_nested_branch_dag.py
[2021-07-16 03:24:06,478] {scheduler_job.py:643} INFO - DAG(s) dict_keys(['example_nested_branch_dag']) retrieved from /home/karuturihemanth/airflow_env/lib/python3.9/site-packages/airflow/example_dags/example_nested_branch_dag.py
[2021-07-16 03:24:06,491] {logging_mixin.py:104} INFO - [2021-07-16 03:24:06,491] {dag.py:1833} INFO - Sync 1 DAGs
[2021-07-16 03:24:06,503] {logging_mixin.py:104} INFO - [2021-07-16 03:24:06,502] {dag.py:2306} INFO - Setting next_dagrun for example_nested_branch_dag to 2021-07-14 00:00:00+00:00
[2021-07-16 03:24:06,514] {scheduler_job.py:190} INFO - Processing /home/karuturihemanth/airflow_env/lib/python3.9/site-packages/airflow/example_dags/example_nested_branch_dag.py took 0.052 seconds
[2021-07-16 03:24:43,813] {scheduler_job.py:182} INFO - Started process (PID=1166) to work on /home/karuturihemanth/airflow_env/lib/python3.9/site-packages/airflow/example_dags/example_nested_branch_dag.py
[2021-07-16 03:24:43,814] {scheduler_job.py:633} INFO - Processing file /home/karuturihemanth/airflow_env/lib/python3.9/site-packages/airflow/example_dags/example_nested_branch_dag.py for tasks to queue
[2021-07-16 03:24:43,815] {logging_mixin.py:104} INFO - [2021-07-16 03:24:43,815] {dagbag.py:496} INFO - Filling up the DagBag from /home/karuturihemanth/airflow_env/lib/python3.9/site-packages/airflow/example_dags/example_nested_branch_dag.py
[2021-07-16 03:24:43,827] {scheduler_job.py:643} INFO - DAG(s) dict_keys(['example_nested_branch_dag']) retrieved from /home/karuturihemanth/airflow_env/lib/python3.9/site-packages/airflow/example_dags/example_nested_branch_dag.py
[2021-07-16 03:24:43,841] {logging_mixin.py:104} INFO - [2021-07-16 03:24:43,841] {dag.py:1833} INFO - Sync 1 DAGs
[2021-07-16 03:24:43,853] {logging_mixin.py:104} INFO - [2021-07-16 03:24:43,853] {dag.py:2306} INFO - Setting next_dagrun for example_nested_branch_dag to 2021-07-14 00:00:00+00:00
[2021-07-16 03:24:43,864] {scheduler_job.py:190} INFO - Processing /home/karuturihemanth/airflow_env/lib/python3.9/site-packages/airflow/example_dags/example_nested_branch_dag.py took 0.054 seconds
[2021-07-16 03:25:18,578] {scheduler_job.py:182} INFO - Started process (PID=1201) to work on /home/karuturihemanth/airflow_env/lib/python3.9/site-packages/airflow/example_dags/example_nested_branch_dag.py
[2021-07-16 03:25:18,579] {scheduler_job.py:633} INFO - Processing file /home/karuturihemanth/airflow_env/lib/python3.9/site-packages/airflow/example_dags/example_nested_branch_dag.py for tasks to queue
[2021-07-16 03:25:18,579] {logging_mixin.py:104} INFO - [2021-07-16 03:25:18,579] {dagbag.py:496} INFO - Filling up the DagBag from /home/karuturihemanth/airflow_env/lib/python3.9/site-packages/airflow/example_dags/example_nested_branch_dag.py
[2021-07-16 03:25:18,591] {scheduler_job.py:643} INFO - DAG(s) dict_keys(['example_nested_branch_dag']) retrieved from /home/karuturihemanth/airflow_env/lib/python3.9/site-packages/airflow/example_dags/example_nested_branch_dag.py
[2021-07-16 03:25:18,605] {logging_mixin.py:104} INFO - [2021-07-16 03:25:18,605] {dag.py:1833} INFO - Sync 1 DAGs
[2021-07-16 03:25:18,616] {logging_mixin.py:104} INFO - [2021-07-16 03:25:18,616] {dag.py:2306} INFO - Setting next_dagrun for example_nested_branch_dag to 2021-07-14 00:00:00+00:00
[2021-07-16 03:25:18,628] {scheduler_job.py:190} INFO - Processing /home/karuturihemanth/airflow_env/lib/python3.9/site-packages/airflow/example_dags/example_nested_branch_dag.py took 0.054 seconds
[2021-07-16 03:25:52,347] {scheduler_job.py:182} INFO - Started process (PID=1235) to work on /home/karuturihemanth/airflow_env/lib/python3.9/site-packages/airflow/example_dags/example_nested_branch_dag.py
[2021-07-16 03:25:52,348] {scheduler_job.py:633} INFO - Processing file /home/karuturihemanth/airflow_env/lib/python3.9/site-packages/airflow/example_dags/example_nested_branch_dag.py for tasks to queue
[2021-07-16 03:25:52,348] {logging_mixin.py:104} INFO - [2021-07-16 03:25:52,348] {dagbag.py:496} INFO - Filling up the DagBag from /home/karuturihemanth/airflow_env/lib/python3.9/site-packages/airflow/example_dags/example_nested_branch_dag.py
[2021-07-16 03:25:52,360] {scheduler_job.py:643} INFO - DAG(s) dict_keys(['example_nested_branch_dag']) retrieved from /home/karuturihemanth/airflow_env/lib/python3.9/site-packages/airflow/example_dags/example_nested_branch_dag.py
[2021-07-16 03:25:52,374] {logging_mixin.py:104} INFO - [2021-07-16 03:25:52,373] {dag.py:1833} INFO - Sync 1 DAGs
[2021-07-16 03:25:52,385] {logging_mixin.py:104} INFO - [2021-07-16 03:25:52,385] {dag.py:2306} INFO - Setting next_dagrun for example_nested_branch_dag to 2021-07-14 00:00:00+00:00
[2021-07-16 03:25:52,397] {scheduler_job.py:190} INFO - Processing /home/karuturihemanth/airflow_env/lib/python3.9/site-packages/airflow/example_dags/example_nested_branch_dag.py took 0.053 seconds
[2021-07-16 03:26:27,563] {scheduler_job.py:182} INFO - Started process (PID=1269) to work on /home/karuturihemanth/airflow_env/lib/python3.9/site-packages/airflow/example_dags/example_nested_branch_dag.py
[2021-07-16 03:26:27,564] {scheduler_job.py:633} INFO - Processing file /home/karuturihemanth/airflow_env/lib/python3.9/site-packages/airflow/example_dags/example_nested_branch_dag.py for tasks to queue
[2021-07-16 03:26:27,564] {logging_mixin.py:104} INFO - [2021-07-16 03:26:27,564] {dagbag.py:496} INFO - Filling up the DagBag from /home/karuturihemanth/airflow_env/lib/python3.9/site-packages/airflow/example_dags/example_nested_branch_dag.py
[2021-07-16 03:26:27,576] {scheduler_job.py:643} INFO - DAG(s) dict_keys(['example_nested_branch_dag']) retrieved from /home/karuturihemanth/airflow_env/lib/python3.9/site-packages/airflow/example_dags/example_nested_branch_dag.py
[2021-07-16 03:26:27,590] {logging_mixin.py:104} INFO - [2021-07-16 03:26:27,590] {dag.py:1833} INFO - Sync 1 DAGs
[2021-07-16 03:26:27,601] {logging_mixin.py:104} INFO - [2021-07-16 03:26:27,601] {dag.py:2306} INFO - Setting next_dagrun for example_nested_branch_dag to 2021-07-14 00:00:00+00:00
[2021-07-16 03:26:27,614] {scheduler_job.py:190} INFO - Processing /home/karuturihemanth/airflow_env/lib/python3.9/site-packages/airflow/example_dags/example_nested_branch_dag.py took 0.054 seconds
[2021-07-16 03:27:17,208] {scheduler_job.py:182} INFO - Started process (PID=1314) to work on /home/karuturihemanth/airflow_env/lib/python3.9/site-packages/airflow/example_dags/example_nested_branch_dag.py
[2021-07-16 03:27:17,209] {scheduler_job.py:633} INFO - Processing file /home/karuturihemanth/airflow_env/lib/python3.9/site-packages/airflow/example_dags/example_nested_branch_dag.py for tasks to queue
[2021-07-16 03:27:17,210] {logging_mixin.py:104} INFO - [2021-07-16 03:27:17,210] {dagbag.py:496} INFO - Filling up the DagBag from /home/karuturihemanth/airflow_env/lib/python3.9/site-packages/airflow/example_dags/example_nested_branch_dag.py
[2021-07-16 03:27:17,221] {scheduler_job.py:643} INFO - DAG(s) dict_keys(['example_nested_branch_dag']) retrieved from /home/karuturihemanth/airflow_env/lib/python3.9/site-packages/airflow/example_dags/example_nested_branch_dag.py
[2021-07-16 03:27:17,234] {logging_mixin.py:104} INFO - [2021-07-16 03:27:17,234] {dag.py:1833} INFO - Sync 1 DAGs
[2021-07-16 03:27:17,246] {logging_mixin.py:104} INFO - [2021-07-16 03:27:17,246] {dag.py:2306} INFO - Setting next_dagrun for example_nested_branch_dag to 2021-07-14 00:00:00+00:00
[2021-07-16 03:27:17,257] {scheduler_job.py:190} INFO - Processing /home/karuturihemanth/airflow_env/lib/python3.9/site-packages/airflow/example_dags/example_nested_branch_dag.py took 0.052 seconds
[2021-07-16 03:27:52,079] {scheduler_job.py:182} INFO - Started process (PID=1348) to work on /home/karuturihemanth/airflow_env/lib/python3.9/site-packages/airflow/example_dags/example_nested_branch_dag.py
[2021-07-16 03:27:52,080] {scheduler_job.py:633} INFO - Processing file /home/karuturihemanth/airflow_env/lib/python3.9/site-packages/airflow/example_dags/example_nested_branch_dag.py for tasks to queue
[2021-07-16 03:27:52,080] {logging_mixin.py:104} INFO - [2021-07-16 03:27:52,080] {dagbag.py:496} INFO - Filling up the DagBag from /home/karuturihemanth/airflow_env/lib/python3.9/site-packages/airflow/example_dags/example_nested_branch_dag.py
[2021-07-16 03:27:52,092] {scheduler_job.py:643} INFO - DAG(s) dict_keys(['example_nested_branch_dag']) retrieved from /home/karuturihemanth/airflow_env/lib/python3.9/site-packages/airflow/example_dags/example_nested_branch_dag.py
[2021-07-16 03:27:52,105] {logging_mixin.py:104} INFO - [2021-07-16 03:27:52,105] {dag.py:1833} INFO - Sync 1 DAGs
[2021-07-16 03:27:52,117] {logging_mixin.py:104} INFO - [2021-07-16 03:27:52,117] {dag.py:2306} INFO - Setting next_dagrun for example_nested_branch_dag to 2021-07-14 00:00:00+00:00
[2021-07-16 03:27:52,129] {scheduler_job.py:190} INFO - Processing /home/karuturihemanth/airflow_env/lib/python3.9/site-packages/airflow/example_dags/example_nested_branch_dag.py took 0.053 seconds
[2021-07-16 03:28:26,639] {scheduler_job.py:182} INFO - Started process (PID=1382) to work on /home/karuturihemanth/airflow_env/lib/python3.9/site-packages/airflow/example_dags/example_nested_branch_dag.py
[2021-07-16 03:28:26,640] {scheduler_job.py:633} INFO - Processing file /home/karuturihemanth/airflow_env/lib/python3.9/site-packages/airflow/example_dags/example_nested_branch_dag.py for tasks to queue
[2021-07-16 03:28:26,641] {logging_mixin.py:104} INFO - [2021-07-16 03:28:26,641] {dagbag.py:496} INFO - Filling up the DagBag from /home/karuturihemanth/airflow_env/lib/python3.9/site-packages/airflow/example_dags/example_nested_branch_dag.py
[2021-07-16 03:28:26,652] {scheduler_job.py:643} INFO - DAG(s) dict_keys(['example_nested_branch_dag']) retrieved from /home/karuturihemanth/airflow_env/lib/python3.9/site-packages/airflow/example_dags/example_nested_branch_dag.py
[2021-07-16 03:28:26,666] {logging_mixin.py:104} INFO - [2021-07-16 03:28:26,666] {dag.py:1833} INFO - Sync 1 DAGs
[2021-07-16 03:28:26,677] {logging_mixin.py:104} INFO - [2021-07-16 03:28:26,677] {dag.py:2306} INFO - Setting next_dagrun for example_nested_branch_dag to 2021-07-14 00:00:00+00:00
[2021-07-16 03:28:26,689] {scheduler_job.py:190} INFO - Processing /home/karuturihemanth/airflow_env/lib/python3.9/site-packages/airflow/example_dags/example_nested_branch_dag.py took 0.053 seconds
[2021-07-16 03:29:01,322] {scheduler_job.py:182} INFO - Started process (PID=1416) to work on /home/karuturihemanth/airflow_env/lib/python3.9/site-packages/airflow/example_dags/example_nested_branch_dag.py
[2021-07-16 03:29:01,323] {scheduler_job.py:633} INFO - Processing file /home/karuturihemanth/airflow_env/lib/python3.9/site-packages/airflow/example_dags/example_nested_branch_dag.py for tasks to queue
[2021-07-16 03:29:01,323] {logging_mixin.py:104} INFO - [2021-07-16 03:29:01,323] {dagbag.py:496} INFO - Filling up the DagBag from /home/karuturihemanth/airflow_env/lib/python3.9/site-packages/airflow/example_dags/example_nested_branch_dag.py
[2021-07-16 03:29:01,335] {scheduler_job.py:643} INFO - DAG(s) dict_keys(['example_nested_branch_dag']) retrieved from /home/karuturihemanth/airflow_env/lib/python3.9/site-packages/airflow/example_dags/example_nested_branch_dag.py
[2021-07-16 03:29:01,348] {logging_mixin.py:104} INFO - [2021-07-16 03:29:01,348] {dag.py:1833} INFO - Sync 1 DAGs
[2021-07-16 03:29:01,360] {logging_mixin.py:104} INFO - [2021-07-16 03:29:01,360] {dag.py:2306} INFO - Setting next_dagrun for example_nested_branch_dag to 2021-07-14 00:00:00+00:00
[2021-07-16 03:29:01,371] {scheduler_job.py:190} INFO - Processing /home/karuturihemanth/airflow_env/lib/python3.9/site-packages/airflow/example_dags/example_nested_branch_dag.py took 0.053 seconds
[2021-07-16 03:29:38,085] {scheduler_job.py:182} INFO - Started process (PID=1453) to work on /home/karuturihemanth/airflow_env/lib/python3.9/site-packages/airflow/example_dags/example_nested_branch_dag.py
[2021-07-16 03:29:38,086] {scheduler_job.py:633} INFO - Processing file /home/karuturihemanth/airflow_env/lib/python3.9/site-packages/airflow/example_dags/example_nested_branch_dag.py for tasks to queue
[2021-07-16 03:29:38,086] {logging_mixin.py:104} INFO - [2021-07-16 03:29:38,086] {dagbag.py:496} INFO - Filling up the DagBag from /home/karuturihemanth/airflow_env/lib/python3.9/site-packages/airflow/example_dags/example_nested_branch_dag.py
[2021-07-16 03:29:38,098] {scheduler_job.py:643} INFO - DAG(s) dict_keys(['example_nested_branch_dag']) retrieved from /home/karuturihemanth/airflow_env/lib/python3.9/site-packages/airflow/example_dags/example_nested_branch_dag.py
[2021-07-16 03:29:38,112] {logging_mixin.py:104} INFO - [2021-07-16 03:29:38,112] {dag.py:1833} INFO - Sync 1 DAGs
[2021-07-16 03:29:38,123] {logging_mixin.py:104} INFO - [2021-07-16 03:29:38,123] {dag.py:2306} INFO - Setting next_dagrun for example_nested_branch_dag to 2021-07-14 00:00:00+00:00
[2021-07-16 03:29:38,135] {scheduler_job.py:190} INFO - Processing /home/karuturihemanth/airflow_env/lib/python3.9/site-packages/airflow/example_dags/example_nested_branch_dag.py took 0.053 seconds
[2021-07-16 03:30:11,751] {scheduler_job.py:182} INFO - Started process (PID=1487) to work on /home/karuturihemanth/airflow_env/lib/python3.9/site-packages/airflow/example_dags/example_nested_branch_dag.py
[2021-07-16 03:30:11,752] {scheduler_job.py:633} INFO - Processing file /home/karuturihemanth/airflow_env/lib/python3.9/site-packages/airflow/example_dags/example_nested_branch_dag.py for tasks to queue
[2021-07-16 03:30:11,752] {logging_mixin.py:104} INFO - [2021-07-16 03:30:11,752] {dagbag.py:496} INFO - Filling up the DagBag from /home/karuturihemanth/airflow_env/lib/python3.9/site-packages/airflow/example_dags/example_nested_branch_dag.py
[2021-07-16 03:30:11,763] {scheduler_job.py:643} INFO - DAG(s) dict_keys(['example_nested_branch_dag']) retrieved from /home/karuturihemanth/airflow_env/lib/python3.9/site-packages/airflow/example_dags/example_nested_branch_dag.py
[2021-07-16 03:30:11,776] {logging_mixin.py:104} INFO - [2021-07-16 03:30:11,776] {dag.py:1833} INFO - Sync 1 DAGs
[2021-07-16 03:30:11,787] {logging_mixin.py:104} INFO - [2021-07-16 03:30:11,787] {dag.py:2306} INFO - Setting next_dagrun for example_nested_branch_dag to 2021-07-14 00:00:00+00:00
[2021-07-16 03:30:11,799] {scheduler_job.py:190} INFO - Processing /home/karuturihemanth/airflow_env/lib/python3.9/site-packages/airflow/example_dags/example_nested_branch_dag.py took 0.052 seconds
[2021-07-16 03:30:45,441] {scheduler_job.py:182} INFO - Started process (PID=1521) to work on /home/karuturihemanth/airflow_env/lib/python3.9/site-packages/airflow/example_dags/example_nested_branch_dag.py
[2021-07-16 03:30:45,442] {scheduler_job.py:633} INFO - Processing file /home/karuturihemanth/airflow_env/lib/python3.9/site-packages/airflow/example_dags/example_nested_branch_dag.py for tasks to queue
[2021-07-16 03:30:45,442] {logging_mixin.py:104} INFO - [2021-07-16 03:30:45,442] {dagbag.py:496} INFO - Filling up the DagBag from /home/karuturihemanth/airflow_env/lib/python3.9/site-packages/airflow/example_dags/example_nested_branch_dag.py
[2021-07-16 03:30:45,454] {scheduler_job.py:643} INFO - DAG(s) dict_keys(['example_nested_branch_dag']) retrieved from /home/karuturihemanth/airflow_env/lib/python3.9/site-packages/airflow/example_dags/example_nested_branch_dag.py
[2021-07-16 03:30:45,467] {logging_mixin.py:104} INFO - [2021-07-16 03:30:45,467] {dag.py:1833} INFO - Sync 1 DAGs
[2021-07-16 03:30:45,478] {logging_mixin.py:104} INFO - [2021-07-16 03:30:45,478] {dag.py:2306} INFO - Setting next_dagrun for example_nested_branch_dag to 2021-07-14 00:00:00+00:00
[2021-07-16 03:30:45,490] {scheduler_job.py:190} INFO - Processing /home/karuturihemanth/airflow_env/lib/python3.9/site-packages/airflow/example_dags/example_nested_branch_dag.py took 0.052 seconds
[2021-07-16 03:31:19,171] {scheduler_job.py:182} INFO - Started process (PID=1555) to work on /home/karuturihemanth/airflow_env/lib/python3.9/site-packages/airflow/example_dags/example_nested_branch_dag.py
[2021-07-16 03:31:19,172] {scheduler_job.py:633} INFO - Processing file /home/karuturihemanth/airflow_env/lib/python3.9/site-packages/airflow/example_dags/example_nested_branch_dag.py for tasks to queue
[2021-07-16 03:31:19,173] {logging_mixin.py:104} INFO - [2021-07-16 03:31:19,173] {dagbag.py:496} INFO - Filling up the DagBag from /home/karuturihemanth/airflow_env/lib/python3.9/site-packages/airflow/example_dags/example_nested_branch_dag.py
[2021-07-16 03:31:19,184] {scheduler_job.py:643} INFO - DAG(s) dict_keys(['example_nested_branch_dag']) retrieved from /home/karuturihemanth/airflow_env/lib/python3.9/site-packages/airflow/example_dags/example_nested_branch_dag.py
[2021-07-16 03:31:19,198] {logging_mixin.py:104} INFO - [2021-07-16 03:31:19,198] {dag.py:1833} INFO - Sync 1 DAGs
[2021-07-16 03:31:19,210] {logging_mixin.py:104} INFO - [2021-07-16 03:31:19,210] {dag.py:2306} INFO - Setting next_dagrun for example_nested_branch_dag to 2021-07-14 00:00:00+00:00
[2021-07-16 03:31:19,221] {scheduler_job.py:190} INFO - Processing /home/karuturihemanth/airflow_env/lib/python3.9/site-packages/airflow/example_dags/example_nested_branch_dag.py took 0.053 seconds
[2021-07-16 03:31:56,950] {scheduler_job.py:182} INFO - Started process (PID=1839) to work on /home/karuturihemanth/airflow_env/lib/python3.9/site-packages/airflow/example_dags/example_nested_branch_dag.py
[2021-07-16 03:31:56,952] {scheduler_job.py:633} INFO - Processing file /home/karuturihemanth/airflow_env/lib/python3.9/site-packages/airflow/example_dags/example_nested_branch_dag.py for tasks to queue
[2021-07-16 03:31:56,953] {logging_mixin.py:104} INFO - [2021-07-16 03:31:56,953] {dagbag.py:496} INFO - Filling up the DagBag from /home/karuturihemanth/airflow_env/lib/python3.9/site-packages/airflow/example_dags/example_nested_branch_dag.py
[2021-07-16 03:31:56,966] {scheduler_job.py:643} INFO - DAG(s) dict_keys(['example_nested_branch_dag']) retrieved from /home/karuturihemanth/airflow_env/lib/python3.9/site-packages/airflow/example_dags/example_nested_branch_dag.py
[2021-07-16 03:31:56,981] {logging_mixin.py:104} INFO - [2021-07-16 03:31:56,981] {dag.py:1833} INFO - Sync 1 DAGs
[2021-07-16 03:31:56,993] {logging_mixin.py:104} INFO - [2021-07-16 03:31:56,993] {dag.py:2306} INFO - Setting next_dagrun for example_nested_branch_dag to 2021-07-14 00:00:00+00:00
[2021-07-16 03:31:57,007] {scheduler_job.py:190} INFO - Processing /home/karuturihemanth/airflow_env/lib/python3.9/site-packages/airflow/example_dags/example_nested_branch_dag.py took 0.060 seconds
[2021-07-16 03:32:34,394] {scheduler_job.py:182} INFO - Started process (PID=4303) to work on /home/karuturihemanth/airflow_env/lib/python3.9/site-packages/airflow/example_dags/example_nested_branch_dag.py
[2021-07-16 03:32:34,396] {scheduler_job.py:633} INFO - Processing file /home/karuturihemanth/airflow_env/lib/python3.9/site-packages/airflow/example_dags/example_nested_branch_dag.py for tasks to queue
[2021-07-16 03:32:34,397] {logging_mixin.py:104} INFO - [2021-07-16 03:32:34,396] {dagbag.py:496} INFO - Filling up the DagBag from /home/karuturihemanth/airflow_env/lib/python3.9/site-packages/airflow/example_dags/example_nested_branch_dag.py
[2021-07-16 03:32:34,412] {scheduler_job.py:643} INFO - DAG(s) dict_keys(['example_nested_branch_dag']) retrieved from /home/karuturihemanth/airflow_env/lib/python3.9/site-packages/airflow/example_dags/example_nested_branch_dag.py
[2021-07-16 03:32:34,427] {logging_mixin.py:104} INFO - [2021-07-16 03:32:34,427] {dag.py:1833} INFO - Sync 1 DAGs
[2021-07-16 03:32:34,440] {logging_mixin.py:104} INFO - [2021-07-16 03:32:34,440] {dag.py:2306} INFO - Setting next_dagrun for example_nested_branch_dag to 2021-07-14 00:00:00+00:00
[2021-07-16 03:32:34,507] {scheduler_job.py:190} INFO - Processing /home/karuturihemanth/airflow_env/lib/python3.9/site-packages/airflow/example_dags/example_nested_branch_dag.py took 0.117 seconds
[2021-07-16 03:33:32,855] {scheduler_job.py:182} INFO - Started process (PID=4635) to work on /home/karuturihemanth/airflow_env/lib/python3.9/site-packages/airflow/example_dags/example_nested_branch_dag.py
[2021-07-16 03:33:32,857] {scheduler_job.py:633} INFO - Processing file /home/karuturihemanth/airflow_env/lib/python3.9/site-packages/airflow/example_dags/example_nested_branch_dag.py for tasks to queue
[2021-07-16 03:33:32,858] {logging_mixin.py:104} INFO - [2021-07-16 03:33:32,858] {dagbag.py:496} INFO - Filling up the DagBag from /home/karuturihemanth/airflow_env/lib/python3.9/site-packages/airflow/example_dags/example_nested_branch_dag.py
[2021-07-16 03:33:32,871] {scheduler_job.py:643} INFO - DAG(s) dict_keys(['example_nested_branch_dag']) retrieved from /home/karuturihemanth/airflow_env/lib/python3.9/site-packages/airflow/example_dags/example_nested_branch_dag.py
[2021-07-16 03:33:32,885] {logging_mixin.py:104} INFO - [2021-07-16 03:33:32,885] {dag.py:1833} INFO - Sync 1 DAGs
[2021-07-16 03:33:32,898] {logging_mixin.py:104} INFO - [2021-07-16 03:33:32,897] {dag.py:2306} INFO - Setting next_dagrun for example_nested_branch_dag to 2021-07-14 00:00:00+00:00
[2021-07-16 03:33:32,909] {scheduler_job.py:190} INFO - Processing /home/karuturihemanth/airflow_env/lib/python3.9/site-packages/airflow/example_dags/example_nested_branch_dag.py took 0.057 seconds
[2021-07-16 03:34:09,700] {scheduler_job.py:182} INFO - Started process (PID=4674) to work on /home/karuturihemanth/airflow_env/lib/python3.9/site-packages/airflow/example_dags/example_nested_branch_dag.py
[2021-07-16 03:34:09,702] {scheduler_job.py:633} INFO - Processing file /home/karuturihemanth/airflow_env/lib/python3.9/site-packages/airflow/example_dags/example_nested_branch_dag.py for tasks to queue
[2021-07-16 03:34:09,702] {logging_mixin.py:104} INFO - [2021-07-16 03:34:09,702] {dagbag.py:496} INFO - Filling up the DagBag from /home/karuturihemanth/airflow_env/lib/python3.9/site-packages/airflow/example_dags/example_nested_branch_dag.py
[2021-07-16 03:34:09,715] {scheduler_job.py:643} INFO - DAG(s) dict_keys(['example_nested_branch_dag']) retrieved from /home/karuturihemanth/airflow_env/lib/python3.9/site-packages/airflow/example_dags/example_nested_branch_dag.py
[2021-07-16 03:34:09,728] {logging_mixin.py:104} INFO - [2021-07-16 03:34:09,728] {dag.py:1833} INFO - Sync 1 DAGs
[2021-07-16 03:34:09,739] {logging_mixin.py:104} INFO - [2021-07-16 03:34:09,739] {dag.py:2306} INFO - Setting next_dagrun for example_nested_branch_dag to 2021-07-14 00:00:00+00:00
[2021-07-16 03:34:09,750] {scheduler_job.py:190} INFO - Processing /home/karuturihemanth/airflow_env/lib/python3.9/site-packages/airflow/example_dags/example_nested_branch_dag.py took 0.053 seconds
[2021-07-16 03:34:47,440] {scheduler_job.py:182} INFO - Started process (PID=4766) to work on /home/karuturihemanth/airflow_env/lib/python3.9/site-packages/airflow/example_dags/example_nested_branch_dag.py
[2021-07-16 03:34:47,442] {scheduler_job.py:633} INFO - Processing file /home/karuturihemanth/airflow_env/lib/python3.9/site-packages/airflow/example_dags/example_nested_branch_dag.py for tasks to queue
[2021-07-16 03:34:47,443] {logging_mixin.py:104} INFO - [2021-07-16 03:34:47,443] {dagbag.py:496} INFO - Filling up the DagBag from /home/karuturihemanth/airflow_env/lib/python3.9/site-packages/airflow/example_dags/example_nested_branch_dag.py
[2021-07-16 03:34:47,456] {scheduler_job.py:643} INFO - DAG(s) dict_keys(['example_nested_branch_dag']) retrieved from /home/karuturihemanth/airflow_env/lib/python3.9/site-packages/airflow/example_dags/example_nested_branch_dag.py
[2021-07-16 03:34:47,470] {logging_mixin.py:104} INFO - [2021-07-16 03:34:47,470] {dag.py:1833} INFO - Sync 1 DAGs
[2021-07-16 03:34:47,481] {logging_mixin.py:104} INFO - [2021-07-16 03:34:47,481] {dag.py:2306} INFO - Setting next_dagrun for example_nested_branch_dag to 2021-07-14 00:00:00+00:00
[2021-07-16 03:34:47,494] {scheduler_job.py:190} INFO - Processing /home/karuturihemanth/airflow_env/lib/python3.9/site-packages/airflow/example_dags/example_nested_branch_dag.py took 0.057 seconds
[2021-07-16 03:35:22,318] {scheduler_job.py:182} INFO - Started process (PID=4812) to work on /home/karuturihemanth/airflow_env/lib/python3.9/site-packages/airflow/example_dags/example_nested_branch_dag.py
[2021-07-16 03:35:22,320] {scheduler_job.py:633} INFO - Processing file /home/karuturihemanth/airflow_env/lib/python3.9/site-packages/airflow/example_dags/example_nested_branch_dag.py for tasks to queue
[2021-07-16 03:35:22,320] {logging_mixin.py:104} INFO - [2021-07-16 03:35:22,320] {dagbag.py:496} INFO - Filling up the DagBag from /home/karuturihemanth/airflow_env/lib/python3.9/site-packages/airflow/example_dags/example_nested_branch_dag.py
[2021-07-16 03:35:22,333] {scheduler_job.py:643} INFO - DAG(s) dict_keys(['example_nested_branch_dag']) retrieved from /home/karuturihemanth/airflow_env/lib/python3.9/site-packages/airflow/example_dags/example_nested_branch_dag.py
[2021-07-16 03:35:22,348] {logging_mixin.py:104} INFO - [2021-07-16 03:35:22,348] {dag.py:1833} INFO - Sync 1 DAGs
[2021-07-16 03:35:22,362] {logging_mixin.py:104} INFO - [2021-07-16 03:35:22,362] {dag.py:2306} INFO - Setting next_dagrun for example_nested_branch_dag to 2021-07-14 00:00:00+00:00
[2021-07-16 03:35:22,374] {scheduler_job.py:190} INFO - Processing /home/karuturihemanth/airflow_env/lib/python3.9/site-packages/airflow/example_dags/example_nested_branch_dag.py took 0.060 seconds
[2021-07-16 03:35:59,778] {scheduler_job.py:182} INFO - Started process (PID=5048) to work on /home/karuturihemanth/airflow_env/lib/python3.9/site-packages/airflow/example_dags/example_nested_branch_dag.py
[2021-07-16 03:35:59,781] {scheduler_job.py:633} INFO - Processing file /home/karuturihemanth/airflow_env/lib/python3.9/site-packages/airflow/example_dags/example_nested_branch_dag.py for tasks to queue
[2021-07-16 03:35:59,781] {logging_mixin.py:104} INFO - [2021-07-16 03:35:59,781] {dagbag.py:496} INFO - Filling up the DagBag from /home/karuturihemanth/airflow_env/lib/python3.9/site-packages/airflow/example_dags/example_nested_branch_dag.py
[2021-07-16 03:35:59,795] {scheduler_job.py:643} INFO - DAG(s) dict_keys(['example_nested_branch_dag']) retrieved from /home/karuturihemanth/airflow_env/lib/python3.9/site-packages/airflow/example_dags/example_nested_branch_dag.py
[2021-07-16 03:35:59,810] {logging_mixin.py:104} INFO - [2021-07-16 03:35:59,810] {dag.py:1833} INFO - Sync 1 DAGs
[2021-07-16 03:35:59,826] {logging_mixin.py:104} INFO - [2021-07-16 03:35:59,825] {dag.py:2306} INFO - Setting next_dagrun for example_nested_branch_dag to 2021-07-14 00:00:00+00:00
[2021-07-16 03:35:59,841] {scheduler_job.py:190} INFO - Processing /home/karuturihemanth/airflow_env/lib/python3.9/site-packages/airflow/example_dags/example_nested_branch_dag.py took 0.066 seconds
[2021-07-16 03:36:39,151] {scheduler_job.py:182} INFO - Started process (PID=5088) to work on /home/karuturihemanth/airflow_env/lib/python3.9/site-packages/airflow/example_dags/example_nested_branch_dag.py
[2021-07-16 03:36:39,152] {scheduler_job.py:633} INFO - Processing file /home/karuturihemanth/airflow_env/lib/python3.9/site-packages/airflow/example_dags/example_nested_branch_dag.py for tasks to queue
[2021-07-16 03:36:39,152] {logging_mixin.py:104} INFO - [2021-07-16 03:36:39,152] {dagbag.py:496} INFO - Filling up the DagBag from /home/karuturihemanth/airflow_env/lib/python3.9/site-packages/airflow/example_dags/example_nested_branch_dag.py
[2021-07-16 03:36:39,165] {scheduler_job.py:643} INFO - DAG(s) dict_keys(['example_nested_branch_dag']) retrieved from /home/karuturihemanth/airflow_env/lib/python3.9/site-packages/airflow/example_dags/example_nested_branch_dag.py
[2021-07-16 03:36:39,179] {logging_mixin.py:104} INFO - [2021-07-16 03:36:39,179] {dag.py:1833} INFO - Sync 1 DAGs
[2021-07-16 03:36:39,191] {logging_mixin.py:104} INFO - [2021-07-16 03:36:39,190] {dag.py:2306} INFO - Setting next_dagrun for example_nested_branch_dag to 2021-07-14 00:00:00+00:00
[2021-07-16 03:36:39,204] {scheduler_job.py:190} INFO - Processing /home/karuturihemanth/airflow_env/lib/python3.9/site-packages/airflow/example_dags/example_nested_branch_dag.py took 0.056 seconds
[2021-07-16 03:37:14,120] {scheduler_job.py:182} INFO - Started process (PID=5122) to work on /home/karuturihemanth/airflow_env/lib/python3.9/site-packages/airflow/example_dags/example_nested_branch_dag.py
[2021-07-16 03:37:14,122] {scheduler_job.py:633} INFO - Processing file /home/karuturihemanth/airflow_env/lib/python3.9/site-packages/airflow/example_dags/example_nested_branch_dag.py for tasks to queue
[2021-07-16 03:37:14,123] {logging_mixin.py:104} INFO - [2021-07-16 03:37:14,123] {dagbag.py:496} INFO - Filling up the DagBag from /home/karuturihemanth/airflow_env/lib/python3.9/site-packages/airflow/example_dags/example_nested_branch_dag.py
[2021-07-16 03:37:14,136] {scheduler_job.py:643} INFO - DAG(s) dict_keys(['example_nested_branch_dag']) retrieved from /home/karuturihemanth/airflow_env/lib/python3.9/site-packages/airflow/example_dags/example_nested_branch_dag.py
[2021-07-16 03:37:14,150] {logging_mixin.py:104} INFO - [2021-07-16 03:37:14,150] {dag.py:1833} INFO - Sync 1 DAGs
[2021-07-16 03:37:14,162] {logging_mixin.py:104} INFO - [2021-07-16 03:37:14,162] {dag.py:2306} INFO - Setting next_dagrun for example_nested_branch_dag to 2021-07-14 00:00:00+00:00
[2021-07-16 03:37:14,174] {scheduler_job.py:190} INFO - Processing /home/karuturihemanth/airflow_env/lib/python3.9/site-packages/airflow/example_dags/example_nested_branch_dag.py took 0.057 seconds
[2021-07-16 03:37:47,625] {scheduler_job.py:182} INFO - Started process (PID=5156) to work on /home/karuturihemanth/airflow_env/lib/python3.9/site-packages/airflow/example_dags/example_nested_branch_dag.py
[2021-07-16 03:37:47,626] {scheduler_job.py:633} INFO - Processing file /home/karuturihemanth/airflow_env/lib/python3.9/site-packages/airflow/example_dags/example_nested_branch_dag.py for tasks to queue
[2021-07-16 03:37:47,626] {logging_mixin.py:104} INFO - [2021-07-16 03:37:47,626] {dagbag.py:496} INFO - Filling up the DagBag from /home/karuturihemanth/airflow_env/lib/python3.9/site-packages/airflow/example_dags/example_nested_branch_dag.py
[2021-07-16 03:37:47,639] {scheduler_job.py:643} INFO - DAG(s) dict_keys(['example_nested_branch_dag']) retrieved from /home/karuturihemanth/airflow_env/lib/python3.9/site-packages/airflow/example_dags/example_nested_branch_dag.py
[2021-07-16 03:37:47,654] {logging_mixin.py:104} INFO - [2021-07-16 03:37:47,653] {dag.py:1833} INFO - Sync 1 DAGs
[2021-07-16 03:37:47,665] {logging_mixin.py:104} INFO - [2021-07-16 03:37:47,665] {dag.py:2306} INFO - Setting next_dagrun for example_nested_branch_dag to 2021-07-14 00:00:00+00:00
[2021-07-16 03:37:47,678] {scheduler_job.py:190} INFO - Processing /home/karuturihemanth/airflow_env/lib/python3.9/site-packages/airflow/example_dags/example_nested_branch_dag.py took 0.056 seconds
[2021-07-16 03:38:21,259] {scheduler_job.py:182} INFO - Started process (PID=5191) to work on /home/karuturihemanth/airflow_env/lib/python3.9/site-packages/airflow/example_dags/example_nested_branch_dag.py
[2021-07-16 03:38:21,261] {scheduler_job.py:633} INFO - Processing file /home/karuturihemanth/airflow_env/lib/python3.9/site-packages/airflow/example_dags/example_nested_branch_dag.py for tasks to queue
[2021-07-16 03:38:21,261] {logging_mixin.py:104} INFO - [2021-07-16 03:38:21,261] {dagbag.py:496} INFO - Filling up the DagBag from /home/karuturihemanth/airflow_env/lib/python3.9/site-packages/airflow/example_dags/example_nested_branch_dag.py
[2021-07-16 03:38:21,273] {scheduler_job.py:643} INFO - DAG(s) dict_keys(['example_nested_branch_dag']) retrieved from /home/karuturihemanth/airflow_env/lib/python3.9/site-packages/airflow/example_dags/example_nested_branch_dag.py
[2021-07-16 03:38:21,287] {logging_mixin.py:104} INFO - [2021-07-16 03:38:21,287] {dag.py:1833} INFO - Sync 1 DAGs
[2021-07-16 03:38:21,299] {logging_mixin.py:104} INFO - [2021-07-16 03:38:21,299] {dag.py:2306} INFO - Setting next_dagrun for example_nested_branch_dag to 2021-07-14 00:00:00+00:00
[2021-07-16 03:38:21,311] {scheduler_job.py:190} INFO - Processing /home/karuturihemanth/airflow_env/lib/python3.9/site-packages/airflow/example_dags/example_nested_branch_dag.py took 0.055 seconds
[2021-07-16 03:38:58,353] {scheduler_job.py:182} INFO - Started process (PID=5228) to work on /home/karuturihemanth/airflow_env/lib/python3.9/site-packages/airflow/example_dags/example_nested_branch_dag.py
[2021-07-16 03:38:58,354] {scheduler_job.py:633} INFO - Processing file /home/karuturihemanth/airflow_env/lib/python3.9/site-packages/airflow/example_dags/example_nested_branch_dag.py for tasks to queue
[2021-07-16 03:38:58,355] {logging_mixin.py:104} INFO - [2021-07-16 03:38:58,354] {dagbag.py:496} INFO - Filling up the DagBag from /home/karuturihemanth/airflow_env/lib/python3.9/site-packages/airflow/example_dags/example_nested_branch_dag.py
[2021-07-16 03:38:58,367] {scheduler_job.py:643} INFO - DAG(s) dict_keys(['example_nested_branch_dag']) retrieved from /home/karuturihemanth/airflow_env/lib/python3.9/site-packages/airflow/example_dags/example_nested_branch_dag.py
[2021-07-16 03:38:58,380] {logging_mixin.py:104} INFO - [2021-07-16 03:38:58,380] {dag.py:1833} INFO - Sync 1 DAGs
[2021-07-16 03:38:58,392] {logging_mixin.py:104} INFO - [2021-07-16 03:38:58,392] {dag.py:2306} INFO - Setting next_dagrun for example_nested_branch_dag to 2021-07-14 00:00:00+00:00
[2021-07-16 03:38:58,405] {scheduler_job.py:190} INFO - Processing /home/karuturihemanth/airflow_env/lib/python3.9/site-packages/airflow/example_dags/example_nested_branch_dag.py took 0.055 seconds
[2021-07-16 03:39:33,361] {scheduler_job.py:182} INFO - Started process (PID=5262) to work on /home/karuturihemanth/airflow_env/lib/python3.9/site-packages/airflow/example_dags/example_nested_branch_dag.py
[2021-07-16 03:39:33,362] {scheduler_job.py:633} INFO - Processing file /home/karuturihemanth/airflow_env/lib/python3.9/site-packages/airflow/example_dags/example_nested_branch_dag.py for tasks to queue
[2021-07-16 03:39:33,362] {logging_mixin.py:104} INFO - [2021-07-16 03:39:33,362] {dagbag.py:496} INFO - Filling up the DagBag from /home/karuturihemanth/airflow_env/lib/python3.9/site-packages/airflow/example_dags/example_nested_branch_dag.py
[2021-07-16 03:39:33,378] {scheduler_job.py:643} INFO - DAG(s) dict_keys(['example_nested_branch_dag']) retrieved from /home/karuturihemanth/airflow_env/lib/python3.9/site-packages/airflow/example_dags/example_nested_branch_dag.py
[2021-07-16 03:39:33,392] {logging_mixin.py:104} INFO - [2021-07-16 03:39:33,392] {dag.py:1833} INFO - Sync 1 DAGs
[2021-07-16 03:39:33,403] {logging_mixin.py:104} INFO - [2021-07-16 03:39:33,403] {dag.py:2306} INFO - Setting next_dagrun for example_nested_branch_dag to 2021-07-14 00:00:00+00:00
[2021-07-16 03:39:33,416] {scheduler_job.py:190} INFO - Processing /home/karuturihemanth/airflow_env/lib/python3.9/site-packages/airflow/example_dags/example_nested_branch_dag.py took 0.058 seconds
[2021-07-16 03:40:10,340] {scheduler_job.py:182} INFO - Started process (PID=5298) to work on /home/karuturihemanth/airflow_env/lib/python3.9/site-packages/airflow/example_dags/example_nested_branch_dag.py
[2021-07-16 03:40:10,341] {scheduler_job.py:633} INFO - Processing file /home/karuturihemanth/airflow_env/lib/python3.9/site-packages/airflow/example_dags/example_nested_branch_dag.py for tasks to queue
[2021-07-16 03:40:10,342] {logging_mixin.py:104} INFO - [2021-07-16 03:40:10,342] {dagbag.py:496} INFO - Filling up the DagBag from /home/karuturihemanth/airflow_env/lib/python3.9/site-packages/airflow/example_dags/example_nested_branch_dag.py
[2021-07-16 03:40:10,353] {scheduler_job.py:643} INFO - DAG(s) dict_keys(['example_nested_branch_dag']) retrieved from /home/karuturihemanth/airflow_env/lib/python3.9/site-packages/airflow/example_dags/example_nested_branch_dag.py
[2021-07-16 03:40:10,367] {logging_mixin.py:104} INFO - [2021-07-16 03:40:10,367] {dag.py:1833} INFO - Sync 1 DAGs
[2021-07-16 03:40:10,379] {logging_mixin.py:104} INFO - [2021-07-16 03:40:10,379] {dag.py:2306} INFO - Setting next_dagrun for example_nested_branch_dag to 2021-07-14 00:00:00+00:00
[2021-07-16 03:40:10,393] {scheduler_job.py:190} INFO - Processing /home/karuturihemanth/airflow_env/lib/python3.9/site-packages/airflow/example_dags/example_nested_branch_dag.py took 0.056 seconds
[2021-07-16 03:40:43,899] {scheduler_job.py:182} INFO - Started process (PID=5331) to work on /home/karuturihemanth/airflow_env/lib/python3.9/site-packages/airflow/example_dags/example_nested_branch_dag.py
[2021-07-16 03:40:43,900] {scheduler_job.py:633} INFO - Processing file /home/karuturihemanth/airflow_env/lib/python3.9/site-packages/airflow/example_dags/example_nested_branch_dag.py for tasks to queue
[2021-07-16 03:40:43,900] {logging_mixin.py:104} INFO - [2021-07-16 03:40:43,900] {dagbag.py:496} INFO - Filling up the DagBag from /home/karuturihemanth/airflow_env/lib/python3.9/site-packages/airflow/example_dags/example_nested_branch_dag.py
[2021-07-16 03:40:43,912] {scheduler_job.py:643} INFO - DAG(s) dict_keys(['example_nested_branch_dag']) retrieved from /home/karuturihemanth/airflow_env/lib/python3.9/site-packages/airflow/example_dags/example_nested_branch_dag.py
[2021-07-16 03:40:43,926] {logging_mixin.py:104} INFO - [2021-07-16 03:40:43,926] {dag.py:1833} INFO - Sync 1 DAGs
[2021-07-16 03:40:43,940] {logging_mixin.py:104} INFO - [2021-07-16 03:40:43,940] {dag.py:2306} INFO - Setting next_dagrun for example_nested_branch_dag to 2021-07-14 00:00:00+00:00
[2021-07-16 03:40:43,954] {scheduler_job.py:190} INFO - Processing /home/karuturihemanth/airflow_env/lib/python3.9/site-packages/airflow/example_dags/example_nested_branch_dag.py took 0.059 seconds
[2021-07-16 03:41:21,549] {scheduler_job.py:182} INFO - Started process (PID=5369) to work on /home/karuturihemanth/airflow_env/lib/python3.9/site-packages/airflow/example_dags/example_nested_branch_dag.py
[2021-07-16 03:41:21,550] {scheduler_job.py:633} INFO - Processing file /home/karuturihemanth/airflow_env/lib/python3.9/site-packages/airflow/example_dags/example_nested_branch_dag.py for tasks to queue
[2021-07-16 03:41:21,551] {logging_mixin.py:104} INFO - [2021-07-16 03:41:21,551] {dagbag.py:496} INFO - Filling up the DagBag from /home/karuturihemanth/airflow_env/lib/python3.9/site-packages/airflow/example_dags/example_nested_branch_dag.py
[2021-07-16 03:41:21,563] {scheduler_job.py:643} INFO - DAG(s) dict_keys(['example_nested_branch_dag']) retrieved from /home/karuturihemanth/airflow_env/lib/python3.9/site-packages/airflow/example_dags/example_nested_branch_dag.py
[2021-07-16 03:41:21,577] {logging_mixin.py:104} INFO - [2021-07-16 03:41:21,577] {dag.py:1833} INFO - Sync 1 DAGs
[2021-07-16 03:41:21,589] {logging_mixin.py:104} INFO - [2021-07-16 03:41:21,589] {dag.py:2306} INFO - Setting next_dagrun for example_nested_branch_dag to 2021-07-14 00:00:00+00:00
[2021-07-16 03:41:21,601] {scheduler_job.py:190} INFO - Processing /home/karuturihemanth/airflow_env/lib/python3.9/site-packages/airflow/example_dags/example_nested_branch_dag.py took 0.055 seconds
[2021-07-16 03:51:33,580] {scheduler_job.py:182} INFO - Started process (PID=5652) to work on /home/karuturihemanth/airflow_env/lib/python3.9/site-packages/airflow/example_dags/example_nested_branch_dag.py
[2021-07-16 03:51:33,581] {scheduler_job.py:633} INFO - Processing file /home/karuturihemanth/airflow_env/lib/python3.9/site-packages/airflow/example_dags/example_nested_branch_dag.py for tasks to queue
[2021-07-16 03:51:33,582] {logging_mixin.py:104} INFO - [2021-07-16 03:51:33,582] {dagbag.py:496} INFO - Filling up the DagBag from /home/karuturihemanth/airflow_env/lib/python3.9/site-packages/airflow/example_dags/example_nested_branch_dag.py
[2021-07-16 03:51:33,598] {scheduler_job.py:643} INFO - DAG(s) dict_keys(['example_nested_branch_dag']) retrieved from /home/karuturihemanth/airflow_env/lib/python3.9/site-packages/airflow/example_dags/example_nested_branch_dag.py
[2021-07-16 03:51:34,274] {logging_mixin.py:104} INFO - [2021-07-16 03:51:34,273] {dag.py:1833} INFO - Sync 1 DAGs
[2021-07-16 03:51:34,387] {logging_mixin.py:104} INFO - [2021-07-16 03:51:34,386] {dag.py:2306} INFO - Setting next_dagrun for example_nested_branch_dag to 2021-07-14 00:00:00+00:00
[2021-07-16 03:51:34,611] {scheduler_job.py:190} INFO - Processing /home/karuturihemanth/airflow_env/lib/python3.9/site-packages/airflow/example_dags/example_nested_branch_dag.py took 1.035 seconds
[2021-07-16 10:00:24,072] {scheduler_job.py:182} INFO - Started process (PID=1176) to work on /home/karuturihemanth/airflow_env/lib/python3.9/site-packages/airflow/example_dags/example_nested_branch_dag.py
[2021-07-16 10:00:24,073] {scheduler_job.py:633} INFO - Processing file /home/karuturihemanth/airflow_env/lib/python3.9/site-packages/airflow/example_dags/example_nested_branch_dag.py for tasks to queue
[2021-07-16 10:00:24,074] {logging_mixin.py:104} INFO - [2021-07-16 10:00:24,074] {dagbag.py:496} INFO - Filling up the DagBag from /home/karuturihemanth/airflow_env/lib/python3.9/site-packages/airflow/example_dags/example_nested_branch_dag.py
[2021-07-16 10:00:24,085] {scheduler_job.py:643} INFO - DAG(s) dict_keys(['example_nested_branch_dag']) retrieved from /home/karuturihemanth/airflow_env/lib/python3.9/site-packages/airflow/example_dags/example_nested_branch_dag.py
[2021-07-16 10:00:24,756] {logging_mixin.py:104} INFO - [2021-07-16 10:00:24,756] {dag.py:1833} INFO - Sync 1 DAGs
[2021-07-16 10:00:24,866] {logging_mixin.py:104} INFO - [2021-07-16 10:00:24,866] {dag.py:2306} INFO - Setting next_dagrun for example_nested_branch_dag to 2021-07-14 00:00:00+00:00
[2021-07-16 10:00:25,085] {scheduler_job.py:190} INFO - Processing /home/karuturihemanth/airflow_env/lib/python3.9/site-packages/airflow/example_dags/example_nested_branch_dag.py took 1.016 seconds
[2021-07-16 10:00:56,042] {scheduler_job.py:182} INFO - Started process (PID=1343) to work on /home/karuturihemanth/airflow_env/lib/python3.9/site-packages/airflow/example_dags/example_nested_branch_dag.py
[2021-07-16 10:00:56,043] {scheduler_job.py:633} INFO - Processing file /home/karuturihemanth/airflow_env/lib/python3.9/site-packages/airflow/example_dags/example_nested_branch_dag.py for tasks to queue
[2021-07-16 10:00:56,043] {logging_mixin.py:104} INFO - [2021-07-16 10:00:56,043] {dagbag.py:496} INFO - Filling up the DagBag from /home/karuturihemanth/airflow_env/lib/python3.9/site-packages/airflow/example_dags/example_nested_branch_dag.py
[2021-07-16 10:00:56,054] {scheduler_job.py:643} INFO - DAG(s) dict_keys(['example_nested_branch_dag']) retrieved from /home/karuturihemanth/airflow_env/lib/python3.9/site-packages/airflow/example_dags/example_nested_branch_dag.py
[2021-07-16 10:00:56,717] {logging_mixin.py:104} INFO - [2021-07-16 10:00:56,717] {dag.py:1833} INFO - Sync 1 DAGs
[2021-07-16 10:00:56,826] {logging_mixin.py:104} INFO - [2021-07-16 10:00:56,826] {dag.py:2306} INFO - Setting next_dagrun for example_nested_branch_dag to 2021-07-14 00:00:00+00:00
[2021-07-16 10:00:57,046] {scheduler_job.py:190} INFO - Processing /home/karuturihemanth/airflow_env/lib/python3.9/site-packages/airflow/example_dags/example_nested_branch_dag.py took 1.007 seconds
[2021-07-16 10:01:27,920] {scheduler_job.py:182} INFO - Started process (PID=1510) to work on /home/karuturihemanth/airflow_env/lib/python3.9/site-packages/airflow/example_dags/example_nested_branch_dag.py
[2021-07-16 10:01:27,922] {scheduler_job.py:633} INFO - Processing file /home/karuturihemanth/airflow_env/lib/python3.9/site-packages/airflow/example_dags/example_nested_branch_dag.py for tasks to queue
[2021-07-16 10:01:27,922] {logging_mixin.py:104} INFO - [2021-07-16 10:01:27,922] {dagbag.py:496} INFO - Filling up the DagBag from /home/karuturihemanth/airflow_env/lib/python3.9/site-packages/airflow/example_dags/example_nested_branch_dag.py
[2021-07-16 10:01:27,935] {scheduler_job.py:643} INFO - DAG(s) dict_keys(['example_nested_branch_dag']) retrieved from /home/karuturihemanth/airflow_env/lib/python3.9/site-packages/airflow/example_dags/example_nested_branch_dag.py
[2021-07-16 10:01:28,587] {logging_mixin.py:104} INFO - [2021-07-16 10:01:28,587] {dag.py:1833} INFO - Sync 1 DAGs
[2021-07-16 10:01:28,691] {logging_mixin.py:104} INFO - [2021-07-16 10:01:28,690] {dag.py:2306} INFO - Setting next_dagrun for example_nested_branch_dag to 2021-07-14 00:00:00+00:00
[2021-07-16 10:01:28,910] {scheduler_job.py:190} INFO - Processing /home/karuturihemanth/airflow_env/lib/python3.9/site-packages/airflow/example_dags/example_nested_branch_dag.py took 0.993 seconds
[2021-07-16 10:01:59,896] {scheduler_job.py:182} INFO - Started process (PID=1692) to work on /home/karuturihemanth/airflow_env/lib/python3.9/site-packages/airflow/example_dags/example_nested_branch_dag.py
[2021-07-16 10:01:59,896] {scheduler_job.py:633} INFO - Processing file /home/karuturihemanth/airflow_env/lib/python3.9/site-packages/airflow/example_dags/example_nested_branch_dag.py for tasks to queue
[2021-07-16 10:01:59,897] {logging_mixin.py:104} INFO - [2021-07-16 10:01:59,897] {dagbag.py:496} INFO - Filling up the DagBag from /home/karuturihemanth/airflow_env/lib/python3.9/site-packages/airflow/example_dags/example_nested_branch_dag.py
[2021-07-16 10:01:59,911] {scheduler_job.py:643} INFO - DAG(s) dict_keys(['example_nested_branch_dag']) retrieved from /home/karuturihemanth/airflow_env/lib/python3.9/site-packages/airflow/example_dags/example_nested_branch_dag.py
[2021-07-16 10:02:00,567] {logging_mixin.py:104} INFO - [2021-07-16 10:02:00,567] {dag.py:1833} INFO - Sync 1 DAGs
[2021-07-16 10:02:00,681] {logging_mixin.py:104} INFO - [2021-07-16 10:02:00,680] {dag.py:2306} INFO - Setting next_dagrun for example_nested_branch_dag to 2021-07-14 00:00:00+00:00
[2021-07-16 10:02:00,906] {scheduler_job.py:190} INFO - Processing /home/karuturihemanth/airflow_env/lib/python3.9/site-packages/airflow/example_dags/example_nested_branch_dag.py took 1.013 seconds
[2021-07-16 10:02:31,647] {scheduler_job.py:182} INFO - Started process (PID=1864) to work on /home/karuturihemanth/airflow_env/lib/python3.9/site-packages/airflow/example_dags/example_nested_branch_dag.py
[2021-07-16 10:02:31,648] {scheduler_job.py:633} INFO - Processing file /home/karuturihemanth/airflow_env/lib/python3.9/site-packages/airflow/example_dags/example_nested_branch_dag.py for tasks to queue
[2021-07-16 10:02:31,649] {logging_mixin.py:104} INFO - [2021-07-16 10:02:31,649] {dagbag.py:496} INFO - Filling up the DagBag from /home/karuturihemanth/airflow_env/lib/python3.9/site-packages/airflow/example_dags/example_nested_branch_dag.py
[2021-07-16 10:02:31,662] {scheduler_job.py:643} INFO - DAG(s) dict_keys(['example_nested_branch_dag']) retrieved from /home/karuturihemanth/airflow_env/lib/python3.9/site-packages/airflow/example_dags/example_nested_branch_dag.py
[2021-07-16 10:02:32,318] {logging_mixin.py:104} INFO - [2021-07-16 10:02:32,317] {dag.py:1833} INFO - Sync 1 DAGs
[2021-07-16 10:02:32,425] {logging_mixin.py:104} INFO - [2021-07-16 10:02:32,424] {dag.py:2306} INFO - Setting next_dagrun for example_nested_branch_dag to 2021-07-14 00:00:00+00:00
[2021-07-16 10:02:32,642] {scheduler_job.py:190} INFO - Processing /home/karuturihemanth/airflow_env/lib/python3.9/site-packages/airflow/example_dags/example_nested_branch_dag.py took 0.998 seconds
[2021-07-16 10:03:03,487] {scheduler_job.py:182} INFO - Started process (PID=2030) to work on /home/karuturihemanth/airflow_env/lib/python3.9/site-packages/airflow/example_dags/example_nested_branch_dag.py
[2021-07-16 10:03:03,488] {scheduler_job.py:633} INFO - Processing file /home/karuturihemanth/airflow_env/lib/python3.9/site-packages/airflow/example_dags/example_nested_branch_dag.py for tasks to queue
[2021-07-16 10:03:03,489] {logging_mixin.py:104} INFO - [2021-07-16 10:03:03,489] {dagbag.py:496} INFO - Filling up the DagBag from /home/karuturihemanth/airflow_env/lib/python3.9/site-packages/airflow/example_dags/example_nested_branch_dag.py
[2021-07-16 10:03:03,505] {scheduler_job.py:643} INFO - DAG(s) dict_keys(['example_nested_branch_dag']) retrieved from /home/karuturihemanth/airflow_env/lib/python3.9/site-packages/airflow/example_dags/example_nested_branch_dag.py
[2021-07-16 10:03:04,177] {logging_mixin.py:104} INFO - [2021-07-16 10:03:04,177] {dag.py:1833} INFO - Sync 1 DAGs
[2021-07-16 10:03:04,282] {logging_mixin.py:104} INFO - [2021-07-16 10:03:04,282] {dag.py:2306} INFO - Setting next_dagrun for example_nested_branch_dag to 2021-07-14 00:00:00+00:00
[2021-07-16 10:03:04,505] {scheduler_job.py:190} INFO - Processing /home/karuturihemanth/airflow_env/lib/python3.9/site-packages/airflow/example_dags/example_nested_branch_dag.py took 1.020 seconds
[2021-07-16 10:03:34,927] {scheduler_job.py:182} INFO - Started process (PID=2200) to work on /home/karuturihemanth/airflow_env/lib/python3.9/site-packages/airflow/example_dags/example_nested_branch_dag.py
[2021-07-16 10:03:34,928] {scheduler_job.py:633} INFO - Processing file /home/karuturihemanth/airflow_env/lib/python3.9/site-packages/airflow/example_dags/example_nested_branch_dag.py for tasks to queue
[2021-07-16 10:03:34,929] {logging_mixin.py:104} INFO - [2021-07-16 10:03:34,928] {dagbag.py:496} INFO - Filling up the DagBag from /home/karuturihemanth/airflow_env/lib/python3.9/site-packages/airflow/example_dags/example_nested_branch_dag.py
[2021-07-16 10:03:34,942] {scheduler_job.py:643} INFO - DAG(s) dict_keys(['example_nested_branch_dag']) retrieved from /home/karuturihemanth/airflow_env/lib/python3.9/site-packages/airflow/example_dags/example_nested_branch_dag.py
[2021-07-16 10:03:35,583] {logging_mixin.py:104} INFO - [2021-07-16 10:03:35,583] {dag.py:1833} INFO - Sync 1 DAGs
[2021-07-16 10:03:35,688] {logging_mixin.py:104} INFO - [2021-07-16 10:03:35,688] {dag.py:2306} INFO - Setting next_dagrun for example_nested_branch_dag to 2021-07-14 00:00:00+00:00
[2021-07-16 10:03:35,903] {scheduler_job.py:190} INFO - Processing /home/karuturihemanth/airflow_env/lib/python3.9/site-packages/airflow/example_dags/example_nested_branch_dag.py took 0.979 seconds
[2021-07-16 10:04:07,039] {scheduler_job.py:182} INFO - Started process (PID=2367) to work on /home/karuturihemanth/airflow_env/lib/python3.9/site-packages/airflow/example_dags/example_nested_branch_dag.py
[2021-07-16 10:04:07,040] {scheduler_job.py:633} INFO - Processing file /home/karuturihemanth/airflow_env/lib/python3.9/site-packages/airflow/example_dags/example_nested_branch_dag.py for tasks to queue
[2021-07-16 10:04:07,040] {logging_mixin.py:104} INFO - [2021-07-16 10:04:07,040] {dagbag.py:496} INFO - Filling up the DagBag from /home/karuturihemanth/airflow_env/lib/python3.9/site-packages/airflow/example_dags/example_nested_branch_dag.py
[2021-07-16 10:04:07,053] {scheduler_job.py:643} INFO - DAG(s) dict_keys(['example_nested_branch_dag']) retrieved from /home/karuturihemanth/airflow_env/lib/python3.9/site-packages/airflow/example_dags/example_nested_branch_dag.py
[2021-07-16 10:04:07,702] {logging_mixin.py:104} INFO - [2021-07-16 10:04:07,702] {dag.py:1833} INFO - Sync 1 DAGs
[2021-07-16 10:04:07,806] {logging_mixin.py:104} INFO - [2021-07-16 10:04:07,806] {dag.py:2306} INFO - Setting next_dagrun for example_nested_branch_dag to 2021-07-14 00:00:00+00:00
[2021-07-16 10:04:08,022] {scheduler_job.py:190} INFO - Processing /home/karuturihemanth/airflow_env/lib/python3.9/site-packages/airflow/example_dags/example_nested_branch_dag.py took 0.986 seconds
[2021-07-16 10:04:39,749] {scheduler_job.py:182} INFO - Started process (PID=2534) to work on /home/karuturihemanth/airflow_env/lib/python3.9/site-packages/airflow/example_dags/example_nested_branch_dag.py
[2021-07-16 10:04:39,750] {scheduler_job.py:633} INFO - Processing file /home/karuturihemanth/airflow_env/lib/python3.9/site-packages/airflow/example_dags/example_nested_branch_dag.py for tasks to queue
[2021-07-16 10:04:39,751] {logging_mixin.py:104} INFO - [2021-07-16 10:04:39,751] {dagbag.py:496} INFO - Filling up the DagBag from /home/karuturihemanth/airflow_env/lib/python3.9/site-packages/airflow/example_dags/example_nested_branch_dag.py
[2021-07-16 10:04:39,765] {scheduler_job.py:643} INFO - DAG(s) dict_keys(['example_nested_branch_dag']) retrieved from /home/karuturihemanth/airflow_env/lib/python3.9/site-packages/airflow/example_dags/example_nested_branch_dag.py
[2021-07-16 10:04:40,430] {logging_mixin.py:104} INFO - [2021-07-16 10:04:40,430] {dag.py:1833} INFO - Sync 1 DAGs
[2021-07-16 10:04:40,538] {logging_mixin.py:104} INFO - [2021-07-16 10:04:40,538] {dag.py:2306} INFO - Setting next_dagrun for example_nested_branch_dag to 2021-07-14 00:00:00+00:00
[2021-07-16 10:04:40,758] {scheduler_job.py:190} INFO - Processing /home/karuturihemanth/airflow_env/lib/python3.9/site-packages/airflow/example_dags/example_nested_branch_dag.py took 1.012 seconds
[2021-07-16 10:05:11,254] {scheduler_job.py:182} INFO - Started process (PID=2700) to work on /home/karuturihemanth/airflow_env/lib/python3.9/site-packages/airflow/example_dags/example_nested_branch_dag.py
[2021-07-16 10:05:11,258] {scheduler_job.py:633} INFO - Processing file /home/karuturihemanth/airflow_env/lib/python3.9/site-packages/airflow/example_dags/example_nested_branch_dag.py for tasks to queue
[2021-07-16 10:05:11,258] {logging_mixin.py:104} INFO - [2021-07-16 10:05:11,258] {dagbag.py:496} INFO - Filling up the DagBag from /home/karuturihemanth/airflow_env/lib/python3.9/site-packages/airflow/example_dags/example_nested_branch_dag.py
[2021-07-16 10:05:11,268] {scheduler_job.py:643} INFO - DAG(s) dict_keys(['example_nested_branch_dag']) retrieved from /home/karuturihemanth/airflow_env/lib/python3.9/site-packages/airflow/example_dags/example_nested_branch_dag.py
[2021-07-16 10:05:11,923] {logging_mixin.py:104} INFO - [2021-07-16 10:05:11,923] {dag.py:1833} INFO - Sync 1 DAGs
[2021-07-16 10:05:12,029] {logging_mixin.py:104} INFO - [2021-07-16 10:05:12,029] {dag.py:2306} INFO - Setting next_dagrun for example_nested_branch_dag to 2021-07-14 00:00:00+00:00
[2021-07-16 10:05:12,249] {scheduler_job.py:190} INFO - Processing /home/karuturihemanth/airflow_env/lib/python3.9/site-packages/airflow/example_dags/example_nested_branch_dag.py took 0.998 seconds
[2021-07-16 10:05:42,636] {scheduler_job.py:182} INFO - Started process (PID=2867) to work on /home/karuturihemanth/airflow_env/lib/python3.9/site-packages/airflow/example_dags/example_nested_branch_dag.py
[2021-07-16 10:05:42,637] {scheduler_job.py:633} INFO - Processing file /home/karuturihemanth/airflow_env/lib/python3.9/site-packages/airflow/example_dags/example_nested_branch_dag.py for tasks to queue
[2021-07-16 10:05:42,637] {logging_mixin.py:104} INFO - [2021-07-16 10:05:42,637] {dagbag.py:496} INFO - Filling up the DagBag from /home/karuturihemanth/airflow_env/lib/python3.9/site-packages/airflow/example_dags/example_nested_branch_dag.py
[2021-07-16 10:05:42,648] {scheduler_job.py:643} INFO - DAG(s) dict_keys(['example_nested_branch_dag']) retrieved from /home/karuturihemanth/airflow_env/lib/python3.9/site-packages/airflow/example_dags/example_nested_branch_dag.py
[2021-07-16 10:05:43,331] {logging_mixin.py:104} INFO - [2021-07-16 10:05:43,331] {dag.py:1833} INFO - Sync 1 DAGs
[2021-07-16 10:05:43,441] {logging_mixin.py:104} INFO - [2021-07-16 10:05:43,441] {dag.py:2306} INFO - Setting next_dagrun for example_nested_branch_dag to 2021-07-14 00:00:00+00:00
[2021-07-16 10:05:43,668] {scheduler_job.py:190} INFO - Processing /home/karuturihemanth/airflow_env/lib/python3.9/site-packages/airflow/example_dags/example_nested_branch_dag.py took 1.035 seconds
[2021-07-16 10:06:14,623] {scheduler_job.py:182} INFO - Started process (PID=3033) to work on /home/karuturihemanth/airflow_env/lib/python3.9/site-packages/airflow/example_dags/example_nested_branch_dag.py
[2021-07-16 10:06:14,624] {scheduler_job.py:633} INFO - Processing file /home/karuturihemanth/airflow_env/lib/python3.9/site-packages/airflow/example_dags/example_nested_branch_dag.py for tasks to queue
[2021-07-16 10:06:14,624] {logging_mixin.py:104} INFO - [2021-07-16 10:06:14,624] {dagbag.py:496} INFO - Filling up the DagBag from /home/karuturihemanth/airflow_env/lib/python3.9/site-packages/airflow/example_dags/example_nested_branch_dag.py
[2021-07-16 10:06:14,635] {scheduler_job.py:643} INFO - DAG(s) dict_keys(['example_nested_branch_dag']) retrieved from /home/karuturihemanth/airflow_env/lib/python3.9/site-packages/airflow/example_dags/example_nested_branch_dag.py
[2021-07-16 10:06:15,283] {logging_mixin.py:104} INFO - [2021-07-16 10:06:15,283] {dag.py:1833} INFO - Sync 1 DAGs
[2021-07-16 10:06:15,388] {logging_mixin.py:104} INFO - [2021-07-16 10:06:15,388] {dag.py:2306} INFO - Setting next_dagrun for example_nested_branch_dag to 2021-07-14 00:00:00+00:00
[2021-07-16 10:06:15,606] {scheduler_job.py:190} INFO - Processing /home/karuturihemanth/airflow_env/lib/python3.9/site-packages/airflow/example_dags/example_nested_branch_dag.py took 0.986 seconds
[2021-07-16 10:06:46,377] {scheduler_job.py:182} INFO - Started process (PID=3200) to work on /home/karuturihemanth/airflow_env/lib/python3.9/site-packages/airflow/example_dags/example_nested_branch_dag.py
[2021-07-16 10:06:46,378] {scheduler_job.py:633} INFO - Processing file /home/karuturihemanth/airflow_env/lib/python3.9/site-packages/airflow/example_dags/example_nested_branch_dag.py for tasks to queue
[2021-07-16 10:06:46,378] {logging_mixin.py:104} INFO - [2021-07-16 10:06:46,378] {dagbag.py:496} INFO - Filling up the DagBag from /home/karuturihemanth/airflow_env/lib/python3.9/site-packages/airflow/example_dags/example_nested_branch_dag.py
[2021-07-16 10:06:46,389] {scheduler_job.py:643} INFO - DAG(s) dict_keys(['example_nested_branch_dag']) retrieved from /home/karuturihemanth/airflow_env/lib/python3.9/site-packages/airflow/example_dags/example_nested_branch_dag.py
[2021-07-16 10:06:47,037] {logging_mixin.py:104} INFO - [2021-07-16 10:06:47,037] {dag.py:1833} INFO - Sync 1 DAGs
[2021-07-16 10:06:47,142] {logging_mixin.py:104} INFO - [2021-07-16 10:06:47,142] {dag.py:2306} INFO - Setting next_dagrun for example_nested_branch_dag to 2021-07-14 00:00:00+00:00
[2021-07-16 10:06:47,358] {scheduler_job.py:190} INFO - Processing /home/karuturihemanth/airflow_env/lib/python3.9/site-packages/airflow/example_dags/example_nested_branch_dag.py took 0.985 seconds
[2021-07-16 10:07:18,395] {scheduler_job.py:182} INFO - Started process (PID=3368) to work on /home/karuturihemanth/airflow_env/lib/python3.9/site-packages/airflow/example_dags/example_nested_branch_dag.py
[2021-07-16 10:07:18,396] {scheduler_job.py:633} INFO - Processing file /home/karuturihemanth/airflow_env/lib/python3.9/site-packages/airflow/example_dags/example_nested_branch_dag.py for tasks to queue
[2021-07-16 10:07:18,397] {logging_mixin.py:104} INFO - [2021-07-16 10:07:18,397] {dagbag.py:496} INFO - Filling up the DagBag from /home/karuturihemanth/airflow_env/lib/python3.9/site-packages/airflow/example_dags/example_nested_branch_dag.py
[2021-07-16 10:07:18,412] {scheduler_job.py:643} INFO - DAG(s) dict_keys(['example_nested_branch_dag']) retrieved from /home/karuturihemanth/airflow_env/lib/python3.9/site-packages/airflow/example_dags/example_nested_branch_dag.py
[2021-07-16 10:07:19,084] {logging_mixin.py:104} INFO - [2021-07-16 10:07:19,084] {dag.py:1833} INFO - Sync 1 DAGs
[2021-07-16 10:07:19,193] {logging_mixin.py:104} INFO - [2021-07-16 10:07:19,193] {dag.py:2306} INFO - Setting next_dagrun for example_nested_branch_dag to 2021-07-14 00:00:00+00:00
[2021-07-16 10:07:19,419] {scheduler_job.py:190} INFO - Processing /home/karuturihemanth/airflow_env/lib/python3.9/site-packages/airflow/example_dags/example_nested_branch_dag.py took 1.029 seconds
[2021-07-16 10:07:50,616] {scheduler_job.py:182} INFO - Started process (PID=3533) to work on /home/karuturihemanth/airflow_env/lib/python3.9/site-packages/airflow/example_dags/example_nested_branch_dag.py
[2021-07-16 10:07:50,618] {scheduler_job.py:633} INFO - Processing file /home/karuturihemanth/airflow_env/lib/python3.9/site-packages/airflow/example_dags/example_nested_branch_dag.py for tasks to queue
[2021-07-16 10:07:50,618] {logging_mixin.py:104} INFO - [2021-07-16 10:07:50,618] {dagbag.py:496} INFO - Filling up the DagBag from /home/karuturihemanth/airflow_env/lib/python3.9/site-packages/airflow/example_dags/example_nested_branch_dag.py
[2021-07-16 10:07:50,630] {scheduler_job.py:643} INFO - DAG(s) dict_keys(['example_nested_branch_dag']) retrieved from /home/karuturihemanth/airflow_env/lib/python3.9/site-packages/airflow/example_dags/example_nested_branch_dag.py
[2021-07-16 10:07:51,287] {logging_mixin.py:104} INFO - [2021-07-16 10:07:51,287] {dag.py:1833} INFO - Sync 1 DAGs
[2021-07-16 10:07:51,393] {logging_mixin.py:104} INFO - [2021-07-16 10:07:51,393] {dag.py:2306} INFO - Setting next_dagrun for example_nested_branch_dag to 2021-07-14 00:00:00+00:00
[2021-07-16 10:07:51,612] {scheduler_job.py:190} INFO - Processing /home/karuturihemanth/airflow_env/lib/python3.9/site-packages/airflow/example_dags/example_nested_branch_dag.py took 0.999 seconds
[2021-07-16 10:08:21,945] {scheduler_job.py:182} INFO - Started process (PID=3699) to work on /home/karuturihemanth/airflow_env/lib/python3.9/site-packages/airflow/example_dags/example_nested_branch_dag.py
[2021-07-16 10:08:21,946] {scheduler_job.py:633} INFO - Processing file /home/karuturihemanth/airflow_env/lib/python3.9/site-packages/airflow/example_dags/example_nested_branch_dag.py for tasks to queue
[2021-07-16 10:08:21,947] {logging_mixin.py:104} INFO - [2021-07-16 10:08:21,947] {dagbag.py:496} INFO - Filling up the DagBag from /home/karuturihemanth/airflow_env/lib/python3.9/site-packages/airflow/example_dags/example_nested_branch_dag.py
[2021-07-16 10:08:21,962] {scheduler_job.py:643} INFO - DAG(s) dict_keys(['example_nested_branch_dag']) retrieved from /home/karuturihemanth/airflow_env/lib/python3.9/site-packages/airflow/example_dags/example_nested_branch_dag.py
[2021-07-16 10:08:22,619] {logging_mixin.py:104} INFO - [2021-07-16 10:08:22,619] {dag.py:1833} INFO - Sync 1 DAGs
[2021-07-16 10:08:22,729] {logging_mixin.py:104} INFO - [2021-07-16 10:08:22,729] {dag.py:2306} INFO - Setting next_dagrun for example_nested_branch_dag to 2021-07-14 00:00:00+00:00
[2021-07-16 10:08:22,948] {scheduler_job.py:190} INFO - Processing /home/karuturihemanth/airflow_env/lib/python3.9/site-packages/airflow/example_dags/example_nested_branch_dag.py took 1.007 seconds
[2021-07-16 10:08:54,203] {scheduler_job.py:182} INFO - Started process (PID=3867) to work on /home/karuturihemanth/airflow_env/lib/python3.9/site-packages/airflow/example_dags/example_nested_branch_dag.py
[2021-07-16 10:08:54,204] {scheduler_job.py:633} INFO - Processing file /home/karuturihemanth/airflow_env/lib/python3.9/site-packages/airflow/example_dags/example_nested_branch_dag.py for tasks to queue
[2021-07-16 10:08:54,204] {logging_mixin.py:104} INFO - [2021-07-16 10:08:54,204] {dagbag.py:496} INFO - Filling up the DagBag from /home/karuturihemanth/airflow_env/lib/python3.9/site-packages/airflow/example_dags/example_nested_branch_dag.py
[2021-07-16 10:08:54,215] {scheduler_job.py:643} INFO - DAG(s) dict_keys(['example_nested_branch_dag']) retrieved from /home/karuturihemanth/airflow_env/lib/python3.9/site-packages/airflow/example_dags/example_nested_branch_dag.py
[2021-07-16 10:08:54,873] {logging_mixin.py:104} INFO - [2021-07-16 10:08:54,873] {dag.py:1833} INFO - Sync 1 DAGs
[2021-07-16 10:08:54,978] {logging_mixin.py:104} INFO - [2021-07-16 10:08:54,978] {dag.py:2306} INFO - Setting next_dagrun for example_nested_branch_dag to 2021-07-14 00:00:00+00:00
[2021-07-16 10:08:55,197] {scheduler_job.py:190} INFO - Processing /home/karuturihemanth/airflow_env/lib/python3.9/site-packages/airflow/example_dags/example_nested_branch_dag.py took 0.998 seconds
[2021-07-16 10:09:25,837] {scheduler_job.py:182} INFO - Started process (PID=4033) to work on /home/karuturihemanth/airflow_env/lib/python3.9/site-packages/airflow/example_dags/example_nested_branch_dag.py
[2021-07-16 10:09:25,838] {scheduler_job.py:633} INFO - Processing file /home/karuturihemanth/airflow_env/lib/python3.9/site-packages/airflow/example_dags/example_nested_branch_dag.py for tasks to queue
[2021-07-16 10:09:25,839] {logging_mixin.py:104} INFO - [2021-07-16 10:09:25,839] {dagbag.py:496} INFO - Filling up the DagBag from /home/karuturihemanth/airflow_env/lib/python3.9/site-packages/airflow/example_dags/example_nested_branch_dag.py
[2021-07-16 10:09:25,850] {scheduler_job.py:643} INFO - DAG(s) dict_keys(['example_nested_branch_dag']) retrieved from /home/karuturihemanth/airflow_env/lib/python3.9/site-packages/airflow/example_dags/example_nested_branch_dag.py
[2021-07-16 10:09:26,524] {logging_mixin.py:104} INFO - [2021-07-16 10:09:26,524] {dag.py:1833} INFO - Sync 1 DAGs
[2021-07-16 10:09:26,635] {logging_mixin.py:104} INFO - [2021-07-16 10:09:26,635] {dag.py:2306} INFO - Setting next_dagrun for example_nested_branch_dag to 2021-07-14 00:00:00+00:00
[2021-07-16 10:09:26,860] {scheduler_job.py:190} INFO - Processing /home/karuturihemanth/airflow_env/lib/python3.9/site-packages/airflow/example_dags/example_nested_branch_dag.py took 1.026 seconds
[2021-07-16 10:09:57,680] {scheduler_job.py:182} INFO - Started process (PID=4200) to work on /home/karuturihemanth/airflow_env/lib/python3.9/site-packages/airflow/example_dags/example_nested_branch_dag.py
[2021-07-16 10:09:57,681] {scheduler_job.py:633} INFO - Processing file /home/karuturihemanth/airflow_env/lib/python3.9/site-packages/airflow/example_dags/example_nested_branch_dag.py for tasks to queue
[2021-07-16 10:09:57,682] {logging_mixin.py:104} INFO - [2021-07-16 10:09:57,681] {dagbag.py:496} INFO - Filling up the DagBag from /home/karuturihemanth/airflow_env/lib/python3.9/site-packages/airflow/example_dags/example_nested_branch_dag.py
[2021-07-16 10:09:57,692] {scheduler_job.py:643} INFO - DAG(s) dict_keys(['example_nested_branch_dag']) retrieved from /home/karuturihemanth/airflow_env/lib/python3.9/site-packages/airflow/example_dags/example_nested_branch_dag.py
[2021-07-16 10:09:58,339] {logging_mixin.py:104} INFO - [2021-07-16 10:09:58,338] {dag.py:1833} INFO - Sync 1 DAGs
[2021-07-16 10:09:58,444] {logging_mixin.py:104} INFO - [2021-07-16 10:09:58,443] {dag.py:2306} INFO - Setting next_dagrun for example_nested_branch_dag to 2021-07-14 00:00:00+00:00
[2021-07-16 10:09:58,657] {scheduler_job.py:190} INFO - Processing /home/karuturihemanth/airflow_env/lib/python3.9/site-packages/airflow/example_dags/example_nested_branch_dag.py took 0.981 seconds
[2021-07-16 10:10:29,843] {scheduler_job.py:182} INFO - Started process (PID=4367) to work on /home/karuturihemanth/airflow_env/lib/python3.9/site-packages/airflow/example_dags/example_nested_branch_dag.py
[2021-07-16 10:10:29,843] {scheduler_job.py:633} INFO - Processing file /home/karuturihemanth/airflow_env/lib/python3.9/site-packages/airflow/example_dags/example_nested_branch_dag.py for tasks to queue
[2021-07-16 10:10:29,844] {logging_mixin.py:104} INFO - [2021-07-16 10:10:29,844] {dagbag.py:496} INFO - Filling up the DagBag from /home/karuturihemanth/airflow_env/lib/python3.9/site-packages/airflow/example_dags/example_nested_branch_dag.py
[2021-07-16 10:10:29,855] {scheduler_job.py:643} INFO - DAG(s) dict_keys(['example_nested_branch_dag']) retrieved from /home/karuturihemanth/airflow_env/lib/python3.9/site-packages/airflow/example_dags/example_nested_branch_dag.py
[2021-07-16 10:10:30,502] {logging_mixin.py:104} INFO - [2021-07-16 10:10:30,502] {dag.py:1833} INFO - Sync 1 DAGs
[2021-07-16 10:10:30,604] {logging_mixin.py:104} INFO - [2021-07-16 10:10:30,604] {dag.py:2306} INFO - Setting next_dagrun for example_nested_branch_dag to 2021-07-14 00:00:00+00:00
[2021-07-16 10:10:30,820] {scheduler_job.py:190} INFO - Processing /home/karuturihemanth/airflow_env/lib/python3.9/site-packages/airflow/example_dags/example_nested_branch_dag.py took 0.981 seconds
[2021-07-16 10:11:01,500] {scheduler_job.py:182} INFO - Started process (PID=4533) to work on /home/karuturihemanth/airflow_env/lib/python3.9/site-packages/airflow/example_dags/example_nested_branch_dag.py
[2021-07-16 10:11:01,501] {scheduler_job.py:633} INFO - Processing file /home/karuturihemanth/airflow_env/lib/python3.9/site-packages/airflow/example_dags/example_nested_branch_dag.py for tasks to queue
[2021-07-16 10:11:01,501] {logging_mixin.py:104} INFO - [2021-07-16 10:11:01,501] {dagbag.py:496} INFO - Filling up the DagBag from /home/karuturihemanth/airflow_env/lib/python3.9/site-packages/airflow/example_dags/example_nested_branch_dag.py
[2021-07-16 10:11:01,512] {scheduler_job.py:643} INFO - DAG(s) dict_keys(['example_nested_branch_dag']) retrieved from /home/karuturihemanth/airflow_env/lib/python3.9/site-packages/airflow/example_dags/example_nested_branch_dag.py
[2021-07-16 10:11:02,188] {logging_mixin.py:104} INFO - [2021-07-16 10:11:02,188] {dag.py:1833} INFO - Sync 1 DAGs
[2021-07-16 10:11:02,296] {logging_mixin.py:104} INFO - [2021-07-16 10:11:02,296] {dag.py:2306} INFO - Setting next_dagrun for example_nested_branch_dag to 2021-07-14 00:00:00+00:00
[2021-07-16 10:11:02,521] {scheduler_job.py:190} INFO - Processing /home/karuturihemanth/airflow_env/lib/python3.9/site-packages/airflow/example_dags/example_nested_branch_dag.py took 1.025 seconds
[2021-07-16 10:11:33,442] {scheduler_job.py:182} INFO - Started process (PID=4700) to work on /home/karuturihemanth/airflow_env/lib/python3.9/site-packages/airflow/example_dags/example_nested_branch_dag.py
[2021-07-16 10:11:33,443] {scheduler_job.py:633} INFO - Processing file /home/karuturihemanth/airflow_env/lib/python3.9/site-packages/airflow/example_dags/example_nested_branch_dag.py for tasks to queue
[2021-07-16 10:11:33,444] {logging_mixin.py:104} INFO - [2021-07-16 10:11:33,444] {dagbag.py:496} INFO - Filling up the DagBag from /home/karuturihemanth/airflow_env/lib/python3.9/site-packages/airflow/example_dags/example_nested_branch_dag.py
[2021-07-16 10:11:33,454] {scheduler_job.py:643} INFO - DAG(s) dict_keys(['example_nested_branch_dag']) retrieved from /home/karuturihemanth/airflow_env/lib/python3.9/site-packages/airflow/example_dags/example_nested_branch_dag.py
[2021-07-16 10:11:34,124] {logging_mixin.py:104} INFO - [2021-07-16 10:11:34,123] {dag.py:1833} INFO - Sync 1 DAGs
[2021-07-16 10:11:34,230] {logging_mixin.py:104} INFO - [2021-07-16 10:11:34,230] {dag.py:2306} INFO - Setting next_dagrun for example_nested_branch_dag to 2021-07-14 00:00:00+00:00
[2021-07-16 10:11:34,454] {scheduler_job.py:190} INFO - Processing /home/karuturihemanth/airflow_env/lib/python3.9/site-packages/airflow/example_dags/example_nested_branch_dag.py took 1.015 seconds
[2021-07-16 10:12:05,082] {scheduler_job.py:182} INFO - Started process (PID=4866) to work on /home/karuturihemanth/airflow_env/lib/python3.9/site-packages/airflow/example_dags/example_nested_branch_dag.py
[2021-07-16 10:12:05,083] {scheduler_job.py:633} INFO - Processing file /home/karuturihemanth/airflow_env/lib/python3.9/site-packages/airflow/example_dags/example_nested_branch_dag.py for tasks to queue
[2021-07-16 10:12:05,083] {logging_mixin.py:104} INFO - [2021-07-16 10:12:05,083] {dagbag.py:496} INFO - Filling up the DagBag from /home/karuturihemanth/airflow_env/lib/python3.9/site-packages/airflow/example_dags/example_nested_branch_dag.py
[2021-07-16 10:12:05,094] {scheduler_job.py:643} INFO - DAG(s) dict_keys(['example_nested_branch_dag']) retrieved from /home/karuturihemanth/airflow_env/lib/python3.9/site-packages/airflow/example_dags/example_nested_branch_dag.py
[2021-07-16 10:12:05,744] {logging_mixin.py:104} INFO - [2021-07-16 10:12:05,744] {dag.py:1833} INFO - Sync 1 DAGs
[2021-07-16 10:12:05,849] {logging_mixin.py:104} INFO - [2021-07-16 10:12:05,848] {dag.py:2306} INFO - Setting next_dagrun for example_nested_branch_dag to 2021-07-14 00:00:00+00:00
[2021-07-16 10:12:06,062] {scheduler_job.py:190} INFO - Processing /home/karuturihemanth/airflow_env/lib/python3.9/site-packages/airflow/example_dags/example_nested_branch_dag.py took 0.984 seconds
[2021-07-16 10:12:36,718] {scheduler_job.py:182} INFO - Started process (PID=5033) to work on /home/karuturihemanth/airflow_env/lib/python3.9/site-packages/airflow/example_dags/example_nested_branch_dag.py
[2021-07-16 10:12:36,719] {scheduler_job.py:633} INFO - Processing file /home/karuturihemanth/airflow_env/lib/python3.9/site-packages/airflow/example_dags/example_nested_branch_dag.py for tasks to queue
[2021-07-16 10:12:36,719] {logging_mixin.py:104} INFO - [2021-07-16 10:12:36,719] {dagbag.py:496} INFO - Filling up the DagBag from /home/karuturihemanth/airflow_env/lib/python3.9/site-packages/airflow/example_dags/example_nested_branch_dag.py
[2021-07-16 10:12:36,730] {scheduler_job.py:643} INFO - DAG(s) dict_keys(['example_nested_branch_dag']) retrieved from /home/karuturihemanth/airflow_env/lib/python3.9/site-packages/airflow/example_dags/example_nested_branch_dag.py
[2021-07-16 10:12:37,405] {logging_mixin.py:104} INFO - [2021-07-16 10:12:37,404] {dag.py:1833} INFO - Sync 1 DAGs
[2021-07-16 10:12:37,511] {logging_mixin.py:104} INFO - [2021-07-16 10:12:37,511] {dag.py:2306} INFO - Setting next_dagrun for example_nested_branch_dag to 2021-07-14 00:00:00+00:00
[2021-07-16 10:12:37,735] {scheduler_job.py:190} INFO - Processing /home/karuturihemanth/airflow_env/lib/python3.9/site-packages/airflow/example_dags/example_nested_branch_dag.py took 1.020 seconds
[2021-07-16 10:13:08,391] {scheduler_job.py:182} INFO - Started process (PID=5199) to work on /home/karuturihemanth/airflow_env/lib/python3.9/site-packages/airflow/example_dags/example_nested_branch_dag.py
[2021-07-16 10:13:08,392] {scheduler_job.py:633} INFO - Processing file /home/karuturihemanth/airflow_env/lib/python3.9/site-packages/airflow/example_dags/example_nested_branch_dag.py for tasks to queue
[2021-07-16 10:13:08,392] {logging_mixin.py:104} INFO - [2021-07-16 10:13:08,392] {dagbag.py:496} INFO - Filling up the DagBag from /home/karuturihemanth/airflow_env/lib/python3.9/site-packages/airflow/example_dags/example_nested_branch_dag.py
[2021-07-16 10:13:08,403] {scheduler_job.py:643} INFO - DAG(s) dict_keys(['example_nested_branch_dag']) retrieved from /home/karuturihemanth/airflow_env/lib/python3.9/site-packages/airflow/example_dags/example_nested_branch_dag.py
[2021-07-16 10:13:09,097] {logging_mixin.py:104} INFO - [2021-07-16 10:13:09,097] {dag.py:1833} INFO - Sync 1 DAGs
[2021-07-16 10:13:09,205] {logging_mixin.py:104} INFO - [2021-07-16 10:13:09,205] {dag.py:2306} INFO - Setting next_dagrun for example_nested_branch_dag to 2021-07-14 00:00:00+00:00
[2021-07-16 10:13:09,433] {scheduler_job.py:190} INFO - Processing /home/karuturihemanth/airflow_env/lib/python3.9/site-packages/airflow/example_dags/example_nested_branch_dag.py took 1.046 seconds
[2021-07-16 10:13:40,431] {scheduler_job.py:182} INFO - Started process (PID=5368) to work on /home/karuturihemanth/airflow_env/lib/python3.9/site-packages/airflow/example_dags/example_nested_branch_dag.py
[2021-07-16 10:13:40,432] {scheduler_job.py:633} INFO - Processing file /home/karuturihemanth/airflow_env/lib/python3.9/site-packages/airflow/example_dags/example_nested_branch_dag.py for tasks to queue
[2021-07-16 10:13:40,433] {logging_mixin.py:104} INFO - [2021-07-16 10:13:40,432] {dagbag.py:496} INFO - Filling up the DagBag from /home/karuturihemanth/airflow_env/lib/python3.9/site-packages/airflow/example_dags/example_nested_branch_dag.py
[2021-07-16 10:13:40,445] {scheduler_job.py:643} INFO - DAG(s) dict_keys(['example_nested_branch_dag']) retrieved from /home/karuturihemanth/airflow_env/lib/python3.9/site-packages/airflow/example_dags/example_nested_branch_dag.py
[2021-07-16 10:13:41,118] {logging_mixin.py:104} INFO - [2021-07-16 10:13:41,117] {dag.py:1833} INFO - Sync 1 DAGs
[2021-07-16 10:13:41,225] {logging_mixin.py:104} INFO - [2021-07-16 10:13:41,224] {dag.py:2306} INFO - Setting next_dagrun for example_nested_branch_dag to 2021-07-14 00:00:00+00:00
[2021-07-16 10:13:41,448] {scheduler_job.py:190} INFO - Processing /home/karuturihemanth/airflow_env/lib/python3.9/site-packages/airflow/example_dags/example_nested_branch_dag.py took 1.023 seconds
[2021-07-16 10:14:11,948] {scheduler_job.py:182} INFO - Started process (PID=5534) to work on /home/karuturihemanth/airflow_env/lib/python3.9/site-packages/airflow/example_dags/example_nested_branch_dag.py
[2021-07-16 10:14:11,949] {scheduler_job.py:633} INFO - Processing file /home/karuturihemanth/airflow_env/lib/python3.9/site-packages/airflow/example_dags/example_nested_branch_dag.py for tasks to queue
[2021-07-16 10:14:11,950] {logging_mixin.py:104} INFO - [2021-07-16 10:14:11,950] {dagbag.py:496} INFO - Filling up the DagBag from /home/karuturihemanth/airflow_env/lib/python3.9/site-packages/airflow/example_dags/example_nested_branch_dag.py
[2021-07-16 10:14:11,961] {scheduler_job.py:643} INFO - DAG(s) dict_keys(['example_nested_branch_dag']) retrieved from /home/karuturihemanth/airflow_env/lib/python3.9/site-packages/airflow/example_dags/example_nested_branch_dag.py
[2021-07-16 10:14:12,611] {logging_mixin.py:104} INFO - [2021-07-16 10:14:12,611] {dag.py:1833} INFO - Sync 1 DAGs
[2021-07-16 10:14:12,715] {logging_mixin.py:104} INFO - [2021-07-16 10:14:12,715] {dag.py:2306} INFO - Setting next_dagrun for example_nested_branch_dag to 2021-07-14 00:00:00+00:00
[2021-07-16 10:14:12,933] {scheduler_job.py:190} INFO - Processing /home/karuturihemanth/airflow_env/lib/python3.9/site-packages/airflow/example_dags/example_nested_branch_dag.py took 0.988 seconds
[2021-07-16 10:14:43,617] {scheduler_job.py:182} INFO - Started process (PID=5700) to work on /home/karuturihemanth/airflow_env/lib/python3.9/site-packages/airflow/example_dags/example_nested_branch_dag.py
[2021-07-16 10:14:43,631] {scheduler_job.py:633} INFO - Processing file /home/karuturihemanth/airflow_env/lib/python3.9/site-packages/airflow/example_dags/example_nested_branch_dag.py for tasks to queue
[2021-07-16 10:14:43,631] {logging_mixin.py:104} INFO - [2021-07-16 10:14:43,631] {dagbag.py:496} INFO - Filling up the DagBag from /home/karuturihemanth/airflow_env/lib/python3.9/site-packages/airflow/example_dags/example_nested_branch_dag.py
[2021-07-16 10:14:43,663] {scheduler_job.py:643} INFO - DAG(s) dict_keys(['example_nested_branch_dag']) retrieved from /home/karuturihemanth/airflow_env/lib/python3.9/site-packages/airflow/example_dags/example_nested_branch_dag.py
[2021-07-16 10:14:44,339] {logging_mixin.py:104} INFO - [2021-07-16 10:14:44,339] {dag.py:1833} INFO - Sync 1 DAGs
[2021-07-16 10:14:44,451] {logging_mixin.py:104} INFO - [2021-07-16 10:14:44,451] {dag.py:2306} INFO - Setting next_dagrun for example_nested_branch_dag to 2021-07-14 00:00:00+00:00
[2021-07-16 10:14:44,677] {scheduler_job.py:190} INFO - Processing /home/karuturihemanth/airflow_env/lib/python3.9/site-packages/airflow/example_dags/example_nested_branch_dag.py took 1.064 seconds
[2021-07-16 11:12:23,832] {scheduler_job.py:182} INFO - Started process (PID=6838) to work on /home/karuturihemanth/airflow_env/lib/python3.9/site-packages/airflow/example_dags/example_nested_branch_dag.py
[2021-07-16 11:12:23,833] {scheduler_job.py:633} INFO - Processing file /home/karuturihemanth/airflow_env/lib/python3.9/site-packages/airflow/example_dags/example_nested_branch_dag.py for tasks to queue
[2021-07-16 11:12:23,833] {logging_mixin.py:104} INFO - [2021-07-16 11:12:23,833] {dagbag.py:496} INFO - Filling up the DagBag from /home/karuturihemanth/airflow_env/lib/python3.9/site-packages/airflow/example_dags/example_nested_branch_dag.py
[2021-07-16 11:12:23,845] {scheduler_job.py:643} INFO - DAG(s) dict_keys(['example_nested_branch_dag']) retrieved from /home/karuturihemanth/airflow_env/lib/python3.9/site-packages/airflow/example_dags/example_nested_branch_dag.py
[2021-07-16 11:12:24,502] {logging_mixin.py:104} INFO - [2021-07-16 11:12:24,502] {dag.py:1833} INFO - Sync 1 DAGs
[2021-07-16 11:12:24,610] {logging_mixin.py:104} INFO - [2021-07-16 11:12:24,610] {dag.py:2306} INFO - Setting next_dagrun for example_nested_branch_dag to 2021-07-14 00:00:00+00:00
[2021-07-16 11:12:24,836] {scheduler_job.py:190} INFO - Processing /home/karuturihemanth/airflow_env/lib/python3.9/site-packages/airflow/example_dags/example_nested_branch_dag.py took 1.007 seconds
[2021-07-16 11:12:55,485] {scheduler_job.py:182} INFO - Started process (PID=6882) to work on /home/karuturihemanth/airflow_env/lib/python3.9/site-packages/airflow/example_dags/example_nested_branch_dag.py
[2021-07-16 11:12:55,486] {scheduler_job.py:633} INFO - Processing file /home/karuturihemanth/airflow_env/lib/python3.9/site-packages/airflow/example_dags/example_nested_branch_dag.py for tasks to queue
[2021-07-16 11:12:55,487] {logging_mixin.py:104} INFO - [2021-07-16 11:12:55,487] {dagbag.py:496} INFO - Filling up the DagBag from /home/karuturihemanth/airflow_env/lib/python3.9/site-packages/airflow/example_dags/example_nested_branch_dag.py
[2021-07-16 11:12:55,501] {scheduler_job.py:643} INFO - DAG(s) dict_keys(['example_nested_branch_dag']) retrieved from /home/karuturihemanth/airflow_env/lib/python3.9/site-packages/airflow/example_dags/example_nested_branch_dag.py
[2021-07-16 11:12:56,146] {logging_mixin.py:104} INFO - [2021-07-16 11:12:56,145] {dag.py:1833} INFO - Sync 1 DAGs
[2021-07-16 11:12:56,250] {logging_mixin.py:104} INFO - [2021-07-16 11:12:56,250] {dag.py:2306} INFO - Setting next_dagrun for example_nested_branch_dag to 2021-07-14 00:00:00+00:00
[2021-07-16 11:12:56,467] {scheduler_job.py:190} INFO - Processing /home/karuturihemanth/airflow_env/lib/python3.9/site-packages/airflow/example_dags/example_nested_branch_dag.py took 0.985 seconds
[2021-07-16 11:13:27,392] {scheduler_job.py:182} INFO - Started process (PID=6916) to work on /home/karuturihemanth/airflow_env/lib/python3.9/site-packages/airflow/example_dags/example_nested_branch_dag.py
[2021-07-16 11:13:27,393] {scheduler_job.py:633} INFO - Processing file /home/karuturihemanth/airflow_env/lib/python3.9/site-packages/airflow/example_dags/example_nested_branch_dag.py for tasks to queue
[2021-07-16 11:13:27,394] {logging_mixin.py:104} INFO - [2021-07-16 11:13:27,393] {dagbag.py:496} INFO - Filling up the DagBag from /home/karuturihemanth/airflow_env/lib/python3.9/site-packages/airflow/example_dags/example_nested_branch_dag.py
[2021-07-16 11:13:27,404] {scheduler_job.py:643} INFO - DAG(s) dict_keys(['example_nested_branch_dag']) retrieved from /home/karuturihemanth/airflow_env/lib/python3.9/site-packages/airflow/example_dags/example_nested_branch_dag.py
[2021-07-16 11:13:28,074] {logging_mixin.py:104} INFO - [2021-07-16 11:13:28,074] {dag.py:1833} INFO - Sync 1 DAGs
[2021-07-16 11:13:28,180] {logging_mixin.py:104} INFO - [2021-07-16 11:13:28,180] {dag.py:2306} INFO - Setting next_dagrun for example_nested_branch_dag to 2021-07-14 00:00:00+00:00
[2021-07-16 11:13:28,401] {scheduler_job.py:190} INFO - Processing /home/karuturihemanth/airflow_env/lib/python3.9/site-packages/airflow/example_dags/example_nested_branch_dag.py took 1.012 seconds
[2021-07-16 11:13:59,324] {scheduler_job.py:182} INFO - Started process (PID=6951) to work on /home/karuturihemanth/airflow_env/lib/python3.9/site-packages/airflow/example_dags/example_nested_branch_dag.py
[2021-07-16 11:13:59,325] {scheduler_job.py:633} INFO - Processing file /home/karuturihemanth/airflow_env/lib/python3.9/site-packages/airflow/example_dags/example_nested_branch_dag.py for tasks to queue
[2021-07-16 11:13:59,326] {logging_mixin.py:104} INFO - [2021-07-16 11:13:59,326] {dagbag.py:496} INFO - Filling up the DagBag from /home/karuturihemanth/airflow_env/lib/python3.9/site-packages/airflow/example_dags/example_nested_branch_dag.py
[2021-07-16 11:13:59,336] {scheduler_job.py:643} INFO - DAG(s) dict_keys(['example_nested_branch_dag']) retrieved from /home/karuturihemanth/airflow_env/lib/python3.9/site-packages/airflow/example_dags/example_nested_branch_dag.py
[2021-07-16 11:13:59,996] {logging_mixin.py:104} INFO - [2021-07-16 11:13:59,996] {dag.py:1833} INFO - Sync 1 DAGs
[2021-07-16 11:14:00,100] {logging_mixin.py:104} INFO - [2021-07-16 11:14:00,100] {dag.py:2306} INFO - Setting next_dagrun for example_nested_branch_dag to 2021-07-14 00:00:00+00:00
[2021-07-16 11:14:00,319] {scheduler_job.py:190} INFO - Processing /home/karuturihemanth/airflow_env/lib/python3.9/site-packages/airflow/example_dags/example_nested_branch_dag.py took 1.000 seconds
[2021-07-16 11:14:30,650] {scheduler_job.py:182} INFO - Started process (PID=6986) to work on /home/karuturihemanth/airflow_env/lib/python3.9/site-packages/airflow/example_dags/example_nested_branch_dag.py
[2021-07-16 11:14:30,651] {scheduler_job.py:633} INFO - Processing file /home/karuturihemanth/airflow_env/lib/python3.9/site-packages/airflow/example_dags/example_nested_branch_dag.py for tasks to queue
[2021-07-16 11:14:30,652] {logging_mixin.py:104} INFO - [2021-07-16 11:14:30,652] {dagbag.py:496} INFO - Filling up the DagBag from /home/karuturihemanth/airflow_env/lib/python3.9/site-packages/airflow/example_dags/example_nested_branch_dag.py
[2021-07-16 11:14:30,663] {scheduler_job.py:643} INFO - DAG(s) dict_keys(['example_nested_branch_dag']) retrieved from /home/karuturihemanth/airflow_env/lib/python3.9/site-packages/airflow/example_dags/example_nested_branch_dag.py
[2021-07-16 11:14:31,328] {logging_mixin.py:104} INFO - [2021-07-16 11:14:31,328] {dag.py:1833} INFO - Sync 1 DAGs
[2021-07-16 11:14:31,434] {logging_mixin.py:104} INFO - [2021-07-16 11:14:31,434] {dag.py:2306} INFO - Setting next_dagrun for example_nested_branch_dag to 2021-07-14 00:00:00+00:00
[2021-07-16 11:14:31,653] {scheduler_job.py:190} INFO - Processing /home/karuturihemanth/airflow_env/lib/python3.9/site-packages/airflow/example_dags/example_nested_branch_dag.py took 1.006 seconds
[2021-07-16 11:15:03,164] {scheduler_job.py:182} INFO - Started process (PID=7020) to work on /home/karuturihemanth/airflow_env/lib/python3.9/site-packages/airflow/example_dags/example_nested_branch_dag.py
[2021-07-16 11:15:03,165] {scheduler_job.py:633} INFO - Processing file /home/karuturihemanth/airflow_env/lib/python3.9/site-packages/airflow/example_dags/example_nested_branch_dag.py for tasks to queue
[2021-07-16 11:15:03,165] {logging_mixin.py:104} INFO - [2021-07-16 11:15:03,165] {dagbag.py:496} INFO - Filling up the DagBag from /home/karuturihemanth/airflow_env/lib/python3.9/site-packages/airflow/example_dags/example_nested_branch_dag.py
[2021-07-16 11:15:03,177] {scheduler_job.py:643} INFO - DAG(s) dict_keys(['example_nested_branch_dag']) retrieved from /home/karuturihemanth/airflow_env/lib/python3.9/site-packages/airflow/example_dags/example_nested_branch_dag.py
[2021-07-16 11:15:03,830] {logging_mixin.py:104} INFO - [2021-07-16 11:15:03,830] {dag.py:1833} INFO - Sync 1 DAGs
[2021-07-16 11:15:03,935] {logging_mixin.py:104} INFO - [2021-07-16 11:15:03,935] {dag.py:2306} INFO - Setting next_dagrun for example_nested_branch_dag to 2021-07-14 00:00:00+00:00
[2021-07-16 11:15:04,151] {scheduler_job.py:190} INFO - Processing /home/karuturihemanth/airflow_env/lib/python3.9/site-packages/airflow/example_dags/example_nested_branch_dag.py took 0.990 seconds
[2021-07-16 11:15:35,065] {scheduler_job.py:182} INFO - Started process (PID=7056) to work on /home/karuturihemanth/airflow_env/lib/python3.9/site-packages/airflow/example_dags/example_nested_branch_dag.py
[2021-07-16 11:15:35,066] {scheduler_job.py:633} INFO - Processing file /home/karuturihemanth/airflow_env/lib/python3.9/site-packages/airflow/example_dags/example_nested_branch_dag.py for tasks to queue
[2021-07-16 11:15:35,066] {logging_mixin.py:104} INFO - [2021-07-16 11:15:35,066] {dagbag.py:496} INFO - Filling up the DagBag from /home/karuturihemanth/airflow_env/lib/python3.9/site-packages/airflow/example_dags/example_nested_branch_dag.py
[2021-07-16 11:15:35,077] {scheduler_job.py:643} INFO - DAG(s) dict_keys(['example_nested_branch_dag']) retrieved from /home/karuturihemanth/airflow_env/lib/python3.9/site-packages/airflow/example_dags/example_nested_branch_dag.py
[2021-07-16 11:15:35,758] {logging_mixin.py:104} INFO - [2021-07-16 11:15:35,758] {dag.py:1833} INFO - Sync 1 DAGs
[2021-07-16 11:15:35,868] {logging_mixin.py:104} INFO - [2021-07-16 11:15:35,867] {dag.py:2306} INFO - Setting next_dagrun for example_nested_branch_dag to 2021-07-14 00:00:00+00:00
[2021-07-16 11:15:36,092] {scheduler_job.py:190} INFO - Processing /home/karuturihemanth/airflow_env/lib/python3.9/site-packages/airflow/example_dags/example_nested_branch_dag.py took 1.030 seconds
[2021-07-16 11:16:06,674] {scheduler_job.py:182} INFO - Started process (PID=7090) to work on /home/karuturihemanth/airflow_env/lib/python3.9/site-packages/airflow/example_dags/example_nested_branch_dag.py
[2021-07-16 11:16:06,674] {scheduler_job.py:633} INFO - Processing file /home/karuturihemanth/airflow_env/lib/python3.9/site-packages/airflow/example_dags/example_nested_branch_dag.py for tasks to queue
[2021-07-16 11:16:06,676] {logging_mixin.py:104} INFO - [2021-07-16 11:16:06,676] {dagbag.py:496} INFO - Filling up the DagBag from /home/karuturihemanth/airflow_env/lib/python3.9/site-packages/airflow/example_dags/example_nested_branch_dag.py
[2021-07-16 11:16:06,687] {scheduler_job.py:643} INFO - DAG(s) dict_keys(['example_nested_branch_dag']) retrieved from /home/karuturihemanth/airflow_env/lib/python3.9/site-packages/airflow/example_dags/example_nested_branch_dag.py
[2021-07-16 11:16:07,360] {logging_mixin.py:104} INFO - [2021-07-16 11:16:07,360] {dag.py:1833} INFO - Sync 1 DAGs
[2021-07-16 11:16:07,469] {logging_mixin.py:104} INFO - [2021-07-16 11:16:07,469] {dag.py:2306} INFO - Setting next_dagrun for example_nested_branch_dag to 2021-07-14 00:00:00+00:00
[2021-07-16 11:16:07,691] {scheduler_job.py:190} INFO - Processing /home/karuturihemanth/airflow_env/lib/python3.9/site-packages/airflow/example_dags/example_nested_branch_dag.py took 1.021 seconds
[2021-07-16 11:16:38,237] {scheduler_job.py:182} INFO - Started process (PID=7125) to work on /home/karuturihemanth/airflow_env/lib/python3.9/site-packages/airflow/example_dags/example_nested_branch_dag.py
[2021-07-16 11:16:38,238] {scheduler_job.py:633} INFO - Processing file /home/karuturihemanth/airflow_env/lib/python3.9/site-packages/airflow/example_dags/example_nested_branch_dag.py for tasks to queue
[2021-07-16 11:16:38,238] {logging_mixin.py:104} INFO - [2021-07-16 11:16:38,238] {dagbag.py:496} INFO - Filling up the DagBag from /home/karuturihemanth/airflow_env/lib/python3.9/site-packages/airflow/example_dags/example_nested_branch_dag.py
[2021-07-16 11:16:38,249] {scheduler_job.py:643} INFO - DAG(s) dict_keys(['example_nested_branch_dag']) retrieved from /home/karuturihemanth/airflow_env/lib/python3.9/site-packages/airflow/example_dags/example_nested_branch_dag.py
[2021-07-16 11:16:38,916] {logging_mixin.py:104} INFO - [2021-07-16 11:16:38,916] {dag.py:1833} INFO - Sync 1 DAGs
[2021-07-16 11:16:39,022] {logging_mixin.py:104} INFO - [2021-07-16 11:16:39,022] {dag.py:2306} INFO - Setting next_dagrun for example_nested_branch_dag to 2021-07-14 00:00:00+00:00
[2021-07-16 11:16:39,244] {scheduler_job.py:190} INFO - Processing /home/karuturihemanth/airflow_env/lib/python3.9/site-packages/airflow/example_dags/example_nested_branch_dag.py took 1.010 seconds
[2021-07-16 11:17:10,853] {scheduler_job.py:182} INFO - Started process (PID=7161) to work on /home/karuturihemanth/airflow_env/lib/python3.9/site-packages/airflow/example_dags/example_nested_branch_dag.py
[2021-07-16 11:17:10,854] {scheduler_job.py:633} INFO - Processing file /home/karuturihemanth/airflow_env/lib/python3.9/site-packages/airflow/example_dags/example_nested_branch_dag.py for tasks to queue
[2021-07-16 11:17:10,855] {logging_mixin.py:104} INFO - [2021-07-16 11:17:10,854] {dagbag.py:496} INFO - Filling up the DagBag from /home/karuturihemanth/airflow_env/lib/python3.9/site-packages/airflow/example_dags/example_nested_branch_dag.py
[2021-07-16 11:17:10,865] {scheduler_job.py:643} INFO - DAG(s) dict_keys(['example_nested_branch_dag']) retrieved from /home/karuturihemanth/airflow_env/lib/python3.9/site-packages/airflow/example_dags/example_nested_branch_dag.py
[2021-07-16 11:17:11,533] {logging_mixin.py:104} INFO - [2021-07-16 11:17:11,532] {dag.py:1833} INFO - Sync 1 DAGs
[2021-07-16 11:17:11,639] {logging_mixin.py:104} INFO - [2021-07-16 11:17:11,638] {dag.py:2306} INFO - Setting next_dagrun for example_nested_branch_dag to 2021-07-14 00:00:00+00:00
[2021-07-16 11:17:11,859] {scheduler_job.py:190} INFO - Processing /home/karuturihemanth/airflow_env/lib/python3.9/site-packages/airflow/example_dags/example_nested_branch_dag.py took 1.009 seconds
[2021-07-16 11:17:42,644] {scheduler_job.py:182} INFO - Started process (PID=7393) to work on /home/karuturihemanth/airflow_env/lib/python3.9/site-packages/airflow/example_dags/example_nested_branch_dag.py
[2021-07-16 11:17:42,645] {scheduler_job.py:633} INFO - Processing file /home/karuturihemanth/airflow_env/lib/python3.9/site-packages/airflow/example_dags/example_nested_branch_dag.py for tasks to queue
[2021-07-16 11:17:42,646] {logging_mixin.py:104} INFO - [2021-07-16 11:17:42,646] {dagbag.py:496} INFO - Filling up the DagBag from /home/karuturihemanth/airflow_env/lib/python3.9/site-packages/airflow/example_dags/example_nested_branch_dag.py
[2021-07-16 11:17:42,657] {scheduler_job.py:643} INFO - DAG(s) dict_keys(['example_nested_branch_dag']) retrieved from /home/karuturihemanth/airflow_env/lib/python3.9/site-packages/airflow/example_dags/example_nested_branch_dag.py
[2021-07-16 11:17:43,302] {logging_mixin.py:104} INFO - [2021-07-16 11:17:43,302] {dag.py:1833} INFO - Sync 1 DAGs
[2021-07-16 11:17:43,407] {logging_mixin.py:104} INFO - [2021-07-16 11:17:43,407] {dag.py:2306} INFO - Setting next_dagrun for example_nested_branch_dag to 2021-07-14 00:00:00+00:00
[2021-07-16 11:17:43,622] {scheduler_job.py:190} INFO - Processing /home/karuturihemanth/airflow_env/lib/python3.9/site-packages/airflow/example_dags/example_nested_branch_dag.py took 0.981 seconds
[2021-07-16 11:18:14,918] {scheduler_job.py:182} INFO - Started process (PID=7427) to work on /home/karuturihemanth/airflow_env/lib/python3.9/site-packages/airflow/example_dags/example_nested_branch_dag.py
[2021-07-16 11:18:14,919] {scheduler_job.py:633} INFO - Processing file /home/karuturihemanth/airflow_env/lib/python3.9/site-packages/airflow/example_dags/example_nested_branch_dag.py for tasks to queue
[2021-07-16 11:18:14,920] {logging_mixin.py:104} INFO - [2021-07-16 11:18:14,920] {dagbag.py:496} INFO - Filling up the DagBag from /home/karuturihemanth/airflow_env/lib/python3.9/site-packages/airflow/example_dags/example_nested_branch_dag.py
[2021-07-16 11:18:14,931] {scheduler_job.py:643} INFO - DAG(s) dict_keys(['example_nested_branch_dag']) retrieved from /home/karuturihemanth/airflow_env/lib/python3.9/site-packages/airflow/example_dags/example_nested_branch_dag.py
[2021-07-16 11:18:15,616] {logging_mixin.py:104} INFO - [2021-07-16 11:18:15,616] {dag.py:1833} INFO - Sync 1 DAGs
[2021-07-16 11:18:15,726] {logging_mixin.py:104} INFO - [2021-07-16 11:18:15,726] {dag.py:2306} INFO - Setting next_dagrun for example_nested_branch_dag to 2021-07-14 00:00:00+00:00
[2021-07-16 11:18:15,949] {scheduler_job.py:190} INFO - Processing /home/karuturihemanth/airflow_env/lib/python3.9/site-packages/airflow/example_dags/example_nested_branch_dag.py took 1.034 seconds
[2021-07-16 11:18:46,540] {scheduler_job.py:182} INFO - Started process (PID=7462) to work on /home/karuturihemanth/airflow_env/lib/python3.9/site-packages/airflow/example_dags/example_nested_branch_dag.py
[2021-07-16 11:18:46,542] {scheduler_job.py:633} INFO - Processing file /home/karuturihemanth/airflow_env/lib/python3.9/site-packages/airflow/example_dags/example_nested_branch_dag.py for tasks to queue
[2021-07-16 11:18:46,543] {logging_mixin.py:104} INFO - [2021-07-16 11:18:46,543] {dagbag.py:496} INFO - Filling up the DagBag from /home/karuturihemanth/airflow_env/lib/python3.9/site-packages/airflow/example_dags/example_nested_branch_dag.py
[2021-07-16 11:18:46,555] {scheduler_job.py:643} INFO - DAG(s) dict_keys(['example_nested_branch_dag']) retrieved from /home/karuturihemanth/airflow_env/lib/python3.9/site-packages/airflow/example_dags/example_nested_branch_dag.py
[2021-07-16 11:18:47,203] {logging_mixin.py:104} INFO - [2021-07-16 11:18:47,203] {dag.py:1833} INFO - Sync 1 DAGs
[2021-07-16 11:18:47,311] {logging_mixin.py:104} INFO - [2021-07-16 11:18:47,311] {dag.py:2306} INFO - Setting next_dagrun for example_nested_branch_dag to 2021-07-14 00:00:00+00:00
[2021-07-16 11:18:47,526] {scheduler_job.py:190} INFO - Processing /home/karuturihemanth/airflow_env/lib/python3.9/site-packages/airflow/example_dags/example_nested_branch_dag.py took 0.990 seconds
