[2021-07-16 03:23:36,776] {scheduler_job.py:182} INFO - Started process (PID=1094) to work on /home/karuturihemanth/airflow_env/lib/python3.9/site-packages/airflow/example_dags/example_branch_labels.py
[2021-07-16 03:23:36,777] {scheduler_job.py:633} INFO - Processing file /home/karuturihemanth/airflow_env/lib/python3.9/site-packages/airflow/example_dags/example_branch_labels.py for tasks to queue
[2021-07-16 03:23:36,777] {logging_mixin.py:104} INFO - [2021-07-16 03:23:36,777] {dagbag.py:496} INFO - Filling up the DagBag from /home/karuturihemanth/airflow_env/lib/python3.9/site-packages/airflow/example_dags/example_branch_labels.py
[2021-07-16 03:23:36,788] {scheduler_job.py:643} INFO - DAG(s) dict_keys(['example_branch_labels']) retrieved from /home/karuturihemanth/airflow_env/lib/python3.9/site-packages/airflow/example_dags/example_branch_labels.py
[2021-07-16 03:23:37,034] {logging_mixin.py:104} INFO - [2021-07-16 03:23:37,034] {dag.py:1833} INFO - Sync 1 DAGs
[2021-07-16 03:23:37,043] {logging_mixin.py:104} INFO - [2021-07-16 03:23:37,043] {dag.py:2306} INFO - Setting next_dagrun for example_branch_labels to 2021-07-14 00:00:00+00:00
[2021-07-16 03:23:37,054] {scheduler_job.py:190} INFO - Processing /home/karuturihemanth/airflow_env/lib/python3.9/site-packages/airflow/example_dags/example_branch_labels.py took 0.281 seconds
[2021-07-16 03:24:14,288] {scheduler_job.py:182} INFO - Started process (PID=1129) to work on /home/karuturihemanth/airflow_env/lib/python3.9/site-packages/airflow/example_dags/example_branch_labels.py
[2021-07-16 03:24:14,289] {scheduler_job.py:633} INFO - Processing file /home/karuturihemanth/airflow_env/lib/python3.9/site-packages/airflow/example_dags/example_branch_labels.py for tasks to queue
[2021-07-16 03:24:14,290] {logging_mixin.py:104} INFO - [2021-07-16 03:24:14,290] {dagbag.py:496} INFO - Filling up the DagBag from /home/karuturihemanth/airflow_env/lib/python3.9/site-packages/airflow/example_dags/example_branch_labels.py
[2021-07-16 03:24:14,300] {scheduler_job.py:643} INFO - DAG(s) dict_keys(['example_branch_labels']) retrieved from /home/karuturihemanth/airflow_env/lib/python3.9/site-packages/airflow/example_dags/example_branch_labels.py
[2021-07-16 03:24:14,313] {logging_mixin.py:104} INFO - [2021-07-16 03:24:14,313] {dag.py:1833} INFO - Sync 1 DAGs
[2021-07-16 03:24:14,324] {logging_mixin.py:104} INFO - [2021-07-16 03:24:14,324] {dag.py:2306} INFO - Setting next_dagrun for example_branch_labels to 2021-07-14 00:00:00+00:00
[2021-07-16 03:24:14,335] {scheduler_job.py:190} INFO - Processing /home/karuturihemanth/airflow_env/lib/python3.9/site-packages/airflow/example_dags/example_branch_labels.py took 0.049 seconds
[2021-07-16 03:24:52,345] {scheduler_job.py:182} INFO - Started process (PID=1174) to work on /home/karuturihemanth/airflow_env/lib/python3.9/site-packages/airflow/example_dags/example_branch_labels.py
[2021-07-16 03:24:52,347] {scheduler_job.py:633} INFO - Processing file /home/karuturihemanth/airflow_env/lib/python3.9/site-packages/airflow/example_dags/example_branch_labels.py for tasks to queue
[2021-07-16 03:24:52,348] {logging_mixin.py:104} INFO - [2021-07-16 03:24:52,348] {dagbag.py:496} INFO - Filling up the DagBag from /home/karuturihemanth/airflow_env/lib/python3.9/site-packages/airflow/example_dags/example_branch_labels.py
[2021-07-16 03:24:52,359] {scheduler_job.py:643} INFO - DAG(s) dict_keys(['example_branch_labels']) retrieved from /home/karuturihemanth/airflow_env/lib/python3.9/site-packages/airflow/example_dags/example_branch_labels.py
[2021-07-16 03:24:52,373] {logging_mixin.py:104} INFO - [2021-07-16 03:24:52,372] {dag.py:1833} INFO - Sync 1 DAGs
[2021-07-16 03:24:52,384] {logging_mixin.py:104} INFO - [2021-07-16 03:24:52,384] {dag.py:2306} INFO - Setting next_dagrun for example_branch_labels to 2021-07-14 00:00:00+00:00
[2021-07-16 03:24:52,395] {scheduler_job.py:190} INFO - Processing /home/karuturihemanth/airflow_env/lib/python3.9/site-packages/airflow/example_dags/example_branch_labels.py took 0.052 seconds
[2021-07-16 03:25:25,814] {scheduler_job.py:182} INFO - Started process (PID=1209) to work on /home/karuturihemanth/airflow_env/lib/python3.9/site-packages/airflow/example_dags/example_branch_labels.py
[2021-07-16 03:25:25,815] {scheduler_job.py:633} INFO - Processing file /home/karuturihemanth/airflow_env/lib/python3.9/site-packages/airflow/example_dags/example_branch_labels.py for tasks to queue
[2021-07-16 03:25:25,816] {logging_mixin.py:104} INFO - [2021-07-16 03:25:25,816] {dagbag.py:496} INFO - Filling up the DagBag from /home/karuturihemanth/airflow_env/lib/python3.9/site-packages/airflow/example_dags/example_branch_labels.py
[2021-07-16 03:25:25,825] {scheduler_job.py:643} INFO - DAG(s) dict_keys(['example_branch_labels']) retrieved from /home/karuturihemanth/airflow_env/lib/python3.9/site-packages/airflow/example_dags/example_branch_labels.py
[2021-07-16 03:25:25,838] {logging_mixin.py:104} INFO - [2021-07-16 03:25:25,838] {dag.py:1833} INFO - Sync 1 DAGs
[2021-07-16 03:25:25,849] {logging_mixin.py:104} INFO - [2021-07-16 03:25:25,849] {dag.py:2306} INFO - Setting next_dagrun for example_branch_labels to 2021-07-14 00:00:00+00:00
[2021-07-16 03:25:25,860] {scheduler_job.py:190} INFO - Processing /home/karuturihemanth/airflow_env/lib/python3.9/site-packages/airflow/example_dags/example_branch_labels.py took 0.049 seconds
[2021-07-16 03:26:01,098] {scheduler_job.py:182} INFO - Started process (PID=1243) to work on /home/karuturihemanth/airflow_env/lib/python3.9/site-packages/airflow/example_dags/example_branch_labels.py
[2021-07-16 03:26:01,099] {scheduler_job.py:633} INFO - Processing file /home/karuturihemanth/airflow_env/lib/python3.9/site-packages/airflow/example_dags/example_branch_labels.py for tasks to queue
[2021-07-16 03:26:01,099] {logging_mixin.py:104} INFO - [2021-07-16 03:26:01,099] {dagbag.py:496} INFO - Filling up the DagBag from /home/karuturihemanth/airflow_env/lib/python3.9/site-packages/airflow/example_dags/example_branch_labels.py
[2021-07-16 03:26:01,109] {scheduler_job.py:643} INFO - DAG(s) dict_keys(['example_branch_labels']) retrieved from /home/karuturihemanth/airflow_env/lib/python3.9/site-packages/airflow/example_dags/example_branch_labels.py
[2021-07-16 03:26:01,122] {logging_mixin.py:104} INFO - [2021-07-16 03:26:01,122] {dag.py:1833} INFO - Sync 1 DAGs
[2021-07-16 03:26:01,134] {logging_mixin.py:104} INFO - [2021-07-16 03:26:01,134] {dag.py:2306} INFO - Setting next_dagrun for example_branch_labels to 2021-07-14 00:00:00+00:00
[2021-07-16 03:26:01,144] {scheduler_job.py:190} INFO - Processing /home/karuturihemanth/airflow_env/lib/python3.9/site-packages/airflow/example_dags/example_branch_labels.py took 0.050 seconds
[2021-07-16 03:26:56,439] {scheduler_job.py:182} INFO - Started process (PID=1293) to work on /home/karuturihemanth/airflow_env/lib/python3.9/site-packages/airflow/example_dags/example_branch_labels.py
[2021-07-16 03:26:56,441] {scheduler_job.py:633} INFO - Processing file /home/karuturihemanth/airflow_env/lib/python3.9/site-packages/airflow/example_dags/example_branch_labels.py for tasks to queue
[2021-07-16 03:26:56,442] {logging_mixin.py:104} INFO - [2021-07-16 03:26:56,442] {dagbag.py:496} INFO - Filling up the DagBag from /home/karuturihemanth/airflow_env/lib/python3.9/site-packages/airflow/example_dags/example_branch_labels.py
[2021-07-16 03:26:56,452] {scheduler_job.py:643} INFO - DAG(s) dict_keys(['example_branch_labels']) retrieved from /home/karuturihemanth/airflow_env/lib/python3.9/site-packages/airflow/example_dags/example_branch_labels.py
[2021-07-16 03:26:56,466] {logging_mixin.py:104} INFO - [2021-07-16 03:26:56,466] {dag.py:1833} INFO - Sync 1 DAGs
[2021-07-16 03:26:56,477] {logging_mixin.py:104} INFO - [2021-07-16 03:26:56,477] {dag.py:2306} INFO - Setting next_dagrun for example_branch_labels to 2021-07-14 00:00:00+00:00
[2021-07-16 03:26:56,491] {scheduler_job.py:190} INFO - Processing /home/karuturihemanth/airflow_env/lib/python3.9/site-packages/airflow/example_dags/example_branch_labels.py took 0.054 seconds
[2021-07-16 03:27:31,090] {scheduler_job.py:182} INFO - Started process (PID=1327) to work on /home/karuturihemanth/airflow_env/lib/python3.9/site-packages/airflow/example_dags/example_branch_labels.py
[2021-07-16 03:27:31,091] {scheduler_job.py:633} INFO - Processing file /home/karuturihemanth/airflow_env/lib/python3.9/site-packages/airflow/example_dags/example_branch_labels.py for tasks to queue
[2021-07-16 03:27:31,091] {logging_mixin.py:104} INFO - [2021-07-16 03:27:31,091] {dagbag.py:496} INFO - Filling up the DagBag from /home/karuturihemanth/airflow_env/lib/python3.9/site-packages/airflow/example_dags/example_branch_labels.py
[2021-07-16 03:27:31,101] {scheduler_job.py:643} INFO - DAG(s) dict_keys(['example_branch_labels']) retrieved from /home/karuturihemanth/airflow_env/lib/python3.9/site-packages/airflow/example_dags/example_branch_labels.py
[2021-07-16 03:27:31,114] {logging_mixin.py:104} INFO - [2021-07-16 03:27:31,114] {dag.py:1833} INFO - Sync 1 DAGs
[2021-07-16 03:27:31,126] {logging_mixin.py:104} INFO - [2021-07-16 03:27:31,126] {dag.py:2306} INFO - Setting next_dagrun for example_branch_labels to 2021-07-14 00:00:00+00:00
[2021-07-16 03:27:31,137] {scheduler_job.py:190} INFO - Processing /home/karuturihemanth/airflow_env/lib/python3.9/site-packages/airflow/example_dags/example_branch_labels.py took 0.050 seconds
[2021-07-16 03:28:05,967] {scheduler_job.py:182} INFO - Started process (PID=1361) to work on /home/karuturihemanth/airflow_env/lib/python3.9/site-packages/airflow/example_dags/example_branch_labels.py
[2021-07-16 03:28:05,968] {scheduler_job.py:633} INFO - Processing file /home/karuturihemanth/airflow_env/lib/python3.9/site-packages/airflow/example_dags/example_branch_labels.py for tasks to queue
[2021-07-16 03:28:05,969] {logging_mixin.py:104} INFO - [2021-07-16 03:28:05,968] {dagbag.py:496} INFO - Filling up the DagBag from /home/karuturihemanth/airflow_env/lib/python3.9/site-packages/airflow/example_dags/example_branch_labels.py
[2021-07-16 03:28:05,978] {scheduler_job.py:643} INFO - DAG(s) dict_keys(['example_branch_labels']) retrieved from /home/karuturihemanth/airflow_env/lib/python3.9/site-packages/airflow/example_dags/example_branch_labels.py
[2021-07-16 03:28:05,992] {logging_mixin.py:104} INFO - [2021-07-16 03:28:05,992] {dag.py:1833} INFO - Sync 1 DAGs
[2021-07-16 03:28:06,009] {logging_mixin.py:104} INFO - [2021-07-16 03:28:06,009] {dag.py:2306} INFO - Setting next_dagrun for example_branch_labels to 2021-07-14 00:00:00+00:00
[2021-07-16 03:28:06,020] {scheduler_job.py:190} INFO - Processing /home/karuturihemanth/airflow_env/lib/python3.9/site-packages/airflow/example_dags/example_branch_labels.py took 0.056 seconds
[2021-07-16 03:28:39,607] {scheduler_job.py:182} INFO - Started process (PID=1395) to work on /home/karuturihemanth/airflow_env/lib/python3.9/site-packages/airflow/example_dags/example_branch_labels.py
[2021-07-16 03:28:39,608] {scheduler_job.py:633} INFO - Processing file /home/karuturihemanth/airflow_env/lib/python3.9/site-packages/airflow/example_dags/example_branch_labels.py for tasks to queue
[2021-07-16 03:28:39,609] {logging_mixin.py:104} INFO - [2021-07-16 03:28:39,609] {dagbag.py:496} INFO - Filling up the DagBag from /home/karuturihemanth/airflow_env/lib/python3.9/site-packages/airflow/example_dags/example_branch_labels.py
[2021-07-16 03:28:39,618] {scheduler_job.py:643} INFO - DAG(s) dict_keys(['example_branch_labels']) retrieved from /home/karuturihemanth/airflow_env/lib/python3.9/site-packages/airflow/example_dags/example_branch_labels.py
[2021-07-16 03:28:39,632] {logging_mixin.py:104} INFO - [2021-07-16 03:28:39,632] {dag.py:1833} INFO - Sync 1 DAGs
[2021-07-16 03:28:39,643] {logging_mixin.py:104} INFO - [2021-07-16 03:28:39,643] {dag.py:2306} INFO - Setting next_dagrun for example_branch_labels to 2021-07-14 00:00:00+00:00
[2021-07-16 03:28:39,654] {scheduler_job.py:190} INFO - Processing /home/karuturihemanth/airflow_env/lib/python3.9/site-packages/airflow/example_dags/example_branch_labels.py took 0.049 seconds
[2021-07-16 03:29:16,216] {scheduler_job.py:182} INFO - Started process (PID=1431) to work on /home/karuturihemanth/airflow_env/lib/python3.9/site-packages/airflow/example_dags/example_branch_labels.py
[2021-07-16 03:29:16,217] {scheduler_job.py:633} INFO - Processing file /home/karuturihemanth/airflow_env/lib/python3.9/site-packages/airflow/example_dags/example_branch_labels.py for tasks to queue
[2021-07-16 03:29:16,217] {logging_mixin.py:104} INFO - [2021-07-16 03:29:16,217] {dagbag.py:496} INFO - Filling up the DagBag from /home/karuturihemanth/airflow_env/lib/python3.9/site-packages/airflow/example_dags/example_branch_labels.py
[2021-07-16 03:29:16,227] {scheduler_job.py:643} INFO - DAG(s) dict_keys(['example_branch_labels']) retrieved from /home/karuturihemanth/airflow_env/lib/python3.9/site-packages/airflow/example_dags/example_branch_labels.py
[2021-07-16 03:29:16,240] {logging_mixin.py:104} INFO - [2021-07-16 03:29:16,240] {dag.py:1833} INFO - Sync 1 DAGs
[2021-07-16 03:29:16,251] {logging_mixin.py:104} INFO - [2021-07-16 03:29:16,251] {dag.py:2306} INFO - Setting next_dagrun for example_branch_labels to 2021-07-14 00:00:00+00:00
[2021-07-16 03:29:16,262] {scheduler_job.py:190} INFO - Processing /home/karuturihemanth/airflow_env/lib/python3.9/site-packages/airflow/example_dags/example_branch_labels.py took 0.049 seconds
[2021-07-16 03:29:53,219] {scheduler_job.py:182} INFO - Started process (PID=1468) to work on /home/karuturihemanth/airflow_env/lib/python3.9/site-packages/airflow/example_dags/example_branch_labels.py
[2021-07-16 03:29:53,220] {scheduler_job.py:633} INFO - Processing file /home/karuturihemanth/airflow_env/lib/python3.9/site-packages/airflow/example_dags/example_branch_labels.py for tasks to queue
[2021-07-16 03:29:53,221] {logging_mixin.py:104} INFO - [2021-07-16 03:29:53,220] {dagbag.py:496} INFO - Filling up the DagBag from /home/karuturihemanth/airflow_env/lib/python3.9/site-packages/airflow/example_dags/example_branch_labels.py
[2021-07-16 03:29:53,230] {scheduler_job.py:643} INFO - DAG(s) dict_keys(['example_branch_labels']) retrieved from /home/karuturihemanth/airflow_env/lib/python3.9/site-packages/airflow/example_dags/example_branch_labels.py
[2021-07-16 03:29:53,243] {logging_mixin.py:104} INFO - [2021-07-16 03:29:53,243] {dag.py:1833} INFO - Sync 1 DAGs
[2021-07-16 03:29:53,254] {logging_mixin.py:104} INFO - [2021-07-16 03:29:53,254] {dag.py:2306} INFO - Setting next_dagrun for example_branch_labels to 2021-07-14 00:00:00+00:00
[2021-07-16 03:29:53,264] {scheduler_job.py:190} INFO - Processing /home/karuturihemanth/airflow_env/lib/python3.9/site-packages/airflow/example_dags/example_branch_labels.py took 0.048 seconds
[2021-07-16 03:30:26,093] {scheduler_job.py:182} INFO - Started process (PID=1502) to work on /home/karuturihemanth/airflow_env/lib/python3.9/site-packages/airflow/example_dags/example_branch_labels.py
[2021-07-16 03:30:26,094] {scheduler_job.py:633} INFO - Processing file /home/karuturihemanth/airflow_env/lib/python3.9/site-packages/airflow/example_dags/example_branch_labels.py for tasks to queue
[2021-07-16 03:30:26,095] {logging_mixin.py:104} INFO - [2021-07-16 03:30:26,094] {dagbag.py:496} INFO - Filling up the DagBag from /home/karuturihemanth/airflow_env/lib/python3.9/site-packages/airflow/example_dags/example_branch_labels.py
[2021-07-16 03:30:26,105] {scheduler_job.py:643} INFO - DAG(s) dict_keys(['example_branch_labels']) retrieved from /home/karuturihemanth/airflow_env/lib/python3.9/site-packages/airflow/example_dags/example_branch_labels.py
[2021-07-16 03:30:26,117] {logging_mixin.py:104} INFO - [2021-07-16 03:30:26,117] {dag.py:1833} INFO - Sync 1 DAGs
[2021-07-16 03:30:26,128] {logging_mixin.py:104} INFO - [2021-07-16 03:30:26,128] {dag.py:2306} INFO - Setting next_dagrun for example_branch_labels to 2021-07-14 00:00:00+00:00
[2021-07-16 03:30:26,140] {scheduler_job.py:190} INFO - Processing /home/karuturihemanth/airflow_env/lib/python3.9/site-packages/airflow/example_dags/example_branch_labels.py took 0.051 seconds
[2021-07-16 03:31:02,202] {scheduler_job.py:182} INFO - Started process (PID=1537) to work on /home/karuturihemanth/airflow_env/lib/python3.9/site-packages/airflow/example_dags/example_branch_labels.py
[2021-07-16 03:31:02,203] {scheduler_job.py:633} INFO - Processing file /home/karuturihemanth/airflow_env/lib/python3.9/site-packages/airflow/example_dags/example_branch_labels.py for tasks to queue
[2021-07-16 03:31:02,204] {logging_mixin.py:104} INFO - [2021-07-16 03:31:02,204] {dagbag.py:496} INFO - Filling up the DagBag from /home/karuturihemanth/airflow_env/lib/python3.9/site-packages/airflow/example_dags/example_branch_labels.py
[2021-07-16 03:31:02,214] {scheduler_job.py:643} INFO - DAG(s) dict_keys(['example_branch_labels']) retrieved from /home/karuturihemanth/airflow_env/lib/python3.9/site-packages/airflow/example_dags/example_branch_labels.py
[2021-07-16 03:31:02,227] {logging_mixin.py:104} INFO - [2021-07-16 03:31:02,226] {dag.py:1833} INFO - Sync 1 DAGs
[2021-07-16 03:31:02,238] {logging_mixin.py:104} INFO - [2021-07-16 03:31:02,237] {dag.py:2306} INFO - Setting next_dagrun for example_branch_labels to 2021-07-14 00:00:00+00:00
[2021-07-16 03:31:02,249] {scheduler_job.py:190} INFO - Processing /home/karuturihemanth/airflow_env/lib/python3.9/site-packages/airflow/example_dags/example_branch_labels.py took 0.049 seconds
[2021-07-16 03:31:35,958] {scheduler_job.py:182} INFO - Started process (PID=1572) to work on /home/karuturihemanth/airflow_env/lib/python3.9/site-packages/airflow/example_dags/example_branch_labels.py
[2021-07-16 03:31:35,959] {scheduler_job.py:633} INFO - Processing file /home/karuturihemanth/airflow_env/lib/python3.9/site-packages/airflow/example_dags/example_branch_labels.py for tasks to queue
[2021-07-16 03:31:35,959] {logging_mixin.py:104} INFO - [2021-07-16 03:31:35,959] {dagbag.py:496} INFO - Filling up the DagBag from /home/karuturihemanth/airflow_env/lib/python3.9/site-packages/airflow/example_dags/example_branch_labels.py
[2021-07-16 03:31:35,969] {scheduler_job.py:643} INFO - DAG(s) dict_keys(['example_branch_labels']) retrieved from /home/karuturihemanth/airflow_env/lib/python3.9/site-packages/airflow/example_dags/example_branch_labels.py
[2021-07-16 03:31:35,982] {logging_mixin.py:104} INFO - [2021-07-16 03:31:35,982] {dag.py:1833} INFO - Sync 1 DAGs
[2021-07-16 03:31:35,994] {logging_mixin.py:104} INFO - [2021-07-16 03:31:35,994] {dag.py:2306} INFO - Setting next_dagrun for example_branch_labels to 2021-07-14 00:00:00+00:00
[2021-07-16 03:31:36,005] {scheduler_job.py:190} INFO - Processing /home/karuturihemanth/airflow_env/lib/python3.9/site-packages/airflow/example_dags/example_branch_labels.py took 0.050 seconds
[2021-07-16 03:32:10,952] {scheduler_job.py:182} INFO - Started process (PID=1855) to work on /home/karuturihemanth/airflow_env/lib/python3.9/site-packages/airflow/example_dags/example_branch_labels.py
[2021-07-16 03:32:10,954] {scheduler_job.py:633} INFO - Processing file /home/karuturihemanth/airflow_env/lib/python3.9/site-packages/airflow/example_dags/example_branch_labels.py for tasks to queue
[2021-07-16 03:32:10,954] {logging_mixin.py:104} INFO - [2021-07-16 03:32:10,954] {dagbag.py:496} INFO - Filling up the DagBag from /home/karuturihemanth/airflow_env/lib/python3.9/site-packages/airflow/example_dags/example_branch_labels.py
[2021-07-16 03:32:10,965] {scheduler_job.py:643} INFO - DAG(s) dict_keys(['example_branch_labels']) retrieved from /home/karuturihemanth/airflow_env/lib/python3.9/site-packages/airflow/example_dags/example_branch_labels.py
[2021-07-16 03:32:10,979] {logging_mixin.py:104} INFO - [2021-07-16 03:32:10,979] {dag.py:1833} INFO - Sync 1 DAGs
[2021-07-16 03:32:10,990] {logging_mixin.py:104} INFO - [2021-07-16 03:32:10,990] {dag.py:2306} INFO - Setting next_dagrun for example_branch_labels to 2021-07-14 00:00:00+00:00
[2021-07-16 03:32:11,001] {scheduler_job.py:190} INFO - Processing /home/karuturihemanth/airflow_env/lib/python3.9/site-packages/airflow/example_dags/example_branch_labels.py took 0.053 seconds
[2021-07-16 03:33:11,613] {scheduler_job.py:182} INFO - Started process (PID=4612) to work on /home/karuturihemanth/airflow_env/lib/python3.9/site-packages/airflow/example_dags/example_branch_labels.py
[2021-07-16 03:33:11,658] {scheduler_job.py:633} INFO - Processing file /home/karuturihemanth/airflow_env/lib/python3.9/site-packages/airflow/example_dags/example_branch_labels.py for tasks to queue
[2021-07-16 03:33:11,658] {logging_mixin.py:104} INFO - [2021-07-16 03:33:11,658] {dagbag.py:496} INFO - Filling up the DagBag from /home/karuturihemanth/airflow_env/lib/python3.9/site-packages/airflow/example_dags/example_branch_labels.py
[2021-07-16 03:33:11,860] {scheduler_job.py:643} INFO - DAG(s) dict_keys(['example_branch_labels']) retrieved from /home/karuturihemanth/airflow_env/lib/python3.9/site-packages/airflow/example_dags/example_branch_labels.py
[2021-07-16 03:33:11,885] {logging_mixin.py:104} INFO - [2021-07-16 03:33:11,885] {dag.py:1833} INFO - Sync 1 DAGs
[2021-07-16 03:33:11,898] {logging_mixin.py:104} INFO - [2021-07-16 03:33:11,898] {dag.py:2306} INFO - Setting next_dagrun for example_branch_labels to 2021-07-14 00:00:00+00:00
[2021-07-16 03:33:11,992] {scheduler_job.py:190} INFO - Processing /home/karuturihemanth/airflow_env/lib/python3.9/site-packages/airflow/example_dags/example_branch_labels.py took 0.383 seconds
[2021-07-16 03:33:53,776] {scheduler_job.py:182} INFO - Started process (PID=4660) to work on /home/karuturihemanth/airflow_env/lib/python3.9/site-packages/airflow/example_dags/example_branch_labels.py
[2021-07-16 03:33:53,777] {scheduler_job.py:633} INFO - Processing file /home/karuturihemanth/airflow_env/lib/python3.9/site-packages/airflow/example_dags/example_branch_labels.py for tasks to queue
[2021-07-16 03:33:53,777] {logging_mixin.py:104} INFO - [2021-07-16 03:33:53,777] {dagbag.py:496} INFO - Filling up the DagBag from /home/karuturihemanth/airflow_env/lib/python3.9/site-packages/airflow/example_dags/example_branch_labels.py
[2021-07-16 03:33:53,789] {scheduler_job.py:643} INFO - DAG(s) dict_keys(['example_branch_labels']) retrieved from /home/karuturihemanth/airflow_env/lib/python3.9/site-packages/airflow/example_dags/example_branch_labels.py
[2021-07-16 03:33:53,803] {logging_mixin.py:104} INFO - [2021-07-16 03:33:53,803] {dag.py:1833} INFO - Sync 1 DAGs
[2021-07-16 03:33:53,815] {logging_mixin.py:104} INFO - [2021-07-16 03:33:53,814] {dag.py:2306} INFO - Setting next_dagrun for example_branch_labels to 2021-07-14 00:00:00+00:00
[2021-07-16 03:33:53,826] {scheduler_job.py:190} INFO - Processing /home/karuturihemanth/airflow_env/lib/python3.9/site-packages/airflow/example_dags/example_branch_labels.py took 0.054 seconds
[2021-07-16 03:34:30,490] {scheduler_job.py:182} INFO - Started process (PID=4750) to work on /home/karuturihemanth/airflow_env/lib/python3.9/site-packages/airflow/example_dags/example_branch_labels.py
[2021-07-16 03:34:30,492] {scheduler_job.py:633} INFO - Processing file /home/karuturihemanth/airflow_env/lib/python3.9/site-packages/airflow/example_dags/example_branch_labels.py for tasks to queue
[2021-07-16 03:34:30,493] {logging_mixin.py:104} INFO - [2021-07-16 03:34:30,493] {dagbag.py:496} INFO - Filling up the DagBag from /home/karuturihemanth/airflow_env/lib/python3.9/site-packages/airflow/example_dags/example_branch_labels.py
[2021-07-16 03:34:30,508] {scheduler_job.py:643} INFO - DAG(s) dict_keys(['example_branch_labels']) retrieved from /home/karuturihemanth/airflow_env/lib/python3.9/site-packages/airflow/example_dags/example_branch_labels.py
[2021-07-16 03:34:30,524] {logging_mixin.py:104} INFO - [2021-07-16 03:34:30,524] {dag.py:1833} INFO - Sync 1 DAGs
[2021-07-16 03:34:30,541] {logging_mixin.py:104} INFO - [2021-07-16 03:34:30,541] {dag.py:2306} INFO - Setting next_dagrun for example_branch_labels to 2021-07-14 00:00:00+00:00
[2021-07-16 03:34:30,557] {scheduler_job.py:190} INFO - Processing /home/karuturihemanth/airflow_env/lib/python3.9/site-packages/airflow/example_dags/example_branch_labels.py took 0.071 seconds
[2021-07-16 03:35:07,180] {scheduler_job.py:182} INFO - Started process (PID=4787) to work on /home/karuturihemanth/airflow_env/lib/python3.9/site-packages/airflow/example_dags/example_branch_labels.py
[2021-07-16 03:35:07,182] {scheduler_job.py:633} INFO - Processing file /home/karuturihemanth/airflow_env/lib/python3.9/site-packages/airflow/example_dags/example_branch_labels.py for tasks to queue
[2021-07-16 03:35:07,183] {logging_mixin.py:104} INFO - [2021-07-16 03:35:07,183] {dagbag.py:496} INFO - Filling up the DagBag from /home/karuturihemanth/airflow_env/lib/python3.9/site-packages/airflow/example_dags/example_branch_labels.py
[2021-07-16 03:35:07,193] {scheduler_job.py:643} INFO - DAG(s) dict_keys(['example_branch_labels']) retrieved from /home/karuturihemanth/airflow_env/lib/python3.9/site-packages/airflow/example_dags/example_branch_labels.py
[2021-07-16 03:35:07,206] {logging_mixin.py:104} INFO - [2021-07-16 03:35:07,206] {dag.py:1833} INFO - Sync 1 DAGs
[2021-07-16 03:35:07,217] {logging_mixin.py:104} INFO - [2021-07-16 03:35:07,217] {dag.py:2306} INFO - Setting next_dagrun for example_branch_labels to 2021-07-14 00:00:00+00:00
[2021-07-16 03:35:07,228] {scheduler_job.py:190} INFO - Processing /home/karuturihemanth/airflow_env/lib/python3.9/site-packages/airflow/example_dags/example_branch_labels.py took 0.051 seconds
[2021-07-16 03:35:43,196] {scheduler_job.py:182} INFO - Started process (PID=4947) to work on /home/karuturihemanth/airflow_env/lib/python3.9/site-packages/airflow/example_dags/example_branch_labels.py
[2021-07-16 03:35:43,199] {scheduler_job.py:633} INFO - Processing file /home/karuturihemanth/airflow_env/lib/python3.9/site-packages/airflow/example_dags/example_branch_labels.py for tasks to queue
[2021-07-16 03:35:43,199] {logging_mixin.py:104} INFO - [2021-07-16 03:35:43,199] {dagbag.py:496} INFO - Filling up the DagBag from /home/karuturihemanth/airflow_env/lib/python3.9/site-packages/airflow/example_dags/example_branch_labels.py
[2021-07-16 03:35:43,212] {scheduler_job.py:643} INFO - DAG(s) dict_keys(['example_branch_labels']) retrieved from /home/karuturihemanth/airflow_env/lib/python3.9/site-packages/airflow/example_dags/example_branch_labels.py
[2021-07-16 03:35:43,227] {logging_mixin.py:104} INFO - [2021-07-16 03:35:43,226] {dag.py:1833} INFO - Sync 1 DAGs
[2021-07-16 03:35:43,238] {logging_mixin.py:104} INFO - [2021-07-16 03:35:43,238] {dag.py:2306} INFO - Setting next_dagrun for example_branch_labels to 2021-07-14 00:00:00+00:00
[2021-07-16 03:35:43,250] {scheduler_job.py:190} INFO - Processing /home/karuturihemanth/airflow_env/lib/python3.9/site-packages/airflow/example_dags/example_branch_labels.py took 0.058 seconds
[2021-07-16 03:36:22,810] {scheduler_job.py:182} INFO - Started process (PID=5071) to work on /home/karuturihemanth/airflow_env/lib/python3.9/site-packages/airflow/example_dags/example_branch_labels.py
[2021-07-16 03:36:22,813] {scheduler_job.py:633} INFO - Processing file /home/karuturihemanth/airflow_env/lib/python3.9/site-packages/airflow/example_dags/example_branch_labels.py for tasks to queue
[2021-07-16 03:36:22,814] {logging_mixin.py:104} INFO - [2021-07-16 03:36:22,813] {dagbag.py:496} INFO - Filling up the DagBag from /home/karuturihemanth/airflow_env/lib/python3.9/site-packages/airflow/example_dags/example_branch_labels.py
[2021-07-16 03:36:22,825] {scheduler_job.py:643} INFO - DAG(s) dict_keys(['example_branch_labels']) retrieved from /home/karuturihemanth/airflow_env/lib/python3.9/site-packages/airflow/example_dags/example_branch_labels.py
[2021-07-16 03:36:22,840] {logging_mixin.py:104} INFO - [2021-07-16 03:36:22,840] {dag.py:1833} INFO - Sync 1 DAGs
[2021-07-16 03:36:22,852] {logging_mixin.py:104} INFO - [2021-07-16 03:36:22,852] {dag.py:2306} INFO - Setting next_dagrun for example_branch_labels to 2021-07-14 00:00:00+00:00
[2021-07-16 03:36:22,868] {scheduler_job.py:190} INFO - Processing /home/karuturihemanth/airflow_env/lib/python3.9/site-packages/airflow/example_dags/example_branch_labels.py took 0.061 seconds
[2021-07-16 03:37:02,396] {scheduler_job.py:182} INFO - Started process (PID=5111) to work on /home/karuturihemanth/airflow_env/lib/python3.9/site-packages/airflow/example_dags/example_branch_labels.py
[2021-07-16 03:37:02,397] {scheduler_job.py:633} INFO - Processing file /home/karuturihemanth/airflow_env/lib/python3.9/site-packages/airflow/example_dags/example_branch_labels.py for tasks to queue
[2021-07-16 03:37:02,398] {logging_mixin.py:104} INFO - [2021-07-16 03:37:02,398] {dagbag.py:496} INFO - Filling up the DagBag from /home/karuturihemanth/airflow_env/lib/python3.9/site-packages/airflow/example_dags/example_branch_labels.py
[2021-07-16 03:37:02,409] {scheduler_job.py:643} INFO - DAG(s) dict_keys(['example_branch_labels']) retrieved from /home/karuturihemanth/airflow_env/lib/python3.9/site-packages/airflow/example_dags/example_branch_labels.py
[2021-07-16 03:37:02,423] {logging_mixin.py:104} INFO - [2021-07-16 03:37:02,422] {dag.py:1833} INFO - Sync 1 DAGs
[2021-07-16 03:37:02,434] {logging_mixin.py:104} INFO - [2021-07-16 03:37:02,434] {dag.py:2306} INFO - Setting next_dagrun for example_branch_labels to 2021-07-14 00:00:00+00:00
[2021-07-16 03:37:02,446] {scheduler_job.py:190} INFO - Processing /home/karuturihemanth/airflow_env/lib/python3.9/site-packages/airflow/example_dags/example_branch_labels.py took 0.054 seconds
[2021-07-16 03:37:39,708] {scheduler_job.py:182} INFO - Started process (PID=5148) to work on /home/karuturihemanth/airflow_env/lib/python3.9/site-packages/airflow/example_dags/example_branch_labels.py
[2021-07-16 03:37:39,709] {scheduler_job.py:633} INFO - Processing file /home/karuturihemanth/airflow_env/lib/python3.9/site-packages/airflow/example_dags/example_branch_labels.py for tasks to queue
[2021-07-16 03:37:39,710] {logging_mixin.py:104} INFO - [2021-07-16 03:37:39,710] {dagbag.py:496} INFO - Filling up the DagBag from /home/karuturihemanth/airflow_env/lib/python3.9/site-packages/airflow/example_dags/example_branch_labels.py
[2021-07-16 03:37:39,721] {scheduler_job.py:643} INFO - DAG(s) dict_keys(['example_branch_labels']) retrieved from /home/karuturihemanth/airflow_env/lib/python3.9/site-packages/airflow/example_dags/example_branch_labels.py
[2021-07-16 03:37:39,734] {logging_mixin.py:104} INFO - [2021-07-16 03:37:39,734] {dag.py:1833} INFO - Sync 1 DAGs
[2021-07-16 03:37:39,746] {logging_mixin.py:104} INFO - [2021-07-16 03:37:39,746] {dag.py:2306} INFO - Setting next_dagrun for example_branch_labels to 2021-07-14 00:00:00+00:00
[2021-07-16 03:37:39,757] {scheduler_job.py:190} INFO - Processing /home/karuturihemanth/airflow_env/lib/python3.9/site-packages/airflow/example_dags/example_branch_labels.py took 0.052 seconds
[2021-07-16 03:38:16,018] {scheduler_job.py:182} INFO - Started process (PID=5186) to work on /home/karuturihemanth/airflow_env/lib/python3.9/site-packages/airflow/example_dags/example_branch_labels.py
[2021-07-16 03:38:16,020] {scheduler_job.py:633} INFO - Processing file /home/karuturihemanth/airflow_env/lib/python3.9/site-packages/airflow/example_dags/example_branch_labels.py for tasks to queue
[2021-07-16 03:38:16,021] {logging_mixin.py:104} INFO - [2021-07-16 03:38:16,021] {dagbag.py:496} INFO - Filling up the DagBag from /home/karuturihemanth/airflow_env/lib/python3.9/site-packages/airflow/example_dags/example_branch_labels.py
[2021-07-16 03:38:16,033] {scheduler_job.py:643} INFO - DAG(s) dict_keys(['example_branch_labels']) retrieved from /home/karuturihemanth/airflow_env/lib/python3.9/site-packages/airflow/example_dags/example_branch_labels.py
[2021-07-16 03:38:16,047] {logging_mixin.py:104} INFO - [2021-07-16 03:38:16,047] {dag.py:1833} INFO - Sync 1 DAGs
[2021-07-16 03:38:16,059] {logging_mixin.py:104} INFO - [2021-07-16 03:38:16,059] {dag.py:2306} INFO - Setting next_dagrun for example_branch_labels to 2021-07-14 00:00:00+00:00
[2021-07-16 03:38:16,070] {scheduler_job.py:190} INFO - Processing /home/karuturihemanth/airflow_env/lib/python3.9/site-packages/airflow/example_dags/example_branch_labels.py took 0.056 seconds
[2021-07-16 03:38:54,837] {scheduler_job.py:182} INFO - Started process (PID=5224) to work on /home/karuturihemanth/airflow_env/lib/python3.9/site-packages/airflow/example_dags/example_branch_labels.py
[2021-07-16 03:38:54,838] {scheduler_job.py:633} INFO - Processing file /home/karuturihemanth/airflow_env/lib/python3.9/site-packages/airflow/example_dags/example_branch_labels.py for tasks to queue
[2021-07-16 03:38:54,839] {logging_mixin.py:104} INFO - [2021-07-16 03:38:54,838] {dagbag.py:496} INFO - Filling up the DagBag from /home/karuturihemanth/airflow_env/lib/python3.9/site-packages/airflow/example_dags/example_branch_labels.py
[2021-07-16 03:38:54,848] {scheduler_job.py:643} INFO - DAG(s) dict_keys(['example_branch_labels']) retrieved from /home/karuturihemanth/airflow_env/lib/python3.9/site-packages/airflow/example_dags/example_branch_labels.py
[2021-07-16 03:38:54,862] {logging_mixin.py:104} INFO - [2021-07-16 03:38:54,861] {dag.py:1833} INFO - Sync 1 DAGs
[2021-07-16 03:38:54,873] {logging_mixin.py:104} INFO - [2021-07-16 03:38:54,873] {dag.py:2306} INFO - Setting next_dagrun for example_branch_labels to 2021-07-14 00:00:00+00:00
[2021-07-16 03:38:54,885] {scheduler_job.py:190} INFO - Processing /home/karuturihemanth/airflow_env/lib/python3.9/site-packages/airflow/example_dags/example_branch_labels.py took 0.051 seconds
[2021-07-16 03:39:29,554] {scheduler_job.py:182} INFO - Started process (PID=5258) to work on /home/karuturihemanth/airflow_env/lib/python3.9/site-packages/airflow/example_dags/example_branch_labels.py
[2021-07-16 03:39:29,555] {scheduler_job.py:633} INFO - Processing file /home/karuturihemanth/airflow_env/lib/python3.9/site-packages/airflow/example_dags/example_branch_labels.py for tasks to queue
[2021-07-16 03:39:29,555] {logging_mixin.py:104} INFO - [2021-07-16 03:39:29,555] {dagbag.py:496} INFO - Filling up the DagBag from /home/karuturihemanth/airflow_env/lib/python3.9/site-packages/airflow/example_dags/example_branch_labels.py
[2021-07-16 03:39:29,565] {scheduler_job.py:643} INFO - DAG(s) dict_keys(['example_branch_labels']) retrieved from /home/karuturihemanth/airflow_env/lib/python3.9/site-packages/airflow/example_dags/example_branch_labels.py
[2021-07-16 03:39:29,579] {logging_mixin.py:104} INFO - [2021-07-16 03:39:29,578] {dag.py:1833} INFO - Sync 1 DAGs
[2021-07-16 03:39:29,590] {logging_mixin.py:104} INFO - [2021-07-16 03:39:29,590] {dag.py:2306} INFO - Setting next_dagrun for example_branch_labels to 2021-07-14 00:00:00+00:00
[2021-07-16 03:39:29,602] {scheduler_job.py:190} INFO - Processing /home/karuturihemanth/airflow_env/lib/python3.9/site-packages/airflow/example_dags/example_branch_labels.py took 0.051 seconds
[2021-07-16 03:40:06,735] {scheduler_job.py:182} INFO - Started process (PID=5295) to work on /home/karuturihemanth/airflow_env/lib/python3.9/site-packages/airflow/example_dags/example_branch_labels.py
[2021-07-16 03:40:06,736] {scheduler_job.py:633} INFO - Processing file /home/karuturihemanth/airflow_env/lib/python3.9/site-packages/airflow/example_dags/example_branch_labels.py for tasks to queue
[2021-07-16 03:40:06,737] {logging_mixin.py:104} INFO - [2021-07-16 03:40:06,737] {dagbag.py:496} INFO - Filling up the DagBag from /home/karuturihemanth/airflow_env/lib/python3.9/site-packages/airflow/example_dags/example_branch_labels.py
[2021-07-16 03:40:06,746] {scheduler_job.py:643} INFO - DAG(s) dict_keys(['example_branch_labels']) retrieved from /home/karuturihemanth/airflow_env/lib/python3.9/site-packages/airflow/example_dags/example_branch_labels.py
[2021-07-16 03:40:06,758] {logging_mixin.py:104} INFO - [2021-07-16 03:40:06,758] {dag.py:1833} INFO - Sync 1 DAGs
[2021-07-16 03:40:06,770] {logging_mixin.py:104} INFO - [2021-07-16 03:40:06,770] {dag.py:2306} INFO - Setting next_dagrun for example_branch_labels to 2021-07-14 00:00:00+00:00
[2021-07-16 03:40:06,781] {scheduler_job.py:190} INFO - Processing /home/karuturihemanth/airflow_env/lib/python3.9/site-packages/airflow/example_dags/example_branch_labels.py took 0.049 seconds
[2021-07-16 03:40:45,030] {scheduler_job.py:182} INFO - Started process (PID=5332) to work on /home/karuturihemanth/airflow_env/lib/python3.9/site-packages/airflow/example_dags/example_branch_labels.py
[2021-07-16 03:40:45,031] {scheduler_job.py:633} INFO - Processing file /home/karuturihemanth/airflow_env/lib/python3.9/site-packages/airflow/example_dags/example_branch_labels.py for tasks to queue
[2021-07-16 03:40:45,032] {logging_mixin.py:104} INFO - [2021-07-16 03:40:45,032] {dagbag.py:496} INFO - Filling up the DagBag from /home/karuturihemanth/airflow_env/lib/python3.9/site-packages/airflow/example_dags/example_branch_labels.py
[2021-07-16 03:40:45,044] {scheduler_job.py:643} INFO - DAG(s) dict_keys(['example_branch_labels']) retrieved from /home/karuturihemanth/airflow_env/lib/python3.9/site-packages/airflow/example_dags/example_branch_labels.py
[2021-07-16 03:40:45,059] {logging_mixin.py:104} INFO - [2021-07-16 03:40:45,059] {dag.py:1833} INFO - Sync 1 DAGs
[2021-07-16 03:40:45,071] {logging_mixin.py:104} INFO - [2021-07-16 03:40:45,071] {dag.py:2306} INFO - Setting next_dagrun for example_branch_labels to 2021-07-14 00:00:00+00:00
[2021-07-16 03:40:45,082] {scheduler_job.py:190} INFO - Processing /home/karuturihemanth/airflow_env/lib/python3.9/site-packages/airflow/example_dags/example_branch_labels.py took 0.055 seconds
[2021-07-16 03:41:22,680] {scheduler_job.py:182} INFO - Started process (PID=5370) to work on /home/karuturihemanth/airflow_env/lib/python3.9/site-packages/airflow/example_dags/example_branch_labels.py
[2021-07-16 03:41:22,681] {scheduler_job.py:633} INFO - Processing file /home/karuturihemanth/airflow_env/lib/python3.9/site-packages/airflow/example_dags/example_branch_labels.py for tasks to queue
[2021-07-16 03:41:22,682] {logging_mixin.py:104} INFO - [2021-07-16 03:41:22,682] {dagbag.py:496} INFO - Filling up the DagBag from /home/karuturihemanth/airflow_env/lib/python3.9/site-packages/airflow/example_dags/example_branch_labels.py
[2021-07-16 03:41:22,692] {scheduler_job.py:643} INFO - DAG(s) dict_keys(['example_branch_labels']) retrieved from /home/karuturihemanth/airflow_env/lib/python3.9/site-packages/airflow/example_dags/example_branch_labels.py
[2021-07-16 03:41:22,705] {logging_mixin.py:104} INFO - [2021-07-16 03:41:22,705] {dag.py:1833} INFO - Sync 1 DAGs
[2021-07-16 03:41:22,717] {logging_mixin.py:104} INFO - [2021-07-16 03:41:22,716] {dag.py:2306} INFO - Setting next_dagrun for example_branch_labels to 2021-07-14 00:00:00+00:00
[2021-07-16 03:41:22,727] {scheduler_job.py:190} INFO - Processing /home/karuturihemanth/airflow_env/lib/python3.9/site-packages/airflow/example_dags/example_branch_labels.py took 0.051 seconds
[2021-07-16 03:51:37,750] {scheduler_job.py:182} INFO - Started process (PID=5692) to work on /home/karuturihemanth/airflow_env/lib/python3.9/site-packages/airflow/example_dags/example_branch_labels.py
[2021-07-16 03:51:37,751] {scheduler_job.py:633} INFO - Processing file /home/karuturihemanth/airflow_env/lib/python3.9/site-packages/airflow/example_dags/example_branch_labels.py for tasks to queue
[2021-07-16 03:51:37,752] {logging_mixin.py:104} INFO - [2021-07-16 03:51:37,752] {dagbag.py:496} INFO - Filling up the DagBag from /home/karuturihemanth/airflow_env/lib/python3.9/site-packages/airflow/example_dags/example_branch_labels.py
[2021-07-16 03:51:37,762] {scheduler_job.py:643} INFO - DAG(s) dict_keys(['example_branch_labels']) retrieved from /home/karuturihemanth/airflow_env/lib/python3.9/site-packages/airflow/example_dags/example_branch_labels.py
[2021-07-16 03:51:38,428] {logging_mixin.py:104} INFO - [2021-07-16 03:51:38,428] {dag.py:1833} INFO - Sync 1 DAGs
[2021-07-16 03:51:38,538] {logging_mixin.py:104} INFO - [2021-07-16 03:51:38,538] {dag.py:2306} INFO - Setting next_dagrun for example_branch_labels to 2021-07-14 00:00:00+00:00
[2021-07-16 03:51:38,758] {scheduler_job.py:190} INFO - Processing /home/karuturihemanth/airflow_env/lib/python3.9/site-packages/airflow/example_dags/example_branch_labels.py took 1.011 seconds
[2021-07-16 10:00:28,265] {scheduler_job.py:182} INFO - Started process (PID=1217) to work on /home/karuturihemanth/airflow_env/lib/python3.9/site-packages/airflow/example_dags/example_branch_labels.py
[2021-07-16 10:00:28,267] {scheduler_job.py:633} INFO - Processing file /home/karuturihemanth/airflow_env/lib/python3.9/site-packages/airflow/example_dags/example_branch_labels.py for tasks to queue
[2021-07-16 10:00:28,268] {logging_mixin.py:104} INFO - [2021-07-16 10:00:28,268] {dagbag.py:496} INFO - Filling up the DagBag from /home/karuturihemanth/airflow_env/lib/python3.9/site-packages/airflow/example_dags/example_branch_labels.py
[2021-07-16 10:00:28,279] {scheduler_job.py:643} INFO - DAG(s) dict_keys(['example_branch_labels']) retrieved from /home/karuturihemanth/airflow_env/lib/python3.9/site-packages/airflow/example_dags/example_branch_labels.py
[2021-07-16 10:00:28,944] {logging_mixin.py:104} INFO - [2021-07-16 10:00:28,944] {dag.py:1833} INFO - Sync 1 DAGs
[2021-07-16 10:00:29,050] {logging_mixin.py:104} INFO - [2021-07-16 10:00:29,050] {dag.py:2306} INFO - Setting next_dagrun for example_branch_labels to 2021-07-14 00:00:00+00:00
[2021-07-16 10:00:29,268] {scheduler_job.py:190} INFO - Processing /home/karuturihemanth/airflow_env/lib/python3.9/site-packages/airflow/example_dags/example_branch_labels.py took 1.006 seconds
[2021-07-16 10:01:00,531] {scheduler_job.py:182} INFO - Started process (PID=1383) to work on /home/karuturihemanth/airflow_env/lib/python3.9/site-packages/airflow/example_dags/example_branch_labels.py
[2021-07-16 10:01:00,531] {scheduler_job.py:633} INFO - Processing file /home/karuturihemanth/airflow_env/lib/python3.9/site-packages/airflow/example_dags/example_branch_labels.py for tasks to queue
[2021-07-16 10:01:00,532] {logging_mixin.py:104} INFO - [2021-07-16 10:01:00,532] {dagbag.py:496} INFO - Filling up the DagBag from /home/karuturihemanth/airflow_env/lib/python3.9/site-packages/airflow/example_dags/example_branch_labels.py
[2021-07-16 10:01:00,541] {scheduler_job.py:643} INFO - DAG(s) dict_keys(['example_branch_labels']) retrieved from /home/karuturihemanth/airflow_env/lib/python3.9/site-packages/airflow/example_dags/example_branch_labels.py
[2021-07-16 10:01:01,225] {logging_mixin.py:104} INFO - [2021-07-16 10:01:01,225] {dag.py:1833} INFO - Sync 1 DAGs
[2021-07-16 10:01:01,333] {logging_mixin.py:104} INFO - [2021-07-16 10:01:01,333] {dag.py:2306} INFO - Setting next_dagrun for example_branch_labels to 2021-07-14 00:00:00+00:00
[2021-07-16 10:01:01,556] {scheduler_job.py:190} INFO - Processing /home/karuturihemanth/airflow_env/lib/python3.9/site-packages/airflow/example_dags/example_branch_labels.py took 1.028 seconds
[2021-07-16 10:01:32,383] {scheduler_job.py:182} INFO - Started process (PID=1550) to work on /home/karuturihemanth/airflow_env/lib/python3.9/site-packages/airflow/example_dags/example_branch_labels.py
[2021-07-16 10:01:32,384] {scheduler_job.py:633} INFO - Processing file /home/karuturihemanth/airflow_env/lib/python3.9/site-packages/airflow/example_dags/example_branch_labels.py for tasks to queue
[2021-07-16 10:01:32,384] {logging_mixin.py:104} INFO - [2021-07-16 10:01:32,384] {dagbag.py:496} INFO - Filling up the DagBag from /home/karuturihemanth/airflow_env/lib/python3.9/site-packages/airflow/example_dags/example_branch_labels.py
[2021-07-16 10:01:32,393] {scheduler_job.py:643} INFO - DAG(s) dict_keys(['example_branch_labels']) retrieved from /home/karuturihemanth/airflow_env/lib/python3.9/site-packages/airflow/example_dags/example_branch_labels.py
[2021-07-16 10:01:33,060] {logging_mixin.py:104} INFO - [2021-07-16 10:01:33,060] {dag.py:1833} INFO - Sync 1 DAGs
[2021-07-16 10:01:33,165] {logging_mixin.py:104} INFO - [2021-07-16 10:01:33,165] {dag.py:2306} INFO - Setting next_dagrun for example_branch_labels to 2021-07-14 00:00:00+00:00
[2021-07-16 10:01:33,384] {scheduler_job.py:190} INFO - Processing /home/karuturihemanth/airflow_env/lib/python3.9/site-packages/airflow/example_dags/example_branch_labels.py took 1.005 seconds
[2021-07-16 10:02:04,434] {scheduler_job.py:182} INFO - Started process (PID=1734) to work on /home/karuturihemanth/airflow_env/lib/python3.9/site-packages/airflow/example_dags/example_branch_labels.py
[2021-07-16 10:02:04,435] {scheduler_job.py:633} INFO - Processing file /home/karuturihemanth/airflow_env/lib/python3.9/site-packages/airflow/example_dags/example_branch_labels.py for tasks to queue
[2021-07-16 10:02:04,436] {logging_mixin.py:104} INFO - [2021-07-16 10:02:04,436] {dagbag.py:496} INFO - Filling up the DagBag from /home/karuturihemanth/airflow_env/lib/python3.9/site-packages/airflow/example_dags/example_branch_labels.py
[2021-07-16 10:02:04,447] {scheduler_job.py:643} INFO - DAG(s) dict_keys(['example_branch_labels']) retrieved from /home/karuturihemanth/airflow_env/lib/python3.9/site-packages/airflow/example_dags/example_branch_labels.py
[2021-07-16 10:02:05,116] {logging_mixin.py:104} INFO - [2021-07-16 10:02:05,116] {dag.py:1833} INFO - Sync 1 DAGs
[2021-07-16 10:02:05,223] {logging_mixin.py:104} INFO - [2021-07-16 10:02:05,223] {dag.py:2306} INFO - Setting next_dagrun for example_branch_labels to 2021-07-14 00:00:00+00:00
[2021-07-16 10:02:05,443] {scheduler_job.py:190} INFO - Processing /home/karuturihemanth/airflow_env/lib/python3.9/site-packages/airflow/example_dags/example_branch_labels.py took 1.012 seconds
[2021-07-16 10:02:36,150] {scheduler_job.py:182} INFO - Started process (PID=1904) to work on /home/karuturihemanth/airflow_env/lib/python3.9/site-packages/airflow/example_dags/example_branch_labels.py
[2021-07-16 10:02:36,152] {scheduler_job.py:633} INFO - Processing file /home/karuturihemanth/airflow_env/lib/python3.9/site-packages/airflow/example_dags/example_branch_labels.py for tasks to queue
[2021-07-16 10:02:36,152] {logging_mixin.py:104} INFO - [2021-07-16 10:02:36,152] {dagbag.py:496} INFO - Filling up the DagBag from /home/karuturihemanth/airflow_env/lib/python3.9/site-packages/airflow/example_dags/example_branch_labels.py
[2021-07-16 10:02:36,163] {scheduler_job.py:643} INFO - DAG(s) dict_keys(['example_branch_labels']) retrieved from /home/karuturihemanth/airflow_env/lib/python3.9/site-packages/airflow/example_dags/example_branch_labels.py
[2021-07-16 10:02:36,823] {logging_mixin.py:104} INFO - [2021-07-16 10:02:36,823] {dag.py:1833} INFO - Sync 1 DAGs
[2021-07-16 10:02:36,929] {logging_mixin.py:104} INFO - [2021-07-16 10:02:36,928] {dag.py:2306} INFO - Setting next_dagrun for example_branch_labels to 2021-07-14 00:00:00+00:00
[2021-07-16 10:02:37,146] {scheduler_job.py:190} INFO - Processing /home/karuturihemanth/airflow_env/lib/python3.9/site-packages/airflow/example_dags/example_branch_labels.py took 1.000 seconds
[2021-07-16 10:03:07,701] {scheduler_job.py:182} INFO - Started process (PID=2070) to work on /home/karuturihemanth/airflow_env/lib/python3.9/site-packages/airflow/example_dags/example_branch_labels.py
[2021-07-16 10:03:07,702] {scheduler_job.py:633} INFO - Processing file /home/karuturihemanth/airflow_env/lib/python3.9/site-packages/airflow/example_dags/example_branch_labels.py for tasks to queue
[2021-07-16 10:03:07,703] {logging_mixin.py:104} INFO - [2021-07-16 10:03:07,702] {dagbag.py:496} INFO - Filling up the DagBag from /home/karuturihemanth/airflow_env/lib/python3.9/site-packages/airflow/example_dags/example_branch_labels.py
[2021-07-16 10:03:07,713] {scheduler_job.py:643} INFO - DAG(s) dict_keys(['example_branch_labels']) retrieved from /home/karuturihemanth/airflow_env/lib/python3.9/site-packages/airflow/example_dags/example_branch_labels.py
[2021-07-16 10:03:08,368] {logging_mixin.py:104} INFO - [2021-07-16 10:03:08,368] {dag.py:1833} INFO - Sync 1 DAGs
[2021-07-16 10:03:08,475] {logging_mixin.py:104} INFO - [2021-07-16 10:03:08,474] {dag.py:2306} INFO - Setting next_dagrun for example_branch_labels to 2021-07-14 00:00:00+00:00
[2021-07-16 10:03:08,699] {scheduler_job.py:190} INFO - Processing /home/karuturihemanth/airflow_env/lib/python3.9/site-packages/airflow/example_dags/example_branch_labels.py took 1.001 seconds
[2021-07-16 10:03:39,661] {scheduler_job.py:182} INFO - Started process (PID=2240) to work on /home/karuturihemanth/airflow_env/lib/python3.9/site-packages/airflow/example_dags/example_branch_labels.py
[2021-07-16 10:03:39,662] {scheduler_job.py:633} INFO - Processing file /home/karuturihemanth/airflow_env/lib/python3.9/site-packages/airflow/example_dags/example_branch_labels.py for tasks to queue
[2021-07-16 10:03:39,662] {logging_mixin.py:104} INFO - [2021-07-16 10:03:39,662] {dagbag.py:496} INFO - Filling up the DagBag from /home/karuturihemanth/airflow_env/lib/python3.9/site-packages/airflow/example_dags/example_branch_labels.py
[2021-07-16 10:03:39,673] {scheduler_job.py:643} INFO - DAG(s) dict_keys(['example_branch_labels']) retrieved from /home/karuturihemanth/airflow_env/lib/python3.9/site-packages/airflow/example_dags/example_branch_labels.py
[2021-07-16 10:03:40,343] {logging_mixin.py:104} INFO - [2021-07-16 10:03:40,343] {dag.py:1833} INFO - Sync 1 DAGs
[2021-07-16 10:03:40,449] {logging_mixin.py:104} INFO - [2021-07-16 10:03:40,449] {dag.py:2306} INFO - Setting next_dagrun for example_branch_labels to 2021-07-14 00:00:00+00:00
[2021-07-16 10:03:40,671] {scheduler_job.py:190} INFO - Processing /home/karuturihemanth/airflow_env/lib/python3.9/site-packages/airflow/example_dags/example_branch_labels.py took 1.013 seconds
[2021-07-16 10:04:11,203] {scheduler_job.py:182} INFO - Started process (PID=2407) to work on /home/karuturihemanth/airflow_env/lib/python3.9/site-packages/airflow/example_dags/example_branch_labels.py
[2021-07-16 10:04:11,205] {scheduler_job.py:633} INFO - Processing file /home/karuturihemanth/airflow_env/lib/python3.9/site-packages/airflow/example_dags/example_branch_labels.py for tasks to queue
[2021-07-16 10:04:11,205] {logging_mixin.py:104} INFO - [2021-07-16 10:04:11,205] {dagbag.py:496} INFO - Filling up the DagBag from /home/karuturihemanth/airflow_env/lib/python3.9/site-packages/airflow/example_dags/example_branch_labels.py
[2021-07-16 10:04:11,215] {scheduler_job.py:643} INFO - DAG(s) dict_keys(['example_branch_labels']) retrieved from /home/karuturihemanth/airflow_env/lib/python3.9/site-packages/airflow/example_dags/example_branch_labels.py
[2021-07-16 10:04:11,887] {logging_mixin.py:104} INFO - [2021-07-16 10:04:11,887] {dag.py:1833} INFO - Sync 1 DAGs
[2021-07-16 10:04:11,996] {logging_mixin.py:104} INFO - [2021-07-16 10:04:11,996] {dag.py:2306} INFO - Setting next_dagrun for example_branch_labels to 2021-07-14 00:00:00+00:00
[2021-07-16 10:04:12,220] {scheduler_job.py:190} INFO - Processing /home/karuturihemanth/airflow_env/lib/python3.9/site-packages/airflow/example_dags/example_branch_labels.py took 1.020 seconds
[2021-07-16 10:04:44,223] {scheduler_job.py:182} INFO - Started process (PID=2574) to work on /home/karuturihemanth/airflow_env/lib/python3.9/site-packages/airflow/example_dags/example_branch_labels.py
[2021-07-16 10:04:44,224] {scheduler_job.py:633} INFO - Processing file /home/karuturihemanth/airflow_env/lib/python3.9/site-packages/airflow/example_dags/example_branch_labels.py for tasks to queue
[2021-07-16 10:04:44,225] {logging_mixin.py:104} INFO - [2021-07-16 10:04:44,225] {dagbag.py:496} INFO - Filling up the DagBag from /home/karuturihemanth/airflow_env/lib/python3.9/site-packages/airflow/example_dags/example_branch_labels.py
[2021-07-16 10:04:44,237] {scheduler_job.py:643} INFO - DAG(s) dict_keys(['example_branch_labels']) retrieved from /home/karuturihemanth/airflow_env/lib/python3.9/site-packages/airflow/example_dags/example_branch_labels.py
[2021-07-16 10:04:44,887] {logging_mixin.py:104} INFO - [2021-07-16 10:04:44,887] {dag.py:1833} INFO - Sync 1 DAGs
[2021-07-16 10:04:44,991] {logging_mixin.py:104} INFO - [2021-07-16 10:04:44,991] {dag.py:2306} INFO - Setting next_dagrun for example_branch_labels to 2021-07-14 00:00:00+00:00
[2021-07-16 10:04:45,207] {scheduler_job.py:190} INFO - Processing /home/karuturihemanth/airflow_env/lib/python3.9/site-packages/airflow/example_dags/example_branch_labels.py took 0.988 seconds
[2021-07-16 10:05:16,379] {scheduler_job.py:182} INFO - Started process (PID=2740) to work on /home/karuturihemanth/airflow_env/lib/python3.9/site-packages/airflow/example_dags/example_branch_labels.py
[2021-07-16 10:05:16,380] {scheduler_job.py:633} INFO - Processing file /home/karuturihemanth/airflow_env/lib/python3.9/site-packages/airflow/example_dags/example_branch_labels.py for tasks to queue
[2021-07-16 10:05:16,381] {logging_mixin.py:104} INFO - [2021-07-16 10:05:16,381] {dagbag.py:496} INFO - Filling up the DagBag from /home/karuturihemanth/airflow_env/lib/python3.9/site-packages/airflow/example_dags/example_branch_labels.py
[2021-07-16 10:05:16,391] {scheduler_job.py:643} INFO - DAG(s) dict_keys(['example_branch_labels']) retrieved from /home/karuturihemanth/airflow_env/lib/python3.9/site-packages/airflow/example_dags/example_branch_labels.py
[2021-07-16 10:05:17,036] {logging_mixin.py:104} INFO - [2021-07-16 10:05:17,036] {dag.py:1833} INFO - Sync 1 DAGs
[2021-07-16 10:05:17,139] {logging_mixin.py:104} INFO - [2021-07-16 10:05:17,139] {dag.py:2306} INFO - Setting next_dagrun for example_branch_labels to 2021-07-14 00:00:00+00:00
[2021-07-16 10:05:17,353] {scheduler_job.py:190} INFO - Processing /home/karuturihemanth/airflow_env/lib/python3.9/site-packages/airflow/example_dags/example_branch_labels.py took 0.977 seconds
[2021-07-16 10:05:48,177] {scheduler_job.py:182} INFO - Started process (PID=2907) to work on /home/karuturihemanth/airflow_env/lib/python3.9/site-packages/airflow/example_dags/example_branch_labels.py
[2021-07-16 10:05:48,178] {scheduler_job.py:633} INFO - Processing file /home/karuturihemanth/airflow_env/lib/python3.9/site-packages/airflow/example_dags/example_branch_labels.py for tasks to queue
[2021-07-16 10:05:48,179] {logging_mixin.py:104} INFO - [2021-07-16 10:05:48,179] {dagbag.py:496} INFO - Filling up the DagBag from /home/karuturihemanth/airflow_env/lib/python3.9/site-packages/airflow/example_dags/example_branch_labels.py
[2021-07-16 10:05:48,191] {scheduler_job.py:643} INFO - DAG(s) dict_keys(['example_branch_labels']) retrieved from /home/karuturihemanth/airflow_env/lib/python3.9/site-packages/airflow/example_dags/example_branch_labels.py
[2021-07-16 10:05:48,849] {logging_mixin.py:104} INFO - [2021-07-16 10:05:48,849] {dag.py:1833} INFO - Sync 1 DAGs
[2021-07-16 10:05:48,954] {logging_mixin.py:104} INFO - [2021-07-16 10:05:48,954] {dag.py:2306} INFO - Setting next_dagrun for example_branch_labels to 2021-07-14 00:00:00+00:00
[2021-07-16 10:05:49,173] {scheduler_job.py:190} INFO - Processing /home/karuturihemanth/airflow_env/lib/python3.9/site-packages/airflow/example_dags/example_branch_labels.py took 1.000 seconds
[2021-07-16 10:06:19,825] {scheduler_job.py:182} INFO - Started process (PID=3075) to work on /home/karuturihemanth/airflow_env/lib/python3.9/site-packages/airflow/example_dags/example_branch_labels.py
[2021-07-16 10:06:19,826] {scheduler_job.py:633} INFO - Processing file /home/karuturihemanth/airflow_env/lib/python3.9/site-packages/airflow/example_dags/example_branch_labels.py for tasks to queue
[2021-07-16 10:06:19,826] {logging_mixin.py:104} INFO - [2021-07-16 10:06:19,826] {dagbag.py:496} INFO - Filling up the DagBag from /home/karuturihemanth/airflow_env/lib/python3.9/site-packages/airflow/example_dags/example_branch_labels.py
[2021-07-16 10:06:19,839] {scheduler_job.py:643} INFO - DAG(s) dict_keys(['example_branch_labels']) retrieved from /home/karuturihemanth/airflow_env/lib/python3.9/site-packages/airflow/example_dags/example_branch_labels.py
[2021-07-16 10:06:20,504] {logging_mixin.py:104} INFO - [2021-07-16 10:06:20,504] {dag.py:1833} INFO - Sync 1 DAGs
[2021-07-16 10:06:20,611] {logging_mixin.py:104} INFO - [2021-07-16 10:06:20,611] {dag.py:2306} INFO - Setting next_dagrun for example_branch_labels to 2021-07-14 00:00:00+00:00
[2021-07-16 10:06:20,830] {scheduler_job.py:190} INFO - Processing /home/karuturihemanth/airflow_env/lib/python3.9/site-packages/airflow/example_dags/example_branch_labels.py took 1.010 seconds
[2021-07-16 10:06:50,854] {scheduler_job.py:182} INFO - Started process (PID=3240) to work on /home/karuturihemanth/airflow_env/lib/python3.9/site-packages/airflow/example_dags/example_branch_labels.py
[2021-07-16 10:06:50,855] {scheduler_job.py:633} INFO - Processing file /home/karuturihemanth/airflow_env/lib/python3.9/site-packages/airflow/example_dags/example_branch_labels.py for tasks to queue
[2021-07-16 10:06:50,856] {logging_mixin.py:104} INFO - [2021-07-16 10:06:50,856] {dagbag.py:496} INFO - Filling up the DagBag from /home/karuturihemanth/airflow_env/lib/python3.9/site-packages/airflow/example_dags/example_branch_labels.py
[2021-07-16 10:06:50,865] {scheduler_job.py:643} INFO - DAG(s) dict_keys(['example_branch_labels']) retrieved from /home/karuturihemanth/airflow_env/lib/python3.9/site-packages/airflow/example_dags/example_branch_labels.py
[2021-07-16 10:06:51,552] {logging_mixin.py:104} INFO - [2021-07-16 10:06:51,552] {dag.py:1833} INFO - Sync 1 DAGs
[2021-07-16 10:06:51,663] {logging_mixin.py:104} INFO - [2021-07-16 10:06:51,663] {dag.py:2306} INFO - Setting next_dagrun for example_branch_labels to 2021-07-14 00:00:00+00:00
[2021-07-16 10:06:51,892] {scheduler_job.py:190} INFO - Processing /home/karuturihemanth/airflow_env/lib/python3.9/site-packages/airflow/example_dags/example_branch_labels.py took 1.041 seconds
[2021-07-16 10:07:22,543] {scheduler_job.py:182} INFO - Started process (PID=3406) to work on /home/karuturihemanth/airflow_env/lib/python3.9/site-packages/airflow/example_dags/example_branch_labels.py
[2021-07-16 10:07:22,544] {scheduler_job.py:633} INFO - Processing file /home/karuturihemanth/airflow_env/lib/python3.9/site-packages/airflow/example_dags/example_branch_labels.py for tasks to queue
[2021-07-16 10:07:22,544] {logging_mixin.py:104} INFO - [2021-07-16 10:07:22,544] {dagbag.py:496} INFO - Filling up the DagBag from /home/karuturihemanth/airflow_env/lib/python3.9/site-packages/airflow/example_dags/example_branch_labels.py
[2021-07-16 10:07:22,553] {scheduler_job.py:643} INFO - DAG(s) dict_keys(['example_branch_labels']) retrieved from /home/karuturihemanth/airflow_env/lib/python3.9/site-packages/airflow/example_dags/example_branch_labels.py
[2021-07-16 10:07:23,197] {logging_mixin.py:104} INFO - [2021-07-16 10:07:23,197] {dag.py:1833} INFO - Sync 1 DAGs
[2021-07-16 10:07:23,299] {logging_mixin.py:104} INFO - [2021-07-16 10:07:23,299] {dag.py:2306} INFO - Setting next_dagrun for example_branch_labels to 2021-07-14 00:00:00+00:00
[2021-07-16 10:07:23,515] {scheduler_job.py:190} INFO - Processing /home/karuturihemanth/airflow_env/lib/python3.9/site-packages/airflow/example_dags/example_branch_labels.py took 0.975 seconds
[2021-07-16 10:07:54,666] {scheduler_job.py:182} INFO - Started process (PID=3573) to work on /home/karuturihemanth/airflow_env/lib/python3.9/site-packages/airflow/example_dags/example_branch_labels.py
[2021-07-16 10:07:54,667] {scheduler_job.py:633} INFO - Processing file /home/karuturihemanth/airflow_env/lib/python3.9/site-packages/airflow/example_dags/example_branch_labels.py for tasks to queue
[2021-07-16 10:07:54,667] {logging_mixin.py:104} INFO - [2021-07-16 10:07:54,667] {dagbag.py:496} INFO - Filling up the DagBag from /home/karuturihemanth/airflow_env/lib/python3.9/site-packages/airflow/example_dags/example_branch_labels.py
[2021-07-16 10:07:54,676] {scheduler_job.py:643} INFO - DAG(s) dict_keys(['example_branch_labels']) retrieved from /home/karuturihemanth/airflow_env/lib/python3.9/site-packages/airflow/example_dags/example_branch_labels.py
[2021-07-16 10:07:55,319] {logging_mixin.py:104} INFO - [2021-07-16 10:07:55,319] {dag.py:1833} INFO - Sync 1 DAGs
[2021-07-16 10:07:55,422] {logging_mixin.py:104} INFO - [2021-07-16 10:07:55,422] {dag.py:2306} INFO - Setting next_dagrun for example_branch_labels to 2021-07-14 00:00:00+00:00
[2021-07-16 10:07:55,635] {scheduler_job.py:190} INFO - Processing /home/karuturihemanth/airflow_env/lib/python3.9/site-packages/airflow/example_dags/example_branch_labels.py took 0.972 seconds
[2021-07-16 10:08:25,730] {scheduler_job.py:182} INFO - Started process (PID=3740) to work on /home/karuturihemanth/airflow_env/lib/python3.9/site-packages/airflow/example_dags/example_branch_labels.py
[2021-07-16 10:08:25,731] {scheduler_job.py:633} INFO - Processing file /home/karuturihemanth/airflow_env/lib/python3.9/site-packages/airflow/example_dags/example_branch_labels.py for tasks to queue
[2021-07-16 10:08:25,732] {logging_mixin.py:104} INFO - [2021-07-16 10:08:25,732] {dagbag.py:496} INFO - Filling up the DagBag from /home/karuturihemanth/airflow_env/lib/python3.9/site-packages/airflow/example_dags/example_branch_labels.py
[2021-07-16 10:08:25,741] {scheduler_job.py:643} INFO - DAG(s) dict_keys(['example_branch_labels']) retrieved from /home/karuturihemanth/airflow_env/lib/python3.9/site-packages/airflow/example_dags/example_branch_labels.py
[2021-07-16 10:08:26,406] {logging_mixin.py:104} INFO - [2021-07-16 10:08:26,406] {dag.py:1833} INFO - Sync 1 DAGs
[2021-07-16 10:08:26,511] {logging_mixin.py:104} INFO - [2021-07-16 10:08:26,511] {dag.py:2306} INFO - Setting next_dagrun for example_branch_labels to 2021-07-14 00:00:00+00:00
[2021-07-16 10:08:26,730] {scheduler_job.py:190} INFO - Processing /home/karuturihemanth/airflow_env/lib/python3.9/site-packages/airflow/example_dags/example_branch_labels.py took 1.004 seconds
[2021-07-16 10:08:58,480] {scheduler_job.py:182} INFO - Started process (PID=3907) to work on /home/karuturihemanth/airflow_env/lib/python3.9/site-packages/airflow/example_dags/example_branch_labels.py
[2021-07-16 10:08:58,481] {scheduler_job.py:633} INFO - Processing file /home/karuturihemanth/airflow_env/lib/python3.9/site-packages/airflow/example_dags/example_branch_labels.py for tasks to queue
[2021-07-16 10:08:58,481] {logging_mixin.py:104} INFO - [2021-07-16 10:08:58,481] {dagbag.py:496} INFO - Filling up the DagBag from /home/karuturihemanth/airflow_env/lib/python3.9/site-packages/airflow/example_dags/example_branch_labels.py
[2021-07-16 10:08:58,490] {scheduler_job.py:643} INFO - DAG(s) dict_keys(['example_branch_labels']) retrieved from /home/karuturihemanth/airflow_env/lib/python3.9/site-packages/airflow/example_dags/example_branch_labels.py
[2021-07-16 10:08:59,144] {logging_mixin.py:104} INFO - [2021-07-16 10:08:59,144] {dag.py:1833} INFO - Sync 1 DAGs
[2021-07-16 10:08:59,247] {logging_mixin.py:104} INFO - [2021-07-16 10:08:59,247] {dag.py:2306} INFO - Setting next_dagrun for example_branch_labels to 2021-07-14 00:00:00+00:00
[2021-07-16 10:08:59,463] {scheduler_job.py:190} INFO - Processing /home/karuturihemanth/airflow_env/lib/python3.9/site-packages/airflow/example_dags/example_branch_labels.py took 0.987 seconds
[2021-07-16 10:09:30,046] {scheduler_job.py:182} INFO - Started process (PID=4074) to work on /home/karuturihemanth/airflow_env/lib/python3.9/site-packages/airflow/example_dags/example_branch_labels.py
[2021-07-16 10:09:30,047] {scheduler_job.py:633} INFO - Processing file /home/karuturihemanth/airflow_env/lib/python3.9/site-packages/airflow/example_dags/example_branch_labels.py for tasks to queue
[2021-07-16 10:09:30,048] {logging_mixin.py:104} INFO - [2021-07-16 10:09:30,048] {dagbag.py:496} INFO - Filling up the DagBag from /home/karuturihemanth/airflow_env/lib/python3.9/site-packages/airflow/example_dags/example_branch_labels.py
[2021-07-16 10:09:30,057] {scheduler_job.py:643} INFO - DAG(s) dict_keys(['example_branch_labels']) retrieved from /home/karuturihemanth/airflow_env/lib/python3.9/site-packages/airflow/example_dags/example_branch_labels.py
[2021-07-16 10:09:30,714] {logging_mixin.py:104} INFO - [2021-07-16 10:09:30,714] {dag.py:1833} INFO - Sync 1 DAGs
[2021-07-16 10:09:30,819] {logging_mixin.py:104} INFO - [2021-07-16 10:09:30,818] {dag.py:2306} INFO - Setting next_dagrun for example_branch_labels to 2021-07-14 00:00:00+00:00
[2021-07-16 10:09:31,036] {scheduler_job.py:190} INFO - Processing /home/karuturihemanth/airflow_env/lib/python3.9/site-packages/airflow/example_dags/example_branch_labels.py took 0.993 seconds
[2021-07-16 10:10:01,833] {scheduler_job.py:182} INFO - Started process (PID=4240) to work on /home/karuturihemanth/airflow_env/lib/python3.9/site-packages/airflow/example_dags/example_branch_labels.py
[2021-07-16 10:10:01,835] {scheduler_job.py:633} INFO - Processing file /home/karuturihemanth/airflow_env/lib/python3.9/site-packages/airflow/example_dags/example_branch_labels.py for tasks to queue
[2021-07-16 10:10:01,836] {logging_mixin.py:104} INFO - [2021-07-16 10:10:01,836] {dagbag.py:496} INFO - Filling up the DagBag from /home/karuturihemanth/airflow_env/lib/python3.9/site-packages/airflow/example_dags/example_branch_labels.py
[2021-07-16 10:10:01,846] {scheduler_job.py:643} INFO - DAG(s) dict_keys(['example_branch_labels']) retrieved from /home/karuturihemanth/airflow_env/lib/python3.9/site-packages/airflow/example_dags/example_branch_labels.py
[2021-07-16 10:10:02,497] {logging_mixin.py:104} INFO - [2021-07-16 10:10:02,497] {dag.py:1833} INFO - Sync 1 DAGs
[2021-07-16 10:10:02,599] {logging_mixin.py:104} INFO - [2021-07-16 10:10:02,599] {dag.py:2306} INFO - Setting next_dagrun for example_branch_labels to 2021-07-14 00:00:00+00:00
[2021-07-16 10:10:02,814] {scheduler_job.py:190} INFO - Processing /home/karuturihemanth/airflow_env/lib/python3.9/site-packages/airflow/example_dags/example_branch_labels.py took 0.985 seconds
[2021-07-16 10:10:33,895] {scheduler_job.py:182} INFO - Started process (PID=4407) to work on /home/karuturihemanth/airflow_env/lib/python3.9/site-packages/airflow/example_dags/example_branch_labels.py
[2021-07-16 10:10:33,896] {scheduler_job.py:633} INFO - Processing file /home/karuturihemanth/airflow_env/lib/python3.9/site-packages/airflow/example_dags/example_branch_labels.py for tasks to queue
[2021-07-16 10:10:33,897] {logging_mixin.py:104} INFO - [2021-07-16 10:10:33,897] {dagbag.py:496} INFO - Filling up the DagBag from /home/karuturihemanth/airflow_env/lib/python3.9/site-packages/airflow/example_dags/example_branch_labels.py
[2021-07-16 10:10:33,906] {scheduler_job.py:643} INFO - DAG(s) dict_keys(['example_branch_labels']) retrieved from /home/karuturihemanth/airflow_env/lib/python3.9/site-packages/airflow/example_dags/example_branch_labels.py
[2021-07-16 10:10:34,570] {logging_mixin.py:104} INFO - [2021-07-16 10:10:34,570] {dag.py:1833} INFO - Sync 1 DAGs
[2021-07-16 10:10:34,677] {logging_mixin.py:104} INFO - [2021-07-16 10:10:34,676] {dag.py:2306} INFO - Setting next_dagrun for example_branch_labels to 2021-07-14 00:00:00+00:00
[2021-07-16 10:10:34,905] {scheduler_job.py:190} INFO - Processing /home/karuturihemanth/airflow_env/lib/python3.9/site-packages/airflow/example_dags/example_branch_labels.py took 1.013 seconds
[2021-07-16 10:11:05,584] {scheduler_job.py:182} INFO - Started process (PID=4573) to work on /home/karuturihemanth/airflow_env/lib/python3.9/site-packages/airflow/example_dags/example_branch_labels.py
[2021-07-16 10:11:05,585] {scheduler_job.py:633} INFO - Processing file /home/karuturihemanth/airflow_env/lib/python3.9/site-packages/airflow/example_dags/example_branch_labels.py for tasks to queue
[2021-07-16 10:11:05,585] {logging_mixin.py:104} INFO - [2021-07-16 10:11:05,585] {dagbag.py:496} INFO - Filling up the DagBag from /home/karuturihemanth/airflow_env/lib/python3.9/site-packages/airflow/example_dags/example_branch_labels.py
[2021-07-16 10:11:05,594] {scheduler_job.py:643} INFO - DAG(s) dict_keys(['example_branch_labels']) retrieved from /home/karuturihemanth/airflow_env/lib/python3.9/site-packages/airflow/example_dags/example_branch_labels.py
[2021-07-16 10:11:06,258] {logging_mixin.py:104} INFO - [2021-07-16 10:11:06,257] {dag.py:1833} INFO - Sync 1 DAGs
[2021-07-16 10:11:06,364] {logging_mixin.py:104} INFO - [2021-07-16 10:11:06,364] {dag.py:2306} INFO - Setting next_dagrun for example_branch_labels to 2021-07-14 00:00:00+00:00
[2021-07-16 10:11:06,584] {scheduler_job.py:190} INFO - Processing /home/karuturihemanth/airflow_env/lib/python3.9/site-packages/airflow/example_dags/example_branch_labels.py took 1.004 seconds
[2021-07-16 10:11:37,686] {scheduler_job.py:182} INFO - Started process (PID=4740) to work on /home/karuturihemanth/airflow_env/lib/python3.9/site-packages/airflow/example_dags/example_branch_labels.py
[2021-07-16 10:11:37,688] {scheduler_job.py:633} INFO - Processing file /home/karuturihemanth/airflow_env/lib/python3.9/site-packages/airflow/example_dags/example_branch_labels.py for tasks to queue
[2021-07-16 10:11:37,688] {logging_mixin.py:104} INFO - [2021-07-16 10:11:37,688] {dagbag.py:496} INFO - Filling up the DagBag from /home/karuturihemanth/airflow_env/lib/python3.9/site-packages/airflow/example_dags/example_branch_labels.py
[2021-07-16 10:11:37,696] {scheduler_job.py:643} INFO - DAG(s) dict_keys(['example_branch_labels']) retrieved from /home/karuturihemanth/airflow_env/lib/python3.9/site-packages/airflow/example_dags/example_branch_labels.py
[2021-07-16 10:11:38,378] {logging_mixin.py:104} INFO - [2021-07-16 10:11:38,378] {dag.py:1833} INFO - Sync 1 DAGs
[2021-07-16 10:11:38,488] {logging_mixin.py:104} INFO - [2021-07-16 10:11:38,488] {dag.py:2306} INFO - Setting next_dagrun for example_branch_labels to 2021-07-14 00:00:00+00:00
[2021-07-16 10:11:38,713] {scheduler_job.py:190} INFO - Processing /home/karuturihemanth/airflow_env/lib/python3.9/site-packages/airflow/example_dags/example_branch_labels.py took 1.030 seconds
[2021-07-16 10:12:09,156] {scheduler_job.py:182} INFO - Started process (PID=4906) to work on /home/karuturihemanth/airflow_env/lib/python3.9/site-packages/airflow/example_dags/example_branch_labels.py
[2021-07-16 10:12:09,156] {scheduler_job.py:633} INFO - Processing file /home/karuturihemanth/airflow_env/lib/python3.9/site-packages/airflow/example_dags/example_branch_labels.py for tasks to queue
[2021-07-16 10:12:09,157] {logging_mixin.py:104} INFO - [2021-07-16 10:12:09,157] {dagbag.py:496} INFO - Filling up the DagBag from /home/karuturihemanth/airflow_env/lib/python3.9/site-packages/airflow/example_dags/example_branch_labels.py
[2021-07-16 10:12:09,166] {scheduler_job.py:643} INFO - DAG(s) dict_keys(['example_branch_labels']) retrieved from /home/karuturihemanth/airflow_env/lib/python3.9/site-packages/airflow/example_dags/example_branch_labels.py
[2021-07-16 10:12:09,825] {logging_mixin.py:104} INFO - [2021-07-16 10:12:09,824] {dag.py:1833} INFO - Sync 1 DAGs
[2021-07-16 10:12:09,929] {logging_mixin.py:104} INFO - [2021-07-16 10:12:09,929] {dag.py:2306} INFO - Setting next_dagrun for example_branch_labels to 2021-07-14 00:00:00+00:00
[2021-07-16 10:12:10,143] {scheduler_job.py:190} INFO - Processing /home/karuturihemanth/airflow_env/lib/python3.9/site-packages/airflow/example_dags/example_branch_labels.py took 0.991 seconds
[2021-07-16 10:12:41,104] {scheduler_job.py:182} INFO - Started process (PID=5073) to work on /home/karuturihemanth/airflow_env/lib/python3.9/site-packages/airflow/example_dags/example_branch_labels.py
[2021-07-16 10:12:41,105] {scheduler_job.py:633} INFO - Processing file /home/karuturihemanth/airflow_env/lib/python3.9/site-packages/airflow/example_dags/example_branch_labels.py for tasks to queue
[2021-07-16 10:12:41,105] {logging_mixin.py:104} INFO - [2021-07-16 10:12:41,105] {dagbag.py:496} INFO - Filling up the DagBag from /home/karuturihemanth/airflow_env/lib/python3.9/site-packages/airflow/example_dags/example_branch_labels.py
[2021-07-16 10:12:41,114] {scheduler_job.py:643} INFO - DAG(s) dict_keys(['example_branch_labels']) retrieved from /home/karuturihemanth/airflow_env/lib/python3.9/site-packages/airflow/example_dags/example_branch_labels.py
[2021-07-16 10:12:41,756] {logging_mixin.py:104} INFO - [2021-07-16 10:12:41,756] {dag.py:1833} INFO - Sync 1 DAGs
[2021-07-16 10:12:41,864] {logging_mixin.py:104} INFO - [2021-07-16 10:12:41,864] {dag.py:2306} INFO - Setting next_dagrun for example_branch_labels to 2021-07-14 00:00:00+00:00
[2021-07-16 10:12:42,077] {scheduler_job.py:190} INFO - Processing /home/karuturihemanth/airflow_env/lib/python3.9/site-packages/airflow/example_dags/example_branch_labels.py took 0.977 seconds
[2021-07-16 10:13:12,788] {scheduler_job.py:182} INFO - Started process (PID=5239) to work on /home/karuturihemanth/airflow_env/lib/python3.9/site-packages/airflow/example_dags/example_branch_labels.py
[2021-07-16 10:13:12,788] {scheduler_job.py:633} INFO - Processing file /home/karuturihemanth/airflow_env/lib/python3.9/site-packages/airflow/example_dags/example_branch_labels.py for tasks to queue
[2021-07-16 10:13:12,789] {logging_mixin.py:104} INFO - [2021-07-16 10:13:12,789] {dagbag.py:496} INFO - Filling up the DagBag from /home/karuturihemanth/airflow_env/lib/python3.9/site-packages/airflow/example_dags/example_branch_labels.py
[2021-07-16 10:13:12,798] {scheduler_job.py:643} INFO - DAG(s) dict_keys(['example_branch_labels']) retrieved from /home/karuturihemanth/airflow_env/lib/python3.9/site-packages/airflow/example_dags/example_branch_labels.py
[2021-07-16 10:13:13,472] {logging_mixin.py:104} INFO - [2021-07-16 10:13:13,472] {dag.py:1833} INFO - Sync 1 DAGs
[2021-07-16 10:13:13,581] {logging_mixin.py:104} INFO - [2021-07-16 10:13:13,581] {dag.py:2306} INFO - Setting next_dagrun for example_branch_labels to 2021-07-14 00:00:00+00:00
[2021-07-16 10:13:13,807] {scheduler_job.py:190} INFO - Processing /home/karuturihemanth/airflow_env/lib/python3.9/site-packages/airflow/example_dags/example_branch_labels.py took 1.024 seconds
[2021-07-16 10:13:44,315] {scheduler_job.py:182} INFO - Started process (PID=5408) to work on /home/karuturihemanth/airflow_env/lib/python3.9/site-packages/airflow/example_dags/example_branch_labels.py
[2021-07-16 10:13:44,316] {scheduler_job.py:633} INFO - Processing file /home/karuturihemanth/airflow_env/lib/python3.9/site-packages/airflow/example_dags/example_branch_labels.py for tasks to queue
[2021-07-16 10:13:44,316] {logging_mixin.py:104} INFO - [2021-07-16 10:13:44,316] {dagbag.py:496} INFO - Filling up the DagBag from /home/karuturihemanth/airflow_env/lib/python3.9/site-packages/airflow/example_dags/example_branch_labels.py
[2021-07-16 10:13:44,325] {scheduler_job.py:643} INFO - DAG(s) dict_keys(['example_branch_labels']) retrieved from /home/karuturihemanth/airflow_env/lib/python3.9/site-packages/airflow/example_dags/example_branch_labels.py
[2021-07-16 10:13:44,986] {logging_mixin.py:104} INFO - [2021-07-16 10:13:44,986] {dag.py:1833} INFO - Sync 1 DAGs
[2021-07-16 10:13:45,091] {logging_mixin.py:104} INFO - [2021-07-16 10:13:45,090] {dag.py:2306} INFO - Setting next_dagrun for example_branch_labels to 2021-07-14 00:00:00+00:00
[2021-07-16 10:13:45,309] {scheduler_job.py:190} INFO - Processing /home/karuturihemanth/airflow_env/lib/python3.9/site-packages/airflow/example_dags/example_branch_labels.py took 0.997 seconds
[2021-07-16 10:14:16,084] {scheduler_job.py:182} INFO - Started process (PID=5574) to work on /home/karuturihemanth/airflow_env/lib/python3.9/site-packages/airflow/example_dags/example_branch_labels.py
[2021-07-16 10:14:16,084] {scheduler_job.py:633} INFO - Processing file /home/karuturihemanth/airflow_env/lib/python3.9/site-packages/airflow/example_dags/example_branch_labels.py for tasks to queue
[2021-07-16 10:14:16,085] {logging_mixin.py:104} INFO - [2021-07-16 10:14:16,085] {dagbag.py:496} INFO - Filling up the DagBag from /home/karuturihemanth/airflow_env/lib/python3.9/site-packages/airflow/example_dags/example_branch_labels.py
[2021-07-16 10:14:16,094] {scheduler_job.py:643} INFO - DAG(s) dict_keys(['example_branch_labels']) retrieved from /home/karuturihemanth/airflow_env/lib/python3.9/site-packages/airflow/example_dags/example_branch_labels.py
[2021-07-16 10:14:16,755] {logging_mixin.py:104} INFO - [2021-07-16 10:14:16,755] {dag.py:1833} INFO - Sync 1 DAGs
[2021-07-16 10:14:16,862] {logging_mixin.py:104} INFO - [2021-07-16 10:14:16,861] {dag.py:2306} INFO - Setting next_dagrun for example_branch_labels to 2021-07-14 00:00:00+00:00
[2021-07-16 10:14:17,081] {scheduler_job.py:190} INFO - Processing /home/karuturihemanth/airflow_env/lib/python3.9/site-packages/airflow/example_dags/example_branch_labels.py took 1.001 seconds
[2021-07-16 10:14:48,199] {scheduler_job.py:182} INFO - Started process (PID=5805) to work on /home/karuturihemanth/airflow_env/lib/python3.9/site-packages/airflow/example_dags/example_branch_labels.py
[2021-07-16 10:14:48,201] {scheduler_job.py:633} INFO - Processing file /home/karuturihemanth/airflow_env/lib/python3.9/site-packages/airflow/example_dags/example_branch_labels.py for tasks to queue
[2021-07-16 10:14:48,201] {logging_mixin.py:104} INFO - [2021-07-16 10:14:48,201] {dagbag.py:496} INFO - Filling up the DagBag from /home/karuturihemanth/airflow_env/lib/python3.9/site-packages/airflow/example_dags/example_branch_labels.py
[2021-07-16 10:14:48,209] {scheduler_job.py:643} INFO - DAG(s) dict_keys(['example_branch_labels']) retrieved from /home/karuturihemanth/airflow_env/lib/python3.9/site-packages/airflow/example_dags/example_branch_labels.py
[2021-07-16 10:14:48,881] {logging_mixin.py:104} INFO - [2021-07-16 10:14:48,881] {dag.py:1833} INFO - Sync 1 DAGs
[2021-07-16 10:14:49,140] {logging_mixin.py:104} INFO - [2021-07-16 10:14:49,140] {process_utils.py:207} INFO - Waiting up to 5 seconds for processes to exit...
[2021-07-16 11:12:28,485] {scheduler_job.py:182} INFO - Started process (PID=6846) to work on /home/karuturihemanth/airflow_env/lib/python3.9/site-packages/airflow/example_dags/example_branch_labels.py
[2021-07-16 11:12:28,486] {scheduler_job.py:633} INFO - Processing file /home/karuturihemanth/airflow_env/lib/python3.9/site-packages/airflow/example_dags/example_branch_labels.py for tasks to queue
[2021-07-16 11:12:28,486] {logging_mixin.py:104} INFO - [2021-07-16 11:12:28,486] {dagbag.py:496} INFO - Filling up the DagBag from /home/karuturihemanth/airflow_env/lib/python3.9/site-packages/airflow/example_dags/example_branch_labels.py
[2021-07-16 11:12:28,497] {scheduler_job.py:643} INFO - DAG(s) dict_keys(['example_branch_labels']) retrieved from /home/karuturihemanth/airflow_env/lib/python3.9/site-packages/airflow/example_dags/example_branch_labels.py
[2021-07-16 11:12:29,160] {logging_mixin.py:104} INFO - [2021-07-16 11:12:29,160] {dag.py:1833} INFO - Sync 1 DAGs
[2021-07-16 11:12:29,266] {logging_mixin.py:104} INFO - [2021-07-16 11:12:29,266] {dag.py:2306} INFO - Setting next_dagrun for example_branch_labels to 2021-07-14 00:00:00+00:00
[2021-07-16 11:12:29,489] {scheduler_job.py:190} INFO - Processing /home/karuturihemanth/airflow_env/lib/python3.9/site-packages/airflow/example_dags/example_branch_labels.py took 1.008 seconds
[2021-07-16 11:13:00,035] {scheduler_job.py:182} INFO - Started process (PID=6890) to work on /home/karuturihemanth/airflow_env/lib/python3.9/site-packages/airflow/example_dags/example_branch_labels.py
[2021-07-16 11:13:00,036] {scheduler_job.py:633} INFO - Processing file /home/karuturihemanth/airflow_env/lib/python3.9/site-packages/airflow/example_dags/example_branch_labels.py for tasks to queue
[2021-07-16 11:13:00,037] {logging_mixin.py:104} INFO - [2021-07-16 11:13:00,037] {dagbag.py:496} INFO - Filling up the DagBag from /home/karuturihemanth/airflow_env/lib/python3.9/site-packages/airflow/example_dags/example_branch_labels.py
[2021-07-16 11:13:00,057] {scheduler_job.py:643} INFO - DAG(s) dict_keys(['example_branch_labels']) retrieved from /home/karuturihemanth/airflow_env/lib/python3.9/site-packages/airflow/example_dags/example_branch_labels.py
[2021-07-16 11:13:00,738] {logging_mixin.py:104} INFO - [2021-07-16 11:13:00,738] {dag.py:1833} INFO - Sync 1 DAGs
[2021-07-16 11:13:00,854] {logging_mixin.py:104} INFO - [2021-07-16 11:13:00,854] {dag.py:2306} INFO - Setting next_dagrun for example_branch_labels to 2021-07-14 00:00:00+00:00
[2021-07-16 11:13:01,078] {scheduler_job.py:190} INFO - Processing /home/karuturihemanth/airflow_env/lib/python3.9/site-packages/airflow/example_dags/example_branch_labels.py took 1.052 seconds
[2021-07-16 11:13:31,677] {scheduler_job.py:182} INFO - Started process (PID=6925) to work on /home/karuturihemanth/airflow_env/lib/python3.9/site-packages/airflow/example_dags/example_branch_labels.py
[2021-07-16 11:13:31,678] {scheduler_job.py:633} INFO - Processing file /home/karuturihemanth/airflow_env/lib/python3.9/site-packages/airflow/example_dags/example_branch_labels.py for tasks to queue
[2021-07-16 11:13:31,678] {logging_mixin.py:104} INFO - [2021-07-16 11:13:31,678] {dagbag.py:496} INFO - Filling up the DagBag from /home/karuturihemanth/airflow_env/lib/python3.9/site-packages/airflow/example_dags/example_branch_labels.py
[2021-07-16 11:13:31,688] {scheduler_job.py:643} INFO - DAG(s) dict_keys(['example_branch_labels']) retrieved from /home/karuturihemanth/airflow_env/lib/python3.9/site-packages/airflow/example_dags/example_branch_labels.py
[2021-07-16 11:13:32,346] {logging_mixin.py:104} INFO - [2021-07-16 11:13:32,346] {dag.py:1833} INFO - Sync 1 DAGs
[2021-07-16 11:13:32,454] {logging_mixin.py:104} INFO - [2021-07-16 11:13:32,454] {dag.py:2306} INFO - Setting next_dagrun for example_branch_labels to 2021-07-14 00:00:00+00:00
[2021-07-16 11:13:32,674] {scheduler_job.py:190} INFO - Processing /home/karuturihemanth/airflow_env/lib/python3.9/site-packages/airflow/example_dags/example_branch_labels.py took 1.000 seconds
[2021-07-16 11:14:03,580] {scheduler_job.py:182} INFO - Started process (PID=6959) to work on /home/karuturihemanth/airflow_env/lib/python3.9/site-packages/airflow/example_dags/example_branch_labels.py
[2021-07-16 11:14:03,581] {scheduler_job.py:633} INFO - Processing file /home/karuturihemanth/airflow_env/lib/python3.9/site-packages/airflow/example_dags/example_branch_labels.py for tasks to queue
[2021-07-16 11:14:03,582] {logging_mixin.py:104} INFO - [2021-07-16 11:14:03,582] {dagbag.py:496} INFO - Filling up the DagBag from /home/karuturihemanth/airflow_env/lib/python3.9/site-packages/airflow/example_dags/example_branch_labels.py
[2021-07-16 11:14:03,593] {scheduler_job.py:643} INFO - DAG(s) dict_keys(['example_branch_labels']) retrieved from /home/karuturihemanth/airflow_env/lib/python3.9/site-packages/airflow/example_dags/example_branch_labels.py
[2021-07-16 11:14:04,240] {logging_mixin.py:104} INFO - [2021-07-16 11:14:04,240] {dag.py:1833} INFO - Sync 1 DAGs
[2021-07-16 11:14:04,344] {logging_mixin.py:104} INFO - [2021-07-16 11:14:04,344] {dag.py:2306} INFO - Setting next_dagrun for example_branch_labels to 2021-07-14 00:00:00+00:00
[2021-07-16 11:14:04,559] {scheduler_job.py:190} INFO - Processing /home/karuturihemanth/airflow_env/lib/python3.9/site-packages/airflow/example_dags/example_branch_labels.py took 0.983 seconds
[2021-07-16 11:14:34,903] {scheduler_job.py:182} INFO - Started process (PID=6994) to work on /home/karuturihemanth/airflow_env/lib/python3.9/site-packages/airflow/example_dags/example_branch_labels.py
[2021-07-16 11:14:34,903] {scheduler_job.py:633} INFO - Processing file /home/karuturihemanth/airflow_env/lib/python3.9/site-packages/airflow/example_dags/example_branch_labels.py for tasks to queue
[2021-07-16 11:14:34,904] {logging_mixin.py:104} INFO - [2021-07-16 11:14:34,904] {dagbag.py:496} INFO - Filling up the DagBag from /home/karuturihemanth/airflow_env/lib/python3.9/site-packages/airflow/example_dags/example_branch_labels.py
[2021-07-16 11:14:34,913] {scheduler_job.py:643} INFO - DAG(s) dict_keys(['example_branch_labels']) retrieved from /home/karuturihemanth/airflow_env/lib/python3.9/site-packages/airflow/example_dags/example_branch_labels.py
[2021-07-16 11:14:35,587] {logging_mixin.py:104} INFO - [2021-07-16 11:14:35,587] {dag.py:1833} INFO - Sync 1 DAGs
[2021-07-16 11:14:35,697] {logging_mixin.py:104} INFO - [2021-07-16 11:14:35,697] {dag.py:2306} INFO - Setting next_dagrun for example_branch_labels to 2021-07-14 00:00:00+00:00
[2021-07-16 11:14:35,924] {scheduler_job.py:190} INFO - Processing /home/karuturihemanth/airflow_env/lib/python3.9/site-packages/airflow/example_dags/example_branch_labels.py took 1.024 seconds
[2021-07-16 11:15:07,241] {scheduler_job.py:182} INFO - Started process (PID=7029) to work on /home/karuturihemanth/airflow_env/lib/python3.9/site-packages/airflow/example_dags/example_branch_labels.py
[2021-07-16 11:15:07,242] {scheduler_job.py:633} INFO - Processing file /home/karuturihemanth/airflow_env/lib/python3.9/site-packages/airflow/example_dags/example_branch_labels.py for tasks to queue
[2021-07-16 11:15:07,242] {logging_mixin.py:104} INFO - [2021-07-16 11:15:07,242] {dagbag.py:496} INFO - Filling up the DagBag from /home/karuturihemanth/airflow_env/lib/python3.9/site-packages/airflow/example_dags/example_branch_labels.py
[2021-07-16 11:15:07,252] {scheduler_job.py:643} INFO - DAG(s) dict_keys(['example_branch_labels']) retrieved from /home/karuturihemanth/airflow_env/lib/python3.9/site-packages/airflow/example_dags/example_branch_labels.py
[2021-07-16 11:15:07,911] {logging_mixin.py:104} INFO - [2021-07-16 11:15:07,911] {dag.py:1833} INFO - Sync 1 DAGs
[2021-07-16 11:15:08,016] {logging_mixin.py:104} INFO - [2021-07-16 11:15:08,016] {dag.py:2306} INFO - Setting next_dagrun for example_branch_labels to 2021-07-14 00:00:00+00:00
[2021-07-16 11:15:08,235] {scheduler_job.py:190} INFO - Processing /home/karuturihemanth/airflow_env/lib/python3.9/site-packages/airflow/example_dags/example_branch_labels.py took 0.997 seconds
[2021-07-16 11:15:39,385] {scheduler_job.py:182} INFO - Started process (PID=7064) to work on /home/karuturihemanth/airflow_env/lib/python3.9/site-packages/airflow/example_dags/example_branch_labels.py
[2021-07-16 11:15:39,386] {scheduler_job.py:633} INFO - Processing file /home/karuturihemanth/airflow_env/lib/python3.9/site-packages/airflow/example_dags/example_branch_labels.py for tasks to queue
[2021-07-16 11:15:39,386] {logging_mixin.py:104} INFO - [2021-07-16 11:15:39,386] {dagbag.py:496} INFO - Filling up the DagBag from /home/karuturihemanth/airflow_env/lib/python3.9/site-packages/airflow/example_dags/example_branch_labels.py
[2021-07-16 11:15:39,396] {scheduler_job.py:643} INFO - DAG(s) dict_keys(['example_branch_labels']) retrieved from /home/karuturihemanth/airflow_env/lib/python3.9/site-packages/airflow/example_dags/example_branch_labels.py
[2021-07-16 11:15:40,058] {logging_mixin.py:104} INFO - [2021-07-16 11:15:40,058] {dag.py:1833} INFO - Sync 1 DAGs
[2021-07-16 11:15:40,163] {logging_mixin.py:104} INFO - [2021-07-16 11:15:40,163] {dag.py:2306} INFO - Setting next_dagrun for example_branch_labels to 2021-07-14 00:00:00+00:00
[2021-07-16 11:15:40,384] {scheduler_job.py:190} INFO - Processing /home/karuturihemanth/airflow_env/lib/python3.9/site-packages/airflow/example_dags/example_branch_labels.py took 1.002 seconds
[2021-07-16 11:16:11,021] {scheduler_job.py:182} INFO - Started process (PID=7098) to work on /home/karuturihemanth/airflow_env/lib/python3.9/site-packages/airflow/example_dags/example_branch_labels.py
[2021-07-16 11:16:11,022] {scheduler_job.py:633} INFO - Processing file /home/karuturihemanth/airflow_env/lib/python3.9/site-packages/airflow/example_dags/example_branch_labels.py for tasks to queue
[2021-07-16 11:16:11,022] {logging_mixin.py:104} INFO - [2021-07-16 11:16:11,022] {dagbag.py:496} INFO - Filling up the DagBag from /home/karuturihemanth/airflow_env/lib/python3.9/site-packages/airflow/example_dags/example_branch_labels.py
[2021-07-16 11:16:11,032] {scheduler_job.py:643} INFO - DAG(s) dict_keys(['example_branch_labels']) retrieved from /home/karuturihemanth/airflow_env/lib/python3.9/site-packages/airflow/example_dags/example_branch_labels.py
[2021-07-16 11:16:11,699] {logging_mixin.py:104} INFO - [2021-07-16 11:16:11,699] {dag.py:1833} INFO - Sync 1 DAGs
[2021-07-16 11:16:11,807] {logging_mixin.py:104} INFO - [2021-07-16 11:16:11,807] {dag.py:2306} INFO - Setting next_dagrun for example_branch_labels to 2021-07-14 00:00:00+00:00
[2021-07-16 11:16:12,028] {scheduler_job.py:190} INFO - Processing /home/karuturihemanth/airflow_env/lib/python3.9/site-packages/airflow/example_dags/example_branch_labels.py took 1.010 seconds
[2021-07-16 11:16:42,428] {scheduler_job.py:182} INFO - Started process (PID=7133) to work on /home/karuturihemanth/airflow_env/lib/python3.9/site-packages/airflow/example_dags/example_branch_labels.py
[2021-07-16 11:16:42,429] {scheduler_job.py:633} INFO - Processing file /home/karuturihemanth/airflow_env/lib/python3.9/site-packages/airflow/example_dags/example_branch_labels.py for tasks to queue
[2021-07-16 11:16:42,429] {logging_mixin.py:104} INFO - [2021-07-16 11:16:42,429] {dagbag.py:496} INFO - Filling up the DagBag from /home/karuturihemanth/airflow_env/lib/python3.9/site-packages/airflow/example_dags/example_branch_labels.py
[2021-07-16 11:16:42,439] {scheduler_job.py:643} INFO - DAG(s) dict_keys(['example_branch_labels']) retrieved from /home/karuturihemanth/airflow_env/lib/python3.9/site-packages/airflow/example_dags/example_branch_labels.py
[2021-07-16 11:16:43,097] {logging_mixin.py:104} INFO - [2021-07-16 11:16:43,097] {dag.py:1833} INFO - Sync 1 DAGs
[2021-07-16 11:16:43,206] {logging_mixin.py:104} INFO - [2021-07-16 11:16:43,206] {dag.py:2306} INFO - Setting next_dagrun for example_branch_labels to 2021-07-14 00:00:00+00:00
[2021-07-16 11:16:43,424] {scheduler_job.py:190} INFO - Processing /home/karuturihemanth/airflow_env/lib/python3.9/site-packages/airflow/example_dags/example_branch_labels.py took 1.000 seconds
[2021-07-16 11:17:15,581] {scheduler_job.py:182} INFO - Started process (PID=7169) to work on /home/karuturihemanth/airflow_env/lib/python3.9/site-packages/airflow/example_dags/example_branch_labels.py
[2021-07-16 11:17:15,582] {scheduler_job.py:633} INFO - Processing file /home/karuturihemanth/airflow_env/lib/python3.9/site-packages/airflow/example_dags/example_branch_labels.py for tasks to queue
[2021-07-16 11:17:15,582] {logging_mixin.py:104} INFO - [2021-07-16 11:17:15,582] {dagbag.py:496} INFO - Filling up the DagBag from /home/karuturihemanth/airflow_env/lib/python3.9/site-packages/airflow/example_dags/example_branch_labels.py
[2021-07-16 11:17:15,592] {scheduler_job.py:643} INFO - DAG(s) dict_keys(['example_branch_labels']) retrieved from /home/karuturihemanth/airflow_env/lib/python3.9/site-packages/airflow/example_dags/example_branch_labels.py
[2021-07-16 11:17:16,240] {logging_mixin.py:104} INFO - [2021-07-16 11:17:16,240] {dag.py:1833} INFO - Sync 1 DAGs
[2021-07-16 11:17:16,345] {logging_mixin.py:104} INFO - [2021-07-16 11:17:16,345] {dag.py:2306} INFO - Setting next_dagrun for example_branch_labels to 2021-07-14 00:00:00+00:00
[2021-07-16 11:17:16,560] {scheduler_job.py:190} INFO - Processing /home/karuturihemanth/airflow_env/lib/python3.9/site-packages/airflow/example_dags/example_branch_labels.py took 0.983 seconds
[2021-07-16 11:17:46,924] {scheduler_job.py:182} INFO - Started process (PID=7401) to work on /home/karuturihemanth/airflow_env/lib/python3.9/site-packages/airflow/example_dags/example_branch_labels.py
[2021-07-16 11:17:46,925] {scheduler_job.py:633} INFO - Processing file /home/karuturihemanth/airflow_env/lib/python3.9/site-packages/airflow/example_dags/example_branch_labels.py for tasks to queue
[2021-07-16 11:17:46,926] {logging_mixin.py:104} INFO - [2021-07-16 11:17:46,926] {dagbag.py:496} INFO - Filling up the DagBag from /home/karuturihemanth/airflow_env/lib/python3.9/site-packages/airflow/example_dags/example_branch_labels.py
[2021-07-16 11:17:46,935] {scheduler_job.py:643} INFO - DAG(s) dict_keys(['example_branch_labels']) retrieved from /home/karuturihemanth/airflow_env/lib/python3.9/site-packages/airflow/example_dags/example_branch_labels.py
[2021-07-16 11:17:47,595] {logging_mixin.py:104} INFO - [2021-07-16 11:17:47,595] {dag.py:1833} INFO - Sync 1 DAGs
[2021-07-16 11:17:47,701] {logging_mixin.py:104} INFO - [2021-07-16 11:17:47,701] {dag.py:2306} INFO - Setting next_dagrun for example_branch_labels to 2021-07-14 00:00:00+00:00
[2021-07-16 11:17:47,921] {scheduler_job.py:190} INFO - Processing /home/karuturihemanth/airflow_env/lib/python3.9/site-packages/airflow/example_dags/example_branch_labels.py took 1.000 seconds
[2021-07-16 11:18:18,747] {scheduler_job.py:182} INFO - Started process (PID=7435) to work on /home/karuturihemanth/airflow_env/lib/python3.9/site-packages/airflow/example_dags/example_branch_labels.py
[2021-07-16 11:18:18,748] {scheduler_job.py:633} INFO - Processing file /home/karuturihemanth/airflow_env/lib/python3.9/site-packages/airflow/example_dags/example_branch_labels.py for tasks to queue
[2021-07-16 11:18:18,749] {logging_mixin.py:104} INFO - [2021-07-16 11:18:18,749] {dagbag.py:496} INFO - Filling up the DagBag from /home/karuturihemanth/airflow_env/lib/python3.9/site-packages/airflow/example_dags/example_branch_labels.py
[2021-07-16 11:18:18,762] {scheduler_job.py:643} INFO - DAG(s) dict_keys(['example_branch_labels']) retrieved from /home/karuturihemanth/airflow_env/lib/python3.9/site-packages/airflow/example_dags/example_branch_labels.py
[2021-07-16 11:18:19,423] {logging_mixin.py:104} INFO - [2021-07-16 11:18:19,423] {dag.py:1833} INFO - Sync 1 DAGs
[2021-07-16 11:18:19,532] {logging_mixin.py:104} INFO - [2021-07-16 11:18:19,532] {dag.py:2306} INFO - Setting next_dagrun for example_branch_labels to 2021-07-14 00:00:00+00:00
[2021-07-16 11:18:19,752] {scheduler_job.py:190} INFO - Processing /home/karuturihemanth/airflow_env/lib/python3.9/site-packages/airflow/example_dags/example_branch_labels.py took 1.009 seconds
[2021-07-16 11:18:50,775] {scheduler_job.py:182} INFO - Started process (PID=7470) to work on /home/karuturihemanth/airflow_env/lib/python3.9/site-packages/airflow/example_dags/example_branch_labels.py
[2021-07-16 11:18:50,776] {scheduler_job.py:633} INFO - Processing file /home/karuturihemanth/airflow_env/lib/python3.9/site-packages/airflow/example_dags/example_branch_labels.py for tasks to queue
[2021-07-16 11:18:50,777] {logging_mixin.py:104} INFO - [2021-07-16 11:18:50,776] {dagbag.py:496} INFO - Filling up the DagBag from /home/karuturihemanth/airflow_env/lib/python3.9/site-packages/airflow/example_dags/example_branch_labels.py
[2021-07-16 11:18:50,786] {scheduler_job.py:643} INFO - DAG(s) dict_keys(['example_branch_labels']) retrieved from /home/karuturihemanth/airflow_env/lib/python3.9/site-packages/airflow/example_dags/example_branch_labels.py
[2021-07-16 11:18:51,457] {logging_mixin.py:104} INFO - [2021-07-16 11:18:51,457] {dag.py:1833} INFO - Sync 1 DAGs
[2021-07-16 11:18:51,565] {logging_mixin.py:104} INFO - [2021-07-16 11:18:51,565] {dag.py:2306} INFO - Setting next_dagrun for example_branch_labels to 2021-07-14 00:00:00+00:00
[2021-07-16 11:18:51,788] {scheduler_job.py:190} INFO - Processing /home/karuturihemanth/airflow_env/lib/python3.9/site-packages/airflow/example_dags/example_branch_labels.py took 1.017 seconds
