[2021-07-16 03:23:39,443] {scheduler_job.py:182} INFO - Started process (PID=1096) to work on /home/karuturihemanth/airflow_env/lib/python3.9/site-packages/airflow/example_dags/example_branch_operator.py
[2021-07-16 03:23:39,444] {scheduler_job.py:633} INFO - Processing file /home/karuturihemanth/airflow_env/lib/python3.9/site-packages/airflow/example_dags/example_branch_operator.py for tasks to queue
[2021-07-16 03:23:39,445] {logging_mixin.py:104} INFO - [2021-07-16 03:23:39,445] {dagbag.py:496} INFO - Filling up the DagBag from /home/karuturihemanth/airflow_env/lib/python3.9/site-packages/airflow/example_dags/example_branch_operator.py
[2021-07-16 03:23:39,457] {scheduler_job.py:643} INFO - DAG(s) dict_keys(['example_branch_operator']) retrieved from /home/karuturihemanth/airflow_env/lib/python3.9/site-packages/airflow/example_dags/example_branch_operator.py
[2021-07-16 03:23:39,695] {logging_mixin.py:104} INFO - [2021-07-16 03:23:39,695] {dag.py:1833} INFO - Sync 1 DAGs
[2021-07-16 03:23:39,704] {logging_mixin.py:104} INFO - [2021-07-16 03:23:39,704] {dag.py:2306} INFO - Setting next_dagrun for example_branch_operator to 2021-07-14 00:00:00+00:00
[2021-07-16 03:23:39,716] {scheduler_job.py:190} INFO - Processing /home/karuturihemanth/airflow_env/lib/python3.9/site-packages/airflow/example_dags/example_branch_operator.py took 0.276 seconds
[2021-07-16 03:24:16,600] {scheduler_job.py:182} INFO - Started process (PID=1131) to work on /home/karuturihemanth/airflow_env/lib/python3.9/site-packages/airflow/example_dags/example_branch_operator.py
[2021-07-16 03:24:16,601] {scheduler_job.py:633} INFO - Processing file /home/karuturihemanth/airflow_env/lib/python3.9/site-packages/airflow/example_dags/example_branch_operator.py for tasks to queue
[2021-07-16 03:24:16,601] {logging_mixin.py:104} INFO - [2021-07-16 03:24:16,601] {dagbag.py:496} INFO - Filling up the DagBag from /home/karuturihemanth/airflow_env/lib/python3.9/site-packages/airflow/example_dags/example_branch_operator.py
[2021-07-16 03:24:16,613] {scheduler_job.py:643} INFO - DAG(s) dict_keys(['example_branch_operator']) retrieved from /home/karuturihemanth/airflow_env/lib/python3.9/site-packages/airflow/example_dags/example_branch_operator.py
[2021-07-16 03:24:16,627] {logging_mixin.py:104} INFO - [2021-07-16 03:24:16,626] {dag.py:1833} INFO - Sync 1 DAGs
[2021-07-16 03:24:16,638] {logging_mixin.py:104} INFO - [2021-07-16 03:24:16,638] {dag.py:2306} INFO - Setting next_dagrun for example_branch_operator to 2021-07-14 00:00:00+00:00
[2021-07-16 03:24:16,649] {scheduler_job.py:190} INFO - Processing /home/karuturihemanth/airflow_env/lib/python3.9/site-packages/airflow/example_dags/example_branch_operator.py took 0.052 seconds
[2021-07-16 03:24:54,102] {scheduler_job.py:182} INFO - Started process (PID=1176) to work on /home/karuturihemanth/airflow_env/lib/python3.9/site-packages/airflow/example_dags/example_branch_operator.py
[2021-07-16 03:24:54,104] {scheduler_job.py:633} INFO - Processing file /home/karuturihemanth/airflow_env/lib/python3.9/site-packages/airflow/example_dags/example_branch_operator.py for tasks to queue
[2021-07-16 03:24:54,104] {logging_mixin.py:104} INFO - [2021-07-16 03:24:54,104] {dagbag.py:496} INFO - Filling up the DagBag from /home/karuturihemanth/airflow_env/lib/python3.9/site-packages/airflow/example_dags/example_branch_operator.py
[2021-07-16 03:24:54,117] {scheduler_job.py:643} INFO - DAG(s) dict_keys(['example_branch_operator']) retrieved from /home/karuturihemanth/airflow_env/lib/python3.9/site-packages/airflow/example_dags/example_branch_operator.py
[2021-07-16 03:24:54,132] {logging_mixin.py:104} INFO - [2021-07-16 03:24:54,132] {dag.py:1833} INFO - Sync 1 DAGs
[2021-07-16 03:24:54,144] {logging_mixin.py:104} INFO - [2021-07-16 03:24:54,144] {dag.py:2306} INFO - Setting next_dagrun for example_branch_operator to 2021-07-14 00:00:00+00:00
[2021-07-16 03:24:54,155] {scheduler_job.py:190} INFO - Processing /home/karuturihemanth/airflow_env/lib/python3.9/site-packages/airflow/example_dags/example_branch_operator.py took 0.057 seconds
[2021-07-16 03:25:28,079] {scheduler_job.py:182} INFO - Started process (PID=1211) to work on /home/karuturihemanth/airflow_env/lib/python3.9/site-packages/airflow/example_dags/example_branch_operator.py
[2021-07-16 03:25:28,080] {scheduler_job.py:633} INFO - Processing file /home/karuturihemanth/airflow_env/lib/python3.9/site-packages/airflow/example_dags/example_branch_operator.py for tasks to queue
[2021-07-16 03:25:28,080] {logging_mixin.py:104} INFO - [2021-07-16 03:25:28,080] {dagbag.py:496} INFO - Filling up the DagBag from /home/karuturihemanth/airflow_env/lib/python3.9/site-packages/airflow/example_dags/example_branch_operator.py
[2021-07-16 03:25:28,092] {scheduler_job.py:643} INFO - DAG(s) dict_keys(['example_branch_operator']) retrieved from /home/karuturihemanth/airflow_env/lib/python3.9/site-packages/airflow/example_dags/example_branch_operator.py
[2021-07-16 03:25:28,106] {logging_mixin.py:104} INFO - [2021-07-16 03:25:28,106] {dag.py:1833} INFO - Sync 1 DAGs
[2021-07-16 03:25:28,117] {logging_mixin.py:104} INFO - [2021-07-16 03:25:28,117] {dag.py:2306} INFO - Setting next_dagrun for example_branch_operator to 2021-07-14 00:00:00+00:00
[2021-07-16 03:25:28,130] {scheduler_job.py:190} INFO - Processing /home/karuturihemanth/airflow_env/lib/python3.9/site-packages/airflow/example_dags/example_branch_operator.py took 0.054 seconds
[2021-07-16 03:26:03,357] {scheduler_job.py:182} INFO - Started process (PID=1245) to work on /home/karuturihemanth/airflow_env/lib/python3.9/site-packages/airflow/example_dags/example_branch_operator.py
[2021-07-16 03:26:03,358] {scheduler_job.py:633} INFO - Processing file /home/karuturihemanth/airflow_env/lib/python3.9/site-packages/airflow/example_dags/example_branch_operator.py for tasks to queue
[2021-07-16 03:26:03,359] {logging_mixin.py:104} INFO - [2021-07-16 03:26:03,359] {dagbag.py:496} INFO - Filling up the DagBag from /home/karuturihemanth/airflow_env/lib/python3.9/site-packages/airflow/example_dags/example_branch_operator.py
[2021-07-16 03:26:03,371] {scheduler_job.py:643} INFO - DAG(s) dict_keys(['example_branch_operator']) retrieved from /home/karuturihemanth/airflow_env/lib/python3.9/site-packages/airflow/example_dags/example_branch_operator.py
[2021-07-16 03:26:03,385] {logging_mixin.py:104} INFO - [2021-07-16 03:26:03,385] {dag.py:1833} INFO - Sync 1 DAGs
[2021-07-16 03:26:03,396] {logging_mixin.py:104} INFO - [2021-07-16 03:26:03,396] {dag.py:2306} INFO - Setting next_dagrun for example_branch_operator to 2021-07-14 00:00:00+00:00
[2021-07-16 03:26:03,409] {scheduler_job.py:190} INFO - Processing /home/karuturihemanth/airflow_env/lib/python3.9/site-packages/airflow/example_dags/example_branch_operator.py took 0.055 seconds
[2021-07-16 03:26:58,701] {scheduler_job.py:182} INFO - Started process (PID=1295) to work on /home/karuturihemanth/airflow_env/lib/python3.9/site-packages/airflow/example_dags/example_branch_operator.py
[2021-07-16 03:26:58,702] {scheduler_job.py:633} INFO - Processing file /home/karuturihemanth/airflow_env/lib/python3.9/site-packages/airflow/example_dags/example_branch_operator.py for tasks to queue
[2021-07-16 03:26:58,703] {logging_mixin.py:104} INFO - [2021-07-16 03:26:58,703] {dagbag.py:496} INFO - Filling up the DagBag from /home/karuturihemanth/airflow_env/lib/python3.9/site-packages/airflow/example_dags/example_branch_operator.py
[2021-07-16 03:26:58,715] {scheduler_job.py:643} INFO - DAG(s) dict_keys(['example_branch_operator']) retrieved from /home/karuturihemanth/airflow_env/lib/python3.9/site-packages/airflow/example_dags/example_branch_operator.py
[2021-07-16 03:26:58,730] {logging_mixin.py:104} INFO - [2021-07-16 03:26:58,730] {dag.py:1833} INFO - Sync 1 DAGs
[2021-07-16 03:26:58,742] {logging_mixin.py:104} INFO - [2021-07-16 03:26:58,742] {dag.py:2306} INFO - Setting next_dagrun for example_branch_operator to 2021-07-14 00:00:00+00:00
[2021-07-16 03:26:58,756] {scheduler_job.py:190} INFO - Processing /home/karuturihemanth/airflow_env/lib/python3.9/site-packages/airflow/example_dags/example_branch_operator.py took 0.058 seconds
[2021-07-16 03:27:32,639] {scheduler_job.py:182} INFO - Started process (PID=1329) to work on /home/karuturihemanth/airflow_env/lib/python3.9/site-packages/airflow/example_dags/example_branch_operator.py
[2021-07-16 03:27:32,640] {scheduler_job.py:633} INFO - Processing file /home/karuturihemanth/airflow_env/lib/python3.9/site-packages/airflow/example_dags/example_branch_operator.py for tasks to queue
[2021-07-16 03:27:32,640] {logging_mixin.py:104} INFO - [2021-07-16 03:27:32,640] {dagbag.py:496} INFO - Filling up the DagBag from /home/karuturihemanth/airflow_env/lib/python3.9/site-packages/airflow/example_dags/example_branch_operator.py
[2021-07-16 03:27:32,652] {scheduler_job.py:643} INFO - DAG(s) dict_keys(['example_branch_operator']) retrieved from /home/karuturihemanth/airflow_env/lib/python3.9/site-packages/airflow/example_dags/example_branch_operator.py
[2021-07-16 03:27:32,665] {logging_mixin.py:104} INFO - [2021-07-16 03:27:32,665] {dag.py:1833} INFO - Sync 1 DAGs
[2021-07-16 03:27:32,676] {logging_mixin.py:104} INFO - [2021-07-16 03:27:32,676] {dag.py:2306} INFO - Setting next_dagrun for example_branch_operator to 2021-07-14 00:00:00+00:00
[2021-07-16 03:27:32,689] {scheduler_job.py:190} INFO - Processing /home/karuturihemanth/airflow_env/lib/python3.9/site-packages/airflow/example_dags/example_branch_operator.py took 0.053 seconds
[2021-07-16 03:28:07,406] {scheduler_job.py:182} INFO - Started process (PID=1363) to work on /home/karuturihemanth/airflow_env/lib/python3.9/site-packages/airflow/example_dags/example_branch_operator.py
[2021-07-16 03:28:07,407] {scheduler_job.py:633} INFO - Processing file /home/karuturihemanth/airflow_env/lib/python3.9/site-packages/airflow/example_dags/example_branch_operator.py for tasks to queue
[2021-07-16 03:28:07,407] {logging_mixin.py:104} INFO - [2021-07-16 03:28:07,407] {dagbag.py:496} INFO - Filling up the DagBag from /home/karuturihemanth/airflow_env/lib/python3.9/site-packages/airflow/example_dags/example_branch_operator.py
[2021-07-16 03:28:07,419] {scheduler_job.py:643} INFO - DAG(s) dict_keys(['example_branch_operator']) retrieved from /home/karuturihemanth/airflow_env/lib/python3.9/site-packages/airflow/example_dags/example_branch_operator.py
[2021-07-16 03:28:07,432] {logging_mixin.py:104} INFO - [2021-07-16 03:28:07,432] {dag.py:1833} INFO - Sync 1 DAGs
[2021-07-16 03:28:07,443] {logging_mixin.py:104} INFO - [2021-07-16 03:28:07,443] {dag.py:2306} INFO - Setting next_dagrun for example_branch_operator to 2021-07-14 00:00:00+00:00
[2021-07-16 03:28:07,455] {scheduler_job.py:190} INFO - Processing /home/karuturihemanth/airflow_env/lib/python3.9/site-packages/airflow/example_dags/example_branch_operator.py took 0.053 seconds
[2021-07-16 03:28:41,866] {scheduler_job.py:182} INFO - Started process (PID=1397) to work on /home/karuturihemanth/airflow_env/lib/python3.9/site-packages/airflow/example_dags/example_branch_operator.py
[2021-07-16 03:28:41,867] {scheduler_job.py:633} INFO - Processing file /home/karuturihemanth/airflow_env/lib/python3.9/site-packages/airflow/example_dags/example_branch_operator.py for tasks to queue
[2021-07-16 03:28:41,868] {logging_mixin.py:104} INFO - [2021-07-16 03:28:41,868] {dagbag.py:496} INFO - Filling up the DagBag from /home/karuturihemanth/airflow_env/lib/python3.9/site-packages/airflow/example_dags/example_branch_operator.py
[2021-07-16 03:28:41,880] {scheduler_job.py:643} INFO - DAG(s) dict_keys(['example_branch_operator']) retrieved from /home/karuturihemanth/airflow_env/lib/python3.9/site-packages/airflow/example_dags/example_branch_operator.py
[2021-07-16 03:28:41,894] {logging_mixin.py:104} INFO - [2021-07-16 03:28:41,894] {dag.py:1833} INFO - Sync 1 DAGs
[2021-07-16 03:28:41,906] {logging_mixin.py:104} INFO - [2021-07-16 03:28:41,906] {dag.py:2306} INFO - Setting next_dagrun for example_branch_operator to 2021-07-14 00:00:00+00:00
[2021-07-16 03:28:41,918] {scheduler_job.py:190} INFO - Processing /home/karuturihemanth/airflow_env/lib/python3.9/site-packages/airflow/example_dags/example_branch_operator.py took 0.055 seconds
[2021-07-16 03:29:18,474] {scheduler_job.py:182} INFO - Started process (PID=1433) to work on /home/karuturihemanth/airflow_env/lib/python3.9/site-packages/airflow/example_dags/example_branch_operator.py
[2021-07-16 03:29:18,475] {scheduler_job.py:633} INFO - Processing file /home/karuturihemanth/airflow_env/lib/python3.9/site-packages/airflow/example_dags/example_branch_operator.py for tasks to queue
[2021-07-16 03:29:18,475] {logging_mixin.py:104} INFO - [2021-07-16 03:29:18,475] {dagbag.py:496} INFO - Filling up the DagBag from /home/karuturihemanth/airflow_env/lib/python3.9/site-packages/airflow/example_dags/example_branch_operator.py
[2021-07-16 03:29:18,487] {scheduler_job.py:643} INFO - DAG(s) dict_keys(['example_branch_operator']) retrieved from /home/karuturihemanth/airflow_env/lib/python3.9/site-packages/airflow/example_dags/example_branch_operator.py
[2021-07-16 03:29:18,501] {logging_mixin.py:104} INFO - [2021-07-16 03:29:18,501] {dag.py:1833} INFO - Sync 1 DAGs
[2021-07-16 03:29:18,512] {logging_mixin.py:104} INFO - [2021-07-16 03:29:18,512] {dag.py:2306} INFO - Setting next_dagrun for example_branch_operator to 2021-07-14 00:00:00+00:00
[2021-07-16 03:29:18,524] {scheduler_job.py:190} INFO - Processing /home/karuturihemanth/airflow_env/lib/python3.9/site-packages/airflow/example_dags/example_branch_operator.py took 0.053 seconds
[2021-07-16 03:29:55,477] {scheduler_job.py:182} INFO - Started process (PID=1470) to work on /home/karuturihemanth/airflow_env/lib/python3.9/site-packages/airflow/example_dags/example_branch_operator.py
[2021-07-16 03:29:55,478] {scheduler_job.py:633} INFO - Processing file /home/karuturihemanth/airflow_env/lib/python3.9/site-packages/airflow/example_dags/example_branch_operator.py for tasks to queue
[2021-07-16 03:29:55,479] {logging_mixin.py:104} INFO - [2021-07-16 03:29:55,479] {dagbag.py:496} INFO - Filling up the DagBag from /home/karuturihemanth/airflow_env/lib/python3.9/site-packages/airflow/example_dags/example_branch_operator.py
[2021-07-16 03:29:55,490] {scheduler_job.py:643} INFO - DAG(s) dict_keys(['example_branch_operator']) retrieved from /home/karuturihemanth/airflow_env/lib/python3.9/site-packages/airflow/example_dags/example_branch_operator.py
[2021-07-16 03:29:55,504] {logging_mixin.py:104} INFO - [2021-07-16 03:29:55,504] {dag.py:1833} INFO - Sync 1 DAGs
[2021-07-16 03:29:55,516] {logging_mixin.py:104} INFO - [2021-07-16 03:29:55,516] {dag.py:2306} INFO - Setting next_dagrun for example_branch_operator to 2021-07-14 00:00:00+00:00
[2021-07-16 03:29:55,529] {scheduler_job.py:190} INFO - Processing /home/karuturihemanth/airflow_env/lib/python3.9/site-packages/airflow/example_dags/example_branch_operator.py took 0.055 seconds
[2021-07-16 03:30:28,974] {scheduler_job.py:182} INFO - Started process (PID=1505) to work on /home/karuturihemanth/airflow_env/lib/python3.9/site-packages/airflow/example_dags/example_branch_operator.py
[2021-07-16 03:30:28,975] {scheduler_job.py:633} INFO - Processing file /home/karuturihemanth/airflow_env/lib/python3.9/site-packages/airflow/example_dags/example_branch_operator.py for tasks to queue
[2021-07-16 03:30:28,975] {logging_mixin.py:104} INFO - [2021-07-16 03:30:28,975] {dagbag.py:496} INFO - Filling up the DagBag from /home/karuturihemanth/airflow_env/lib/python3.9/site-packages/airflow/example_dags/example_branch_operator.py
[2021-07-16 03:30:28,987] {scheduler_job.py:643} INFO - DAG(s) dict_keys(['example_branch_operator']) retrieved from /home/karuturihemanth/airflow_env/lib/python3.9/site-packages/airflow/example_dags/example_branch_operator.py
[2021-07-16 03:30:29,001] {logging_mixin.py:104} INFO - [2021-07-16 03:30:29,001] {dag.py:1833} INFO - Sync 1 DAGs
[2021-07-16 03:30:29,013] {logging_mixin.py:104} INFO - [2021-07-16 03:30:29,013] {dag.py:2306} INFO - Setting next_dagrun for example_branch_operator to 2021-07-14 00:00:00+00:00
[2021-07-16 03:30:29,024] {scheduler_job.py:190} INFO - Processing /home/karuturihemanth/airflow_env/lib/python3.9/site-packages/airflow/example_dags/example_branch_operator.py took 0.054 seconds
[2021-07-16 03:31:06,220] {scheduler_job.py:182} INFO - Started process (PID=1541) to work on /home/karuturihemanth/airflow_env/lib/python3.9/site-packages/airflow/example_dags/example_branch_operator.py
[2021-07-16 03:31:06,221] {scheduler_job.py:633} INFO - Processing file /home/karuturihemanth/airflow_env/lib/python3.9/site-packages/airflow/example_dags/example_branch_operator.py for tasks to queue
[2021-07-16 03:31:06,222] {logging_mixin.py:104} INFO - [2021-07-16 03:31:06,222] {dagbag.py:496} INFO - Filling up the DagBag from /home/karuturihemanth/airflow_env/lib/python3.9/site-packages/airflow/example_dags/example_branch_operator.py
[2021-07-16 03:31:06,234] {scheduler_job.py:643} INFO - DAG(s) dict_keys(['example_branch_operator']) retrieved from /home/karuturihemanth/airflow_env/lib/python3.9/site-packages/airflow/example_dags/example_branch_operator.py
[2021-07-16 03:31:06,247] {logging_mixin.py:104} INFO - [2021-07-16 03:31:06,247] {dag.py:1833} INFO - Sync 1 DAGs
[2021-07-16 03:31:06,259] {logging_mixin.py:104} INFO - [2021-07-16 03:31:06,259] {dag.py:2306} INFO - Setting next_dagrun for example_branch_operator to 2021-07-14 00:00:00+00:00
[2021-07-16 03:31:06,270] {scheduler_job.py:190} INFO - Processing /home/karuturihemanth/airflow_env/lib/python3.9/site-packages/airflow/example_dags/example_branch_operator.py took 0.053 seconds
[2021-07-16 03:31:39,353] {scheduler_job.py:182} INFO - Started process (PID=1575) to work on /home/karuturihemanth/airflow_env/lib/python3.9/site-packages/airflow/example_dags/example_branch_operator.py
[2021-07-16 03:31:39,354] {scheduler_job.py:633} INFO - Processing file /home/karuturihemanth/airflow_env/lib/python3.9/site-packages/airflow/example_dags/example_branch_operator.py for tasks to queue
[2021-07-16 03:31:39,355] {logging_mixin.py:104} INFO - [2021-07-16 03:31:39,355] {dagbag.py:496} INFO - Filling up the DagBag from /home/karuturihemanth/airflow_env/lib/python3.9/site-packages/airflow/example_dags/example_branch_operator.py
[2021-07-16 03:31:39,367] {scheduler_job.py:643} INFO - DAG(s) dict_keys(['example_branch_operator']) retrieved from /home/karuturihemanth/airflow_env/lib/python3.9/site-packages/airflow/example_dags/example_branch_operator.py
[2021-07-16 03:31:39,381] {logging_mixin.py:104} INFO - [2021-07-16 03:31:39,381] {dag.py:1833} INFO - Sync 1 DAGs
[2021-07-16 03:31:39,393] {logging_mixin.py:104} INFO - [2021-07-16 03:31:39,393] {dag.py:2306} INFO - Setting next_dagrun for example_branch_operator to 2021-07-14 00:00:00+00:00
[2021-07-16 03:31:39,405] {scheduler_job.py:190} INFO - Processing /home/karuturihemanth/airflow_env/lib/python3.9/site-packages/airflow/example_dags/example_branch_operator.py took 0.054 seconds
[2021-07-16 03:32:15,777] {scheduler_job.py:182} INFO - Started process (PID=1896) to work on /home/karuturihemanth/airflow_env/lib/python3.9/site-packages/airflow/example_dags/example_branch_operator.py
[2021-07-16 03:32:15,779] {scheduler_job.py:633} INFO - Processing file /home/karuturihemanth/airflow_env/lib/python3.9/site-packages/airflow/example_dags/example_branch_operator.py for tasks to queue
[2021-07-16 03:32:15,780] {logging_mixin.py:104} INFO - [2021-07-16 03:32:15,780] {dagbag.py:496} INFO - Filling up the DagBag from /home/karuturihemanth/airflow_env/lib/python3.9/site-packages/airflow/example_dags/example_branch_operator.py
[2021-07-16 03:32:15,793] {scheduler_job.py:643} INFO - DAG(s) dict_keys(['example_branch_operator']) retrieved from /home/karuturihemanth/airflow_env/lib/python3.9/site-packages/airflow/example_dags/example_branch_operator.py
[2021-07-16 03:32:15,805] {logging_mixin.py:104} INFO - [2021-07-16 03:32:15,805] {dag.py:1833} INFO - Sync 1 DAGs
[2021-07-16 03:32:15,817] {logging_mixin.py:104} INFO - [2021-07-16 03:32:15,817] {dag.py:2306} INFO - Setting next_dagrun for example_branch_operator to 2021-07-14 00:00:00+00:00
[2021-07-16 03:32:15,829] {scheduler_job.py:190} INFO - Processing /home/karuturihemanth/airflow_env/lib/python3.9/site-packages/airflow/example_dags/example_branch_operator.py took 0.054 seconds
[2021-07-16 03:33:35,314] {scheduler_job.py:182} INFO - Started process (PID=4637) to work on /home/karuturihemanth/airflow_env/lib/python3.9/site-packages/airflow/example_dags/example_branch_operator.py
[2021-07-16 03:33:35,316] {scheduler_job.py:633} INFO - Processing file /home/karuturihemanth/airflow_env/lib/python3.9/site-packages/airflow/example_dags/example_branch_operator.py for tasks to queue
[2021-07-16 03:33:35,317] {logging_mixin.py:104} INFO - [2021-07-16 03:33:35,317] {dagbag.py:496} INFO - Filling up the DagBag from /home/karuturihemanth/airflow_env/lib/python3.9/site-packages/airflow/example_dags/example_branch_operator.py
[2021-07-16 03:33:35,330] {scheduler_job.py:643} INFO - DAG(s) dict_keys(['example_branch_operator']) retrieved from /home/karuturihemanth/airflow_env/lib/python3.9/site-packages/airflow/example_dags/example_branch_operator.py
[2021-07-16 03:33:35,346] {logging_mixin.py:104} INFO - [2021-07-16 03:33:35,346] {dag.py:1833} INFO - Sync 1 DAGs
[2021-07-16 03:33:35,357] {logging_mixin.py:104} INFO - [2021-07-16 03:33:35,357] {dag.py:2306} INFO - Setting next_dagrun for example_branch_operator to 2021-07-14 00:00:00+00:00
[2021-07-16 03:33:35,370] {scheduler_job.py:190} INFO - Processing /home/karuturihemanth/airflow_env/lib/python3.9/site-packages/airflow/example_dags/example_branch_operator.py took 0.059 seconds
[2021-07-16 03:34:13,692] {scheduler_job.py:182} INFO - Started process (PID=4678) to work on /home/karuturihemanth/airflow_env/lib/python3.9/site-packages/airflow/example_dags/example_branch_operator.py
[2021-07-16 03:34:13,693] {scheduler_job.py:633} INFO - Processing file /home/karuturihemanth/airflow_env/lib/python3.9/site-packages/airflow/example_dags/example_branch_operator.py for tasks to queue
[2021-07-16 03:34:13,694] {logging_mixin.py:104} INFO - [2021-07-16 03:34:13,694] {dagbag.py:496} INFO - Filling up the DagBag from /home/karuturihemanth/airflow_env/lib/python3.9/site-packages/airflow/example_dags/example_branch_operator.py
[2021-07-16 03:34:13,708] {scheduler_job.py:643} INFO - DAG(s) dict_keys(['example_branch_operator']) retrieved from /home/karuturihemanth/airflow_env/lib/python3.9/site-packages/airflow/example_dags/example_branch_operator.py
[2021-07-16 03:34:13,722] {logging_mixin.py:104} INFO - [2021-07-16 03:34:13,722] {dag.py:1833} INFO - Sync 1 DAGs
[2021-07-16 03:34:13,733] {logging_mixin.py:104} INFO - [2021-07-16 03:34:13,733] {dag.py:2306} INFO - Setting next_dagrun for example_branch_operator to 2021-07-14 00:00:00+00:00
[2021-07-16 03:34:13,745] {scheduler_job.py:190} INFO - Processing /home/karuturihemanth/airflow_env/lib/python3.9/site-packages/airflow/example_dags/example_branch_operator.py took 0.056 seconds
[2021-07-16 03:34:49,998] {scheduler_job.py:182} INFO - Started process (PID=4768) to work on /home/karuturihemanth/airflow_env/lib/python3.9/site-packages/airflow/example_dags/example_branch_operator.py
[2021-07-16 03:34:50,000] {scheduler_job.py:633} INFO - Processing file /home/karuturihemanth/airflow_env/lib/python3.9/site-packages/airflow/example_dags/example_branch_operator.py for tasks to queue
[2021-07-16 03:34:50,001] {logging_mixin.py:104} INFO - [2021-07-16 03:34:50,001] {dagbag.py:496} INFO - Filling up the DagBag from /home/karuturihemanth/airflow_env/lib/python3.9/site-packages/airflow/example_dags/example_branch_operator.py
[2021-07-16 03:34:50,014] {scheduler_job.py:643} INFO - DAG(s) dict_keys(['example_branch_operator']) retrieved from /home/karuturihemanth/airflow_env/lib/python3.9/site-packages/airflow/example_dags/example_branch_operator.py
[2021-07-16 03:34:50,029] {logging_mixin.py:104} INFO - [2021-07-16 03:34:50,029] {dag.py:1833} INFO - Sync 1 DAGs
[2021-07-16 03:34:50,041] {logging_mixin.py:104} INFO - [2021-07-16 03:34:50,041] {dag.py:2306} INFO - Setting next_dagrun for example_branch_operator to 2021-07-14 00:00:00+00:00
[2021-07-16 03:34:50,054] {scheduler_job.py:190} INFO - Processing /home/karuturihemanth/airflow_env/lib/python3.9/site-packages/airflow/example_dags/example_branch_operator.py took 0.058 seconds
[2021-07-16 03:35:25,001] {scheduler_job.py:182} INFO - Started process (PID=4820) to work on /home/karuturihemanth/airflow_env/lib/python3.9/site-packages/airflow/example_dags/example_branch_operator.py
[2021-07-16 03:35:25,003] {scheduler_job.py:633} INFO - Processing file /home/karuturihemanth/airflow_env/lib/python3.9/site-packages/airflow/example_dags/example_branch_operator.py for tasks to queue
[2021-07-16 03:35:25,003] {logging_mixin.py:104} INFO - [2021-07-16 03:35:25,003] {dagbag.py:496} INFO - Filling up the DagBag from /home/karuturihemanth/airflow_env/lib/python3.9/site-packages/airflow/example_dags/example_branch_operator.py
[2021-07-16 03:35:25,016] {scheduler_job.py:643} INFO - DAG(s) dict_keys(['example_branch_operator']) retrieved from /home/karuturihemanth/airflow_env/lib/python3.9/site-packages/airflow/example_dags/example_branch_operator.py
[2021-07-16 03:35:25,031] {logging_mixin.py:104} INFO - [2021-07-16 03:35:25,031] {dag.py:1833} INFO - Sync 1 DAGs
[2021-07-16 03:35:25,043] {logging_mixin.py:104} INFO - [2021-07-16 03:35:25,043] {dag.py:2306} INFO - Setting next_dagrun for example_branch_operator to 2021-07-14 00:00:00+00:00
[2021-07-16 03:35:25,056] {scheduler_job.py:190} INFO - Processing /home/karuturihemanth/airflow_env/lib/python3.9/site-packages/airflow/example_dags/example_branch_operator.py took 0.059 seconds
[2021-07-16 03:36:02,341] {scheduler_job.py:182} INFO - Started process (PID=5050) to work on /home/karuturihemanth/airflow_env/lib/python3.9/site-packages/airflow/example_dags/example_branch_operator.py
[2021-07-16 03:36:02,343] {scheduler_job.py:633} INFO - Processing file /home/karuturihemanth/airflow_env/lib/python3.9/site-packages/airflow/example_dags/example_branch_operator.py for tasks to queue
[2021-07-16 03:36:02,344] {logging_mixin.py:104} INFO - [2021-07-16 03:36:02,343] {dagbag.py:496} INFO - Filling up the DagBag from /home/karuturihemanth/airflow_env/lib/python3.9/site-packages/airflow/example_dags/example_branch_operator.py
[2021-07-16 03:36:02,357] {scheduler_job.py:643} INFO - DAG(s) dict_keys(['example_branch_operator']) retrieved from /home/karuturihemanth/airflow_env/lib/python3.9/site-packages/airflow/example_dags/example_branch_operator.py
[2021-07-16 03:36:02,374] {logging_mixin.py:104} INFO - [2021-07-16 03:36:02,374] {dag.py:1833} INFO - Sync 1 DAGs
[2021-07-16 03:36:02,385] {logging_mixin.py:104} INFO - [2021-07-16 03:36:02,385] {dag.py:2306} INFO - Setting next_dagrun for example_branch_operator to 2021-07-14 00:00:00+00:00
[2021-07-16 03:36:02,399] {scheduler_job.py:190} INFO - Processing /home/karuturihemanth/airflow_env/lib/python3.9/site-packages/airflow/example_dags/example_branch_operator.py took 0.061 seconds
[2021-07-16 03:36:41,731] {scheduler_job.py:182} INFO - Started process (PID=5090) to work on /home/karuturihemanth/airflow_env/lib/python3.9/site-packages/airflow/example_dags/example_branch_operator.py
[2021-07-16 03:36:41,732] {scheduler_job.py:633} INFO - Processing file /home/karuturihemanth/airflow_env/lib/python3.9/site-packages/airflow/example_dags/example_branch_operator.py for tasks to queue
[2021-07-16 03:36:41,732] {logging_mixin.py:104} INFO - [2021-07-16 03:36:41,732] {dagbag.py:496} INFO - Filling up the DagBag from /home/karuturihemanth/airflow_env/lib/python3.9/site-packages/airflow/example_dags/example_branch_operator.py
[2021-07-16 03:36:41,745] {scheduler_job.py:643} INFO - DAG(s) dict_keys(['example_branch_operator']) retrieved from /home/karuturihemanth/airflow_env/lib/python3.9/site-packages/airflow/example_dags/example_branch_operator.py
[2021-07-16 03:36:41,759] {logging_mixin.py:104} INFO - [2021-07-16 03:36:41,759] {dag.py:1833} INFO - Sync 1 DAGs
[2021-07-16 03:36:41,771] {logging_mixin.py:104} INFO - [2021-07-16 03:36:41,771] {dag.py:2306} INFO - Setting next_dagrun for example_branch_operator to 2021-07-14 00:00:00+00:00
[2021-07-16 03:36:41,784] {scheduler_job.py:190} INFO - Processing /home/karuturihemanth/airflow_env/lib/python3.9/site-packages/airflow/example_dags/example_branch_operator.py took 0.056 seconds
[2021-07-16 03:37:18,737] {scheduler_job.py:182} INFO - Started process (PID=5127) to work on /home/karuturihemanth/airflow_env/lib/python3.9/site-packages/airflow/example_dags/example_branch_operator.py
[2021-07-16 03:37:18,740] {scheduler_job.py:633} INFO - Processing file /home/karuturihemanth/airflow_env/lib/python3.9/site-packages/airflow/example_dags/example_branch_operator.py for tasks to queue
[2021-07-16 03:37:18,740] {logging_mixin.py:104} INFO - [2021-07-16 03:37:18,740] {dagbag.py:496} INFO - Filling up the DagBag from /home/karuturihemanth/airflow_env/lib/python3.9/site-packages/airflow/example_dags/example_branch_operator.py
[2021-07-16 03:37:18,753] {scheduler_job.py:643} INFO - DAG(s) dict_keys(['example_branch_operator']) retrieved from /home/karuturihemanth/airflow_env/lib/python3.9/site-packages/airflow/example_dags/example_branch_operator.py
[2021-07-16 03:37:18,767] {logging_mixin.py:104} INFO - [2021-07-16 03:37:18,767] {dag.py:1833} INFO - Sync 1 DAGs
[2021-07-16 03:37:18,779] {logging_mixin.py:104} INFO - [2021-07-16 03:37:18,779] {dag.py:2306} INFO - Setting next_dagrun for example_branch_operator to 2021-07-14 00:00:00+00:00
[2021-07-16 03:37:18,791] {scheduler_job.py:190} INFO - Processing /home/karuturihemanth/airflow_env/lib/python3.9/site-packages/airflow/example_dags/example_branch_operator.py took 0.057 seconds
[2021-07-16 03:37:52,669] {scheduler_job.py:182} INFO - Started process (PID=5162) to work on /home/karuturihemanth/airflow_env/lib/python3.9/site-packages/airflow/example_dags/example_branch_operator.py
[2021-07-16 03:37:52,671] {scheduler_job.py:633} INFO - Processing file /home/karuturihemanth/airflow_env/lib/python3.9/site-packages/airflow/example_dags/example_branch_operator.py for tasks to queue
[2021-07-16 03:37:52,671] {logging_mixin.py:104} INFO - [2021-07-16 03:37:52,671] {dagbag.py:496} INFO - Filling up the DagBag from /home/karuturihemanth/airflow_env/lib/python3.9/site-packages/airflow/example_dags/example_branch_operator.py
[2021-07-16 03:37:52,683] {scheduler_job.py:643} INFO - DAG(s) dict_keys(['example_branch_operator']) retrieved from /home/karuturihemanth/airflow_env/lib/python3.9/site-packages/airflow/example_dags/example_branch_operator.py
[2021-07-16 03:37:52,697] {logging_mixin.py:104} INFO - [2021-07-16 03:37:52,697] {dag.py:1833} INFO - Sync 1 DAGs
[2021-07-16 03:37:52,709] {logging_mixin.py:104} INFO - [2021-07-16 03:37:52,709] {dag.py:2306} INFO - Setting next_dagrun for example_branch_operator to 2021-07-14 00:00:00+00:00
[2021-07-16 03:37:52,720] {scheduler_job.py:190} INFO - Processing /home/karuturihemanth/airflow_env/lib/python3.9/site-packages/airflow/example_dags/example_branch_operator.py took 0.054 seconds
[2021-07-16 03:38:26,557] {scheduler_job.py:182} INFO - Started process (PID=5196) to work on /home/karuturihemanth/airflow_env/lib/python3.9/site-packages/airflow/example_dags/example_branch_operator.py
[2021-07-16 03:38:26,558] {scheduler_job.py:633} INFO - Processing file /home/karuturihemanth/airflow_env/lib/python3.9/site-packages/airflow/example_dags/example_branch_operator.py for tasks to queue
[2021-07-16 03:38:26,559] {logging_mixin.py:104} INFO - [2021-07-16 03:38:26,558] {dagbag.py:496} INFO - Filling up the DagBag from /home/karuturihemanth/airflow_env/lib/python3.9/site-packages/airflow/example_dags/example_branch_operator.py
[2021-07-16 03:38:26,570] {scheduler_job.py:643} INFO - DAG(s) dict_keys(['example_branch_operator']) retrieved from /home/karuturihemanth/airflow_env/lib/python3.9/site-packages/airflow/example_dags/example_branch_operator.py
[2021-07-16 03:38:26,584] {logging_mixin.py:104} INFO - [2021-07-16 03:38:26,584] {dag.py:1833} INFO - Sync 1 DAGs
[2021-07-16 03:38:26,597] {logging_mixin.py:104} INFO - [2021-07-16 03:38:26,596] {dag.py:2306} INFO - Setting next_dagrun for example_branch_operator to 2021-07-14 00:00:00+00:00
[2021-07-16 03:38:26,610] {scheduler_job.py:190} INFO - Processing /home/karuturihemanth/airflow_env/lib/python3.9/site-packages/airflow/example_dags/example_branch_operator.py took 0.057 seconds
[2021-07-16 03:38:59,980] {scheduler_job.py:182} INFO - Started process (PID=5230) to work on /home/karuturihemanth/airflow_env/lib/python3.9/site-packages/airflow/example_dags/example_branch_operator.py
[2021-07-16 03:38:59,981] {scheduler_job.py:633} INFO - Processing file /home/karuturihemanth/airflow_env/lib/python3.9/site-packages/airflow/example_dags/example_branch_operator.py for tasks to queue
[2021-07-16 03:38:59,981] {logging_mixin.py:104} INFO - [2021-07-16 03:38:59,981] {dagbag.py:496} INFO - Filling up the DagBag from /home/karuturihemanth/airflow_env/lib/python3.9/site-packages/airflow/example_dags/example_branch_operator.py
[2021-07-16 03:38:59,993] {scheduler_job.py:643} INFO - DAG(s) dict_keys(['example_branch_operator']) retrieved from /home/karuturihemanth/airflow_env/lib/python3.9/site-packages/airflow/example_dags/example_branch_operator.py
[2021-07-16 03:39:00,007] {logging_mixin.py:104} INFO - [2021-07-16 03:39:00,007] {dag.py:1833} INFO - Sync 1 DAGs
[2021-07-16 03:39:00,019] {logging_mixin.py:104} INFO - [2021-07-16 03:39:00,019] {dag.py:2306} INFO - Setting next_dagrun for example_branch_operator to 2021-07-14 00:00:00+00:00
[2021-07-16 03:39:00,032] {scheduler_job.py:190} INFO - Processing /home/karuturihemanth/airflow_env/lib/python3.9/site-packages/airflow/example_dags/example_branch_operator.py took 0.055 seconds
[2021-07-16 03:39:35,831] {scheduler_job.py:182} INFO - Started process (PID=5264) to work on /home/karuturihemanth/airflow_env/lib/python3.9/site-packages/airflow/example_dags/example_branch_operator.py
[2021-07-16 03:39:35,832] {scheduler_job.py:633} INFO - Processing file /home/karuturihemanth/airflow_env/lib/python3.9/site-packages/airflow/example_dags/example_branch_operator.py for tasks to queue
[2021-07-16 03:39:35,833] {logging_mixin.py:104} INFO - [2021-07-16 03:39:35,833] {dagbag.py:496} INFO - Filling up the DagBag from /home/karuturihemanth/airflow_env/lib/python3.9/site-packages/airflow/example_dags/example_branch_operator.py
[2021-07-16 03:39:35,845] {scheduler_job.py:643} INFO - DAG(s) dict_keys(['example_branch_operator']) retrieved from /home/karuturihemanth/airflow_env/lib/python3.9/site-packages/airflow/example_dags/example_branch_operator.py
[2021-07-16 03:39:35,858] {logging_mixin.py:104} INFO - [2021-07-16 03:39:35,858] {dag.py:1833} INFO - Sync 1 DAGs
[2021-07-16 03:39:35,870] {logging_mixin.py:104} INFO - [2021-07-16 03:39:35,870] {dag.py:2306} INFO - Setting next_dagrun for example_branch_operator to 2021-07-14 00:00:00+00:00
[2021-07-16 03:39:35,883] {scheduler_job.py:190} INFO - Processing /home/karuturihemanth/airflow_env/lib/python3.9/site-packages/airflow/example_dags/example_branch_operator.py took 0.055 seconds
[2021-07-16 03:40:12,922] {scheduler_job.py:182} INFO - Started process (PID=5300) to work on /home/karuturihemanth/airflow_env/lib/python3.9/site-packages/airflow/example_dags/example_branch_operator.py
[2021-07-16 03:40:12,923] {scheduler_job.py:633} INFO - Processing file /home/karuturihemanth/airflow_env/lib/python3.9/site-packages/airflow/example_dags/example_branch_operator.py for tasks to queue
[2021-07-16 03:40:12,924] {logging_mixin.py:104} INFO - [2021-07-16 03:40:12,924] {dagbag.py:496} INFO - Filling up the DagBag from /home/karuturihemanth/airflow_env/lib/python3.9/site-packages/airflow/example_dags/example_branch_operator.py
[2021-07-16 03:40:12,935] {scheduler_job.py:643} INFO - DAG(s) dict_keys(['example_branch_operator']) retrieved from /home/karuturihemanth/airflow_env/lib/python3.9/site-packages/airflow/example_dags/example_branch_operator.py
[2021-07-16 03:40:12,950] {logging_mixin.py:104} INFO - [2021-07-16 03:40:12,949] {dag.py:1833} INFO - Sync 1 DAGs
[2021-07-16 03:40:12,961] {logging_mixin.py:104} INFO - [2021-07-16 03:40:12,961] {dag.py:2306} INFO - Setting next_dagrun for example_branch_operator to 2021-07-14 00:00:00+00:00
[2021-07-16 03:40:12,976] {scheduler_job.py:190} INFO - Processing /home/karuturihemanth/airflow_env/lib/python3.9/site-packages/airflow/example_dags/example_branch_operator.py took 0.058 seconds
[2021-07-16 03:40:51,512] {scheduler_job.py:182} INFO - Started process (PID=5338) to work on /home/karuturihemanth/airflow_env/lib/python3.9/site-packages/airflow/example_dags/example_branch_operator.py
[2021-07-16 03:40:51,513] {scheduler_job.py:633} INFO - Processing file /home/karuturihemanth/airflow_env/lib/python3.9/site-packages/airflow/example_dags/example_branch_operator.py for tasks to queue
[2021-07-16 03:40:51,513] {logging_mixin.py:104} INFO - [2021-07-16 03:40:51,513] {dagbag.py:496} INFO - Filling up the DagBag from /home/karuturihemanth/airflow_env/lib/python3.9/site-packages/airflow/example_dags/example_branch_operator.py
[2021-07-16 03:40:51,526] {scheduler_job.py:643} INFO - DAG(s) dict_keys(['example_branch_operator']) retrieved from /home/karuturihemanth/airflow_env/lib/python3.9/site-packages/airflow/example_dags/example_branch_operator.py
[2021-07-16 03:40:51,540] {logging_mixin.py:104} INFO - [2021-07-16 03:40:51,540] {dag.py:1833} INFO - Sync 1 DAGs
[2021-07-16 03:40:51,552] {logging_mixin.py:104} INFO - [2021-07-16 03:40:51,552] {dag.py:2306} INFO - Setting next_dagrun for example_branch_operator to 2021-07-14 00:00:00+00:00
[2021-07-16 03:40:51,564] {scheduler_job.py:190} INFO - Processing /home/karuturihemanth/airflow_env/lib/python3.9/site-packages/airflow/example_dags/example_branch_operator.py took 0.055 seconds
[2021-07-16 03:41:28,687] {scheduler_job.py:182} INFO - Started process (PID=5376) to work on /home/karuturihemanth/airflow_env/lib/python3.9/site-packages/airflow/example_dags/example_branch_operator.py
[2021-07-16 03:41:28,688] {scheduler_job.py:633} INFO - Processing file /home/karuturihemanth/airflow_env/lib/python3.9/site-packages/airflow/example_dags/example_branch_operator.py for tasks to queue
[2021-07-16 03:41:28,689] {logging_mixin.py:104} INFO - [2021-07-16 03:41:28,688] {dagbag.py:496} INFO - Filling up the DagBag from /home/karuturihemanth/airflow_env/lib/python3.9/site-packages/airflow/example_dags/example_branch_operator.py
[2021-07-16 03:41:28,701] {scheduler_job.py:643} INFO - DAG(s) dict_keys(['example_branch_operator']) retrieved from /home/karuturihemanth/airflow_env/lib/python3.9/site-packages/airflow/example_dags/example_branch_operator.py
[2021-07-16 03:41:28,716] {logging_mixin.py:104} INFO - [2021-07-16 03:41:28,715] {dag.py:1833} INFO - Sync 1 DAGs
[2021-07-16 03:41:28,728] {logging_mixin.py:104} INFO - [2021-07-16 03:41:28,728] {dag.py:2306} INFO - Setting next_dagrun for example_branch_operator to 2021-07-14 00:00:00+00:00
[2021-07-16 03:41:28,741] {scheduler_job.py:190} INFO - Processing /home/karuturihemanth/airflow_env/lib/python3.9/site-packages/airflow/example_dags/example_branch_operator.py took 0.057 seconds
[2021-07-16 03:51:38,781] {scheduler_job.py:182} INFO - Started process (PID=5702) to work on /home/karuturihemanth/airflow_env/lib/python3.9/site-packages/airflow/example_dags/example_branch_operator.py
[2021-07-16 03:51:38,782] {scheduler_job.py:633} INFO - Processing file /home/karuturihemanth/airflow_env/lib/python3.9/site-packages/airflow/example_dags/example_branch_operator.py for tasks to queue
[2021-07-16 03:51:38,782] {logging_mixin.py:104} INFO - [2021-07-16 03:51:38,782] {dagbag.py:496} INFO - Filling up the DagBag from /home/karuturihemanth/airflow_env/lib/python3.9/site-packages/airflow/example_dags/example_branch_operator.py
[2021-07-16 03:51:38,797] {scheduler_job.py:643} INFO - DAG(s) dict_keys(['example_branch_operator']) retrieved from /home/karuturihemanth/airflow_env/lib/python3.9/site-packages/airflow/example_dags/example_branch_operator.py
[2021-07-16 03:51:39,467] {logging_mixin.py:104} INFO - [2021-07-16 03:51:39,467] {dag.py:1833} INFO - Sync 1 DAGs
[2021-07-16 03:51:39,579] {logging_mixin.py:104} INFO - [2021-07-16 03:51:39,579] {dag.py:2306} INFO - Setting next_dagrun for example_branch_operator to 2021-07-14 00:00:00+00:00
[2021-07-16 03:51:39,801] {scheduler_job.py:190} INFO - Processing /home/karuturihemanth/airflow_env/lib/python3.9/site-packages/airflow/example_dags/example_branch_operator.py took 1.024 seconds
[2021-07-16 10:00:29,285] {scheduler_job.py:182} INFO - Started process (PID=1227) to work on /home/karuturihemanth/airflow_env/lib/python3.9/site-packages/airflow/example_dags/example_branch_operator.py
[2021-07-16 10:00:29,287] {scheduler_job.py:633} INFO - Processing file /home/karuturihemanth/airflow_env/lib/python3.9/site-packages/airflow/example_dags/example_branch_operator.py for tasks to queue
[2021-07-16 10:00:29,287] {logging_mixin.py:104} INFO - [2021-07-16 10:00:29,287] {dagbag.py:496} INFO - Filling up the DagBag from /home/karuturihemanth/airflow_env/lib/python3.9/site-packages/airflow/example_dags/example_branch_operator.py
[2021-07-16 10:00:29,298] {scheduler_job.py:643} INFO - DAG(s) dict_keys(['example_branch_operator']) retrieved from /home/karuturihemanth/airflow_env/lib/python3.9/site-packages/airflow/example_dags/example_branch_operator.py
[2021-07-16 10:00:29,946] {logging_mixin.py:104} INFO - [2021-07-16 10:00:29,945] {dag.py:1833} INFO - Sync 1 DAGs
[2021-07-16 10:00:30,054] {logging_mixin.py:104} INFO - [2021-07-16 10:00:30,054] {dag.py:2306} INFO - Setting next_dagrun for example_branch_operator to 2021-07-14 00:00:00+00:00
[2021-07-16 10:00:30,268] {scheduler_job.py:190} INFO - Processing /home/karuturihemanth/airflow_env/lib/python3.9/site-packages/airflow/example_dags/example_branch_operator.py took 0.986 seconds
[2021-07-16 10:01:01,571] {scheduler_job.py:182} INFO - Started process (PID=1393) to work on /home/karuturihemanth/airflow_env/lib/python3.9/site-packages/airflow/example_dags/example_branch_operator.py
[2021-07-16 10:01:01,572] {scheduler_job.py:633} INFO - Processing file /home/karuturihemanth/airflow_env/lib/python3.9/site-packages/airflow/example_dags/example_branch_operator.py for tasks to queue
[2021-07-16 10:01:01,572] {logging_mixin.py:104} INFO - [2021-07-16 10:01:01,572] {dagbag.py:496} INFO - Filling up the DagBag from /home/karuturihemanth/airflow_env/lib/python3.9/site-packages/airflow/example_dags/example_branch_operator.py
[2021-07-16 10:01:01,586] {scheduler_job.py:643} INFO - DAG(s) dict_keys(['example_branch_operator']) retrieved from /home/karuturihemanth/airflow_env/lib/python3.9/site-packages/airflow/example_dags/example_branch_operator.py
[2021-07-16 10:01:02,255] {logging_mixin.py:104} INFO - [2021-07-16 10:01:02,255] {dag.py:1833} INFO - Sync 1 DAGs
[2021-07-16 10:01:02,363] {logging_mixin.py:104} INFO - [2021-07-16 10:01:02,363] {dag.py:2306} INFO - Setting next_dagrun for example_branch_operator to 2021-07-14 00:00:00+00:00
[2021-07-16 10:01:02,587] {scheduler_job.py:190} INFO - Processing /home/karuturihemanth/airflow_env/lib/python3.9/site-packages/airflow/example_dags/example_branch_operator.py took 1.019 seconds
[2021-07-16 10:01:33,400] {scheduler_job.py:182} INFO - Started process (PID=1560) to work on /home/karuturihemanth/airflow_env/lib/python3.9/site-packages/airflow/example_dags/example_branch_operator.py
[2021-07-16 10:01:33,401] {scheduler_job.py:633} INFO - Processing file /home/karuturihemanth/airflow_env/lib/python3.9/site-packages/airflow/example_dags/example_branch_operator.py for tasks to queue
[2021-07-16 10:01:33,402] {logging_mixin.py:104} INFO - [2021-07-16 10:01:33,402] {dagbag.py:496} INFO - Filling up the DagBag from /home/karuturihemanth/airflow_env/lib/python3.9/site-packages/airflow/example_dags/example_branch_operator.py
[2021-07-16 10:01:33,415] {scheduler_job.py:643} INFO - DAG(s) dict_keys(['example_branch_operator']) retrieved from /home/karuturihemanth/airflow_env/lib/python3.9/site-packages/airflow/example_dags/example_branch_operator.py
[2021-07-16 10:01:34,080] {logging_mixin.py:104} INFO - [2021-07-16 10:01:34,080] {dag.py:1833} INFO - Sync 1 DAGs
[2021-07-16 10:01:34,185] {logging_mixin.py:104} INFO - [2021-07-16 10:01:34,185] {dag.py:2306} INFO - Setting next_dagrun for example_branch_operator to 2021-07-14 00:00:00+00:00
[2021-07-16 10:01:34,405] {scheduler_job.py:190} INFO - Processing /home/karuturihemanth/airflow_env/lib/python3.9/site-packages/airflow/example_dags/example_branch_operator.py took 1.007 seconds
[2021-07-16 10:02:05,461] {scheduler_job.py:182} INFO - Started process (PID=1744) to work on /home/karuturihemanth/airflow_env/lib/python3.9/site-packages/airflow/example_dags/example_branch_operator.py
[2021-07-16 10:02:05,462] {scheduler_job.py:633} INFO - Processing file /home/karuturihemanth/airflow_env/lib/python3.9/site-packages/airflow/example_dags/example_branch_operator.py for tasks to queue
[2021-07-16 10:02:05,462] {logging_mixin.py:104} INFO - [2021-07-16 10:02:05,462] {dagbag.py:496} INFO - Filling up the DagBag from /home/karuturihemanth/airflow_env/lib/python3.9/site-packages/airflow/example_dags/example_branch_operator.py
[2021-07-16 10:02:05,477] {scheduler_job.py:643} INFO - DAG(s) dict_keys(['example_branch_operator']) retrieved from /home/karuturihemanth/airflow_env/lib/python3.9/site-packages/airflow/example_dags/example_branch_operator.py
[2021-07-16 10:02:06,151] {logging_mixin.py:104} INFO - [2021-07-16 10:02:06,151] {dag.py:1833} INFO - Sync 1 DAGs
[2021-07-16 10:02:06,264] {logging_mixin.py:104} INFO - [2021-07-16 10:02:06,264] {dag.py:2306} INFO - Setting next_dagrun for example_branch_operator to 2021-07-14 00:00:00+00:00
[2021-07-16 10:02:06,493] {scheduler_job.py:190} INFO - Processing /home/karuturihemanth/airflow_env/lib/python3.9/site-packages/airflow/example_dags/example_branch_operator.py took 1.035 seconds
[2021-07-16 10:02:37,165] {scheduler_job.py:182} INFO - Started process (PID=1916) to work on /home/karuturihemanth/airflow_env/lib/python3.9/site-packages/airflow/example_dags/example_branch_operator.py
[2021-07-16 10:02:37,167] {scheduler_job.py:633} INFO - Processing file /home/karuturihemanth/airflow_env/lib/python3.9/site-packages/airflow/example_dags/example_branch_operator.py for tasks to queue
[2021-07-16 10:02:37,167] {logging_mixin.py:104} INFO - [2021-07-16 10:02:37,167] {dagbag.py:496} INFO - Filling up the DagBag from /home/karuturihemanth/airflow_env/lib/python3.9/site-packages/airflow/example_dags/example_branch_operator.py
[2021-07-16 10:02:37,180] {scheduler_job.py:643} INFO - DAG(s) dict_keys(['example_branch_operator']) retrieved from /home/karuturihemanth/airflow_env/lib/python3.9/site-packages/airflow/example_dags/example_branch_operator.py
[2021-07-16 10:02:37,855] {logging_mixin.py:104} INFO - [2021-07-16 10:02:37,855] {dag.py:1833} INFO - Sync 1 DAGs
[2021-07-16 10:02:37,963] {logging_mixin.py:104} INFO - [2021-07-16 10:02:37,963] {dag.py:2306} INFO - Setting next_dagrun for example_branch_operator to 2021-07-14 00:00:00+00:00
[2021-07-16 10:02:38,177] {scheduler_job.py:190} INFO - Processing /home/karuturihemanth/airflow_env/lib/python3.9/site-packages/airflow/example_dags/example_branch_operator.py took 1.015 seconds
[2021-07-16 10:03:08,716] {scheduler_job.py:182} INFO - Started process (PID=2080) to work on /home/karuturihemanth/airflow_env/lib/python3.9/site-packages/airflow/example_dags/example_branch_operator.py
[2021-07-16 10:03:08,717] {scheduler_job.py:633} INFO - Processing file /home/karuturihemanth/airflow_env/lib/python3.9/site-packages/airflow/example_dags/example_branch_operator.py for tasks to queue
[2021-07-16 10:03:08,717] {logging_mixin.py:104} INFO - [2021-07-16 10:03:08,717] {dagbag.py:496} INFO - Filling up the DagBag from /home/karuturihemanth/airflow_env/lib/python3.9/site-packages/airflow/example_dags/example_branch_operator.py
[2021-07-16 10:03:08,730] {scheduler_job.py:643} INFO - DAG(s) dict_keys(['example_branch_operator']) retrieved from /home/karuturihemanth/airflow_env/lib/python3.9/site-packages/airflow/example_dags/example_branch_operator.py
[2021-07-16 10:03:09,432] {logging_mixin.py:104} INFO - [2021-07-16 10:03:09,432] {dag.py:1833} INFO - Sync 1 DAGs
[2021-07-16 10:03:09,541] {logging_mixin.py:104} INFO - [2021-07-16 10:03:09,541] {dag.py:2306} INFO - Setting next_dagrun for example_branch_operator to 2021-07-14 00:00:00+00:00
[2021-07-16 10:03:09,768] {scheduler_job.py:190} INFO - Processing /home/karuturihemanth/airflow_env/lib/python3.9/site-packages/airflow/example_dags/example_branch_operator.py took 1.056 seconds
[2021-07-16 10:03:40,850] {scheduler_job.py:182} INFO - Started process (PID=2250) to work on /home/karuturihemanth/airflow_env/lib/python3.9/site-packages/airflow/example_dags/example_branch_operator.py
[2021-07-16 10:03:40,851] {scheduler_job.py:633} INFO - Processing file /home/karuturihemanth/airflow_env/lib/python3.9/site-packages/airflow/example_dags/example_branch_operator.py for tasks to queue
[2021-07-16 10:03:40,851] {logging_mixin.py:104} INFO - [2021-07-16 10:03:40,851] {dagbag.py:496} INFO - Filling up the DagBag from /home/karuturihemanth/airflow_env/lib/python3.9/site-packages/airflow/example_dags/example_branch_operator.py
[2021-07-16 10:03:40,875] {scheduler_job.py:643} INFO - DAG(s) dict_keys(['example_branch_operator']) retrieved from /home/karuturihemanth/airflow_env/lib/python3.9/site-packages/airflow/example_dags/example_branch_operator.py
[2021-07-16 10:03:41,537] {logging_mixin.py:104} INFO - [2021-07-16 10:03:41,536] {dag.py:1833} INFO - Sync 1 DAGs
[2021-07-16 10:03:41,642] {logging_mixin.py:104} INFO - [2021-07-16 10:03:41,642] {dag.py:2306} INFO - Setting next_dagrun for example_branch_operator to 2021-07-14 00:00:00+00:00
[2021-07-16 10:03:41,862] {scheduler_job.py:190} INFO - Processing /home/karuturihemanth/airflow_env/lib/python3.9/site-packages/airflow/example_dags/example_branch_operator.py took 1.015 seconds
[2021-07-16 10:04:12,675] {scheduler_job.py:182} INFO - Started process (PID=2417) to work on /home/karuturihemanth/airflow_env/lib/python3.9/site-packages/airflow/example_dags/example_branch_operator.py
[2021-07-16 10:04:12,676] {scheduler_job.py:633} INFO - Processing file /home/karuturihemanth/airflow_env/lib/python3.9/site-packages/airflow/example_dags/example_branch_operator.py for tasks to queue
[2021-07-16 10:04:12,676] {logging_mixin.py:104} INFO - [2021-07-16 10:04:12,676] {dagbag.py:496} INFO - Filling up the DagBag from /home/karuturihemanth/airflow_env/lib/python3.9/site-packages/airflow/example_dags/example_branch_operator.py
[2021-07-16 10:04:12,695] {scheduler_job.py:643} INFO - DAG(s) dict_keys(['example_branch_operator']) retrieved from /home/karuturihemanth/airflow_env/lib/python3.9/site-packages/airflow/example_dags/example_branch_operator.py
[2021-07-16 10:04:13,355] {logging_mixin.py:104} INFO - [2021-07-16 10:04:13,355] {dag.py:1833} INFO - Sync 1 DAGs
[2021-07-16 10:04:13,458] {logging_mixin.py:104} INFO - [2021-07-16 10:04:13,458] {dag.py:2306} INFO - Setting next_dagrun for example_branch_operator to 2021-07-14 00:00:00+00:00
[2021-07-16 10:04:13,677] {scheduler_job.py:190} INFO - Processing /home/karuturihemanth/airflow_env/lib/python3.9/site-packages/airflow/example_dags/example_branch_operator.py took 1.007 seconds
[2021-07-16 10:04:45,224] {scheduler_job.py:182} INFO - Started process (PID=2584) to work on /home/karuturihemanth/airflow_env/lib/python3.9/site-packages/airflow/example_dags/example_branch_operator.py
[2021-07-16 10:04:45,225] {scheduler_job.py:633} INFO - Processing file /home/karuturihemanth/airflow_env/lib/python3.9/site-packages/airflow/example_dags/example_branch_operator.py for tasks to queue
[2021-07-16 10:04:45,225] {logging_mixin.py:104} INFO - [2021-07-16 10:04:45,225] {dagbag.py:496} INFO - Filling up the DagBag from /home/karuturihemanth/airflow_env/lib/python3.9/site-packages/airflow/example_dags/example_branch_operator.py
[2021-07-16 10:04:45,240] {scheduler_job.py:643} INFO - DAG(s) dict_keys(['example_branch_operator']) retrieved from /home/karuturihemanth/airflow_env/lib/python3.9/site-packages/airflow/example_dags/example_branch_operator.py
[2021-07-16 10:04:45,895] {logging_mixin.py:104} INFO - [2021-07-16 10:04:45,894] {dag.py:1833} INFO - Sync 1 DAGs
[2021-07-16 10:04:46,001] {logging_mixin.py:104} INFO - [2021-07-16 10:04:46,001] {dag.py:2306} INFO - Setting next_dagrun for example_branch_operator to 2021-07-14 00:00:00+00:00
[2021-07-16 10:04:46,220] {scheduler_job.py:190} INFO - Processing /home/karuturihemanth/airflow_env/lib/python3.9/site-packages/airflow/example_dags/example_branch_operator.py took 0.999 seconds
[2021-07-16 10:05:17,369] {scheduler_job.py:182} INFO - Started process (PID=2750) to work on /home/karuturihemanth/airflow_env/lib/python3.9/site-packages/airflow/example_dags/example_branch_operator.py
[2021-07-16 10:05:17,370] {scheduler_job.py:633} INFO - Processing file /home/karuturihemanth/airflow_env/lib/python3.9/site-packages/airflow/example_dags/example_branch_operator.py for tasks to queue
[2021-07-16 10:05:17,370] {logging_mixin.py:104} INFO - [2021-07-16 10:05:17,370] {dagbag.py:496} INFO - Filling up the DagBag from /home/karuturihemanth/airflow_env/lib/python3.9/site-packages/airflow/example_dags/example_branch_operator.py
[2021-07-16 10:05:17,381] {scheduler_job.py:643} INFO - DAG(s) dict_keys(['example_branch_operator']) retrieved from /home/karuturihemanth/airflow_env/lib/python3.9/site-packages/airflow/example_dags/example_branch_operator.py
[2021-07-16 10:05:18,040] {logging_mixin.py:104} INFO - [2021-07-16 10:05:18,040] {dag.py:1833} INFO - Sync 1 DAGs
[2021-07-16 10:05:18,146] {logging_mixin.py:104} INFO - [2021-07-16 10:05:18,146] {dag.py:2306} INFO - Setting next_dagrun for example_branch_operator to 2021-07-14 00:00:00+00:00
[2021-07-16 10:05:18,365] {scheduler_job.py:190} INFO - Processing /home/karuturihemanth/airflow_env/lib/python3.9/site-packages/airflow/example_dags/example_branch_operator.py took 1.000 seconds
[2021-07-16 10:05:49,194] {scheduler_job.py:182} INFO - Started process (PID=2919) to work on /home/karuturihemanth/airflow_env/lib/python3.9/site-packages/airflow/example_dags/example_branch_operator.py
[2021-07-16 10:05:49,195] {scheduler_job.py:633} INFO - Processing file /home/karuturihemanth/airflow_env/lib/python3.9/site-packages/airflow/example_dags/example_branch_operator.py for tasks to queue
[2021-07-16 10:05:49,195] {logging_mixin.py:104} INFO - [2021-07-16 10:05:49,195] {dagbag.py:496} INFO - Filling up the DagBag from /home/karuturihemanth/airflow_env/lib/python3.9/site-packages/airflow/example_dags/example_branch_operator.py
[2021-07-16 10:05:49,211] {scheduler_job.py:643} INFO - DAG(s) dict_keys(['example_branch_operator']) retrieved from /home/karuturihemanth/airflow_env/lib/python3.9/site-packages/airflow/example_dags/example_branch_operator.py
[2021-07-16 10:05:49,879] {logging_mixin.py:104} INFO - [2021-07-16 10:05:49,878] {dag.py:1833} INFO - Sync 1 DAGs
[2021-07-16 10:05:49,984] {logging_mixin.py:104} INFO - [2021-07-16 10:05:49,984] {dag.py:2306} INFO - Setting next_dagrun for example_branch_operator to 2021-07-14 00:00:00+00:00
[2021-07-16 10:05:50,204] {scheduler_job.py:190} INFO - Processing /home/karuturihemanth/airflow_env/lib/python3.9/site-packages/airflow/example_dags/example_branch_operator.py took 1.014 seconds
[2021-07-16 10:06:20,825] {scheduler_job.py:182} INFO - Started process (PID=3083) to work on /home/karuturihemanth/airflow_env/lib/python3.9/site-packages/airflow/example_dags/example_branch_operator.py
[2021-07-16 10:06:20,826] {scheduler_job.py:633} INFO - Processing file /home/karuturihemanth/airflow_env/lib/python3.9/site-packages/airflow/example_dags/example_branch_operator.py for tasks to queue
[2021-07-16 10:06:20,826] {logging_mixin.py:104} INFO - [2021-07-16 10:06:20,826] {dagbag.py:496} INFO - Filling up the DagBag from /home/karuturihemanth/airflow_env/lib/python3.9/site-packages/airflow/example_dags/example_branch_operator.py
[2021-07-16 10:06:20,841] {scheduler_job.py:643} INFO - DAG(s) dict_keys(['example_branch_operator']) retrieved from /home/karuturihemanth/airflow_env/lib/python3.9/site-packages/airflow/example_dags/example_branch_operator.py
[2021-07-16 10:06:21,521] {logging_mixin.py:104} INFO - [2021-07-16 10:06:21,520] {dag.py:1833} INFO - Sync 1 DAGs
[2021-07-16 10:06:21,629] {logging_mixin.py:104} INFO - [2021-07-16 10:06:21,629] {dag.py:2306} INFO - Setting next_dagrun for example_branch_operator to 2021-07-14 00:00:00+00:00
[2021-07-16 10:06:21,855] {scheduler_job.py:190} INFO - Processing /home/karuturihemanth/airflow_env/lib/python3.9/site-packages/airflow/example_dags/example_branch_operator.py took 1.034 seconds
[2021-07-16 10:06:51,909] {scheduler_job.py:182} INFO - Started process (PID=3250) to work on /home/karuturihemanth/airflow_env/lib/python3.9/site-packages/airflow/example_dags/example_branch_operator.py
[2021-07-16 10:06:51,910] {scheduler_job.py:633} INFO - Processing file /home/karuturihemanth/airflow_env/lib/python3.9/site-packages/airflow/example_dags/example_branch_operator.py for tasks to queue
[2021-07-16 10:06:51,911] {logging_mixin.py:104} INFO - [2021-07-16 10:06:51,910] {dagbag.py:496} INFO - Filling up the DagBag from /home/karuturihemanth/airflow_env/lib/python3.9/site-packages/airflow/example_dags/example_branch_operator.py
[2021-07-16 10:06:51,922] {scheduler_job.py:643} INFO - DAG(s) dict_keys(['example_branch_operator']) retrieved from /home/karuturihemanth/airflow_env/lib/python3.9/site-packages/airflow/example_dags/example_branch_operator.py
[2021-07-16 10:06:52,576] {logging_mixin.py:104} INFO - [2021-07-16 10:06:52,576] {dag.py:1833} INFO - Sync 1 DAGs
[2021-07-16 10:06:52,682] {logging_mixin.py:104} INFO - [2021-07-16 10:06:52,682] {dag.py:2306} INFO - Setting next_dagrun for example_branch_operator to 2021-07-14 00:00:00+00:00
[2021-07-16 10:06:52,901] {scheduler_job.py:190} INFO - Processing /home/karuturihemanth/airflow_env/lib/python3.9/site-packages/airflow/example_dags/example_branch_operator.py took 0.995 seconds
[2021-07-16 10:07:23,531] {scheduler_job.py:182} INFO - Started process (PID=3416) to work on /home/karuturihemanth/airflow_env/lib/python3.9/site-packages/airflow/example_dags/example_branch_operator.py
[2021-07-16 10:07:23,532] {scheduler_job.py:633} INFO - Processing file /home/karuturihemanth/airflow_env/lib/python3.9/site-packages/airflow/example_dags/example_branch_operator.py for tasks to queue
[2021-07-16 10:07:23,533] {logging_mixin.py:104} INFO - [2021-07-16 10:07:23,533] {dagbag.py:496} INFO - Filling up the DagBag from /home/karuturihemanth/airflow_env/lib/python3.9/site-packages/airflow/example_dags/example_branch_operator.py
[2021-07-16 10:07:23,544] {scheduler_job.py:643} INFO - DAG(s) dict_keys(['example_branch_operator']) retrieved from /home/karuturihemanth/airflow_env/lib/python3.9/site-packages/airflow/example_dags/example_branch_operator.py
[2021-07-16 10:07:24,194] {logging_mixin.py:104} INFO - [2021-07-16 10:07:24,194] {dag.py:1833} INFO - Sync 1 DAGs
[2021-07-16 10:07:24,299] {logging_mixin.py:104} INFO - [2021-07-16 10:07:24,299] {dag.py:2306} INFO - Setting next_dagrun for example_branch_operator to 2021-07-14 00:00:00+00:00
[2021-07-16 10:07:24,514] {scheduler_job.py:190} INFO - Processing /home/karuturihemanth/airflow_env/lib/python3.9/site-packages/airflow/example_dags/example_branch_operator.py took 0.986 seconds
[2021-07-16 10:07:55,652] {scheduler_job.py:182} INFO - Started process (PID=3583) to work on /home/karuturihemanth/airflow_env/lib/python3.9/site-packages/airflow/example_dags/example_branch_operator.py
[2021-07-16 10:07:55,653] {scheduler_job.py:633} INFO - Processing file /home/karuturihemanth/airflow_env/lib/python3.9/site-packages/airflow/example_dags/example_branch_operator.py for tasks to queue
[2021-07-16 10:07:55,653] {logging_mixin.py:104} INFO - [2021-07-16 10:07:55,653] {dagbag.py:496} INFO - Filling up the DagBag from /home/karuturihemanth/airflow_env/lib/python3.9/site-packages/airflow/example_dags/example_branch_operator.py
[2021-07-16 10:07:55,665] {scheduler_job.py:643} INFO - DAG(s) dict_keys(['example_branch_operator']) retrieved from /home/karuturihemanth/airflow_env/lib/python3.9/site-packages/airflow/example_dags/example_branch_operator.py
[2021-07-16 10:07:56,311] {logging_mixin.py:104} INFO - [2021-07-16 10:07:56,311] {dag.py:1833} INFO - Sync 1 DAGs
[2021-07-16 10:07:56,415] {logging_mixin.py:104} INFO - [2021-07-16 10:07:56,415] {dag.py:2306} INFO - Setting next_dagrun for example_branch_operator to 2021-07-14 00:00:00+00:00
[2021-07-16 10:07:56,631] {scheduler_job.py:190} INFO - Processing /home/karuturihemanth/airflow_env/lib/python3.9/site-packages/airflow/example_dags/example_branch_operator.py took 0.982 seconds
[2021-07-16 10:08:26,747] {scheduler_job.py:182} INFO - Started process (PID=3751) to work on /home/karuturihemanth/airflow_env/lib/python3.9/site-packages/airflow/example_dags/example_branch_operator.py
[2021-07-16 10:08:26,748] {scheduler_job.py:633} INFO - Processing file /home/karuturihemanth/airflow_env/lib/python3.9/site-packages/airflow/example_dags/example_branch_operator.py for tasks to queue
[2021-07-16 10:08:26,749] {logging_mixin.py:104} INFO - [2021-07-16 10:08:26,749] {dagbag.py:496} INFO - Filling up the DagBag from /home/karuturihemanth/airflow_env/lib/python3.9/site-packages/airflow/example_dags/example_branch_operator.py
[2021-07-16 10:08:26,760] {scheduler_job.py:643} INFO - DAG(s) dict_keys(['example_branch_operator']) retrieved from /home/karuturihemanth/airflow_env/lib/python3.9/site-packages/airflow/example_dags/example_branch_operator.py
[2021-07-16 10:08:27,407] {logging_mixin.py:104} INFO - [2021-07-16 10:08:27,407] {dag.py:1833} INFO - Sync 1 DAGs
[2021-07-16 10:08:27,511] {logging_mixin.py:104} INFO - [2021-07-16 10:08:27,511] {dag.py:2306} INFO - Setting next_dagrun for example_branch_operator to 2021-07-14 00:00:00+00:00
[2021-07-16 10:08:27,727] {scheduler_job.py:190} INFO - Processing /home/karuturihemanth/airflow_env/lib/python3.9/site-packages/airflow/example_dags/example_branch_operator.py took 0.983 seconds
[2021-07-16 10:08:59,479] {scheduler_job.py:182} INFO - Started process (PID=3917) to work on /home/karuturihemanth/airflow_env/lib/python3.9/site-packages/airflow/example_dags/example_branch_operator.py
[2021-07-16 10:08:59,480] {scheduler_job.py:633} INFO - Processing file /home/karuturihemanth/airflow_env/lib/python3.9/site-packages/airflow/example_dags/example_branch_operator.py for tasks to queue
[2021-07-16 10:08:59,480] {logging_mixin.py:104} INFO - [2021-07-16 10:08:59,480] {dagbag.py:496} INFO - Filling up the DagBag from /home/karuturihemanth/airflow_env/lib/python3.9/site-packages/airflow/example_dags/example_branch_operator.py
[2021-07-16 10:08:59,492] {scheduler_job.py:643} INFO - DAG(s) dict_keys(['example_branch_operator']) retrieved from /home/karuturihemanth/airflow_env/lib/python3.9/site-packages/airflow/example_dags/example_branch_operator.py
[2021-07-16 10:09:00,161] {logging_mixin.py:104} INFO - [2021-07-16 10:09:00,161] {dag.py:1833} INFO - Sync 1 DAGs
[2021-07-16 10:09:00,269] {logging_mixin.py:104} INFO - [2021-07-16 10:09:00,269] {dag.py:2306} INFO - Setting next_dagrun for example_branch_operator to 2021-07-14 00:00:00+00:00
[2021-07-16 10:09:00,492] {scheduler_job.py:190} INFO - Processing /home/karuturihemanth/airflow_env/lib/python3.9/site-packages/airflow/example_dags/example_branch_operator.py took 1.016 seconds
[2021-07-16 10:09:31,055] {scheduler_job.py:182} INFO - Started process (PID=4084) to work on /home/karuturihemanth/airflow_env/lib/python3.9/site-packages/airflow/example_dags/example_branch_operator.py
[2021-07-16 10:09:31,056] {scheduler_job.py:633} INFO - Processing file /home/karuturihemanth/airflow_env/lib/python3.9/site-packages/airflow/example_dags/example_branch_operator.py for tasks to queue
[2021-07-16 10:09:31,056] {logging_mixin.py:104} INFO - [2021-07-16 10:09:31,056] {dagbag.py:496} INFO - Filling up the DagBag from /home/karuturihemanth/airflow_env/lib/python3.9/site-packages/airflow/example_dags/example_branch_operator.py
[2021-07-16 10:09:31,069] {scheduler_job.py:643} INFO - DAG(s) dict_keys(['example_branch_operator']) retrieved from /home/karuturihemanth/airflow_env/lib/python3.9/site-packages/airflow/example_dags/example_branch_operator.py
[2021-07-16 10:09:31,742] {logging_mixin.py:104} INFO - [2021-07-16 10:09:31,741] {dag.py:1833} INFO - Sync 1 DAGs
[2021-07-16 10:09:31,847] {logging_mixin.py:104} INFO - [2021-07-16 10:09:31,847] {dag.py:2306} INFO - Setting next_dagrun for example_branch_operator to 2021-07-14 00:00:00+00:00
[2021-07-16 10:09:32,066] {scheduler_job.py:190} INFO - Processing /home/karuturihemanth/airflow_env/lib/python3.9/site-packages/airflow/example_dags/example_branch_operator.py took 1.016 seconds
[2021-07-16 10:10:02,837] {scheduler_job.py:182} INFO - Started process (PID=4250) to work on /home/karuturihemanth/airflow_env/lib/python3.9/site-packages/airflow/example_dags/example_branch_operator.py
[2021-07-16 10:10:02,839] {scheduler_job.py:633} INFO - Processing file /home/karuturihemanth/airflow_env/lib/python3.9/site-packages/airflow/example_dags/example_branch_operator.py for tasks to queue
[2021-07-16 10:10:02,839] {logging_mixin.py:104} INFO - [2021-07-16 10:10:02,839] {dagbag.py:496} INFO - Filling up the DagBag from /home/karuturihemanth/airflow_env/lib/python3.9/site-packages/airflow/example_dags/example_branch_operator.py
[2021-07-16 10:10:02,850] {scheduler_job.py:643} INFO - DAG(s) dict_keys(['example_branch_operator']) retrieved from /home/karuturihemanth/airflow_env/lib/python3.9/site-packages/airflow/example_dags/example_branch_operator.py
[2021-07-16 10:10:03,511] {logging_mixin.py:104} INFO - [2021-07-16 10:10:03,511] {dag.py:1833} INFO - Sync 1 DAGs
[2021-07-16 10:10:03,616] {logging_mixin.py:104} INFO - [2021-07-16 10:10:03,616] {dag.py:2306} INFO - Setting next_dagrun for example_branch_operator to 2021-07-14 00:00:00+00:00
[2021-07-16 10:10:03,837] {scheduler_job.py:190} INFO - Processing /home/karuturihemanth/airflow_env/lib/python3.9/site-packages/airflow/example_dags/example_branch_operator.py took 1.004 seconds
[2021-07-16 10:10:35,049] {scheduler_job.py:182} INFO - Started process (PID=4417) to work on /home/karuturihemanth/airflow_env/lib/python3.9/site-packages/airflow/example_dags/example_branch_operator.py
[2021-07-16 10:10:35,050] {scheduler_job.py:633} INFO - Processing file /home/karuturihemanth/airflow_env/lib/python3.9/site-packages/airflow/example_dags/example_branch_operator.py for tasks to queue
[2021-07-16 10:10:35,051] {logging_mixin.py:104} INFO - [2021-07-16 10:10:35,051] {dagbag.py:496} INFO - Filling up the DagBag from /home/karuturihemanth/airflow_env/lib/python3.9/site-packages/airflow/example_dags/example_branch_operator.py
[2021-07-16 10:10:35,062] {scheduler_job.py:643} INFO - DAG(s) dict_keys(['example_branch_operator']) retrieved from /home/karuturihemanth/airflow_env/lib/python3.9/site-packages/airflow/example_dags/example_branch_operator.py
[2021-07-16 10:10:35,714] {logging_mixin.py:104} INFO - [2021-07-16 10:10:35,714] {dag.py:1833} INFO - Sync 1 DAGs
[2021-07-16 10:10:35,820] {logging_mixin.py:104} INFO - [2021-07-16 10:10:35,819] {dag.py:2306} INFO - Setting next_dagrun for example_branch_operator to 2021-07-14 00:00:00+00:00
[2021-07-16 10:10:36,038] {scheduler_job.py:190} INFO - Processing /home/karuturihemanth/airflow_env/lib/python3.9/site-packages/airflow/example_dags/example_branch_operator.py took 0.992 seconds
[2021-07-16 10:11:06,607] {scheduler_job.py:182} INFO - Started process (PID=4583) to work on /home/karuturihemanth/airflow_env/lib/python3.9/site-packages/airflow/example_dags/example_branch_operator.py
[2021-07-16 10:11:06,608] {scheduler_job.py:633} INFO - Processing file /home/karuturihemanth/airflow_env/lib/python3.9/site-packages/airflow/example_dags/example_branch_operator.py for tasks to queue
[2021-07-16 10:11:06,609] {logging_mixin.py:104} INFO - [2021-07-16 10:11:06,609] {dagbag.py:496} INFO - Filling up the DagBag from /home/karuturihemanth/airflow_env/lib/python3.9/site-packages/airflow/example_dags/example_branch_operator.py
[2021-07-16 10:11:06,621] {scheduler_job.py:643} INFO - DAG(s) dict_keys(['example_branch_operator']) retrieved from /home/karuturihemanth/airflow_env/lib/python3.9/site-packages/airflow/example_dags/example_branch_operator.py
[2021-07-16 10:11:07,275] {logging_mixin.py:104} INFO - [2021-07-16 10:11:07,275] {dag.py:1833} INFO - Sync 1 DAGs
[2021-07-16 10:11:07,380] {logging_mixin.py:104} INFO - [2021-07-16 10:11:07,380] {dag.py:2306} INFO - Setting next_dagrun for example_branch_operator to 2021-07-14 00:00:00+00:00
[2021-07-16 10:11:07,597] {scheduler_job.py:190} INFO - Processing /home/karuturihemanth/airflow_env/lib/python3.9/site-packages/airflow/example_dags/example_branch_operator.py took 0.994 seconds
[2021-07-16 10:11:38,729] {scheduler_job.py:182} INFO - Started process (PID=4750) to work on /home/karuturihemanth/airflow_env/lib/python3.9/site-packages/airflow/example_dags/example_branch_operator.py
[2021-07-16 10:11:38,731] {scheduler_job.py:633} INFO - Processing file /home/karuturihemanth/airflow_env/lib/python3.9/site-packages/airflow/example_dags/example_branch_operator.py for tasks to queue
[2021-07-16 10:11:38,731] {logging_mixin.py:104} INFO - [2021-07-16 10:11:38,731] {dagbag.py:496} INFO - Filling up the DagBag from /home/karuturihemanth/airflow_env/lib/python3.9/site-packages/airflow/example_dags/example_branch_operator.py
[2021-07-16 10:11:38,742] {scheduler_job.py:643} INFO - DAG(s) dict_keys(['example_branch_operator']) retrieved from /home/karuturihemanth/airflow_env/lib/python3.9/site-packages/airflow/example_dags/example_branch_operator.py
[2021-07-16 10:11:39,402] {logging_mixin.py:104} INFO - [2021-07-16 10:11:39,402] {dag.py:1833} INFO - Sync 1 DAGs
[2021-07-16 10:11:39,507] {logging_mixin.py:104} INFO - [2021-07-16 10:11:39,506] {dag.py:2306} INFO - Setting next_dagrun for example_branch_operator to 2021-07-14 00:00:00+00:00
[2021-07-16 10:11:39,726] {scheduler_job.py:190} INFO - Processing /home/karuturihemanth/airflow_env/lib/python3.9/site-packages/airflow/example_dags/example_branch_operator.py took 1.000 seconds
[2021-07-16 10:12:10,160] {scheduler_job.py:182} INFO - Started process (PID=4916) to work on /home/karuturihemanth/airflow_env/lib/python3.9/site-packages/airflow/example_dags/example_branch_operator.py
[2021-07-16 10:12:10,161] {scheduler_job.py:633} INFO - Processing file /home/karuturihemanth/airflow_env/lib/python3.9/site-packages/airflow/example_dags/example_branch_operator.py for tasks to queue
[2021-07-16 10:12:10,161] {logging_mixin.py:104} INFO - [2021-07-16 10:12:10,161] {dagbag.py:496} INFO - Filling up the DagBag from /home/karuturihemanth/airflow_env/lib/python3.9/site-packages/airflow/example_dags/example_branch_operator.py
[2021-07-16 10:12:10,172] {scheduler_job.py:643} INFO - DAG(s) dict_keys(['example_branch_operator']) retrieved from /home/karuturihemanth/airflow_env/lib/python3.9/site-packages/airflow/example_dags/example_branch_operator.py
[2021-07-16 10:12:10,838] {logging_mixin.py:104} INFO - [2021-07-16 10:12:10,838] {dag.py:1833} INFO - Sync 1 DAGs
[2021-07-16 10:12:10,945] {logging_mixin.py:104} INFO - [2021-07-16 10:12:10,945] {dag.py:2306} INFO - Setting next_dagrun for example_branch_operator to 2021-07-14 00:00:00+00:00
[2021-07-16 10:12:11,173] {scheduler_job.py:190} INFO - Processing /home/karuturihemanth/airflow_env/lib/python3.9/site-packages/airflow/example_dags/example_branch_operator.py took 1.016 seconds
[2021-07-16 10:12:42,094] {scheduler_job.py:182} INFO - Started process (PID=5083) to work on /home/karuturihemanth/airflow_env/lib/python3.9/site-packages/airflow/example_dags/example_branch_operator.py
[2021-07-16 10:12:42,095] {scheduler_job.py:633} INFO - Processing file /home/karuturihemanth/airflow_env/lib/python3.9/site-packages/airflow/example_dags/example_branch_operator.py for tasks to queue
[2021-07-16 10:12:42,095] {logging_mixin.py:104} INFO - [2021-07-16 10:12:42,095] {dagbag.py:496} INFO - Filling up the DagBag from /home/karuturihemanth/airflow_env/lib/python3.9/site-packages/airflow/example_dags/example_branch_operator.py
[2021-07-16 10:12:42,106] {scheduler_job.py:643} INFO - DAG(s) dict_keys(['example_branch_operator']) retrieved from /home/karuturihemanth/airflow_env/lib/python3.9/site-packages/airflow/example_dags/example_branch_operator.py
[2021-07-16 10:12:42,770] {logging_mixin.py:104} INFO - [2021-07-16 10:12:42,770] {dag.py:1833} INFO - Sync 1 DAGs
[2021-07-16 10:12:42,883] {logging_mixin.py:104} INFO - [2021-07-16 10:12:42,883] {dag.py:2306} INFO - Setting next_dagrun for example_branch_operator to 2021-07-14 00:00:00+00:00
[2021-07-16 10:12:43,107] {scheduler_job.py:190} INFO - Processing /home/karuturihemanth/airflow_env/lib/python3.9/site-packages/airflow/example_dags/example_branch_operator.py took 1.016 seconds
[2021-07-16 10:13:13,823] {scheduler_job.py:182} INFO - Started process (PID=5249) to work on /home/karuturihemanth/airflow_env/lib/python3.9/site-packages/airflow/example_dags/example_branch_operator.py
[2021-07-16 10:13:13,824] {scheduler_job.py:633} INFO - Processing file /home/karuturihemanth/airflow_env/lib/python3.9/site-packages/airflow/example_dags/example_branch_operator.py for tasks to queue
[2021-07-16 10:13:13,825] {logging_mixin.py:104} INFO - [2021-07-16 10:13:13,825] {dagbag.py:496} INFO - Filling up the DagBag from /home/karuturihemanth/airflow_env/lib/python3.9/site-packages/airflow/example_dags/example_branch_operator.py
[2021-07-16 10:13:13,836] {scheduler_job.py:643} INFO - DAG(s) dict_keys(['example_branch_operator']) retrieved from /home/karuturihemanth/airflow_env/lib/python3.9/site-packages/airflow/example_dags/example_branch_operator.py
[2021-07-16 10:13:14,504] {logging_mixin.py:104} INFO - [2021-07-16 10:13:14,504] {dag.py:1833} INFO - Sync 1 DAGs
[2021-07-16 10:13:14,613] {logging_mixin.py:104} INFO - [2021-07-16 10:13:14,613] {dag.py:2306} INFO - Setting next_dagrun for example_branch_operator to 2021-07-14 00:00:00+00:00
[2021-07-16 10:13:14,836] {scheduler_job.py:190} INFO - Processing /home/karuturihemanth/airflow_env/lib/python3.9/site-packages/airflow/example_dags/example_branch_operator.py took 1.016 seconds
[2021-07-16 10:13:45,331] {scheduler_job.py:182} INFO - Started process (PID=5418) to work on /home/karuturihemanth/airflow_env/lib/python3.9/site-packages/airflow/example_dags/example_branch_operator.py
[2021-07-16 10:13:45,332] {scheduler_job.py:633} INFO - Processing file /home/karuturihemanth/airflow_env/lib/python3.9/site-packages/airflow/example_dags/example_branch_operator.py for tasks to queue
[2021-07-16 10:13:45,333] {logging_mixin.py:104} INFO - [2021-07-16 10:13:45,333] {dagbag.py:496} INFO - Filling up the DagBag from /home/karuturihemanth/airflow_env/lib/python3.9/site-packages/airflow/example_dags/example_branch_operator.py
[2021-07-16 10:13:45,346] {scheduler_job.py:643} INFO - DAG(s) dict_keys(['example_branch_operator']) retrieved from /home/karuturihemanth/airflow_env/lib/python3.9/site-packages/airflow/example_dags/example_branch_operator.py
[2021-07-16 10:13:46,002] {logging_mixin.py:104} INFO - [2021-07-16 10:13:46,002] {dag.py:1833} INFO - Sync 1 DAGs
[2021-07-16 10:13:46,107] {logging_mixin.py:104} INFO - [2021-07-16 10:13:46,107] {dag.py:2306} INFO - Setting next_dagrun for example_branch_operator to 2021-07-14 00:00:00+00:00
[2021-07-16 10:13:46,330] {scheduler_job.py:190} INFO - Processing /home/karuturihemanth/airflow_env/lib/python3.9/site-packages/airflow/example_dags/example_branch_operator.py took 1.002 seconds
[2021-07-16 10:14:17,098] {scheduler_job.py:182} INFO - Started process (PID=5584) to work on /home/karuturihemanth/airflow_env/lib/python3.9/site-packages/airflow/example_dags/example_branch_operator.py
[2021-07-16 10:14:17,099] {scheduler_job.py:633} INFO - Processing file /home/karuturihemanth/airflow_env/lib/python3.9/site-packages/airflow/example_dags/example_branch_operator.py for tasks to queue
[2021-07-16 10:14:17,099] {logging_mixin.py:104} INFO - [2021-07-16 10:14:17,099] {dagbag.py:496} INFO - Filling up the DagBag from /home/karuturihemanth/airflow_env/lib/python3.9/site-packages/airflow/example_dags/example_branch_operator.py
[2021-07-16 10:14:17,110] {scheduler_job.py:643} INFO - DAG(s) dict_keys(['example_branch_operator']) retrieved from /home/karuturihemanth/airflow_env/lib/python3.9/site-packages/airflow/example_dags/example_branch_operator.py
[2021-07-16 10:14:17,760] {logging_mixin.py:104} INFO - [2021-07-16 10:14:17,760] {dag.py:1833} INFO - Sync 1 DAGs
[2021-07-16 10:14:17,864] {logging_mixin.py:104} INFO - [2021-07-16 10:14:17,864] {dag.py:2306} INFO - Setting next_dagrun for example_branch_operator to 2021-07-14 00:00:00+00:00
[2021-07-16 10:14:18,080] {scheduler_job.py:190} INFO - Processing /home/karuturihemanth/airflow_env/lib/python3.9/site-packages/airflow/example_dags/example_branch_operator.py took 0.986 seconds
[2021-07-16 11:12:29,502] {scheduler_job.py:182} INFO - Started process (PID=6849) to work on /home/karuturihemanth/airflow_env/lib/python3.9/site-packages/airflow/example_dags/example_branch_operator.py
[2021-07-16 11:12:29,503] {scheduler_job.py:633} INFO - Processing file /home/karuturihemanth/airflow_env/lib/python3.9/site-packages/airflow/example_dags/example_branch_operator.py for tasks to queue
[2021-07-16 11:12:29,503] {logging_mixin.py:104} INFO - [2021-07-16 11:12:29,503] {dagbag.py:496} INFO - Filling up the DagBag from /home/karuturihemanth/airflow_env/lib/python3.9/site-packages/airflow/example_dags/example_branch_operator.py
[2021-07-16 11:12:29,518] {scheduler_job.py:643} INFO - DAG(s) dict_keys(['example_branch_operator']) retrieved from /home/karuturihemanth/airflow_env/lib/python3.9/site-packages/airflow/example_dags/example_branch_operator.py
[2021-07-16 11:12:30,180] {logging_mixin.py:104} INFO - [2021-07-16 11:12:30,180] {dag.py:1833} INFO - Sync 1 DAGs
[2021-07-16 11:12:30,287] {logging_mixin.py:104} INFO - [2021-07-16 11:12:30,286] {dag.py:2306} INFO - Setting next_dagrun for example_branch_operator to 2021-07-14 00:00:00+00:00
[2021-07-16 11:12:30,518] {scheduler_job.py:190} INFO - Processing /home/karuturihemanth/airflow_env/lib/python3.9/site-packages/airflow/example_dags/example_branch_operator.py took 1.020 seconds
[2021-07-16 11:13:01,092] {scheduler_job.py:182} INFO - Started process (PID=6892) to work on /home/karuturihemanth/airflow_env/lib/python3.9/site-packages/airflow/example_dags/example_branch_operator.py
[2021-07-16 11:13:01,093] {scheduler_job.py:633} INFO - Processing file /home/karuturihemanth/airflow_env/lib/python3.9/site-packages/airflow/example_dags/example_branch_operator.py for tasks to queue
[2021-07-16 11:13:01,094] {logging_mixin.py:104} INFO - [2021-07-16 11:13:01,093] {dagbag.py:496} INFO - Filling up the DagBag from /home/karuturihemanth/airflow_env/lib/python3.9/site-packages/airflow/example_dags/example_branch_operator.py
[2021-07-16 11:13:01,108] {scheduler_job.py:643} INFO - DAG(s) dict_keys(['example_branch_operator']) retrieved from /home/karuturihemanth/airflow_env/lib/python3.9/site-packages/airflow/example_dags/example_branch_operator.py
[2021-07-16 11:13:01,811] {logging_mixin.py:104} INFO - [2021-07-16 11:13:01,811] {dag.py:1833} INFO - Sync 1 DAGs
[2021-07-16 11:13:01,922] {logging_mixin.py:104} INFO - [2021-07-16 11:13:01,922] {dag.py:2306} INFO - Setting next_dagrun for example_branch_operator to 2021-07-14 00:00:00+00:00
[2021-07-16 11:13:02,149] {scheduler_job.py:190} INFO - Processing /home/karuturihemanth/airflow_env/lib/python3.9/site-packages/airflow/example_dags/example_branch_operator.py took 1.060 seconds
[2021-07-16 11:13:32,687] {scheduler_job.py:182} INFO - Started process (PID=6927) to work on /home/karuturihemanth/airflow_env/lib/python3.9/site-packages/airflow/example_dags/example_branch_operator.py
[2021-07-16 11:13:32,688] {scheduler_job.py:633} INFO - Processing file /home/karuturihemanth/airflow_env/lib/python3.9/site-packages/airflow/example_dags/example_branch_operator.py for tasks to queue
[2021-07-16 11:13:32,688] {logging_mixin.py:104} INFO - [2021-07-16 11:13:32,688] {dagbag.py:496} INFO - Filling up the DagBag from /home/karuturihemanth/airflow_env/lib/python3.9/site-packages/airflow/example_dags/example_branch_operator.py
[2021-07-16 11:13:32,701] {scheduler_job.py:643} INFO - DAG(s) dict_keys(['example_branch_operator']) retrieved from /home/karuturihemanth/airflow_env/lib/python3.9/site-packages/airflow/example_dags/example_branch_operator.py
[2021-07-16 11:13:33,358] {logging_mixin.py:104} INFO - [2021-07-16 11:13:33,358] {dag.py:1833} INFO - Sync 1 DAGs
[2021-07-16 11:13:33,464] {logging_mixin.py:104} INFO - [2021-07-16 11:13:33,463] {dag.py:2306} INFO - Setting next_dagrun for example_branch_operator to 2021-07-14 00:00:00+00:00
[2021-07-16 11:13:33,683] {scheduler_job.py:190} INFO - Processing /home/karuturihemanth/airflow_env/lib/python3.9/site-packages/airflow/example_dags/example_branch_operator.py took 0.999 seconds
[2021-07-16 11:14:04,576] {scheduler_job.py:182} INFO - Started process (PID=6961) to work on /home/karuturihemanth/airflow_env/lib/python3.9/site-packages/airflow/example_dags/example_branch_operator.py
[2021-07-16 11:14:04,578] {scheduler_job.py:633} INFO - Processing file /home/karuturihemanth/airflow_env/lib/python3.9/site-packages/airflow/example_dags/example_branch_operator.py for tasks to queue
[2021-07-16 11:14:04,578] {logging_mixin.py:104} INFO - [2021-07-16 11:14:04,578] {dagbag.py:496} INFO - Filling up the DagBag from /home/karuturihemanth/airflow_env/lib/python3.9/site-packages/airflow/example_dags/example_branch_operator.py
[2021-07-16 11:14:04,589] {scheduler_job.py:643} INFO - DAG(s) dict_keys(['example_branch_operator']) retrieved from /home/karuturihemanth/airflow_env/lib/python3.9/site-packages/airflow/example_dags/example_branch_operator.py
[2021-07-16 11:14:05,257] {logging_mixin.py:104} INFO - [2021-07-16 11:14:05,257] {dag.py:1833} INFO - Sync 1 DAGs
[2021-07-16 11:14:05,364] {logging_mixin.py:104} INFO - [2021-07-16 11:14:05,364] {dag.py:2306} INFO - Setting next_dagrun for example_branch_operator to 2021-07-14 00:00:00+00:00
[2021-07-16 11:14:05,584] {scheduler_job.py:190} INFO - Processing /home/karuturihemanth/airflow_env/lib/python3.9/site-packages/airflow/example_dags/example_branch_operator.py took 1.015 seconds
[2021-07-16 11:14:35,937] {scheduler_job.py:182} INFO - Started process (PID=6996) to work on /home/karuturihemanth/airflow_env/lib/python3.9/site-packages/airflow/example_dags/example_branch_operator.py
[2021-07-16 11:14:35,938] {scheduler_job.py:633} INFO - Processing file /home/karuturihemanth/airflow_env/lib/python3.9/site-packages/airflow/example_dags/example_branch_operator.py for tasks to queue
[2021-07-16 11:14:35,938] {logging_mixin.py:104} INFO - [2021-07-16 11:14:35,938] {dagbag.py:496} INFO - Filling up the DagBag from /home/karuturihemanth/airflow_env/lib/python3.9/site-packages/airflow/example_dags/example_branch_operator.py
[2021-07-16 11:14:35,949] {scheduler_job.py:643} INFO - DAG(s) dict_keys(['example_branch_operator']) retrieved from /home/karuturihemanth/airflow_env/lib/python3.9/site-packages/airflow/example_dags/example_branch_operator.py
[2021-07-16 11:14:36,598] {logging_mixin.py:104} INFO - [2021-07-16 11:14:36,598] {dag.py:1833} INFO - Sync 1 DAGs
[2021-07-16 11:14:36,705] {logging_mixin.py:104} INFO - [2021-07-16 11:14:36,704] {dag.py:2306} INFO - Setting next_dagrun for example_branch_operator to 2021-07-14 00:00:00+00:00
[2021-07-16 11:14:36,932] {scheduler_job.py:190} INFO - Processing /home/karuturihemanth/airflow_env/lib/python3.9/site-packages/airflow/example_dags/example_branch_operator.py took 0.999 seconds
[2021-07-16 11:15:08,250] {scheduler_job.py:182} INFO - Started process (PID=7031) to work on /home/karuturihemanth/airflow_env/lib/python3.9/site-packages/airflow/example_dags/example_branch_operator.py
[2021-07-16 11:15:08,251] {scheduler_job.py:633} INFO - Processing file /home/karuturihemanth/airflow_env/lib/python3.9/site-packages/airflow/example_dags/example_branch_operator.py for tasks to queue
[2021-07-16 11:15:08,252] {logging_mixin.py:104} INFO - [2021-07-16 11:15:08,252] {dagbag.py:496} INFO - Filling up the DagBag from /home/karuturihemanth/airflow_env/lib/python3.9/site-packages/airflow/example_dags/example_branch_operator.py
[2021-07-16 11:15:08,263] {scheduler_job.py:643} INFO - DAG(s) dict_keys(['example_branch_operator']) retrieved from /home/karuturihemanth/airflow_env/lib/python3.9/site-packages/airflow/example_dags/example_branch_operator.py
[2021-07-16 11:15:08,927] {logging_mixin.py:104} INFO - [2021-07-16 11:15:08,927] {dag.py:1833} INFO - Sync 1 DAGs
[2021-07-16 11:15:09,034] {logging_mixin.py:104} INFO - [2021-07-16 11:15:09,034] {dag.py:2306} INFO - Setting next_dagrun for example_branch_operator to 2021-07-14 00:00:00+00:00
[2021-07-16 11:15:09,256] {scheduler_job.py:190} INFO - Processing /home/karuturihemanth/airflow_env/lib/python3.9/site-packages/airflow/example_dags/example_branch_operator.py took 1.010 seconds
[2021-07-16 11:15:40,398] {scheduler_job.py:182} INFO - Started process (PID=7066) to work on /home/karuturihemanth/airflow_env/lib/python3.9/site-packages/airflow/example_dags/example_branch_operator.py
[2021-07-16 11:15:40,399] {scheduler_job.py:633} INFO - Processing file /home/karuturihemanth/airflow_env/lib/python3.9/site-packages/airflow/example_dags/example_branch_operator.py for tasks to queue
[2021-07-16 11:15:40,399] {logging_mixin.py:104} INFO - [2021-07-16 11:15:40,399] {dagbag.py:496} INFO - Filling up the DagBag from /home/karuturihemanth/airflow_env/lib/python3.9/site-packages/airflow/example_dags/example_branch_operator.py
[2021-07-16 11:15:40,417] {scheduler_job.py:643} INFO - DAG(s) dict_keys(['example_branch_operator']) retrieved from /home/karuturihemanth/airflow_env/lib/python3.9/site-packages/airflow/example_dags/example_branch_operator.py
[2021-07-16 11:15:41,071] {logging_mixin.py:104} INFO - [2021-07-16 11:15:41,071] {dag.py:1833} INFO - Sync 1 DAGs
[2021-07-16 11:15:41,175] {logging_mixin.py:104} INFO - [2021-07-16 11:15:41,175] {dag.py:2306} INFO - Setting next_dagrun for example_branch_operator to 2021-07-14 00:00:00+00:00
[2021-07-16 11:15:41,391] {scheduler_job.py:190} INFO - Processing /home/karuturihemanth/airflow_env/lib/python3.9/site-packages/airflow/example_dags/example_branch_operator.py took 0.997 seconds
[2021-07-16 11:16:12,041] {scheduler_job.py:182} INFO - Started process (PID=7100) to work on /home/karuturihemanth/airflow_env/lib/python3.9/site-packages/airflow/example_dags/example_branch_operator.py
[2021-07-16 11:16:12,042] {scheduler_job.py:633} INFO - Processing file /home/karuturihemanth/airflow_env/lib/python3.9/site-packages/airflow/example_dags/example_branch_operator.py for tasks to queue
[2021-07-16 11:16:12,043] {logging_mixin.py:104} INFO - [2021-07-16 11:16:12,043] {dagbag.py:496} INFO - Filling up the DagBag from /home/karuturihemanth/airflow_env/lib/python3.9/site-packages/airflow/example_dags/example_branch_operator.py
[2021-07-16 11:16:12,054] {scheduler_job.py:643} INFO - DAG(s) dict_keys(['example_branch_operator']) retrieved from /home/karuturihemanth/airflow_env/lib/python3.9/site-packages/airflow/example_dags/example_branch_operator.py
[2021-07-16 11:16:12,724] {logging_mixin.py:104} INFO - [2021-07-16 11:16:12,723] {dag.py:1833} INFO - Sync 1 DAGs
[2021-07-16 11:16:12,829] {logging_mixin.py:104} INFO - [2021-07-16 11:16:12,829] {dag.py:2306} INFO - Setting next_dagrun for example_branch_operator to 2021-07-14 00:00:00+00:00
[2021-07-16 11:16:13,049] {scheduler_job.py:190} INFO - Processing /home/karuturihemanth/airflow_env/lib/python3.9/site-packages/airflow/example_dags/example_branch_operator.py took 1.011 seconds
[2021-07-16 11:16:43,438] {scheduler_job.py:182} INFO - Started process (PID=7135) to work on /home/karuturihemanth/airflow_env/lib/python3.9/site-packages/airflow/example_dags/example_branch_operator.py
[2021-07-16 11:16:43,439] {scheduler_job.py:633} INFO - Processing file /home/karuturihemanth/airflow_env/lib/python3.9/site-packages/airflow/example_dags/example_branch_operator.py for tasks to queue
[2021-07-16 11:16:43,439] {logging_mixin.py:104} INFO - [2021-07-16 11:16:43,439] {dagbag.py:496} INFO - Filling up the DagBag from /home/karuturihemanth/airflow_env/lib/python3.9/site-packages/airflow/example_dags/example_branch_operator.py
[2021-07-16 11:16:43,450] {scheduler_job.py:643} INFO - DAG(s) dict_keys(['example_branch_operator']) retrieved from /home/karuturihemanth/airflow_env/lib/python3.9/site-packages/airflow/example_dags/example_branch_operator.py
[2021-07-16 11:16:44,128] {logging_mixin.py:104} INFO - [2021-07-16 11:16:44,127] {dag.py:1833} INFO - Sync 1 DAGs
[2021-07-16 11:16:44,238] {logging_mixin.py:104} INFO - [2021-07-16 11:16:44,237] {dag.py:2306} INFO - Setting next_dagrun for example_branch_operator to 2021-07-14 00:00:00+00:00
[2021-07-16 11:16:44,464] {scheduler_job.py:190} INFO - Processing /home/karuturihemanth/airflow_env/lib/python3.9/site-packages/airflow/example_dags/example_branch_operator.py took 1.030 seconds
[2021-07-16 11:17:16,698] {scheduler_job.py:182} INFO - Started process (PID=7171) to work on /home/karuturihemanth/airflow_env/lib/python3.9/site-packages/airflow/example_dags/example_branch_operator.py
[2021-07-16 11:17:16,699] {scheduler_job.py:633} INFO - Processing file /home/karuturihemanth/airflow_env/lib/python3.9/site-packages/airflow/example_dags/example_branch_operator.py for tasks to queue
[2021-07-16 11:17:16,699] {logging_mixin.py:104} INFO - [2021-07-16 11:17:16,699] {dagbag.py:496} INFO - Filling up the DagBag from /home/karuturihemanth/airflow_env/lib/python3.9/site-packages/airflow/example_dags/example_branch_operator.py
[2021-07-16 11:17:16,711] {scheduler_job.py:643} INFO - DAG(s) dict_keys(['example_branch_operator']) retrieved from /home/karuturihemanth/airflow_env/lib/python3.9/site-packages/airflow/example_dags/example_branch_operator.py
[2021-07-16 11:17:17,370] {logging_mixin.py:104} INFO - [2021-07-16 11:17:17,369] {dag.py:1833} INFO - Sync 1 DAGs
[2021-07-16 11:17:17,474] {logging_mixin.py:104} INFO - [2021-07-16 11:17:17,474] {dag.py:2306} INFO - Setting next_dagrun for example_branch_operator to 2021-07-14 00:00:00+00:00
[2021-07-16 11:17:17,696] {scheduler_job.py:190} INFO - Processing /home/karuturihemanth/airflow_env/lib/python3.9/site-packages/airflow/example_dags/example_branch_operator.py took 1.001 seconds
[2021-07-16 11:17:48,056] {scheduler_job.py:182} INFO - Started process (PID=7403) to work on /home/karuturihemanth/airflow_env/lib/python3.9/site-packages/airflow/example_dags/example_branch_operator.py
[2021-07-16 11:17:48,058] {scheduler_job.py:633} INFO - Processing file /home/karuturihemanth/airflow_env/lib/python3.9/site-packages/airflow/example_dags/example_branch_operator.py for tasks to queue
[2021-07-16 11:17:48,058] {logging_mixin.py:104} INFO - [2021-07-16 11:17:48,058] {dagbag.py:496} INFO - Filling up the DagBag from /home/karuturihemanth/airflow_env/lib/python3.9/site-packages/airflow/example_dags/example_branch_operator.py
[2021-07-16 11:17:48,075] {scheduler_job.py:643} INFO - DAG(s) dict_keys(['example_branch_operator']) retrieved from /home/karuturihemanth/airflow_env/lib/python3.9/site-packages/airflow/example_dags/example_branch_operator.py
[2021-07-16 11:17:48,757] {logging_mixin.py:104} INFO - [2021-07-16 11:17:48,757] {dag.py:1833} INFO - Sync 1 DAGs
[2021-07-16 11:17:48,868] {logging_mixin.py:104} INFO - [2021-07-16 11:17:48,868] {dag.py:2306} INFO - Setting next_dagrun for example_branch_operator to 2021-07-14 00:00:00+00:00
[2021-07-16 11:17:49,094] {scheduler_job.py:190} INFO - Processing /home/karuturihemanth/airflow_env/lib/python3.9/site-packages/airflow/example_dags/example_branch_operator.py took 1.042 seconds
[2021-07-16 11:18:19,811] {scheduler_job.py:182} INFO - Started process (PID=7437) to work on /home/karuturihemanth/airflow_env/lib/python3.9/site-packages/airflow/example_dags/example_branch_operator.py
[2021-07-16 11:18:19,812] {scheduler_job.py:633} INFO - Processing file /home/karuturihemanth/airflow_env/lib/python3.9/site-packages/airflow/example_dags/example_branch_operator.py for tasks to queue
[2021-07-16 11:18:19,813] {logging_mixin.py:104} INFO - [2021-07-16 11:18:19,813] {dagbag.py:496} INFO - Filling up the DagBag from /home/karuturihemanth/airflow_env/lib/python3.9/site-packages/airflow/example_dags/example_branch_operator.py
[2021-07-16 11:18:19,824] {scheduler_job.py:643} INFO - DAG(s) dict_keys(['example_branch_operator']) retrieved from /home/karuturihemanth/airflow_env/lib/python3.9/site-packages/airflow/example_dags/example_branch_operator.py
[2021-07-16 11:18:20,466] {logging_mixin.py:104} INFO - [2021-07-16 11:18:20,465] {dag.py:1833} INFO - Sync 1 DAGs
[2021-07-16 11:18:20,568] {logging_mixin.py:104} INFO - [2021-07-16 11:18:20,568] {dag.py:2306} INFO - Setting next_dagrun for example_branch_operator to 2021-07-14 00:00:00+00:00
[2021-07-16 11:18:20,783] {scheduler_job.py:190} INFO - Processing /home/karuturihemanth/airflow_env/lib/python3.9/site-packages/airflow/example_dags/example_branch_operator.py took 0.975 seconds
[2021-07-16 11:18:51,803] {scheduler_job.py:182} INFO - Started process (PID=7473) to work on /home/karuturihemanth/airflow_env/lib/python3.9/site-packages/airflow/example_dags/example_branch_operator.py
[2021-07-16 11:18:51,804] {scheduler_job.py:633} INFO - Processing file /home/karuturihemanth/airflow_env/lib/python3.9/site-packages/airflow/example_dags/example_branch_operator.py for tasks to queue
[2021-07-16 11:18:51,805] {logging_mixin.py:104} INFO - [2021-07-16 11:18:51,805] {dagbag.py:496} INFO - Filling up the DagBag from /home/karuturihemanth/airflow_env/lib/python3.9/site-packages/airflow/example_dags/example_branch_operator.py
[2021-07-16 11:18:51,816] {scheduler_job.py:643} INFO - DAG(s) dict_keys(['example_branch_operator']) retrieved from /home/karuturihemanth/airflow_env/lib/python3.9/site-packages/airflow/example_dags/example_branch_operator.py
[2021-07-16 11:18:52,479] {logging_mixin.py:104} INFO - [2021-07-16 11:18:52,479] {dag.py:1833} INFO - Sync 1 DAGs
[2021-07-16 11:18:52,586] {logging_mixin.py:104} INFO - [2021-07-16 11:18:52,586] {dag.py:2306} INFO - Setting next_dagrun for example_branch_operator to 2021-07-14 00:00:00+00:00
[2021-07-16 11:18:52,805] {scheduler_job.py:190} INFO - Processing /home/karuturihemanth/airflow_env/lib/python3.9/site-packages/airflow/example_dags/example_branch_operator.py took 1.005 seconds
