[2021-07-16 03:23:19,707] {scheduler_job.py:182} INFO - Started process (PID=1079) to work on /home/karuturihemanth/airflow_env/lib/python3.9/site-packages/airflow/example_dags/example_latest_only.py
[2021-07-16 03:23:19,708] {scheduler_job.py:633} INFO - Processing file /home/karuturihemanth/airflow_env/lib/python3.9/site-packages/airflow/example_dags/example_latest_only.py for tasks to queue
[2021-07-16 03:23:19,709] {logging_mixin.py:104} INFO - [2021-07-16 03:23:19,709] {dagbag.py:496} INFO - Filling up the DagBag from /home/karuturihemanth/airflow_env/lib/python3.9/site-packages/airflow/example_dags/example_latest_only.py
[2021-07-16 03:23:19,718] {scheduler_job.py:643} INFO - DAG(s) dict_keys(['latest_only']) retrieved from /home/karuturihemanth/airflow_env/lib/python3.9/site-packages/airflow/example_dags/example_latest_only.py
[2021-07-16 03:23:19,963] {logging_mixin.py:104} INFO - [2021-07-16 03:23:19,963] {dag.py:1833} INFO - Sync 1 DAGs
[2021-07-16 03:23:19,971] {logging_mixin.py:104} INFO - [2021-07-16 03:23:19,971] {dag.py:2306} INFO - Setting next_dagrun for latest_only to 2021-07-14 00:00:00+00:00
[2021-07-16 03:23:19,984] {scheduler_job.py:190} INFO - Processing /home/karuturihemanth/airflow_env/lib/python3.9/site-packages/airflow/example_dags/example_latest_only.py took 0.279 seconds
[2021-07-16 03:23:59,800] {scheduler_job.py:182} INFO - Started process (PID=1114) to work on /home/karuturihemanth/airflow_env/lib/python3.9/site-packages/airflow/example_dags/example_latest_only.py
[2021-07-16 03:23:59,801] {scheduler_job.py:633} INFO - Processing file /home/karuturihemanth/airflow_env/lib/python3.9/site-packages/airflow/example_dags/example_latest_only.py for tasks to queue
[2021-07-16 03:23:59,802] {logging_mixin.py:104} INFO - [2021-07-16 03:23:59,802] {dagbag.py:496} INFO - Filling up the DagBag from /home/karuturihemanth/airflow_env/lib/python3.9/site-packages/airflow/example_dags/example_latest_only.py
[2021-07-16 03:23:59,811] {scheduler_job.py:643} INFO - DAG(s) dict_keys(['latest_only']) retrieved from /home/karuturihemanth/airflow_env/lib/python3.9/site-packages/airflow/example_dags/example_latest_only.py
[2021-07-16 03:23:59,824] {logging_mixin.py:104} INFO - [2021-07-16 03:23:59,823] {dag.py:1833} INFO - Sync 1 DAGs
[2021-07-16 03:23:59,833] {logging_mixin.py:104} INFO - [2021-07-16 03:23:59,833] {dag.py:2306} INFO - Setting next_dagrun for latest_only to 2021-07-14 00:00:00+00:00
[2021-07-16 03:23:59,845] {scheduler_job.py:190} INFO - Processing /home/karuturihemanth/airflow_env/lib/python3.9/site-packages/airflow/example_dags/example_latest_only.py took 0.047 seconds
[2021-07-16 03:24:37,521] {scheduler_job.py:182} INFO - Started process (PID=1160) to work on /home/karuturihemanth/airflow_env/lib/python3.9/site-packages/airflow/example_dags/example_latest_only.py
[2021-07-16 03:24:37,523] {scheduler_job.py:633} INFO - Processing file /home/karuturihemanth/airflow_env/lib/python3.9/site-packages/airflow/example_dags/example_latest_only.py for tasks to queue
[2021-07-16 03:24:37,524] {logging_mixin.py:104} INFO - [2021-07-16 03:24:37,524] {dagbag.py:496} INFO - Filling up the DagBag from /home/karuturihemanth/airflow_env/lib/python3.9/site-packages/airflow/example_dags/example_latest_only.py
[2021-07-16 03:24:37,536] {scheduler_job.py:643} INFO - DAG(s) dict_keys(['latest_only']) retrieved from /home/karuturihemanth/airflow_env/lib/python3.9/site-packages/airflow/example_dags/example_latest_only.py
[2021-07-16 03:24:37,549] {logging_mixin.py:104} INFO - [2021-07-16 03:24:37,549] {dag.py:1833} INFO - Sync 1 DAGs
[2021-07-16 03:24:37,559] {logging_mixin.py:104} INFO - [2021-07-16 03:24:37,559] {dag.py:2306} INFO - Setting next_dagrun for latest_only to 2021-07-14 00:00:00+00:00
[2021-07-16 03:24:37,570] {scheduler_job.py:190} INFO - Processing /home/karuturihemanth/airflow_env/lib/python3.9/site-packages/airflow/example_dags/example_latest_only.py took 0.052 seconds
[2021-07-16 03:25:11,815] {scheduler_job.py:182} INFO - Started process (PID=1194) to work on /home/karuturihemanth/airflow_env/lib/python3.9/site-packages/airflow/example_dags/example_latest_only.py
[2021-07-16 03:25:11,816] {scheduler_job.py:633} INFO - Processing file /home/karuturihemanth/airflow_env/lib/python3.9/site-packages/airflow/example_dags/example_latest_only.py for tasks to queue
[2021-07-16 03:25:11,817] {logging_mixin.py:104} INFO - [2021-07-16 03:25:11,817] {dagbag.py:496} INFO - Filling up the DagBag from /home/karuturihemanth/airflow_env/lib/python3.9/site-packages/airflow/example_dags/example_latest_only.py
[2021-07-16 03:25:11,826] {scheduler_job.py:643} INFO - DAG(s) dict_keys(['latest_only']) retrieved from /home/karuturihemanth/airflow_env/lib/python3.9/site-packages/airflow/example_dags/example_latest_only.py
[2021-07-16 03:25:11,840] {logging_mixin.py:104} INFO - [2021-07-16 03:25:11,840] {dag.py:1833} INFO - Sync 1 DAGs
[2021-07-16 03:25:11,850] {logging_mixin.py:104} INFO - [2021-07-16 03:25:11,850] {dag.py:2306} INFO - Setting next_dagrun for latest_only to 2021-07-14 00:00:00+00:00
[2021-07-16 03:25:11,863] {scheduler_job.py:190} INFO - Processing /home/karuturihemanth/airflow_env/lib/python3.9/site-packages/airflow/example_dags/example_latest_only.py took 0.051 seconds
[2021-07-16 03:25:45,774] {scheduler_job.py:182} INFO - Started process (PID=1229) to work on /home/karuturihemanth/airflow_env/lib/python3.9/site-packages/airflow/example_dags/example_latest_only.py
[2021-07-16 03:25:45,775] {scheduler_job.py:633} INFO - Processing file /home/karuturihemanth/airflow_env/lib/python3.9/site-packages/airflow/example_dags/example_latest_only.py for tasks to queue
[2021-07-16 03:25:45,776] {logging_mixin.py:104} INFO - [2021-07-16 03:25:45,776] {dagbag.py:496} INFO - Filling up the DagBag from /home/karuturihemanth/airflow_env/lib/python3.9/site-packages/airflow/example_dags/example_latest_only.py
[2021-07-16 03:25:45,785] {scheduler_job.py:643} INFO - DAG(s) dict_keys(['latest_only']) retrieved from /home/karuturihemanth/airflow_env/lib/python3.9/site-packages/airflow/example_dags/example_latest_only.py
[2021-07-16 03:25:45,798] {logging_mixin.py:104} INFO - [2021-07-16 03:25:45,798] {dag.py:1833} INFO - Sync 1 DAGs
[2021-07-16 03:25:45,808] {logging_mixin.py:104} INFO - [2021-07-16 03:25:45,808] {dag.py:2306} INFO - Setting next_dagrun for latest_only to 2021-07-14 00:00:00+00:00
[2021-07-16 03:25:45,820] {scheduler_job.py:190} INFO - Processing /home/karuturihemanth/airflow_env/lib/python3.9/site-packages/airflow/example_dags/example_latest_only.py took 0.049 seconds
[2021-07-16 03:26:21,784] {scheduler_job.py:182} INFO - Started process (PID=1263) to work on /home/karuturihemanth/airflow_env/lib/python3.9/site-packages/airflow/example_dags/example_latest_only.py
[2021-07-16 03:26:21,785] {scheduler_job.py:633} INFO - Processing file /home/karuturihemanth/airflow_env/lib/python3.9/site-packages/airflow/example_dags/example_latest_only.py for tasks to queue
[2021-07-16 03:26:21,786] {logging_mixin.py:104} INFO - [2021-07-16 03:26:21,786] {dagbag.py:496} INFO - Filling up the DagBag from /home/karuturihemanth/airflow_env/lib/python3.9/site-packages/airflow/example_dags/example_latest_only.py
[2021-07-16 03:26:21,795] {scheduler_job.py:643} INFO - DAG(s) dict_keys(['latest_only']) retrieved from /home/karuturihemanth/airflow_env/lib/python3.9/site-packages/airflow/example_dags/example_latest_only.py
[2021-07-16 03:26:21,808] {logging_mixin.py:104} INFO - [2021-07-16 03:26:21,808] {dag.py:1833} INFO - Sync 1 DAGs
[2021-07-16 03:26:21,818] {logging_mixin.py:104} INFO - [2021-07-16 03:26:21,818] {dag.py:2306} INFO - Setting next_dagrun for latest_only to 2021-07-14 00:00:00+00:00
[2021-07-16 03:26:21,830] {scheduler_job.py:190} INFO - Processing /home/karuturihemanth/airflow_env/lib/python3.9/site-packages/airflow/example_dags/example_latest_only.py took 0.048 seconds
[2021-07-16 03:27:10,722] {scheduler_job.py:182} INFO - Started process (PID=1308) to work on /home/karuturihemanth/airflow_env/lib/python3.9/site-packages/airflow/example_dags/example_latest_only.py
[2021-07-16 03:27:10,723] {scheduler_job.py:633} INFO - Processing file /home/karuturihemanth/airflow_env/lib/python3.9/site-packages/airflow/example_dags/example_latest_only.py for tasks to queue
[2021-07-16 03:27:10,724] {logging_mixin.py:104} INFO - [2021-07-16 03:27:10,724] {dagbag.py:496} INFO - Filling up the DagBag from /home/karuturihemanth/airflow_env/lib/python3.9/site-packages/airflow/example_dags/example_latest_only.py
[2021-07-16 03:27:10,733] {scheduler_job.py:643} INFO - DAG(s) dict_keys(['latest_only']) retrieved from /home/karuturihemanth/airflow_env/lib/python3.9/site-packages/airflow/example_dags/example_latest_only.py
[2021-07-16 03:27:10,746] {logging_mixin.py:104} INFO - [2021-07-16 03:27:10,746] {dag.py:1833} INFO - Sync 1 DAGs
[2021-07-16 03:27:10,756] {logging_mixin.py:104} INFO - [2021-07-16 03:27:10,756] {dag.py:2306} INFO - Setting next_dagrun for latest_only to 2021-07-14 00:00:00+00:00
[2021-07-16 03:27:10,769] {scheduler_job.py:190} INFO - Processing /home/karuturihemanth/airflow_env/lib/python3.9/site-packages/airflow/example_dags/example_latest_only.py took 0.049 seconds
[2021-07-16 03:27:46,318] {scheduler_job.py:182} INFO - Started process (PID=1342) to work on /home/karuturihemanth/airflow_env/lib/python3.9/site-packages/airflow/example_dags/example_latest_only.py
[2021-07-16 03:27:46,319] {scheduler_job.py:633} INFO - Processing file /home/karuturihemanth/airflow_env/lib/python3.9/site-packages/airflow/example_dags/example_latest_only.py for tasks to queue
[2021-07-16 03:27:46,320] {logging_mixin.py:104} INFO - [2021-07-16 03:27:46,319] {dagbag.py:496} INFO - Filling up the DagBag from /home/karuturihemanth/airflow_env/lib/python3.9/site-packages/airflow/example_dags/example_latest_only.py
[2021-07-16 03:27:46,329] {scheduler_job.py:643} INFO - DAG(s) dict_keys(['latest_only']) retrieved from /home/karuturihemanth/airflow_env/lib/python3.9/site-packages/airflow/example_dags/example_latest_only.py
[2021-07-16 03:27:46,342] {logging_mixin.py:104} INFO - [2021-07-16 03:27:46,342] {dag.py:1833} INFO - Sync 1 DAGs
[2021-07-16 03:27:46,351] {logging_mixin.py:104} INFO - [2021-07-16 03:27:46,351] {dag.py:2306} INFO - Setting next_dagrun for latest_only to 2021-07-14 00:00:00+00:00
[2021-07-16 03:27:46,364] {scheduler_job.py:190} INFO - Processing /home/karuturihemanth/airflow_env/lib/python3.9/site-packages/airflow/example_dags/example_latest_only.py took 0.050 seconds
[2021-07-16 03:28:21,098] {scheduler_job.py:182} INFO - Started process (PID=1376) to work on /home/karuturihemanth/airflow_env/lib/python3.9/site-packages/airflow/example_dags/example_latest_only.py
[2021-07-16 03:28:21,099] {scheduler_job.py:633} INFO - Processing file /home/karuturihemanth/airflow_env/lib/python3.9/site-packages/airflow/example_dags/example_latest_only.py for tasks to queue
[2021-07-16 03:28:21,100] {logging_mixin.py:104} INFO - [2021-07-16 03:28:21,099] {dagbag.py:496} INFO - Filling up the DagBag from /home/karuturihemanth/airflow_env/lib/python3.9/site-packages/airflow/example_dags/example_latest_only.py
[2021-07-16 03:28:21,111] {scheduler_job.py:643} INFO - DAG(s) dict_keys(['latest_only']) retrieved from /home/karuturihemanth/airflow_env/lib/python3.9/site-packages/airflow/example_dags/example_latest_only.py
[2021-07-16 03:28:21,126] {logging_mixin.py:104} INFO - [2021-07-16 03:28:21,126] {dag.py:1833} INFO - Sync 1 DAGs
[2021-07-16 03:28:21,135] {logging_mixin.py:104} INFO - [2021-07-16 03:28:21,135] {dag.py:2306} INFO - Setting next_dagrun for latest_only to 2021-07-14 00:00:00+00:00
[2021-07-16 03:28:21,149] {scheduler_job.py:190} INFO - Processing /home/karuturihemanth/airflow_env/lib/python3.9/site-packages/airflow/example_dags/example_latest_only.py took 0.054 seconds
[2021-07-16 03:28:55,041] {scheduler_job.py:182} INFO - Started process (PID=1410) to work on /home/karuturihemanth/airflow_env/lib/python3.9/site-packages/airflow/example_dags/example_latest_only.py
[2021-07-16 03:28:55,042] {scheduler_job.py:633} INFO - Processing file /home/karuturihemanth/airflow_env/lib/python3.9/site-packages/airflow/example_dags/example_latest_only.py for tasks to queue
[2021-07-16 03:28:55,042] {logging_mixin.py:104} INFO - [2021-07-16 03:28:55,042] {dagbag.py:496} INFO - Filling up the DagBag from /home/karuturihemanth/airflow_env/lib/python3.9/site-packages/airflow/example_dags/example_latest_only.py
[2021-07-16 03:28:55,052] {scheduler_job.py:643} INFO - DAG(s) dict_keys(['latest_only']) retrieved from /home/karuturihemanth/airflow_env/lib/python3.9/site-packages/airflow/example_dags/example_latest_only.py
[2021-07-16 03:28:55,065] {logging_mixin.py:104} INFO - [2021-07-16 03:28:55,065] {dag.py:1833} INFO - Sync 1 DAGs
[2021-07-16 03:28:55,074] {logging_mixin.py:104} INFO - [2021-07-16 03:28:55,074] {dag.py:2306} INFO - Setting next_dagrun for latest_only to 2021-07-14 00:00:00+00:00
[2021-07-16 03:28:55,086] {scheduler_job.py:190} INFO - Processing /home/karuturihemanth/airflow_env/lib/python3.9/site-packages/airflow/example_dags/example_latest_only.py took 0.048 seconds
[2021-07-16 03:29:29,868] {scheduler_job.py:182} INFO - Started process (PID=1444) to work on /home/karuturihemanth/airflow_env/lib/python3.9/site-packages/airflow/example_dags/example_latest_only.py
[2021-07-16 03:29:29,869] {scheduler_job.py:633} INFO - Processing file /home/karuturihemanth/airflow_env/lib/python3.9/site-packages/airflow/example_dags/example_latest_only.py for tasks to queue
[2021-07-16 03:29:29,869] {logging_mixin.py:104} INFO - [2021-07-16 03:29:29,869] {dagbag.py:496} INFO - Filling up the DagBag from /home/karuturihemanth/airflow_env/lib/python3.9/site-packages/airflow/example_dags/example_latest_only.py
[2021-07-16 03:29:29,879] {scheduler_job.py:643} INFO - DAG(s) dict_keys(['latest_only']) retrieved from /home/karuturihemanth/airflow_env/lib/python3.9/site-packages/airflow/example_dags/example_latest_only.py
[2021-07-16 03:29:29,892] {logging_mixin.py:104} INFO - [2021-07-16 03:29:29,892] {dag.py:1833} INFO - Sync 1 DAGs
[2021-07-16 03:29:29,901] {logging_mixin.py:104} INFO - [2021-07-16 03:29:29,901] {dag.py:2306} INFO - Setting next_dagrun for latest_only to 2021-07-14 00:00:00+00:00
[2021-07-16 03:29:29,914] {scheduler_job.py:190} INFO - Processing /home/karuturihemanth/airflow_env/lib/python3.9/site-packages/airflow/example_dags/example_latest_only.py took 0.050 seconds
[2021-07-16 03:30:04,922] {scheduler_job.py:182} INFO - Started process (PID=1479) to work on /home/karuturihemanth/airflow_env/lib/python3.9/site-packages/airflow/example_dags/example_latest_only.py
[2021-07-16 03:30:04,923] {scheduler_job.py:633} INFO - Processing file /home/karuturihemanth/airflow_env/lib/python3.9/site-packages/airflow/example_dags/example_latest_only.py for tasks to queue
[2021-07-16 03:30:04,923] {logging_mixin.py:104} INFO - [2021-07-16 03:30:04,923] {dagbag.py:496} INFO - Filling up the DagBag from /home/karuturihemanth/airflow_env/lib/python3.9/site-packages/airflow/example_dags/example_latest_only.py
[2021-07-16 03:30:04,933] {scheduler_job.py:643} INFO - DAG(s) dict_keys(['latest_only']) retrieved from /home/karuturihemanth/airflow_env/lib/python3.9/site-packages/airflow/example_dags/example_latest_only.py
[2021-07-16 03:30:04,946] {logging_mixin.py:104} INFO - [2021-07-16 03:30:04,946] {dag.py:1833} INFO - Sync 1 DAGs
[2021-07-16 03:30:04,955] {logging_mixin.py:104} INFO - [2021-07-16 03:30:04,955] {dag.py:2306} INFO - Setting next_dagrun for latest_only to 2021-07-14 00:00:00+00:00
[2021-07-16 03:30:04,967] {scheduler_job.py:190} INFO - Processing /home/karuturihemanth/airflow_env/lib/python3.9/site-packages/airflow/example_dags/example_latest_only.py took 0.049 seconds
[2021-07-16 03:30:37,485] {scheduler_job.py:182} INFO - Started process (PID=1513) to work on /home/karuturihemanth/airflow_env/lib/python3.9/site-packages/airflow/example_dags/example_latest_only.py
[2021-07-16 03:30:37,486] {scheduler_job.py:633} INFO - Processing file /home/karuturihemanth/airflow_env/lib/python3.9/site-packages/airflow/example_dags/example_latest_only.py for tasks to queue
[2021-07-16 03:30:37,487] {logging_mixin.py:104} INFO - [2021-07-16 03:30:37,486] {dagbag.py:496} INFO - Filling up the DagBag from /home/karuturihemanth/airflow_env/lib/python3.9/site-packages/airflow/example_dags/example_latest_only.py
[2021-07-16 03:30:37,496] {scheduler_job.py:643} INFO - DAG(s) dict_keys(['latest_only']) retrieved from /home/karuturihemanth/airflow_env/lib/python3.9/site-packages/airflow/example_dags/example_latest_only.py
[2021-07-16 03:30:37,509] {logging_mixin.py:104} INFO - [2021-07-16 03:30:37,509] {dag.py:1833} INFO - Sync 1 DAGs
[2021-07-16 03:30:37,518] {logging_mixin.py:104} INFO - [2021-07-16 03:30:37,518] {dag.py:2306} INFO - Setting next_dagrun for latest_only to 2021-07-14 00:00:00+00:00
[2021-07-16 03:30:37,530] {scheduler_job.py:190} INFO - Processing /home/karuturihemanth/airflow_env/lib/python3.9/site-packages/airflow/example_dags/example_latest_only.py took 0.048 seconds
[2021-07-16 03:31:10,233] {scheduler_job.py:182} INFO - Started process (PID=1546) to work on /home/karuturihemanth/airflow_env/lib/python3.9/site-packages/airflow/example_dags/example_latest_only.py
[2021-07-16 03:31:10,234] {scheduler_job.py:633} INFO - Processing file /home/karuturihemanth/airflow_env/lib/python3.9/site-packages/airflow/example_dags/example_latest_only.py for tasks to queue
[2021-07-16 03:31:10,234] {logging_mixin.py:104} INFO - [2021-07-16 03:31:10,234] {dagbag.py:496} INFO - Filling up the DagBag from /home/karuturihemanth/airflow_env/lib/python3.9/site-packages/airflow/example_dags/example_latest_only.py
[2021-07-16 03:31:10,244] {scheduler_job.py:643} INFO - DAG(s) dict_keys(['latest_only']) retrieved from /home/karuturihemanth/airflow_env/lib/python3.9/site-packages/airflow/example_dags/example_latest_only.py
[2021-07-16 03:31:10,256] {logging_mixin.py:104} INFO - [2021-07-16 03:31:10,256] {dag.py:1833} INFO - Sync 1 DAGs
[2021-07-16 03:31:10,266] {logging_mixin.py:104} INFO - [2021-07-16 03:31:10,266] {dag.py:2306} INFO - Setting next_dagrun for latest_only to 2021-07-14 00:00:00+00:00
[2021-07-16 03:31:10,277] {scheduler_job.py:190} INFO - Processing /home/karuturihemanth/airflow_env/lib/python3.9/site-packages/airflow/example_dags/example_latest_only.py took 0.047 seconds
[2021-07-16 03:31:44,493] {scheduler_job.py:182} INFO - Started process (PID=1743) to work on /home/karuturihemanth/airflow_env/lib/python3.9/site-packages/airflow/example_dags/example_latest_only.py
[2021-07-16 03:31:44,495] {scheduler_job.py:633} INFO - Processing file /home/karuturihemanth/airflow_env/lib/python3.9/site-packages/airflow/example_dags/example_latest_only.py for tasks to queue
[2021-07-16 03:31:44,495] {logging_mixin.py:104} INFO - [2021-07-16 03:31:44,495] {dagbag.py:496} INFO - Filling up the DagBag from /home/karuturihemanth/airflow_env/lib/python3.9/site-packages/airflow/example_dags/example_latest_only.py
[2021-07-16 03:31:44,511] {scheduler_job.py:643} INFO - DAG(s) dict_keys(['latest_only']) retrieved from /home/karuturihemanth/airflow_env/lib/python3.9/site-packages/airflow/example_dags/example_latest_only.py
[2021-07-16 03:31:44,532] {logging_mixin.py:104} INFO - [2021-07-16 03:31:44,531] {dag.py:1833} INFO - Sync 1 DAGs
[2021-07-16 03:31:44,549] {logging_mixin.py:104} INFO - [2021-07-16 03:31:44,549] {dag.py:2306} INFO - Setting next_dagrun for latest_only to 2021-07-14 00:00:00+00:00
[2021-07-16 03:31:44,565] {scheduler_job.py:190} INFO - Processing /home/karuturihemanth/airflow_env/lib/python3.9/site-packages/airflow/example_dags/example_latest_only.py took 0.077 seconds
[2021-07-16 03:32:21,522] {scheduler_job.py:182} INFO - Started process (PID=1939) to work on /home/karuturihemanth/airflow_env/lib/python3.9/site-packages/airflow/example_dags/example_latest_only.py
[2021-07-16 03:32:21,524] {scheduler_job.py:633} INFO - Processing file /home/karuturihemanth/airflow_env/lib/python3.9/site-packages/airflow/example_dags/example_latest_only.py for tasks to queue
[2021-07-16 03:32:21,525] {logging_mixin.py:104} INFO - [2021-07-16 03:32:21,525] {dagbag.py:496} INFO - Filling up the DagBag from /home/karuturihemanth/airflow_env/lib/python3.9/site-packages/airflow/example_dags/example_latest_only.py
[2021-07-16 03:32:21,543] {scheduler_job.py:643} INFO - DAG(s) dict_keys(['latest_only']) retrieved from /home/karuturihemanth/airflow_env/lib/python3.9/site-packages/airflow/example_dags/example_latest_only.py
[2021-07-16 03:32:21,564] {logging_mixin.py:104} INFO - [2021-07-16 03:32:21,564] {dag.py:1833} INFO - Sync 1 DAGs
[2021-07-16 03:32:21,578] {logging_mixin.py:104} INFO - [2021-07-16 03:32:21,578] {dag.py:2306} INFO - Setting next_dagrun for latest_only to 2021-07-14 00:00:00+00:00
[2021-07-16 03:32:21,708] {scheduler_job.py:190} INFO - Processing /home/karuturihemanth/airflow_env/lib/python3.9/site-packages/airflow/example_dags/example_latest_only.py took 0.190 seconds
[2021-07-16 03:33:26,371] {scheduler_job.py:182} INFO - Started process (PID=4629) to work on /home/karuturihemanth/airflow_env/lib/python3.9/site-packages/airflow/example_dags/example_latest_only.py
[2021-07-16 03:33:26,374] {scheduler_job.py:633} INFO - Processing file /home/karuturihemanth/airflow_env/lib/python3.9/site-packages/airflow/example_dags/example_latest_only.py for tasks to queue
[2021-07-16 03:33:26,374] {logging_mixin.py:104} INFO - [2021-07-16 03:33:26,374] {dagbag.py:496} INFO - Filling up the DagBag from /home/karuturihemanth/airflow_env/lib/python3.9/site-packages/airflow/example_dags/example_latest_only.py
[2021-07-16 03:33:26,387] {scheduler_job.py:643} INFO - DAG(s) dict_keys(['latest_only']) retrieved from /home/karuturihemanth/airflow_env/lib/python3.9/site-packages/airflow/example_dags/example_latest_only.py
[2021-07-16 03:33:26,404] {logging_mixin.py:104} INFO - [2021-07-16 03:33:26,403] {dag.py:1833} INFO - Sync 1 DAGs
[2021-07-16 03:33:26,414] {logging_mixin.py:104} INFO - [2021-07-16 03:33:26,414] {dag.py:2306} INFO - Setting next_dagrun for latest_only to 2021-07-14 00:00:00+00:00
[2021-07-16 03:33:26,426] {scheduler_job.py:190} INFO - Processing /home/karuturihemanth/airflow_env/lib/python3.9/site-packages/airflow/example_dags/example_latest_only.py took 0.058 seconds
[2021-07-16 03:34:03,108] {scheduler_job.py:182} INFO - Started process (PID=4668) to work on /home/karuturihemanth/airflow_env/lib/python3.9/site-packages/airflow/example_dags/example_latest_only.py
[2021-07-16 03:34:03,111] {scheduler_job.py:633} INFO - Processing file /home/karuturihemanth/airflow_env/lib/python3.9/site-packages/airflow/example_dags/example_latest_only.py for tasks to queue
[2021-07-16 03:34:03,112] {logging_mixin.py:104} INFO - [2021-07-16 03:34:03,112] {dagbag.py:496} INFO - Filling up the DagBag from /home/karuturihemanth/airflow_env/lib/python3.9/site-packages/airflow/example_dags/example_latest_only.py
[2021-07-16 03:34:03,123] {scheduler_job.py:643} INFO - DAG(s) dict_keys(['latest_only']) retrieved from /home/karuturihemanth/airflow_env/lib/python3.9/site-packages/airflow/example_dags/example_latest_only.py
[2021-07-16 03:34:03,136] {logging_mixin.py:104} INFO - [2021-07-16 03:34:03,136] {dag.py:1833} INFO - Sync 1 DAGs
[2021-07-16 03:34:03,146] {logging_mixin.py:104} INFO - [2021-07-16 03:34:03,146] {dag.py:2306} INFO - Setting next_dagrun for latest_only to 2021-07-14 00:00:00+00:00
[2021-07-16 03:34:03,158] {scheduler_job.py:190} INFO - Processing /home/karuturihemanth/airflow_env/lib/python3.9/site-packages/airflow/example_dags/example_latest_only.py took 0.053 seconds
[2021-07-16 03:34:39,246] {scheduler_job.py:182} INFO - Started process (PID=4758) to work on /home/karuturihemanth/airflow_env/lib/python3.9/site-packages/airflow/example_dags/example_latest_only.py
[2021-07-16 03:34:39,248] {scheduler_job.py:633} INFO - Processing file /home/karuturihemanth/airflow_env/lib/python3.9/site-packages/airflow/example_dags/example_latest_only.py for tasks to queue
[2021-07-16 03:34:39,248] {logging_mixin.py:104} INFO - [2021-07-16 03:34:39,248] {dagbag.py:496} INFO - Filling up the DagBag from /home/karuturihemanth/airflow_env/lib/python3.9/site-packages/airflow/example_dags/example_latest_only.py
[2021-07-16 03:34:39,259] {scheduler_job.py:643} INFO - DAG(s) dict_keys(['latest_only']) retrieved from /home/karuturihemanth/airflow_env/lib/python3.9/site-packages/airflow/example_dags/example_latest_only.py
[2021-07-16 03:34:39,272] {logging_mixin.py:104} INFO - [2021-07-16 03:34:39,272] {dag.py:1833} INFO - Sync 1 DAGs
[2021-07-16 03:34:39,282] {logging_mixin.py:104} INFO - [2021-07-16 03:34:39,282] {dag.py:2306} INFO - Setting next_dagrun for latest_only to 2021-07-14 00:00:00+00:00
[2021-07-16 03:34:39,294] {scheduler_job.py:190} INFO - Processing /home/karuturihemanth/airflow_env/lib/python3.9/site-packages/airflow/example_dags/example_latest_only.py took 0.051 seconds
[2021-07-16 03:35:13,458] {scheduler_job.py:182} INFO - Started process (PID=4797) to work on /home/karuturihemanth/airflow_env/lib/python3.9/site-packages/airflow/example_dags/example_latest_only.py
[2021-07-16 03:35:13,459] {scheduler_job.py:633} INFO - Processing file /home/karuturihemanth/airflow_env/lib/python3.9/site-packages/airflow/example_dags/example_latest_only.py for tasks to queue
[2021-07-16 03:35:13,459] {logging_mixin.py:104} INFO - [2021-07-16 03:35:13,459] {dagbag.py:496} INFO - Filling up the DagBag from /home/karuturihemanth/airflow_env/lib/python3.9/site-packages/airflow/example_dags/example_latest_only.py
[2021-07-16 03:35:13,469] {scheduler_job.py:643} INFO - DAG(s) dict_keys(['latest_only']) retrieved from /home/karuturihemanth/airflow_env/lib/python3.9/site-packages/airflow/example_dags/example_latest_only.py
[2021-07-16 03:35:13,483] {logging_mixin.py:104} INFO - [2021-07-16 03:35:13,483] {dag.py:1833} INFO - Sync 1 DAGs
[2021-07-16 03:35:13,492] {logging_mixin.py:104} INFO - [2021-07-16 03:35:13,492] {dag.py:2306} INFO - Setting next_dagrun for latest_only to 2021-07-14 00:00:00+00:00
[2021-07-16 03:35:13,505] {scheduler_job.py:190} INFO - Processing /home/karuturihemanth/airflow_env/lib/python3.9/site-packages/airflow/example_dags/example_latest_only.py took 0.050 seconds
[2021-07-16 03:35:48,353] {scheduler_job.py:182} INFO - Started process (PID=4980) to work on /home/karuturihemanth/airflow_env/lib/python3.9/site-packages/airflow/example_dags/example_latest_only.py
[2021-07-16 03:35:48,356] {scheduler_job.py:633} INFO - Processing file /home/karuturihemanth/airflow_env/lib/python3.9/site-packages/airflow/example_dags/example_latest_only.py for tasks to queue
[2021-07-16 03:35:48,356] {logging_mixin.py:104} INFO - [2021-07-16 03:35:48,356] {dagbag.py:496} INFO - Filling up the DagBag from /home/karuturihemanth/airflow_env/lib/python3.9/site-packages/airflow/example_dags/example_latest_only.py
[2021-07-16 03:35:48,367] {scheduler_job.py:643} INFO - DAG(s) dict_keys(['latest_only']) retrieved from /home/karuturihemanth/airflow_env/lib/python3.9/site-packages/airflow/example_dags/example_latest_only.py
[2021-07-16 03:35:48,386] {logging_mixin.py:104} INFO - [2021-07-16 03:35:48,386] {dag.py:1833} INFO - Sync 1 DAGs
[2021-07-16 03:35:48,399] {logging_mixin.py:104} INFO - [2021-07-16 03:35:48,399] {dag.py:2306} INFO - Setting next_dagrun for latest_only to 2021-07-14 00:00:00+00:00
[2021-07-16 03:35:48,413] {scheduler_job.py:190} INFO - Processing /home/karuturihemanth/airflow_env/lib/python3.9/site-packages/airflow/example_dags/example_latest_only.py took 0.063 seconds
[2021-07-16 03:36:25,208] {scheduler_job.py:182} INFO - Started process (PID=5074) to work on /home/karuturihemanth/airflow_env/lib/python3.9/site-packages/airflow/example_dags/example_latest_only.py
[2021-07-16 03:36:25,210] {scheduler_job.py:633} INFO - Processing file /home/karuturihemanth/airflow_env/lib/python3.9/site-packages/airflow/example_dags/example_latest_only.py for tasks to queue
[2021-07-16 03:36:25,210] {logging_mixin.py:104} INFO - [2021-07-16 03:36:25,210] {dagbag.py:496} INFO - Filling up the DagBag from /home/karuturihemanth/airflow_env/lib/python3.9/site-packages/airflow/example_dags/example_latest_only.py
[2021-07-16 03:36:25,222] {scheduler_job.py:643} INFO - DAG(s) dict_keys(['latest_only']) retrieved from /home/karuturihemanth/airflow_env/lib/python3.9/site-packages/airflow/example_dags/example_latest_only.py
[2021-07-16 03:36:25,238] {logging_mixin.py:104} INFO - [2021-07-16 03:36:25,238] {dag.py:1833} INFO - Sync 1 DAGs
[2021-07-16 03:36:25,248] {logging_mixin.py:104} INFO - [2021-07-16 03:36:25,248] {dag.py:2306} INFO - Setting next_dagrun for latest_only to 2021-07-14 00:00:00+00:00
[2021-07-16 03:36:25,261] {scheduler_job.py:190} INFO - Processing /home/karuturihemanth/airflow_env/lib/python3.9/site-packages/airflow/example_dags/example_latest_only.py took 0.057 seconds
[2021-07-16 03:36:59,523] {scheduler_job.py:182} INFO - Started process (PID=5108) to work on /home/karuturihemanth/airflow_env/lib/python3.9/site-packages/airflow/example_dags/example_latest_only.py
[2021-07-16 03:36:59,524] {scheduler_job.py:633} INFO - Processing file /home/karuturihemanth/airflow_env/lib/python3.9/site-packages/airflow/example_dags/example_latest_only.py for tasks to queue
[2021-07-16 03:36:59,525] {logging_mixin.py:104} INFO - [2021-07-16 03:36:59,525] {dagbag.py:496} INFO - Filling up the DagBag from /home/karuturihemanth/airflow_env/lib/python3.9/site-packages/airflow/example_dags/example_latest_only.py
[2021-07-16 03:36:59,536] {scheduler_job.py:643} INFO - DAG(s) dict_keys(['latest_only']) retrieved from /home/karuturihemanth/airflow_env/lib/python3.9/site-packages/airflow/example_dags/example_latest_only.py
[2021-07-16 03:36:59,550] {logging_mixin.py:104} INFO - [2021-07-16 03:36:59,550] {dag.py:1833} INFO - Sync 1 DAGs
[2021-07-16 03:36:59,560] {logging_mixin.py:104} INFO - [2021-07-16 03:36:59,560] {dag.py:2306} INFO - Setting next_dagrun for latest_only to 2021-07-14 00:00:00+00:00
[2021-07-16 03:36:59,572] {scheduler_job.py:190} INFO - Processing /home/karuturihemanth/airflow_env/lib/python3.9/site-packages/airflow/example_dags/example_latest_only.py took 0.053 seconds
[2021-07-16 03:37:33,038] {scheduler_job.py:182} INFO - Started process (PID=5141) to work on /home/karuturihemanth/airflow_env/lib/python3.9/site-packages/airflow/example_dags/example_latest_only.py
[2021-07-16 03:37:33,039] {scheduler_job.py:633} INFO - Processing file /home/karuturihemanth/airflow_env/lib/python3.9/site-packages/airflow/example_dags/example_latest_only.py for tasks to queue
[2021-07-16 03:37:33,040] {logging_mixin.py:104} INFO - [2021-07-16 03:37:33,040] {dagbag.py:496} INFO - Filling up the DagBag from /home/karuturihemanth/airflow_env/lib/python3.9/site-packages/airflow/example_dags/example_latest_only.py
[2021-07-16 03:37:33,050] {scheduler_job.py:643} INFO - DAG(s) dict_keys(['latest_only']) retrieved from /home/karuturihemanth/airflow_env/lib/python3.9/site-packages/airflow/example_dags/example_latest_only.py
[2021-07-16 03:37:33,064] {logging_mixin.py:104} INFO - [2021-07-16 03:37:33,064] {dag.py:1833} INFO - Sync 1 DAGs
[2021-07-16 03:37:33,074] {logging_mixin.py:104} INFO - [2021-07-16 03:37:33,074] {dag.py:2306} INFO - Setting next_dagrun for latest_only to 2021-07-14 00:00:00+00:00
[2021-07-16 03:37:33,087] {scheduler_job.py:190} INFO - Processing /home/karuturihemanth/airflow_env/lib/python3.9/site-packages/airflow/example_dags/example_latest_only.py took 0.052 seconds
[2021-07-16 03:38:06,660] {scheduler_job.py:182} INFO - Started process (PID=5176) to work on /home/karuturihemanth/airflow_env/lib/python3.9/site-packages/airflow/example_dags/example_latest_only.py
[2021-07-16 03:38:06,662] {scheduler_job.py:633} INFO - Processing file /home/karuturihemanth/airflow_env/lib/python3.9/site-packages/airflow/example_dags/example_latest_only.py for tasks to queue
[2021-07-16 03:38:06,663] {logging_mixin.py:104} INFO - [2021-07-16 03:38:06,663] {dagbag.py:496} INFO - Filling up the DagBag from /home/karuturihemanth/airflow_env/lib/python3.9/site-packages/airflow/example_dags/example_latest_only.py
[2021-07-16 03:38:06,678] {scheduler_job.py:643} INFO - DAG(s) dict_keys(['latest_only']) retrieved from /home/karuturihemanth/airflow_env/lib/python3.9/site-packages/airflow/example_dags/example_latest_only.py
[2021-07-16 03:38:06,692] {logging_mixin.py:104} INFO - [2021-07-16 03:38:06,692] {dag.py:1833} INFO - Sync 1 DAGs
[2021-07-16 03:38:06,702] {logging_mixin.py:104} INFO - [2021-07-16 03:38:06,702] {dag.py:2306} INFO - Setting next_dagrun for latest_only to 2021-07-14 00:00:00+00:00
[2021-07-16 03:38:06,716] {scheduler_job.py:190} INFO - Processing /home/karuturihemanth/airflow_env/lib/python3.9/site-packages/airflow/example_dags/example_latest_only.py took 0.059 seconds
[2021-07-16 03:38:40,550] {scheduler_job.py:182} INFO - Started process (PID=5209) to work on /home/karuturihemanth/airflow_env/lib/python3.9/site-packages/airflow/example_dags/example_latest_only.py
[2021-07-16 03:38:40,551] {scheduler_job.py:633} INFO - Processing file /home/karuturihemanth/airflow_env/lib/python3.9/site-packages/airflow/example_dags/example_latest_only.py for tasks to queue
[2021-07-16 03:38:40,551] {logging_mixin.py:104} INFO - [2021-07-16 03:38:40,551] {dagbag.py:496} INFO - Filling up the DagBag from /home/karuturihemanth/airflow_env/lib/python3.9/site-packages/airflow/example_dags/example_latest_only.py
[2021-07-16 03:38:40,561] {scheduler_job.py:643} INFO - DAG(s) dict_keys(['latest_only']) retrieved from /home/karuturihemanth/airflow_env/lib/python3.9/site-packages/airflow/example_dags/example_latest_only.py
[2021-07-16 03:38:40,574] {logging_mixin.py:104} INFO - [2021-07-16 03:38:40,574] {dag.py:1833} INFO - Sync 1 DAGs
[2021-07-16 03:38:40,583] {logging_mixin.py:104} INFO - [2021-07-16 03:38:40,583] {dag.py:2306} INFO - Setting next_dagrun for latest_only to 2021-07-14 00:00:00+00:00
[2021-07-16 03:38:40,596] {scheduler_job.py:190} INFO - Processing /home/karuturihemanth/airflow_env/lib/python3.9/site-packages/airflow/example_dags/example_latest_only.py took 0.050 seconds
[2021-07-16 03:39:11,959] {scheduler_job.py:182} INFO - Started process (PID=5241) to work on /home/karuturihemanth/airflow_env/lib/python3.9/site-packages/airflow/example_dags/example_latest_only.py
[2021-07-16 03:39:11,960] {scheduler_job.py:633} INFO - Processing file /home/karuturihemanth/airflow_env/lib/python3.9/site-packages/airflow/example_dags/example_latest_only.py for tasks to queue
[2021-07-16 03:39:11,960] {logging_mixin.py:104} INFO - [2021-07-16 03:39:11,960] {dagbag.py:496} INFO - Filling up the DagBag from /home/karuturihemanth/airflow_env/lib/python3.9/site-packages/airflow/example_dags/example_latest_only.py
[2021-07-16 03:39:11,969] {scheduler_job.py:643} INFO - DAG(s) dict_keys(['latest_only']) retrieved from /home/karuturihemanth/airflow_env/lib/python3.9/site-packages/airflow/example_dags/example_latest_only.py
[2021-07-16 03:39:11,982] {logging_mixin.py:104} INFO - [2021-07-16 03:39:11,982] {dag.py:1833} INFO - Sync 1 DAGs
[2021-07-16 03:39:11,992] {logging_mixin.py:104} INFO - [2021-07-16 03:39:11,992] {dag.py:2306} INFO - Setting next_dagrun for latest_only to 2021-07-14 00:00:00+00:00
[2021-07-16 03:39:12,004] {scheduler_job.py:190} INFO - Processing /home/karuturihemanth/airflow_env/lib/python3.9/site-packages/airflow/example_dags/example_latest_only.py took 0.049 seconds
[2021-07-16 03:39:45,818] {scheduler_job.py:182} INFO - Started process (PID=5273) to work on /home/karuturihemanth/airflow_env/lib/python3.9/site-packages/airflow/example_dags/example_latest_only.py
[2021-07-16 03:39:45,819] {scheduler_job.py:633} INFO - Processing file /home/karuturihemanth/airflow_env/lib/python3.9/site-packages/airflow/example_dags/example_latest_only.py for tasks to queue
[2021-07-16 03:39:45,819] {logging_mixin.py:104} INFO - [2021-07-16 03:39:45,819] {dagbag.py:496} INFO - Filling up the DagBag from /home/karuturihemanth/airflow_env/lib/python3.9/site-packages/airflow/example_dags/example_latest_only.py
[2021-07-16 03:39:45,829] {scheduler_job.py:643} INFO - DAG(s) dict_keys(['latest_only']) retrieved from /home/karuturihemanth/airflow_env/lib/python3.9/site-packages/airflow/example_dags/example_latest_only.py
[2021-07-16 03:39:45,843] {logging_mixin.py:104} INFO - [2021-07-16 03:39:45,842] {dag.py:1833} INFO - Sync 1 DAGs
[2021-07-16 03:39:45,853] {logging_mixin.py:104} INFO - [2021-07-16 03:39:45,853] {dag.py:2306} INFO - Setting next_dagrun for latest_only to 2021-07-14 00:00:00+00:00
[2021-07-16 03:39:45,865] {scheduler_job.py:190} INFO - Processing /home/karuturihemanth/airflow_env/lib/python3.9/site-packages/airflow/example_dags/example_latest_only.py took 0.051 seconds
[2021-07-16 03:40:22,070] {scheduler_job.py:182} INFO - Started process (PID=5309) to work on /home/karuturihemanth/airflow_env/lib/python3.9/site-packages/airflow/example_dags/example_latest_only.py
[2021-07-16 03:40:22,071] {scheduler_job.py:633} INFO - Processing file /home/karuturihemanth/airflow_env/lib/python3.9/site-packages/airflow/example_dags/example_latest_only.py for tasks to queue
[2021-07-16 03:40:22,072] {logging_mixin.py:104} INFO - [2021-07-16 03:40:22,072] {dagbag.py:496} INFO - Filling up the DagBag from /home/karuturihemanth/airflow_env/lib/python3.9/site-packages/airflow/example_dags/example_latest_only.py
[2021-07-16 03:40:22,081] {scheduler_job.py:643} INFO - DAG(s) dict_keys(['latest_only']) retrieved from /home/karuturihemanth/airflow_env/lib/python3.9/site-packages/airflow/example_dags/example_latest_only.py
[2021-07-16 03:40:22,094] {logging_mixin.py:104} INFO - [2021-07-16 03:40:22,094] {dag.py:1833} INFO - Sync 1 DAGs
[2021-07-16 03:40:22,104] {logging_mixin.py:104} INFO - [2021-07-16 03:40:22,104] {dag.py:2306} INFO - Setting next_dagrun for latest_only to 2021-07-14 00:00:00+00:00
[2021-07-16 03:40:22,116] {scheduler_job.py:190} INFO - Processing /home/karuturihemanth/airflow_env/lib/python3.9/site-packages/airflow/example_dags/example_latest_only.py took 0.049 seconds
[2021-07-16 03:40:56,449] {scheduler_job.py:182} INFO - Started process (PID=5344) to work on /home/karuturihemanth/airflow_env/lib/python3.9/site-packages/airflow/example_dags/example_latest_only.py
[2021-07-16 03:40:56,452] {scheduler_job.py:633} INFO - Processing file /home/karuturihemanth/airflow_env/lib/python3.9/site-packages/airflow/example_dags/example_latest_only.py for tasks to queue
[2021-07-16 03:40:56,453] {logging_mixin.py:104} INFO - [2021-07-16 03:40:56,453] {dagbag.py:496} INFO - Filling up the DagBag from /home/karuturihemanth/airflow_env/lib/python3.9/site-packages/airflow/example_dags/example_latest_only.py
[2021-07-16 03:40:56,464] {scheduler_job.py:643} INFO - DAG(s) dict_keys(['latest_only']) retrieved from /home/karuturihemanth/airflow_env/lib/python3.9/site-packages/airflow/example_dags/example_latest_only.py
[2021-07-16 03:40:56,478] {logging_mixin.py:104} INFO - [2021-07-16 03:40:56,478] {dag.py:1833} INFO - Sync 1 DAGs
[2021-07-16 03:40:56,488] {logging_mixin.py:104} INFO - [2021-07-16 03:40:56,488] {dag.py:2306} INFO - Setting next_dagrun for latest_only to 2021-07-14 00:00:00+00:00
[2021-07-16 03:40:56,502] {scheduler_job.py:190} INFO - Processing /home/karuturihemanth/airflow_env/lib/python3.9/site-packages/airflow/example_dags/example_latest_only.py took 0.055 seconds
[2021-07-16 03:41:32,971] {scheduler_job.py:182} INFO - Started process (PID=5380) to work on /home/karuturihemanth/airflow_env/lib/python3.9/site-packages/airflow/example_dags/example_latest_only.py
[2021-07-16 03:41:32,972] {scheduler_job.py:633} INFO - Processing file /home/karuturihemanth/airflow_env/lib/python3.9/site-packages/airflow/example_dags/example_latest_only.py for tasks to queue
[2021-07-16 03:41:32,973] {logging_mixin.py:104} INFO - [2021-07-16 03:41:32,973] {dagbag.py:496} INFO - Filling up the DagBag from /home/karuturihemanth/airflow_env/lib/python3.9/site-packages/airflow/example_dags/example_latest_only.py
[2021-07-16 03:41:32,982] {scheduler_job.py:643} INFO - DAG(s) dict_keys(['latest_only']) retrieved from /home/karuturihemanth/airflow_env/lib/python3.9/site-packages/airflow/example_dags/example_latest_only.py
[2021-07-16 03:41:32,997] {logging_mixin.py:104} INFO - [2021-07-16 03:41:32,997] {dag.py:1833} INFO - Sync 1 DAGs
[2021-07-16 03:41:33,008] {logging_mixin.py:104} INFO - [2021-07-16 03:41:33,008] {dag.py:2306} INFO - Setting next_dagrun for latest_only to 2021-07-14 00:00:00+00:00
[2021-07-16 03:41:33,022] {scheduler_job.py:190} INFO - Processing /home/karuturihemanth/airflow_env/lib/python3.9/site-packages/airflow/example_dags/example_latest_only.py took 0.054 seconds
[2021-07-16 03:51:29,860] {scheduler_job.py:182} INFO - Started process (PID=5622) to work on /home/karuturihemanth/airflow_env/lib/python3.9/site-packages/airflow/example_dags/example_latest_only.py
[2021-07-16 03:51:29,862] {scheduler_job.py:633} INFO - Processing file /home/karuturihemanth/airflow_env/lib/python3.9/site-packages/airflow/example_dags/example_latest_only.py for tasks to queue
[2021-07-16 03:51:29,863] {logging_mixin.py:104} INFO - [2021-07-16 03:51:29,863] {dagbag.py:496} INFO - Filling up the DagBag from /home/karuturihemanth/airflow_env/lib/python3.9/site-packages/airflow/example_dags/example_latest_only.py
[2021-07-16 03:51:29,873] {scheduler_job.py:643} INFO - DAG(s) dict_keys(['latest_only']) retrieved from /home/karuturihemanth/airflow_env/lib/python3.9/site-packages/airflow/example_dags/example_latest_only.py
[2021-07-16 03:51:30,548] {logging_mixin.py:104} INFO - [2021-07-16 03:51:30,547] {dag.py:1833} INFO - Sync 1 DAGs
[2021-07-16 03:51:30,658] {logging_mixin.py:104} INFO - [2021-07-16 03:51:30,657] {dag.py:2306} INFO - Setting next_dagrun for latest_only to 2021-07-14 00:00:00+00:00
[2021-07-16 03:51:30,886] {scheduler_job.py:190} INFO - Processing /home/karuturihemanth/airflow_env/lib/python3.9/site-packages/airflow/example_dags/example_latest_only.py took 1.028 seconds
[2021-07-16 03:53:26,367] {scheduler_job.py:182} INFO - Started process (PID=5818) to work on /home/karuturihemanth/airflow_env/lib/python3.9/site-packages/airflow/example_dags/example_latest_only.py
[2021-07-16 03:53:26,385] {scheduler_job.py:633} INFO - Processing file /home/karuturihemanth/airflow_env/lib/python3.9/site-packages/airflow/example_dags/example_latest_only.py for tasks to queue
[2021-07-16 03:53:26,386] {logging_mixin.py:104} INFO - [2021-07-16 03:53:26,386] {dagbag.py:496} INFO - Filling up the DagBag from /home/karuturihemanth/airflow_env/lib/python3.9/site-packages/airflow/example_dags/example_latest_only.py
[2021-07-16 03:53:26,427] {scheduler_job.py:643} INFO - DAG(s) dict_keys(['latest_only']) retrieved from /home/karuturihemanth/airflow_env/lib/python3.9/site-packages/airflow/example_dags/example_latest_only.py
[2021-07-16 03:53:27,096] {logging_mixin.py:104} INFO - [2021-07-16 03:53:27,096] {dag.py:1833} INFO - Sync 1 DAGs
[2021-07-16 03:53:27,199] {logging_mixin.py:104} INFO - [2021-07-16 03:53:27,198] {dag.py:2306} INFO - Setting next_dagrun for latest_only to 2021-07-14 00:00:00+00:00
[2021-07-16 03:53:27,419] {scheduler_job.py:190} INFO - Processing /home/karuturihemanth/airflow_env/lib/python3.9/site-packages/airflow/example_dags/example_latest_only.py took 1.057 seconds
[2021-07-16 10:00:20,850] {scheduler_job.py:182} INFO - Started process (PID=1146) to work on /home/karuturihemanth/airflow_env/lib/python3.9/site-packages/airflow/example_dags/example_latest_only.py
[2021-07-16 10:00:20,851] {scheduler_job.py:633} INFO - Processing file /home/karuturihemanth/airflow_env/lib/python3.9/site-packages/airflow/example_dags/example_latest_only.py for tasks to queue
[2021-07-16 10:00:20,851] {logging_mixin.py:104} INFO - [2021-07-16 10:00:20,851] {dagbag.py:496} INFO - Filling up the DagBag from /home/karuturihemanth/airflow_env/lib/python3.9/site-packages/airflow/example_dags/example_latest_only.py
[2021-07-16 10:00:20,863] {scheduler_job.py:643} INFO - DAG(s) dict_keys(['latest_only']) retrieved from /home/karuturihemanth/airflow_env/lib/python3.9/site-packages/airflow/example_dags/example_latest_only.py
[2021-07-16 10:00:21,544] {logging_mixin.py:104} INFO - [2021-07-16 10:00:21,544] {dag.py:1833} INFO - Sync 1 DAGs
[2021-07-16 10:00:21,651] {logging_mixin.py:104} INFO - [2021-07-16 10:00:21,650] {dag.py:2306} INFO - Setting next_dagrun for latest_only to 2021-07-14 00:00:00+00:00
[2021-07-16 10:00:21,878] {scheduler_job.py:190} INFO - Processing /home/karuturihemanth/airflow_env/lib/python3.9/site-packages/airflow/example_dags/example_latest_only.py took 1.032 seconds
[2021-07-16 10:00:52,754] {scheduler_job.py:182} INFO - Started process (PID=1313) to work on /home/karuturihemanth/airflow_env/lib/python3.9/site-packages/airflow/example_dags/example_latest_only.py
[2021-07-16 10:00:52,755] {scheduler_job.py:633} INFO - Processing file /home/karuturihemanth/airflow_env/lib/python3.9/site-packages/airflow/example_dags/example_latest_only.py for tasks to queue
[2021-07-16 10:00:52,756] {logging_mixin.py:104} INFO - [2021-07-16 10:00:52,756] {dagbag.py:496} INFO - Filling up the DagBag from /home/karuturihemanth/airflow_env/lib/python3.9/site-packages/airflow/example_dags/example_latest_only.py
[2021-07-16 10:00:52,765] {scheduler_job.py:643} INFO - DAG(s) dict_keys(['latest_only']) retrieved from /home/karuturihemanth/airflow_env/lib/python3.9/site-packages/airflow/example_dags/example_latest_only.py
[2021-07-16 10:00:53,429] {logging_mixin.py:104} INFO - [2021-07-16 10:00:53,428] {dag.py:1833} INFO - Sync 1 DAGs
[2021-07-16 10:00:53,532] {logging_mixin.py:104} INFO - [2021-07-16 10:00:53,531] {dag.py:2306} INFO - Setting next_dagrun for latest_only to 2021-07-14 00:00:00+00:00
[2021-07-16 10:00:53,753] {scheduler_job.py:190} INFO - Processing /home/karuturihemanth/airflow_env/lib/python3.9/site-packages/airflow/example_dags/example_latest_only.py took 1.002 seconds
[2021-07-16 10:01:24,891] {scheduler_job.py:182} INFO - Started process (PID=1479) to work on /home/karuturihemanth/airflow_env/lib/python3.9/site-packages/airflow/example_dags/example_latest_only.py
[2021-07-16 10:01:24,891] {scheduler_job.py:633} INFO - Processing file /home/karuturihemanth/airflow_env/lib/python3.9/site-packages/airflow/example_dags/example_latest_only.py for tasks to queue
[2021-07-16 10:01:24,892] {logging_mixin.py:104} INFO - [2021-07-16 10:01:24,892] {dagbag.py:496} INFO - Filling up the DagBag from /home/karuturihemanth/airflow_env/lib/python3.9/site-packages/airflow/example_dags/example_latest_only.py
[2021-07-16 10:01:24,900] {scheduler_job.py:643} INFO - DAG(s) dict_keys(['latest_only']) retrieved from /home/karuturihemanth/airflow_env/lib/python3.9/site-packages/airflow/example_dags/example_latest_only.py
[2021-07-16 10:01:25,573] {logging_mixin.py:104} INFO - [2021-07-16 10:01:25,573] {dag.py:1833} INFO - Sync 1 DAGs
[2021-07-16 10:01:25,680] {logging_mixin.py:104} INFO - [2021-07-16 10:01:25,680] {dag.py:2306} INFO - Setting next_dagrun for latest_only to 2021-07-14 00:00:00+00:00
[2021-07-16 10:01:25,902] {scheduler_job.py:190} INFO - Processing /home/karuturihemanth/airflow_env/lib/python3.9/site-packages/airflow/example_dags/example_latest_only.py took 1.015 seconds
[2021-07-16 10:01:56,508] {scheduler_job.py:182} INFO - Started process (PID=1660) to work on /home/karuturihemanth/airflow_env/lib/python3.9/site-packages/airflow/example_dags/example_latest_only.py
[2021-07-16 10:01:56,509] {scheduler_job.py:633} INFO - Processing file /home/karuturihemanth/airflow_env/lib/python3.9/site-packages/airflow/example_dags/example_latest_only.py for tasks to queue
[2021-07-16 10:01:56,509] {logging_mixin.py:104} INFO - [2021-07-16 10:01:56,509] {dagbag.py:496} INFO - Filling up the DagBag from /home/karuturihemanth/airflow_env/lib/python3.9/site-packages/airflow/example_dags/example_latest_only.py
[2021-07-16 10:01:56,519] {scheduler_job.py:643} INFO - DAG(s) dict_keys(['latest_only']) retrieved from /home/karuturihemanth/airflow_env/lib/python3.9/site-packages/airflow/example_dags/example_latest_only.py
[2021-07-16 10:01:57,187] {logging_mixin.py:104} INFO - [2021-07-16 10:01:57,187] {dag.py:1833} INFO - Sync 1 DAGs
[2021-07-16 10:01:57,292] {logging_mixin.py:104} INFO - [2021-07-16 10:01:57,291] {dag.py:2306} INFO - Setting next_dagrun for latest_only to 2021-07-14 00:00:00+00:00
[2021-07-16 10:01:57,514] {scheduler_job.py:190} INFO - Processing /home/karuturihemanth/airflow_env/lib/python3.9/site-packages/airflow/example_dags/example_latest_only.py took 1.010 seconds
[2021-07-16 10:02:28,593] {scheduler_job.py:182} INFO - Started process (PID=1834) to work on /home/karuturihemanth/airflow_env/lib/python3.9/site-packages/airflow/example_dags/example_latest_only.py
[2021-07-16 10:02:28,595] {scheduler_job.py:633} INFO - Processing file /home/karuturihemanth/airflow_env/lib/python3.9/site-packages/airflow/example_dags/example_latest_only.py for tasks to queue
[2021-07-16 10:02:28,595] {logging_mixin.py:104} INFO - [2021-07-16 10:02:28,595] {dagbag.py:496} INFO - Filling up the DagBag from /home/karuturihemanth/airflow_env/lib/python3.9/site-packages/airflow/example_dags/example_latest_only.py
[2021-07-16 10:02:28,604] {scheduler_job.py:643} INFO - DAG(s) dict_keys(['latest_only']) retrieved from /home/karuturihemanth/airflow_env/lib/python3.9/site-packages/airflow/example_dags/example_latest_only.py
[2021-07-16 10:02:29,265] {logging_mixin.py:104} INFO - [2021-07-16 10:02:29,265] {dag.py:1833} INFO - Sync 1 DAGs
[2021-07-16 10:02:29,369] {logging_mixin.py:104} INFO - [2021-07-16 10:02:29,368] {dag.py:2306} INFO - Setting next_dagrun for latest_only to 2021-07-14 00:00:00+00:00
[2021-07-16 10:02:29,589] {scheduler_job.py:190} INFO - Processing /home/karuturihemanth/airflow_env/lib/python3.9/site-packages/airflow/example_dags/example_latest_only.py took 0.999 seconds
[2021-07-16 10:03:00,364] {scheduler_job.py:182} INFO - Started process (PID=2000) to work on /home/karuturihemanth/airflow_env/lib/python3.9/site-packages/airflow/example_dags/example_latest_only.py
[2021-07-16 10:03:00,365] {scheduler_job.py:633} INFO - Processing file /home/karuturihemanth/airflow_env/lib/python3.9/site-packages/airflow/example_dags/example_latest_only.py for tasks to queue
[2021-07-16 10:03:00,366] {logging_mixin.py:104} INFO - [2021-07-16 10:03:00,366] {dagbag.py:496} INFO - Filling up the DagBag from /home/karuturihemanth/airflow_env/lib/python3.9/site-packages/airflow/example_dags/example_latest_only.py
[2021-07-16 10:03:00,380] {scheduler_job.py:643} INFO - DAG(s) dict_keys(['latest_only']) retrieved from /home/karuturihemanth/airflow_env/lib/python3.9/site-packages/airflow/example_dags/example_latest_only.py
[2021-07-16 10:03:01,048] {logging_mixin.py:104} INFO - [2021-07-16 10:03:01,048] {dag.py:1833} INFO - Sync 1 DAGs
[2021-07-16 10:03:01,153] {logging_mixin.py:104} INFO - [2021-07-16 10:03:01,153] {dag.py:2306} INFO - Setting next_dagrun for latest_only to 2021-07-14 00:00:00+00:00
[2021-07-16 10:03:01,376] {scheduler_job.py:190} INFO - Processing /home/karuturihemanth/airflow_env/lib/python3.9/site-packages/airflow/example_dags/example_latest_only.py took 1.016 seconds
[2021-07-16 10:03:31,872] {scheduler_job.py:182} INFO - Started process (PID=2170) to work on /home/karuturihemanth/airflow_env/lib/python3.9/site-packages/airflow/example_dags/example_latest_only.py
[2021-07-16 10:03:31,873] {scheduler_job.py:633} INFO - Processing file /home/karuturihemanth/airflow_env/lib/python3.9/site-packages/airflow/example_dags/example_latest_only.py for tasks to queue
[2021-07-16 10:03:31,873] {logging_mixin.py:104} INFO - [2021-07-16 10:03:31,873] {dagbag.py:496} INFO - Filling up the DagBag from /home/karuturihemanth/airflow_env/lib/python3.9/site-packages/airflow/example_dags/example_latest_only.py
[2021-07-16 10:03:31,883] {scheduler_job.py:643} INFO - DAG(s) dict_keys(['latest_only']) retrieved from /home/karuturihemanth/airflow_env/lib/python3.9/site-packages/airflow/example_dags/example_latest_only.py
[2021-07-16 10:03:32,538] {logging_mixin.py:104} INFO - [2021-07-16 10:03:32,538] {dag.py:1833} INFO - Sync 1 DAGs
[2021-07-16 10:03:32,642] {logging_mixin.py:104} INFO - [2021-07-16 10:03:32,641] {dag.py:2306} INFO - Setting next_dagrun for latest_only to 2021-07-14 00:00:00+00:00
[2021-07-16 10:03:32,860] {scheduler_job.py:190} INFO - Processing /home/karuturihemanth/airflow_env/lib/python3.9/site-packages/airflow/example_dags/example_latest_only.py took 0.991 seconds
[2021-07-16 10:04:04,020] {scheduler_job.py:182} INFO - Started process (PID=2337) to work on /home/karuturihemanth/airflow_env/lib/python3.9/site-packages/airflow/example_dags/example_latest_only.py
[2021-07-16 10:04:04,021] {scheduler_job.py:633} INFO - Processing file /home/karuturihemanth/airflow_env/lib/python3.9/site-packages/airflow/example_dags/example_latest_only.py for tasks to queue
[2021-07-16 10:04:04,022] {logging_mixin.py:104} INFO - [2021-07-16 10:04:04,021] {dagbag.py:496} INFO - Filling up the DagBag from /home/karuturihemanth/airflow_env/lib/python3.9/site-packages/airflow/example_dags/example_latest_only.py
[2021-07-16 10:04:04,037] {scheduler_job.py:643} INFO - DAG(s) dict_keys(['latest_only']) retrieved from /home/karuturihemanth/airflow_env/lib/python3.9/site-packages/airflow/example_dags/example_latest_only.py
[2021-07-16 10:04:04,682] {logging_mixin.py:104} INFO - [2021-07-16 10:04:04,682] {dag.py:1833} INFO - Sync 1 DAGs
[2021-07-16 10:04:04,782] {logging_mixin.py:104} INFO - [2021-07-16 10:04:04,782] {dag.py:2306} INFO - Setting next_dagrun for latest_only to 2021-07-14 00:00:00+00:00
[2021-07-16 10:04:04,997] {scheduler_job.py:190} INFO - Processing /home/karuturihemanth/airflow_env/lib/python3.9/site-packages/airflow/example_dags/example_latest_only.py took 0.981 seconds
[2021-07-16 10:04:36,438] {scheduler_job.py:182} INFO - Started process (PID=2504) to work on /home/karuturihemanth/airflow_env/lib/python3.9/site-packages/airflow/example_dags/example_latest_only.py
[2021-07-16 10:04:36,439] {scheduler_job.py:633} INFO - Processing file /home/karuturihemanth/airflow_env/lib/python3.9/site-packages/airflow/example_dags/example_latest_only.py for tasks to queue
[2021-07-16 10:04:36,439] {logging_mixin.py:104} INFO - [2021-07-16 10:04:36,439] {dagbag.py:496} INFO - Filling up the DagBag from /home/karuturihemanth/airflow_env/lib/python3.9/site-packages/airflow/example_dags/example_latest_only.py
[2021-07-16 10:04:36,449] {scheduler_job.py:643} INFO - DAG(s) dict_keys(['latest_only']) retrieved from /home/karuturihemanth/airflow_env/lib/python3.9/site-packages/airflow/example_dags/example_latest_only.py
[2021-07-16 10:04:37,111] {logging_mixin.py:104} INFO - [2021-07-16 10:04:37,111] {dag.py:1833} INFO - Sync 1 DAGs
[2021-07-16 10:04:37,216] {logging_mixin.py:104} INFO - [2021-07-16 10:04:37,216] {dag.py:2306} INFO - Setting next_dagrun for latest_only to 2021-07-14 00:00:00+00:00
[2021-07-16 10:04:37,436] {scheduler_job.py:190} INFO - Processing /home/karuturihemanth/airflow_env/lib/python3.9/site-packages/airflow/example_dags/example_latest_only.py took 1.001 seconds
[2021-07-16 10:05:07,899] {scheduler_job.py:182} INFO - Started process (PID=2670) to work on /home/karuturihemanth/airflow_env/lib/python3.9/site-packages/airflow/example_dags/example_latest_only.py
[2021-07-16 10:05:07,900] {scheduler_job.py:633} INFO - Processing file /home/karuturihemanth/airflow_env/lib/python3.9/site-packages/airflow/example_dags/example_latest_only.py for tasks to queue
[2021-07-16 10:05:07,903] {logging_mixin.py:104} INFO - [2021-07-16 10:05:07,903] {dagbag.py:496} INFO - Filling up the DagBag from /home/karuturihemanth/airflow_env/lib/python3.9/site-packages/airflow/example_dags/example_latest_only.py
[2021-07-16 10:05:07,910] {scheduler_job.py:643} INFO - DAG(s) dict_keys(['latest_only']) retrieved from /home/karuturihemanth/airflow_env/lib/python3.9/site-packages/airflow/example_dags/example_latest_only.py
[2021-07-16 10:05:08,597] {logging_mixin.py:104} INFO - [2021-07-16 10:05:08,596] {dag.py:1833} INFO - Sync 1 DAGs
[2021-07-16 10:05:08,702] {logging_mixin.py:104} INFO - [2021-07-16 10:05:08,702] {dag.py:2306} INFO - Setting next_dagrun for latest_only to 2021-07-14 00:00:00+00:00
[2021-07-16 10:05:08,928] {scheduler_job.py:190} INFO - Processing /home/karuturihemanth/airflow_env/lib/python3.9/site-packages/airflow/example_dags/example_latest_only.py took 1.032 seconds
[2021-07-16 10:05:39,234] {scheduler_job.py:182} INFO - Started process (PID=2837) to work on /home/karuturihemanth/airflow_env/lib/python3.9/site-packages/airflow/example_dags/example_latest_only.py
[2021-07-16 10:05:39,235] {scheduler_job.py:633} INFO - Processing file /home/karuturihemanth/airflow_env/lib/python3.9/site-packages/airflow/example_dags/example_latest_only.py for tasks to queue
[2021-07-16 10:05:39,236] {logging_mixin.py:104} INFO - [2021-07-16 10:05:39,236] {dagbag.py:496} INFO - Filling up the DagBag from /home/karuturihemanth/airflow_env/lib/python3.9/site-packages/airflow/example_dags/example_latest_only.py
[2021-07-16 10:05:39,244] {scheduler_job.py:643} INFO - DAG(s) dict_keys(['latest_only']) retrieved from /home/karuturihemanth/airflow_env/lib/python3.9/site-packages/airflow/example_dags/example_latest_only.py
[2021-07-16 10:05:39,892] {logging_mixin.py:104} INFO - [2021-07-16 10:05:39,892] {dag.py:1833} INFO - Sync 1 DAGs
[2021-07-16 10:05:39,997] {logging_mixin.py:104} INFO - [2021-07-16 10:05:39,997] {dag.py:2306} INFO - Setting next_dagrun for latest_only to 2021-07-14 00:00:00+00:00
[2021-07-16 10:05:40,218] {scheduler_job.py:190} INFO - Processing /home/karuturihemanth/airflow_env/lib/python3.9/site-packages/airflow/example_dags/example_latest_only.py took 0.989 seconds
[2021-07-16 10:06:11,208] {scheduler_job.py:182} INFO - Started process (PID=3003) to work on /home/karuturihemanth/airflow_env/lib/python3.9/site-packages/airflow/example_dags/example_latest_only.py
[2021-07-16 10:06:11,209] {scheduler_job.py:633} INFO - Processing file /home/karuturihemanth/airflow_env/lib/python3.9/site-packages/airflow/example_dags/example_latest_only.py for tasks to queue
[2021-07-16 10:06:11,209] {logging_mixin.py:104} INFO - [2021-07-16 10:06:11,209] {dagbag.py:496} INFO - Filling up the DagBag from /home/karuturihemanth/airflow_env/lib/python3.9/site-packages/airflow/example_dags/example_latest_only.py
[2021-07-16 10:06:11,218] {scheduler_job.py:643} INFO - DAG(s) dict_keys(['latest_only']) retrieved from /home/karuturihemanth/airflow_env/lib/python3.9/site-packages/airflow/example_dags/example_latest_only.py
[2021-07-16 10:06:11,885] {logging_mixin.py:104} INFO - [2021-07-16 10:06:11,885] {dag.py:1833} INFO - Sync 1 DAGs
[2021-07-16 10:06:11,989] {logging_mixin.py:104} INFO - [2021-07-16 10:06:11,989] {dag.py:2306} INFO - Setting next_dagrun for latest_only to 2021-07-14 00:00:00+00:00
[2021-07-16 10:06:12,213] {scheduler_job.py:190} INFO - Processing /home/karuturihemanth/airflow_env/lib/python3.9/site-packages/airflow/example_dags/example_latest_only.py took 1.008 seconds
[2021-07-16 10:06:42,987] {scheduler_job.py:182} INFO - Started process (PID=3170) to work on /home/karuturihemanth/airflow_env/lib/python3.9/site-packages/airflow/example_dags/example_latest_only.py
[2021-07-16 10:06:42,988] {scheduler_job.py:633} INFO - Processing file /home/karuturihemanth/airflow_env/lib/python3.9/site-packages/airflow/example_dags/example_latest_only.py for tasks to queue
[2021-07-16 10:06:42,989] {logging_mixin.py:104} INFO - [2021-07-16 10:06:42,989] {dagbag.py:496} INFO - Filling up the DagBag from /home/karuturihemanth/airflow_env/lib/python3.9/site-packages/airflow/example_dags/example_latest_only.py
[2021-07-16 10:06:42,998] {scheduler_job.py:643} INFO - DAG(s) dict_keys(['latest_only']) retrieved from /home/karuturihemanth/airflow_env/lib/python3.9/site-packages/airflow/example_dags/example_latest_only.py
[2021-07-16 10:06:43,667] {logging_mixin.py:104} INFO - [2021-07-16 10:06:43,667] {dag.py:1833} INFO - Sync 1 DAGs
[2021-07-16 10:06:43,772] {logging_mixin.py:104} INFO - [2021-07-16 10:06:43,771] {dag.py:2306} INFO - Setting next_dagrun for latest_only to 2021-07-14 00:00:00+00:00
[2021-07-16 10:06:43,998] {scheduler_job.py:190} INFO - Processing /home/karuturihemanth/airflow_env/lib/python3.9/site-packages/airflow/example_dags/example_latest_only.py took 1.014 seconds
[2021-07-16 10:07:14,979] {scheduler_job.py:182} INFO - Started process (PID=3336) to work on /home/karuturihemanth/airflow_env/lib/python3.9/site-packages/airflow/example_dags/example_latest_only.py
[2021-07-16 10:07:14,980] {scheduler_job.py:633} INFO - Processing file /home/karuturihemanth/airflow_env/lib/python3.9/site-packages/airflow/example_dags/example_latest_only.py for tasks to queue
[2021-07-16 10:07:14,981] {logging_mixin.py:104} INFO - [2021-07-16 10:07:14,981] {dagbag.py:496} INFO - Filling up the DagBag from /home/karuturihemanth/airflow_env/lib/python3.9/site-packages/airflow/example_dags/example_latest_only.py
[2021-07-16 10:07:14,989] {scheduler_job.py:643} INFO - DAG(s) dict_keys(['latest_only']) retrieved from /home/karuturihemanth/airflow_env/lib/python3.9/site-packages/airflow/example_dags/example_latest_only.py
[2021-07-16 10:07:15,651] {logging_mixin.py:104} INFO - [2021-07-16 10:07:15,651] {dag.py:1833} INFO - Sync 1 DAGs
[2021-07-16 10:07:15,756] {logging_mixin.py:104} INFO - [2021-07-16 10:07:15,756] {dag.py:2306} INFO - Setting next_dagrun for latest_only to 2021-07-14 00:00:00+00:00
[2021-07-16 10:07:15,976] {scheduler_job.py:190} INFO - Processing /home/karuturihemanth/airflow_env/lib/python3.9/site-packages/airflow/example_dags/example_latest_only.py took 1.001 seconds
[2021-07-16 10:07:46,313] {scheduler_job.py:182} INFO - Started process (PID=3503) to work on /home/karuturihemanth/airflow_env/lib/python3.9/site-packages/airflow/example_dags/example_latest_only.py
[2021-07-16 10:07:46,315] {scheduler_job.py:633} INFO - Processing file /home/karuturihemanth/airflow_env/lib/python3.9/site-packages/airflow/example_dags/example_latest_only.py for tasks to queue
[2021-07-16 10:07:46,316] {logging_mixin.py:104} INFO - [2021-07-16 10:07:46,316] {dagbag.py:496} INFO - Filling up the DagBag from /home/karuturihemanth/airflow_env/lib/python3.9/site-packages/airflow/example_dags/example_latest_only.py
[2021-07-16 10:07:46,328] {scheduler_job.py:643} INFO - DAG(s) dict_keys(['latest_only']) retrieved from /home/karuturihemanth/airflow_env/lib/python3.9/site-packages/airflow/example_dags/example_latest_only.py
[2021-07-16 10:07:46,989] {logging_mixin.py:104} INFO - [2021-07-16 10:07:46,989] {dag.py:1833} INFO - Sync 1 DAGs
[2021-07-16 10:07:47,092] {logging_mixin.py:104} INFO - [2021-07-16 10:07:47,092] {dag.py:2306} INFO - Setting next_dagrun for latest_only to 2021-07-14 00:00:00+00:00
[2021-07-16 10:07:47,313] {scheduler_job.py:190} INFO - Processing /home/karuturihemanth/airflow_env/lib/python3.9/site-packages/airflow/example_dags/example_latest_only.py took 1.005 seconds
[2021-07-16 10:08:18,774] {scheduler_job.py:182} INFO - Started process (PID=3669) to work on /home/karuturihemanth/airflow_env/lib/python3.9/site-packages/airflow/example_dags/example_latest_only.py
[2021-07-16 10:08:18,775] {scheduler_job.py:633} INFO - Processing file /home/karuturihemanth/airflow_env/lib/python3.9/site-packages/airflow/example_dags/example_latest_only.py for tasks to queue
[2021-07-16 10:08:18,776] {logging_mixin.py:104} INFO - [2021-07-16 10:08:18,775] {dagbag.py:496} INFO - Filling up the DagBag from /home/karuturihemanth/airflow_env/lib/python3.9/site-packages/airflow/example_dags/example_latest_only.py
[2021-07-16 10:08:18,784] {scheduler_job.py:643} INFO - DAG(s) dict_keys(['latest_only']) retrieved from /home/karuturihemanth/airflow_env/lib/python3.9/site-packages/airflow/example_dags/example_latest_only.py
[2021-07-16 10:08:19,443] {logging_mixin.py:104} INFO - [2021-07-16 10:08:19,443] {dag.py:1833} INFO - Sync 1 DAGs
[2021-07-16 10:08:19,547] {logging_mixin.py:104} INFO - [2021-07-16 10:08:19,547] {dag.py:2306} INFO - Setting next_dagrun for latest_only to 2021-07-14 00:00:00+00:00
[2021-07-16 10:08:19,767] {scheduler_job.py:190} INFO - Processing /home/karuturihemanth/airflow_env/lib/python3.9/site-packages/airflow/example_dags/example_latest_only.py took 0.996 seconds
[2021-07-16 10:08:50,680] {scheduler_job.py:182} INFO - Started process (PID=3837) to work on /home/karuturihemanth/airflow_env/lib/python3.9/site-packages/airflow/example_dags/example_latest_only.py
[2021-07-16 10:08:50,680] {scheduler_job.py:633} INFO - Processing file /home/karuturihemanth/airflow_env/lib/python3.9/site-packages/airflow/example_dags/example_latest_only.py for tasks to queue
[2021-07-16 10:08:50,681] {logging_mixin.py:104} INFO - [2021-07-16 10:08:50,681] {dagbag.py:496} INFO - Filling up the DagBag from /home/karuturihemanth/airflow_env/lib/python3.9/site-packages/airflow/example_dags/example_latest_only.py
[2021-07-16 10:08:50,689] {scheduler_job.py:643} INFO - DAG(s) dict_keys(['latest_only']) retrieved from /home/karuturihemanth/airflow_env/lib/python3.9/site-packages/airflow/example_dags/example_latest_only.py
[2021-07-16 10:08:51,367] {logging_mixin.py:104} INFO - [2021-07-16 10:08:51,367] {dag.py:1833} INFO - Sync 1 DAGs
[2021-07-16 10:08:51,474] {logging_mixin.py:104} INFO - [2021-07-16 10:08:51,473] {dag.py:2306} INFO - Setting next_dagrun for latest_only to 2021-07-14 00:00:00+00:00
[2021-07-16 10:08:51,700] {scheduler_job.py:190} INFO - Processing /home/karuturihemanth/airflow_env/lib/python3.9/site-packages/airflow/example_dags/example_latest_only.py took 1.023 seconds
[2021-07-16 10:09:22,447] {scheduler_job.py:182} INFO - Started process (PID=4003) to work on /home/karuturihemanth/airflow_env/lib/python3.9/site-packages/airflow/example_dags/example_latest_only.py
[2021-07-16 10:09:22,447] {scheduler_job.py:633} INFO - Processing file /home/karuturihemanth/airflow_env/lib/python3.9/site-packages/airflow/example_dags/example_latest_only.py for tasks to queue
[2021-07-16 10:09:22,448] {logging_mixin.py:104} INFO - [2021-07-16 10:09:22,448] {dagbag.py:496} INFO - Filling up the DagBag from /home/karuturihemanth/airflow_env/lib/python3.9/site-packages/airflow/example_dags/example_latest_only.py
[2021-07-16 10:09:22,458] {scheduler_job.py:643} INFO - DAG(s) dict_keys(['latest_only']) retrieved from /home/karuturihemanth/airflow_env/lib/python3.9/site-packages/airflow/example_dags/example_latest_only.py
[2021-07-16 10:09:23,139] {logging_mixin.py:104} INFO - [2021-07-16 10:09:23,139] {dag.py:1833} INFO - Sync 1 DAGs
[2021-07-16 10:09:23,245] {logging_mixin.py:104} INFO - [2021-07-16 10:09:23,245] {dag.py:2306} INFO - Setting next_dagrun for latest_only to 2021-07-14 00:00:00+00:00
[2021-07-16 10:09:23,471] {scheduler_job.py:190} INFO - Processing /home/karuturihemanth/airflow_env/lib/python3.9/site-packages/airflow/example_dags/example_latest_only.py took 1.028 seconds
[2021-07-16 10:09:54,279] {scheduler_job.py:182} INFO - Started process (PID=4170) to work on /home/karuturihemanth/airflow_env/lib/python3.9/site-packages/airflow/example_dags/example_latest_only.py
[2021-07-16 10:09:54,280] {scheduler_job.py:633} INFO - Processing file /home/karuturihemanth/airflow_env/lib/python3.9/site-packages/airflow/example_dags/example_latest_only.py for tasks to queue
[2021-07-16 10:09:54,281] {logging_mixin.py:104} INFO - [2021-07-16 10:09:54,281] {dagbag.py:496} INFO - Filling up the DagBag from /home/karuturihemanth/airflow_env/lib/python3.9/site-packages/airflow/example_dags/example_latest_only.py
[2021-07-16 10:09:54,289] {scheduler_job.py:643} INFO - DAG(s) dict_keys(['latest_only']) retrieved from /home/karuturihemanth/airflow_env/lib/python3.9/site-packages/airflow/example_dags/example_latest_only.py
[2021-07-16 10:09:54,938] {logging_mixin.py:104} INFO - [2021-07-16 10:09:54,938] {dag.py:1833} INFO - Sync 1 DAGs
[2021-07-16 10:09:55,041] {logging_mixin.py:104} INFO - [2021-07-16 10:09:55,041] {dag.py:2306} INFO - Setting next_dagrun for latest_only to 2021-07-14 00:00:00+00:00
[2021-07-16 10:09:55,257] {scheduler_job.py:190} INFO - Processing /home/karuturihemanth/airflow_env/lib/python3.9/site-packages/airflow/example_dags/example_latest_only.py took 0.982 seconds
[2021-07-16 10:10:26,467] {scheduler_job.py:182} INFO - Started process (PID=4337) to work on /home/karuturihemanth/airflow_env/lib/python3.9/site-packages/airflow/example_dags/example_latest_only.py
[2021-07-16 10:10:26,468] {scheduler_job.py:633} INFO - Processing file /home/karuturihemanth/airflow_env/lib/python3.9/site-packages/airflow/example_dags/example_latest_only.py for tasks to queue
[2021-07-16 10:10:26,469] {logging_mixin.py:104} INFO - [2021-07-16 10:10:26,468] {dagbag.py:496} INFO - Filling up the DagBag from /home/karuturihemanth/airflow_env/lib/python3.9/site-packages/airflow/example_dags/example_latest_only.py
[2021-07-16 10:10:26,477] {scheduler_job.py:643} INFO - DAG(s) dict_keys(['latest_only']) retrieved from /home/karuturihemanth/airflow_env/lib/python3.9/site-packages/airflow/example_dags/example_latest_only.py
[2021-07-16 10:10:27,121] {logging_mixin.py:104} INFO - [2021-07-16 10:10:27,121] {dag.py:1833} INFO - Sync 1 DAGs
[2021-07-16 10:10:27,223] {logging_mixin.py:104} INFO - [2021-07-16 10:10:27,223] {dag.py:2306} INFO - Setting next_dagrun for latest_only to 2021-07-14 00:00:00+00:00
[2021-07-16 10:10:27,439] {scheduler_job.py:190} INFO - Processing /home/karuturihemanth/airflow_env/lib/python3.9/site-packages/airflow/example_dags/example_latest_only.py took 0.975 seconds
[2021-07-16 10:10:58,083] {scheduler_job.py:182} INFO - Started process (PID=4503) to work on /home/karuturihemanth/airflow_env/lib/python3.9/site-packages/airflow/example_dags/example_latest_only.py
[2021-07-16 10:10:58,084] {scheduler_job.py:633} INFO - Processing file /home/karuturihemanth/airflow_env/lib/python3.9/site-packages/airflow/example_dags/example_latest_only.py for tasks to queue
[2021-07-16 10:10:58,084] {logging_mixin.py:104} INFO - [2021-07-16 10:10:58,084] {dagbag.py:496} INFO - Filling up the DagBag from /home/karuturihemanth/airflow_env/lib/python3.9/site-packages/airflow/example_dags/example_latest_only.py
[2021-07-16 10:10:58,093] {scheduler_job.py:643} INFO - DAG(s) dict_keys(['latest_only']) retrieved from /home/karuturihemanth/airflow_env/lib/python3.9/site-packages/airflow/example_dags/example_latest_only.py
[2021-07-16 10:10:58,753] {logging_mixin.py:104} INFO - [2021-07-16 10:10:58,752] {dag.py:1833} INFO - Sync 1 DAGs
[2021-07-16 10:10:58,857] {logging_mixin.py:104} INFO - [2021-07-16 10:10:58,857] {dag.py:2306} INFO - Setting next_dagrun for latest_only to 2021-07-14 00:00:00+00:00
[2021-07-16 10:10:59,079] {scheduler_job.py:190} INFO - Processing /home/karuturihemanth/airflow_env/lib/python3.9/site-packages/airflow/example_dags/example_latest_only.py took 0.999 seconds
[2021-07-16 10:11:30,041] {scheduler_job.py:182} INFO - Started process (PID=4670) to work on /home/karuturihemanth/airflow_env/lib/python3.9/site-packages/airflow/example_dags/example_latest_only.py
[2021-07-16 10:11:30,042] {scheduler_job.py:633} INFO - Processing file /home/karuturihemanth/airflow_env/lib/python3.9/site-packages/airflow/example_dags/example_latest_only.py for tasks to queue
[2021-07-16 10:11:30,043] {logging_mixin.py:104} INFO - [2021-07-16 10:11:30,043] {dagbag.py:496} INFO - Filling up the DagBag from /home/karuturihemanth/airflow_env/lib/python3.9/site-packages/airflow/example_dags/example_latest_only.py
[2021-07-16 10:11:30,052] {scheduler_job.py:643} INFO - DAG(s) dict_keys(['latest_only']) retrieved from /home/karuturihemanth/airflow_env/lib/python3.9/site-packages/airflow/example_dags/example_latest_only.py
[2021-07-16 10:11:30,727] {logging_mixin.py:104} INFO - [2021-07-16 10:11:30,727] {dag.py:1833} INFO - Sync 1 DAGs
[2021-07-16 10:11:30,832] {logging_mixin.py:104} INFO - [2021-07-16 10:11:30,832] {dag.py:2306} INFO - Setting next_dagrun for latest_only to 2021-07-14 00:00:00+00:00
[2021-07-16 10:11:31,056] {scheduler_job.py:190} INFO - Processing /home/karuturihemanth/airflow_env/lib/python3.9/site-packages/airflow/example_dags/example_latest_only.py took 1.019 seconds
[2021-07-16 10:12:01,697] {scheduler_job.py:182} INFO - Started process (PID=4836) to work on /home/karuturihemanth/airflow_env/lib/python3.9/site-packages/airflow/example_dags/example_latest_only.py
[2021-07-16 10:12:01,697] {scheduler_job.py:633} INFO - Processing file /home/karuturihemanth/airflow_env/lib/python3.9/site-packages/airflow/example_dags/example_latest_only.py for tasks to queue
[2021-07-16 10:12:01,698] {logging_mixin.py:104} INFO - [2021-07-16 10:12:01,698] {dagbag.py:496} INFO - Filling up the DagBag from /home/karuturihemanth/airflow_env/lib/python3.9/site-packages/airflow/example_dags/example_latest_only.py
[2021-07-16 10:12:01,707] {scheduler_job.py:643} INFO - DAG(s) dict_keys(['latest_only']) retrieved from /home/karuturihemanth/airflow_env/lib/python3.9/site-packages/airflow/example_dags/example_latest_only.py
[2021-07-16 10:12:02,349] {logging_mixin.py:104} INFO - [2021-07-16 10:12:02,348] {dag.py:1833} INFO - Sync 1 DAGs
[2021-07-16 10:12:02,450] {logging_mixin.py:104} INFO - [2021-07-16 10:12:02,449] {dag.py:2306} INFO - Setting next_dagrun for latest_only to 2021-07-14 00:00:00+00:00
[2021-07-16 10:12:02,664] {scheduler_job.py:190} INFO - Processing /home/karuturihemanth/airflow_env/lib/python3.9/site-packages/airflow/example_dags/example_latest_only.py took 0.970 seconds
[2021-07-16 10:12:33,342] {scheduler_job.py:182} INFO - Started process (PID=5003) to work on /home/karuturihemanth/airflow_env/lib/python3.9/site-packages/airflow/example_dags/example_latest_only.py
[2021-07-16 10:12:33,342] {scheduler_job.py:633} INFO - Processing file /home/karuturihemanth/airflow_env/lib/python3.9/site-packages/airflow/example_dags/example_latest_only.py for tasks to queue
[2021-07-16 10:12:33,343] {logging_mixin.py:104} INFO - [2021-07-16 10:12:33,343] {dagbag.py:496} INFO - Filling up the DagBag from /home/karuturihemanth/airflow_env/lib/python3.9/site-packages/airflow/example_dags/example_latest_only.py
[2021-07-16 10:12:33,352] {scheduler_job.py:643} INFO - DAG(s) dict_keys(['latest_only']) retrieved from /home/karuturihemanth/airflow_env/lib/python3.9/site-packages/airflow/example_dags/example_latest_only.py
[2021-07-16 10:12:33,998] {logging_mixin.py:104} INFO - [2021-07-16 10:12:33,997] {dag.py:1833} INFO - Sync 1 DAGs
[2021-07-16 10:12:34,099] {logging_mixin.py:104} INFO - [2021-07-16 10:12:34,099] {dag.py:2306} INFO - Setting next_dagrun for latest_only to 2021-07-14 00:00:00+00:00
[2021-07-16 10:12:34,315] {scheduler_job.py:190} INFO - Processing /home/karuturihemanth/airflow_env/lib/python3.9/site-packages/airflow/example_dags/example_latest_only.py took 0.977 seconds
[2021-07-16 10:13:05,258] {scheduler_job.py:182} INFO - Started process (PID=5169) to work on /home/karuturihemanth/airflow_env/lib/python3.9/site-packages/airflow/example_dags/example_latest_only.py
[2021-07-16 10:13:05,259] {scheduler_job.py:633} INFO - Processing file /home/karuturihemanth/airflow_env/lib/python3.9/site-packages/airflow/example_dags/example_latest_only.py for tasks to queue
[2021-07-16 10:13:05,259] {logging_mixin.py:104} INFO - [2021-07-16 10:13:05,259] {dagbag.py:496} INFO - Filling up the DagBag from /home/karuturihemanth/airflow_env/lib/python3.9/site-packages/airflow/example_dags/example_latest_only.py
[2021-07-16 10:13:05,268] {scheduler_job.py:643} INFO - DAG(s) dict_keys(['latest_only']) retrieved from /home/karuturihemanth/airflow_env/lib/python3.9/site-packages/airflow/example_dags/example_latest_only.py
[2021-07-16 10:13:05,958] {logging_mixin.py:104} INFO - [2021-07-16 10:13:05,958] {dag.py:1833} INFO - Sync 1 DAGs
[2021-07-16 10:13:06,065] {logging_mixin.py:104} INFO - [2021-07-16 10:13:06,065] {dag.py:2306} INFO - Setting next_dagrun for latest_only to 2021-07-14 00:00:00+00:00
[2021-07-16 10:13:06,297] {scheduler_job.py:190} INFO - Processing /home/karuturihemanth/airflow_env/lib/python3.9/site-packages/airflow/example_dags/example_latest_only.py took 1.042 seconds
[2021-07-16 10:13:37,036] {scheduler_job.py:182} INFO - Started process (PID=5338) to work on /home/karuturihemanth/airflow_env/lib/python3.9/site-packages/airflow/example_dags/example_latest_only.py
[2021-07-16 10:13:37,037] {scheduler_job.py:633} INFO - Processing file /home/karuturihemanth/airflow_env/lib/python3.9/site-packages/airflow/example_dags/example_latest_only.py for tasks to queue
[2021-07-16 10:13:37,037] {logging_mixin.py:104} INFO - [2021-07-16 10:13:37,037] {dagbag.py:496} INFO - Filling up the DagBag from /home/karuturihemanth/airflow_env/lib/python3.9/site-packages/airflow/example_dags/example_latest_only.py
[2021-07-16 10:13:37,046] {scheduler_job.py:643} INFO - DAG(s) dict_keys(['latest_only']) retrieved from /home/karuturihemanth/airflow_env/lib/python3.9/site-packages/airflow/example_dags/example_latest_only.py
[2021-07-16 10:13:37,700] {logging_mixin.py:104} INFO - [2021-07-16 10:13:37,699] {dag.py:1833} INFO - Sync 1 DAGs
[2021-07-16 10:13:37,802] {logging_mixin.py:104} INFO - [2021-07-16 10:13:37,802] {dag.py:2306} INFO - Setting next_dagrun for latest_only to 2021-07-14 00:00:00+00:00
[2021-07-16 10:13:38,021] {scheduler_job.py:190} INFO - Processing /home/karuturihemanth/airflow_env/lib/python3.9/site-packages/airflow/example_dags/example_latest_only.py took 0.988 seconds
[2021-07-16 10:14:08,270] {scheduler_job.py:182} INFO - Started process (PID=5504) to work on /home/karuturihemanth/airflow_env/lib/python3.9/site-packages/airflow/example_dags/example_latest_only.py
[2021-07-16 10:14:08,272] {scheduler_job.py:633} INFO - Processing file /home/karuturihemanth/airflow_env/lib/python3.9/site-packages/airflow/example_dags/example_latest_only.py for tasks to queue
[2021-07-16 10:14:08,272] {logging_mixin.py:104} INFO - [2021-07-16 10:14:08,272] {dagbag.py:496} INFO - Filling up the DagBag from /home/karuturihemanth/airflow_env/lib/python3.9/site-packages/airflow/example_dags/example_latest_only.py
[2021-07-16 10:14:08,281] {scheduler_job.py:643} INFO - DAG(s) dict_keys(['latest_only']) retrieved from /home/karuturihemanth/airflow_env/lib/python3.9/site-packages/airflow/example_dags/example_latest_only.py
[2021-07-16 10:14:08,940] {logging_mixin.py:104} INFO - [2021-07-16 10:14:08,940] {dag.py:1833} INFO - Sync 1 DAGs
[2021-07-16 10:14:09,046] {logging_mixin.py:104} INFO - [2021-07-16 10:14:09,046] {dag.py:2306} INFO - Setting next_dagrun for latest_only to 2021-07-14 00:00:00+00:00
[2021-07-16 10:14:09,267] {scheduler_job.py:190} INFO - Processing /home/karuturihemanth/airflow_env/lib/python3.9/site-packages/airflow/example_dags/example_latest_only.py took 1.000 seconds
[2021-07-16 10:14:39,585] {scheduler_job.py:182} INFO - Started process (PID=5671) to work on /home/karuturihemanth/airflow_env/lib/python3.9/site-packages/airflow/example_dags/example_latest_only.py
[2021-07-16 10:14:39,587] {scheduler_job.py:633} INFO - Processing file /home/karuturihemanth/airflow_env/lib/python3.9/site-packages/airflow/example_dags/example_latest_only.py for tasks to queue
[2021-07-16 10:14:39,587] {logging_mixin.py:104} INFO - [2021-07-16 10:14:39,587] {dagbag.py:496} INFO - Filling up the DagBag from /home/karuturihemanth/airflow_env/lib/python3.9/site-packages/airflow/example_dags/example_latest_only.py
[2021-07-16 10:14:39,596] {scheduler_job.py:643} INFO - DAG(s) dict_keys(['latest_only']) retrieved from /home/karuturihemanth/airflow_env/lib/python3.9/site-packages/airflow/example_dags/example_latest_only.py
[2021-07-16 10:14:40,239] {logging_mixin.py:104} INFO - [2021-07-16 10:14:40,239] {dag.py:1833} INFO - Sync 1 DAGs
[2021-07-16 10:14:40,340] {logging_mixin.py:104} INFO - [2021-07-16 10:14:40,340] {dag.py:2306} INFO - Setting next_dagrun for latest_only to 2021-07-14 00:00:00+00:00
[2021-07-16 10:14:40,556] {scheduler_job.py:190} INFO - Processing /home/karuturihemanth/airflow_env/lib/python3.9/site-packages/airflow/example_dags/example_latest_only.py took 0.975 seconds
[2021-07-16 11:12:20,803] {scheduler_job.py:182} INFO - Started process (PID=6832) to work on /home/karuturihemanth/airflow_env/lib/python3.9/site-packages/airflow/example_dags/example_latest_only.py
[2021-07-16 11:12:20,804] {scheduler_job.py:633} INFO - Processing file /home/karuturihemanth/airflow_env/lib/python3.9/site-packages/airflow/example_dags/example_latest_only.py for tasks to queue
[2021-07-16 11:12:20,805] {logging_mixin.py:104} INFO - [2021-07-16 11:12:20,805] {dagbag.py:496} INFO - Filling up the DagBag from /home/karuturihemanth/airflow_env/lib/python3.9/site-packages/airflow/example_dags/example_latest_only.py
[2021-07-16 11:12:20,817] {scheduler_job.py:643} INFO - DAG(s) dict_keys(['latest_only']) retrieved from /home/karuturihemanth/airflow_env/lib/python3.9/site-packages/airflow/example_dags/example_latest_only.py
[2021-07-16 11:12:21,470] {logging_mixin.py:104} INFO - [2021-07-16 11:12:21,470] {dag.py:1833} INFO - Sync 1 DAGs
[2021-07-16 11:12:21,581] {logging_mixin.py:104} INFO - [2021-07-16 11:12:21,581] {dag.py:2306} INFO - Setting next_dagrun for latest_only to 2021-07-14 00:00:00+00:00
[2021-07-16 11:12:21,797] {scheduler_job.py:190} INFO - Processing /home/karuturihemanth/airflow_env/lib/python3.9/site-packages/airflow/example_dags/example_latest_only.py took 0.998 seconds
[2021-07-16 11:12:52,274] {scheduler_job.py:182} INFO - Started process (PID=6876) to work on /home/karuturihemanth/airflow_env/lib/python3.9/site-packages/airflow/example_dags/example_latest_only.py
[2021-07-16 11:12:52,275] {scheduler_job.py:633} INFO - Processing file /home/karuturihemanth/airflow_env/lib/python3.9/site-packages/airflow/example_dags/example_latest_only.py for tasks to queue
[2021-07-16 11:12:52,275] {logging_mixin.py:104} INFO - [2021-07-16 11:12:52,275] {dagbag.py:496} INFO - Filling up the DagBag from /home/karuturihemanth/airflow_env/lib/python3.9/site-packages/airflow/example_dags/example_latest_only.py
[2021-07-16 11:12:52,285] {scheduler_job.py:643} INFO - DAG(s) dict_keys(['latest_only']) retrieved from /home/karuturihemanth/airflow_env/lib/python3.9/site-packages/airflow/example_dags/example_latest_only.py
[2021-07-16 11:12:52,958] {logging_mixin.py:104} INFO - [2021-07-16 11:12:52,958] {dag.py:1833} INFO - Sync 1 DAGs
[2021-07-16 11:12:53,064] {logging_mixin.py:104} INFO - [2021-07-16 11:12:53,064] {dag.py:2306} INFO - Setting next_dagrun for latest_only to 2021-07-14 00:00:00+00:00
[2021-07-16 11:12:53,288] {scheduler_job.py:190} INFO - Processing /home/karuturihemanth/airflow_env/lib/python3.9/site-packages/airflow/example_dags/example_latest_only.py took 1.018 seconds
[2021-07-16 11:13:24,357] {scheduler_job.py:182} INFO - Started process (PID=6910) to work on /home/karuturihemanth/airflow_env/lib/python3.9/site-packages/airflow/example_dags/example_latest_only.py
[2021-07-16 11:13:24,358] {scheduler_job.py:633} INFO - Processing file /home/karuturihemanth/airflow_env/lib/python3.9/site-packages/airflow/example_dags/example_latest_only.py for tasks to queue
[2021-07-16 11:13:24,358] {logging_mixin.py:104} INFO - [2021-07-16 11:13:24,358] {dagbag.py:496} INFO - Filling up the DagBag from /home/karuturihemanth/airflow_env/lib/python3.9/site-packages/airflow/example_dags/example_latest_only.py
[2021-07-16 11:13:24,368] {scheduler_job.py:643} INFO - DAG(s) dict_keys(['latest_only']) retrieved from /home/karuturihemanth/airflow_env/lib/python3.9/site-packages/airflow/example_dags/example_latest_only.py
[2021-07-16 11:13:25,013] {logging_mixin.py:104} INFO - [2021-07-16 11:13:25,013] {dag.py:1833} INFO - Sync 1 DAGs
[2021-07-16 11:13:25,115] {logging_mixin.py:104} INFO - [2021-07-16 11:13:25,115] {dag.py:2306} INFO - Setting next_dagrun for latest_only to 2021-07-14 00:00:00+00:00
[2021-07-16 11:13:25,330] {scheduler_job.py:190} INFO - Processing /home/karuturihemanth/airflow_env/lib/python3.9/site-packages/airflow/example_dags/example_latest_only.py took 0.976 seconds
[2021-07-16 11:13:56,177] {scheduler_job.py:182} INFO - Started process (PID=6945) to work on /home/karuturihemanth/airflow_env/lib/python3.9/site-packages/airflow/example_dags/example_latest_only.py
[2021-07-16 11:13:56,178] {scheduler_job.py:633} INFO - Processing file /home/karuturihemanth/airflow_env/lib/python3.9/site-packages/airflow/example_dags/example_latest_only.py for tasks to queue
[2021-07-16 11:13:56,178] {logging_mixin.py:104} INFO - [2021-07-16 11:13:56,178] {dagbag.py:496} INFO - Filling up the DagBag from /home/karuturihemanth/airflow_env/lib/python3.9/site-packages/airflow/example_dags/example_latest_only.py
[2021-07-16 11:13:56,187] {scheduler_job.py:643} INFO - DAG(s) dict_keys(['latest_only']) retrieved from /home/karuturihemanth/airflow_env/lib/python3.9/site-packages/airflow/example_dags/example_latest_only.py
[2021-07-16 11:13:56,861] {logging_mixin.py:104} INFO - [2021-07-16 11:13:56,861] {dag.py:1833} INFO - Sync 1 DAGs
[2021-07-16 11:13:56,966] {logging_mixin.py:104} INFO - [2021-07-16 11:13:56,966] {dag.py:2306} INFO - Setting next_dagrun for latest_only to 2021-07-14 00:00:00+00:00
[2021-07-16 11:13:57,190] {scheduler_job.py:190} INFO - Processing /home/karuturihemanth/airflow_env/lib/python3.9/site-packages/airflow/example_dags/example_latest_only.py took 1.017 seconds
[2021-07-16 11:14:27,589] {scheduler_job.py:182} INFO - Started process (PID=6979) to work on /home/karuturihemanth/airflow_env/lib/python3.9/site-packages/airflow/example_dags/example_latest_only.py
[2021-07-16 11:14:27,590] {scheduler_job.py:633} INFO - Processing file /home/karuturihemanth/airflow_env/lib/python3.9/site-packages/airflow/example_dags/example_latest_only.py for tasks to queue
[2021-07-16 11:14:27,590] {logging_mixin.py:104} INFO - [2021-07-16 11:14:27,590] {dagbag.py:496} INFO - Filling up the DagBag from /home/karuturihemanth/airflow_env/lib/python3.9/site-packages/airflow/example_dags/example_latest_only.py
[2021-07-16 11:14:27,600] {scheduler_job.py:643} INFO - DAG(s) dict_keys(['latest_only']) retrieved from /home/karuturihemanth/airflow_env/lib/python3.9/site-packages/airflow/example_dags/example_latest_only.py
[2021-07-16 11:14:28,278] {logging_mixin.py:104} INFO - [2021-07-16 11:14:28,278] {dag.py:1833} INFO - Sync 1 DAGs
[2021-07-16 11:14:28,382] {logging_mixin.py:104} INFO - [2021-07-16 11:14:28,382] {dag.py:2306} INFO - Setting next_dagrun for latest_only to 2021-07-14 00:00:00+00:00
[2021-07-16 11:14:28,603] {scheduler_job.py:190} INFO - Processing /home/karuturihemanth/airflow_env/lib/python3.9/site-packages/airflow/example_dags/example_latest_only.py took 1.022 seconds
[2021-07-16 11:14:59,819] {scheduler_job.py:182} INFO - Started process (PID=7014) to work on /home/karuturihemanth/airflow_env/lib/python3.9/site-packages/airflow/example_dags/example_latest_only.py
[2021-07-16 11:14:59,820] {scheduler_job.py:633} INFO - Processing file /home/karuturihemanth/airflow_env/lib/python3.9/site-packages/airflow/example_dags/example_latest_only.py for tasks to queue
[2021-07-16 11:14:59,821] {logging_mixin.py:104} INFO - [2021-07-16 11:14:59,821] {dagbag.py:496} INFO - Filling up the DagBag from /home/karuturihemanth/airflow_env/lib/python3.9/site-packages/airflow/example_dags/example_latest_only.py
[2021-07-16 11:14:59,830] {scheduler_job.py:643} INFO - DAG(s) dict_keys(['latest_only']) retrieved from /home/karuturihemanth/airflow_env/lib/python3.9/site-packages/airflow/example_dags/example_latest_only.py
[2021-07-16 11:15:00,492] {logging_mixin.py:104} INFO - [2021-07-16 11:15:00,492] {dag.py:1833} INFO - Sync 1 DAGs
[2021-07-16 11:15:00,594] {logging_mixin.py:104} INFO - [2021-07-16 11:15:00,594] {dag.py:2306} INFO - Setting next_dagrun for latest_only to 2021-07-14 00:00:00+00:00
[2021-07-16 11:15:00,815] {scheduler_job.py:190} INFO - Processing /home/karuturihemanth/airflow_env/lib/python3.9/site-packages/airflow/example_dags/example_latest_only.py took 0.999 seconds
[2021-07-16 11:15:32,011] {scheduler_job.py:182} INFO - Started process (PID=7050) to work on /home/karuturihemanth/airflow_env/lib/python3.9/site-packages/airflow/example_dags/example_latest_only.py
[2021-07-16 11:15:32,012] {scheduler_job.py:633} INFO - Processing file /home/karuturihemanth/airflow_env/lib/python3.9/site-packages/airflow/example_dags/example_latest_only.py for tasks to queue
[2021-07-16 11:15:32,013] {logging_mixin.py:104} INFO - [2021-07-16 11:15:32,013] {dagbag.py:496} INFO - Filling up the DagBag from /home/karuturihemanth/airflow_env/lib/python3.9/site-packages/airflow/example_dags/example_latest_only.py
[2021-07-16 11:15:32,026] {scheduler_job.py:643} INFO - DAG(s) dict_keys(['latest_only']) retrieved from /home/karuturihemanth/airflow_env/lib/python3.9/site-packages/airflow/example_dags/example_latest_only.py
[2021-07-16 11:15:32,675] {logging_mixin.py:104} INFO - [2021-07-16 11:15:32,675] {dag.py:1833} INFO - Sync 1 DAGs
[2021-07-16 11:15:32,777] {logging_mixin.py:104} INFO - [2021-07-16 11:15:32,777] {dag.py:2306} INFO - Setting next_dagrun for latest_only to 2021-07-14 00:00:00+00:00
[2021-07-16 11:15:32,998] {scheduler_job.py:190} INFO - Processing /home/karuturihemanth/airflow_env/lib/python3.9/site-packages/airflow/example_dags/example_latest_only.py took 0.991 seconds
[2021-07-16 11:16:03,616] {scheduler_job.py:182} INFO - Started process (PID=7084) to work on /home/karuturihemanth/airflow_env/lib/python3.9/site-packages/airflow/example_dags/example_latest_only.py
[2021-07-16 11:16:03,617] {scheduler_job.py:633} INFO - Processing file /home/karuturihemanth/airflow_env/lib/python3.9/site-packages/airflow/example_dags/example_latest_only.py for tasks to queue
[2021-07-16 11:16:03,618] {logging_mixin.py:104} INFO - [2021-07-16 11:16:03,618] {dagbag.py:496} INFO - Filling up the DagBag from /home/karuturihemanth/airflow_env/lib/python3.9/site-packages/airflow/example_dags/example_latest_only.py
[2021-07-16 11:16:03,631] {scheduler_job.py:643} INFO - DAG(s) dict_keys(['latest_only']) retrieved from /home/karuturihemanth/airflow_env/lib/python3.9/site-packages/airflow/example_dags/example_latest_only.py
[2021-07-16 11:16:04,276] {logging_mixin.py:104} INFO - [2021-07-16 11:16:04,275] {dag.py:1833} INFO - Sync 1 DAGs
[2021-07-16 11:16:04,379] {logging_mixin.py:104} INFO - [2021-07-16 11:16:04,379] {dag.py:2306} INFO - Setting next_dagrun for latest_only to 2021-07-14 00:00:00+00:00
[2021-07-16 11:16:04,595] {scheduler_job.py:190} INFO - Processing /home/karuturihemanth/airflow_env/lib/python3.9/site-packages/airflow/example_dags/example_latest_only.py took 0.984 seconds
[2021-07-16 11:16:35,100] {scheduler_job.py:182} INFO - Started process (PID=7119) to work on /home/karuturihemanth/airflow_env/lib/python3.9/site-packages/airflow/example_dags/example_latest_only.py
[2021-07-16 11:16:35,101] {scheduler_job.py:633} INFO - Processing file /home/karuturihemanth/airflow_env/lib/python3.9/site-packages/airflow/example_dags/example_latest_only.py for tasks to queue
[2021-07-16 11:16:35,101] {logging_mixin.py:104} INFO - [2021-07-16 11:16:35,101] {dagbag.py:496} INFO - Filling up the DagBag from /home/karuturihemanth/airflow_env/lib/python3.9/site-packages/airflow/example_dags/example_latest_only.py
[2021-07-16 11:16:35,123] {scheduler_job.py:643} INFO - DAG(s) dict_keys(['latest_only']) retrieved from /home/karuturihemanth/airflow_env/lib/python3.9/site-packages/airflow/example_dags/example_latest_only.py
[2021-07-16 11:16:35,805] {logging_mixin.py:104} INFO - [2021-07-16 11:16:35,804] {dag.py:1833} INFO - Sync 1 DAGs
[2021-07-16 11:16:35,911] {logging_mixin.py:104} INFO - [2021-07-16 11:16:35,910] {dag.py:2306} INFO - Setting next_dagrun for latest_only to 2021-07-14 00:00:00+00:00
[2021-07-16 11:16:36,135] {scheduler_job.py:190} INFO - Processing /home/karuturihemanth/airflow_env/lib/python3.9/site-packages/airflow/example_dags/example_latest_only.py took 1.038 seconds
[2021-07-16 11:17:07,615] {scheduler_job.py:182} INFO - Started process (PID=7154) to work on /home/karuturihemanth/airflow_env/lib/python3.9/site-packages/airflow/example_dags/example_latest_only.py
[2021-07-16 11:17:07,616] {scheduler_job.py:633} INFO - Processing file /home/karuturihemanth/airflow_env/lib/python3.9/site-packages/airflow/example_dags/example_latest_only.py for tasks to queue
[2021-07-16 11:17:07,616] {logging_mixin.py:104} INFO - [2021-07-16 11:17:07,616] {dagbag.py:496} INFO - Filling up the DagBag from /home/karuturihemanth/airflow_env/lib/python3.9/site-packages/airflow/example_dags/example_latest_only.py
[2021-07-16 11:17:07,625] {scheduler_job.py:643} INFO - DAG(s) dict_keys(['latest_only']) retrieved from /home/karuturihemanth/airflow_env/lib/python3.9/site-packages/airflow/example_dags/example_latest_only.py
[2021-07-16 11:17:08,298] {logging_mixin.py:104} INFO - [2021-07-16 11:17:08,298] {dag.py:1833} INFO - Sync 1 DAGs
[2021-07-16 11:17:08,403] {logging_mixin.py:104} INFO - [2021-07-16 11:17:08,403] {dag.py:2306} INFO - Setting next_dagrun for latest_only to 2021-07-14 00:00:00+00:00
[2021-07-16 11:17:08,627] {scheduler_job.py:190} INFO - Processing /home/karuturihemanth/airflow_env/lib/python3.9/site-packages/airflow/example_dags/example_latest_only.py took 1.015 seconds
[2021-07-16 11:17:39,584] {scheduler_job.py:182} INFO - Started process (PID=7387) to work on /home/karuturihemanth/airflow_env/lib/python3.9/site-packages/airflow/example_dags/example_latest_only.py
[2021-07-16 11:17:39,585] {scheduler_job.py:633} INFO - Processing file /home/karuturihemanth/airflow_env/lib/python3.9/site-packages/airflow/example_dags/example_latest_only.py for tasks to queue
[2021-07-16 11:17:39,585] {logging_mixin.py:104} INFO - [2021-07-16 11:17:39,585] {dagbag.py:496} INFO - Filling up the DagBag from /home/karuturihemanth/airflow_env/lib/python3.9/site-packages/airflow/example_dags/example_latest_only.py
[2021-07-16 11:17:39,594] {scheduler_job.py:643} INFO - DAG(s) dict_keys(['latest_only']) retrieved from /home/karuturihemanth/airflow_env/lib/python3.9/site-packages/airflow/example_dags/example_latest_only.py
[2021-07-16 11:17:40,265] {logging_mixin.py:104} INFO - [2021-07-16 11:17:40,265] {dag.py:1833} INFO - Sync 1 DAGs
[2021-07-16 11:17:40,371] {logging_mixin.py:104} INFO - [2021-07-16 11:17:40,371] {dag.py:2306} INFO - Setting next_dagrun for latest_only to 2021-07-14 00:00:00+00:00
[2021-07-16 11:17:40,595] {scheduler_job.py:190} INFO - Processing /home/karuturihemanth/airflow_env/lib/python3.9/site-packages/airflow/example_dags/example_latest_only.py took 1.014 seconds
[2021-07-16 11:18:11,905] {scheduler_job.py:182} INFO - Started process (PID=7421) to work on /home/karuturihemanth/airflow_env/lib/python3.9/site-packages/airflow/example_dags/example_latest_only.py
[2021-07-16 11:18:11,906] {scheduler_job.py:633} INFO - Processing file /home/karuturihemanth/airflow_env/lib/python3.9/site-packages/airflow/example_dags/example_latest_only.py for tasks to queue
[2021-07-16 11:18:11,907] {logging_mixin.py:104} INFO - [2021-07-16 11:18:11,907] {dagbag.py:496} INFO - Filling up the DagBag from /home/karuturihemanth/airflow_env/lib/python3.9/site-packages/airflow/example_dags/example_latest_only.py
[2021-07-16 11:18:11,916] {scheduler_job.py:643} INFO - DAG(s) dict_keys(['latest_only']) retrieved from /home/karuturihemanth/airflow_env/lib/python3.9/site-packages/airflow/example_dags/example_latest_only.py
[2021-07-16 11:18:12,582] {logging_mixin.py:104} INFO - [2021-07-16 11:18:12,582] {dag.py:1833} INFO - Sync 1 DAGs
[2021-07-16 11:18:12,686] {logging_mixin.py:104} INFO - [2021-07-16 11:18:12,686] {dag.py:2306} INFO - Setting next_dagrun for latest_only to 2021-07-14 00:00:00+00:00
[2021-07-16 11:18:12,910] {scheduler_job.py:190} INFO - Processing /home/karuturihemanth/airflow_env/lib/python3.9/site-packages/airflow/example_dags/example_latest_only.py took 1.008 seconds
[2021-07-16 11:18:43,467] {scheduler_job.py:182} INFO - Started process (PID=7456) to work on /home/karuturihemanth/airflow_env/lib/python3.9/site-packages/airflow/example_dags/example_latest_only.py
[2021-07-16 11:18:43,469] {scheduler_job.py:633} INFO - Processing file /home/karuturihemanth/airflow_env/lib/python3.9/site-packages/airflow/example_dags/example_latest_only.py for tasks to queue
[2021-07-16 11:18:43,469] {logging_mixin.py:104} INFO - [2021-07-16 11:18:43,469] {dagbag.py:496} INFO - Filling up the DagBag from /home/karuturihemanth/airflow_env/lib/python3.9/site-packages/airflow/example_dags/example_latest_only.py
[2021-07-16 11:18:43,478] {scheduler_job.py:643} INFO - DAG(s) dict_keys(['latest_only']) retrieved from /home/karuturihemanth/airflow_env/lib/python3.9/site-packages/airflow/example_dags/example_latest_only.py
[2021-07-16 11:18:44,140] {logging_mixin.py:104} INFO - [2021-07-16 11:18:44,140] {dag.py:1833} INFO - Sync 1 DAGs
[2021-07-16 11:18:44,246] {logging_mixin.py:104} INFO - [2021-07-16 11:18:44,246] {dag.py:2306} INFO - Setting next_dagrun for latest_only to 2021-07-14 00:00:00+00:00
[2021-07-16 11:18:44,468] {scheduler_job.py:190} INFO - Processing /home/karuturihemanth/airflow_env/lib/python3.9/site-packages/airflow/example_dags/example_latest_only.py took 1.004 seconds
