[2021-07-16 03:23:17,146] {scheduler_job.py:182} INFO - Started process (PID=1074) to work on /home/karuturihemanth/airflow_env/lib/python3.9/site-packages/airflow/example_dags/example_skip_dag.py
[2021-07-16 03:23:17,147] {scheduler_job.py:633} INFO - Processing file /home/karuturihemanth/airflow_env/lib/python3.9/site-packages/airflow/example_dags/example_skip_dag.py for tasks to queue
[2021-07-16 03:23:17,148] {logging_mixin.py:104} INFO - [2021-07-16 03:23:17,147] {dagbag.py:496} INFO - Filling up the DagBag from /home/karuturihemanth/airflow_env/lib/python3.9/site-packages/airflow/example_dags/example_skip_dag.py
[2021-07-16 03:23:17,157] {scheduler_job.py:643} INFO - DAG(s) dict_keys(['example_skip_dag']) retrieved from /home/karuturihemanth/airflow_env/lib/python3.9/site-packages/airflow/example_dags/example_skip_dag.py
[2021-07-16 03:23:17,400] {logging_mixin.py:104} INFO - [2021-07-16 03:23:17,400] {dag.py:1833} INFO - Sync 1 DAGs
[2021-07-16 03:23:17,407] {logging_mixin.py:104} INFO - [2021-07-16 03:23:17,406] {dag.py:2306} INFO - Setting next_dagrun for example_skip_dag to 2021-07-14 00:00:00+00:00
[2021-07-16 03:23:17,419] {scheduler_job.py:190} INFO - Processing /home/karuturihemanth/airflow_env/lib/python3.9/site-packages/airflow/example_dags/example_skip_dag.py took 0.276 seconds
[2021-07-16 03:23:57,534] {scheduler_job.py:182} INFO - Started process (PID=1112) to work on /home/karuturihemanth/airflow_env/lib/python3.9/site-packages/airflow/example_dags/example_skip_dag.py
[2021-07-16 03:23:57,535] {scheduler_job.py:633} INFO - Processing file /home/karuturihemanth/airflow_env/lib/python3.9/site-packages/airflow/example_dags/example_skip_dag.py for tasks to queue
[2021-07-16 03:23:57,536] {logging_mixin.py:104} INFO - [2021-07-16 03:23:57,536] {dagbag.py:496} INFO - Filling up the DagBag from /home/karuturihemanth/airflow_env/lib/python3.9/site-packages/airflow/example_dags/example_skip_dag.py
[2021-07-16 03:23:57,544] {scheduler_job.py:643} INFO - DAG(s) dict_keys(['example_skip_dag']) retrieved from /home/karuturihemanth/airflow_env/lib/python3.9/site-packages/airflow/example_dags/example_skip_dag.py
[2021-07-16 03:23:57,558] {logging_mixin.py:104} INFO - [2021-07-16 03:23:57,558] {dag.py:1833} INFO - Sync 1 DAGs
[2021-07-16 03:23:57,567] {logging_mixin.py:104} INFO - [2021-07-16 03:23:57,567] {dag.py:2306} INFO - Setting next_dagrun for example_skip_dag to 2021-07-14 00:00:00+00:00
[2021-07-16 03:23:57,580] {scheduler_job.py:190} INFO - Processing /home/karuturihemanth/airflow_env/lib/python3.9/site-packages/airflow/example_dags/example_skip_dag.py took 0.049 seconds
[2021-07-16 03:24:35,455] {scheduler_job.py:182} INFO - Started process (PID=1158) to work on /home/karuturihemanth/airflow_env/lib/python3.9/site-packages/airflow/example_dags/example_skip_dag.py
[2021-07-16 03:24:35,457] {scheduler_job.py:633} INFO - Processing file /home/karuturihemanth/airflow_env/lib/python3.9/site-packages/airflow/example_dags/example_skip_dag.py for tasks to queue
[2021-07-16 03:24:35,457] {logging_mixin.py:104} INFO - [2021-07-16 03:24:35,457] {dagbag.py:496} INFO - Filling up the DagBag from /home/karuturihemanth/airflow_env/lib/python3.9/site-packages/airflow/example_dags/example_skip_dag.py
[2021-07-16 03:24:35,469] {scheduler_job.py:643} INFO - DAG(s) dict_keys(['example_skip_dag']) retrieved from /home/karuturihemanth/airflow_env/lib/python3.9/site-packages/airflow/example_dags/example_skip_dag.py
[2021-07-16 03:24:35,483] {logging_mixin.py:104} INFO - [2021-07-16 03:24:35,483] {dag.py:1833} INFO - Sync 1 DAGs
[2021-07-16 03:24:35,493] {logging_mixin.py:104} INFO - [2021-07-16 03:24:35,493] {dag.py:2306} INFO - Setting next_dagrun for example_skip_dag to 2021-07-14 00:00:00+00:00
[2021-07-16 03:24:35,504] {scheduler_job.py:190} INFO - Processing /home/karuturihemanth/airflow_env/lib/python3.9/site-packages/airflow/example_dags/example_skip_dag.py took 0.053 seconds
[2021-07-16 03:25:09,640] {scheduler_job.py:182} INFO - Started process (PID=1192) to work on /home/karuturihemanth/airflow_env/lib/python3.9/site-packages/airflow/example_dags/example_skip_dag.py
[2021-07-16 03:25:09,641] {scheduler_job.py:633} INFO - Processing file /home/karuturihemanth/airflow_env/lib/python3.9/site-packages/airflow/example_dags/example_skip_dag.py for tasks to queue
[2021-07-16 03:25:09,641] {logging_mixin.py:104} INFO - [2021-07-16 03:25:09,641] {dagbag.py:496} INFO - Filling up the DagBag from /home/karuturihemanth/airflow_env/lib/python3.9/site-packages/airflow/example_dags/example_skip_dag.py
[2021-07-16 03:25:09,651] {scheduler_job.py:643} INFO - DAG(s) dict_keys(['example_skip_dag']) retrieved from /home/karuturihemanth/airflow_env/lib/python3.9/site-packages/airflow/example_dags/example_skip_dag.py
[2021-07-16 03:25:09,664] {logging_mixin.py:104} INFO - [2021-07-16 03:25:09,664] {dag.py:1833} INFO - Sync 1 DAGs
[2021-07-16 03:25:09,678] {logging_mixin.py:104} INFO - [2021-07-16 03:25:09,678] {dag.py:2306} INFO - Setting next_dagrun for example_skip_dag to 2021-07-14 00:00:00+00:00
[2021-07-16 03:25:09,691] {scheduler_job.py:190} INFO - Processing /home/karuturihemanth/airflow_env/lib/python3.9/site-packages/airflow/example_dags/example_skip_dag.py took 0.054 seconds
[2021-07-16 03:25:44,349] {scheduler_job.py:182} INFO - Started process (PID=1227) to work on /home/karuturihemanth/airflow_env/lib/python3.9/site-packages/airflow/example_dags/example_skip_dag.py
[2021-07-16 03:25:44,350] {scheduler_job.py:633} INFO - Processing file /home/karuturihemanth/airflow_env/lib/python3.9/site-packages/airflow/example_dags/example_skip_dag.py for tasks to queue
[2021-07-16 03:25:44,350] {logging_mixin.py:104} INFO - [2021-07-16 03:25:44,350] {dagbag.py:496} INFO - Filling up the DagBag from /home/karuturihemanth/airflow_env/lib/python3.9/site-packages/airflow/example_dags/example_skip_dag.py
[2021-07-16 03:25:44,359] {scheduler_job.py:643} INFO - DAG(s) dict_keys(['example_skip_dag']) retrieved from /home/karuturihemanth/airflow_env/lib/python3.9/site-packages/airflow/example_dags/example_skip_dag.py
[2021-07-16 03:25:44,372] {logging_mixin.py:104} INFO - [2021-07-16 03:25:44,371] {dag.py:1833} INFO - Sync 1 DAGs
[2021-07-16 03:25:44,380] {logging_mixin.py:104} INFO - [2021-07-16 03:25:44,380] {dag.py:2306} INFO - Setting next_dagrun for example_skip_dag to 2021-07-14 00:00:00+00:00
[2021-07-16 03:25:44,393] {scheduler_job.py:190} INFO - Processing /home/karuturihemanth/airflow_env/lib/python3.9/site-packages/airflow/example_dags/example_skip_dag.py took 0.047 seconds
[2021-07-16 03:26:20,032] {scheduler_job.py:182} INFO - Started process (PID=1261) to work on /home/karuturihemanth/airflow_env/lib/python3.9/site-packages/airflow/example_dags/example_skip_dag.py
[2021-07-16 03:26:20,033] {scheduler_job.py:633} INFO - Processing file /home/karuturihemanth/airflow_env/lib/python3.9/site-packages/airflow/example_dags/example_skip_dag.py for tasks to queue
[2021-07-16 03:26:20,034] {logging_mixin.py:104} INFO - [2021-07-16 03:26:20,034] {dagbag.py:496} INFO - Filling up the DagBag from /home/karuturihemanth/airflow_env/lib/python3.9/site-packages/airflow/example_dags/example_skip_dag.py
[2021-07-16 03:26:20,043] {scheduler_job.py:643} INFO - DAG(s) dict_keys(['example_skip_dag']) retrieved from /home/karuturihemanth/airflow_env/lib/python3.9/site-packages/airflow/example_dags/example_skip_dag.py
[2021-07-16 03:26:20,057] {logging_mixin.py:104} INFO - [2021-07-16 03:26:20,057] {dag.py:1833} INFO - Sync 1 DAGs
[2021-07-16 03:26:20,067] {logging_mixin.py:104} INFO - [2021-07-16 03:26:20,066] {dag.py:2306} INFO - Setting next_dagrun for example_skip_dag to 2021-07-14 00:00:00+00:00
[2021-07-16 03:26:20,079] {scheduler_job.py:190} INFO - Processing /home/karuturihemanth/airflow_env/lib/python3.9/site-packages/airflow/example_dags/example_skip_dag.py took 0.050 seconds
[2021-07-16 03:27:08,982] {scheduler_job.py:182} INFO - Started process (PID=1306) to work on /home/karuturihemanth/airflow_env/lib/python3.9/site-packages/airflow/example_dags/example_skip_dag.py
[2021-07-16 03:27:08,983] {scheduler_job.py:633} INFO - Processing file /home/karuturihemanth/airflow_env/lib/python3.9/site-packages/airflow/example_dags/example_skip_dag.py for tasks to queue
[2021-07-16 03:27:08,983] {logging_mixin.py:104} INFO - [2021-07-16 03:27:08,983] {dagbag.py:496} INFO - Filling up the DagBag from /home/karuturihemanth/airflow_env/lib/python3.9/site-packages/airflow/example_dags/example_skip_dag.py
[2021-07-16 03:27:08,992] {scheduler_job.py:643} INFO - DAG(s) dict_keys(['example_skip_dag']) retrieved from /home/karuturihemanth/airflow_env/lib/python3.9/site-packages/airflow/example_dags/example_skip_dag.py
[2021-07-16 03:27:09,007] {logging_mixin.py:104} INFO - [2021-07-16 03:27:09,007] {dag.py:1833} INFO - Sync 1 DAGs
[2021-07-16 03:27:09,017] {logging_mixin.py:104} INFO - [2021-07-16 03:27:09,017] {dag.py:2306} INFO - Setting next_dagrun for example_skip_dag to 2021-07-14 00:00:00+00:00
[2021-07-16 03:27:09,030] {scheduler_job.py:190} INFO - Processing /home/karuturihemanth/airflow_env/lib/python3.9/site-packages/airflow/example_dags/example_skip_dag.py took 0.051 seconds
[2021-07-16 03:27:44,059] {scheduler_job.py:182} INFO - Started process (PID=1340) to work on /home/karuturihemanth/airflow_env/lib/python3.9/site-packages/airflow/example_dags/example_skip_dag.py
[2021-07-16 03:27:44,060] {scheduler_job.py:633} INFO - Processing file /home/karuturihemanth/airflow_env/lib/python3.9/site-packages/airflow/example_dags/example_skip_dag.py for tasks to queue
[2021-07-16 03:27:44,061] {logging_mixin.py:104} INFO - [2021-07-16 03:27:44,061] {dagbag.py:496} INFO - Filling up the DagBag from /home/karuturihemanth/airflow_env/lib/python3.9/site-packages/airflow/example_dags/example_skip_dag.py
[2021-07-16 03:27:44,070] {scheduler_job.py:643} INFO - DAG(s) dict_keys(['example_skip_dag']) retrieved from /home/karuturihemanth/airflow_env/lib/python3.9/site-packages/airflow/example_dags/example_skip_dag.py
[2021-07-16 03:27:44,083] {logging_mixin.py:104} INFO - [2021-07-16 03:27:44,083] {dag.py:1833} INFO - Sync 1 DAGs
[2021-07-16 03:27:44,093] {logging_mixin.py:104} INFO - [2021-07-16 03:27:44,093] {dag.py:2306} INFO - Setting next_dagrun for example_skip_dag to 2021-07-14 00:00:00+00:00
[2021-07-16 03:27:44,105] {scheduler_job.py:190} INFO - Processing /home/karuturihemanth/airflow_env/lib/python3.9/site-packages/airflow/example_dags/example_skip_dag.py took 0.049 seconds
[2021-07-16 03:28:18,836] {scheduler_job.py:182} INFO - Started process (PID=1374) to work on /home/karuturihemanth/airflow_env/lib/python3.9/site-packages/airflow/example_dags/example_skip_dag.py
[2021-07-16 03:28:18,837] {scheduler_job.py:633} INFO - Processing file /home/karuturihemanth/airflow_env/lib/python3.9/site-packages/airflow/example_dags/example_skip_dag.py for tasks to queue
[2021-07-16 03:28:18,837] {logging_mixin.py:104} INFO - [2021-07-16 03:28:18,837] {dagbag.py:496} INFO - Filling up the DagBag from /home/karuturihemanth/airflow_env/lib/python3.9/site-packages/airflow/example_dags/example_skip_dag.py
[2021-07-16 03:28:18,846] {scheduler_job.py:643} INFO - DAG(s) dict_keys(['example_skip_dag']) retrieved from /home/karuturihemanth/airflow_env/lib/python3.9/site-packages/airflow/example_dags/example_skip_dag.py
[2021-07-16 03:28:18,860] {logging_mixin.py:104} INFO - [2021-07-16 03:28:18,860] {dag.py:1833} INFO - Sync 1 DAGs
[2021-07-16 03:28:18,869] {logging_mixin.py:104} INFO - [2021-07-16 03:28:18,869] {dag.py:2306} INFO - Setting next_dagrun for example_skip_dag to 2021-07-14 00:00:00+00:00
[2021-07-16 03:28:18,882] {scheduler_job.py:190} INFO - Processing /home/karuturihemanth/airflow_env/lib/python3.9/site-packages/airflow/example_dags/example_skip_dag.py took 0.049 seconds
[2021-07-16 03:28:52,801] {scheduler_job.py:182} INFO - Started process (PID=1408) to work on /home/karuturihemanth/airflow_env/lib/python3.9/site-packages/airflow/example_dags/example_skip_dag.py
[2021-07-16 03:28:52,802] {scheduler_job.py:633} INFO - Processing file /home/karuturihemanth/airflow_env/lib/python3.9/site-packages/airflow/example_dags/example_skip_dag.py for tasks to queue
[2021-07-16 03:28:52,803] {logging_mixin.py:104} INFO - [2021-07-16 03:28:52,803] {dagbag.py:496} INFO - Filling up the DagBag from /home/karuturihemanth/airflow_env/lib/python3.9/site-packages/airflow/example_dags/example_skip_dag.py
[2021-07-16 03:28:52,812] {scheduler_job.py:643} INFO - DAG(s) dict_keys(['example_skip_dag']) retrieved from /home/karuturihemanth/airflow_env/lib/python3.9/site-packages/airflow/example_dags/example_skip_dag.py
[2021-07-16 03:28:52,826] {logging_mixin.py:104} INFO - [2021-07-16 03:28:52,826] {dag.py:1833} INFO - Sync 1 DAGs
[2021-07-16 03:28:52,835] {logging_mixin.py:104} INFO - [2021-07-16 03:28:52,835] {dag.py:2306} INFO - Setting next_dagrun for example_skip_dag to 2021-07-14 00:00:00+00:00
[2021-07-16 03:28:52,848] {scheduler_job.py:190} INFO - Processing /home/karuturihemanth/airflow_env/lib/python3.9/site-packages/airflow/example_dags/example_skip_dag.py took 0.050 seconds
[2021-07-16 03:29:27,604] {scheduler_job.py:182} INFO - Started process (PID=1442) to work on /home/karuturihemanth/airflow_env/lib/python3.9/site-packages/airflow/example_dags/example_skip_dag.py
[2021-07-16 03:29:27,605] {scheduler_job.py:633} INFO - Processing file /home/karuturihemanth/airflow_env/lib/python3.9/site-packages/airflow/example_dags/example_skip_dag.py for tasks to queue
[2021-07-16 03:29:27,606] {logging_mixin.py:104} INFO - [2021-07-16 03:29:27,606] {dagbag.py:496} INFO - Filling up the DagBag from /home/karuturihemanth/airflow_env/lib/python3.9/site-packages/airflow/example_dags/example_skip_dag.py
[2021-07-16 03:29:27,615] {scheduler_job.py:643} INFO - DAG(s) dict_keys(['example_skip_dag']) retrieved from /home/karuturihemanth/airflow_env/lib/python3.9/site-packages/airflow/example_dags/example_skip_dag.py
[2021-07-16 03:29:27,629] {logging_mixin.py:104} INFO - [2021-07-16 03:29:27,628] {dag.py:1833} INFO - Sync 1 DAGs
[2021-07-16 03:29:27,638] {logging_mixin.py:104} INFO - [2021-07-16 03:29:27,638] {dag.py:2306} INFO - Setting next_dagrun for example_skip_dag to 2021-07-14 00:00:00+00:00
[2021-07-16 03:29:27,650] {scheduler_job.py:190} INFO - Processing /home/karuturihemanth/airflow_env/lib/python3.9/site-packages/airflow/example_dags/example_skip_dag.py took 0.049 seconds
[2021-07-16 03:30:02,663] {scheduler_job.py:182} INFO - Started process (PID=1477) to work on /home/karuturihemanth/airflow_env/lib/python3.9/site-packages/airflow/example_dags/example_skip_dag.py
[2021-07-16 03:30:02,664] {scheduler_job.py:633} INFO - Processing file /home/karuturihemanth/airflow_env/lib/python3.9/site-packages/airflow/example_dags/example_skip_dag.py for tasks to queue
[2021-07-16 03:30:02,664] {logging_mixin.py:104} INFO - [2021-07-16 03:30:02,664] {dagbag.py:496} INFO - Filling up the DagBag from /home/karuturihemanth/airflow_env/lib/python3.9/site-packages/airflow/example_dags/example_skip_dag.py
[2021-07-16 03:30:02,673] {scheduler_job.py:643} INFO - DAG(s) dict_keys(['example_skip_dag']) retrieved from /home/karuturihemanth/airflow_env/lib/python3.9/site-packages/airflow/example_dags/example_skip_dag.py
[2021-07-16 03:30:02,686] {logging_mixin.py:104} INFO - [2021-07-16 03:30:02,686] {dag.py:1833} INFO - Sync 1 DAGs
[2021-07-16 03:30:02,696] {logging_mixin.py:104} INFO - [2021-07-16 03:30:02,695] {dag.py:2306} INFO - Setting next_dagrun for example_skip_dag to 2021-07-14 00:00:00+00:00
[2021-07-16 03:30:02,708] {scheduler_job.py:190} INFO - Processing /home/karuturihemanth/airflow_env/lib/python3.9/site-packages/airflow/example_dags/example_skip_dag.py took 0.048 seconds
[2021-07-16 03:30:34,120] {scheduler_job.py:182} INFO - Started process (PID=1510) to work on /home/karuturihemanth/airflow_env/lib/python3.9/site-packages/airflow/example_dags/example_skip_dag.py
[2021-07-16 03:30:34,122] {scheduler_job.py:633} INFO - Processing file /home/karuturihemanth/airflow_env/lib/python3.9/site-packages/airflow/example_dags/example_skip_dag.py for tasks to queue
[2021-07-16 03:30:34,122] {logging_mixin.py:104} INFO - [2021-07-16 03:30:34,122] {dagbag.py:496} INFO - Filling up the DagBag from /home/karuturihemanth/airflow_env/lib/python3.9/site-packages/airflow/example_dags/example_skip_dag.py
[2021-07-16 03:30:34,132] {scheduler_job.py:643} INFO - DAG(s) dict_keys(['example_skip_dag']) retrieved from /home/karuturihemanth/airflow_env/lib/python3.9/site-packages/airflow/example_dags/example_skip_dag.py
[2021-07-16 03:30:34,146] {logging_mixin.py:104} INFO - [2021-07-16 03:30:34,146] {dag.py:1833} INFO - Sync 1 DAGs
[2021-07-16 03:30:34,156] {logging_mixin.py:104} INFO - [2021-07-16 03:30:34,156] {dag.py:2306} INFO - Setting next_dagrun for example_skip_dag to 2021-07-14 00:00:00+00:00
[2021-07-16 03:30:34,168] {scheduler_job.py:190} INFO - Processing /home/karuturihemanth/airflow_env/lib/python3.9/site-packages/airflow/example_dags/example_skip_dag.py took 0.051 seconds
[2021-07-16 03:31:08,890] {scheduler_job.py:182} INFO - Started process (PID=1544) to work on /home/karuturihemanth/airflow_env/lib/python3.9/site-packages/airflow/example_dags/example_skip_dag.py
[2021-07-16 03:31:08,890] {scheduler_job.py:633} INFO - Processing file /home/karuturihemanth/airflow_env/lib/python3.9/site-packages/airflow/example_dags/example_skip_dag.py for tasks to queue
[2021-07-16 03:31:08,891] {logging_mixin.py:104} INFO - [2021-07-16 03:31:08,891] {dagbag.py:496} INFO - Filling up the DagBag from /home/karuturihemanth/airflow_env/lib/python3.9/site-packages/airflow/example_dags/example_skip_dag.py
[2021-07-16 03:31:08,901] {scheduler_job.py:643} INFO - DAG(s) dict_keys(['example_skip_dag']) retrieved from /home/karuturihemanth/airflow_env/lib/python3.9/site-packages/airflow/example_dags/example_skip_dag.py
[2021-07-16 03:31:08,914] {logging_mixin.py:104} INFO - [2021-07-16 03:31:08,914] {dag.py:1833} INFO - Sync 1 DAGs
[2021-07-16 03:31:08,923] {logging_mixin.py:104} INFO - [2021-07-16 03:31:08,923] {dag.py:2306} INFO - Setting next_dagrun for example_skip_dag to 2021-07-14 00:00:00+00:00
[2021-07-16 03:31:08,935] {scheduler_job.py:190} INFO - Processing /home/karuturihemanth/airflow_env/lib/python3.9/site-packages/airflow/example_dags/example_skip_dag.py took 0.048 seconds
[2021-07-16 03:31:42,231] {scheduler_job.py:182} INFO - Started process (PID=1578) to work on /home/karuturihemanth/airflow_env/lib/python3.9/site-packages/airflow/example_dags/example_skip_dag.py
[2021-07-16 03:31:42,231] {scheduler_job.py:633} INFO - Processing file /home/karuturihemanth/airflow_env/lib/python3.9/site-packages/airflow/example_dags/example_skip_dag.py for tasks to queue
[2021-07-16 03:31:42,232] {logging_mixin.py:104} INFO - [2021-07-16 03:31:42,232] {dagbag.py:496} INFO - Filling up the DagBag from /home/karuturihemanth/airflow_env/lib/python3.9/site-packages/airflow/example_dags/example_skip_dag.py
[2021-07-16 03:31:42,241] {scheduler_job.py:643} INFO - DAG(s) dict_keys(['example_skip_dag']) retrieved from /home/karuturihemanth/airflow_env/lib/python3.9/site-packages/airflow/example_dags/example_skip_dag.py
[2021-07-16 03:31:42,255] {logging_mixin.py:104} INFO - [2021-07-16 03:31:42,255] {dag.py:1833} INFO - Sync 1 DAGs
[2021-07-16 03:31:42,264] {logging_mixin.py:104} INFO - [2021-07-16 03:31:42,264] {dag.py:2306} INFO - Setting next_dagrun for example_skip_dag to 2021-07-14 00:00:00+00:00
[2021-07-16 03:31:42,276] {scheduler_job.py:190} INFO - Processing /home/karuturihemanth/airflow_env/lib/python3.9/site-packages/airflow/example_dags/example_skip_dag.py took 0.049 seconds
[2021-07-16 03:32:13,507] {scheduler_job.py:182} INFO - Started process (PID=1858) to work on /home/karuturihemanth/airflow_env/lib/python3.9/site-packages/airflow/example_dags/example_skip_dag.py
[2021-07-16 03:32:13,510] {scheduler_job.py:633} INFO - Processing file /home/karuturihemanth/airflow_env/lib/python3.9/site-packages/airflow/example_dags/example_skip_dag.py for tasks to queue
[2021-07-16 03:32:13,511] {logging_mixin.py:104} INFO - [2021-07-16 03:32:13,511] {dagbag.py:496} INFO - Filling up the DagBag from /home/karuturihemanth/airflow_env/lib/python3.9/site-packages/airflow/example_dags/example_skip_dag.py
[2021-07-16 03:32:13,521] {scheduler_job.py:643} INFO - DAG(s) dict_keys(['example_skip_dag']) retrieved from /home/karuturihemanth/airflow_env/lib/python3.9/site-packages/airflow/example_dags/example_skip_dag.py
[2021-07-16 03:32:13,536] {logging_mixin.py:104} INFO - [2021-07-16 03:32:13,536] {dag.py:1833} INFO - Sync 1 DAGs
[2021-07-16 03:32:13,546] {logging_mixin.py:104} INFO - [2021-07-16 03:32:13,546] {dag.py:2306} INFO - Setting next_dagrun for example_skip_dag to 2021-07-14 00:00:00+00:00
[2021-07-16 03:32:13,558] {scheduler_job.py:190} INFO - Processing /home/karuturihemanth/airflow_env/lib/python3.9/site-packages/airflow/example_dags/example_skip_dag.py took 0.054 seconds
[2021-07-16 03:32:53,646] {scheduler_job.py:182} INFO - Started process (PID=4541) to work on /home/karuturihemanth/airflow_env/lib/python3.9/site-packages/airflow/example_dags/example_skip_dag.py
[2021-07-16 03:32:53,648] {scheduler_job.py:633} INFO - Processing file /home/karuturihemanth/airflow_env/lib/python3.9/site-packages/airflow/example_dags/example_skip_dag.py for tasks to queue
[2021-07-16 03:32:53,649] {logging_mixin.py:104} INFO - [2021-07-16 03:32:53,648] {dagbag.py:496} INFO - Filling up the DagBag from /home/karuturihemanth/airflow_env/lib/python3.9/site-packages/airflow/example_dags/example_skip_dag.py
[2021-07-16 03:32:53,665] {scheduler_job.py:643} INFO - DAG(s) dict_keys(['example_skip_dag']) retrieved from /home/karuturihemanth/airflow_env/lib/python3.9/site-packages/airflow/example_dags/example_skip_dag.py
[2021-07-16 03:32:53,680] {logging_mixin.py:104} INFO - [2021-07-16 03:32:53,680] {dag.py:1833} INFO - Sync 1 DAGs
[2021-07-16 03:32:53,694] {logging_mixin.py:104} INFO - [2021-07-16 03:32:53,694] {dag.py:2306} INFO - Setting next_dagrun for example_skip_dag to 2021-07-14 00:00:00+00:00
[2021-07-16 03:32:53,708] {scheduler_job.py:190} INFO - Processing /home/karuturihemanth/airflow_env/lib/python3.9/site-packages/airflow/example_dags/example_skip_dag.py took 0.066 seconds
[2021-07-16 03:33:45,516] {scheduler_job.py:182} INFO - Started process (PID=4651) to work on /home/karuturihemanth/airflow_env/lib/python3.9/site-packages/airflow/example_dags/example_skip_dag.py
[2021-07-16 03:33:45,519] {scheduler_job.py:633} INFO - Processing file /home/karuturihemanth/airflow_env/lib/python3.9/site-packages/airflow/example_dags/example_skip_dag.py for tasks to queue
[2021-07-16 03:33:45,519] {logging_mixin.py:104} INFO - [2021-07-16 03:33:45,519] {dagbag.py:496} INFO - Filling up the DagBag from /home/karuturihemanth/airflow_env/lib/python3.9/site-packages/airflow/example_dags/example_skip_dag.py
[2021-07-16 03:33:45,530] {scheduler_job.py:643} INFO - DAG(s) dict_keys(['example_skip_dag']) retrieved from /home/karuturihemanth/airflow_env/lib/python3.9/site-packages/airflow/example_dags/example_skip_dag.py
[2021-07-16 03:33:45,544] {logging_mixin.py:104} INFO - [2021-07-16 03:33:45,544] {dag.py:1833} INFO - Sync 1 DAGs
[2021-07-16 03:33:45,554] {logging_mixin.py:104} INFO - [2021-07-16 03:33:45,554] {dag.py:2306} INFO - Setting next_dagrun for example_skip_dag to 2021-07-14 00:00:00+00:00
[2021-07-16 03:33:45,568] {scheduler_job.py:190} INFO - Processing /home/karuturihemanth/airflow_env/lib/python3.9/site-packages/airflow/example_dags/example_skip_dag.py took 0.054 seconds
[2021-07-16 03:34:21,849] {scheduler_job.py:182} INFO - Started process (PID=4686) to work on /home/karuturihemanth/airflow_env/lib/python3.9/site-packages/airflow/example_dags/example_skip_dag.py
[2021-07-16 03:34:21,850] {scheduler_job.py:633} INFO - Processing file /home/karuturihemanth/airflow_env/lib/python3.9/site-packages/airflow/example_dags/example_skip_dag.py for tasks to queue
[2021-07-16 03:34:21,851] {logging_mixin.py:104} INFO - [2021-07-16 03:34:21,851] {dagbag.py:496} INFO - Filling up the DagBag from /home/karuturihemanth/airflow_env/lib/python3.9/site-packages/airflow/example_dags/example_skip_dag.py
[2021-07-16 03:34:21,861] {scheduler_job.py:643} INFO - DAG(s) dict_keys(['example_skip_dag']) retrieved from /home/karuturihemanth/airflow_env/lib/python3.9/site-packages/airflow/example_dags/example_skip_dag.py
[2021-07-16 03:34:21,875] {logging_mixin.py:104} INFO - [2021-07-16 03:34:21,875] {dag.py:1833} INFO - Sync 1 DAGs
[2021-07-16 03:34:21,884] {logging_mixin.py:104} INFO - [2021-07-16 03:34:21,884] {dag.py:2306} INFO - Setting next_dagrun for example_skip_dag to 2021-07-14 00:00:00+00:00
[2021-07-16 03:34:21,896] {scheduler_job.py:190} INFO - Processing /home/karuturihemanth/airflow_env/lib/python3.9/site-packages/airflow/example_dags/example_skip_dag.py took 0.052 seconds
[2021-07-16 03:34:58,854] {scheduler_job.py:182} INFO - Started process (PID=4778) to work on /home/karuturihemanth/airflow_env/lib/python3.9/site-packages/airflow/example_dags/example_skip_dag.py
[2021-07-16 03:34:58,856] {scheduler_job.py:633} INFO - Processing file /home/karuturihemanth/airflow_env/lib/python3.9/site-packages/airflow/example_dags/example_skip_dag.py for tasks to queue
[2021-07-16 03:34:58,856] {logging_mixin.py:104} INFO - [2021-07-16 03:34:58,856] {dagbag.py:496} INFO - Filling up the DagBag from /home/karuturihemanth/airflow_env/lib/python3.9/site-packages/airflow/example_dags/example_skip_dag.py
[2021-07-16 03:34:58,868] {scheduler_job.py:643} INFO - DAG(s) dict_keys(['example_skip_dag']) retrieved from /home/karuturihemanth/airflow_env/lib/python3.9/site-packages/airflow/example_dags/example_skip_dag.py
[2021-07-16 03:34:58,882] {logging_mixin.py:104} INFO - [2021-07-16 03:34:58,882] {dag.py:1833} INFO - Sync 1 DAGs
[2021-07-16 03:34:58,892] {logging_mixin.py:104} INFO - [2021-07-16 03:34:58,892] {dag.py:2306} INFO - Setting next_dagrun for example_skip_dag to 2021-07-14 00:00:00+00:00
[2021-07-16 03:34:58,904] {scheduler_job.py:190} INFO - Processing /home/karuturihemanth/airflow_env/lib/python3.9/site-packages/airflow/example_dags/example_skip_dag.py took 0.053 seconds
[2021-07-16 03:35:32,909] {scheduler_job.py:182} INFO - Started process (PID=4937) to work on /home/karuturihemanth/airflow_env/lib/python3.9/site-packages/airflow/example_dags/example_skip_dag.py
[2021-07-16 03:35:32,911] {scheduler_job.py:633} INFO - Processing file /home/karuturihemanth/airflow_env/lib/python3.9/site-packages/airflow/example_dags/example_skip_dag.py for tasks to queue
[2021-07-16 03:35:32,912] {logging_mixin.py:104} INFO - [2021-07-16 03:35:32,912] {dagbag.py:496} INFO - Filling up the DagBag from /home/karuturihemanth/airflow_env/lib/python3.9/site-packages/airflow/example_dags/example_skip_dag.py
[2021-07-16 03:35:32,922] {scheduler_job.py:643} INFO - DAG(s) dict_keys(['example_skip_dag']) retrieved from /home/karuturihemanth/airflow_env/lib/python3.9/site-packages/airflow/example_dags/example_skip_dag.py
[2021-07-16 03:35:32,938] {logging_mixin.py:104} INFO - [2021-07-16 03:35:32,938] {dag.py:1833} INFO - Sync 1 DAGs
[2021-07-16 03:35:32,947] {logging_mixin.py:104} INFO - [2021-07-16 03:35:32,947] {dag.py:2306} INFO - Setting next_dagrun for example_skip_dag to 2021-07-14 00:00:00+00:00
[2021-07-16 03:35:32,960] {scheduler_job.py:190} INFO - Processing /home/karuturihemanth/airflow_env/lib/python3.9/site-packages/airflow/example_dags/example_skip_dag.py took 0.054 seconds
[2021-07-16 03:36:07,788] {scheduler_job.py:182} INFO - Started process (PID=5056) to work on /home/karuturihemanth/airflow_env/lib/python3.9/site-packages/airflow/example_dags/example_skip_dag.py
[2021-07-16 03:36:07,791] {scheduler_job.py:633} INFO - Processing file /home/karuturihemanth/airflow_env/lib/python3.9/site-packages/airflow/example_dags/example_skip_dag.py for tasks to queue
[2021-07-16 03:36:07,792] {logging_mixin.py:104} INFO - [2021-07-16 03:36:07,792] {dagbag.py:496} INFO - Filling up the DagBag from /home/karuturihemanth/airflow_env/lib/python3.9/site-packages/airflow/example_dags/example_skip_dag.py
[2021-07-16 03:36:07,803] {scheduler_job.py:643} INFO - DAG(s) dict_keys(['example_skip_dag']) retrieved from /home/karuturihemanth/airflow_env/lib/python3.9/site-packages/airflow/example_dags/example_skip_dag.py
[2021-07-16 03:36:07,818] {logging_mixin.py:104} INFO - [2021-07-16 03:36:07,818] {dag.py:1833} INFO - Sync 1 DAGs
[2021-07-16 03:36:07,828] {logging_mixin.py:104} INFO - [2021-07-16 03:36:07,828] {dag.py:2306} INFO - Setting next_dagrun for example_skip_dag to 2021-07-14 00:00:00+00:00
[2021-07-16 03:36:07,840] {scheduler_job.py:190} INFO - Processing /home/karuturihemanth/airflow_env/lib/python3.9/site-packages/airflow/example_dags/example_skip_dag.py took 0.055 seconds
[2021-07-16 03:36:46,968] {scheduler_job.py:182} INFO - Started process (PID=5095) to work on /home/karuturihemanth/airflow_env/lib/python3.9/site-packages/airflow/example_dags/example_skip_dag.py
[2021-07-16 03:36:46,969] {scheduler_job.py:633} INFO - Processing file /home/karuturihemanth/airflow_env/lib/python3.9/site-packages/airflow/example_dags/example_skip_dag.py for tasks to queue
[2021-07-16 03:36:46,970] {logging_mixin.py:104} INFO - [2021-07-16 03:36:46,970] {dagbag.py:496} INFO - Filling up the DagBag from /home/karuturihemanth/airflow_env/lib/python3.9/site-packages/airflow/example_dags/example_skip_dag.py
[2021-07-16 03:36:46,981] {scheduler_job.py:643} INFO - DAG(s) dict_keys(['example_skip_dag']) retrieved from /home/karuturihemanth/airflow_env/lib/python3.9/site-packages/airflow/example_dags/example_skip_dag.py
[2021-07-16 03:36:46,996] {logging_mixin.py:104} INFO - [2021-07-16 03:36:46,996] {dag.py:1833} INFO - Sync 1 DAGs
[2021-07-16 03:36:47,006] {logging_mixin.py:104} INFO - [2021-07-16 03:36:47,005] {dag.py:2306} INFO - Setting next_dagrun for example_skip_dag to 2021-07-14 00:00:00+00:00
[2021-07-16 03:36:47,018] {scheduler_job.py:190} INFO - Processing /home/karuturihemanth/airflow_env/lib/python3.9/site-packages/airflow/example_dags/example_skip_dag.py took 0.054 seconds
[2021-07-16 03:37:21,307] {scheduler_job.py:182} INFO - Started process (PID=5130) to work on /home/karuturihemanth/airflow_env/lib/python3.9/site-packages/airflow/example_dags/example_skip_dag.py
[2021-07-16 03:37:21,308] {scheduler_job.py:633} INFO - Processing file /home/karuturihemanth/airflow_env/lib/python3.9/site-packages/airflow/example_dags/example_skip_dag.py for tasks to queue
[2021-07-16 03:37:21,309] {logging_mixin.py:104} INFO - [2021-07-16 03:37:21,309] {dagbag.py:496} INFO - Filling up the DagBag from /home/karuturihemanth/airflow_env/lib/python3.9/site-packages/airflow/example_dags/example_skip_dag.py
[2021-07-16 03:37:21,325] {scheduler_job.py:643} INFO - DAG(s) dict_keys(['example_skip_dag']) retrieved from /home/karuturihemanth/airflow_env/lib/python3.9/site-packages/airflow/example_dags/example_skip_dag.py
[2021-07-16 03:37:21,339] {logging_mixin.py:104} INFO - [2021-07-16 03:37:21,339] {dag.py:1833} INFO - Sync 1 DAGs
[2021-07-16 03:37:21,349] {logging_mixin.py:104} INFO - [2021-07-16 03:37:21,349] {dag.py:2306} INFO - Setting next_dagrun for example_skip_dag to 2021-07-14 00:00:00+00:00
[2021-07-16 03:37:21,362] {scheduler_job.py:190} INFO - Processing /home/karuturihemanth/airflow_env/lib/python3.9/site-packages/airflow/example_dags/example_skip_dag.py took 0.058 seconds
[2021-07-16 03:37:54,482] {scheduler_job.py:182} INFO - Started process (PID=5164) to work on /home/karuturihemanth/airflow_env/lib/python3.9/site-packages/airflow/example_dags/example_skip_dag.py
[2021-07-16 03:37:54,484] {scheduler_job.py:633} INFO - Processing file /home/karuturihemanth/airflow_env/lib/python3.9/site-packages/airflow/example_dags/example_skip_dag.py for tasks to queue
[2021-07-16 03:37:54,485] {logging_mixin.py:104} INFO - [2021-07-16 03:37:54,485] {dagbag.py:496} INFO - Filling up the DagBag from /home/karuturihemanth/airflow_env/lib/python3.9/site-packages/airflow/example_dags/example_skip_dag.py
[2021-07-16 03:37:54,495] {scheduler_job.py:643} INFO - DAG(s) dict_keys(['example_skip_dag']) retrieved from /home/karuturihemanth/airflow_env/lib/python3.9/site-packages/airflow/example_dags/example_skip_dag.py
[2021-07-16 03:37:54,508] {logging_mixin.py:104} INFO - [2021-07-16 03:37:54,508] {dag.py:1833} INFO - Sync 1 DAGs
[2021-07-16 03:37:54,518] {logging_mixin.py:104} INFO - [2021-07-16 03:37:54,518] {dag.py:2306} INFO - Setting next_dagrun for example_skip_dag to 2021-07-14 00:00:00+00:00
[2021-07-16 03:37:54,531] {scheduler_job.py:190} INFO - Processing /home/karuturihemanth/airflow_env/lib/python3.9/site-packages/airflow/example_dags/example_skip_dag.py took 0.052 seconds
[2021-07-16 03:38:30,262] {scheduler_job.py:182} INFO - Started process (PID=5199) to work on /home/karuturihemanth/airflow_env/lib/python3.9/site-packages/airflow/example_dags/example_skip_dag.py
[2021-07-16 03:38:30,263] {scheduler_job.py:633} INFO - Processing file /home/karuturihemanth/airflow_env/lib/python3.9/site-packages/airflow/example_dags/example_skip_dag.py for tasks to queue
[2021-07-16 03:38:30,263] {logging_mixin.py:104} INFO - [2021-07-16 03:38:30,263] {dagbag.py:496} INFO - Filling up the DagBag from /home/karuturihemanth/airflow_env/lib/python3.9/site-packages/airflow/example_dags/example_skip_dag.py
[2021-07-16 03:38:30,273] {scheduler_job.py:643} INFO - DAG(s) dict_keys(['example_skip_dag']) retrieved from /home/karuturihemanth/airflow_env/lib/python3.9/site-packages/airflow/example_dags/example_skip_dag.py
[2021-07-16 03:38:30,286] {logging_mixin.py:104} INFO - [2021-07-16 03:38:30,286] {dag.py:1833} INFO - Sync 1 DAGs
[2021-07-16 03:38:30,296] {logging_mixin.py:104} INFO - [2021-07-16 03:38:30,295] {dag.py:2306} INFO - Setting next_dagrun for example_skip_dag to 2021-07-14 00:00:00+00:00
[2021-07-16 03:38:30,309] {scheduler_job.py:190} INFO - Processing /home/karuturihemanth/airflow_env/lib/python3.9/site-packages/airflow/example_dags/example_skip_dag.py took 0.050 seconds
[2021-07-16 03:39:04,826] {scheduler_job.py:182} INFO - Started process (PID=5234) to work on /home/karuturihemanth/airflow_env/lib/python3.9/site-packages/airflow/example_dags/example_skip_dag.py
[2021-07-16 03:39:04,827] {scheduler_job.py:633} INFO - Processing file /home/karuturihemanth/airflow_env/lib/python3.9/site-packages/airflow/example_dags/example_skip_dag.py for tasks to queue
[2021-07-16 03:39:04,828] {logging_mixin.py:104} INFO - [2021-07-16 03:39:04,828] {dagbag.py:496} INFO - Filling up the DagBag from /home/karuturihemanth/airflow_env/lib/python3.9/site-packages/airflow/example_dags/example_skip_dag.py
[2021-07-16 03:39:04,837] {scheduler_job.py:643} INFO - DAG(s) dict_keys(['example_skip_dag']) retrieved from /home/karuturihemanth/airflow_env/lib/python3.9/site-packages/airflow/example_dags/example_skip_dag.py
[2021-07-16 03:39:04,849] {logging_mixin.py:104} INFO - [2021-07-16 03:39:04,849] {dag.py:1833} INFO - Sync 1 DAGs
[2021-07-16 03:39:04,858] {logging_mixin.py:104} INFO - [2021-07-16 03:39:04,858] {dag.py:2306} INFO - Setting next_dagrun for example_skip_dag to 2021-07-14 00:00:00+00:00
[2021-07-16 03:39:04,871] {scheduler_job.py:190} INFO - Processing /home/karuturihemanth/airflow_env/lib/python3.9/site-packages/airflow/example_dags/example_skip_dag.py took 0.047 seconds
[2021-07-16 03:39:42,427] {scheduler_job.py:182} INFO - Started process (PID=5270) to work on /home/karuturihemanth/airflow_env/lib/python3.9/site-packages/airflow/example_dags/example_skip_dag.py
[2021-07-16 03:39:42,429] {scheduler_job.py:633} INFO - Processing file /home/karuturihemanth/airflow_env/lib/python3.9/site-packages/airflow/example_dags/example_skip_dag.py for tasks to queue
[2021-07-16 03:39:42,429] {logging_mixin.py:104} INFO - [2021-07-16 03:39:42,429] {dagbag.py:496} INFO - Filling up the DagBag from /home/karuturihemanth/airflow_env/lib/python3.9/site-packages/airflow/example_dags/example_skip_dag.py
[2021-07-16 03:39:42,439] {scheduler_job.py:643} INFO - DAG(s) dict_keys(['example_skip_dag']) retrieved from /home/karuturihemanth/airflow_env/lib/python3.9/site-packages/airflow/example_dags/example_skip_dag.py
[2021-07-16 03:39:42,455] {logging_mixin.py:104} INFO - [2021-07-16 03:39:42,455] {dag.py:1833} INFO - Sync 1 DAGs
[2021-07-16 03:39:42,465] {logging_mixin.py:104} INFO - [2021-07-16 03:39:42,465] {dag.py:2306} INFO - Setting next_dagrun for example_skip_dag to 2021-07-14 00:00:00+00:00
[2021-07-16 03:39:42,478] {scheduler_job.py:190} INFO - Processing /home/karuturihemanth/airflow_env/lib/python3.9/site-packages/airflow/example_dags/example_skip_dag.py took 0.053 seconds
[2021-07-16 03:40:18,071] {scheduler_job.py:182} INFO - Started process (PID=5305) to work on /home/karuturihemanth/airflow_env/lib/python3.9/site-packages/airflow/example_dags/example_skip_dag.py
[2021-07-16 03:40:18,072] {scheduler_job.py:633} INFO - Processing file /home/karuturihemanth/airflow_env/lib/python3.9/site-packages/airflow/example_dags/example_skip_dag.py for tasks to queue
[2021-07-16 03:40:18,072] {logging_mixin.py:104} INFO - [2021-07-16 03:40:18,072] {dagbag.py:496} INFO - Filling up the DagBag from /home/karuturihemanth/airflow_env/lib/python3.9/site-packages/airflow/example_dags/example_skip_dag.py
[2021-07-16 03:40:18,082] {scheduler_job.py:643} INFO - DAG(s) dict_keys(['example_skip_dag']) retrieved from /home/karuturihemanth/airflow_env/lib/python3.9/site-packages/airflow/example_dags/example_skip_dag.py
[2021-07-16 03:40:18,095] {logging_mixin.py:104} INFO - [2021-07-16 03:40:18,095] {dag.py:1833} INFO - Sync 1 DAGs
[2021-07-16 03:40:18,105] {logging_mixin.py:104} INFO - [2021-07-16 03:40:18,105] {dag.py:2306} INFO - Setting next_dagrun for example_skip_dag to 2021-07-14 00:00:00+00:00
[2021-07-16 03:40:18,118] {scheduler_job.py:190} INFO - Processing /home/karuturihemanth/airflow_env/lib/python3.9/site-packages/airflow/example_dags/example_skip_dag.py took 0.050 seconds
[2021-07-16 03:40:54,191] {scheduler_job.py:182} INFO - Started process (PID=5342) to work on /home/karuturihemanth/airflow_env/lib/python3.9/site-packages/airflow/example_dags/example_skip_dag.py
[2021-07-16 03:40:54,192] {scheduler_job.py:633} INFO - Processing file /home/karuturihemanth/airflow_env/lib/python3.9/site-packages/airflow/example_dags/example_skip_dag.py for tasks to queue
[2021-07-16 03:40:54,193] {logging_mixin.py:104} INFO - [2021-07-16 03:40:54,193] {dagbag.py:496} INFO - Filling up the DagBag from /home/karuturihemanth/airflow_env/lib/python3.9/site-packages/airflow/example_dags/example_skip_dag.py
[2021-07-16 03:40:54,203] {scheduler_job.py:643} INFO - DAG(s) dict_keys(['example_skip_dag']) retrieved from /home/karuturihemanth/airflow_env/lib/python3.9/site-packages/airflow/example_dags/example_skip_dag.py
[2021-07-16 03:40:54,217] {logging_mixin.py:104} INFO - [2021-07-16 03:40:54,217] {dag.py:1833} INFO - Sync 1 DAGs
[2021-07-16 03:40:54,227] {logging_mixin.py:104} INFO - [2021-07-16 03:40:54,227] {dag.py:2306} INFO - Setting next_dagrun for example_skip_dag to 2021-07-14 00:00:00+00:00
[2021-07-16 03:40:54,240] {scheduler_job.py:190} INFO - Processing /home/karuturihemanth/airflow_env/lib/python3.9/site-packages/airflow/example_dags/example_skip_dag.py took 0.052 seconds
[2021-07-16 03:41:26,691] {scheduler_job.py:182} INFO - Started process (PID=5374) to work on /home/karuturihemanth/airflow_env/lib/python3.9/site-packages/airflow/example_dags/example_skip_dag.py
[2021-07-16 03:41:26,692] {scheduler_job.py:633} INFO - Processing file /home/karuturihemanth/airflow_env/lib/python3.9/site-packages/airflow/example_dags/example_skip_dag.py for tasks to queue
[2021-07-16 03:41:26,693] {logging_mixin.py:104} INFO - [2021-07-16 03:41:26,693] {dagbag.py:496} INFO - Filling up the DagBag from /home/karuturihemanth/airflow_env/lib/python3.9/site-packages/airflow/example_dags/example_skip_dag.py
[2021-07-16 03:41:26,703] {scheduler_job.py:643} INFO - DAG(s) dict_keys(['example_skip_dag']) retrieved from /home/karuturihemanth/airflow_env/lib/python3.9/site-packages/airflow/example_dags/example_skip_dag.py
[2021-07-16 03:41:26,717] {logging_mixin.py:104} INFO - [2021-07-16 03:41:26,716] {dag.py:1833} INFO - Sync 1 DAGs
[2021-07-16 03:41:26,726] {logging_mixin.py:104} INFO - [2021-07-16 03:41:26,726] {dag.py:2306} INFO - Setting next_dagrun for example_skip_dag to 2021-07-14 00:00:00+00:00
[2021-07-16 03:41:26,739] {scheduler_job.py:190} INFO - Processing /home/karuturihemanth/airflow_env/lib/python3.9/site-packages/airflow/example_dags/example_skip_dag.py took 0.051 seconds
[2021-07-16 03:51:28,805] {scheduler_job.py:182} INFO - Started process (PID=5612) to work on /home/karuturihemanth/airflow_env/lib/python3.9/site-packages/airflow/example_dags/example_skip_dag.py
[2021-07-16 03:51:28,806] {scheduler_job.py:633} INFO - Processing file /home/karuturihemanth/airflow_env/lib/python3.9/site-packages/airflow/example_dags/example_skip_dag.py for tasks to queue
[2021-07-16 03:51:28,806] {logging_mixin.py:104} INFO - [2021-07-16 03:51:28,806] {dagbag.py:496} INFO - Filling up the DagBag from /home/karuturihemanth/airflow_env/lib/python3.9/site-packages/airflow/example_dags/example_skip_dag.py
[2021-07-16 03:51:28,815] {scheduler_job.py:643} INFO - DAG(s) dict_keys(['example_skip_dag']) retrieved from /home/karuturihemanth/airflow_env/lib/python3.9/site-packages/airflow/example_dags/example_skip_dag.py
[2021-07-16 03:51:29,502] {logging_mixin.py:104} INFO - [2021-07-16 03:51:29,502] {dag.py:1833} INFO - Sync 1 DAGs
[2021-07-16 03:51:29,611] {logging_mixin.py:104} INFO - [2021-07-16 03:51:29,611] {dag.py:2306} INFO - Setting next_dagrun for example_skip_dag to 2021-07-14 00:00:00+00:00
[2021-07-16 03:51:29,841] {scheduler_job.py:190} INFO - Processing /home/karuturihemanth/airflow_env/lib/python3.9/site-packages/airflow/example_dags/example_skip_dag.py took 1.040 seconds
[2021-07-16 03:53:25,266] {scheduler_job.py:182} INFO - Started process (PID=5806) to work on /home/karuturihemanth/airflow_env/lib/python3.9/site-packages/airflow/example_dags/example_skip_dag.py
[2021-07-16 03:53:25,277] {scheduler_job.py:633} INFO - Processing file /home/karuturihemanth/airflow_env/lib/python3.9/site-packages/airflow/example_dags/example_skip_dag.py for tasks to queue
[2021-07-16 03:53:25,278] {logging_mixin.py:104} INFO - [2021-07-16 03:53:25,278] {dagbag.py:496} INFO - Filling up the DagBag from /home/karuturihemanth/airflow_env/lib/python3.9/site-packages/airflow/example_dags/example_skip_dag.py
[2021-07-16 03:53:25,320] {scheduler_job.py:643} INFO - DAG(s) dict_keys(['example_skip_dag']) retrieved from /home/karuturihemanth/airflow_env/lib/python3.9/site-packages/airflow/example_dags/example_skip_dag.py
[2021-07-16 03:53:25,980] {logging_mixin.py:104} INFO - [2021-07-16 03:53:25,980] {dag.py:1833} INFO - Sync 1 DAGs
[2021-07-16 03:53:26,087] {logging_mixin.py:104} INFO - [2021-07-16 03:53:26,086] {dag.py:2306} INFO - Setting next_dagrun for example_skip_dag to 2021-07-14 00:00:00+00:00
[2021-07-16 03:53:26,302] {scheduler_job.py:190} INFO - Processing /home/karuturihemanth/airflow_env/lib/python3.9/site-packages/airflow/example_dags/example_skip_dag.py took 1.041 seconds
[2021-07-16 10:00:19,816] {scheduler_job.py:182} INFO - Started process (PID=1136) to work on /home/karuturihemanth/airflow_env/lib/python3.9/site-packages/airflow/example_dags/example_skip_dag.py
[2021-07-16 10:00:19,818] {scheduler_job.py:633} INFO - Processing file /home/karuturihemanth/airflow_env/lib/python3.9/site-packages/airflow/example_dags/example_skip_dag.py for tasks to queue
[2021-07-16 10:00:19,818] {logging_mixin.py:104} INFO - [2021-07-16 10:00:19,818] {dagbag.py:496} INFO - Filling up the DagBag from /home/karuturihemanth/airflow_env/lib/python3.9/site-packages/airflow/example_dags/example_skip_dag.py
[2021-07-16 10:00:19,828] {scheduler_job.py:643} INFO - DAG(s) dict_keys(['example_skip_dag']) retrieved from /home/karuturihemanth/airflow_env/lib/python3.9/site-packages/airflow/example_dags/example_skip_dag.py
[2021-07-16 10:00:20,504] {logging_mixin.py:104} INFO - [2021-07-16 10:00:20,503] {dag.py:1833} INFO - Sync 1 DAGs
[2021-07-16 10:00:20,609] {logging_mixin.py:104} INFO - [2021-07-16 10:00:20,609] {dag.py:2306} INFO - Setting next_dagrun for example_skip_dag to 2021-07-14 00:00:00+00:00
[2021-07-16 10:00:20,833] {scheduler_job.py:190} INFO - Processing /home/karuturihemanth/airflow_env/lib/python3.9/site-packages/airflow/example_dags/example_skip_dag.py took 1.020 seconds
[2021-07-16 10:00:51,768] {scheduler_job.py:182} INFO - Started process (PID=1303) to work on /home/karuturihemanth/airflow_env/lib/python3.9/site-packages/airflow/example_dags/example_skip_dag.py
[2021-07-16 10:00:51,769] {scheduler_job.py:633} INFO - Processing file /home/karuturihemanth/airflow_env/lib/python3.9/site-packages/airflow/example_dags/example_skip_dag.py for tasks to queue
[2021-07-16 10:00:51,770] {logging_mixin.py:104} INFO - [2021-07-16 10:00:51,770] {dagbag.py:496} INFO - Filling up the DagBag from /home/karuturihemanth/airflow_env/lib/python3.9/site-packages/airflow/example_dags/example_skip_dag.py
[2021-07-16 10:00:51,778] {scheduler_job.py:643} INFO - DAG(s) dict_keys(['example_skip_dag']) retrieved from /home/karuturihemanth/airflow_env/lib/python3.9/site-packages/airflow/example_dags/example_skip_dag.py
[2021-07-16 10:00:52,422] {logging_mixin.py:104} INFO - [2021-07-16 10:00:52,422] {dag.py:1833} INFO - Sync 1 DAGs
[2021-07-16 10:00:52,524] {logging_mixin.py:104} INFO - [2021-07-16 10:00:52,523] {dag.py:2306} INFO - Setting next_dagrun for example_skip_dag to 2021-07-14 00:00:00+00:00
[2021-07-16 10:00:52,738] {scheduler_job.py:190} INFO - Processing /home/karuturihemanth/airflow_env/lib/python3.9/site-packages/airflow/example_dags/example_skip_dag.py took 0.973 seconds
[2021-07-16 10:01:23,880] {scheduler_job.py:182} INFO - Started process (PID=1469) to work on /home/karuturihemanth/airflow_env/lib/python3.9/site-packages/airflow/example_dags/example_skip_dag.py
[2021-07-16 10:01:23,881] {scheduler_job.py:633} INFO - Processing file /home/karuturihemanth/airflow_env/lib/python3.9/site-packages/airflow/example_dags/example_skip_dag.py for tasks to queue
[2021-07-16 10:01:23,882] {logging_mixin.py:104} INFO - [2021-07-16 10:01:23,882] {dagbag.py:496} INFO - Filling up the DagBag from /home/karuturihemanth/airflow_env/lib/python3.9/site-packages/airflow/example_dags/example_skip_dag.py
[2021-07-16 10:01:23,891] {scheduler_job.py:643} INFO - DAG(s) dict_keys(['example_skip_dag']) retrieved from /home/karuturihemanth/airflow_env/lib/python3.9/site-packages/airflow/example_dags/example_skip_dag.py
[2021-07-16 10:01:24,552] {logging_mixin.py:104} INFO - [2021-07-16 10:01:24,552] {dag.py:1833} INFO - Sync 1 DAGs
[2021-07-16 10:01:24,655] {logging_mixin.py:104} INFO - [2021-07-16 10:01:24,655] {dag.py:2306} INFO - Setting next_dagrun for example_skip_dag to 2021-07-14 00:00:00+00:00
[2021-07-16 10:01:24,875] {scheduler_job.py:190} INFO - Processing /home/karuturihemanth/airflow_env/lib/python3.9/site-packages/airflow/example_dags/example_skip_dag.py took 0.997 seconds
[2021-07-16 10:01:55,519] {scheduler_job.py:182} INFO - Started process (PID=1648) to work on /home/karuturihemanth/airflow_env/lib/python3.9/site-packages/airflow/example_dags/example_skip_dag.py
[2021-07-16 10:01:55,520] {scheduler_job.py:633} INFO - Processing file /home/karuturihemanth/airflow_env/lib/python3.9/site-packages/airflow/example_dags/example_skip_dag.py for tasks to queue
[2021-07-16 10:01:55,520] {logging_mixin.py:104} INFO - [2021-07-16 10:01:55,520] {dagbag.py:496} INFO - Filling up the DagBag from /home/karuturihemanth/airflow_env/lib/python3.9/site-packages/airflow/example_dags/example_skip_dag.py
[2021-07-16 10:01:55,531] {scheduler_job.py:643} INFO - DAG(s) dict_keys(['example_skip_dag']) retrieved from /home/karuturihemanth/airflow_env/lib/python3.9/site-packages/airflow/example_dags/example_skip_dag.py
[2021-07-16 10:01:56,170] {logging_mixin.py:104} INFO - [2021-07-16 10:01:56,169] {dag.py:1833} INFO - Sync 1 DAGs
[2021-07-16 10:01:56,271] {logging_mixin.py:104} INFO - [2021-07-16 10:01:56,271] {dag.py:2306} INFO - Setting next_dagrun for example_skip_dag to 2021-07-14 00:00:00+00:00
[2021-07-16 10:01:56,489] {scheduler_job.py:190} INFO - Processing /home/karuturihemanth/airflow_env/lib/python3.9/site-packages/airflow/example_dags/example_skip_dag.py took 0.974 seconds
[2021-07-16 10:02:27,570] {scheduler_job.py:182} INFO - Started process (PID=1824) to work on /home/karuturihemanth/airflow_env/lib/python3.9/site-packages/airflow/example_dags/example_skip_dag.py
[2021-07-16 10:02:27,571] {scheduler_job.py:633} INFO - Processing file /home/karuturihemanth/airflow_env/lib/python3.9/site-packages/airflow/example_dags/example_skip_dag.py for tasks to queue
[2021-07-16 10:02:27,572] {logging_mixin.py:104} INFO - [2021-07-16 10:02:27,572] {dagbag.py:496} INFO - Filling up the DagBag from /home/karuturihemanth/airflow_env/lib/python3.9/site-packages/airflow/example_dags/example_skip_dag.py
[2021-07-16 10:02:27,580] {scheduler_job.py:643} INFO - DAG(s) dict_keys(['example_skip_dag']) retrieved from /home/karuturihemanth/airflow_env/lib/python3.9/site-packages/airflow/example_dags/example_skip_dag.py
[2021-07-16 10:02:28,254] {logging_mixin.py:104} INFO - [2021-07-16 10:02:28,254] {dag.py:1833} INFO - Sync 1 DAGs
[2021-07-16 10:02:28,356] {logging_mixin.py:104} INFO - [2021-07-16 10:02:28,356] {dag.py:2306} INFO - Setting next_dagrun for example_skip_dag to 2021-07-14 00:00:00+00:00
[2021-07-16 10:02:28,578] {scheduler_job.py:190} INFO - Processing /home/karuturihemanth/airflow_env/lib/python3.9/site-packages/airflow/example_dags/example_skip_dag.py took 1.011 seconds
[2021-07-16 10:02:59,348] {scheduler_job.py:182} INFO - Started process (PID=1990) to work on /home/karuturihemanth/airflow_env/lib/python3.9/site-packages/airflow/example_dags/example_skip_dag.py
[2021-07-16 10:02:59,350] {scheduler_job.py:633} INFO - Processing file /home/karuturihemanth/airflow_env/lib/python3.9/site-packages/airflow/example_dags/example_skip_dag.py for tasks to queue
[2021-07-16 10:02:59,350] {logging_mixin.py:104} INFO - [2021-07-16 10:02:59,350] {dagbag.py:496} INFO - Filling up the DagBag from /home/karuturihemanth/airflow_env/lib/python3.9/site-packages/airflow/example_dags/example_skip_dag.py
[2021-07-16 10:02:59,364] {scheduler_job.py:643} INFO - DAG(s) dict_keys(['example_skip_dag']) retrieved from /home/karuturihemanth/airflow_env/lib/python3.9/site-packages/airflow/example_dags/example_skip_dag.py
[2021-07-16 10:03:00,024] {logging_mixin.py:104} INFO - [2021-07-16 10:03:00,024] {dag.py:1833} INFO - Sync 1 DAGs
[2021-07-16 10:03:00,127] {logging_mixin.py:104} INFO - [2021-07-16 10:03:00,127] {dag.py:2306} INFO - Setting next_dagrun for example_skip_dag to 2021-07-14 00:00:00+00:00
[2021-07-16 10:03:00,347] {scheduler_job.py:190} INFO - Processing /home/karuturihemanth/airflow_env/lib/python3.9/site-packages/airflow/example_dags/example_skip_dag.py took 1.002 seconds
[2021-07-16 10:03:30,834] {scheduler_job.py:182} INFO - Started process (PID=2160) to work on /home/karuturihemanth/airflow_env/lib/python3.9/site-packages/airflow/example_dags/example_skip_dag.py
[2021-07-16 10:03:30,835] {scheduler_job.py:633} INFO - Processing file /home/karuturihemanth/airflow_env/lib/python3.9/site-packages/airflow/example_dags/example_skip_dag.py for tasks to queue
[2021-07-16 10:03:30,836] {logging_mixin.py:104} INFO - [2021-07-16 10:03:30,836] {dagbag.py:496} INFO - Filling up the DagBag from /home/karuturihemanth/airflow_env/lib/python3.9/site-packages/airflow/example_dags/example_skip_dag.py
[2021-07-16 10:03:30,847] {scheduler_job.py:643} INFO - DAG(s) dict_keys(['example_skip_dag']) retrieved from /home/karuturihemanth/airflow_env/lib/python3.9/site-packages/airflow/example_dags/example_skip_dag.py
[2021-07-16 10:03:31,523] {logging_mixin.py:104} INFO - [2021-07-16 10:03:31,523] {dag.py:1833} INFO - Sync 1 DAGs
[2021-07-16 10:03:31,629] {logging_mixin.py:104} INFO - [2021-07-16 10:03:31,629] {dag.py:2306} INFO - Setting next_dagrun for example_skip_dag to 2021-07-14 00:00:00+00:00
[2021-07-16 10:03:31,853] {scheduler_job.py:190} INFO - Processing /home/karuturihemanth/airflow_env/lib/python3.9/site-packages/airflow/example_dags/example_skip_dag.py took 1.023 seconds
[2021-07-16 10:04:03,019] {scheduler_job.py:182} INFO - Started process (PID=2328) to work on /home/karuturihemanth/airflow_env/lib/python3.9/site-packages/airflow/example_dags/example_skip_dag.py
[2021-07-16 10:04:03,020] {scheduler_job.py:633} INFO - Processing file /home/karuturihemanth/airflow_env/lib/python3.9/site-packages/airflow/example_dags/example_skip_dag.py for tasks to queue
[2021-07-16 10:04:03,020] {logging_mixin.py:104} INFO - [2021-07-16 10:04:03,020] {dagbag.py:496} INFO - Filling up the DagBag from /home/karuturihemanth/airflow_env/lib/python3.9/site-packages/airflow/example_dags/example_skip_dag.py
[2021-07-16 10:04:03,034] {scheduler_job.py:643} INFO - DAG(s) dict_keys(['example_skip_dag']) retrieved from /home/karuturihemanth/airflow_env/lib/python3.9/site-packages/airflow/example_dags/example_skip_dag.py
[2021-07-16 10:04:03,697] {logging_mixin.py:104} INFO - [2021-07-16 10:04:03,697] {dag.py:1833} INFO - Sync 1 DAGs
[2021-07-16 10:04:03,801] {logging_mixin.py:104} INFO - [2021-07-16 10:04:03,801] {dag.py:2306} INFO - Setting next_dagrun for example_skip_dag to 2021-07-14 00:00:00+00:00
[2021-07-16 10:04:04,023] {scheduler_job.py:190} INFO - Processing /home/karuturihemanth/airflow_env/lib/python3.9/site-packages/airflow/example_dags/example_skip_dag.py took 1.008 seconds
[2021-07-16 10:04:35,411] {scheduler_job.py:182} INFO - Started process (PID=2496) to work on /home/karuturihemanth/airflow_env/lib/python3.9/site-packages/airflow/example_dags/example_skip_dag.py
[2021-07-16 10:04:35,412] {scheduler_job.py:633} INFO - Processing file /home/karuturihemanth/airflow_env/lib/python3.9/site-packages/airflow/example_dags/example_skip_dag.py for tasks to queue
[2021-07-16 10:04:35,413] {logging_mixin.py:104} INFO - [2021-07-16 10:04:35,413] {dagbag.py:496} INFO - Filling up the DagBag from /home/karuturihemanth/airflow_env/lib/python3.9/site-packages/airflow/example_dags/example_skip_dag.py
[2021-07-16 10:04:35,423] {scheduler_job.py:643} INFO - DAG(s) dict_keys(['example_skip_dag']) retrieved from /home/karuturihemanth/airflow_env/lib/python3.9/site-packages/airflow/example_dags/example_skip_dag.py
[2021-07-16 10:04:36,093] {logging_mixin.py:104} INFO - [2021-07-16 10:04:36,093] {dag.py:1833} INFO - Sync 1 DAGs
[2021-07-16 10:04:36,199] {logging_mixin.py:104} INFO - [2021-07-16 10:04:36,198] {dag.py:2306} INFO - Setting next_dagrun for example_skip_dag to 2021-07-14 00:00:00+00:00
[2021-07-16 10:04:36,422] {scheduler_job.py:190} INFO - Processing /home/karuturihemanth/airflow_env/lib/python3.9/site-packages/airflow/example_dags/example_skip_dag.py took 1.014 seconds
[2021-07-16 10:05:06,871] {scheduler_job.py:182} INFO - Started process (PID=2662) to work on /home/karuturihemanth/airflow_env/lib/python3.9/site-packages/airflow/example_dags/example_skip_dag.py
[2021-07-16 10:05:06,872] {scheduler_job.py:633} INFO - Processing file /home/karuturihemanth/airflow_env/lib/python3.9/site-packages/airflow/example_dags/example_skip_dag.py for tasks to queue
[2021-07-16 10:05:06,873] {logging_mixin.py:104} INFO - [2021-07-16 10:05:06,872] {dagbag.py:496} INFO - Filling up the DagBag from /home/karuturihemanth/airflow_env/lib/python3.9/site-packages/airflow/example_dags/example_skip_dag.py
[2021-07-16 10:05:06,884] {scheduler_job.py:643} INFO - DAG(s) dict_keys(['example_skip_dag']) retrieved from /home/karuturihemanth/airflow_env/lib/python3.9/site-packages/airflow/example_dags/example_skip_dag.py
[2021-07-16 10:05:07,560] {logging_mixin.py:104} INFO - [2021-07-16 10:05:07,560] {dag.py:1833} INFO - Sync 1 DAGs
[2021-07-16 10:05:07,662] {logging_mixin.py:104} INFO - [2021-07-16 10:05:07,662] {dag.py:2306} INFO - Setting next_dagrun for example_skip_dag to 2021-07-14 00:00:00+00:00
[2021-07-16 10:05:07,882] {scheduler_job.py:190} INFO - Processing /home/karuturihemanth/airflow_env/lib/python3.9/site-packages/airflow/example_dags/example_skip_dag.py took 1.017 seconds
[2021-07-16 10:05:38,207] {scheduler_job.py:182} INFO - Started process (PID=2827) to work on /home/karuturihemanth/airflow_env/lib/python3.9/site-packages/airflow/example_dags/example_skip_dag.py
[2021-07-16 10:05:38,208] {scheduler_job.py:633} INFO - Processing file /home/karuturihemanth/airflow_env/lib/python3.9/site-packages/airflow/example_dags/example_skip_dag.py for tasks to queue
[2021-07-16 10:05:38,209] {logging_mixin.py:104} INFO - [2021-07-16 10:05:38,209] {dagbag.py:496} INFO - Filling up the DagBag from /home/karuturihemanth/airflow_env/lib/python3.9/site-packages/airflow/example_dags/example_skip_dag.py
[2021-07-16 10:05:38,222] {scheduler_job.py:643} INFO - DAG(s) dict_keys(['example_skip_dag']) retrieved from /home/karuturihemanth/airflow_env/lib/python3.9/site-packages/airflow/example_dags/example_skip_dag.py
[2021-07-16 10:05:38,883] {logging_mixin.py:104} INFO - [2021-07-16 10:05:38,883] {dag.py:1833} INFO - Sync 1 DAGs
[2021-07-16 10:05:38,986] {logging_mixin.py:104} INFO - [2021-07-16 10:05:38,986] {dag.py:2306} INFO - Setting next_dagrun for example_skip_dag to 2021-07-14 00:00:00+00:00
[2021-07-16 10:05:39,206] {scheduler_job.py:190} INFO - Processing /home/karuturihemanth/airflow_env/lib/python3.9/site-packages/airflow/example_dags/example_skip_dag.py took 1.002 seconds
[2021-07-16 10:06:10,158] {scheduler_job.py:182} INFO - Started process (PID=2993) to work on /home/karuturihemanth/airflow_env/lib/python3.9/site-packages/airflow/example_dags/example_skip_dag.py
[2021-07-16 10:06:10,159] {scheduler_job.py:633} INFO - Processing file /home/karuturihemanth/airflow_env/lib/python3.9/site-packages/airflow/example_dags/example_skip_dag.py for tasks to queue
[2021-07-16 10:06:10,159] {logging_mixin.py:104} INFO - [2021-07-16 10:06:10,159] {dagbag.py:496} INFO - Filling up the DagBag from /home/karuturihemanth/airflow_env/lib/python3.9/site-packages/airflow/example_dags/example_skip_dag.py
[2021-07-16 10:06:10,168] {scheduler_job.py:643} INFO - DAG(s) dict_keys(['example_skip_dag']) retrieved from /home/karuturihemanth/airflow_env/lib/python3.9/site-packages/airflow/example_dags/example_skip_dag.py
[2021-07-16 10:06:10,858] {logging_mixin.py:104} INFO - [2021-07-16 10:06:10,858] {dag.py:1833} INFO - Sync 1 DAGs
[2021-07-16 10:06:10,964] {logging_mixin.py:104} INFO - [2021-07-16 10:06:10,964] {dag.py:2306} INFO - Setting next_dagrun for example_skip_dag to 2021-07-14 00:00:00+00:00
[2021-07-16 10:06:11,191] {scheduler_job.py:190} INFO - Processing /home/karuturihemanth/airflow_env/lib/python3.9/site-packages/airflow/example_dags/example_skip_dag.py took 1.036 seconds
[2021-07-16 10:06:41,947] {scheduler_job.py:182} INFO - Started process (PID=3160) to work on /home/karuturihemanth/airflow_env/lib/python3.9/site-packages/airflow/example_dags/example_skip_dag.py
[2021-07-16 10:06:41,947] {scheduler_job.py:633} INFO - Processing file /home/karuturihemanth/airflow_env/lib/python3.9/site-packages/airflow/example_dags/example_skip_dag.py for tasks to queue
[2021-07-16 10:06:41,948] {logging_mixin.py:104} INFO - [2021-07-16 10:06:41,948] {dagbag.py:496} INFO - Filling up the DagBag from /home/karuturihemanth/airflow_env/lib/python3.9/site-packages/airflow/example_dags/example_skip_dag.py
[2021-07-16 10:06:41,956] {scheduler_job.py:643} INFO - DAG(s) dict_keys(['example_skip_dag']) retrieved from /home/karuturihemanth/airflow_env/lib/python3.9/site-packages/airflow/example_dags/example_skip_dag.py
[2021-07-16 10:06:42,641] {logging_mixin.py:104} INFO - [2021-07-16 10:06:42,641] {dag.py:1833} INFO - Sync 1 DAGs
[2021-07-16 10:06:42,747] {logging_mixin.py:104} INFO - [2021-07-16 10:06:42,746] {dag.py:2306} INFO - Setting next_dagrun for example_skip_dag to 2021-07-14 00:00:00+00:00
[2021-07-16 10:06:42,971] {scheduler_job.py:190} INFO - Processing /home/karuturihemanth/airflow_env/lib/python3.9/site-packages/airflow/example_dags/example_skip_dag.py took 1.028 seconds
[2021-07-16 10:07:13,962] {scheduler_job.py:182} INFO - Started process (PID=3326) to work on /home/karuturihemanth/airflow_env/lib/python3.9/site-packages/airflow/example_dags/example_skip_dag.py
[2021-07-16 10:07:13,964] {scheduler_job.py:633} INFO - Processing file /home/karuturihemanth/airflow_env/lib/python3.9/site-packages/airflow/example_dags/example_skip_dag.py for tasks to queue
[2021-07-16 10:07:13,964] {logging_mixin.py:104} INFO - [2021-07-16 10:07:13,964] {dagbag.py:496} INFO - Filling up the DagBag from /home/karuturihemanth/airflow_env/lib/python3.9/site-packages/airflow/example_dags/example_skip_dag.py
[2021-07-16 10:07:13,972] {scheduler_job.py:643} INFO - DAG(s) dict_keys(['example_skip_dag']) retrieved from /home/karuturihemanth/airflow_env/lib/python3.9/site-packages/airflow/example_dags/example_skip_dag.py
[2021-07-16 10:07:14,633] {logging_mixin.py:104} INFO - [2021-07-16 10:07:14,633] {dag.py:1833} INFO - Sync 1 DAGs
[2021-07-16 10:07:14,737] {logging_mixin.py:104} INFO - [2021-07-16 10:07:14,736] {dag.py:2306} INFO - Setting next_dagrun for example_skip_dag to 2021-07-14 00:00:00+00:00
[2021-07-16 10:07:14,959] {scheduler_job.py:190} INFO - Processing /home/karuturihemanth/airflow_env/lib/python3.9/site-packages/airflow/example_dags/example_skip_dag.py took 1.000 seconds
[2021-07-16 10:07:45,284] {scheduler_job.py:182} INFO - Started process (PID=3493) to work on /home/karuturihemanth/airflow_env/lib/python3.9/site-packages/airflow/example_dags/example_skip_dag.py
[2021-07-16 10:07:45,285] {scheduler_job.py:633} INFO - Processing file /home/karuturihemanth/airflow_env/lib/python3.9/site-packages/airflow/example_dags/example_skip_dag.py for tasks to queue
[2021-07-16 10:07:45,285] {logging_mixin.py:104} INFO - [2021-07-16 10:07:45,285] {dagbag.py:496} INFO - Filling up the DagBag from /home/karuturihemanth/airflow_env/lib/python3.9/site-packages/airflow/example_dags/example_skip_dag.py
[2021-07-16 10:07:45,294] {scheduler_job.py:643} INFO - DAG(s) dict_keys(['example_skip_dag']) retrieved from /home/karuturihemanth/airflow_env/lib/python3.9/site-packages/airflow/example_dags/example_skip_dag.py
[2021-07-16 10:07:45,964] {logging_mixin.py:104} INFO - [2021-07-16 10:07:45,964] {dag.py:1833} INFO - Sync 1 DAGs
[2021-07-16 10:07:46,066] {logging_mixin.py:104} INFO - [2021-07-16 10:07:46,066] {dag.py:2306} INFO - Setting next_dagrun for example_skip_dag to 2021-07-14 00:00:00+00:00
[2021-07-16 10:07:46,285] {scheduler_job.py:190} INFO - Processing /home/karuturihemanth/airflow_env/lib/python3.9/site-packages/airflow/example_dags/example_skip_dag.py took 1.006 seconds
[2021-07-16 10:08:17,734] {scheduler_job.py:182} INFO - Started process (PID=3659) to work on /home/karuturihemanth/airflow_env/lib/python3.9/site-packages/airflow/example_dags/example_skip_dag.py
[2021-07-16 10:08:17,734] {scheduler_job.py:633} INFO - Processing file /home/karuturihemanth/airflow_env/lib/python3.9/site-packages/airflow/example_dags/example_skip_dag.py for tasks to queue
[2021-07-16 10:08:17,735] {logging_mixin.py:104} INFO - [2021-07-16 10:08:17,735] {dagbag.py:496} INFO - Filling up the DagBag from /home/karuturihemanth/airflow_env/lib/python3.9/site-packages/airflow/example_dags/example_skip_dag.py
[2021-07-16 10:08:17,744] {scheduler_job.py:643} INFO - DAG(s) dict_keys(['example_skip_dag']) retrieved from /home/karuturihemanth/airflow_env/lib/python3.9/site-packages/airflow/example_dags/example_skip_dag.py
[2021-07-16 10:08:18,422] {logging_mixin.py:104} INFO - [2021-07-16 10:08:18,421] {dag.py:1833} INFO - Sync 1 DAGs
[2021-07-16 10:08:18,526] {logging_mixin.py:104} INFO - [2021-07-16 10:08:18,526] {dag.py:2306} INFO - Setting next_dagrun for example_skip_dag to 2021-07-14 00:00:00+00:00
[2021-07-16 10:08:18,752] {scheduler_job.py:190} INFO - Processing /home/karuturihemanth/airflow_env/lib/python3.9/site-packages/airflow/example_dags/example_skip_dag.py took 1.021 seconds
[2021-07-16 10:08:49,640] {scheduler_job.py:182} INFO - Started process (PID=3827) to work on /home/karuturihemanth/airflow_env/lib/python3.9/site-packages/airflow/example_dags/example_skip_dag.py
[2021-07-16 10:08:49,641] {scheduler_job.py:633} INFO - Processing file /home/karuturihemanth/airflow_env/lib/python3.9/site-packages/airflow/example_dags/example_skip_dag.py for tasks to queue
[2021-07-16 10:08:49,642] {logging_mixin.py:104} INFO - [2021-07-16 10:08:49,642] {dagbag.py:496} INFO - Filling up the DagBag from /home/karuturihemanth/airflow_env/lib/python3.9/site-packages/airflow/example_dags/example_skip_dag.py
[2021-07-16 10:08:49,650] {scheduler_job.py:643} INFO - DAG(s) dict_keys(['example_skip_dag']) retrieved from /home/karuturihemanth/airflow_env/lib/python3.9/site-packages/airflow/example_dags/example_skip_dag.py
[2021-07-16 10:08:50,332] {logging_mixin.py:104} INFO - [2021-07-16 10:08:50,332] {dag.py:1833} INFO - Sync 1 DAGs
[2021-07-16 10:08:50,438] {logging_mixin.py:104} INFO - [2021-07-16 10:08:50,438] {dag.py:2306} INFO - Setting next_dagrun for example_skip_dag to 2021-07-14 00:00:00+00:00
[2021-07-16 10:08:50,663] {scheduler_job.py:190} INFO - Processing /home/karuturihemanth/airflow_env/lib/python3.9/site-packages/airflow/example_dags/example_skip_dag.py took 1.026 seconds
[2021-07-16 10:09:21,458] {scheduler_job.py:182} INFO - Started process (PID=3993) to work on /home/karuturihemanth/airflow_env/lib/python3.9/site-packages/airflow/example_dags/example_skip_dag.py
[2021-07-16 10:09:21,459] {scheduler_job.py:633} INFO - Processing file /home/karuturihemanth/airflow_env/lib/python3.9/site-packages/airflow/example_dags/example_skip_dag.py for tasks to queue
[2021-07-16 10:09:21,459] {logging_mixin.py:104} INFO - [2021-07-16 10:09:21,459] {dagbag.py:496} INFO - Filling up the DagBag from /home/karuturihemanth/airflow_env/lib/python3.9/site-packages/airflow/example_dags/example_skip_dag.py
[2021-07-16 10:09:21,468] {scheduler_job.py:643} INFO - DAG(s) dict_keys(['example_skip_dag']) retrieved from /home/karuturihemanth/airflow_env/lib/python3.9/site-packages/airflow/example_dags/example_skip_dag.py
[2021-07-16 10:09:22,110] {logging_mixin.py:104} INFO - [2021-07-16 10:09:22,110] {dag.py:1833} INFO - Sync 1 DAGs
[2021-07-16 10:09:22,212] {logging_mixin.py:104} INFO - [2021-07-16 10:09:22,212] {dag.py:2306} INFO - Setting next_dagrun for example_skip_dag to 2021-07-14 00:00:00+00:00
[2021-07-16 10:09:22,427] {scheduler_job.py:190} INFO - Processing /home/karuturihemanth/airflow_env/lib/python3.9/site-packages/airflow/example_dags/example_skip_dag.py took 0.972 seconds
[2021-07-16 10:09:53,266] {scheduler_job.py:182} INFO - Started process (PID=4160) to work on /home/karuturihemanth/airflow_env/lib/python3.9/site-packages/airflow/example_dags/example_skip_dag.py
[2021-07-16 10:09:53,267] {scheduler_job.py:633} INFO - Processing file /home/karuturihemanth/airflow_env/lib/python3.9/site-packages/airflow/example_dags/example_skip_dag.py for tasks to queue
[2021-07-16 10:09:53,268] {logging_mixin.py:104} INFO - [2021-07-16 10:09:53,268] {dagbag.py:496} INFO - Filling up the DagBag from /home/karuturihemanth/airflow_env/lib/python3.9/site-packages/airflow/example_dags/example_skip_dag.py
[2021-07-16 10:09:53,276] {scheduler_job.py:643} INFO - DAG(s) dict_keys(['example_skip_dag']) retrieved from /home/karuturihemanth/airflow_env/lib/python3.9/site-packages/airflow/example_dags/example_skip_dag.py
[2021-07-16 10:09:53,936] {logging_mixin.py:104} INFO - [2021-07-16 10:09:53,936] {dag.py:1833} INFO - Sync 1 DAGs
[2021-07-16 10:09:54,038] {logging_mixin.py:104} INFO - [2021-07-16 10:09:54,038] {dag.py:2306} INFO - Setting next_dagrun for example_skip_dag to 2021-07-14 00:00:00+00:00
[2021-07-16 10:09:54,261] {scheduler_job.py:190} INFO - Processing /home/karuturihemanth/airflow_env/lib/python3.9/site-packages/airflow/example_dags/example_skip_dag.py took 0.999 seconds
[2021-07-16 10:10:25,447] {scheduler_job.py:182} INFO - Started process (PID=4326) to work on /home/karuturihemanth/airflow_env/lib/python3.9/site-packages/airflow/example_dags/example_skip_dag.py
[2021-07-16 10:10:25,447] {scheduler_job.py:633} INFO - Processing file /home/karuturihemanth/airflow_env/lib/python3.9/site-packages/airflow/example_dags/example_skip_dag.py for tasks to queue
[2021-07-16 10:10:25,448] {logging_mixin.py:104} INFO - [2021-07-16 10:10:25,448] {dagbag.py:496} INFO - Filling up the DagBag from /home/karuturihemanth/airflow_env/lib/python3.9/site-packages/airflow/example_dags/example_skip_dag.py
[2021-07-16 10:10:25,458] {scheduler_job.py:643} INFO - DAG(s) dict_keys(['example_skip_dag']) retrieved from /home/karuturihemanth/airflow_env/lib/python3.9/site-packages/airflow/example_dags/example_skip_dag.py
[2021-07-16 10:10:26,125] {logging_mixin.py:104} INFO - [2021-07-16 10:10:26,125] {dag.py:1833} INFO - Sync 1 DAGs
[2021-07-16 10:10:26,230] {logging_mixin.py:104} INFO - [2021-07-16 10:10:26,230] {dag.py:2306} INFO - Setting next_dagrun for example_skip_dag to 2021-07-14 00:00:00+00:00
[2021-07-16 10:10:26,451] {scheduler_job.py:190} INFO - Processing /home/karuturihemanth/airflow_env/lib/python3.9/site-packages/airflow/example_dags/example_skip_dag.py took 1.008 seconds
[2021-07-16 10:10:57,080] {scheduler_job.py:182} INFO - Started process (PID=4493) to work on /home/karuturihemanth/airflow_env/lib/python3.9/site-packages/airflow/example_dags/example_skip_dag.py
[2021-07-16 10:10:57,081] {scheduler_job.py:633} INFO - Processing file /home/karuturihemanth/airflow_env/lib/python3.9/site-packages/airflow/example_dags/example_skip_dag.py for tasks to queue
[2021-07-16 10:10:57,081] {logging_mixin.py:104} INFO - [2021-07-16 10:10:57,081] {dagbag.py:496} INFO - Filling up the DagBag from /home/karuturihemanth/airflow_env/lib/python3.9/site-packages/airflow/example_dags/example_skip_dag.py
[2021-07-16 10:10:57,090] {scheduler_job.py:643} INFO - DAG(s) dict_keys(['example_skip_dag']) retrieved from /home/karuturihemanth/airflow_env/lib/python3.9/site-packages/airflow/example_dags/example_skip_dag.py
[2021-07-16 10:10:57,746] {logging_mixin.py:104} INFO - [2021-07-16 10:10:57,745] {dag.py:1833} INFO - Sync 1 DAGs
[2021-07-16 10:10:57,849] {logging_mixin.py:104} INFO - [2021-07-16 10:10:57,849] {dag.py:2306} INFO - Setting next_dagrun for example_skip_dag to 2021-07-14 00:00:00+00:00
[2021-07-16 10:10:58,066] {scheduler_job.py:190} INFO - Processing /home/karuturihemanth/airflow_env/lib/python3.9/site-packages/airflow/example_dags/example_skip_dag.py took 0.990 seconds
[2021-07-16 10:11:29,014] {scheduler_job.py:182} INFO - Started process (PID=4660) to work on /home/karuturihemanth/airflow_env/lib/python3.9/site-packages/airflow/example_dags/example_skip_dag.py
[2021-07-16 10:11:29,015] {scheduler_job.py:633} INFO - Processing file /home/karuturihemanth/airflow_env/lib/python3.9/site-packages/airflow/example_dags/example_skip_dag.py for tasks to queue
[2021-07-16 10:11:29,016] {logging_mixin.py:104} INFO - [2021-07-16 10:11:29,016] {dagbag.py:496} INFO - Filling up the DagBag from /home/karuturihemanth/airflow_env/lib/python3.9/site-packages/airflow/example_dags/example_skip_dag.py
[2021-07-16 10:11:29,024] {scheduler_job.py:643} INFO - DAG(s) dict_keys(['example_skip_dag']) retrieved from /home/karuturihemanth/airflow_env/lib/python3.9/site-packages/airflow/example_dags/example_skip_dag.py
[2021-07-16 10:11:29,691] {logging_mixin.py:104} INFO - [2021-07-16 10:11:29,691] {dag.py:1833} INFO - Sync 1 DAGs
[2021-07-16 10:11:29,795] {logging_mixin.py:104} INFO - [2021-07-16 10:11:29,795] {dag.py:2306} INFO - Setting next_dagrun for example_skip_dag to 2021-07-14 00:00:00+00:00
[2021-07-16 10:11:30,024] {scheduler_job.py:190} INFO - Processing /home/karuturihemanth/airflow_env/lib/python3.9/site-packages/airflow/example_dags/example_skip_dag.py took 1.014 seconds
[2021-07-16 10:12:00,685] {scheduler_job.py:182} INFO - Started process (PID=4826) to work on /home/karuturihemanth/airflow_env/lib/python3.9/site-packages/airflow/example_dags/example_skip_dag.py
[2021-07-16 10:12:00,686] {scheduler_job.py:633} INFO - Processing file /home/karuturihemanth/airflow_env/lib/python3.9/site-packages/airflow/example_dags/example_skip_dag.py for tasks to queue
[2021-07-16 10:12:00,686] {logging_mixin.py:104} INFO - [2021-07-16 10:12:00,686] {dagbag.py:496} INFO - Filling up the DagBag from /home/karuturihemanth/airflow_env/lib/python3.9/site-packages/airflow/example_dags/example_skip_dag.py
[2021-07-16 10:12:00,694] {scheduler_job.py:643} INFO - DAG(s) dict_keys(['example_skip_dag']) retrieved from /home/karuturihemanth/airflow_env/lib/python3.9/site-packages/airflow/example_dags/example_skip_dag.py
[2021-07-16 10:12:01,353] {logging_mixin.py:104} INFO - [2021-07-16 10:12:01,353] {dag.py:1833} INFO - Sync 1 DAGs
[2021-07-16 10:12:01,458] {logging_mixin.py:104} INFO - [2021-07-16 10:12:01,458] {dag.py:2306} INFO - Setting next_dagrun for example_skip_dag to 2021-07-14 00:00:00+00:00
[2021-07-16 10:12:01,676] {scheduler_job.py:190} INFO - Processing /home/karuturihemanth/airflow_env/lib/python3.9/site-packages/airflow/example_dags/example_skip_dag.py took 0.994 seconds
[2021-07-16 10:12:32,329] {scheduler_job.py:182} INFO - Started process (PID=4993) to work on /home/karuturihemanth/airflow_env/lib/python3.9/site-packages/airflow/example_dags/example_skip_dag.py
[2021-07-16 10:12:32,330] {scheduler_job.py:633} INFO - Processing file /home/karuturihemanth/airflow_env/lib/python3.9/site-packages/airflow/example_dags/example_skip_dag.py for tasks to queue
[2021-07-16 10:12:32,331] {logging_mixin.py:104} INFO - [2021-07-16 10:12:32,331] {dagbag.py:496} INFO - Filling up the DagBag from /home/karuturihemanth/airflow_env/lib/python3.9/site-packages/airflow/example_dags/example_skip_dag.py
[2021-07-16 10:12:32,340] {scheduler_job.py:643} INFO - DAG(s) dict_keys(['example_skip_dag']) retrieved from /home/karuturihemanth/airflow_env/lib/python3.9/site-packages/airflow/example_dags/example_skip_dag.py
[2021-07-16 10:12:33,000] {logging_mixin.py:104} INFO - [2021-07-16 10:12:33,000] {dag.py:1833} INFO - Sync 1 DAGs
[2021-07-16 10:12:33,104] {logging_mixin.py:104} INFO - [2021-07-16 10:12:33,104] {dag.py:2306} INFO - Setting next_dagrun for example_skip_dag to 2021-07-14 00:00:00+00:00
[2021-07-16 10:12:33,325] {scheduler_job.py:190} INFO - Processing /home/karuturihemanth/airflow_env/lib/python3.9/site-packages/airflow/example_dags/example_skip_dag.py took 0.999 seconds
[2021-07-16 10:13:03,642] {scheduler_job.py:182} INFO - Started process (PID=5159) to work on /home/karuturihemanth/airflow_env/lib/python3.9/site-packages/airflow/example_dags/example_skip_dag.py
[2021-07-16 10:13:03,643] {scheduler_job.py:633} INFO - Processing file /home/karuturihemanth/airflow_env/lib/python3.9/site-packages/airflow/example_dags/example_skip_dag.py for tasks to queue
[2021-07-16 10:13:03,644] {logging_mixin.py:104} INFO - [2021-07-16 10:13:03,644] {dagbag.py:496} INFO - Filling up the DagBag from /home/karuturihemanth/airflow_env/lib/python3.9/site-packages/airflow/example_dags/example_skip_dag.py
[2021-07-16 10:13:03,654] {scheduler_job.py:643} INFO - DAG(s) dict_keys(['example_skip_dag']) retrieved from /home/karuturihemanth/airflow_env/lib/python3.9/site-packages/airflow/example_dags/example_skip_dag.py
[2021-07-16 10:13:04,296] {logging_mixin.py:104} INFO - [2021-07-16 10:13:04,296] {dag.py:1833} INFO - Sync 1 DAGs
[2021-07-16 10:13:04,396] {logging_mixin.py:104} INFO - [2021-07-16 10:13:04,396] {dag.py:2306} INFO - Setting next_dagrun for example_skip_dag to 2021-07-14 00:00:00+00:00
[2021-07-16 10:13:04,610] {scheduler_job.py:190} INFO - Processing /home/karuturihemanth/airflow_env/lib/python3.9/site-packages/airflow/example_dags/example_skip_dag.py took 0.973 seconds
[2021-07-16 10:13:35,005] {scheduler_job.py:182} INFO - Started process (PID=5323) to work on /home/karuturihemanth/airflow_env/lib/python3.9/site-packages/airflow/example_dags/example_skip_dag.py
[2021-07-16 10:13:35,006] {scheduler_job.py:633} INFO - Processing file /home/karuturihemanth/airflow_env/lib/python3.9/site-packages/airflow/example_dags/example_skip_dag.py for tasks to queue
[2021-07-16 10:13:35,006] {logging_mixin.py:104} INFO - [2021-07-16 10:13:35,006] {dagbag.py:496} INFO - Filling up the DagBag from /home/karuturihemanth/airflow_env/lib/python3.9/site-packages/airflow/example_dags/example_skip_dag.py
[2021-07-16 10:13:35,016] {scheduler_job.py:643} INFO - DAG(s) dict_keys(['example_skip_dag']) retrieved from /home/karuturihemanth/airflow_env/lib/python3.9/site-packages/airflow/example_dags/example_skip_dag.py
[2021-07-16 10:13:35,677] {logging_mixin.py:104} INFO - [2021-07-16 10:13:35,677] {dag.py:1833} INFO - Sync 1 DAGs
[2021-07-16 10:13:35,780] {logging_mixin.py:104} INFO - [2021-07-16 10:13:35,780] {dag.py:2306} INFO - Setting next_dagrun for example_skip_dag to 2021-07-14 00:00:00+00:00
[2021-07-16 10:13:36,000] {scheduler_job.py:190} INFO - Processing /home/karuturihemanth/airflow_env/lib/python3.9/site-packages/airflow/example_dags/example_skip_dag.py took 1.000 seconds
[2021-07-16 10:14:06,984] {scheduler_job.py:182} INFO - Started process (PID=5489) to work on /home/karuturihemanth/airflow_env/lib/python3.9/site-packages/airflow/example_dags/example_skip_dag.py
[2021-07-16 10:14:06,985] {scheduler_job.py:633} INFO - Processing file /home/karuturihemanth/airflow_env/lib/python3.9/site-packages/airflow/example_dags/example_skip_dag.py for tasks to queue
[2021-07-16 10:14:06,986] {logging_mixin.py:104} INFO - [2021-07-16 10:14:06,986] {dagbag.py:496} INFO - Filling up the DagBag from /home/karuturihemanth/airflow_env/lib/python3.9/site-packages/airflow/example_dags/example_skip_dag.py
[2021-07-16 10:14:06,995] {scheduler_job.py:643} INFO - DAG(s) dict_keys(['example_skip_dag']) retrieved from /home/karuturihemanth/airflow_env/lib/python3.9/site-packages/airflow/example_dags/example_skip_dag.py
[2021-07-16 10:14:07,640] {logging_mixin.py:104} INFO - [2021-07-16 10:14:07,640] {dag.py:1833} INFO - Sync 1 DAGs
[2021-07-16 10:14:07,741] {logging_mixin.py:104} INFO - [2021-07-16 10:14:07,741] {dag.py:2306} INFO - Setting next_dagrun for example_skip_dag to 2021-07-14 00:00:00+00:00
[2021-07-16 10:14:07,957] {scheduler_job.py:190} INFO - Processing /home/karuturihemanth/airflow_env/lib/python3.9/site-packages/airflow/example_dags/example_skip_dag.py took 0.976 seconds
[2021-07-16 10:14:38,560] {scheduler_job.py:182} INFO - Started process (PID=5656) to work on /home/karuturihemanth/airflow_env/lib/python3.9/site-packages/airflow/example_dags/example_skip_dag.py
[2021-07-16 10:14:38,562] {scheduler_job.py:633} INFO - Processing file /home/karuturihemanth/airflow_env/lib/python3.9/site-packages/airflow/example_dags/example_skip_dag.py for tasks to queue
[2021-07-16 10:14:38,562] {logging_mixin.py:104} INFO - [2021-07-16 10:14:38,562] {dagbag.py:496} INFO - Filling up the DagBag from /home/karuturihemanth/airflow_env/lib/python3.9/site-packages/airflow/example_dags/example_skip_dag.py
[2021-07-16 10:14:38,574] {scheduler_job.py:643} INFO - DAG(s) dict_keys(['example_skip_dag']) retrieved from /home/karuturihemanth/airflow_env/lib/python3.9/site-packages/airflow/example_dags/example_skip_dag.py
[2021-07-16 10:14:39,236] {logging_mixin.py:104} INFO - [2021-07-16 10:14:39,236] {dag.py:1833} INFO - Sync 1 DAGs
[2021-07-16 10:14:39,343] {logging_mixin.py:104} INFO - [2021-07-16 10:14:39,343] {dag.py:2306} INFO - Setting next_dagrun for example_skip_dag to 2021-07-14 00:00:00+00:00
[2021-07-16 10:14:39,563] {scheduler_job.py:190} INFO - Processing /home/karuturihemanth/airflow_env/lib/python3.9/site-packages/airflow/example_dags/example_skip_dag.py took 1.007 seconds
[2021-07-16 11:12:19,802] {scheduler_job.py:182} INFO - Started process (PID=6829) to work on /home/karuturihemanth/airflow_env/lib/python3.9/site-packages/airflow/example_dags/example_skip_dag.py
[2021-07-16 11:12:19,802] {scheduler_job.py:633} INFO - Processing file /home/karuturihemanth/airflow_env/lib/python3.9/site-packages/airflow/example_dags/example_skip_dag.py for tasks to queue
[2021-07-16 11:12:19,803] {logging_mixin.py:104} INFO - [2021-07-16 11:12:19,803] {dagbag.py:496} INFO - Filling up the DagBag from /home/karuturihemanth/airflow_env/lib/python3.9/site-packages/airflow/example_dags/example_skip_dag.py
[2021-07-16 11:12:19,813] {scheduler_job.py:643} INFO - DAG(s) dict_keys(['example_skip_dag']) retrieved from /home/karuturihemanth/airflow_env/lib/python3.9/site-packages/airflow/example_dags/example_skip_dag.py
[2021-07-16 11:12:20,462] {logging_mixin.py:104} INFO - [2021-07-16 11:12:20,462] {dag.py:1833} INFO - Sync 1 DAGs
[2021-07-16 11:12:20,563] {logging_mixin.py:104} INFO - [2021-07-16 11:12:20,563] {dag.py:2306} INFO - Setting next_dagrun for example_skip_dag to 2021-07-14 00:00:00+00:00
[2021-07-16 11:12:20,780] {scheduler_job.py:190} INFO - Processing /home/karuturihemanth/airflow_env/lib/python3.9/site-packages/airflow/example_dags/example_skip_dag.py took 0.982 seconds
[2021-07-16 11:12:51,254] {scheduler_job.py:182} INFO - Started process (PID=6874) to work on /home/karuturihemanth/airflow_env/lib/python3.9/site-packages/airflow/example_dags/example_skip_dag.py
[2021-07-16 11:12:51,254] {scheduler_job.py:633} INFO - Processing file /home/karuturihemanth/airflow_env/lib/python3.9/site-packages/airflow/example_dags/example_skip_dag.py for tasks to queue
[2021-07-16 11:12:51,255] {logging_mixin.py:104} INFO - [2021-07-16 11:12:51,255] {dagbag.py:496} INFO - Filling up the DagBag from /home/karuturihemanth/airflow_env/lib/python3.9/site-packages/airflow/example_dags/example_skip_dag.py
[2021-07-16 11:12:51,267] {scheduler_job.py:643} INFO - DAG(s) dict_keys(['example_skip_dag']) retrieved from /home/karuturihemanth/airflow_env/lib/python3.9/site-packages/airflow/example_dags/example_skip_dag.py
[2021-07-16 11:12:51,929] {logging_mixin.py:104} INFO - [2021-07-16 11:12:51,929] {dag.py:1833} INFO - Sync 1 DAGs
[2021-07-16 11:12:52,033] {logging_mixin.py:104} INFO - [2021-07-16 11:12:52,033] {dag.py:2306} INFO - Setting next_dagrun for example_skip_dag to 2021-07-14 00:00:00+00:00
[2021-07-16 11:12:52,255] {scheduler_job.py:190} INFO - Processing /home/karuturihemanth/airflow_env/lib/python3.9/site-packages/airflow/example_dags/example_skip_dag.py took 1.005 seconds
[2021-07-16 11:13:23,353] {scheduler_job.py:182} INFO - Started process (PID=6908) to work on /home/karuturihemanth/airflow_env/lib/python3.9/site-packages/airflow/example_dags/example_skip_dag.py
[2021-07-16 11:13:23,353] {scheduler_job.py:633} INFO - Processing file /home/karuturihemanth/airflow_env/lib/python3.9/site-packages/airflow/example_dags/example_skip_dag.py for tasks to queue
[2021-07-16 11:13:23,354] {logging_mixin.py:104} INFO - [2021-07-16 11:13:23,354] {dagbag.py:496} INFO - Filling up the DagBag from /home/karuturihemanth/airflow_env/lib/python3.9/site-packages/airflow/example_dags/example_skip_dag.py
[2021-07-16 11:13:23,363] {scheduler_job.py:643} INFO - DAG(s) dict_keys(['example_skip_dag']) retrieved from /home/karuturihemanth/airflow_env/lib/python3.9/site-packages/airflow/example_dags/example_skip_dag.py
[2021-07-16 11:13:24,024] {logging_mixin.py:104} INFO - [2021-07-16 11:13:24,024] {dag.py:1833} INFO - Sync 1 DAGs
[2021-07-16 11:13:24,127] {logging_mixin.py:104} INFO - [2021-07-16 11:13:24,127] {dag.py:2306} INFO - Setting next_dagrun for example_skip_dag to 2021-07-14 00:00:00+00:00
[2021-07-16 11:13:24,343] {scheduler_job.py:190} INFO - Processing /home/karuturihemanth/airflow_env/lib/python3.9/site-packages/airflow/example_dags/example_skip_dag.py took 0.994 seconds
[2021-07-16 11:13:55,190] {scheduler_job.py:182} INFO - Started process (PID=6943) to work on /home/karuturihemanth/airflow_env/lib/python3.9/site-packages/airflow/example_dags/example_skip_dag.py
[2021-07-16 11:13:55,191] {scheduler_job.py:633} INFO - Processing file /home/karuturihemanth/airflow_env/lib/python3.9/site-packages/airflow/example_dags/example_skip_dag.py for tasks to queue
[2021-07-16 11:13:55,192] {logging_mixin.py:104} INFO - [2021-07-16 11:13:55,192] {dagbag.py:496} INFO - Filling up the DagBag from /home/karuturihemanth/airflow_env/lib/python3.9/site-packages/airflow/example_dags/example_skip_dag.py
[2021-07-16 11:13:55,200] {scheduler_job.py:643} INFO - DAG(s) dict_keys(['example_skip_dag']) retrieved from /home/karuturihemanth/airflow_env/lib/python3.9/site-packages/airflow/example_dags/example_skip_dag.py
[2021-07-16 11:13:55,847] {logging_mixin.py:104} INFO - [2021-07-16 11:13:55,847] {dag.py:1833} INFO - Sync 1 DAGs
[2021-07-16 11:13:55,950] {logging_mixin.py:104} INFO - [2021-07-16 11:13:55,950] {dag.py:2306} INFO - Setting next_dagrun for example_skip_dag to 2021-07-14 00:00:00+00:00
[2021-07-16 11:13:56,163] {scheduler_job.py:190} INFO - Processing /home/karuturihemanth/airflow_env/lib/python3.9/site-packages/airflow/example_dags/example_skip_dag.py took 0.976 seconds
[2021-07-16 11:14:26,599] {scheduler_job.py:182} INFO - Started process (PID=6977) to work on /home/karuturihemanth/airflow_env/lib/python3.9/site-packages/airflow/example_dags/example_skip_dag.py
[2021-07-16 11:14:26,600] {scheduler_job.py:633} INFO - Processing file /home/karuturihemanth/airflow_env/lib/python3.9/site-packages/airflow/example_dags/example_skip_dag.py for tasks to queue
[2021-07-16 11:14:26,601] {logging_mixin.py:104} INFO - [2021-07-16 11:14:26,601] {dagbag.py:496} INFO - Filling up the DagBag from /home/karuturihemanth/airflow_env/lib/python3.9/site-packages/airflow/example_dags/example_skip_dag.py
[2021-07-16 11:14:26,609] {scheduler_job.py:643} INFO - DAG(s) dict_keys(['example_skip_dag']) retrieved from /home/karuturihemanth/airflow_env/lib/python3.9/site-packages/airflow/example_dags/example_skip_dag.py
[2021-07-16 11:14:27,255] {logging_mixin.py:104} INFO - [2021-07-16 11:14:27,255] {dag.py:1833} INFO - Sync 1 DAGs
[2021-07-16 11:14:27,356] {logging_mixin.py:104} INFO - [2021-07-16 11:14:27,356] {dag.py:2306} INFO - Setting next_dagrun for example_skip_dag to 2021-07-14 00:00:00+00:00
[2021-07-16 11:14:27,571] {scheduler_job.py:190} INFO - Processing /home/karuturihemanth/airflow_env/lib/python3.9/site-packages/airflow/example_dags/example_skip_dag.py took 0.974 seconds
[2021-07-16 11:14:58,832] {scheduler_job.py:182} INFO - Started process (PID=7012) to work on /home/karuturihemanth/airflow_env/lib/python3.9/site-packages/airflow/example_dags/example_skip_dag.py
[2021-07-16 11:14:58,832] {scheduler_job.py:633} INFO - Processing file /home/karuturihemanth/airflow_env/lib/python3.9/site-packages/airflow/example_dags/example_skip_dag.py for tasks to queue
[2021-07-16 11:14:58,833] {logging_mixin.py:104} INFO - [2021-07-16 11:14:58,833] {dagbag.py:496} INFO - Filling up the DagBag from /home/karuturihemanth/airflow_env/lib/python3.9/site-packages/airflow/example_dags/example_skip_dag.py
[2021-07-16 11:14:58,843] {scheduler_job.py:643} INFO - DAG(s) dict_keys(['example_skip_dag']) retrieved from /home/karuturihemanth/airflow_env/lib/python3.9/site-packages/airflow/example_dags/example_skip_dag.py
[2021-07-16 11:14:59,490] {logging_mixin.py:104} INFO - [2021-07-16 11:14:59,490] {dag.py:1833} INFO - Sync 1 DAGs
[2021-07-16 11:14:59,591] {logging_mixin.py:104} INFO - [2021-07-16 11:14:59,591] {dag.py:2306} INFO - Setting next_dagrun for example_skip_dag to 2021-07-14 00:00:00+00:00
[2021-07-16 11:14:59,806] {scheduler_job.py:190} INFO - Processing /home/karuturihemanth/airflow_env/lib/python3.9/site-packages/airflow/example_dags/example_skip_dag.py took 0.977 seconds
[2021-07-16 11:15:29,913] {scheduler_job.py:182} INFO - Started process (PID=7048) to work on /home/karuturihemanth/airflow_env/lib/python3.9/site-packages/airflow/example_dags/example_skip_dag.py
[2021-07-16 11:15:29,914] {scheduler_job.py:633} INFO - Processing file /home/karuturihemanth/airflow_env/lib/python3.9/site-packages/airflow/example_dags/example_skip_dag.py for tasks to queue
[2021-07-16 11:15:29,915] {logging_mixin.py:104} INFO - [2021-07-16 11:15:29,915] {dagbag.py:496} INFO - Filling up the DagBag from /home/karuturihemanth/airflow_env/lib/python3.9/site-packages/airflow/example_dags/example_skip_dag.py
[2021-07-16 11:15:29,924] {scheduler_job.py:643} INFO - DAG(s) dict_keys(['example_skip_dag']) retrieved from /home/karuturihemanth/airflow_env/lib/python3.9/site-packages/airflow/example_dags/example_skip_dag.py
[2021-07-16 11:15:30,580] {logging_mixin.py:104} INFO - [2021-07-16 11:15:30,580] {dag.py:1833} INFO - Sync 1 DAGs
[2021-07-16 11:15:30,680] {logging_mixin.py:104} INFO - [2021-07-16 11:15:30,680] {dag.py:2306} INFO - Setting next_dagrun for example_skip_dag to 2021-07-14 00:00:00+00:00
[2021-07-16 11:15:30,897] {scheduler_job.py:190} INFO - Processing /home/karuturihemanth/airflow_env/lib/python3.9/site-packages/airflow/example_dags/example_skip_dag.py took 0.986 seconds
[2021-07-16 11:16:02,362] {scheduler_job.py:182} INFO - Started process (PID=7082) to work on /home/karuturihemanth/airflow_env/lib/python3.9/site-packages/airflow/example_dags/example_skip_dag.py
[2021-07-16 11:16:02,363] {scheduler_job.py:633} INFO - Processing file /home/karuturihemanth/airflow_env/lib/python3.9/site-packages/airflow/example_dags/example_skip_dag.py for tasks to queue
[2021-07-16 11:16:02,364] {logging_mixin.py:104} INFO - [2021-07-16 11:16:02,363] {dagbag.py:496} INFO - Filling up the DagBag from /home/karuturihemanth/airflow_env/lib/python3.9/site-packages/airflow/example_dags/example_skip_dag.py
[2021-07-16 11:16:02,372] {scheduler_job.py:643} INFO - DAG(s) dict_keys(['example_skip_dag']) retrieved from /home/karuturihemanth/airflow_env/lib/python3.9/site-packages/airflow/example_dags/example_skip_dag.py
[2021-07-16 11:16:03,030] {logging_mixin.py:104} INFO - [2021-07-16 11:16:03,029] {dag.py:1833} INFO - Sync 1 DAGs
[2021-07-16 11:16:03,134] {logging_mixin.py:104} INFO - [2021-07-16 11:16:03,134] {dag.py:2306} INFO - Setting next_dagrun for example_skip_dag to 2021-07-14 00:00:00+00:00
[2021-07-16 11:16:03,352] {scheduler_job.py:190} INFO - Processing /home/karuturihemanth/airflow_env/lib/python3.9/site-packages/airflow/example_dags/example_skip_dag.py took 0.995 seconds
[2021-07-16 11:16:34,087] {scheduler_job.py:182} INFO - Started process (PID=7117) to work on /home/karuturihemanth/airflow_env/lib/python3.9/site-packages/airflow/example_dags/example_skip_dag.py
[2021-07-16 11:16:34,088] {scheduler_job.py:633} INFO - Processing file /home/karuturihemanth/airflow_env/lib/python3.9/site-packages/airflow/example_dags/example_skip_dag.py for tasks to queue
[2021-07-16 11:16:34,088] {logging_mixin.py:104} INFO - [2021-07-16 11:16:34,088] {dagbag.py:496} INFO - Filling up the DagBag from /home/karuturihemanth/airflow_env/lib/python3.9/site-packages/airflow/example_dags/example_skip_dag.py
[2021-07-16 11:16:34,097] {scheduler_job.py:643} INFO - DAG(s) dict_keys(['example_skip_dag']) retrieved from /home/karuturihemanth/airflow_env/lib/python3.9/site-packages/airflow/example_dags/example_skip_dag.py
[2021-07-16 11:16:34,759] {logging_mixin.py:104} INFO - [2021-07-16 11:16:34,759] {dag.py:1833} INFO - Sync 1 DAGs
[2021-07-16 11:16:34,864] {logging_mixin.py:104} INFO - [2021-07-16 11:16:34,864] {dag.py:2306} INFO - Setting next_dagrun for example_skip_dag to 2021-07-14 00:00:00+00:00
[2021-07-16 11:16:35,087] {scheduler_job.py:190} INFO - Processing /home/karuturihemanth/airflow_env/lib/python3.9/site-packages/airflow/example_dags/example_skip_dag.py took 1.003 seconds
[2021-07-16 11:17:06,597] {scheduler_job.py:182} INFO - Started process (PID=7152) to work on /home/karuturihemanth/airflow_env/lib/python3.9/site-packages/airflow/example_dags/example_skip_dag.py
[2021-07-16 11:17:06,598] {scheduler_job.py:633} INFO - Processing file /home/karuturihemanth/airflow_env/lib/python3.9/site-packages/airflow/example_dags/example_skip_dag.py for tasks to queue
[2021-07-16 11:17:06,599] {logging_mixin.py:104} INFO - [2021-07-16 11:17:06,599] {dagbag.py:496} INFO - Filling up the DagBag from /home/karuturihemanth/airflow_env/lib/python3.9/site-packages/airflow/example_dags/example_skip_dag.py
[2021-07-16 11:17:06,607] {scheduler_job.py:643} INFO - DAG(s) dict_keys(['example_skip_dag']) retrieved from /home/karuturihemanth/airflow_env/lib/python3.9/site-packages/airflow/example_dags/example_skip_dag.py
[2021-07-16 11:17:07,277] {logging_mixin.py:104} INFO - [2021-07-16 11:17:07,277] {dag.py:1833} INFO - Sync 1 DAGs
[2021-07-16 11:17:07,381] {logging_mixin.py:104} INFO - [2021-07-16 11:17:07,381] {dag.py:2306} INFO - Setting next_dagrun for example_skip_dag to 2021-07-14 00:00:00+00:00
[2021-07-16 11:17:07,602] {scheduler_job.py:190} INFO - Processing /home/karuturihemanth/airflow_env/lib/python3.9/site-packages/airflow/example_dags/example_skip_dag.py took 1.008 seconds
[2021-07-16 11:17:38,572] {scheduler_job.py:182} INFO - Started process (PID=7385) to work on /home/karuturihemanth/airflow_env/lib/python3.9/site-packages/airflow/example_dags/example_skip_dag.py
[2021-07-16 11:17:38,573] {scheduler_job.py:633} INFO - Processing file /home/karuturihemanth/airflow_env/lib/python3.9/site-packages/airflow/example_dags/example_skip_dag.py for tasks to queue
[2021-07-16 11:17:38,574] {logging_mixin.py:104} INFO - [2021-07-16 11:17:38,574] {dagbag.py:496} INFO - Filling up the DagBag from /home/karuturihemanth/airflow_env/lib/python3.9/site-packages/airflow/example_dags/example_skip_dag.py
[2021-07-16 11:17:38,583] {scheduler_job.py:643} INFO - DAG(s) dict_keys(['example_skip_dag']) retrieved from /home/karuturihemanth/airflow_env/lib/python3.9/site-packages/airflow/example_dags/example_skip_dag.py
[2021-07-16 11:17:39,244] {logging_mixin.py:104} INFO - [2021-07-16 11:17:39,244] {dag.py:1833} INFO - Sync 1 DAGs
[2021-07-16 11:17:39,347] {logging_mixin.py:104} INFO - [2021-07-16 11:17:39,347] {dag.py:2306} INFO - Setting next_dagrun for example_skip_dag to 2021-07-14 00:00:00+00:00
[2021-07-16 11:17:39,568] {scheduler_job.py:190} INFO - Processing /home/karuturihemanth/airflow_env/lib/python3.9/site-packages/airflow/example_dags/example_skip_dag.py took 0.999 seconds
[2021-07-16 11:18:10,892] {scheduler_job.py:182} INFO - Started process (PID=7419) to work on /home/karuturihemanth/airflow_env/lib/python3.9/site-packages/airflow/example_dags/example_skip_dag.py
[2021-07-16 11:18:10,893] {scheduler_job.py:633} INFO - Processing file /home/karuturihemanth/airflow_env/lib/python3.9/site-packages/airflow/example_dags/example_skip_dag.py for tasks to queue
[2021-07-16 11:18:10,894] {logging_mixin.py:104} INFO - [2021-07-16 11:18:10,894] {dagbag.py:496} INFO - Filling up the DagBag from /home/karuturihemanth/airflow_env/lib/python3.9/site-packages/airflow/example_dags/example_skip_dag.py
[2021-07-16 11:18:10,903] {scheduler_job.py:643} INFO - DAG(s) dict_keys(['example_skip_dag']) retrieved from /home/karuturihemanth/airflow_env/lib/python3.9/site-packages/airflow/example_dags/example_skip_dag.py
[2021-07-16 11:18:11,563] {logging_mixin.py:104} INFO - [2021-07-16 11:18:11,563] {dag.py:1833} INFO - Sync 1 DAGs
[2021-07-16 11:18:11,667] {logging_mixin.py:104} INFO - [2021-07-16 11:18:11,667] {dag.py:2306} INFO - Setting next_dagrun for example_skip_dag to 2021-07-14 00:00:00+00:00
[2021-07-16 11:18:11,891] {scheduler_job.py:190} INFO - Processing /home/karuturihemanth/airflow_env/lib/python3.9/site-packages/airflow/example_dags/example_skip_dag.py took 1.003 seconds
[2021-07-16 11:18:42,454] {scheduler_job.py:182} INFO - Started process (PID=7454) to work on /home/karuturihemanth/airflow_env/lib/python3.9/site-packages/airflow/example_dags/example_skip_dag.py
[2021-07-16 11:18:42,455] {scheduler_job.py:633} INFO - Processing file /home/karuturihemanth/airflow_env/lib/python3.9/site-packages/airflow/example_dags/example_skip_dag.py for tasks to queue
[2021-07-16 11:18:42,456] {logging_mixin.py:104} INFO - [2021-07-16 11:18:42,456] {dagbag.py:496} INFO - Filling up the DagBag from /home/karuturihemanth/airflow_env/lib/python3.9/site-packages/airflow/example_dags/example_skip_dag.py
[2021-07-16 11:18:42,464] {scheduler_job.py:643} INFO - DAG(s) dict_keys(['example_skip_dag']) retrieved from /home/karuturihemanth/airflow_env/lib/python3.9/site-packages/airflow/example_dags/example_skip_dag.py
[2021-07-16 11:18:43,130] {logging_mixin.py:104} INFO - [2021-07-16 11:18:43,130] {dag.py:1833} INFO - Sync 1 DAGs
[2021-07-16 11:18:43,234] {logging_mixin.py:104} INFO - [2021-07-16 11:18:43,234] {dag.py:2306} INFO - Setting next_dagrun for example_skip_dag to 2021-07-14 00:00:00+00:00
[2021-07-16 11:18:43,453] {scheduler_job.py:190} INFO - Processing /home/karuturihemanth/airflow_env/lib/python3.9/site-packages/airflow/example_dags/example_skip_dag.py took 1.003 seconds
