[2021-07-16 03:23:11,705] {scheduler_job.py:182} INFO - Started process (PID=1070) to work on /home/karuturihemanth/airflow_env/lib/python3.9/site-packages/airflow/example_dags/tutorial.py
[2021-07-16 03:23:11,706] {scheduler_job.py:633} INFO - Processing file /home/karuturihemanth/airflow_env/lib/python3.9/site-packages/airflow/example_dags/tutorial.py for tasks to queue
[2021-07-16 03:23:11,706] {logging_mixin.py:104} INFO - [2021-07-16 03:23:11,706] {dagbag.py:496} INFO - Filling up the DagBag from /home/karuturihemanth/airflow_env/lib/python3.9/site-packages/airflow/example_dags/tutorial.py
[2021-07-16 03:23:11,717] {scheduler_job.py:643} INFO - DAG(s) dict_keys(['tutorial']) retrieved from /home/karuturihemanth/airflow_env/lib/python3.9/site-packages/airflow/example_dags/tutorial.py
[2021-07-16 03:23:11,966] {logging_mixin.py:104} INFO - [2021-07-16 03:23:11,966] {dag.py:1833} INFO - Sync 1 DAGs
[2021-07-16 03:23:11,973] {logging_mixin.py:104} INFO - [2021-07-16 03:23:11,973] {dag.py:2306} INFO - Setting next_dagrun for tutorial to 2021-07-14 00:00:00+00:00
[2021-07-16 03:23:11,985] {scheduler_job.py:190} INFO - Processing /home/karuturihemanth/airflow_env/lib/python3.9/site-packages/airflow/example_dags/tutorial.py took 0.283 seconds
[2021-07-16 03:23:53,521] {scheduler_job.py:182} INFO - Started process (PID=1108) to work on /home/karuturihemanth/airflow_env/lib/python3.9/site-packages/airflow/example_dags/tutorial.py
[2021-07-16 03:23:53,523] {scheduler_job.py:633} INFO - Processing file /home/karuturihemanth/airflow_env/lib/python3.9/site-packages/airflow/example_dags/tutorial.py for tasks to queue
[2021-07-16 03:23:53,523] {logging_mixin.py:104} INFO - [2021-07-16 03:23:53,523] {dagbag.py:496} INFO - Filling up the DagBag from /home/karuturihemanth/airflow_env/lib/python3.9/site-packages/airflow/example_dags/tutorial.py
[2021-07-16 03:23:53,533] {scheduler_job.py:643} INFO - DAG(s) dict_keys(['tutorial']) retrieved from /home/karuturihemanth/airflow_env/lib/python3.9/site-packages/airflow/example_dags/tutorial.py
[2021-07-16 03:23:53,546] {logging_mixin.py:104} INFO - [2021-07-16 03:23:53,546] {dag.py:1833} INFO - Sync 1 DAGs
[2021-07-16 03:23:53,556] {logging_mixin.py:104} INFO - [2021-07-16 03:23:53,556] {dag.py:2306} INFO - Setting next_dagrun for tutorial to 2021-07-14 00:00:00+00:00
[2021-07-16 03:23:53,568] {scheduler_job.py:190} INFO - Processing /home/karuturihemanth/airflow_env/lib/python3.9/site-packages/airflow/example_dags/tutorial.py took 0.049 seconds
[2021-07-16 03:24:29,510] {scheduler_job.py:182} INFO - Started process (PID=1152) to work on /home/karuturihemanth/airflow_env/lib/python3.9/site-packages/airflow/example_dags/tutorial.py
[2021-07-16 03:24:29,511] {scheduler_job.py:633} INFO - Processing file /home/karuturihemanth/airflow_env/lib/python3.9/site-packages/airflow/example_dags/tutorial.py for tasks to queue
[2021-07-16 03:24:29,512] {logging_mixin.py:104} INFO - [2021-07-16 03:24:29,511] {dagbag.py:496} INFO - Filling up the DagBag from /home/karuturihemanth/airflow_env/lib/python3.9/site-packages/airflow/example_dags/tutorial.py
[2021-07-16 03:24:29,523] {scheduler_job.py:643} INFO - DAG(s) dict_keys(['tutorial']) retrieved from /home/karuturihemanth/airflow_env/lib/python3.9/site-packages/airflow/example_dags/tutorial.py
[2021-07-16 03:24:29,536] {logging_mixin.py:104} INFO - [2021-07-16 03:24:29,536] {dag.py:1833} INFO - Sync 1 DAGs
[2021-07-16 03:24:29,545] {logging_mixin.py:104} INFO - [2021-07-16 03:24:29,545] {dag.py:2306} INFO - Setting next_dagrun for tutorial to 2021-07-14 00:00:00+00:00
[2021-07-16 03:24:29,556] {scheduler_job.py:190} INFO - Processing /home/karuturihemanth/airflow_env/lib/python3.9/site-packages/airflow/example_dags/tutorial.py took 0.049 seconds
[2021-07-16 03:25:04,497] {scheduler_job.py:182} INFO - Started process (PID=1187) to work on /home/karuturihemanth/airflow_env/lib/python3.9/site-packages/airflow/example_dags/tutorial.py
[2021-07-16 03:25:04,498] {scheduler_job.py:633} INFO - Processing file /home/karuturihemanth/airflow_env/lib/python3.9/site-packages/airflow/example_dags/tutorial.py for tasks to queue
[2021-07-16 03:25:04,498] {logging_mixin.py:104} INFO - [2021-07-16 03:25:04,498] {dagbag.py:496} INFO - Filling up the DagBag from /home/karuturihemanth/airflow_env/lib/python3.9/site-packages/airflow/example_dags/tutorial.py
[2021-07-16 03:25:04,509] {scheduler_job.py:643} INFO - DAG(s) dict_keys(['tutorial']) retrieved from /home/karuturihemanth/airflow_env/lib/python3.9/site-packages/airflow/example_dags/tutorial.py
[2021-07-16 03:25:04,523] {logging_mixin.py:104} INFO - [2021-07-16 03:25:04,523] {dag.py:1833} INFO - Sync 1 DAGs
[2021-07-16 03:25:04,533] {logging_mixin.py:104} INFO - [2021-07-16 03:25:04,532] {dag.py:2306} INFO - Setting next_dagrun for tutorial to 2021-07-14 00:00:00+00:00
[2021-07-16 03:25:04,545] {scheduler_job.py:190} INFO - Processing /home/karuturihemanth/airflow_env/lib/python3.9/site-packages/airflow/example_dags/tutorial.py took 0.051 seconds
[2021-07-16 03:25:39,080] {scheduler_job.py:182} INFO - Started process (PID=1221) to work on /home/karuturihemanth/airflow_env/lib/python3.9/site-packages/airflow/example_dags/tutorial.py
[2021-07-16 03:25:39,081] {scheduler_job.py:633} INFO - Processing file /home/karuturihemanth/airflow_env/lib/python3.9/site-packages/airflow/example_dags/tutorial.py for tasks to queue
[2021-07-16 03:25:39,082] {logging_mixin.py:104} INFO - [2021-07-16 03:25:39,082] {dagbag.py:496} INFO - Filling up the DagBag from /home/karuturihemanth/airflow_env/lib/python3.9/site-packages/airflow/example_dags/tutorial.py
[2021-07-16 03:25:39,092] {scheduler_job.py:643} INFO - DAG(s) dict_keys(['tutorial']) retrieved from /home/karuturihemanth/airflow_env/lib/python3.9/site-packages/airflow/example_dags/tutorial.py
[2021-07-16 03:25:39,106] {logging_mixin.py:104} INFO - [2021-07-16 03:25:39,105] {dag.py:1833} INFO - Sync 1 DAGs
[2021-07-16 03:25:39,115] {logging_mixin.py:104} INFO - [2021-07-16 03:25:39,115] {dag.py:2306} INFO - Setting next_dagrun for tutorial to 2021-07-14 00:00:00+00:00
[2021-07-16 03:25:39,127] {scheduler_job.py:190} INFO - Processing /home/karuturihemanth/airflow_env/lib/python3.9/site-packages/airflow/example_dags/tutorial.py took 0.050 seconds
[2021-07-16 03:26:14,687] {scheduler_job.py:182} INFO - Started process (PID=1256) to work on /home/karuturihemanth/airflow_env/lib/python3.9/site-packages/airflow/example_dags/tutorial.py
[2021-07-16 03:26:14,688] {scheduler_job.py:633} INFO - Processing file /home/karuturihemanth/airflow_env/lib/python3.9/site-packages/airflow/example_dags/tutorial.py for tasks to queue
[2021-07-16 03:26:14,688] {logging_mixin.py:104} INFO - [2021-07-16 03:26:14,688] {dagbag.py:496} INFO - Filling up the DagBag from /home/karuturihemanth/airflow_env/lib/python3.9/site-packages/airflow/example_dags/tutorial.py
[2021-07-16 03:26:14,698] {scheduler_job.py:643} INFO - DAG(s) dict_keys(['tutorial']) retrieved from /home/karuturihemanth/airflow_env/lib/python3.9/site-packages/airflow/example_dags/tutorial.py
[2021-07-16 03:26:14,711] {logging_mixin.py:104} INFO - [2021-07-16 03:26:14,711] {dag.py:1833} INFO - Sync 1 DAGs
[2021-07-16 03:26:14,720] {logging_mixin.py:104} INFO - [2021-07-16 03:26:14,720] {dag.py:2306} INFO - Setting next_dagrun for tutorial to 2021-07-14 00:00:00+00:00
[2021-07-16 03:26:14,732] {scheduler_job.py:190} INFO - Processing /home/karuturihemanth/airflow_env/lib/python3.9/site-packages/airflow/example_dags/tutorial.py took 0.048 seconds
[2021-07-16 03:27:05,330] {scheduler_job.py:182} INFO - Started process (PID=1302) to work on /home/karuturihemanth/airflow_env/lib/python3.9/site-packages/airflow/example_dags/tutorial.py
[2021-07-16 03:27:05,331] {scheduler_job.py:633} INFO - Processing file /home/karuturihemanth/airflow_env/lib/python3.9/site-packages/airflow/example_dags/tutorial.py for tasks to queue
[2021-07-16 03:27:05,332] {logging_mixin.py:104} INFO - [2021-07-16 03:27:05,332] {dagbag.py:496} INFO - Filling up the DagBag from /home/karuturihemanth/airflow_env/lib/python3.9/site-packages/airflow/example_dags/tutorial.py
[2021-07-16 03:27:05,342] {scheduler_job.py:643} INFO - DAG(s) dict_keys(['tutorial']) retrieved from /home/karuturihemanth/airflow_env/lib/python3.9/site-packages/airflow/example_dags/tutorial.py
[2021-07-16 03:27:05,355] {logging_mixin.py:104} INFO - [2021-07-16 03:27:05,355] {dag.py:1833} INFO - Sync 1 DAGs
[2021-07-16 03:27:05,364] {logging_mixin.py:104} INFO - [2021-07-16 03:27:05,364] {dag.py:2306} INFO - Setting next_dagrun for tutorial to 2021-07-14 00:00:00+00:00
[2021-07-16 03:27:05,377] {scheduler_job.py:190} INFO - Processing /home/karuturihemanth/airflow_env/lib/python3.9/site-packages/airflow/example_dags/tutorial.py took 0.050 seconds
[2021-07-16 03:27:40,046] {scheduler_job.py:182} INFO - Started process (PID=1336) to work on /home/karuturihemanth/airflow_env/lib/python3.9/site-packages/airflow/example_dags/tutorial.py
[2021-07-16 03:27:40,047] {scheduler_job.py:633} INFO - Processing file /home/karuturihemanth/airflow_env/lib/python3.9/site-packages/airflow/example_dags/tutorial.py for tasks to queue
[2021-07-16 03:27:40,047] {logging_mixin.py:104} INFO - [2021-07-16 03:27:40,047] {dagbag.py:496} INFO - Filling up the DagBag from /home/karuturihemanth/airflow_env/lib/python3.9/site-packages/airflow/example_dags/tutorial.py
[2021-07-16 03:27:40,058] {scheduler_job.py:643} INFO - DAG(s) dict_keys(['tutorial']) retrieved from /home/karuturihemanth/airflow_env/lib/python3.9/site-packages/airflow/example_dags/tutorial.py
[2021-07-16 03:27:40,071] {logging_mixin.py:104} INFO - [2021-07-16 03:27:40,071] {dag.py:1833} INFO - Sync 1 DAGs
[2021-07-16 03:27:40,080] {logging_mixin.py:104} INFO - [2021-07-16 03:27:40,080] {dag.py:2306} INFO - Setting next_dagrun for tutorial to 2021-07-14 00:00:00+00:00
[2021-07-16 03:27:40,092] {scheduler_job.py:190} INFO - Processing /home/karuturihemanth/airflow_env/lib/python3.9/site-packages/airflow/example_dags/tutorial.py took 0.049 seconds
[2021-07-16 03:28:14,818] {scheduler_job.py:182} INFO - Started process (PID=1370) to work on /home/karuturihemanth/airflow_env/lib/python3.9/site-packages/airflow/example_dags/tutorial.py
[2021-07-16 03:28:14,819] {scheduler_job.py:633} INFO - Processing file /home/karuturihemanth/airflow_env/lib/python3.9/site-packages/airflow/example_dags/tutorial.py for tasks to queue
[2021-07-16 03:28:14,819] {logging_mixin.py:104} INFO - [2021-07-16 03:28:14,819] {dagbag.py:496} INFO - Filling up the DagBag from /home/karuturihemanth/airflow_env/lib/python3.9/site-packages/airflow/example_dags/tutorial.py
[2021-07-16 03:28:14,829] {scheduler_job.py:643} INFO - DAG(s) dict_keys(['tutorial']) retrieved from /home/karuturihemanth/airflow_env/lib/python3.9/site-packages/airflow/example_dags/tutorial.py
[2021-07-16 03:28:14,842] {logging_mixin.py:104} INFO - [2021-07-16 03:28:14,842] {dag.py:1833} INFO - Sync 1 DAGs
[2021-07-16 03:28:14,851] {logging_mixin.py:104} INFO - [2021-07-16 03:28:14,851] {dag.py:2306} INFO - Setting next_dagrun for tutorial to 2021-07-14 00:00:00+00:00
[2021-07-16 03:28:14,862] {scheduler_job.py:190} INFO - Processing /home/karuturihemanth/airflow_env/lib/python3.9/site-packages/airflow/example_dags/tutorial.py took 0.048 seconds
[2021-07-16 03:28:48,757] {scheduler_job.py:182} INFO - Started process (PID=1404) to work on /home/karuturihemanth/airflow_env/lib/python3.9/site-packages/airflow/example_dags/tutorial.py
[2021-07-16 03:28:48,758] {scheduler_job.py:633} INFO - Processing file /home/karuturihemanth/airflow_env/lib/python3.9/site-packages/airflow/example_dags/tutorial.py for tasks to queue
[2021-07-16 03:28:48,759] {logging_mixin.py:104} INFO - [2021-07-16 03:28:48,759] {dagbag.py:496} INFO - Filling up the DagBag from /home/karuturihemanth/airflow_env/lib/python3.9/site-packages/airflow/example_dags/tutorial.py
[2021-07-16 03:28:48,769] {scheduler_job.py:643} INFO - DAG(s) dict_keys(['tutorial']) retrieved from /home/karuturihemanth/airflow_env/lib/python3.9/site-packages/airflow/example_dags/tutorial.py
[2021-07-16 03:28:48,781] {logging_mixin.py:104} INFO - [2021-07-16 03:28:48,781] {dag.py:1833} INFO - Sync 1 DAGs
[2021-07-16 03:28:48,790] {logging_mixin.py:104} INFO - [2021-07-16 03:28:48,790] {dag.py:2306} INFO - Setting next_dagrun for tutorial to 2021-07-14 00:00:00+00:00
[2021-07-16 03:28:48,802] {scheduler_job.py:190} INFO - Processing /home/karuturihemanth/airflow_env/lib/python3.9/site-packages/airflow/example_dags/tutorial.py took 0.048 seconds
[2021-07-16 03:29:20,215] {scheduler_job.py:182} INFO - Started process (PID=1435) to work on /home/karuturihemanth/airflow_env/lib/python3.9/site-packages/airflow/example_dags/tutorial.py
[2021-07-16 03:29:20,216] {scheduler_job.py:633} INFO - Processing file /home/karuturihemanth/airflow_env/lib/python3.9/site-packages/airflow/example_dags/tutorial.py for tasks to queue
[2021-07-16 03:29:20,216] {logging_mixin.py:104} INFO - [2021-07-16 03:29:20,216] {dagbag.py:496} INFO - Filling up the DagBag from /home/karuturihemanth/airflow_env/lib/python3.9/site-packages/airflow/example_dags/tutorial.py
[2021-07-16 03:29:20,226] {scheduler_job.py:643} INFO - DAG(s) dict_keys(['tutorial']) retrieved from /home/karuturihemanth/airflow_env/lib/python3.9/site-packages/airflow/example_dags/tutorial.py
[2021-07-16 03:29:20,239] {logging_mixin.py:104} INFO - [2021-07-16 03:29:20,239] {dag.py:1833} INFO - Sync 1 DAGs
[2021-07-16 03:29:20,248] {logging_mixin.py:104} INFO - [2021-07-16 03:29:20,248] {dag.py:2306} INFO - Setting next_dagrun for tutorial to 2021-07-14 00:00:00+00:00
[2021-07-16 03:29:20,260] {scheduler_job.py:190} INFO - Processing /home/karuturihemanth/airflow_env/lib/python3.9/site-packages/airflow/example_dags/tutorial.py took 0.048 seconds
[2021-07-16 03:29:52,085] {scheduler_job.py:182} INFO - Started process (PID=1467) to work on /home/karuturihemanth/airflow_env/lib/python3.9/site-packages/airflow/example_dags/tutorial.py
[2021-07-16 03:29:52,086] {scheduler_job.py:633} INFO - Processing file /home/karuturihemanth/airflow_env/lib/python3.9/site-packages/airflow/example_dags/tutorial.py for tasks to queue
[2021-07-16 03:29:52,086] {logging_mixin.py:104} INFO - [2021-07-16 03:29:52,086] {dagbag.py:496} INFO - Filling up the DagBag from /home/karuturihemanth/airflow_env/lib/python3.9/site-packages/airflow/example_dags/tutorial.py
[2021-07-16 03:29:52,096] {scheduler_job.py:643} INFO - DAG(s) dict_keys(['tutorial']) retrieved from /home/karuturihemanth/airflow_env/lib/python3.9/site-packages/airflow/example_dags/tutorial.py
[2021-07-16 03:29:52,109] {logging_mixin.py:104} INFO - [2021-07-16 03:29:52,109] {dag.py:1833} INFO - Sync 1 DAGs
[2021-07-16 03:29:52,118] {logging_mixin.py:104} INFO - [2021-07-16 03:29:52,118] {dag.py:2306} INFO - Setting next_dagrun for tutorial to 2021-07-14 00:00:00+00:00
[2021-07-16 03:29:52,130] {scheduler_job.py:190} INFO - Processing /home/karuturihemanth/airflow_env/lib/python3.9/site-packages/airflow/example_dags/tutorial.py took 0.049 seconds
[2021-07-16 03:30:24,962] {scheduler_job.py:182} INFO - Started process (PID=1501) to work on /home/karuturihemanth/airflow_env/lib/python3.9/site-packages/airflow/example_dags/tutorial.py
[2021-07-16 03:30:24,963] {scheduler_job.py:633} INFO - Processing file /home/karuturihemanth/airflow_env/lib/python3.9/site-packages/airflow/example_dags/tutorial.py for tasks to queue
[2021-07-16 03:30:24,964] {logging_mixin.py:104} INFO - [2021-07-16 03:30:24,964] {dagbag.py:496} INFO - Filling up the DagBag from /home/karuturihemanth/airflow_env/lib/python3.9/site-packages/airflow/example_dags/tutorial.py
[2021-07-16 03:30:24,974] {scheduler_job.py:643} INFO - DAG(s) dict_keys(['tutorial']) retrieved from /home/karuturihemanth/airflow_env/lib/python3.9/site-packages/airflow/example_dags/tutorial.py
[2021-07-16 03:30:24,987] {logging_mixin.py:104} INFO - [2021-07-16 03:30:24,986] {dag.py:1833} INFO - Sync 1 DAGs
[2021-07-16 03:30:24,996] {logging_mixin.py:104} INFO - [2021-07-16 03:30:24,996] {dag.py:2306} INFO - Setting next_dagrun for tutorial to 2021-07-14 00:00:00+00:00
[2021-07-16 03:30:25,008] {scheduler_job.py:190} INFO - Processing /home/karuturihemanth/airflow_env/lib/python3.9/site-packages/airflow/example_dags/tutorial.py took 0.049 seconds
[2021-07-16 03:30:58,802] {scheduler_job.py:182} INFO - Started process (PID=1534) to work on /home/karuturihemanth/airflow_env/lib/python3.9/site-packages/airflow/example_dags/tutorial.py
[2021-07-16 03:30:58,803] {scheduler_job.py:633} INFO - Processing file /home/karuturihemanth/airflow_env/lib/python3.9/site-packages/airflow/example_dags/tutorial.py for tasks to queue
[2021-07-16 03:30:58,803] {logging_mixin.py:104} INFO - [2021-07-16 03:30:58,803] {dagbag.py:496} INFO - Filling up the DagBag from /home/karuturihemanth/airflow_env/lib/python3.9/site-packages/airflow/example_dags/tutorial.py
[2021-07-16 03:30:58,815] {scheduler_job.py:643} INFO - DAG(s) dict_keys(['tutorial']) retrieved from /home/karuturihemanth/airflow_env/lib/python3.9/site-packages/airflow/example_dags/tutorial.py
[2021-07-16 03:30:58,830] {logging_mixin.py:104} INFO - [2021-07-16 03:30:58,830] {dag.py:1833} INFO - Sync 1 DAGs
[2021-07-16 03:30:58,841] {logging_mixin.py:104} INFO - [2021-07-16 03:30:58,841] {dag.py:2306} INFO - Setting next_dagrun for tutorial to 2021-07-14 00:00:00+00:00
[2021-07-16 03:30:58,853] {scheduler_job.py:190} INFO - Processing /home/karuturihemanth/airflow_env/lib/python3.9/site-packages/airflow/example_dags/tutorial.py took 0.056 seconds
[2021-07-16 03:31:31,942] {scheduler_job.py:182} INFO - Started process (PID=1568) to work on /home/karuturihemanth/airflow_env/lib/python3.9/site-packages/airflow/example_dags/tutorial.py
[2021-07-16 03:31:31,943] {scheduler_job.py:633} INFO - Processing file /home/karuturihemanth/airflow_env/lib/python3.9/site-packages/airflow/example_dags/tutorial.py for tasks to queue
[2021-07-16 03:31:31,944] {logging_mixin.py:104} INFO - [2021-07-16 03:31:31,944] {dagbag.py:496} INFO - Filling up the DagBag from /home/karuturihemanth/airflow_env/lib/python3.9/site-packages/airflow/example_dags/tutorial.py
[2021-07-16 03:31:31,953] {scheduler_job.py:643} INFO - DAG(s) dict_keys(['tutorial']) retrieved from /home/karuturihemanth/airflow_env/lib/python3.9/site-packages/airflow/example_dags/tutorial.py
[2021-07-16 03:31:31,966] {logging_mixin.py:104} INFO - [2021-07-16 03:31:31,966] {dag.py:1833} INFO - Sync 1 DAGs
[2021-07-16 03:31:31,976] {logging_mixin.py:104} INFO - [2021-07-16 03:31:31,976] {dag.py:2306} INFO - Setting next_dagrun for tutorial to 2021-07-14 00:00:00+00:00
[2021-07-16 03:31:31,988] {scheduler_job.py:190} INFO - Processing /home/karuturihemanth/airflow_env/lib/python3.9/site-packages/airflow/example_dags/tutorial.py took 0.049 seconds
[2021-07-16 03:32:07,234] {scheduler_job.py:182} INFO - Started process (PID=1851) to work on /home/karuturihemanth/airflow_env/lib/python3.9/site-packages/airflow/example_dags/tutorial.py
[2021-07-16 03:32:07,236] {scheduler_job.py:633} INFO - Processing file /home/karuturihemanth/airflow_env/lib/python3.9/site-packages/airflow/example_dags/tutorial.py for tasks to queue
[2021-07-16 03:32:07,237] {logging_mixin.py:104} INFO - [2021-07-16 03:32:07,236] {dagbag.py:496} INFO - Filling up the DagBag from /home/karuturihemanth/airflow_env/lib/python3.9/site-packages/airflow/example_dags/tutorial.py
[2021-07-16 03:32:07,248] {scheduler_job.py:643} INFO - DAG(s) dict_keys(['tutorial']) retrieved from /home/karuturihemanth/airflow_env/lib/python3.9/site-packages/airflow/example_dags/tutorial.py
[2021-07-16 03:32:07,263] {logging_mixin.py:104} INFO - [2021-07-16 03:32:07,263] {dag.py:1833} INFO - Sync 1 DAGs
[2021-07-16 03:32:07,273] {logging_mixin.py:104} INFO - [2021-07-16 03:32:07,273] {dag.py:2306} INFO - Setting next_dagrun for tutorial to 2021-07-14 00:00:00+00:00
[2021-07-16 03:32:07,285] {scheduler_job.py:190} INFO - Processing /home/karuturihemanth/airflow_env/lib/python3.9/site-packages/airflow/example_dags/tutorial.py took 0.054 seconds
[2021-07-16 03:32:48,275] {scheduler_job.py:182} INFO - Started process (PID=4352) to work on /home/karuturihemanth/airflow_env/lib/python3.9/site-packages/airflow/example_dags/tutorial.py
[2021-07-16 03:32:48,299] {scheduler_job.py:633} INFO - Processing file /home/karuturihemanth/airflow_env/lib/python3.9/site-packages/airflow/example_dags/tutorial.py for tasks to queue
[2021-07-16 03:32:48,299] {logging_mixin.py:104} INFO - [2021-07-16 03:32:48,299] {dagbag.py:496} INFO - Filling up the DagBag from /home/karuturihemanth/airflow_env/lib/python3.9/site-packages/airflow/example_dags/tutorial.py
[2021-07-16 03:32:48,663] {scheduler_job.py:643} INFO - DAG(s) dict_keys(['tutorial']) retrieved from /home/karuturihemanth/airflow_env/lib/python3.9/site-packages/airflow/example_dags/tutorial.py
[2021-07-16 03:32:48,712] {logging_mixin.py:104} INFO - [2021-07-16 03:32:48,712] {dag.py:1833} INFO - Sync 1 DAGs
[2021-07-16 03:32:48,723] {logging_mixin.py:104} INFO - [2021-07-16 03:32:48,723] {dag.py:2306} INFO - Setting next_dagrun for tutorial to 2021-07-14 00:00:00+00:00
[2021-07-16 03:32:48,930] {scheduler_job.py:190} INFO - Processing /home/karuturihemanth/airflow_env/lib/python3.9/site-packages/airflow/example_dags/tutorial.py took 0.658 seconds
[2021-07-16 03:33:41,540] {scheduler_job.py:182} INFO - Started process (PID=4647) to work on /home/karuturihemanth/airflow_env/lib/python3.9/site-packages/airflow/example_dags/tutorial.py
[2021-07-16 03:33:41,543] {scheduler_job.py:633} INFO - Processing file /home/karuturihemanth/airflow_env/lib/python3.9/site-packages/airflow/example_dags/tutorial.py for tasks to queue
[2021-07-16 03:33:41,543] {logging_mixin.py:104} INFO - [2021-07-16 03:33:41,543] {dagbag.py:496} INFO - Filling up the DagBag from /home/karuturihemanth/airflow_env/lib/python3.9/site-packages/airflow/example_dags/tutorial.py
[2021-07-16 03:33:41,558] {scheduler_job.py:643} INFO - DAG(s) dict_keys(['tutorial']) retrieved from /home/karuturihemanth/airflow_env/lib/python3.9/site-packages/airflow/example_dags/tutorial.py
[2021-07-16 03:33:41,576] {logging_mixin.py:104} INFO - [2021-07-16 03:33:41,576] {dag.py:1833} INFO - Sync 1 DAGs
[2021-07-16 03:33:41,590] {logging_mixin.py:104} INFO - [2021-07-16 03:33:41,589] {dag.py:2306} INFO - Setting next_dagrun for tutorial to 2021-07-14 00:00:00+00:00
[2021-07-16 03:33:41,615] {scheduler_job.py:190} INFO - Processing /home/karuturihemanth/airflow_env/lib/python3.9/site-packages/airflow/example_dags/tutorial.py took 0.083 seconds
[2021-07-16 03:34:18,224] {scheduler_job.py:182} INFO - Started process (PID=4682) to work on /home/karuturihemanth/airflow_env/lib/python3.9/site-packages/airflow/example_dags/tutorial.py
[2021-07-16 03:34:18,225] {scheduler_job.py:633} INFO - Processing file /home/karuturihemanth/airflow_env/lib/python3.9/site-packages/airflow/example_dags/tutorial.py for tasks to queue
[2021-07-16 03:34:18,226] {logging_mixin.py:104} INFO - [2021-07-16 03:34:18,226] {dagbag.py:496} INFO - Filling up the DagBag from /home/karuturihemanth/airflow_env/lib/python3.9/site-packages/airflow/example_dags/tutorial.py
[2021-07-16 03:34:18,236] {scheduler_job.py:643} INFO - DAG(s) dict_keys(['tutorial']) retrieved from /home/karuturihemanth/airflow_env/lib/python3.9/site-packages/airflow/example_dags/tutorial.py
[2021-07-16 03:34:18,250] {logging_mixin.py:104} INFO - [2021-07-16 03:34:18,250] {dag.py:1833} INFO - Sync 1 DAGs
[2021-07-16 03:34:18,259] {logging_mixin.py:104} INFO - [2021-07-16 03:34:18,259] {dag.py:2306} INFO - Setting next_dagrun for tutorial to 2021-07-14 00:00:00+00:00
[2021-07-16 03:34:18,270] {scheduler_job.py:190} INFO - Processing /home/karuturihemanth/airflow_env/lib/python3.9/site-packages/airflow/example_dags/tutorial.py took 0.050 seconds
[2021-07-16 03:34:51,457] {scheduler_job.py:182} INFO - Started process (PID=4770) to work on /home/karuturihemanth/airflow_env/lib/python3.9/site-packages/airflow/example_dags/tutorial.py
[2021-07-16 03:34:51,459] {scheduler_job.py:633} INFO - Processing file /home/karuturihemanth/airflow_env/lib/python3.9/site-packages/airflow/example_dags/tutorial.py for tasks to queue
[2021-07-16 03:34:51,460] {logging_mixin.py:104} INFO - [2021-07-16 03:34:51,460] {dagbag.py:496} INFO - Filling up the DagBag from /home/karuturihemanth/airflow_env/lib/python3.9/site-packages/airflow/example_dags/tutorial.py
[2021-07-16 03:34:51,471] {scheduler_job.py:643} INFO - DAG(s) dict_keys(['tutorial']) retrieved from /home/karuturihemanth/airflow_env/lib/python3.9/site-packages/airflow/example_dags/tutorial.py
[2021-07-16 03:34:51,485] {logging_mixin.py:104} INFO - [2021-07-16 03:34:51,485] {dag.py:1833} INFO - Sync 1 DAGs
[2021-07-16 03:34:51,495] {logging_mixin.py:104} INFO - [2021-07-16 03:34:51,495] {dag.py:2306} INFO - Setting next_dagrun for tutorial to 2021-07-14 00:00:00+00:00
[2021-07-16 03:34:51,507] {scheduler_job.py:190} INFO - Processing /home/karuturihemanth/airflow_env/lib/python3.9/site-packages/airflow/example_dags/tutorial.py took 0.053 seconds
[2021-07-16 03:35:26,613] {scheduler_job.py:182} INFO - Started process (PID=4875) to work on /home/karuturihemanth/airflow_env/lib/python3.9/site-packages/airflow/example_dags/tutorial.py
[2021-07-16 03:35:26,615] {scheduler_job.py:633} INFO - Processing file /home/karuturihemanth/airflow_env/lib/python3.9/site-packages/airflow/example_dags/tutorial.py for tasks to queue
[2021-07-16 03:35:26,616] {logging_mixin.py:104} INFO - [2021-07-16 03:35:26,616] {dagbag.py:496} INFO - Filling up the DagBag from /home/karuturihemanth/airflow_env/lib/python3.9/site-packages/airflow/example_dags/tutorial.py
[2021-07-16 03:35:26,633] {scheduler_job.py:643} INFO - DAG(s) dict_keys(['tutorial']) retrieved from /home/karuturihemanth/airflow_env/lib/python3.9/site-packages/airflow/example_dags/tutorial.py
[2021-07-16 03:35:26,652] {logging_mixin.py:104} INFO - [2021-07-16 03:35:26,652] {dag.py:1833} INFO - Sync 1 DAGs
[2021-07-16 03:35:26,666] {logging_mixin.py:104} INFO - [2021-07-16 03:35:26,665] {dag.py:2306} INFO - Setting next_dagrun for tutorial to 2021-07-14 00:00:00+00:00
[2021-07-16 03:35:26,684] {scheduler_job.py:190} INFO - Processing /home/karuturihemanth/airflow_env/lib/python3.9/site-packages/airflow/example_dags/tutorial.py took 0.074 seconds
[2021-07-16 03:35:57,494] {scheduler_job.py:182} INFO - Started process (PID=5019) to work on /home/karuturihemanth/airflow_env/lib/python3.9/site-packages/airflow/example_dags/tutorial.py
[2021-07-16 03:35:57,497] {scheduler_job.py:633} INFO - Processing file /home/karuturihemanth/airflow_env/lib/python3.9/site-packages/airflow/example_dags/tutorial.py for tasks to queue
[2021-07-16 03:35:57,497] {logging_mixin.py:104} INFO - [2021-07-16 03:35:57,497] {dagbag.py:496} INFO - Filling up the DagBag from /home/karuturihemanth/airflow_env/lib/python3.9/site-packages/airflow/example_dags/tutorial.py
[2021-07-16 03:35:57,512] {scheduler_job.py:643} INFO - DAG(s) dict_keys(['tutorial']) retrieved from /home/karuturihemanth/airflow_env/lib/python3.9/site-packages/airflow/example_dags/tutorial.py
[2021-07-16 03:35:57,532] {logging_mixin.py:104} INFO - [2021-07-16 03:35:57,532] {dag.py:1833} INFO - Sync 1 DAGs
[2021-07-16 03:35:57,547] {logging_mixin.py:104} INFO - [2021-07-16 03:35:57,546] {dag.py:2306} INFO - Setting next_dagrun for tutorial to 2021-07-14 00:00:00+00:00
[2021-07-16 03:35:57,563] {scheduler_job.py:190} INFO - Processing /home/karuturihemanth/airflow_env/lib/python3.9/site-packages/airflow/example_dags/tutorial.py took 0.073 seconds
[2021-07-16 03:36:30,839] {scheduler_job.py:182} INFO - Started process (PID=5080) to work on /home/karuturihemanth/airflow_env/lib/python3.9/site-packages/airflow/example_dags/tutorial.py
[2021-07-16 03:36:30,841] {scheduler_job.py:633} INFO - Processing file /home/karuturihemanth/airflow_env/lib/python3.9/site-packages/airflow/example_dags/tutorial.py for tasks to queue
[2021-07-16 03:36:30,842] {logging_mixin.py:104} INFO - [2021-07-16 03:36:30,842] {dagbag.py:496} INFO - Filling up the DagBag from /home/karuturihemanth/airflow_env/lib/python3.9/site-packages/airflow/example_dags/tutorial.py
[2021-07-16 03:36:30,853] {scheduler_job.py:643} INFO - DAG(s) dict_keys(['tutorial']) retrieved from /home/karuturihemanth/airflow_env/lib/python3.9/site-packages/airflow/example_dags/tutorial.py
[2021-07-16 03:36:30,868] {logging_mixin.py:104} INFO - [2021-07-16 03:36:30,868] {dag.py:1833} INFO - Sync 1 DAGs
[2021-07-16 03:36:30,878] {logging_mixin.py:104} INFO - [2021-07-16 03:36:30,878] {dag.py:2306} INFO - Setting next_dagrun for tutorial to 2021-07-14 00:00:00+00:00
[2021-07-16 03:36:30,891] {scheduler_job.py:190} INFO - Processing /home/karuturihemanth/airflow_env/lib/python3.9/site-packages/airflow/example_dags/tutorial.py took 0.054 seconds
[2021-07-16 03:37:04,657] {scheduler_job.py:182} INFO - Started process (PID=5113) to work on /home/karuturihemanth/airflow_env/lib/python3.9/site-packages/airflow/example_dags/tutorial.py
[2021-07-16 03:37:04,658] {scheduler_job.py:633} INFO - Processing file /home/karuturihemanth/airflow_env/lib/python3.9/site-packages/airflow/example_dags/tutorial.py for tasks to queue
[2021-07-16 03:37:04,659] {logging_mixin.py:104} INFO - [2021-07-16 03:37:04,659] {dagbag.py:496} INFO - Filling up the DagBag from /home/karuturihemanth/airflow_env/lib/python3.9/site-packages/airflow/example_dags/tutorial.py
[2021-07-16 03:37:04,671] {scheduler_job.py:643} INFO - DAG(s) dict_keys(['tutorial']) retrieved from /home/karuturihemanth/airflow_env/lib/python3.9/site-packages/airflow/example_dags/tutorial.py
[2021-07-16 03:37:04,686] {logging_mixin.py:104} INFO - [2021-07-16 03:37:04,685] {dag.py:1833} INFO - Sync 1 DAGs
[2021-07-16 03:37:04,695] {logging_mixin.py:104} INFO - [2021-07-16 03:37:04,695] {dag.py:2306} INFO - Setting next_dagrun for tutorial to 2021-07-14 00:00:00+00:00
[2021-07-16 03:37:04,708] {scheduler_job.py:190} INFO - Processing /home/karuturihemanth/airflow_env/lib/python3.9/site-packages/airflow/example_dags/tutorial.py took 0.054 seconds
[2021-07-16 03:37:37,039] {scheduler_job.py:182} INFO - Started process (PID=5145) to work on /home/karuturihemanth/airflow_env/lib/python3.9/site-packages/airflow/example_dags/tutorial.py
[2021-07-16 03:37:37,040] {scheduler_job.py:633} INFO - Processing file /home/karuturihemanth/airflow_env/lib/python3.9/site-packages/airflow/example_dags/tutorial.py for tasks to queue
[2021-07-16 03:37:37,041] {logging_mixin.py:104} INFO - [2021-07-16 03:37:37,041] {dagbag.py:496} INFO - Filling up the DagBag from /home/karuturihemanth/airflow_env/lib/python3.9/site-packages/airflow/example_dags/tutorial.py
[2021-07-16 03:37:37,053] {scheduler_job.py:643} INFO - DAG(s) dict_keys(['tutorial']) retrieved from /home/karuturihemanth/airflow_env/lib/python3.9/site-packages/airflow/example_dags/tutorial.py
[2021-07-16 03:37:37,067] {logging_mixin.py:104} INFO - [2021-07-16 03:37:37,067] {dag.py:1833} INFO - Sync 1 DAGs
[2021-07-16 03:37:37,077] {logging_mixin.py:104} INFO - [2021-07-16 03:37:37,077] {dag.py:2306} INFO - Setting next_dagrun for tutorial to 2021-07-14 00:00:00+00:00
[2021-07-16 03:37:37,090] {scheduler_job.py:190} INFO - Processing /home/karuturihemanth/airflow_env/lib/python3.9/site-packages/airflow/example_dags/tutorial.py took 0.054 seconds
[2021-07-16 03:38:09,981] {scheduler_job.py:182} INFO - Started process (PID=5180) to work on /home/karuturihemanth/airflow_env/lib/python3.9/site-packages/airflow/example_dags/tutorial.py
[2021-07-16 03:38:09,983] {scheduler_job.py:633} INFO - Processing file /home/karuturihemanth/airflow_env/lib/python3.9/site-packages/airflow/example_dags/tutorial.py for tasks to queue
[2021-07-16 03:38:09,984] {logging_mixin.py:104} INFO - [2021-07-16 03:38:09,984] {dagbag.py:496} INFO - Filling up the DagBag from /home/karuturihemanth/airflow_env/lib/python3.9/site-packages/airflow/example_dags/tutorial.py
[2021-07-16 03:38:09,994] {scheduler_job.py:643} INFO - DAG(s) dict_keys(['tutorial']) retrieved from /home/karuturihemanth/airflow_env/lib/python3.9/site-packages/airflow/example_dags/tutorial.py
[2021-07-16 03:38:10,008] {logging_mixin.py:104} INFO - [2021-07-16 03:38:10,008] {dag.py:1833} INFO - Sync 1 DAGs
[2021-07-16 03:38:10,019] {logging_mixin.py:104} INFO - [2021-07-16 03:38:10,019] {dag.py:2306} INFO - Setting next_dagrun for tutorial to 2021-07-14 00:00:00+00:00
[2021-07-16 03:38:10,032] {scheduler_job.py:190} INFO - Processing /home/karuturihemanth/airflow_env/lib/python3.9/site-packages/airflow/example_dags/tutorial.py took 0.054 seconds
[2021-07-16 03:38:46,823] {scheduler_job.py:182} INFO - Started process (PID=5215) to work on /home/karuturihemanth/airflow_env/lib/python3.9/site-packages/airflow/example_dags/tutorial.py
[2021-07-16 03:38:46,824] {scheduler_job.py:633} INFO - Processing file /home/karuturihemanth/airflow_env/lib/python3.9/site-packages/airflow/example_dags/tutorial.py for tasks to queue
[2021-07-16 03:38:46,824] {logging_mixin.py:104} INFO - [2021-07-16 03:38:46,824] {dagbag.py:496} INFO - Filling up the DagBag from /home/karuturihemanth/airflow_env/lib/python3.9/site-packages/airflow/example_dags/tutorial.py
[2021-07-16 03:38:46,835] {scheduler_job.py:643} INFO - DAG(s) dict_keys(['tutorial']) retrieved from /home/karuturihemanth/airflow_env/lib/python3.9/site-packages/airflow/example_dags/tutorial.py
[2021-07-16 03:38:46,848] {logging_mixin.py:104} INFO - [2021-07-16 03:38:46,848] {dag.py:1833} INFO - Sync 1 DAGs
[2021-07-16 03:38:46,858] {logging_mixin.py:104} INFO - [2021-07-16 03:38:46,858] {dag.py:2306} INFO - Setting next_dagrun for tutorial to 2021-07-14 00:00:00+00:00
[2021-07-16 03:38:46,871] {scheduler_job.py:190} INFO - Processing /home/karuturihemanth/airflow_env/lib/python3.9/site-packages/airflow/example_dags/tutorial.py took 0.051 seconds
[2021-07-16 03:39:21,646] {scheduler_job.py:182} INFO - Started process (PID=5250) to work on /home/karuturihemanth/airflow_env/lib/python3.9/site-packages/airflow/example_dags/tutorial.py
[2021-07-16 03:39:21,647] {scheduler_job.py:633} INFO - Processing file /home/karuturihemanth/airflow_env/lib/python3.9/site-packages/airflow/example_dags/tutorial.py for tasks to queue
[2021-07-16 03:39:21,647] {logging_mixin.py:104} INFO - [2021-07-16 03:39:21,647] {dagbag.py:496} INFO - Filling up the DagBag from /home/karuturihemanth/airflow_env/lib/python3.9/site-packages/airflow/example_dags/tutorial.py
[2021-07-16 03:39:21,657] {scheduler_job.py:643} INFO - DAG(s) dict_keys(['tutorial']) retrieved from /home/karuturihemanth/airflow_env/lib/python3.9/site-packages/airflow/example_dags/tutorial.py
[2021-07-16 03:39:21,670] {logging_mixin.py:104} INFO - [2021-07-16 03:39:21,670] {dag.py:1833} INFO - Sync 1 DAGs
[2021-07-16 03:39:21,680] {logging_mixin.py:104} INFO - [2021-07-16 03:39:21,680] {dag.py:2306} INFO - Setting next_dagrun for tutorial to 2021-07-14 00:00:00+00:00
[2021-07-16 03:39:21,692] {scheduler_job.py:190} INFO - Processing /home/karuturihemanth/airflow_env/lib/python3.9/site-packages/airflow/example_dags/tutorial.py took 0.050 seconds
[2021-07-16 03:39:56,433] {scheduler_job.py:182} INFO - Started process (PID=5285) to work on /home/karuturihemanth/airflow_env/lib/python3.9/site-packages/airflow/example_dags/tutorial.py
[2021-07-16 03:39:56,434] {scheduler_job.py:633} INFO - Processing file /home/karuturihemanth/airflow_env/lib/python3.9/site-packages/airflow/example_dags/tutorial.py for tasks to queue
[2021-07-16 03:39:56,435] {logging_mixin.py:104} INFO - [2021-07-16 03:39:56,435] {dagbag.py:496} INFO - Filling up the DagBag from /home/karuturihemanth/airflow_env/lib/python3.9/site-packages/airflow/example_dags/tutorial.py
[2021-07-16 03:39:56,445] {scheduler_job.py:643} INFO - DAG(s) dict_keys(['tutorial']) retrieved from /home/karuturihemanth/airflow_env/lib/python3.9/site-packages/airflow/example_dags/tutorial.py
[2021-07-16 03:39:56,459] {logging_mixin.py:104} INFO - [2021-07-16 03:39:56,458] {dag.py:1833} INFO - Sync 1 DAGs
[2021-07-16 03:39:56,468] {logging_mixin.py:104} INFO - [2021-07-16 03:39:56,468] {dag.py:2306} INFO - Setting next_dagrun for tutorial to 2021-07-14 00:00:00+00:00
[2021-07-16 03:39:56,481] {scheduler_job.py:190} INFO - Processing /home/karuturihemanth/airflow_env/lib/python3.9/site-packages/airflow/example_dags/tutorial.py took 0.051 seconds
[2021-07-16 03:40:28,365] {scheduler_job.py:182} INFO - Started process (PID=5316) to work on /home/karuturihemanth/airflow_env/lib/python3.9/site-packages/airflow/example_dags/tutorial.py
[2021-07-16 03:40:28,366] {scheduler_job.py:633} INFO - Processing file /home/karuturihemanth/airflow_env/lib/python3.9/site-packages/airflow/example_dags/tutorial.py for tasks to queue
[2021-07-16 03:40:28,367] {logging_mixin.py:104} INFO - [2021-07-16 03:40:28,367] {dagbag.py:496} INFO - Filling up the DagBag from /home/karuturihemanth/airflow_env/lib/python3.9/site-packages/airflow/example_dags/tutorial.py
[2021-07-16 03:40:28,380] {scheduler_job.py:643} INFO - DAG(s) dict_keys(['tutorial']) retrieved from /home/karuturihemanth/airflow_env/lib/python3.9/site-packages/airflow/example_dags/tutorial.py
[2021-07-16 03:40:28,396] {logging_mixin.py:104} INFO - [2021-07-16 03:40:28,396] {dag.py:1833} INFO - Sync 1 DAGs
[2021-07-16 03:40:28,408] {logging_mixin.py:104} INFO - [2021-07-16 03:40:28,408] {dag.py:2306} INFO - Setting next_dagrun for tutorial to 2021-07-14 00:00:00+00:00
[2021-07-16 03:40:28,422] {scheduler_job.py:190} INFO - Processing /home/karuturihemanth/airflow_env/lib/python3.9/site-packages/airflow/example_dags/tutorial.py took 0.061 seconds
[2021-07-16 03:41:03,342] {scheduler_job.py:182} INFO - Started process (PID=5351) to work on /home/karuturihemanth/airflow_env/lib/python3.9/site-packages/airflow/example_dags/tutorial.py
[2021-07-16 03:41:03,344] {scheduler_job.py:633} INFO - Processing file /home/karuturihemanth/airflow_env/lib/python3.9/site-packages/airflow/example_dags/tutorial.py for tasks to queue
[2021-07-16 03:41:03,344] {logging_mixin.py:104} INFO - [2021-07-16 03:41:03,344] {dagbag.py:496} INFO - Filling up the DagBag from /home/karuturihemanth/airflow_env/lib/python3.9/site-packages/airflow/example_dags/tutorial.py
[2021-07-16 03:41:03,356] {scheduler_job.py:643} INFO - DAG(s) dict_keys(['tutorial']) retrieved from /home/karuturihemanth/airflow_env/lib/python3.9/site-packages/airflow/example_dags/tutorial.py
[2021-07-16 03:41:03,370] {logging_mixin.py:104} INFO - [2021-07-16 03:41:03,370] {dag.py:1833} INFO - Sync 1 DAGs
[2021-07-16 03:41:03,380] {logging_mixin.py:104} INFO - [2021-07-16 03:41:03,380] {dag.py:2306} INFO - Setting next_dagrun for tutorial to 2021-07-14 00:00:00+00:00
[2021-07-16 03:41:03,393] {scheduler_job.py:190} INFO - Processing /home/karuturihemanth/airflow_env/lib/python3.9/site-packages/airflow/example_dags/tutorial.py took 0.054 seconds
[2021-07-16 03:41:36,057] {scheduler_job.py:182} INFO - Started process (PID=5383) to work on /home/karuturihemanth/airflow_env/lib/python3.9/site-packages/airflow/example_dags/tutorial.py
[2021-07-16 03:41:36,058] {scheduler_job.py:633} INFO - Processing file /home/karuturihemanth/airflow_env/lib/python3.9/site-packages/airflow/example_dags/tutorial.py for tasks to queue
[2021-07-16 03:41:36,059] {logging_mixin.py:104} INFO - [2021-07-16 03:41:36,059] {dagbag.py:496} INFO - Filling up the DagBag from /home/karuturihemanth/airflow_env/lib/python3.9/site-packages/airflow/example_dags/tutorial.py
[2021-07-16 03:41:36,069] {scheduler_job.py:643} INFO - DAG(s) dict_keys(['tutorial']) retrieved from /home/karuturihemanth/airflow_env/lib/python3.9/site-packages/airflow/example_dags/tutorial.py
[2021-07-16 03:41:36,082] {logging_mixin.py:104} INFO - [2021-07-16 03:41:36,082] {dag.py:1833} INFO - Sync 1 DAGs
[2021-07-16 03:41:36,092] {logging_mixin.py:104} INFO - [2021-07-16 03:41:36,091] {dag.py:2306} INFO - Setting next_dagrun for tutorial to 2021-07-14 00:00:00+00:00
[2021-07-16 03:41:36,104] {scheduler_job.py:190} INFO - Processing /home/karuturihemanth/airflow_env/lib/python3.9/site-packages/airflow/example_dags/tutorial.py took 0.050 seconds
[2021-07-16 03:51:26,706] {scheduler_job.py:182} INFO - Started process (PID=5592) to work on /home/karuturihemanth/airflow_env/lib/python3.9/site-packages/airflow/example_dags/tutorial.py
[2021-07-16 03:51:26,707] {scheduler_job.py:633} INFO - Processing file /home/karuturihemanth/airflow_env/lib/python3.9/site-packages/airflow/example_dags/tutorial.py for tasks to queue
[2021-07-16 03:51:26,707] {logging_mixin.py:104} INFO - [2021-07-16 03:51:26,707] {dagbag.py:496} INFO - Filling up the DagBag from /home/karuturihemanth/airflow_env/lib/python3.9/site-packages/airflow/example_dags/tutorial.py
[2021-07-16 03:51:26,718] {scheduler_job.py:643} INFO - DAG(s) dict_keys(['tutorial']) retrieved from /home/karuturihemanth/airflow_env/lib/python3.9/site-packages/airflow/example_dags/tutorial.py
[2021-07-16 03:51:27,410] {logging_mixin.py:104} INFO - [2021-07-16 03:51:27,410] {dag.py:1833} INFO - Sync 1 DAGs
[2021-07-16 03:51:27,518] {logging_mixin.py:104} INFO - [2021-07-16 03:51:27,518] {dag.py:2306} INFO - Setting next_dagrun for tutorial to 2021-07-14 00:00:00+00:00
[2021-07-16 03:51:27,745] {scheduler_job.py:190} INFO - Processing /home/karuturihemanth/airflow_env/lib/python3.9/site-packages/airflow/example_dags/tutorial.py took 1.043 seconds
[2021-07-16 03:53:23,046] {scheduler_job.py:182} INFO - Started process (PID=5786) to work on /home/karuturihemanth/airflow_env/lib/python3.9/site-packages/airflow/example_dags/tutorial.py
[2021-07-16 03:53:23,055] {scheduler_job.py:633} INFO - Processing file /home/karuturihemanth/airflow_env/lib/python3.9/site-packages/airflow/example_dags/tutorial.py for tasks to queue
[2021-07-16 03:53:23,056] {logging_mixin.py:104} INFO - [2021-07-16 03:53:23,056] {dagbag.py:496} INFO - Filling up the DagBag from /home/karuturihemanth/airflow_env/lib/python3.9/site-packages/airflow/example_dags/tutorial.py
[2021-07-16 03:53:23,090] {scheduler_job.py:643} INFO - DAG(s) dict_keys(['tutorial']) retrieved from /home/karuturihemanth/airflow_env/lib/python3.9/site-packages/airflow/example_dags/tutorial.py
[2021-07-16 03:53:23,767] {logging_mixin.py:104} INFO - [2021-07-16 03:53:23,767] {dag.py:1833} INFO - Sync 1 DAGs
[2021-07-16 03:53:23,874] {logging_mixin.py:104} INFO - [2021-07-16 03:53:23,874] {dag.py:2306} INFO - Setting next_dagrun for tutorial to 2021-07-14 00:00:00+00:00
[2021-07-16 03:53:24,097] {scheduler_job.py:190} INFO - Processing /home/karuturihemanth/airflow_env/lib/python3.9/site-packages/airflow/example_dags/tutorial.py took 1.060 seconds
[2021-07-16 10:00:17,806] {scheduler_job.py:182} INFO - Started process (PID=1116) to work on /home/karuturihemanth/airflow_env/lib/python3.9/site-packages/airflow/example_dags/tutorial.py
[2021-07-16 10:00:17,808] {scheduler_job.py:633} INFO - Processing file /home/karuturihemanth/airflow_env/lib/python3.9/site-packages/airflow/example_dags/tutorial.py for tasks to queue
[2021-07-16 10:00:17,808] {logging_mixin.py:104} INFO - [2021-07-16 10:00:17,808] {dagbag.py:496} INFO - Filling up the DagBag from /home/karuturihemanth/airflow_env/lib/python3.9/site-packages/airflow/example_dags/tutorial.py
[2021-07-16 10:00:17,819] {scheduler_job.py:643} INFO - DAG(s) dict_keys(['tutorial']) retrieved from /home/karuturihemanth/airflow_env/lib/python3.9/site-packages/airflow/example_dags/tutorial.py
[2021-07-16 10:00:18,477] {logging_mixin.py:104} INFO - [2021-07-16 10:00:18,477] {dag.py:1833} INFO - Sync 1 DAGs
[2021-07-16 10:00:18,579] {logging_mixin.py:104} INFO - [2021-07-16 10:00:18,579] {dag.py:2306} INFO - Setting next_dagrun for tutorial to 2021-07-14 00:00:00+00:00
[2021-07-16 10:00:18,797] {scheduler_job.py:190} INFO - Processing /home/karuturihemanth/airflow_env/lib/python3.9/site-packages/airflow/example_dags/tutorial.py took 0.994 seconds
[2021-07-16 10:00:49,717] {scheduler_job.py:182} INFO - Started process (PID=1283) to work on /home/karuturihemanth/airflow_env/lib/python3.9/site-packages/airflow/example_dags/tutorial.py
[2021-07-16 10:00:49,718] {scheduler_job.py:633} INFO - Processing file /home/karuturihemanth/airflow_env/lib/python3.9/site-packages/airflow/example_dags/tutorial.py for tasks to queue
[2021-07-16 10:00:49,718] {logging_mixin.py:104} INFO - [2021-07-16 10:00:49,718] {dagbag.py:496} INFO - Filling up the DagBag from /home/karuturihemanth/airflow_env/lib/python3.9/site-packages/airflow/example_dags/tutorial.py
[2021-07-16 10:00:49,727] {scheduler_job.py:643} INFO - DAG(s) dict_keys(['tutorial']) retrieved from /home/karuturihemanth/airflow_env/lib/python3.9/site-packages/airflow/example_dags/tutorial.py
[2021-07-16 10:00:50,400] {logging_mixin.py:104} INFO - [2021-07-16 10:00:50,400] {dag.py:1833} INFO - Sync 1 DAGs
[2021-07-16 10:00:50,506] {logging_mixin.py:104} INFO - [2021-07-16 10:00:50,506] {dag.py:2306} INFO - Setting next_dagrun for tutorial to 2021-07-14 00:00:00+00:00
[2021-07-16 10:00:50,732] {scheduler_job.py:190} INFO - Processing /home/karuturihemanth/airflow_env/lib/python3.9/site-packages/airflow/example_dags/tutorial.py took 1.018 seconds
[2021-07-16 10:01:21,828] {scheduler_job.py:182} INFO - Started process (PID=1449) to work on /home/karuturihemanth/airflow_env/lib/python3.9/site-packages/airflow/example_dags/tutorial.py
[2021-07-16 10:01:21,829] {scheduler_job.py:633} INFO - Processing file /home/karuturihemanth/airflow_env/lib/python3.9/site-packages/airflow/example_dags/tutorial.py for tasks to queue
[2021-07-16 10:01:21,829] {logging_mixin.py:104} INFO - [2021-07-16 10:01:21,829] {dagbag.py:496} INFO - Filling up the DagBag from /home/karuturihemanth/airflow_env/lib/python3.9/site-packages/airflow/example_dags/tutorial.py
[2021-07-16 10:01:21,839] {scheduler_job.py:643} INFO - DAG(s) dict_keys(['tutorial']) retrieved from /home/karuturihemanth/airflow_env/lib/python3.9/site-packages/airflow/example_dags/tutorial.py
[2021-07-16 10:01:22,517] {logging_mixin.py:104} INFO - [2021-07-16 10:01:22,517] {dag.py:1833} INFO - Sync 1 DAGs
[2021-07-16 10:01:22,618] {logging_mixin.py:104} INFO - [2021-07-16 10:01:22,618] {dag.py:2306} INFO - Setting next_dagrun for tutorial to 2021-07-14 00:00:00+00:00
[2021-07-16 10:01:22,841] {scheduler_job.py:190} INFO - Processing /home/karuturihemanth/airflow_env/lib/python3.9/site-packages/airflow/example_dags/tutorial.py took 1.016 seconds
[2021-07-16 10:01:53,483] {scheduler_job.py:182} INFO - Started process (PID=1628) to work on /home/karuturihemanth/airflow_env/lib/python3.9/site-packages/airflow/example_dags/tutorial.py
[2021-07-16 10:01:53,484] {scheduler_job.py:633} INFO - Processing file /home/karuturihemanth/airflow_env/lib/python3.9/site-packages/airflow/example_dags/tutorial.py for tasks to queue
[2021-07-16 10:01:53,485] {logging_mixin.py:104} INFO - [2021-07-16 10:01:53,485] {dagbag.py:496} INFO - Filling up the DagBag from /home/karuturihemanth/airflow_env/lib/python3.9/site-packages/airflow/example_dags/tutorial.py
[2021-07-16 10:01:53,494] {scheduler_job.py:643} INFO - DAG(s) dict_keys(['tutorial']) retrieved from /home/karuturihemanth/airflow_env/lib/python3.9/site-packages/airflow/example_dags/tutorial.py
[2021-07-16 10:01:54,154] {logging_mixin.py:104} INFO - [2021-07-16 10:01:54,153] {dag.py:1833} INFO - Sync 1 DAGs
[2021-07-16 10:01:54,257] {logging_mixin.py:104} INFO - [2021-07-16 10:01:54,257] {dag.py:2306} INFO - Setting next_dagrun for tutorial to 2021-07-14 00:00:00+00:00
[2021-07-16 10:01:54,479] {scheduler_job.py:190} INFO - Processing /home/karuturihemanth/airflow_env/lib/python3.9/site-packages/airflow/example_dags/tutorial.py took 0.999 seconds
[2021-07-16 10:02:25,552] {scheduler_job.py:182} INFO - Started process (PID=1803) to work on /home/karuturihemanth/airflow_env/lib/python3.9/site-packages/airflow/example_dags/tutorial.py
[2021-07-16 10:02:25,553] {scheduler_job.py:633} INFO - Processing file /home/karuturihemanth/airflow_env/lib/python3.9/site-packages/airflow/example_dags/tutorial.py for tasks to queue
[2021-07-16 10:02:25,554] {logging_mixin.py:104} INFO - [2021-07-16 10:02:25,554] {dagbag.py:496} INFO - Filling up the DagBag from /home/karuturihemanth/airflow_env/lib/python3.9/site-packages/airflow/example_dags/tutorial.py
[2021-07-16 10:02:25,564] {scheduler_job.py:643} INFO - DAG(s) dict_keys(['tutorial']) retrieved from /home/karuturihemanth/airflow_env/lib/python3.9/site-packages/airflow/example_dags/tutorial.py
[2021-07-16 10:02:26,220] {logging_mixin.py:104} INFO - [2021-07-16 10:02:26,220] {dag.py:1833} INFO - Sync 1 DAGs
[2021-07-16 10:02:26,325] {logging_mixin.py:104} INFO - [2021-07-16 10:02:26,324] {dag.py:2306} INFO - Setting next_dagrun for tutorial to 2021-07-14 00:00:00+00:00
[2021-07-16 10:02:26,545] {scheduler_job.py:190} INFO - Processing /home/karuturihemanth/airflow_env/lib/python3.9/site-packages/airflow/example_dags/tutorial.py took 0.996 seconds
[2021-07-16 10:02:57,198] {scheduler_job.py:182} INFO - Started process (PID=1970) to work on /home/karuturihemanth/airflow_env/lib/python3.9/site-packages/airflow/example_dags/tutorial.py
[2021-07-16 10:02:57,199] {scheduler_job.py:633} INFO - Processing file /home/karuturihemanth/airflow_env/lib/python3.9/site-packages/airflow/example_dags/tutorial.py for tasks to queue
[2021-07-16 10:02:57,199] {logging_mixin.py:104} INFO - [2021-07-16 10:02:57,199] {dagbag.py:496} INFO - Filling up the DagBag from /home/karuturihemanth/airflow_env/lib/python3.9/site-packages/airflow/example_dags/tutorial.py
[2021-07-16 10:02:57,210] {scheduler_job.py:643} INFO - DAG(s) dict_keys(['tutorial']) retrieved from /home/karuturihemanth/airflow_env/lib/python3.9/site-packages/airflow/example_dags/tutorial.py
[2021-07-16 10:02:57,856] {logging_mixin.py:104} INFO - [2021-07-16 10:02:57,856] {dag.py:1833} INFO - Sync 1 DAGs
[2021-07-16 10:02:57,957] {logging_mixin.py:104} INFO - [2021-07-16 10:02:57,957] {dag.py:2306} INFO - Setting next_dagrun for tutorial to 2021-07-14 00:00:00+00:00
[2021-07-16 10:02:58,172] {scheduler_job.py:190} INFO - Processing /home/karuturihemanth/airflow_env/lib/python3.9/site-packages/airflow/example_dags/tutorial.py took 0.977 seconds
[2021-07-16 10:03:28,801] {scheduler_job.py:182} INFO - Started process (PID=2140) to work on /home/karuturihemanth/airflow_env/lib/python3.9/site-packages/airflow/example_dags/tutorial.py
[2021-07-16 10:03:28,802] {scheduler_job.py:633} INFO - Processing file /home/karuturihemanth/airflow_env/lib/python3.9/site-packages/airflow/example_dags/tutorial.py for tasks to queue
[2021-07-16 10:03:28,802] {logging_mixin.py:104} INFO - [2021-07-16 10:03:28,802] {dagbag.py:496} INFO - Filling up the DagBag from /home/karuturihemanth/airflow_env/lib/python3.9/site-packages/airflow/example_dags/tutorial.py
[2021-07-16 10:03:28,814] {scheduler_job.py:643} INFO - DAG(s) dict_keys(['tutorial']) retrieved from /home/karuturihemanth/airflow_env/lib/python3.9/site-packages/airflow/example_dags/tutorial.py
[2021-07-16 10:03:29,481] {logging_mixin.py:104} INFO - [2021-07-16 10:03:29,481] {dag.py:1833} INFO - Sync 1 DAGs
[2021-07-16 10:03:29,584] {logging_mixin.py:104} INFO - [2021-07-16 10:03:29,584] {dag.py:2306} INFO - Setting next_dagrun for tutorial to 2021-07-14 00:00:00+00:00
[2021-07-16 10:03:29,806] {scheduler_job.py:190} INFO - Processing /home/karuturihemanth/airflow_env/lib/python3.9/site-packages/airflow/example_dags/tutorial.py took 1.009 seconds
[2021-07-16 10:04:00,785] {scheduler_job.py:182} INFO - Started process (PID=2307) to work on /home/karuturihemanth/airflow_env/lib/python3.9/site-packages/airflow/example_dags/tutorial.py
[2021-07-16 10:04:00,786] {scheduler_job.py:633} INFO - Processing file /home/karuturihemanth/airflow_env/lib/python3.9/site-packages/airflow/example_dags/tutorial.py for tasks to queue
[2021-07-16 10:04:00,787] {logging_mixin.py:104} INFO - [2021-07-16 10:04:00,787] {dagbag.py:496} INFO - Filling up the DagBag from /home/karuturihemanth/airflow_env/lib/python3.9/site-packages/airflow/example_dags/tutorial.py
[2021-07-16 10:04:00,798] {scheduler_job.py:643} INFO - DAG(s) dict_keys(['tutorial']) retrieved from /home/karuturihemanth/airflow_env/lib/python3.9/site-packages/airflow/example_dags/tutorial.py
[2021-07-16 10:04:01,453] {logging_mixin.py:104} INFO - [2021-07-16 10:04:01,453] {dag.py:1833} INFO - Sync 1 DAGs
[2021-07-16 10:04:01,557] {logging_mixin.py:104} INFO - [2021-07-16 10:04:01,557] {dag.py:2306} INFO - Setting next_dagrun for tutorial to 2021-07-14 00:00:00+00:00
[2021-07-16 10:04:01,782] {scheduler_job.py:190} INFO - Processing /home/karuturihemanth/airflow_env/lib/python3.9/site-packages/airflow/example_dags/tutorial.py took 1.000 seconds
[2021-07-16 10:04:32,267] {scheduler_job.py:182} INFO - Started process (PID=2474) to work on /home/karuturihemanth/airflow_env/lib/python3.9/site-packages/airflow/example_dags/tutorial.py
[2021-07-16 10:04:32,268] {scheduler_job.py:633} INFO - Processing file /home/karuturihemanth/airflow_env/lib/python3.9/site-packages/airflow/example_dags/tutorial.py for tasks to queue
[2021-07-16 10:04:32,269] {logging_mixin.py:104} INFO - [2021-07-16 10:04:32,269] {dagbag.py:496} INFO - Filling up the DagBag from /home/karuturihemanth/airflow_env/lib/python3.9/site-packages/airflow/example_dags/tutorial.py
[2021-07-16 10:04:32,280] {scheduler_job.py:643} INFO - DAG(s) dict_keys(['tutorial']) retrieved from /home/karuturihemanth/airflow_env/lib/python3.9/site-packages/airflow/example_dags/tutorial.py
[2021-07-16 10:04:32,949] {logging_mixin.py:104} INFO - [2021-07-16 10:04:32,949] {dag.py:1833} INFO - Sync 1 DAGs
[2021-07-16 10:04:33,053] {logging_mixin.py:104} INFO - [2021-07-16 10:04:33,053] {dag.py:2306} INFO - Setting next_dagrun for tutorial to 2021-07-14 00:00:00+00:00
[2021-07-16 10:04:33,278] {scheduler_job.py:190} INFO - Processing /home/karuturihemanth/airflow_env/lib/python3.9/site-packages/airflow/example_dags/tutorial.py took 1.014 seconds
[2021-07-16 10:05:03,733] {scheduler_job.py:182} INFO - Started process (PID=2640) to work on /home/karuturihemanth/airflow_env/lib/python3.9/site-packages/airflow/example_dags/tutorial.py
[2021-07-16 10:05:03,734] {scheduler_job.py:633} INFO - Processing file /home/karuturihemanth/airflow_env/lib/python3.9/site-packages/airflow/example_dags/tutorial.py for tasks to queue
[2021-07-16 10:05:03,734] {logging_mixin.py:104} INFO - [2021-07-16 10:05:03,734] {dagbag.py:496} INFO - Filling up the DagBag from /home/karuturihemanth/airflow_env/lib/python3.9/site-packages/airflow/example_dags/tutorial.py
[2021-07-16 10:05:03,745] {scheduler_job.py:643} INFO - DAG(s) dict_keys(['tutorial']) retrieved from /home/karuturihemanth/airflow_env/lib/python3.9/site-packages/airflow/example_dags/tutorial.py
[2021-07-16 10:05:04,404] {logging_mixin.py:104} INFO - [2021-07-16 10:05:04,404] {dag.py:1833} INFO - Sync 1 DAGs
[2021-07-16 10:05:04,507] {logging_mixin.py:104} INFO - [2021-07-16 10:05:04,507] {dag.py:2306} INFO - Setting next_dagrun for tutorial to 2021-07-14 00:00:00+00:00
[2021-07-16 10:05:04,727] {scheduler_job.py:190} INFO - Processing /home/karuturihemanth/airflow_env/lib/python3.9/site-packages/airflow/example_dags/tutorial.py took 0.997 seconds
[2021-07-16 10:05:35,197] {scheduler_job.py:182} INFO - Started process (PID=2802) to work on /home/karuturihemanth/airflow_env/lib/python3.9/site-packages/airflow/example_dags/tutorial.py
[2021-07-16 10:05:35,198] {scheduler_job.py:633} INFO - Processing file /home/karuturihemanth/airflow_env/lib/python3.9/site-packages/airflow/example_dags/tutorial.py for tasks to queue
[2021-07-16 10:05:35,199] {logging_mixin.py:104} INFO - [2021-07-16 10:05:35,199] {dagbag.py:496} INFO - Filling up the DagBag from /home/karuturihemanth/airflow_env/lib/python3.9/site-packages/airflow/example_dags/tutorial.py
[2021-07-16 10:05:35,208] {scheduler_job.py:643} INFO - DAG(s) dict_keys(['tutorial']) retrieved from /home/karuturihemanth/airflow_env/lib/python3.9/site-packages/airflow/example_dags/tutorial.py
[2021-07-16 10:05:35,856] {logging_mixin.py:104} INFO - [2021-07-16 10:05:35,856] {dag.py:1833} INFO - Sync 1 DAGs
[2021-07-16 10:05:35,957] {logging_mixin.py:104} INFO - [2021-07-16 10:05:35,957] {dag.py:2306} INFO - Setting next_dagrun for tutorial to 2021-07-14 00:00:00+00:00
[2021-07-16 10:05:36,177] {scheduler_job.py:190} INFO - Processing /home/karuturihemanth/airflow_env/lib/python3.9/site-packages/airflow/example_dags/tutorial.py took 0.984 seconds
[2021-07-16 10:06:07,104] {scheduler_job.py:182} INFO - Started process (PID=2968) to work on /home/karuturihemanth/airflow_env/lib/python3.9/site-packages/airflow/example_dags/tutorial.py
[2021-07-16 10:06:07,105] {scheduler_job.py:633} INFO - Processing file /home/karuturihemanth/airflow_env/lib/python3.9/site-packages/airflow/example_dags/tutorial.py for tasks to queue
[2021-07-16 10:06:07,105] {logging_mixin.py:104} INFO - [2021-07-16 10:06:07,105] {dagbag.py:496} INFO - Filling up the DagBag from /home/karuturihemanth/airflow_env/lib/python3.9/site-packages/airflow/example_dags/tutorial.py
[2021-07-16 10:06:07,114] {scheduler_job.py:643} INFO - DAG(s) dict_keys(['tutorial']) retrieved from /home/karuturihemanth/airflow_env/lib/python3.9/site-packages/airflow/example_dags/tutorial.py
[2021-07-16 10:06:07,790] {logging_mixin.py:104} INFO - [2021-07-16 10:06:07,790] {dag.py:1833} INFO - Sync 1 DAGs
[2021-07-16 10:06:07,897] {logging_mixin.py:104} INFO - [2021-07-16 10:06:07,897] {dag.py:2306} INFO - Setting next_dagrun for tutorial to 2021-07-14 00:00:00+00:00
[2021-07-16 10:06:08,125] {scheduler_job.py:190} INFO - Processing /home/karuturihemanth/airflow_env/lib/python3.9/site-packages/airflow/example_dags/tutorial.py took 1.024 seconds
[2021-07-16 10:06:38,793] {scheduler_job.py:182} INFO - Started process (PID=3135) to work on /home/karuturihemanth/airflow_env/lib/python3.9/site-packages/airflow/example_dags/tutorial.py
[2021-07-16 10:06:38,794] {scheduler_job.py:633} INFO - Processing file /home/karuturihemanth/airflow_env/lib/python3.9/site-packages/airflow/example_dags/tutorial.py for tasks to queue
[2021-07-16 10:06:38,795] {logging_mixin.py:104} INFO - [2021-07-16 10:06:38,794] {dagbag.py:496} INFO - Filling up the DagBag from /home/karuturihemanth/airflow_env/lib/python3.9/site-packages/airflow/example_dags/tutorial.py
[2021-07-16 10:06:38,805] {scheduler_job.py:643} INFO - DAG(s) dict_keys(['tutorial']) retrieved from /home/karuturihemanth/airflow_env/lib/python3.9/site-packages/airflow/example_dags/tutorial.py
[2021-07-16 10:06:39,472] {logging_mixin.py:104} INFO - [2021-07-16 10:06:39,472] {dag.py:1833} INFO - Sync 1 DAGs
[2021-07-16 10:06:39,575] {logging_mixin.py:104} INFO - [2021-07-16 10:06:39,575] {dag.py:2306} INFO - Setting next_dagrun for tutorial to 2021-07-14 00:00:00+00:00
[2021-07-16 10:06:39,797] {scheduler_job.py:190} INFO - Processing /home/karuturihemanth/airflow_env/lib/python3.9/site-packages/airflow/example_dags/tutorial.py took 1.008 seconds
[2021-07-16 10:07:10,986] {scheduler_job.py:182} INFO - Started process (PID=3301) to work on /home/karuturihemanth/airflow_env/lib/python3.9/site-packages/airflow/example_dags/tutorial.py
[2021-07-16 10:07:10,987] {scheduler_job.py:633} INFO - Processing file /home/karuturihemanth/airflow_env/lib/python3.9/site-packages/airflow/example_dags/tutorial.py for tasks to queue
[2021-07-16 10:07:10,987] {logging_mixin.py:104} INFO - [2021-07-16 10:07:10,987] {dagbag.py:496} INFO - Filling up the DagBag from /home/karuturihemanth/airflow_env/lib/python3.9/site-packages/airflow/example_dags/tutorial.py
[2021-07-16 10:07:10,996] {scheduler_job.py:643} INFO - DAG(s) dict_keys(['tutorial']) retrieved from /home/karuturihemanth/airflow_env/lib/python3.9/site-packages/airflow/example_dags/tutorial.py
[2021-07-16 10:07:11,642] {logging_mixin.py:104} INFO - [2021-07-16 10:07:11,641] {dag.py:1833} INFO - Sync 1 DAGs
[2021-07-16 10:07:11,742] {logging_mixin.py:104} INFO - [2021-07-16 10:07:11,742] {dag.py:2306} INFO - Setting next_dagrun for tutorial to 2021-07-14 00:00:00+00:00
[2021-07-16 10:07:11,958] {scheduler_job.py:190} INFO - Processing /home/karuturihemanth/airflow_env/lib/python3.9/site-packages/airflow/example_dags/tutorial.py took 0.976 seconds
[2021-07-16 10:07:42,608] {scheduler_job.py:182} INFO - Started process (PID=3468) to work on /home/karuturihemanth/airflow_env/lib/python3.9/site-packages/airflow/example_dags/tutorial.py
[2021-07-16 10:07:42,609] {scheduler_job.py:633} INFO - Processing file /home/karuturihemanth/airflow_env/lib/python3.9/site-packages/airflow/example_dags/tutorial.py for tasks to queue
[2021-07-16 10:07:42,610] {logging_mixin.py:104} INFO - [2021-07-16 10:07:42,610] {dagbag.py:496} INFO - Filling up the DagBag from /home/karuturihemanth/airflow_env/lib/python3.9/site-packages/airflow/example_dags/tutorial.py
[2021-07-16 10:07:42,619] {scheduler_job.py:643} INFO - DAG(s) dict_keys(['tutorial']) retrieved from /home/karuturihemanth/airflow_env/lib/python3.9/site-packages/airflow/example_dags/tutorial.py
[2021-07-16 10:07:43,284] {logging_mixin.py:104} INFO - [2021-07-16 10:07:43,284] {dag.py:1833} INFO - Sync 1 DAGs
[2021-07-16 10:07:43,387] {logging_mixin.py:104} INFO - [2021-07-16 10:07:43,387] {dag.py:2306} INFO - Setting next_dagrun for tutorial to 2021-07-14 00:00:00+00:00
[2021-07-16 10:07:43,611] {scheduler_job.py:190} INFO - Processing /home/karuturihemanth/airflow_env/lib/python3.9/site-packages/airflow/example_dags/tutorial.py took 1.006 seconds
[2021-07-16 10:08:14,704] {scheduler_job.py:182} INFO - Started process (PID=3634) to work on /home/karuturihemanth/airflow_env/lib/python3.9/site-packages/airflow/example_dags/tutorial.py
[2021-07-16 10:08:14,705] {scheduler_job.py:633} INFO - Processing file /home/karuturihemanth/airflow_env/lib/python3.9/site-packages/airflow/example_dags/tutorial.py for tasks to queue
[2021-07-16 10:08:14,705] {logging_mixin.py:104} INFO - [2021-07-16 10:08:14,705] {dagbag.py:496} INFO - Filling up the DagBag from /home/karuturihemanth/airflow_env/lib/python3.9/site-packages/airflow/example_dags/tutorial.py
[2021-07-16 10:08:14,715] {scheduler_job.py:643} INFO - DAG(s) dict_keys(['tutorial']) retrieved from /home/karuturihemanth/airflow_env/lib/python3.9/site-packages/airflow/example_dags/tutorial.py
[2021-07-16 10:08:15,371] {logging_mixin.py:104} INFO - [2021-07-16 10:08:15,371] {dag.py:1833} INFO - Sync 1 DAGs
[2021-07-16 10:08:15,472] {logging_mixin.py:104} INFO - [2021-07-16 10:08:15,471] {dag.py:2306} INFO - Setting next_dagrun for tutorial to 2021-07-14 00:00:00+00:00
[2021-07-16 10:08:15,688] {scheduler_job.py:190} INFO - Processing /home/karuturihemanth/airflow_env/lib/python3.9/site-packages/airflow/example_dags/tutorial.py took 0.987 seconds
[2021-07-16 10:08:46,696] {scheduler_job.py:182} INFO - Started process (PID=3802) to work on /home/karuturihemanth/airflow_env/lib/python3.9/site-packages/airflow/example_dags/tutorial.py
[2021-07-16 10:08:46,697] {scheduler_job.py:633} INFO - Processing file /home/karuturihemanth/airflow_env/lib/python3.9/site-packages/airflow/example_dags/tutorial.py for tasks to queue
[2021-07-16 10:08:46,697] {logging_mixin.py:104} INFO - [2021-07-16 10:08:46,697] {dagbag.py:496} INFO - Filling up the DagBag from /home/karuturihemanth/airflow_env/lib/python3.9/site-packages/airflow/example_dags/tutorial.py
[2021-07-16 10:08:46,706] {scheduler_job.py:643} INFO - DAG(s) dict_keys(['tutorial']) retrieved from /home/karuturihemanth/airflow_env/lib/python3.9/site-packages/airflow/example_dags/tutorial.py
[2021-07-16 10:08:47,374] {logging_mixin.py:104} INFO - [2021-07-16 10:08:47,374] {dag.py:1833} INFO - Sync 1 DAGs
[2021-07-16 10:08:47,478] {logging_mixin.py:104} INFO - [2021-07-16 10:08:47,478] {dag.py:2306} INFO - Setting next_dagrun for tutorial to 2021-07-14 00:00:00+00:00
[2021-07-16 10:08:47,701] {scheduler_job.py:190} INFO - Processing /home/karuturihemanth/airflow_env/lib/python3.9/site-packages/airflow/example_dags/tutorial.py took 1.008 seconds
[2021-07-16 10:09:18,453] {scheduler_job.py:182} INFO - Started process (PID=3968) to work on /home/karuturihemanth/airflow_env/lib/python3.9/site-packages/airflow/example_dags/tutorial.py
[2021-07-16 10:09:18,454] {scheduler_job.py:633} INFO - Processing file /home/karuturihemanth/airflow_env/lib/python3.9/site-packages/airflow/example_dags/tutorial.py for tasks to queue
[2021-07-16 10:09:18,454] {logging_mixin.py:104} INFO - [2021-07-16 10:09:18,454] {dagbag.py:496} INFO - Filling up the DagBag from /home/karuturihemanth/airflow_env/lib/python3.9/site-packages/airflow/example_dags/tutorial.py
[2021-07-16 10:09:18,463] {scheduler_job.py:643} INFO - DAG(s) dict_keys(['tutorial']) retrieved from /home/karuturihemanth/airflow_env/lib/python3.9/site-packages/airflow/example_dags/tutorial.py
[2021-07-16 10:09:19,114] {logging_mixin.py:104} INFO - [2021-07-16 10:09:19,114] {dag.py:1833} INFO - Sync 1 DAGs
[2021-07-16 10:09:19,216] {logging_mixin.py:104} INFO - [2021-07-16 10:09:19,216] {dag.py:2306} INFO - Setting next_dagrun for tutorial to 2021-07-14 00:00:00+00:00
[2021-07-16 10:09:19,434] {scheduler_job.py:190} INFO - Processing /home/karuturihemanth/airflow_env/lib/python3.9/site-packages/airflow/example_dags/tutorial.py took 0.985 seconds
[2021-07-16 10:09:50,185] {scheduler_job.py:182} INFO - Started process (PID=4135) to work on /home/karuturihemanth/airflow_env/lib/python3.9/site-packages/airflow/example_dags/tutorial.py
[2021-07-16 10:09:50,186] {scheduler_job.py:633} INFO - Processing file /home/karuturihemanth/airflow_env/lib/python3.9/site-packages/airflow/example_dags/tutorial.py for tasks to queue
[2021-07-16 10:09:50,186] {logging_mixin.py:104} INFO - [2021-07-16 10:09:50,186] {dagbag.py:496} INFO - Filling up the DagBag from /home/karuturihemanth/airflow_env/lib/python3.9/site-packages/airflow/example_dags/tutorial.py
[2021-07-16 10:09:50,196] {scheduler_job.py:643} INFO - DAG(s) dict_keys(['tutorial']) retrieved from /home/karuturihemanth/airflow_env/lib/python3.9/site-packages/airflow/example_dags/tutorial.py
[2021-07-16 10:09:50,860] {logging_mixin.py:104} INFO - [2021-07-16 10:09:50,860] {dag.py:1833} INFO - Sync 1 DAGs
[2021-07-16 10:09:50,963] {logging_mixin.py:104} INFO - [2021-07-16 10:09:50,963] {dag.py:2306} INFO - Setting next_dagrun for tutorial to 2021-07-14 00:00:00+00:00
[2021-07-16 10:09:51,185] {scheduler_job.py:190} INFO - Processing /home/karuturihemanth/airflow_env/lib/python3.9/site-packages/airflow/example_dags/tutorial.py took 1.003 seconds
[2021-07-16 10:10:22,418] {scheduler_job.py:182} INFO - Started process (PID=4301) to work on /home/karuturihemanth/airflow_env/lib/python3.9/site-packages/airflow/example_dags/tutorial.py
[2021-07-16 10:10:22,419] {scheduler_job.py:633} INFO - Processing file /home/karuturihemanth/airflow_env/lib/python3.9/site-packages/airflow/example_dags/tutorial.py for tasks to queue
[2021-07-16 10:10:22,419] {logging_mixin.py:104} INFO - [2021-07-16 10:10:22,419] {dagbag.py:496} INFO - Filling up the DagBag from /home/karuturihemanth/airflow_env/lib/python3.9/site-packages/airflow/example_dags/tutorial.py
[2021-07-16 10:10:22,428] {scheduler_job.py:643} INFO - DAG(s) dict_keys(['tutorial']) retrieved from /home/karuturihemanth/airflow_env/lib/python3.9/site-packages/airflow/example_dags/tutorial.py
[2021-07-16 10:10:23,072] {logging_mixin.py:104} INFO - [2021-07-16 10:10:23,072] {dag.py:1833} INFO - Sync 1 DAGs
[2021-07-16 10:10:23,174] {logging_mixin.py:104} INFO - [2021-07-16 10:10:23,174] {dag.py:2306} INFO - Setting next_dagrun for tutorial to 2021-07-14 00:00:00+00:00
[2021-07-16 10:10:23,391] {scheduler_job.py:190} INFO - Processing /home/karuturihemanth/airflow_env/lib/python3.9/site-packages/airflow/example_dags/tutorial.py took 0.977 seconds
[2021-07-16 10:10:54,059] {scheduler_job.py:182} INFO - Started process (PID=4468) to work on /home/karuturihemanth/airflow_env/lib/python3.9/site-packages/airflow/example_dags/tutorial.py
[2021-07-16 10:10:54,060] {scheduler_job.py:633} INFO - Processing file /home/karuturihemanth/airflow_env/lib/python3.9/site-packages/airflow/example_dags/tutorial.py for tasks to queue
[2021-07-16 10:10:54,061] {logging_mixin.py:104} INFO - [2021-07-16 10:10:54,061] {dagbag.py:496} INFO - Filling up the DagBag from /home/karuturihemanth/airflow_env/lib/python3.9/site-packages/airflow/example_dags/tutorial.py
[2021-07-16 10:10:54,071] {scheduler_job.py:643} INFO - DAG(s) dict_keys(['tutorial']) retrieved from /home/karuturihemanth/airflow_env/lib/python3.9/site-packages/airflow/example_dags/tutorial.py
[2021-07-16 10:10:54,718] {logging_mixin.py:104} INFO - [2021-07-16 10:10:54,718] {dag.py:1833} INFO - Sync 1 DAGs
[2021-07-16 10:10:54,819] {logging_mixin.py:104} INFO - [2021-07-16 10:10:54,818] {dag.py:2306} INFO - Setting next_dagrun for tutorial to 2021-07-14 00:00:00+00:00
[2021-07-16 10:10:55,033] {scheduler_job.py:190} INFO - Processing /home/karuturihemanth/airflow_env/lib/python3.9/site-packages/airflow/example_dags/tutorial.py took 0.977 seconds
[2021-07-16 10:11:25,582] {scheduler_job.py:182} INFO - Started process (PID=4634) to work on /home/karuturihemanth/airflow_env/lib/python3.9/site-packages/airflow/example_dags/tutorial.py
[2021-07-16 10:11:25,583] {scheduler_job.py:633} INFO - Processing file /home/karuturihemanth/airflow_env/lib/python3.9/site-packages/airflow/example_dags/tutorial.py for tasks to queue
[2021-07-16 10:11:25,583] {logging_mixin.py:104} INFO - [2021-07-16 10:11:25,583] {dagbag.py:496} INFO - Filling up the DagBag from /home/karuturihemanth/airflow_env/lib/python3.9/site-packages/airflow/example_dags/tutorial.py
[2021-07-16 10:11:25,593] {scheduler_job.py:643} INFO - DAG(s) dict_keys(['tutorial']) retrieved from /home/karuturihemanth/airflow_env/lib/python3.9/site-packages/airflow/example_dags/tutorial.py
[2021-07-16 10:11:26,257] {logging_mixin.py:104} INFO - [2021-07-16 10:11:26,256] {dag.py:1833} INFO - Sync 1 DAGs
[2021-07-16 10:11:26,362] {logging_mixin.py:104} INFO - [2021-07-16 10:11:26,362] {dag.py:2306} INFO - Setting next_dagrun for tutorial to 2021-07-14 00:00:00+00:00
[2021-07-16 10:11:26,584] {scheduler_job.py:190} INFO - Processing /home/karuturihemanth/airflow_env/lib/python3.9/site-packages/airflow/example_dags/tutorial.py took 1.005 seconds
[2021-07-16 10:11:57,636] {scheduler_job.py:182} INFO - Started process (PID=4801) to work on /home/karuturihemanth/airflow_env/lib/python3.9/site-packages/airflow/example_dags/tutorial.py
[2021-07-16 10:11:57,637] {scheduler_job.py:633} INFO - Processing file /home/karuturihemanth/airflow_env/lib/python3.9/site-packages/airflow/example_dags/tutorial.py for tasks to queue
[2021-07-16 10:11:57,638] {logging_mixin.py:104} INFO - [2021-07-16 10:11:57,638] {dagbag.py:496} INFO - Filling up the DagBag from /home/karuturihemanth/airflow_env/lib/python3.9/site-packages/airflow/example_dags/tutorial.py
[2021-07-16 10:11:57,647] {scheduler_job.py:643} INFO - DAG(s) dict_keys(['tutorial']) retrieved from /home/karuturihemanth/airflow_env/lib/python3.9/site-packages/airflow/example_dags/tutorial.py
[2021-07-16 10:11:58,326] {logging_mixin.py:104} INFO - [2021-07-16 10:11:58,326] {dag.py:1833} INFO - Sync 1 DAGs
[2021-07-16 10:11:58,433] {logging_mixin.py:104} INFO - [2021-07-16 10:11:58,433] {dag.py:2306} INFO - Setting next_dagrun for tutorial to 2021-07-14 00:00:00+00:00
[2021-07-16 10:11:58,659] {scheduler_job.py:190} INFO - Processing /home/karuturihemanth/airflow_env/lib/python3.9/site-packages/airflow/example_dags/tutorial.py took 1.027 seconds
[2021-07-16 10:12:29,144] {scheduler_job.py:182} INFO - Started process (PID=4968) to work on /home/karuturihemanth/airflow_env/lib/python3.9/site-packages/airflow/example_dags/tutorial.py
[2021-07-16 10:12:29,145] {scheduler_job.py:633} INFO - Processing file /home/karuturihemanth/airflow_env/lib/python3.9/site-packages/airflow/example_dags/tutorial.py for tasks to queue
[2021-07-16 10:12:29,146] {logging_mixin.py:104} INFO - [2021-07-16 10:12:29,146] {dagbag.py:496} INFO - Filling up the DagBag from /home/karuturihemanth/airflow_env/lib/python3.9/site-packages/airflow/example_dags/tutorial.py
[2021-07-16 10:12:29,156] {scheduler_job.py:643} INFO - DAG(s) dict_keys(['tutorial']) retrieved from /home/karuturihemanth/airflow_env/lib/python3.9/site-packages/airflow/example_dags/tutorial.py
[2021-07-16 10:12:29,820] {logging_mixin.py:104} INFO - [2021-07-16 10:12:29,820] {dag.py:1833} INFO - Sync 1 DAGs
[2021-07-16 10:12:29,926] {logging_mixin.py:104} INFO - [2021-07-16 10:12:29,926] {dag.py:2306} INFO - Setting next_dagrun for tutorial to 2021-07-14 00:00:00+00:00
[2021-07-16 10:12:30,146] {scheduler_job.py:190} INFO - Processing /home/karuturihemanth/airflow_env/lib/python3.9/site-packages/airflow/example_dags/tutorial.py took 1.006 seconds
[2021-07-16 10:13:00,827] {scheduler_job.py:182} INFO - Started process (PID=5134) to work on /home/karuturihemanth/airflow_env/lib/python3.9/site-packages/airflow/example_dags/tutorial.py
[2021-07-16 10:13:00,828] {scheduler_job.py:633} INFO - Processing file /home/karuturihemanth/airflow_env/lib/python3.9/site-packages/airflow/example_dags/tutorial.py for tasks to queue
[2021-07-16 10:13:00,829] {logging_mixin.py:104} INFO - [2021-07-16 10:13:00,829] {dagbag.py:496} INFO - Filling up the DagBag from /home/karuturihemanth/airflow_env/lib/python3.9/site-packages/airflow/example_dags/tutorial.py
[2021-07-16 10:13:00,839] {scheduler_job.py:643} INFO - DAG(s) dict_keys(['tutorial']) retrieved from /home/karuturihemanth/airflow_env/lib/python3.9/site-packages/airflow/example_dags/tutorial.py
[2021-07-16 10:13:01,499] {logging_mixin.py:104} INFO - [2021-07-16 10:13:01,498] {dag.py:1833} INFO - Sync 1 DAGs
[2021-07-16 10:13:01,601] {logging_mixin.py:104} INFO - [2021-07-16 10:13:01,601] {dag.py:2306} INFO - Setting next_dagrun for tutorial to 2021-07-14 00:00:00+00:00
[2021-07-16 10:13:01,821] {scheduler_job.py:190} INFO - Processing /home/karuturihemanth/airflow_env/lib/python3.9/site-packages/airflow/example_dags/tutorial.py took 0.997 seconds
[2021-07-16 10:13:32,576] {scheduler_job.py:182} INFO - Started process (PID=5303) to work on /home/karuturihemanth/airflow_env/lib/python3.9/site-packages/airflow/example_dags/tutorial.py
[2021-07-16 10:13:32,577] {scheduler_job.py:633} INFO - Processing file /home/karuturihemanth/airflow_env/lib/python3.9/site-packages/airflow/example_dags/tutorial.py for tasks to queue
[2021-07-16 10:13:32,578] {logging_mixin.py:104} INFO - [2021-07-16 10:13:32,577] {dagbag.py:496} INFO - Filling up the DagBag from /home/karuturihemanth/airflow_env/lib/python3.9/site-packages/airflow/example_dags/tutorial.py
[2021-07-16 10:13:32,587] {scheduler_job.py:643} INFO - DAG(s) dict_keys(['tutorial']) retrieved from /home/karuturihemanth/airflow_env/lib/python3.9/site-packages/airflow/example_dags/tutorial.py
[2021-07-16 10:13:33,234] {logging_mixin.py:104} INFO - [2021-07-16 10:13:33,234] {dag.py:1833} INFO - Sync 1 DAGs
[2021-07-16 10:13:33,335] {logging_mixin.py:104} INFO - [2021-07-16 10:13:33,334] {dag.py:2306} INFO - Setting next_dagrun for tutorial to 2021-07-14 00:00:00+00:00
[2021-07-16 10:13:33,551] {scheduler_job.py:190} INFO - Processing /home/karuturihemanth/airflow_env/lib/python3.9/site-packages/airflow/example_dags/tutorial.py took 0.978 seconds
[2021-07-16 10:14:04,248] {scheduler_job.py:182} INFO - Started process (PID=5469) to work on /home/karuturihemanth/airflow_env/lib/python3.9/site-packages/airflow/example_dags/tutorial.py
[2021-07-16 10:14:04,249] {scheduler_job.py:633} INFO - Processing file /home/karuturihemanth/airflow_env/lib/python3.9/site-packages/airflow/example_dags/tutorial.py for tasks to queue
[2021-07-16 10:14:04,249] {logging_mixin.py:104} INFO - [2021-07-16 10:14:04,249] {dagbag.py:496} INFO - Filling up the DagBag from /home/karuturihemanth/airflow_env/lib/python3.9/site-packages/airflow/example_dags/tutorial.py
[2021-07-16 10:14:04,258] {scheduler_job.py:643} INFO - DAG(s) dict_keys(['tutorial']) retrieved from /home/karuturihemanth/airflow_env/lib/python3.9/site-packages/airflow/example_dags/tutorial.py
[2021-07-16 10:14:04,924] {logging_mixin.py:104} INFO - [2021-07-16 10:14:04,923] {dag.py:1833} INFO - Sync 1 DAGs
[2021-07-16 10:14:05,029] {logging_mixin.py:104} INFO - [2021-07-16 10:14:05,029] {dag.py:2306} INFO - Setting next_dagrun for tutorial to 2021-07-14 00:00:00+00:00
[2021-07-16 10:14:05,250] {scheduler_job.py:190} INFO - Processing /home/karuturihemanth/airflow_env/lib/python3.9/site-packages/airflow/example_dags/tutorial.py took 1.006 seconds
[2021-07-16 10:14:35,871] {scheduler_job.py:182} INFO - Started process (PID=5636) to work on /home/karuturihemanth/airflow_env/lib/python3.9/site-packages/airflow/example_dags/tutorial.py
[2021-07-16 10:14:35,872] {scheduler_job.py:633} INFO - Processing file /home/karuturihemanth/airflow_env/lib/python3.9/site-packages/airflow/example_dags/tutorial.py for tasks to queue
[2021-07-16 10:14:35,873] {logging_mixin.py:104} INFO - [2021-07-16 10:14:35,873] {dagbag.py:496} INFO - Filling up the DagBag from /home/karuturihemanth/airflow_env/lib/python3.9/site-packages/airflow/example_dags/tutorial.py
[2021-07-16 10:14:35,882] {scheduler_job.py:643} INFO - DAG(s) dict_keys(['tutorial']) retrieved from /home/karuturihemanth/airflow_env/lib/python3.9/site-packages/airflow/example_dags/tutorial.py
[2021-07-16 10:14:36,526] {logging_mixin.py:104} INFO - [2021-07-16 10:14:36,525] {dag.py:1833} INFO - Sync 1 DAGs
[2021-07-16 10:14:36,626] {logging_mixin.py:104} INFO - [2021-07-16 10:14:36,626] {dag.py:2306} INFO - Setting next_dagrun for tutorial to 2021-07-14 00:00:00+00:00
[2021-07-16 10:14:36,844] {scheduler_job.py:190} INFO - Processing /home/karuturihemanth/airflow_env/lib/python3.9/site-packages/airflow/example_dags/tutorial.py took 0.976 seconds
[2021-07-16 11:12:17,743] {scheduler_job.py:182} INFO - Started process (PID=6825) to work on /home/karuturihemanth/airflow_env/lib/python3.9/site-packages/airflow/example_dags/tutorial.py
[2021-07-16 11:12:17,744] {scheduler_job.py:633} INFO - Processing file /home/karuturihemanth/airflow_env/lib/python3.9/site-packages/airflow/example_dags/tutorial.py for tasks to queue
[2021-07-16 11:12:17,744] {logging_mixin.py:104} INFO - [2021-07-16 11:12:17,744] {dagbag.py:496} INFO - Filling up the DagBag from /home/karuturihemanth/airflow_env/lib/python3.9/site-packages/airflow/example_dags/tutorial.py
[2021-07-16 11:12:17,755] {scheduler_job.py:643} INFO - DAG(s) dict_keys(['tutorial']) retrieved from /home/karuturihemanth/airflow_env/lib/python3.9/site-packages/airflow/example_dags/tutorial.py
[2021-07-16 11:12:18,447] {logging_mixin.py:104} INFO - [2021-07-16 11:12:18,447] {dag.py:1833} INFO - Sync 1 DAGs
[2021-07-16 11:12:18,553] {logging_mixin.py:104} INFO - [2021-07-16 11:12:18,553] {dag.py:2306} INFO - Setting next_dagrun for tutorial to 2021-07-14 00:00:00+00:00
[2021-07-16 11:12:18,779] {scheduler_job.py:190} INFO - Processing /home/karuturihemanth/airflow_env/lib/python3.9/site-packages/airflow/example_dags/tutorial.py took 1.041 seconds
[2021-07-16 11:12:49,201] {scheduler_job.py:182} INFO - Started process (PID=6870) to work on /home/karuturihemanth/airflow_env/lib/python3.9/site-packages/airflow/example_dags/tutorial.py
[2021-07-16 11:12:49,202] {scheduler_job.py:633} INFO - Processing file /home/karuturihemanth/airflow_env/lib/python3.9/site-packages/airflow/example_dags/tutorial.py for tasks to queue
[2021-07-16 11:12:49,203] {logging_mixin.py:104} INFO - [2021-07-16 11:12:49,203] {dagbag.py:496} INFO - Filling up the DagBag from /home/karuturihemanth/airflow_env/lib/python3.9/site-packages/airflow/example_dags/tutorial.py
[2021-07-16 11:12:49,216] {scheduler_job.py:643} INFO - DAG(s) dict_keys(['tutorial']) retrieved from /home/karuturihemanth/airflow_env/lib/python3.9/site-packages/airflow/example_dags/tutorial.py
[2021-07-16 11:12:49,863] {logging_mixin.py:104} INFO - [2021-07-16 11:12:49,863] {dag.py:1833} INFO - Sync 1 DAGs
[2021-07-16 11:12:49,966] {logging_mixin.py:104} INFO - [2021-07-16 11:12:49,966] {dag.py:2306} INFO - Setting next_dagrun for tutorial to 2021-07-14 00:00:00+00:00
[2021-07-16 11:12:50,184] {scheduler_job.py:190} INFO - Processing /home/karuturihemanth/airflow_env/lib/python3.9/site-packages/airflow/example_dags/tutorial.py took 0.987 seconds
[2021-07-16 11:13:20,810] {scheduler_job.py:182} INFO - Started process (PID=6904) to work on /home/karuturihemanth/airflow_env/lib/python3.9/site-packages/airflow/example_dags/tutorial.py
[2021-07-16 11:13:20,811] {scheduler_job.py:633} INFO - Processing file /home/karuturihemanth/airflow_env/lib/python3.9/site-packages/airflow/example_dags/tutorial.py for tasks to queue
[2021-07-16 11:13:20,812] {logging_mixin.py:104} INFO - [2021-07-16 11:13:20,812] {dagbag.py:496} INFO - Filling up the DagBag from /home/karuturihemanth/airflow_env/lib/python3.9/site-packages/airflow/example_dags/tutorial.py
[2021-07-16 11:13:20,822] {scheduler_job.py:643} INFO - DAG(s) dict_keys(['tutorial']) retrieved from /home/karuturihemanth/airflow_env/lib/python3.9/site-packages/airflow/example_dags/tutorial.py
[2021-07-16 11:13:21,468] {logging_mixin.py:104} INFO - [2021-07-16 11:13:21,468] {dag.py:1833} INFO - Sync 1 DAGs
[2021-07-16 11:13:21,569] {logging_mixin.py:104} INFO - [2021-07-16 11:13:21,569] {dag.py:2306} INFO - Setting next_dagrun for tutorial to 2021-07-14 00:00:00+00:00
[2021-07-16 11:13:21,784] {scheduler_job.py:190} INFO - Processing /home/karuturihemanth/airflow_env/lib/python3.9/site-packages/airflow/example_dags/tutorial.py took 0.977 seconds
[2021-07-16 11:13:52,316] {scheduler_job.py:182} INFO - Started process (PID=6938) to work on /home/karuturihemanth/airflow_env/lib/python3.9/site-packages/airflow/example_dags/tutorial.py
[2021-07-16 11:13:52,316] {scheduler_job.py:633} INFO - Processing file /home/karuturihemanth/airflow_env/lib/python3.9/site-packages/airflow/example_dags/tutorial.py for tasks to queue
[2021-07-16 11:13:52,317] {logging_mixin.py:104} INFO - [2021-07-16 11:13:52,317] {dagbag.py:496} INFO - Filling up the DagBag from /home/karuturihemanth/airflow_env/lib/python3.9/site-packages/airflow/example_dags/tutorial.py
[2021-07-16 11:13:52,326] {scheduler_job.py:643} INFO - DAG(s) dict_keys(['tutorial']) retrieved from /home/karuturihemanth/airflow_env/lib/python3.9/site-packages/airflow/example_dags/tutorial.py
[2021-07-16 11:13:53,004] {logging_mixin.py:104} INFO - [2021-07-16 11:13:53,004] {dag.py:1833} INFO - Sync 1 DAGs
[2021-07-16 11:13:53,112] {logging_mixin.py:104} INFO - [2021-07-16 11:13:53,111] {dag.py:2306} INFO - Setting next_dagrun for tutorial to 2021-07-14 00:00:00+00:00
[2021-07-16 11:13:53,338] {scheduler_job.py:190} INFO - Processing /home/karuturihemanth/airflow_env/lib/python3.9/site-packages/airflow/example_dags/tutorial.py took 1.026 seconds
[2021-07-16 11:14:23,585] {scheduler_job.py:182} INFO - Started process (PID=6972) to work on /home/karuturihemanth/airflow_env/lib/python3.9/site-packages/airflow/example_dags/tutorial.py
[2021-07-16 11:14:23,586] {scheduler_job.py:633} INFO - Processing file /home/karuturihemanth/airflow_env/lib/python3.9/site-packages/airflow/example_dags/tutorial.py for tasks to queue
[2021-07-16 11:14:23,586] {logging_mixin.py:104} INFO - [2021-07-16 11:14:23,586] {dagbag.py:496} INFO - Filling up the DagBag from /home/karuturihemanth/airflow_env/lib/python3.9/site-packages/airflow/example_dags/tutorial.py
[2021-07-16 11:14:23,597] {scheduler_job.py:643} INFO - DAG(s) dict_keys(['tutorial']) retrieved from /home/karuturihemanth/airflow_env/lib/python3.9/site-packages/airflow/example_dags/tutorial.py
[2021-07-16 11:14:24,265] {logging_mixin.py:104} INFO - [2021-07-16 11:14:24,265] {dag.py:1833} INFO - Sync 1 DAGs
[2021-07-16 11:14:24,370] {logging_mixin.py:104} INFO - [2021-07-16 11:14:24,370] {dag.py:2306} INFO - Setting next_dagrun for tutorial to 2021-07-14 00:00:00+00:00
[2021-07-16 11:14:24,594] {scheduler_job.py:190} INFO - Processing /home/karuturihemanth/airflow_env/lib/python3.9/site-packages/airflow/example_dags/tutorial.py took 1.013 seconds
[2021-07-16 11:14:55,867] {scheduler_job.py:182} INFO - Started process (PID=7007) to work on /home/karuturihemanth/airflow_env/lib/python3.9/site-packages/airflow/example_dags/tutorial.py
[2021-07-16 11:14:55,868] {scheduler_job.py:633} INFO - Processing file /home/karuturihemanth/airflow_env/lib/python3.9/site-packages/airflow/example_dags/tutorial.py for tasks to queue
[2021-07-16 11:14:55,868] {logging_mixin.py:104} INFO - [2021-07-16 11:14:55,868] {dagbag.py:496} INFO - Filling up the DagBag from /home/karuturihemanth/airflow_env/lib/python3.9/site-packages/airflow/example_dags/tutorial.py
[2021-07-16 11:14:55,878] {scheduler_job.py:643} INFO - DAG(s) dict_keys(['tutorial']) retrieved from /home/karuturihemanth/airflow_env/lib/python3.9/site-packages/airflow/example_dags/tutorial.py
[2021-07-16 11:14:56,534] {logging_mixin.py:104} INFO - [2021-07-16 11:14:56,534] {dag.py:1833} INFO - Sync 1 DAGs
[2021-07-16 11:14:56,638] {logging_mixin.py:104} INFO - [2021-07-16 11:14:56,638] {dag.py:2306} INFO - Setting next_dagrun for tutorial to 2021-07-14 00:00:00+00:00
[2021-07-16 11:14:56,855] {scheduler_job.py:190} INFO - Processing /home/karuturihemanth/airflow_env/lib/python3.9/site-packages/airflow/example_dags/tutorial.py took 0.992 seconds
[2021-07-16 11:15:27,195] {scheduler_job.py:182} INFO - Started process (PID=7042) to work on /home/karuturihemanth/airflow_env/lib/python3.9/site-packages/airflow/example_dags/tutorial.py
[2021-07-16 11:15:27,196] {scheduler_job.py:633} INFO - Processing file /home/karuturihemanth/airflow_env/lib/python3.9/site-packages/airflow/example_dags/tutorial.py for tasks to queue
[2021-07-16 11:15:27,197] {logging_mixin.py:104} INFO - [2021-07-16 11:15:27,196] {dagbag.py:496} INFO - Filling up the DagBag from /home/karuturihemanth/airflow_env/lib/python3.9/site-packages/airflow/example_dags/tutorial.py
[2021-07-16 11:15:27,206] {scheduler_job.py:643} INFO - DAG(s) dict_keys(['tutorial']) retrieved from /home/karuturihemanth/airflow_env/lib/python3.9/site-packages/airflow/example_dags/tutorial.py
[2021-07-16 11:15:27,866] {logging_mixin.py:104} INFO - [2021-07-16 11:15:27,866] {dag.py:1833} INFO - Sync 1 DAGs
[2021-07-16 11:15:27,970] {logging_mixin.py:104} INFO - [2021-07-16 11:15:27,970] {dag.py:2306} INFO - Setting next_dagrun for tutorial to 2021-07-14 00:00:00+00:00
[2021-07-16 11:15:28,192] {scheduler_job.py:190} INFO - Processing /home/karuturihemanth/airflow_env/lib/python3.9/site-packages/airflow/example_dags/tutorial.py took 1.000 seconds
[2021-07-16 11:15:59,301] {scheduler_job.py:182} INFO - Started process (PID=7077) to work on /home/karuturihemanth/airflow_env/lib/python3.9/site-packages/airflow/example_dags/tutorial.py
[2021-07-16 11:15:59,302] {scheduler_job.py:633} INFO - Processing file /home/karuturihemanth/airflow_env/lib/python3.9/site-packages/airflow/example_dags/tutorial.py for tasks to queue
[2021-07-16 11:15:59,302] {logging_mixin.py:104} INFO - [2021-07-16 11:15:59,302] {dagbag.py:496} INFO - Filling up the DagBag from /home/karuturihemanth/airflow_env/lib/python3.9/site-packages/airflow/example_dags/tutorial.py
[2021-07-16 11:15:59,313] {scheduler_job.py:643} INFO - DAG(s) dict_keys(['tutorial']) retrieved from /home/karuturihemanth/airflow_env/lib/python3.9/site-packages/airflow/example_dags/tutorial.py
[2021-07-16 11:15:59,969] {logging_mixin.py:104} INFO - [2021-07-16 11:15:59,969] {dag.py:1833} INFO - Sync 1 DAGs
[2021-07-16 11:16:00,075] {logging_mixin.py:104} INFO - [2021-07-16 11:16:00,074] {dag.py:2306} INFO - Setting next_dagrun for tutorial to 2021-07-14 00:00:00+00:00
[2021-07-16 11:16:00,295] {scheduler_job.py:190} INFO - Processing /home/karuturihemanth/airflow_env/lib/python3.9/site-packages/airflow/example_dags/tutorial.py took 0.997 seconds
[2021-07-16 11:16:31,011] {scheduler_job.py:182} INFO - Started process (PID=7112) to work on /home/karuturihemanth/airflow_env/lib/python3.9/site-packages/airflow/example_dags/tutorial.py
[2021-07-16 11:16:31,012] {scheduler_job.py:633} INFO - Processing file /home/karuturihemanth/airflow_env/lib/python3.9/site-packages/airflow/example_dags/tutorial.py for tasks to queue
[2021-07-16 11:16:31,013] {logging_mixin.py:104} INFO - [2021-07-16 11:16:31,013] {dagbag.py:496} INFO - Filling up the DagBag from /home/karuturihemanth/airflow_env/lib/python3.9/site-packages/airflow/example_dags/tutorial.py
[2021-07-16 11:16:31,022] {scheduler_job.py:643} INFO - DAG(s) dict_keys(['tutorial']) retrieved from /home/karuturihemanth/airflow_env/lib/python3.9/site-packages/airflow/example_dags/tutorial.py
[2021-07-16 11:16:31,688] {logging_mixin.py:104} INFO - [2021-07-16 11:16:31,688] {dag.py:1833} INFO - Sync 1 DAGs
[2021-07-16 11:16:31,791] {logging_mixin.py:104} INFO - [2021-07-16 11:16:31,790] {dag.py:2306} INFO - Setting next_dagrun for tutorial to 2021-07-14 00:00:00+00:00
[2021-07-16 11:16:32,008] {scheduler_job.py:190} INFO - Processing /home/karuturihemanth/airflow_env/lib/python3.9/site-packages/airflow/example_dags/tutorial.py took 1.000 seconds
[2021-07-16 11:17:03,317] {scheduler_job.py:182} INFO - Started process (PID=7147) to work on /home/karuturihemanth/airflow_env/lib/python3.9/site-packages/airflow/example_dags/tutorial.py
[2021-07-16 11:17:03,319] {scheduler_job.py:633} INFO - Processing file /home/karuturihemanth/airflow_env/lib/python3.9/site-packages/airflow/example_dags/tutorial.py for tasks to queue
[2021-07-16 11:17:03,319] {logging_mixin.py:104} INFO - [2021-07-16 11:17:03,319] {dagbag.py:496} INFO - Filling up the DagBag from /home/karuturihemanth/airflow_env/lib/python3.9/site-packages/airflow/example_dags/tutorial.py
[2021-07-16 11:17:03,328] {scheduler_job.py:643} INFO - DAG(s) dict_keys(['tutorial']) retrieved from /home/karuturihemanth/airflow_env/lib/python3.9/site-packages/airflow/example_dags/tutorial.py
[2021-07-16 11:17:04,005] {logging_mixin.py:104} INFO - [2021-07-16 11:17:04,004] {dag.py:1833} INFO - Sync 1 DAGs
[2021-07-16 11:17:04,112] {logging_mixin.py:104} INFO - [2021-07-16 11:17:04,112] {dag.py:2306} INFO - Setting next_dagrun for tutorial to 2021-07-14 00:00:00+00:00
[2021-07-16 11:17:04,337] {scheduler_job.py:190} INFO - Processing /home/karuturihemanth/airflow_env/lib/python3.9/site-packages/airflow/example_dags/tutorial.py took 1.024 seconds
[2021-07-16 11:17:35,513] {scheduler_job.py:182} INFO - Started process (PID=7380) to work on /home/karuturihemanth/airflow_env/lib/python3.9/site-packages/airflow/example_dags/tutorial.py
[2021-07-16 11:17:35,514] {scheduler_job.py:633} INFO - Processing file /home/karuturihemanth/airflow_env/lib/python3.9/site-packages/airflow/example_dags/tutorial.py for tasks to queue
[2021-07-16 11:17:35,514] {logging_mixin.py:104} INFO - [2021-07-16 11:17:35,514] {dagbag.py:496} INFO - Filling up the DagBag from /home/karuturihemanth/airflow_env/lib/python3.9/site-packages/airflow/example_dags/tutorial.py
[2021-07-16 11:17:35,524] {scheduler_job.py:643} INFO - DAG(s) dict_keys(['tutorial']) retrieved from /home/karuturihemanth/airflow_env/lib/python3.9/site-packages/airflow/example_dags/tutorial.py
[2021-07-16 11:17:36,196] {logging_mixin.py:104} INFO - [2021-07-16 11:17:36,196] {dag.py:1833} INFO - Sync 1 DAGs
[2021-07-16 11:17:36,310] {logging_mixin.py:104} INFO - [2021-07-16 11:17:36,310] {dag.py:2306} INFO - Setting next_dagrun for tutorial to 2021-07-14 00:00:00+00:00
[2021-07-16 11:17:36,536] {scheduler_job.py:190} INFO - Processing /home/karuturihemanth/airflow_env/lib/python3.9/site-packages/airflow/example_dags/tutorial.py took 1.026 seconds
[2021-07-16 11:18:07,800] {scheduler_job.py:182} INFO - Started process (PID=7414) to work on /home/karuturihemanth/airflow_env/lib/python3.9/site-packages/airflow/example_dags/tutorial.py
[2021-07-16 11:18:07,801] {scheduler_job.py:633} INFO - Processing file /home/karuturihemanth/airflow_env/lib/python3.9/site-packages/airflow/example_dags/tutorial.py for tasks to queue
[2021-07-16 11:18:07,801] {logging_mixin.py:104} INFO - [2021-07-16 11:18:07,801] {dagbag.py:496} INFO - Filling up the DagBag from /home/karuturihemanth/airflow_env/lib/python3.9/site-packages/airflow/example_dags/tutorial.py
[2021-07-16 11:18:07,811] {scheduler_job.py:643} INFO - DAG(s) dict_keys(['tutorial']) retrieved from /home/karuturihemanth/airflow_env/lib/python3.9/site-packages/airflow/example_dags/tutorial.py
[2021-07-16 11:18:08,493] {logging_mixin.py:104} INFO - [2021-07-16 11:18:08,492] {dag.py:1833} INFO - Sync 1 DAGs
[2021-07-16 11:18:08,600] {logging_mixin.py:104} INFO - [2021-07-16 11:18:08,600] {dag.py:2306} INFO - Setting next_dagrun for tutorial to 2021-07-14 00:00:00+00:00
[2021-07-16 11:18:08,827] {scheduler_job.py:190} INFO - Processing /home/karuturihemanth/airflow_env/lib/python3.9/site-packages/airflow/example_dags/tutorial.py took 1.031 seconds
[2021-07-16 11:18:39,442] {scheduler_job.py:182} INFO - Started process (PID=7449) to work on /home/karuturihemanth/airflow_env/lib/python3.9/site-packages/airflow/example_dags/tutorial.py
[2021-07-16 11:18:39,443] {scheduler_job.py:633} INFO - Processing file /home/karuturihemanth/airflow_env/lib/python3.9/site-packages/airflow/example_dags/tutorial.py for tasks to queue
[2021-07-16 11:18:39,444] {logging_mixin.py:104} INFO - [2021-07-16 11:18:39,444] {dagbag.py:496} INFO - Filling up the DagBag from /home/karuturihemanth/airflow_env/lib/python3.9/site-packages/airflow/example_dags/tutorial.py
[2021-07-16 11:18:39,453] {scheduler_job.py:643} INFO - DAG(s) dict_keys(['tutorial']) retrieved from /home/karuturihemanth/airflow_env/lib/python3.9/site-packages/airflow/example_dags/tutorial.py
[2021-07-16 11:18:40,096] {logging_mixin.py:104} INFO - [2021-07-16 11:18:40,096] {dag.py:1833} INFO - Sync 1 DAGs
[2021-07-16 11:18:40,197] {logging_mixin.py:104} INFO - [2021-07-16 11:18:40,197] {dag.py:2306} INFO - Setting next_dagrun for tutorial to 2021-07-14 00:00:00+00:00
[2021-07-16 11:18:40,412] {scheduler_job.py:190} INFO - Processing /home/karuturihemanth/airflow_env/lib/python3.9/site-packages/airflow/example_dags/tutorial.py took 0.973 seconds
[2021-07-16 11:19:11,271] {scheduler_job.py:182} INFO - Started process (PID=7486) to work on /home/karuturihemanth/airflow_env/lib/python3.9/site-packages/airflow/example_dags/tutorial.py
[2021-07-16 11:19:11,272] {scheduler_job.py:633} INFO - Processing file /home/karuturihemanth/airflow_env/lib/python3.9/site-packages/airflow/example_dags/tutorial.py for tasks to queue
[2021-07-16 11:19:11,273] {logging_mixin.py:104} INFO - [2021-07-16 11:19:11,273] {dagbag.py:496} INFO - Filling up the DagBag from /home/karuturihemanth/airflow_env/lib/python3.9/site-packages/airflow/example_dags/tutorial.py
[2021-07-16 11:19:11,283] {scheduler_job.py:643} INFO - DAG(s) dict_keys(['tutorial']) retrieved from /home/karuturihemanth/airflow_env/lib/python3.9/site-packages/airflow/example_dags/tutorial.py
