[2021-07-16 03:23:10,374] {scheduler_job.py:182} INFO - Started process (PID=1069) to work on /home/karuturihemanth/airflow_env/lib/python3.9/site-packages/airflow/example_dags/tutorial_etl_dag.py
[2021-07-16 03:23:10,375] {scheduler_job.py:633} INFO - Processing file /home/karuturihemanth/airflow_env/lib/python3.9/site-packages/airflow/example_dags/tutorial_etl_dag.py for tasks to queue
[2021-07-16 03:23:10,376] {logging_mixin.py:104} INFO - [2021-07-16 03:23:10,376] {dagbag.py:496} INFO - Filling up the DagBag from /home/karuturihemanth/airflow_env/lib/python3.9/site-packages/airflow/example_dags/tutorial_etl_dag.py
[2021-07-16 03:23:10,386] {scheduler_job.py:643} INFO - DAG(s) dict_keys(['tutorial_etl_dag']) retrieved from /home/karuturihemanth/airflow_env/lib/python3.9/site-packages/airflow/example_dags/tutorial_etl_dag.py
[2021-07-16 03:23:10,625] {logging_mixin.py:104} INFO - [2021-07-16 03:23:10,625] {dag.py:1833} INFO - Sync 1 DAGs
[2021-07-16 03:23:10,632] {logging_mixin.py:104} INFO - [2021-07-16 03:23:10,632] {dag.py:2306} INFO - Setting next_dagrun for tutorial_etl_dag to None
[2021-07-16 03:23:10,645] {scheduler_job.py:190} INFO - Processing /home/karuturihemanth/airflow_env/lib/python3.9/site-packages/airflow/example_dags/tutorial_etl_dag.py took 0.273 seconds
[2021-07-16 03:23:52,392] {scheduler_job.py:182} INFO - Started process (PID=1107) to work on /home/karuturihemanth/airflow_env/lib/python3.9/site-packages/airflow/example_dags/tutorial_etl_dag.py
[2021-07-16 03:23:52,394] {scheduler_job.py:633} INFO - Processing file /home/karuturihemanth/airflow_env/lib/python3.9/site-packages/airflow/example_dags/tutorial_etl_dag.py for tasks to queue
[2021-07-16 03:23:52,394] {logging_mixin.py:104} INFO - [2021-07-16 03:23:52,394] {dagbag.py:496} INFO - Filling up the DagBag from /home/karuturihemanth/airflow_env/lib/python3.9/site-packages/airflow/example_dags/tutorial_etl_dag.py
[2021-07-16 03:23:52,404] {scheduler_job.py:643} INFO - DAG(s) dict_keys(['tutorial_etl_dag']) retrieved from /home/karuturihemanth/airflow_env/lib/python3.9/site-packages/airflow/example_dags/tutorial_etl_dag.py
[2021-07-16 03:23:52,417] {logging_mixin.py:104} INFO - [2021-07-16 03:23:52,417] {dag.py:1833} INFO - Sync 1 DAGs
[2021-07-16 03:23:52,427] {logging_mixin.py:104} INFO - [2021-07-16 03:23:52,427] {dag.py:2306} INFO - Setting next_dagrun for tutorial_etl_dag to None
[2021-07-16 03:23:52,438] {scheduler_job.py:190} INFO - Processing /home/karuturihemanth/airflow_env/lib/python3.9/site-packages/airflow/example_dags/tutorial_etl_dag.py took 0.049 seconds
[2021-07-16 03:24:28,381] {scheduler_job.py:182} INFO - Started process (PID=1151) to work on /home/karuturihemanth/airflow_env/lib/python3.9/site-packages/airflow/example_dags/tutorial_etl_dag.py
[2021-07-16 03:24:28,382] {scheduler_job.py:633} INFO - Processing file /home/karuturihemanth/airflow_env/lib/python3.9/site-packages/airflow/example_dags/tutorial_etl_dag.py for tasks to queue
[2021-07-16 03:24:28,382] {logging_mixin.py:104} INFO - [2021-07-16 03:24:28,382] {dagbag.py:496} INFO - Filling up the DagBag from /home/karuturihemanth/airflow_env/lib/python3.9/site-packages/airflow/example_dags/tutorial_etl_dag.py
[2021-07-16 03:24:28,394] {scheduler_job.py:643} INFO - DAG(s) dict_keys(['tutorial_etl_dag']) retrieved from /home/karuturihemanth/airflow_env/lib/python3.9/site-packages/airflow/example_dags/tutorial_etl_dag.py
[2021-07-16 03:24:28,408] {logging_mixin.py:104} INFO - [2021-07-16 03:24:28,408] {dag.py:1833} INFO - Sync 1 DAGs
[2021-07-16 03:24:28,418] {logging_mixin.py:104} INFO - [2021-07-16 03:24:28,418] {dag.py:2306} INFO - Setting next_dagrun for tutorial_etl_dag to None
[2021-07-16 03:24:28,430] {scheduler_job.py:190} INFO - Processing /home/karuturihemanth/airflow_env/lib/python3.9/site-packages/airflow/example_dags/tutorial_etl_dag.py took 0.052 seconds
[2021-07-16 03:25:03,354] {scheduler_job.py:182} INFO - Started process (PID=1186) to work on /home/karuturihemanth/airflow_env/lib/python3.9/site-packages/airflow/example_dags/tutorial_etl_dag.py
[2021-07-16 03:25:03,355] {scheduler_job.py:633} INFO - Processing file /home/karuturihemanth/airflow_env/lib/python3.9/site-packages/airflow/example_dags/tutorial_etl_dag.py for tasks to queue
[2021-07-16 03:25:03,356] {logging_mixin.py:104} INFO - [2021-07-16 03:25:03,356] {dagbag.py:496} INFO - Filling up the DagBag from /home/karuturihemanth/airflow_env/lib/python3.9/site-packages/airflow/example_dags/tutorial_etl_dag.py
[2021-07-16 03:25:03,366] {scheduler_job.py:643} INFO - DAG(s) dict_keys(['tutorial_etl_dag']) retrieved from /home/karuturihemanth/airflow_env/lib/python3.9/site-packages/airflow/example_dags/tutorial_etl_dag.py
[2021-07-16 03:25:03,379] {logging_mixin.py:104} INFO - [2021-07-16 03:25:03,379] {dag.py:1833} INFO - Sync 1 DAGs
[2021-07-16 03:25:03,388] {logging_mixin.py:104} INFO - [2021-07-16 03:25:03,388] {dag.py:2306} INFO - Setting next_dagrun for tutorial_etl_dag to None
[2021-07-16 03:25:03,400] {scheduler_job.py:190} INFO - Processing /home/karuturihemanth/airflow_env/lib/python3.9/site-packages/airflow/example_dags/tutorial_etl_dag.py took 0.049 seconds
[2021-07-16 03:25:37,951] {scheduler_job.py:182} INFO - Started process (PID=1220) to work on /home/karuturihemanth/airflow_env/lib/python3.9/site-packages/airflow/example_dags/tutorial_etl_dag.py
[2021-07-16 03:25:37,952] {scheduler_job.py:633} INFO - Processing file /home/karuturihemanth/airflow_env/lib/python3.9/site-packages/airflow/example_dags/tutorial_etl_dag.py for tasks to queue
[2021-07-16 03:25:37,953] {logging_mixin.py:104} INFO - [2021-07-16 03:25:37,952] {dagbag.py:496} INFO - Filling up the DagBag from /home/karuturihemanth/airflow_env/lib/python3.9/site-packages/airflow/example_dags/tutorial_etl_dag.py
[2021-07-16 03:25:37,962] {scheduler_job.py:643} INFO - DAG(s) dict_keys(['tutorial_etl_dag']) retrieved from /home/karuturihemanth/airflow_env/lib/python3.9/site-packages/airflow/example_dags/tutorial_etl_dag.py
[2021-07-16 03:25:37,975] {logging_mixin.py:104} INFO - [2021-07-16 03:25:37,975] {dag.py:1833} INFO - Sync 1 DAGs
[2021-07-16 03:25:37,984] {logging_mixin.py:104} INFO - [2021-07-16 03:25:37,984] {dag.py:2306} INFO - Setting next_dagrun for tutorial_etl_dag to None
[2021-07-16 03:25:37,996] {scheduler_job.py:190} INFO - Processing /home/karuturihemanth/airflow_env/lib/python3.9/site-packages/airflow/example_dags/tutorial_etl_dag.py took 0.048 seconds
[2021-07-16 03:26:13,558] {scheduler_job.py:182} INFO - Started process (PID=1255) to work on /home/karuturihemanth/airflow_env/lib/python3.9/site-packages/airflow/example_dags/tutorial_etl_dag.py
[2021-07-16 03:26:13,559] {scheduler_job.py:633} INFO - Processing file /home/karuturihemanth/airflow_env/lib/python3.9/site-packages/airflow/example_dags/tutorial_etl_dag.py for tasks to queue
[2021-07-16 03:26:13,559] {logging_mixin.py:104} INFO - [2021-07-16 03:26:13,559] {dagbag.py:496} INFO - Filling up the DagBag from /home/karuturihemanth/airflow_env/lib/python3.9/site-packages/airflow/example_dags/tutorial_etl_dag.py
[2021-07-16 03:26:13,569] {scheduler_job.py:643} INFO - DAG(s) dict_keys(['tutorial_etl_dag']) retrieved from /home/karuturihemanth/airflow_env/lib/python3.9/site-packages/airflow/example_dags/tutorial_etl_dag.py
[2021-07-16 03:26:13,582] {logging_mixin.py:104} INFO - [2021-07-16 03:26:13,582] {dag.py:1833} INFO - Sync 1 DAGs
[2021-07-16 03:26:13,592] {logging_mixin.py:104} INFO - [2021-07-16 03:26:13,592] {dag.py:2306} INFO - Setting next_dagrun for tutorial_etl_dag to None
[2021-07-16 03:26:13,604] {scheduler_job.py:190} INFO - Processing /home/karuturihemanth/airflow_env/lib/python3.9/site-packages/airflow/example_dags/tutorial_etl_dag.py took 0.049 seconds
[2021-07-16 03:27:05,078] {scheduler_job.py:182} INFO - Started process (PID=1301) to work on /home/karuturihemanth/airflow_env/lib/python3.9/site-packages/airflow/example_dags/tutorial_etl_dag.py
[2021-07-16 03:27:05,079] {scheduler_job.py:633} INFO - Processing file /home/karuturihemanth/airflow_env/lib/python3.9/site-packages/airflow/example_dags/tutorial_etl_dag.py for tasks to queue
[2021-07-16 03:27:05,079] {logging_mixin.py:104} INFO - [2021-07-16 03:27:05,079] {dagbag.py:496} INFO - Filling up the DagBag from /home/karuturihemanth/airflow_env/lib/python3.9/site-packages/airflow/example_dags/tutorial_etl_dag.py
[2021-07-16 03:27:05,091] {scheduler_job.py:643} INFO - DAG(s) dict_keys(['tutorial_etl_dag']) retrieved from /home/karuturihemanth/airflow_env/lib/python3.9/site-packages/airflow/example_dags/tutorial_etl_dag.py
[2021-07-16 03:27:05,106] {logging_mixin.py:104} INFO - [2021-07-16 03:27:05,105] {dag.py:1833} INFO - Sync 1 DAGs
[2021-07-16 03:27:05,116] {logging_mixin.py:104} INFO - [2021-07-16 03:27:05,116] {dag.py:2306} INFO - Setting next_dagrun for tutorial_etl_dag to None
[2021-07-16 03:27:05,129] {scheduler_job.py:190} INFO - Processing /home/karuturihemanth/airflow_env/lib/python3.9/site-packages/airflow/example_dags/tutorial_etl_dag.py took 0.055 seconds
[2021-07-16 03:27:38,917] {scheduler_job.py:182} INFO - Started process (PID=1335) to work on /home/karuturihemanth/airflow_env/lib/python3.9/site-packages/airflow/example_dags/tutorial_etl_dag.py
[2021-07-16 03:27:38,918] {scheduler_job.py:633} INFO - Processing file /home/karuturihemanth/airflow_env/lib/python3.9/site-packages/airflow/example_dags/tutorial_etl_dag.py for tasks to queue
[2021-07-16 03:27:38,918] {logging_mixin.py:104} INFO - [2021-07-16 03:27:38,918] {dagbag.py:496} INFO - Filling up the DagBag from /home/karuturihemanth/airflow_env/lib/python3.9/site-packages/airflow/example_dags/tutorial_etl_dag.py
[2021-07-16 03:27:38,928] {scheduler_job.py:643} INFO - DAG(s) dict_keys(['tutorial_etl_dag']) retrieved from /home/karuturihemanth/airflow_env/lib/python3.9/site-packages/airflow/example_dags/tutorial_etl_dag.py
[2021-07-16 03:27:38,941] {logging_mixin.py:104} INFO - [2021-07-16 03:27:38,941] {dag.py:1833} INFO - Sync 1 DAGs
[2021-07-16 03:27:38,951] {logging_mixin.py:104} INFO - [2021-07-16 03:27:38,950] {dag.py:2306} INFO - Setting next_dagrun for tutorial_etl_dag to None
[2021-07-16 03:27:38,962] {scheduler_job.py:190} INFO - Processing /home/karuturihemanth/airflow_env/lib/python3.9/site-packages/airflow/example_dags/tutorial_etl_dag.py took 0.048 seconds
[2021-07-16 03:28:13,689] {scheduler_job.py:182} INFO - Started process (PID=1369) to work on /home/karuturihemanth/airflow_env/lib/python3.9/site-packages/airflow/example_dags/tutorial_etl_dag.py
[2021-07-16 03:28:13,690] {scheduler_job.py:633} INFO - Processing file /home/karuturihemanth/airflow_env/lib/python3.9/site-packages/airflow/example_dags/tutorial_etl_dag.py for tasks to queue
[2021-07-16 03:28:13,690] {logging_mixin.py:104} INFO - [2021-07-16 03:28:13,690] {dagbag.py:496} INFO - Filling up the DagBag from /home/karuturihemanth/airflow_env/lib/python3.9/site-packages/airflow/example_dags/tutorial_etl_dag.py
[2021-07-16 03:28:13,701] {scheduler_job.py:643} INFO - DAG(s) dict_keys(['tutorial_etl_dag']) retrieved from /home/karuturihemanth/airflow_env/lib/python3.9/site-packages/airflow/example_dags/tutorial_etl_dag.py
[2021-07-16 03:28:13,714] {logging_mixin.py:104} INFO - [2021-07-16 03:28:13,713] {dag.py:1833} INFO - Sync 1 DAGs
[2021-07-16 03:28:13,723] {logging_mixin.py:104} INFO - [2021-07-16 03:28:13,723] {dag.py:2306} INFO - Setting next_dagrun for tutorial_etl_dag to None
[2021-07-16 03:28:13,734] {scheduler_job.py:190} INFO - Processing /home/karuturihemanth/airflow_env/lib/python3.9/site-packages/airflow/example_dags/tutorial_etl_dag.py took 0.049 seconds
[2021-07-16 03:28:48,139] {scheduler_job.py:182} INFO - Started process (PID=1403) to work on /home/karuturihemanth/airflow_env/lib/python3.9/site-packages/airflow/example_dags/tutorial_etl_dag.py
[2021-07-16 03:28:48,140] {scheduler_job.py:633} INFO - Processing file /home/karuturihemanth/airflow_env/lib/python3.9/site-packages/airflow/example_dags/tutorial_etl_dag.py for tasks to queue
[2021-07-16 03:28:48,141] {logging_mixin.py:104} INFO - [2021-07-16 03:28:48,141] {dagbag.py:496} INFO - Filling up the DagBag from /home/karuturihemanth/airflow_env/lib/python3.9/site-packages/airflow/example_dags/tutorial_etl_dag.py
[2021-07-16 03:28:48,151] {scheduler_job.py:643} INFO - DAG(s) dict_keys(['tutorial_etl_dag']) retrieved from /home/karuturihemanth/airflow_env/lib/python3.9/site-packages/airflow/example_dags/tutorial_etl_dag.py
[2021-07-16 03:28:48,164] {logging_mixin.py:104} INFO - [2021-07-16 03:28:48,164] {dag.py:1833} INFO - Sync 1 DAGs
[2021-07-16 03:28:48,174] {logging_mixin.py:104} INFO - [2021-07-16 03:28:48,173] {dag.py:2306} INFO - Setting next_dagrun for tutorial_etl_dag to None
[2021-07-16 03:28:48,185] {scheduler_job.py:190} INFO - Processing /home/karuturihemanth/airflow_env/lib/python3.9/site-packages/airflow/example_dags/tutorial_etl_dag.py took 0.049 seconds
[2021-07-16 03:29:19,609] {scheduler_job.py:182} INFO - Started process (PID=1434) to work on /home/karuturihemanth/airflow_env/lib/python3.9/site-packages/airflow/example_dags/tutorial_etl_dag.py
[2021-07-16 03:29:19,610] {scheduler_job.py:633} INFO - Processing file /home/karuturihemanth/airflow_env/lib/python3.9/site-packages/airflow/example_dags/tutorial_etl_dag.py for tasks to queue
[2021-07-16 03:29:19,611] {logging_mixin.py:104} INFO - [2021-07-16 03:29:19,611] {dagbag.py:496} INFO - Filling up the DagBag from /home/karuturihemanth/airflow_env/lib/python3.9/site-packages/airflow/example_dags/tutorial_etl_dag.py
[2021-07-16 03:29:19,621] {scheduler_job.py:643} INFO - DAG(s) dict_keys(['tutorial_etl_dag']) retrieved from /home/karuturihemanth/airflow_env/lib/python3.9/site-packages/airflow/example_dags/tutorial_etl_dag.py
[2021-07-16 03:29:19,633] {logging_mixin.py:104} INFO - [2021-07-16 03:29:19,633] {dag.py:1833} INFO - Sync 1 DAGs
[2021-07-16 03:29:19,642] {logging_mixin.py:104} INFO - [2021-07-16 03:29:19,642] {dag.py:2306} INFO - Setting next_dagrun for tutorial_etl_dag to None
[2021-07-16 03:29:19,654] {scheduler_job.py:190} INFO - Processing /home/karuturihemanth/airflow_env/lib/python3.9/site-packages/airflow/example_dags/tutorial_etl_dag.py took 0.047 seconds
[2021-07-16 03:29:51,235] {scheduler_job.py:182} INFO - Started process (PID=1466) to work on /home/karuturihemanth/airflow_env/lib/python3.9/site-packages/airflow/example_dags/tutorial_etl_dag.py
[2021-07-16 03:29:51,236] {scheduler_job.py:633} INFO - Processing file /home/karuturihemanth/airflow_env/lib/python3.9/site-packages/airflow/example_dags/tutorial_etl_dag.py for tasks to queue
[2021-07-16 03:29:51,236] {logging_mixin.py:104} INFO - [2021-07-16 03:29:51,236] {dagbag.py:496} INFO - Filling up the DagBag from /home/karuturihemanth/airflow_env/lib/python3.9/site-packages/airflow/example_dags/tutorial_etl_dag.py
[2021-07-16 03:29:51,246] {scheduler_job.py:643} INFO - DAG(s) dict_keys(['tutorial_etl_dag']) retrieved from /home/karuturihemanth/airflow_env/lib/python3.9/site-packages/airflow/example_dags/tutorial_etl_dag.py
[2021-07-16 03:29:51,259] {logging_mixin.py:104} INFO - [2021-07-16 03:29:51,259] {dag.py:1833} INFO - Sync 1 DAGs
[2021-07-16 03:29:51,268] {logging_mixin.py:104} INFO - [2021-07-16 03:29:51,268] {dag.py:2306} INFO - Setting next_dagrun for tutorial_etl_dag to None
[2021-07-16 03:29:51,280] {scheduler_job.py:190} INFO - Processing /home/karuturihemanth/airflow_env/lib/python3.9/site-packages/airflow/example_dags/tutorial_etl_dag.py took 0.049 seconds
[2021-07-16 03:30:23,833] {scheduler_job.py:182} INFO - Started process (PID=1500) to work on /home/karuturihemanth/airflow_env/lib/python3.9/site-packages/airflow/example_dags/tutorial_etl_dag.py
[2021-07-16 03:30:23,834] {scheduler_job.py:633} INFO - Processing file /home/karuturihemanth/airflow_env/lib/python3.9/site-packages/airflow/example_dags/tutorial_etl_dag.py for tasks to queue
[2021-07-16 03:30:23,835] {logging_mixin.py:104} INFO - [2021-07-16 03:30:23,835] {dagbag.py:496} INFO - Filling up the DagBag from /home/karuturihemanth/airflow_env/lib/python3.9/site-packages/airflow/example_dags/tutorial_etl_dag.py
[2021-07-16 03:30:23,845] {scheduler_job.py:643} INFO - DAG(s) dict_keys(['tutorial_etl_dag']) retrieved from /home/karuturihemanth/airflow_env/lib/python3.9/site-packages/airflow/example_dags/tutorial_etl_dag.py
[2021-07-16 03:30:23,858] {logging_mixin.py:104} INFO - [2021-07-16 03:30:23,858] {dag.py:1833} INFO - Sync 1 DAGs
[2021-07-16 03:30:23,867] {logging_mixin.py:104} INFO - [2021-07-16 03:30:23,867] {dag.py:2306} INFO - Setting next_dagrun for tutorial_etl_dag to None
[2021-07-16 03:30:23,879] {scheduler_job.py:190} INFO - Processing /home/karuturihemanth/airflow_env/lib/python3.9/site-packages/airflow/example_dags/tutorial_etl_dag.py took 0.049 seconds
[2021-07-16 03:30:58,190] {scheduler_job.py:182} INFO - Started process (PID=1533) to work on /home/karuturihemanth/airflow_env/lib/python3.9/site-packages/airflow/example_dags/tutorial_etl_dag.py
[2021-07-16 03:30:58,191] {scheduler_job.py:633} INFO - Processing file /home/karuturihemanth/airflow_env/lib/python3.9/site-packages/airflow/example_dags/tutorial_etl_dag.py for tasks to queue
[2021-07-16 03:30:58,192] {logging_mixin.py:104} INFO - [2021-07-16 03:30:58,192] {dagbag.py:496} INFO - Filling up the DagBag from /home/karuturihemanth/airflow_env/lib/python3.9/site-packages/airflow/example_dags/tutorial_etl_dag.py
[2021-07-16 03:30:58,202] {scheduler_job.py:643} INFO - DAG(s) dict_keys(['tutorial_etl_dag']) retrieved from /home/karuturihemanth/airflow_env/lib/python3.9/site-packages/airflow/example_dags/tutorial_etl_dag.py
[2021-07-16 03:30:58,216] {logging_mixin.py:104} INFO - [2021-07-16 03:30:58,216] {dag.py:1833} INFO - Sync 1 DAGs
[2021-07-16 03:30:58,226] {logging_mixin.py:104} INFO - [2021-07-16 03:30:58,225] {dag.py:2306} INFO - Setting next_dagrun for tutorial_etl_dag to None
[2021-07-16 03:30:58,237] {scheduler_job.py:190} INFO - Processing /home/karuturihemanth/airflow_env/lib/python3.9/site-packages/airflow/example_dags/tutorial_etl_dag.py took 0.050 seconds
[2021-07-16 03:31:30,811] {scheduler_job.py:182} INFO - Started process (PID=1567) to work on /home/karuturihemanth/airflow_env/lib/python3.9/site-packages/airflow/example_dags/tutorial_etl_dag.py
[2021-07-16 03:31:30,813] {scheduler_job.py:633} INFO - Processing file /home/karuturihemanth/airflow_env/lib/python3.9/site-packages/airflow/example_dags/tutorial_etl_dag.py for tasks to queue
[2021-07-16 03:31:30,814] {logging_mixin.py:104} INFO - [2021-07-16 03:31:30,814] {dagbag.py:496} INFO - Filling up the DagBag from /home/karuturihemanth/airflow_env/lib/python3.9/site-packages/airflow/example_dags/tutorial_etl_dag.py
[2021-07-16 03:31:30,823] {scheduler_job.py:643} INFO - DAG(s) dict_keys(['tutorial_etl_dag']) retrieved from /home/karuturihemanth/airflow_env/lib/python3.9/site-packages/airflow/example_dags/tutorial_etl_dag.py
[2021-07-16 03:31:30,837] {logging_mixin.py:104} INFO - [2021-07-16 03:31:30,837] {dag.py:1833} INFO - Sync 1 DAGs
[2021-07-16 03:31:30,847] {logging_mixin.py:104} INFO - [2021-07-16 03:31:30,846] {dag.py:2306} INFO - Setting next_dagrun for tutorial_etl_dag to None
[2021-07-16 03:31:30,859] {scheduler_job.py:190} INFO - Processing /home/karuturihemanth/airflow_env/lib/python3.9/site-packages/airflow/example_dags/tutorial_etl_dag.py took 0.050 seconds
[2021-07-16 03:32:06,092] {scheduler_job.py:182} INFO - Started process (PID=1850) to work on /home/karuturihemanth/airflow_env/lib/python3.9/site-packages/airflow/example_dags/tutorial_etl_dag.py
[2021-07-16 03:32:06,094] {scheduler_job.py:633} INFO - Processing file /home/karuturihemanth/airflow_env/lib/python3.9/site-packages/airflow/example_dags/tutorial_etl_dag.py for tasks to queue
[2021-07-16 03:32:06,095] {logging_mixin.py:104} INFO - [2021-07-16 03:32:06,095] {dagbag.py:496} INFO - Filling up the DagBag from /home/karuturihemanth/airflow_env/lib/python3.9/site-packages/airflow/example_dags/tutorial_etl_dag.py
[2021-07-16 03:32:06,107] {scheduler_job.py:643} INFO - DAG(s) dict_keys(['tutorial_etl_dag']) retrieved from /home/karuturihemanth/airflow_env/lib/python3.9/site-packages/airflow/example_dags/tutorial_etl_dag.py
[2021-07-16 03:32:06,120] {logging_mixin.py:104} INFO - [2021-07-16 03:32:06,120] {dag.py:1833} INFO - Sync 1 DAGs
[2021-07-16 03:32:06,130] {logging_mixin.py:104} INFO - [2021-07-16 03:32:06,130] {dag.py:2306} INFO - Setting next_dagrun for tutorial_etl_dag to None
[2021-07-16 03:32:06,142] {scheduler_job.py:190} INFO - Processing /home/karuturihemanth/airflow_env/lib/python3.9/site-packages/airflow/example_dags/tutorial_etl_dag.py took 0.054 seconds
[2021-07-16 03:32:47,047] {scheduler_job.py:182} INFO - Started process (PID=4345) to work on /home/karuturihemanth/airflow_env/lib/python3.9/site-packages/airflow/example_dags/tutorial_etl_dag.py
[2021-07-16 03:32:47,063] {scheduler_job.py:633} INFO - Processing file /home/karuturihemanth/airflow_env/lib/python3.9/site-packages/airflow/example_dags/tutorial_etl_dag.py for tasks to queue
[2021-07-16 03:32:47,064] {logging_mixin.py:104} INFO - [2021-07-16 03:32:47,064] {dagbag.py:496} INFO - Filling up the DagBag from /home/karuturihemanth/airflow_env/lib/python3.9/site-packages/airflow/example_dags/tutorial_etl_dag.py
[2021-07-16 03:32:47,114] {scheduler_job.py:643} INFO - DAG(s) dict_keys(['tutorial_etl_dag']) retrieved from /home/karuturihemanth/airflow_env/lib/python3.9/site-packages/airflow/example_dags/tutorial_etl_dag.py
[2021-07-16 03:32:47,128] {logging_mixin.py:104} INFO - [2021-07-16 03:32:47,128] {dag.py:1833} INFO - Sync 1 DAGs
[2021-07-16 03:32:47,137] {logging_mixin.py:104} INFO - [2021-07-16 03:32:47,137] {dag.py:2306} INFO - Setting next_dagrun for tutorial_etl_dag to None
[2021-07-16 03:32:47,200] {scheduler_job.py:190} INFO - Processing /home/karuturihemanth/airflow_env/lib/python3.9/site-packages/airflow/example_dags/tutorial_etl_dag.py took 0.157 seconds
[2021-07-16 03:33:40,392] {scheduler_job.py:182} INFO - Started process (PID=4646) to work on /home/karuturihemanth/airflow_env/lib/python3.9/site-packages/airflow/example_dags/tutorial_etl_dag.py
[2021-07-16 03:33:40,394] {scheduler_job.py:633} INFO - Processing file /home/karuturihemanth/airflow_env/lib/python3.9/site-packages/airflow/example_dags/tutorial_etl_dag.py for tasks to queue
[2021-07-16 03:33:40,395] {logging_mixin.py:104} INFO - [2021-07-16 03:33:40,395] {dagbag.py:496} INFO - Filling up the DagBag from /home/karuturihemanth/airflow_env/lib/python3.9/site-packages/airflow/example_dags/tutorial_etl_dag.py
[2021-07-16 03:33:40,410] {scheduler_job.py:643} INFO - DAG(s) dict_keys(['tutorial_etl_dag']) retrieved from /home/karuturihemanth/airflow_env/lib/python3.9/site-packages/airflow/example_dags/tutorial_etl_dag.py
[2021-07-16 03:33:40,427] {logging_mixin.py:104} INFO - [2021-07-16 03:33:40,426] {dag.py:1833} INFO - Sync 1 DAGs
[2021-07-16 03:33:40,440] {logging_mixin.py:104} INFO - [2021-07-16 03:33:40,440] {dag.py:2306} INFO - Setting next_dagrun for tutorial_etl_dag to None
[2021-07-16 03:33:40,455] {scheduler_job.py:190} INFO - Processing /home/karuturihemanth/airflow_env/lib/python3.9/site-packages/airflow/example_dags/tutorial_etl_dag.py took 0.068 seconds
[2021-07-16 03:34:11,958] {scheduler_job.py:182} INFO - Started process (PID=4676) to work on /home/karuturihemanth/airflow_env/lib/python3.9/site-packages/airflow/example_dags/tutorial_etl_dag.py
[2021-07-16 03:34:11,960] {scheduler_job.py:633} INFO - Processing file /home/karuturihemanth/airflow_env/lib/python3.9/site-packages/airflow/example_dags/tutorial_etl_dag.py for tasks to queue
[2021-07-16 03:34:11,961] {logging_mixin.py:104} INFO - [2021-07-16 03:34:11,961] {dagbag.py:496} INFO - Filling up the DagBag from /home/karuturihemanth/airflow_env/lib/python3.9/site-packages/airflow/example_dags/tutorial_etl_dag.py
[2021-07-16 03:34:11,972] {scheduler_job.py:643} INFO - DAG(s) dict_keys(['tutorial_etl_dag']) retrieved from /home/karuturihemanth/airflow_env/lib/python3.9/site-packages/airflow/example_dags/tutorial_etl_dag.py
[2021-07-16 03:34:11,985] {logging_mixin.py:104} INFO - [2021-07-16 03:34:11,985] {dag.py:1833} INFO - Sync 1 DAGs
[2021-07-16 03:34:11,994] {logging_mixin.py:104} INFO - [2021-07-16 03:34:11,994] {dag.py:2306} INFO - Setting next_dagrun for tutorial_etl_dag to None
[2021-07-16 03:34:12,007] {scheduler_job.py:190} INFO - Processing /home/karuturihemanth/airflow_env/lib/python3.9/site-packages/airflow/example_dags/tutorial_etl_dag.py took 0.052 seconds
[2021-07-16 03:34:46,310] {scheduler_job.py:182} INFO - Started process (PID=4765) to work on /home/karuturihemanth/airflow_env/lib/python3.9/site-packages/airflow/example_dags/tutorial_etl_dag.py
[2021-07-16 03:34:46,312] {scheduler_job.py:633} INFO - Processing file /home/karuturihemanth/airflow_env/lib/python3.9/site-packages/airflow/example_dags/tutorial_etl_dag.py for tasks to queue
[2021-07-16 03:34:46,313] {logging_mixin.py:104} INFO - [2021-07-16 03:34:46,313] {dagbag.py:496} INFO - Filling up the DagBag from /home/karuturihemanth/airflow_env/lib/python3.9/site-packages/airflow/example_dags/tutorial_etl_dag.py
[2021-07-16 03:34:46,325] {scheduler_job.py:643} INFO - DAG(s) dict_keys(['tutorial_etl_dag']) retrieved from /home/karuturihemanth/airflow_env/lib/python3.9/site-packages/airflow/example_dags/tutorial_etl_dag.py
[2021-07-16 03:34:46,339] {logging_mixin.py:104} INFO - [2021-07-16 03:34:46,338] {dag.py:1833} INFO - Sync 1 DAGs
[2021-07-16 03:34:46,349] {logging_mixin.py:104} INFO - [2021-07-16 03:34:46,348] {dag.py:2306} INFO - Setting next_dagrun for tutorial_etl_dag to None
[2021-07-16 03:34:46,361] {scheduler_job.py:190} INFO - Processing /home/karuturihemanth/airflow_env/lib/python3.9/site-packages/airflow/example_dags/tutorial_etl_dag.py took 0.054 seconds
[2021-07-16 03:35:21,464] {scheduler_job.py:182} INFO - Started process (PID=4811) to work on /home/karuturihemanth/airflow_env/lib/python3.9/site-packages/airflow/example_dags/tutorial_etl_dag.py
[2021-07-16 03:35:21,466] {scheduler_job.py:633} INFO - Processing file /home/karuturihemanth/airflow_env/lib/python3.9/site-packages/airflow/example_dags/tutorial_etl_dag.py for tasks to queue
[2021-07-16 03:35:21,467] {logging_mixin.py:104} INFO - [2021-07-16 03:35:21,467] {dagbag.py:496} INFO - Filling up the DagBag from /home/karuturihemanth/airflow_env/lib/python3.9/site-packages/airflow/example_dags/tutorial_etl_dag.py
[2021-07-16 03:35:21,478] {scheduler_job.py:643} INFO - DAG(s) dict_keys(['tutorial_etl_dag']) retrieved from /home/karuturihemanth/airflow_env/lib/python3.9/site-packages/airflow/example_dags/tutorial_etl_dag.py
[2021-07-16 03:35:21,492] {logging_mixin.py:104} INFO - [2021-07-16 03:35:21,492] {dag.py:1833} INFO - Sync 1 DAGs
[2021-07-16 03:35:21,501] {logging_mixin.py:104} INFO - [2021-07-16 03:35:21,501] {dag.py:2306} INFO - Setting next_dagrun for tutorial_etl_dag to None
[2021-07-16 03:35:21,515] {scheduler_job.py:190} INFO - Processing /home/karuturihemanth/airflow_env/lib/python3.9/site-packages/airflow/example_dags/tutorial_etl_dag.py took 0.054 seconds
[2021-07-16 03:35:57,328] {scheduler_job.py:182} INFO - Started process (PID=5018) to work on /home/karuturihemanth/airflow_env/lib/python3.9/site-packages/airflow/example_dags/tutorial_etl_dag.py
[2021-07-16 03:35:57,331] {scheduler_job.py:633} INFO - Processing file /home/karuturihemanth/airflow_env/lib/python3.9/site-packages/airflow/example_dags/tutorial_etl_dag.py for tasks to queue
[2021-07-16 03:35:57,332] {logging_mixin.py:104} INFO - [2021-07-16 03:35:57,332] {dagbag.py:496} INFO - Filling up the DagBag from /home/karuturihemanth/airflow_env/lib/python3.9/site-packages/airflow/example_dags/tutorial_etl_dag.py
[2021-07-16 03:35:57,347] {scheduler_job.py:643} INFO - DAG(s) dict_keys(['tutorial_etl_dag']) retrieved from /home/karuturihemanth/airflow_env/lib/python3.9/site-packages/airflow/example_dags/tutorial_etl_dag.py
[2021-07-16 03:35:57,365] {logging_mixin.py:104} INFO - [2021-07-16 03:35:57,365] {dag.py:1833} INFO - Sync 1 DAGs
[2021-07-16 03:35:57,378] {logging_mixin.py:104} INFO - [2021-07-16 03:35:57,378] {dag.py:2306} INFO - Setting next_dagrun for tutorial_etl_dag to None
[2021-07-16 03:35:57,394] {scheduler_job.py:190} INFO - Processing /home/karuturihemanth/airflow_env/lib/python3.9/site-packages/airflow/example_dags/tutorial_etl_dag.py took 0.069 seconds
[2021-07-16 03:36:29,710] {scheduler_job.py:182} INFO - Started process (PID=5079) to work on /home/karuturihemanth/airflow_env/lib/python3.9/site-packages/airflow/example_dags/tutorial_etl_dag.py
[2021-07-16 03:36:29,713] {scheduler_job.py:633} INFO - Processing file /home/karuturihemanth/airflow_env/lib/python3.9/site-packages/airflow/example_dags/tutorial_etl_dag.py for tasks to queue
[2021-07-16 03:36:29,714] {logging_mixin.py:104} INFO - [2021-07-16 03:36:29,714] {dagbag.py:496} INFO - Filling up the DagBag from /home/karuturihemanth/airflow_env/lib/python3.9/site-packages/airflow/example_dags/tutorial_etl_dag.py
[2021-07-16 03:36:29,725] {scheduler_job.py:643} INFO - DAG(s) dict_keys(['tutorial_etl_dag']) retrieved from /home/karuturihemanth/airflow_env/lib/python3.9/site-packages/airflow/example_dags/tutorial_etl_dag.py
[2021-07-16 03:36:29,739] {logging_mixin.py:104} INFO - [2021-07-16 03:36:29,739] {dag.py:1833} INFO - Sync 1 DAGs
[2021-07-16 03:36:29,749] {logging_mixin.py:104} INFO - [2021-07-16 03:36:29,748] {dag.py:2306} INFO - Setting next_dagrun for tutorial_etl_dag to None
[2021-07-16 03:36:29,761] {scheduler_job.py:190} INFO - Processing /home/karuturihemanth/airflow_env/lib/python3.9/site-packages/airflow/example_dags/tutorial_etl_dag.py took 0.055 seconds
[2021-07-16 03:37:03,527] {scheduler_job.py:182} INFO - Started process (PID=5112) to work on /home/karuturihemanth/airflow_env/lib/python3.9/site-packages/airflow/example_dags/tutorial_etl_dag.py
[2021-07-16 03:37:03,529] {scheduler_job.py:633} INFO - Processing file /home/karuturihemanth/airflow_env/lib/python3.9/site-packages/airflow/example_dags/tutorial_etl_dag.py for tasks to queue
[2021-07-16 03:37:03,529] {logging_mixin.py:104} INFO - [2021-07-16 03:37:03,529] {dagbag.py:496} INFO - Filling up the DagBag from /home/karuturihemanth/airflow_env/lib/python3.9/site-packages/airflow/example_dags/tutorial_etl_dag.py
[2021-07-16 03:37:03,542] {scheduler_job.py:643} INFO - DAG(s) dict_keys(['tutorial_etl_dag']) retrieved from /home/karuturihemanth/airflow_env/lib/python3.9/site-packages/airflow/example_dags/tutorial_etl_dag.py
[2021-07-16 03:37:03,555] {logging_mixin.py:104} INFO - [2021-07-16 03:37:03,555] {dag.py:1833} INFO - Sync 1 DAGs
[2021-07-16 03:37:03,565] {logging_mixin.py:104} INFO - [2021-07-16 03:37:03,565] {dag.py:2306} INFO - Setting next_dagrun for tutorial_etl_dag to None
[2021-07-16 03:37:03,577] {scheduler_job.py:190} INFO - Processing /home/karuturihemanth/airflow_env/lib/python3.9/site-packages/airflow/example_dags/tutorial_etl_dag.py took 0.053 seconds
[2021-07-16 03:37:36,430] {scheduler_job.py:182} INFO - Started process (PID=5144) to work on /home/karuturihemanth/airflow_env/lib/python3.9/site-packages/airflow/example_dags/tutorial_etl_dag.py
[2021-07-16 03:37:36,431] {scheduler_job.py:633} INFO - Processing file /home/karuturihemanth/airflow_env/lib/python3.9/site-packages/airflow/example_dags/tutorial_etl_dag.py for tasks to queue
[2021-07-16 03:37:36,431] {logging_mixin.py:104} INFO - [2021-07-16 03:37:36,431] {dagbag.py:496} INFO - Filling up the DagBag from /home/karuturihemanth/airflow_env/lib/python3.9/site-packages/airflow/example_dags/tutorial_etl_dag.py
[2021-07-16 03:37:36,446] {scheduler_job.py:643} INFO - DAG(s) dict_keys(['tutorial_etl_dag']) retrieved from /home/karuturihemanth/airflow_env/lib/python3.9/site-packages/airflow/example_dags/tutorial_etl_dag.py
[2021-07-16 03:37:36,459] {logging_mixin.py:104} INFO - [2021-07-16 03:37:36,459] {dag.py:1833} INFO - Sync 1 DAGs
[2021-07-16 03:37:36,469] {logging_mixin.py:104} INFO - [2021-07-16 03:37:36,469] {dag.py:2306} INFO - Setting next_dagrun for tutorial_etl_dag to None
[2021-07-16 03:37:36,482] {scheduler_job.py:190} INFO - Processing /home/karuturihemanth/airflow_env/lib/python3.9/site-packages/airflow/example_dags/tutorial_etl_dag.py took 0.055 seconds
[2021-07-16 03:38:09,543] {scheduler_job.py:182} INFO - Started process (PID=5179) to work on /home/karuturihemanth/airflow_env/lib/python3.9/site-packages/airflow/example_dags/tutorial_etl_dag.py
[2021-07-16 03:38:09,545] {scheduler_job.py:633} INFO - Processing file /home/karuturihemanth/airflow_env/lib/python3.9/site-packages/airflow/example_dags/tutorial_etl_dag.py for tasks to queue
[2021-07-16 03:38:09,546] {logging_mixin.py:104} INFO - [2021-07-16 03:38:09,546] {dagbag.py:496} INFO - Filling up the DagBag from /home/karuturihemanth/airflow_env/lib/python3.9/site-packages/airflow/example_dags/tutorial_etl_dag.py
[2021-07-16 03:38:09,556] {scheduler_job.py:643} INFO - DAG(s) dict_keys(['tutorial_etl_dag']) retrieved from /home/karuturihemanth/airflow_env/lib/python3.9/site-packages/airflow/example_dags/tutorial_etl_dag.py
[2021-07-16 03:38:09,570] {logging_mixin.py:104} INFO - [2021-07-16 03:38:09,570] {dag.py:1833} INFO - Sync 1 DAGs
[2021-07-16 03:38:09,580] {logging_mixin.py:104} INFO - [2021-07-16 03:38:09,580] {dag.py:2306} INFO - Setting next_dagrun for tutorial_etl_dag to None
[2021-07-16 03:38:09,592] {scheduler_job.py:190} INFO - Processing /home/karuturihemanth/airflow_env/lib/python3.9/site-packages/airflow/example_dags/tutorial_etl_dag.py took 0.052 seconds
[2021-07-16 03:38:45,693] {scheduler_job.py:182} INFO - Started process (PID=5214) to work on /home/karuturihemanth/airflow_env/lib/python3.9/site-packages/airflow/example_dags/tutorial_etl_dag.py
[2021-07-16 03:38:45,694] {scheduler_job.py:633} INFO - Processing file /home/karuturihemanth/airflow_env/lib/python3.9/site-packages/airflow/example_dags/tutorial_etl_dag.py for tasks to queue
[2021-07-16 03:38:45,694] {logging_mixin.py:104} INFO - [2021-07-16 03:38:45,694] {dagbag.py:496} INFO - Filling up the DagBag from /home/karuturihemanth/airflow_env/lib/python3.9/site-packages/airflow/example_dags/tutorial_etl_dag.py
[2021-07-16 03:38:45,704] {scheduler_job.py:643} INFO - DAG(s) dict_keys(['tutorial_etl_dag']) retrieved from /home/karuturihemanth/airflow_env/lib/python3.9/site-packages/airflow/example_dags/tutorial_etl_dag.py
[2021-07-16 03:38:45,717] {logging_mixin.py:104} INFO - [2021-07-16 03:38:45,717] {dag.py:1833} INFO - Sync 1 DAGs
[2021-07-16 03:38:45,726] {logging_mixin.py:104} INFO - [2021-07-16 03:38:45,726] {dag.py:2306} INFO - Setting next_dagrun for tutorial_etl_dag to None
[2021-07-16 03:38:45,738] {scheduler_job.py:190} INFO - Processing /home/karuturihemanth/airflow_env/lib/python3.9/site-packages/airflow/example_dags/tutorial_etl_dag.py took 0.048 seconds
[2021-07-16 03:39:17,631] {scheduler_job.py:182} INFO - Started process (PID=5246) to work on /home/karuturihemanth/airflow_env/lib/python3.9/site-packages/airflow/example_dags/tutorial_etl_dag.py
[2021-07-16 03:39:17,632] {scheduler_job.py:633} INFO - Processing file /home/karuturihemanth/airflow_env/lib/python3.9/site-packages/airflow/example_dags/tutorial_etl_dag.py for tasks to queue
[2021-07-16 03:39:17,632] {logging_mixin.py:104} INFO - [2021-07-16 03:39:17,632] {dagbag.py:496} INFO - Filling up the DagBag from /home/karuturihemanth/airflow_env/lib/python3.9/site-packages/airflow/example_dags/tutorial_etl_dag.py
[2021-07-16 03:39:17,642] {scheduler_job.py:643} INFO - DAG(s) dict_keys(['tutorial_etl_dag']) retrieved from /home/karuturihemanth/airflow_env/lib/python3.9/site-packages/airflow/example_dags/tutorial_etl_dag.py
[2021-07-16 03:39:17,655] {logging_mixin.py:104} INFO - [2021-07-16 03:39:17,655] {dag.py:1833} INFO - Sync 1 DAGs
[2021-07-16 03:39:17,665] {logging_mixin.py:104} INFO - [2021-07-16 03:39:17,665] {dag.py:2306} INFO - Setting next_dagrun for tutorial_etl_dag to None
[2021-07-16 03:39:17,677] {scheduler_job.py:190} INFO - Processing /home/karuturihemanth/airflow_env/lib/python3.9/site-packages/airflow/example_dags/tutorial_etl_dag.py took 0.049 seconds
[2021-07-16 03:39:51,365] {scheduler_job.py:182} INFO - Started process (PID=5279) to work on /home/karuturihemanth/airflow_env/lib/python3.9/site-packages/airflow/example_dags/tutorial_etl_dag.py
[2021-07-16 03:39:51,366] {scheduler_job.py:633} INFO - Processing file /home/karuturihemanth/airflow_env/lib/python3.9/site-packages/airflow/example_dags/tutorial_etl_dag.py for tasks to queue
[2021-07-16 03:39:51,367] {logging_mixin.py:104} INFO - [2021-07-16 03:39:51,367] {dagbag.py:496} INFO - Filling up the DagBag from /home/karuturihemanth/airflow_env/lib/python3.9/site-packages/airflow/example_dags/tutorial_etl_dag.py
[2021-07-16 03:39:51,377] {scheduler_job.py:643} INFO - DAG(s) dict_keys(['tutorial_etl_dag']) retrieved from /home/karuturihemanth/airflow_env/lib/python3.9/site-packages/airflow/example_dags/tutorial_etl_dag.py
[2021-07-16 03:39:51,390] {logging_mixin.py:104} INFO - [2021-07-16 03:39:51,390] {dag.py:1833} INFO - Sync 1 DAGs
[2021-07-16 03:39:51,400] {logging_mixin.py:104} INFO - [2021-07-16 03:39:51,399] {dag.py:2306} INFO - Setting next_dagrun for tutorial_etl_dag to None
[2021-07-16 03:39:51,412] {scheduler_job.py:190} INFO - Processing /home/karuturihemanth/airflow_env/lib/python3.9/site-packages/airflow/example_dags/tutorial_etl_dag.py took 0.050 seconds
[2021-07-16 03:40:27,220] {scheduler_job.py:182} INFO - Started process (PID=5314) to work on /home/karuturihemanth/airflow_env/lib/python3.9/site-packages/airflow/example_dags/tutorial_etl_dag.py
[2021-07-16 03:40:27,221] {scheduler_job.py:633} INFO - Processing file /home/karuturihemanth/airflow_env/lib/python3.9/site-packages/airflow/example_dags/tutorial_etl_dag.py for tasks to queue
[2021-07-16 03:40:27,221] {logging_mixin.py:104} INFO - [2021-07-16 03:40:27,221] {dagbag.py:496} INFO - Filling up the DagBag from /home/karuturihemanth/airflow_env/lib/python3.9/site-packages/airflow/example_dags/tutorial_etl_dag.py
[2021-07-16 03:40:27,231] {scheduler_job.py:643} INFO - DAG(s) dict_keys(['tutorial_etl_dag']) retrieved from /home/karuturihemanth/airflow_env/lib/python3.9/site-packages/airflow/example_dags/tutorial_etl_dag.py
[2021-07-16 03:40:27,244] {logging_mixin.py:104} INFO - [2021-07-16 03:40:27,244] {dag.py:1833} INFO - Sync 1 DAGs
[2021-07-16 03:40:27,254] {logging_mixin.py:104} INFO - [2021-07-16 03:40:27,253] {dag.py:2306} INFO - Setting next_dagrun for tutorial_etl_dag to None
[2021-07-16 03:40:27,266] {scheduler_job.py:190} INFO - Processing /home/karuturihemanth/airflow_env/lib/python3.9/site-packages/airflow/example_dags/tutorial_etl_dag.py took 0.050 seconds
[2021-07-16 03:40:58,199] {scheduler_job.py:182} INFO - Started process (PID=5346) to work on /home/karuturihemanth/airflow_env/lib/python3.9/site-packages/airflow/example_dags/tutorial_etl_dag.py
[2021-07-16 03:40:58,200] {scheduler_job.py:633} INFO - Processing file /home/karuturihemanth/airflow_env/lib/python3.9/site-packages/airflow/example_dags/tutorial_etl_dag.py for tasks to queue
[2021-07-16 03:40:58,200] {logging_mixin.py:104} INFO - [2021-07-16 03:40:58,200] {dagbag.py:496} INFO - Filling up the DagBag from /home/karuturihemanth/airflow_env/lib/python3.9/site-packages/airflow/example_dags/tutorial_etl_dag.py
[2021-07-16 03:40:58,213] {scheduler_job.py:643} INFO - DAG(s) dict_keys(['tutorial_etl_dag']) retrieved from /home/karuturihemanth/airflow_env/lib/python3.9/site-packages/airflow/example_dags/tutorial_etl_dag.py
[2021-07-16 03:40:58,226] {logging_mixin.py:104} INFO - [2021-07-16 03:40:58,226] {dag.py:1833} INFO - Sync 1 DAGs
[2021-07-16 03:40:58,236] {logging_mixin.py:104} INFO - [2021-07-16 03:40:58,236] {dag.py:2306} INFO - Setting next_dagrun for tutorial_etl_dag to None
[2021-07-16 03:40:58,250] {scheduler_job.py:190} INFO - Processing /home/karuturihemanth/airflow_env/lib/python3.9/site-packages/airflow/example_dags/tutorial_etl_dag.py took 0.054 seconds
[2021-07-16 03:41:30,712] {scheduler_job.py:182} INFO - Started process (PID=5378) to work on /home/karuturihemanth/airflow_env/lib/python3.9/site-packages/airflow/example_dags/tutorial_etl_dag.py
[2021-07-16 03:41:30,714] {scheduler_job.py:633} INFO - Processing file /home/karuturihemanth/airflow_env/lib/python3.9/site-packages/airflow/example_dags/tutorial_etl_dag.py for tasks to queue
[2021-07-16 03:41:30,715] {logging_mixin.py:104} INFO - [2021-07-16 03:41:30,715] {dagbag.py:496} INFO - Filling up the DagBag from /home/karuturihemanth/airflow_env/lib/python3.9/site-packages/airflow/example_dags/tutorial_etl_dag.py
[2021-07-16 03:41:30,726] {scheduler_job.py:643} INFO - DAG(s) dict_keys(['tutorial_etl_dag']) retrieved from /home/karuturihemanth/airflow_env/lib/python3.9/site-packages/airflow/example_dags/tutorial_etl_dag.py
[2021-07-16 03:41:30,741] {logging_mixin.py:104} INFO - [2021-07-16 03:41:30,741] {dag.py:1833} INFO - Sync 1 DAGs
[2021-07-16 03:41:30,751] {logging_mixin.py:104} INFO - [2021-07-16 03:41:30,751] {dag.py:2306} INFO - Setting next_dagrun for tutorial_etl_dag to None
[2021-07-16 03:41:30,765] {scheduler_job.py:190} INFO - Processing /home/karuturihemanth/airflow_env/lib/python3.9/site-packages/airflow/example_dags/tutorial_etl_dag.py took 0.056 seconds
[2021-07-16 03:51:25,677] {scheduler_job.py:182} INFO - Started process (PID=5587) to work on /home/karuturihemanth/airflow_env/lib/python3.9/site-packages/airflow/example_dags/tutorial_etl_dag.py
[2021-07-16 03:51:25,678] {scheduler_job.py:633} INFO - Processing file /home/karuturihemanth/airflow_env/lib/python3.9/site-packages/airflow/example_dags/tutorial_etl_dag.py for tasks to queue
[2021-07-16 03:51:25,678] {logging_mixin.py:104} INFO - [2021-07-16 03:51:25,678] {dagbag.py:496} INFO - Filling up the DagBag from /home/karuturihemanth/airflow_env/lib/python3.9/site-packages/airflow/example_dags/tutorial_etl_dag.py
[2021-07-16 03:51:25,689] {scheduler_job.py:643} INFO - DAG(s) dict_keys(['tutorial_etl_dag']) retrieved from /home/karuturihemanth/airflow_env/lib/python3.9/site-packages/airflow/example_dags/tutorial_etl_dag.py
[2021-07-16 03:51:26,356] {logging_mixin.py:104} INFO - [2021-07-16 03:51:26,356] {dag.py:1833} INFO - Sync 1 DAGs
[2021-07-16 03:51:26,462] {logging_mixin.py:104} INFO - [2021-07-16 03:51:26,462] {dag.py:2306} INFO - Setting next_dagrun for tutorial_etl_dag to None
[2021-07-16 03:51:26,687] {scheduler_job.py:190} INFO - Processing /home/karuturihemanth/airflow_env/lib/python3.9/site-packages/airflow/example_dags/tutorial_etl_dag.py took 1.014 seconds
[2021-07-16 03:53:23,044] {scheduler_job.py:182} INFO - Started process (PID=5782) to work on /home/karuturihemanth/airflow_env/lib/python3.9/site-packages/airflow/example_dags/tutorial_etl_dag.py
[2021-07-16 03:53:23,055] {scheduler_job.py:633} INFO - Processing file /home/karuturihemanth/airflow_env/lib/python3.9/site-packages/airflow/example_dags/tutorial_etl_dag.py for tasks to queue
[2021-07-16 03:53:23,056] {logging_mixin.py:104} INFO - [2021-07-16 03:53:23,056] {dagbag.py:496} INFO - Filling up the DagBag from /home/karuturihemanth/airflow_env/lib/python3.9/site-packages/airflow/example_dags/tutorial_etl_dag.py
[2021-07-16 03:53:23,085] {scheduler_job.py:643} INFO - DAG(s) dict_keys(['tutorial_etl_dag']) retrieved from /home/karuturihemanth/airflow_env/lib/python3.9/site-packages/airflow/example_dags/tutorial_etl_dag.py
[2021-07-16 03:53:23,753] {logging_mixin.py:104} INFO - [2021-07-16 03:53:23,753] {dag.py:1833} INFO - Sync 1 DAGs
[2021-07-16 03:53:23,858] {logging_mixin.py:104} INFO - [2021-07-16 03:53:23,858] {dag.py:2306} INFO - Setting next_dagrun for tutorial_etl_dag to None
[2021-07-16 03:53:24,078] {scheduler_job.py:190} INFO - Processing /home/karuturihemanth/airflow_env/lib/python3.9/site-packages/airflow/example_dags/tutorial_etl_dag.py took 1.038 seconds
[2021-07-16 10:00:17,048] {scheduler_job.py:182} INFO - Started process (PID=1111) to work on /home/karuturihemanth/airflow_env/lib/python3.9/site-packages/airflow/example_dags/tutorial_etl_dag.py
[2021-07-16 10:00:17,050] {scheduler_job.py:633} INFO - Processing file /home/karuturihemanth/airflow_env/lib/python3.9/site-packages/airflow/example_dags/tutorial_etl_dag.py for tasks to queue
[2021-07-16 10:00:17,050] {logging_mixin.py:104} INFO - [2021-07-16 10:00:17,050] {dagbag.py:496} INFO - Filling up the DagBag from /home/karuturihemanth/airflow_env/lib/python3.9/site-packages/airflow/example_dags/tutorial_etl_dag.py
[2021-07-16 10:00:17,060] {scheduler_job.py:643} INFO - DAG(s) dict_keys(['tutorial_etl_dag']) retrieved from /home/karuturihemanth/airflow_env/lib/python3.9/site-packages/airflow/example_dags/tutorial_etl_dag.py
[2021-07-16 10:00:17,722] {logging_mixin.py:104} INFO - [2021-07-16 10:00:17,722] {dag.py:1833} INFO - Sync 1 DAGs
[2021-07-16 10:00:17,828] {logging_mixin.py:104} INFO - [2021-07-16 10:00:17,828] {dag.py:2306} INFO - Setting next_dagrun for tutorial_etl_dag to None
[2021-07-16 10:00:18,050] {scheduler_job.py:190} INFO - Processing /home/karuturihemanth/airflow_env/lib/python3.9/site-packages/airflow/example_dags/tutorial_etl_dag.py took 1.005 seconds
[2021-07-16 10:00:48,704] {scheduler_job.py:182} INFO - Started process (PID=1278) to work on /home/karuturihemanth/airflow_env/lib/python3.9/site-packages/airflow/example_dags/tutorial_etl_dag.py
[2021-07-16 10:00:48,705] {scheduler_job.py:633} INFO - Processing file /home/karuturihemanth/airflow_env/lib/python3.9/site-packages/airflow/example_dags/tutorial_etl_dag.py for tasks to queue
[2021-07-16 10:00:48,705] {logging_mixin.py:104} INFO - [2021-07-16 10:00:48,705] {dagbag.py:496} INFO - Filling up the DagBag from /home/karuturihemanth/airflow_env/lib/python3.9/site-packages/airflow/example_dags/tutorial_etl_dag.py
[2021-07-16 10:00:48,714] {scheduler_job.py:643} INFO - DAG(s) dict_keys(['tutorial_etl_dag']) retrieved from /home/karuturihemanth/airflow_env/lib/python3.9/site-packages/airflow/example_dags/tutorial_etl_dag.py
[2021-07-16 10:00:49,376] {logging_mixin.py:104} INFO - [2021-07-16 10:00:49,376] {dag.py:1833} INFO - Sync 1 DAGs
[2021-07-16 10:00:49,479] {logging_mixin.py:104} INFO - [2021-07-16 10:00:49,479] {dag.py:2306} INFO - Setting next_dagrun for tutorial_etl_dag to None
[2021-07-16 10:00:49,701] {scheduler_job.py:190} INFO - Processing /home/karuturihemanth/airflow_env/lib/python3.9/site-packages/airflow/example_dags/tutorial_etl_dag.py took 1.000 seconds
[2021-07-16 10:01:20,788] {scheduler_job.py:182} INFO - Started process (PID=1444) to work on /home/karuturihemanth/airflow_env/lib/python3.9/site-packages/airflow/example_dags/tutorial_etl_dag.py
[2021-07-16 10:01:20,789] {scheduler_job.py:633} INFO - Processing file /home/karuturihemanth/airflow_env/lib/python3.9/site-packages/airflow/example_dags/tutorial_etl_dag.py for tasks to queue
[2021-07-16 10:01:20,789] {logging_mixin.py:104} INFO - [2021-07-16 10:01:20,789] {dagbag.py:496} INFO - Filling up the DagBag from /home/karuturihemanth/airflow_env/lib/python3.9/site-packages/airflow/example_dags/tutorial_etl_dag.py
[2021-07-16 10:01:20,798] {scheduler_job.py:643} INFO - DAG(s) dict_keys(['tutorial_etl_dag']) retrieved from /home/karuturihemanth/airflow_env/lib/python3.9/site-packages/airflow/example_dags/tutorial_etl_dag.py
[2021-07-16 10:01:21,479] {logging_mixin.py:104} INFO - [2021-07-16 10:01:21,479] {dag.py:1833} INFO - Sync 1 DAGs
[2021-07-16 10:01:21,583] {logging_mixin.py:104} INFO - [2021-07-16 10:01:21,583] {dag.py:2306} INFO - Setting next_dagrun for tutorial_etl_dag to None
[2021-07-16 10:01:21,811] {scheduler_job.py:190} INFO - Processing /home/karuturihemanth/airflow_env/lib/python3.9/site-packages/airflow/example_dags/tutorial_etl_dag.py took 1.025 seconds
[2021-07-16 10:01:52,469] {scheduler_job.py:182} INFO - Started process (PID=1623) to work on /home/karuturihemanth/airflow_env/lib/python3.9/site-packages/airflow/example_dags/tutorial_etl_dag.py
[2021-07-16 10:01:52,470] {scheduler_job.py:633} INFO - Processing file /home/karuturihemanth/airflow_env/lib/python3.9/site-packages/airflow/example_dags/tutorial_etl_dag.py for tasks to queue
[2021-07-16 10:01:52,471] {logging_mixin.py:104} INFO - [2021-07-16 10:01:52,471] {dagbag.py:496} INFO - Filling up the DagBag from /home/karuturihemanth/airflow_env/lib/python3.9/site-packages/airflow/example_dags/tutorial_etl_dag.py
[2021-07-16 10:01:52,480] {scheduler_job.py:643} INFO - DAG(s) dict_keys(['tutorial_etl_dag']) retrieved from /home/karuturihemanth/airflow_env/lib/python3.9/site-packages/airflow/example_dags/tutorial_etl_dag.py
[2021-07-16 10:01:53,144] {logging_mixin.py:104} INFO - [2021-07-16 10:01:53,143] {dag.py:1833} INFO - Sync 1 DAGs
[2021-07-16 10:01:53,248] {logging_mixin.py:104} INFO - [2021-07-16 10:01:53,248] {dag.py:2306} INFO - Setting next_dagrun for tutorial_etl_dag to None
[2021-07-16 10:01:53,468] {scheduler_job.py:190} INFO - Processing /home/karuturihemanth/airflow_env/lib/python3.9/site-packages/airflow/example_dags/tutorial_etl_dag.py took 1.004 seconds
[2021-07-16 10:02:24,542] {scheduler_job.py:182} INFO - Started process (PID=1798) to work on /home/karuturihemanth/airflow_env/lib/python3.9/site-packages/airflow/example_dags/tutorial_etl_dag.py
[2021-07-16 10:02:24,543] {scheduler_job.py:633} INFO - Processing file /home/karuturihemanth/airflow_env/lib/python3.9/site-packages/airflow/example_dags/tutorial_etl_dag.py for tasks to queue
[2021-07-16 10:02:24,543] {logging_mixin.py:104} INFO - [2021-07-16 10:02:24,543] {dagbag.py:496} INFO - Filling up the DagBag from /home/karuturihemanth/airflow_env/lib/python3.9/site-packages/airflow/example_dags/tutorial_etl_dag.py
[2021-07-16 10:02:24,554] {scheduler_job.py:643} INFO - DAG(s) dict_keys(['tutorial_etl_dag']) retrieved from /home/karuturihemanth/airflow_env/lib/python3.9/site-packages/airflow/example_dags/tutorial_etl_dag.py
[2021-07-16 10:02:25,213] {logging_mixin.py:104} INFO - [2021-07-16 10:02:25,213] {dag.py:1833} INFO - Sync 1 DAGs
[2021-07-16 10:02:25,316] {logging_mixin.py:104} INFO - [2021-07-16 10:02:25,315] {dag.py:2306} INFO - Setting next_dagrun for tutorial_etl_dag to None
[2021-07-16 10:02:25,535] {scheduler_job.py:190} INFO - Processing /home/karuturihemanth/airflow_env/lib/python3.9/site-packages/airflow/example_dags/tutorial_etl_dag.py took 0.997 seconds
[2021-07-16 10:02:56,210] {scheduler_job.py:182} INFO - Started process (PID=1965) to work on /home/karuturihemanth/airflow_env/lib/python3.9/site-packages/airflow/example_dags/tutorial_etl_dag.py
[2021-07-16 10:02:56,211] {scheduler_job.py:633} INFO - Processing file /home/karuturihemanth/airflow_env/lib/python3.9/site-packages/airflow/example_dags/tutorial_etl_dag.py for tasks to queue
[2021-07-16 10:02:56,211] {logging_mixin.py:104} INFO - [2021-07-16 10:02:56,211] {dagbag.py:496} INFO - Filling up the DagBag from /home/karuturihemanth/airflow_env/lib/python3.9/site-packages/airflow/example_dags/tutorial_etl_dag.py
[2021-07-16 10:02:56,223] {scheduler_job.py:643} INFO - DAG(s) dict_keys(['tutorial_etl_dag']) retrieved from /home/karuturihemanth/airflow_env/lib/python3.9/site-packages/airflow/example_dags/tutorial_etl_dag.py
[2021-07-16 10:02:56,867] {logging_mixin.py:104} INFO - [2021-07-16 10:02:56,867] {dag.py:1833} INFO - Sync 1 DAGs
[2021-07-16 10:02:56,967] {logging_mixin.py:104} INFO - [2021-07-16 10:02:56,967] {dag.py:2306} INFO - Setting next_dagrun for tutorial_etl_dag to None
[2021-07-16 10:02:57,183] {scheduler_job.py:190} INFO - Processing /home/karuturihemanth/airflow_env/lib/python3.9/site-packages/airflow/example_dags/tutorial_etl_dag.py took 0.976 seconds
[2021-07-16 10:03:27,780] {scheduler_job.py:182} INFO - Started process (PID=2135) to work on /home/karuturihemanth/airflow_env/lib/python3.9/site-packages/airflow/example_dags/tutorial_etl_dag.py
[2021-07-16 10:03:27,781] {scheduler_job.py:633} INFO - Processing file /home/karuturihemanth/airflow_env/lib/python3.9/site-packages/airflow/example_dags/tutorial_etl_dag.py for tasks to queue
[2021-07-16 10:03:27,782] {logging_mixin.py:104} INFO - [2021-07-16 10:03:27,782] {dagbag.py:496} INFO - Filling up the DagBag from /home/karuturihemanth/airflow_env/lib/python3.9/site-packages/airflow/example_dags/tutorial_etl_dag.py
[2021-07-16 10:03:27,792] {scheduler_job.py:643} INFO - DAG(s) dict_keys(['tutorial_etl_dag']) retrieved from /home/karuturihemanth/airflow_env/lib/python3.9/site-packages/airflow/example_dags/tutorial_etl_dag.py
[2021-07-16 10:03:28,452] {logging_mixin.py:104} INFO - [2021-07-16 10:03:28,452] {dag.py:1833} INFO - Sync 1 DAGs
[2021-07-16 10:03:28,556] {logging_mixin.py:104} INFO - [2021-07-16 10:03:28,555] {dag.py:2306} INFO - Setting next_dagrun for tutorial_etl_dag to None
[2021-07-16 10:03:28,785] {scheduler_job.py:190} INFO - Processing /home/karuturihemanth/airflow_env/lib/python3.9/site-packages/airflow/example_dags/tutorial_etl_dag.py took 1.008 seconds
[2021-07-16 10:03:59,771] {scheduler_job.py:182} INFO - Started process (PID=2302) to work on /home/karuturihemanth/airflow_env/lib/python3.9/site-packages/airflow/example_dags/tutorial_etl_dag.py
[2021-07-16 10:03:59,772] {scheduler_job.py:633} INFO - Processing file /home/karuturihemanth/airflow_env/lib/python3.9/site-packages/airflow/example_dags/tutorial_etl_dag.py for tasks to queue
[2021-07-16 10:03:59,773] {logging_mixin.py:104} INFO - [2021-07-16 10:03:59,773] {dagbag.py:496} INFO - Filling up the DagBag from /home/karuturihemanth/airflow_env/lib/python3.9/site-packages/airflow/example_dags/tutorial_etl_dag.py
[2021-07-16 10:03:59,784] {scheduler_job.py:643} INFO - DAG(s) dict_keys(['tutorial_etl_dag']) retrieved from /home/karuturihemanth/airflow_env/lib/python3.9/site-packages/airflow/example_dags/tutorial_etl_dag.py
[2021-07-16 10:04:00,445] {logging_mixin.py:104} INFO - [2021-07-16 10:04:00,445] {dag.py:1833} INFO - Sync 1 DAGs
[2021-07-16 10:04:00,548] {logging_mixin.py:104} INFO - [2021-07-16 10:04:00,548] {dag.py:2306} INFO - Setting next_dagrun for tutorial_etl_dag to None
[2021-07-16 10:04:00,769] {scheduler_job.py:190} INFO - Processing /home/karuturihemanth/airflow_env/lib/python3.9/site-packages/airflow/example_dags/tutorial_etl_dag.py took 1.001 seconds
[2021-07-16 10:04:31,230] {scheduler_job.py:182} INFO - Started process (PID=2464) to work on /home/karuturihemanth/airflow_env/lib/python3.9/site-packages/airflow/example_dags/tutorial_etl_dag.py
[2021-07-16 10:04:31,231] {scheduler_job.py:633} INFO - Processing file /home/karuturihemanth/airflow_env/lib/python3.9/site-packages/airflow/example_dags/tutorial_etl_dag.py for tasks to queue
[2021-07-16 10:04:31,231] {logging_mixin.py:104} INFO - [2021-07-16 10:04:31,231] {dagbag.py:496} INFO - Filling up the DagBag from /home/karuturihemanth/airflow_env/lib/python3.9/site-packages/airflow/example_dags/tutorial_etl_dag.py
[2021-07-16 10:04:31,243] {scheduler_job.py:643} INFO - DAG(s) dict_keys(['tutorial_etl_dag']) retrieved from /home/karuturihemanth/airflow_env/lib/python3.9/site-packages/airflow/example_dags/tutorial_etl_dag.py
[2021-07-16 10:04:31,916] {logging_mixin.py:104} INFO - [2021-07-16 10:04:31,916] {dag.py:1833} INFO - Sync 1 DAGs
[2021-07-16 10:04:32,022] {logging_mixin.py:104} INFO - [2021-07-16 10:04:32,022] {dag.py:2306} INFO - Setting next_dagrun for tutorial_etl_dag to None
[2021-07-16 10:04:32,251] {scheduler_job.py:190} INFO - Processing /home/karuturihemanth/airflow_env/lib/python3.9/site-packages/airflow/example_dags/tutorial_etl_dag.py took 1.025 seconds
[2021-07-16 10:05:02,702] {scheduler_job.py:182} INFO - Started process (PID=2630) to work on /home/karuturihemanth/airflow_env/lib/python3.9/site-packages/airflow/example_dags/tutorial_etl_dag.py
[2021-07-16 10:05:02,703] {scheduler_job.py:633} INFO - Processing file /home/karuturihemanth/airflow_env/lib/python3.9/site-packages/airflow/example_dags/tutorial_etl_dag.py for tasks to queue
[2021-07-16 10:05:02,703] {logging_mixin.py:104} INFO - [2021-07-16 10:05:02,703] {dagbag.py:496} INFO - Filling up the DagBag from /home/karuturihemanth/airflow_env/lib/python3.9/site-packages/airflow/example_dags/tutorial_etl_dag.py
[2021-07-16 10:05:02,716] {scheduler_job.py:643} INFO - DAG(s) dict_keys(['tutorial_etl_dag']) retrieved from /home/karuturihemanth/airflow_env/lib/python3.9/site-packages/airflow/example_dags/tutorial_etl_dag.py
[2021-07-16 10:05:03,385] {logging_mixin.py:104} INFO - [2021-07-16 10:05:03,385] {dag.py:1833} INFO - Sync 1 DAGs
[2021-07-16 10:05:03,490] {logging_mixin.py:104} INFO - [2021-07-16 10:05:03,490] {dag.py:2306} INFO - Setting next_dagrun for tutorial_etl_dag to None
[2021-07-16 10:05:03,713] {scheduler_job.py:190} INFO - Processing /home/karuturihemanth/airflow_env/lib/python3.9/site-packages/airflow/example_dags/tutorial_etl_dag.py took 1.014 seconds
[2021-07-16 10:05:34,801] {scheduler_job.py:182} INFO - Started process (PID=2797) to work on /home/karuturihemanth/airflow_env/lib/python3.9/site-packages/airflow/example_dags/tutorial_etl_dag.py
[2021-07-16 10:05:34,801] {scheduler_job.py:633} INFO - Processing file /home/karuturihemanth/airflow_env/lib/python3.9/site-packages/airflow/example_dags/tutorial_etl_dag.py for tasks to queue
[2021-07-16 10:05:34,802] {logging_mixin.py:104} INFO - [2021-07-16 10:05:34,802] {dagbag.py:496} INFO - Filling up the DagBag from /home/karuturihemanth/airflow_env/lib/python3.9/site-packages/airflow/example_dags/tutorial_etl_dag.py
[2021-07-16 10:05:34,811] {scheduler_job.py:643} INFO - DAG(s) dict_keys(['tutorial_etl_dag']) retrieved from /home/karuturihemanth/airflow_env/lib/python3.9/site-packages/airflow/example_dags/tutorial_etl_dag.py
[2021-07-16 10:05:35,464] {logging_mixin.py:104} INFO - [2021-07-16 10:05:35,464] {dag.py:1833} INFO - Sync 1 DAGs
[2021-07-16 10:05:35,567] {logging_mixin.py:104} INFO - [2021-07-16 10:05:35,567] {dag.py:2306} INFO - Setting next_dagrun for tutorial_etl_dag to None
[2021-07-16 10:05:35,784] {scheduler_job.py:190} INFO - Processing /home/karuturihemanth/airflow_env/lib/python3.9/site-packages/airflow/example_dags/tutorial_etl_dag.py took 0.986 seconds
[2021-07-16 10:06:06,792] {scheduler_job.py:182} INFO - Started process (PID=2963) to work on /home/karuturihemanth/airflow_env/lib/python3.9/site-packages/airflow/example_dags/tutorial_etl_dag.py
[2021-07-16 10:06:06,792] {scheduler_job.py:633} INFO - Processing file /home/karuturihemanth/airflow_env/lib/python3.9/site-packages/airflow/example_dags/tutorial_etl_dag.py for tasks to queue
[2021-07-16 10:06:06,793] {logging_mixin.py:104} INFO - [2021-07-16 10:06:06,793] {dagbag.py:496} INFO - Filling up the DagBag from /home/karuturihemanth/airflow_env/lib/python3.9/site-packages/airflow/example_dags/tutorial_etl_dag.py
[2021-07-16 10:06:06,803] {scheduler_job.py:643} INFO - DAG(s) dict_keys(['tutorial_etl_dag']) retrieved from /home/karuturihemanth/airflow_env/lib/python3.9/site-packages/airflow/example_dags/tutorial_etl_dag.py
[2021-07-16 10:06:07,474] {logging_mixin.py:104} INFO - [2021-07-16 10:06:07,474] {dag.py:1833} INFO - Sync 1 DAGs
[2021-07-16 10:06:07,576] {logging_mixin.py:104} INFO - [2021-07-16 10:06:07,576] {dag.py:2306} INFO - Setting next_dagrun for tutorial_etl_dag to None
[2021-07-16 10:06:07,796] {scheduler_job.py:190} INFO - Processing /home/karuturihemanth/airflow_env/lib/python3.9/site-packages/airflow/example_dags/tutorial_etl_dag.py took 1.008 seconds
[2021-07-16 10:06:38,601] {scheduler_job.py:182} INFO - Started process (PID=3130) to work on /home/karuturihemanth/airflow_env/lib/python3.9/site-packages/airflow/example_dags/tutorial_etl_dag.py
[2021-07-16 10:06:38,602] {scheduler_job.py:633} INFO - Processing file /home/karuturihemanth/airflow_env/lib/python3.9/site-packages/airflow/example_dags/tutorial_etl_dag.py for tasks to queue
[2021-07-16 10:06:38,602] {logging_mixin.py:104} INFO - [2021-07-16 10:06:38,602] {dagbag.py:496} INFO - Filling up the DagBag from /home/karuturihemanth/airflow_env/lib/python3.9/site-packages/airflow/example_dags/tutorial_etl_dag.py
[2021-07-16 10:06:38,612] {scheduler_job.py:643} INFO - DAG(s) dict_keys(['tutorial_etl_dag']) retrieved from /home/karuturihemanth/airflow_env/lib/python3.9/site-packages/airflow/example_dags/tutorial_etl_dag.py
[2021-07-16 10:06:39,272] {logging_mixin.py:104} INFO - [2021-07-16 10:06:39,272] {dag.py:1833} INFO - Sync 1 DAGs
[2021-07-16 10:06:39,376] {logging_mixin.py:104} INFO - [2021-07-16 10:06:39,376] {dag.py:2306} INFO - Setting next_dagrun for tutorial_etl_dag to None
[2021-07-16 10:06:39,597] {scheduler_job.py:190} INFO - Processing /home/karuturihemanth/airflow_env/lib/python3.9/site-packages/airflow/example_dags/tutorial_etl_dag.py took 0.999 seconds
[2021-07-16 10:07:10,567] {scheduler_job.py:182} INFO - Started process (PID=3296) to work on /home/karuturihemanth/airflow_env/lib/python3.9/site-packages/airflow/example_dags/tutorial_etl_dag.py
[2021-07-16 10:07:10,568] {scheduler_job.py:633} INFO - Processing file /home/karuturihemanth/airflow_env/lib/python3.9/site-packages/airflow/example_dags/tutorial_etl_dag.py for tasks to queue
[2021-07-16 10:07:10,569] {logging_mixin.py:104} INFO - [2021-07-16 10:07:10,569] {dagbag.py:496} INFO - Filling up the DagBag from /home/karuturihemanth/airflow_env/lib/python3.9/site-packages/airflow/example_dags/tutorial_etl_dag.py
[2021-07-16 10:07:10,578] {scheduler_job.py:643} INFO - DAG(s) dict_keys(['tutorial_etl_dag']) retrieved from /home/karuturihemanth/airflow_env/lib/python3.9/site-packages/airflow/example_dags/tutorial_etl_dag.py
[2021-07-16 10:07:11,249] {logging_mixin.py:104} INFO - [2021-07-16 10:07:11,248] {dag.py:1833} INFO - Sync 1 DAGs
[2021-07-16 10:07:11,353] {logging_mixin.py:104} INFO - [2021-07-16 10:07:11,353] {dag.py:2306} INFO - Setting next_dagrun for tutorial_etl_dag to None
[2021-07-16 10:07:11,572] {scheduler_job.py:190} INFO - Processing /home/karuturihemanth/airflow_env/lib/python3.9/site-packages/airflow/example_dags/tutorial_etl_dag.py took 1.008 seconds
[2021-07-16 10:07:42,205] {scheduler_job.py:182} INFO - Started process (PID=3463) to work on /home/karuturihemanth/airflow_env/lib/python3.9/site-packages/airflow/example_dags/tutorial_etl_dag.py
[2021-07-16 10:07:42,207] {scheduler_job.py:633} INFO - Processing file /home/karuturihemanth/airflow_env/lib/python3.9/site-packages/airflow/example_dags/tutorial_etl_dag.py for tasks to queue
[2021-07-16 10:07:42,207] {logging_mixin.py:104} INFO - [2021-07-16 10:07:42,207] {dagbag.py:496} INFO - Filling up the DagBag from /home/karuturihemanth/airflow_env/lib/python3.9/site-packages/airflow/example_dags/tutorial_etl_dag.py
[2021-07-16 10:07:42,218] {scheduler_job.py:643} INFO - DAG(s) dict_keys(['tutorial_etl_dag']) retrieved from /home/karuturihemanth/airflow_env/lib/python3.9/site-packages/airflow/example_dags/tutorial_etl_dag.py
[2021-07-16 10:07:42,868] {logging_mixin.py:104} INFO - [2021-07-16 10:07:42,868] {dag.py:1833} INFO - Sync 1 DAGs
[2021-07-16 10:07:42,970] {logging_mixin.py:104} INFO - [2021-07-16 10:07:42,970] {dag.py:2306} INFO - Setting next_dagrun for tutorial_etl_dag to None
[2021-07-16 10:07:43,186] {scheduler_job.py:190} INFO - Processing /home/karuturihemanth/airflow_env/lib/python3.9/site-packages/airflow/example_dags/tutorial_etl_dag.py took 0.985 seconds
[2021-07-16 10:08:14,284] {scheduler_job.py:182} INFO - Started process (PID=3629) to work on /home/karuturihemanth/airflow_env/lib/python3.9/site-packages/airflow/example_dags/tutorial_etl_dag.py
[2021-07-16 10:08:14,285] {scheduler_job.py:633} INFO - Processing file /home/karuturihemanth/airflow_env/lib/python3.9/site-packages/airflow/example_dags/tutorial_etl_dag.py for tasks to queue
[2021-07-16 10:08:14,286] {logging_mixin.py:104} INFO - [2021-07-16 10:08:14,286] {dagbag.py:496} INFO - Filling up the DagBag from /home/karuturihemanth/airflow_env/lib/python3.9/site-packages/airflow/example_dags/tutorial_etl_dag.py
[2021-07-16 10:08:14,296] {scheduler_job.py:643} INFO - DAG(s) dict_keys(['tutorial_etl_dag']) retrieved from /home/karuturihemanth/airflow_env/lib/python3.9/site-packages/airflow/example_dags/tutorial_etl_dag.py
[2021-07-16 10:08:14,960] {logging_mixin.py:104} INFO - [2021-07-16 10:08:14,960] {dag.py:1833} INFO - Sync 1 DAGs
[2021-07-16 10:08:15,064] {logging_mixin.py:104} INFO - [2021-07-16 10:08:15,064] {dag.py:2306} INFO - Setting next_dagrun for tutorial_etl_dag to None
[2021-07-16 10:08:15,285] {scheduler_job.py:190} INFO - Processing /home/karuturihemanth/airflow_env/lib/python3.9/site-packages/airflow/example_dags/tutorial_etl_dag.py took 1.004 seconds
[2021-07-16 10:08:46,026] {scheduler_job.py:182} INFO - Started process (PID=3797) to work on /home/karuturihemanth/airflow_env/lib/python3.9/site-packages/airflow/example_dags/tutorial_etl_dag.py
[2021-07-16 10:08:46,027] {scheduler_job.py:633} INFO - Processing file /home/karuturihemanth/airflow_env/lib/python3.9/site-packages/airflow/example_dags/tutorial_etl_dag.py for tasks to queue
[2021-07-16 10:08:46,027] {logging_mixin.py:104} INFO - [2021-07-16 10:08:46,027] {dagbag.py:496} INFO - Filling up the DagBag from /home/karuturihemanth/airflow_env/lib/python3.9/site-packages/airflow/example_dags/tutorial_etl_dag.py
[2021-07-16 10:08:46,036] {scheduler_job.py:643} INFO - DAG(s) dict_keys(['tutorial_etl_dag']) retrieved from /home/karuturihemanth/airflow_env/lib/python3.9/site-packages/airflow/example_dags/tutorial_etl_dag.py
[2021-07-16 10:08:46,686] {logging_mixin.py:104} INFO - [2021-07-16 10:08:46,686] {dag.py:1833} INFO - Sync 1 DAGs
[2021-07-16 10:08:46,789] {logging_mixin.py:104} INFO - [2021-07-16 10:08:46,788] {dag.py:2306} INFO - Setting next_dagrun for tutorial_etl_dag to None
[2021-07-16 10:08:47,011] {scheduler_job.py:190} INFO - Processing /home/karuturihemanth/airflow_env/lib/python3.9/site-packages/airflow/example_dags/tutorial_etl_dag.py took 0.989 seconds
[2021-07-16 10:09:18,046] {scheduler_job.py:182} INFO - Started process (PID=3963) to work on /home/karuturihemanth/airflow_env/lib/python3.9/site-packages/airflow/example_dags/tutorial_etl_dag.py
[2021-07-16 10:09:18,047] {scheduler_job.py:633} INFO - Processing file /home/karuturihemanth/airflow_env/lib/python3.9/site-packages/airflow/example_dags/tutorial_etl_dag.py for tasks to queue
[2021-07-16 10:09:18,047] {logging_mixin.py:104} INFO - [2021-07-16 10:09:18,047] {dagbag.py:496} INFO - Filling up the DagBag from /home/karuturihemanth/airflow_env/lib/python3.9/site-packages/airflow/example_dags/tutorial_etl_dag.py
[2021-07-16 10:09:18,057] {scheduler_job.py:643} INFO - DAG(s) dict_keys(['tutorial_etl_dag']) retrieved from /home/karuturihemanth/airflow_env/lib/python3.9/site-packages/airflow/example_dags/tutorial_etl_dag.py
[2021-07-16 10:09:18,716] {logging_mixin.py:104} INFO - [2021-07-16 10:09:18,715] {dag.py:1833} INFO - Sync 1 DAGs
[2021-07-16 10:09:18,819] {logging_mixin.py:104} INFO - [2021-07-16 10:09:18,819] {dag.py:2306} INFO - Setting next_dagrun for tutorial_etl_dag to None
[2021-07-16 10:09:19,038] {scheduler_job.py:190} INFO - Processing /home/karuturihemanth/airflow_env/lib/python3.9/site-packages/airflow/example_dags/tutorial_etl_dag.py took 0.995 seconds
[2021-07-16 10:09:49,783] {scheduler_job.py:182} INFO - Started process (PID=4130) to work on /home/karuturihemanth/airflow_env/lib/python3.9/site-packages/airflow/example_dags/tutorial_etl_dag.py
[2021-07-16 10:09:49,784] {scheduler_job.py:633} INFO - Processing file /home/karuturihemanth/airflow_env/lib/python3.9/site-packages/airflow/example_dags/tutorial_etl_dag.py for tasks to queue
[2021-07-16 10:09:49,785] {logging_mixin.py:104} INFO - [2021-07-16 10:09:49,785] {dagbag.py:496} INFO - Filling up the DagBag from /home/karuturihemanth/airflow_env/lib/python3.9/site-packages/airflow/example_dags/tutorial_etl_dag.py
[2021-07-16 10:09:49,794] {scheduler_job.py:643} INFO - DAG(s) dict_keys(['tutorial_etl_dag']) retrieved from /home/karuturihemanth/airflow_env/lib/python3.9/site-packages/airflow/example_dags/tutorial_etl_dag.py
[2021-07-16 10:09:50,450] {logging_mixin.py:104} INFO - [2021-07-16 10:09:50,450] {dag.py:1833} INFO - Sync 1 DAGs
[2021-07-16 10:09:50,552] {logging_mixin.py:104} INFO - [2021-07-16 10:09:50,552] {dag.py:2306} INFO - Setting next_dagrun for tutorial_etl_dag to None
[2021-07-16 10:09:50,769] {scheduler_job.py:190} INFO - Processing /home/karuturihemanth/airflow_env/lib/python3.9/site-packages/airflow/example_dags/tutorial_etl_dag.py took 0.989 seconds
[2021-07-16 10:10:22,038] {scheduler_job.py:182} INFO - Started process (PID=4296) to work on /home/karuturihemanth/airflow_env/lib/python3.9/site-packages/airflow/example_dags/tutorial_etl_dag.py
[2021-07-16 10:10:22,039] {scheduler_job.py:633} INFO - Processing file /home/karuturihemanth/airflow_env/lib/python3.9/site-packages/airflow/example_dags/tutorial_etl_dag.py for tasks to queue
[2021-07-16 10:10:22,039] {logging_mixin.py:104} INFO - [2021-07-16 10:10:22,039] {dagbag.py:496} INFO - Filling up the DagBag from /home/karuturihemanth/airflow_env/lib/python3.9/site-packages/airflow/example_dags/tutorial_etl_dag.py
[2021-07-16 10:10:22,051] {scheduler_job.py:643} INFO - DAG(s) dict_keys(['tutorial_etl_dag']) retrieved from /home/karuturihemanth/airflow_env/lib/python3.9/site-packages/airflow/example_dags/tutorial_etl_dag.py
[2021-07-16 10:10:22,711] {logging_mixin.py:104} INFO - [2021-07-16 10:10:22,711] {dag.py:1833} INFO - Sync 1 DAGs
[2021-07-16 10:10:22,815] {logging_mixin.py:104} INFO - [2021-07-16 10:10:22,815] {dag.py:2306} INFO - Setting next_dagrun for tutorial_etl_dag to None
[2021-07-16 10:10:23,041] {scheduler_job.py:190} INFO - Processing /home/karuturihemanth/airflow_env/lib/python3.9/site-packages/airflow/example_dags/tutorial_etl_dag.py took 1.007 seconds
[2021-07-16 10:10:53,648] {scheduler_job.py:182} INFO - Started process (PID=4463) to work on /home/karuturihemanth/airflow_env/lib/python3.9/site-packages/airflow/example_dags/tutorial_etl_dag.py
[2021-07-16 10:10:53,649] {scheduler_job.py:633} INFO - Processing file /home/karuturihemanth/airflow_env/lib/python3.9/site-packages/airflow/example_dags/tutorial_etl_dag.py for tasks to queue
[2021-07-16 10:10:53,650] {logging_mixin.py:104} INFO - [2021-07-16 10:10:53,650] {dagbag.py:496} INFO - Filling up the DagBag from /home/karuturihemanth/airflow_env/lib/python3.9/site-packages/airflow/example_dags/tutorial_etl_dag.py
[2021-07-16 10:10:53,659] {scheduler_job.py:643} INFO - DAG(s) dict_keys(['tutorial_etl_dag']) retrieved from /home/karuturihemanth/airflow_env/lib/python3.9/site-packages/airflow/example_dags/tutorial_etl_dag.py
[2021-07-16 10:10:54,322] {logging_mixin.py:104} INFO - [2021-07-16 10:10:54,322] {dag.py:1833} INFO - Sync 1 DAGs
[2021-07-16 10:10:54,426] {logging_mixin.py:104} INFO - [2021-07-16 10:10:54,426] {dag.py:2306} INFO - Setting next_dagrun for tutorial_etl_dag to None
[2021-07-16 10:10:54,647] {scheduler_job.py:190} INFO - Processing /home/karuturihemanth/airflow_env/lib/python3.9/site-packages/airflow/example_dags/tutorial_etl_dag.py took 1.004 seconds
[2021-07-16 10:11:25,228] {scheduler_job.py:182} INFO - Started process (PID=4629) to work on /home/karuturihemanth/airflow_env/lib/python3.9/site-packages/airflow/example_dags/tutorial_etl_dag.py
[2021-07-16 10:11:25,229] {scheduler_job.py:633} INFO - Processing file /home/karuturihemanth/airflow_env/lib/python3.9/site-packages/airflow/example_dags/tutorial_etl_dag.py for tasks to queue
[2021-07-16 10:11:25,230] {logging_mixin.py:104} INFO - [2021-07-16 10:11:25,230] {dagbag.py:496} INFO - Filling up the DagBag from /home/karuturihemanth/airflow_env/lib/python3.9/site-packages/airflow/example_dags/tutorial_etl_dag.py
[2021-07-16 10:11:25,239] {scheduler_job.py:643} INFO - DAG(s) dict_keys(['tutorial_etl_dag']) retrieved from /home/karuturihemanth/airflow_env/lib/python3.9/site-packages/airflow/example_dags/tutorial_etl_dag.py
[2021-07-16 10:11:25,893] {logging_mixin.py:104} INFO - [2021-07-16 10:11:25,893] {dag.py:1833} INFO - Sync 1 DAGs
[2021-07-16 10:11:25,995] {logging_mixin.py:104} INFO - [2021-07-16 10:11:25,995] {dag.py:2306} INFO - Setting next_dagrun for tutorial_etl_dag to None
[2021-07-16 10:11:26,216] {scheduler_job.py:190} INFO - Processing /home/karuturihemanth/airflow_env/lib/python3.9/site-packages/airflow/example_dags/tutorial_etl_dag.py took 0.992 seconds
[2021-07-16 10:11:57,314] {scheduler_job.py:182} INFO - Started process (PID=4796) to work on /home/karuturihemanth/airflow_env/lib/python3.9/site-packages/airflow/example_dags/tutorial_etl_dag.py
[2021-07-16 10:11:57,316] {scheduler_job.py:633} INFO - Processing file /home/karuturihemanth/airflow_env/lib/python3.9/site-packages/airflow/example_dags/tutorial_etl_dag.py for tasks to queue
[2021-07-16 10:11:57,316] {logging_mixin.py:104} INFO - [2021-07-16 10:11:57,316] {dagbag.py:496} INFO - Filling up the DagBag from /home/karuturihemanth/airflow_env/lib/python3.9/site-packages/airflow/example_dags/tutorial_etl_dag.py
[2021-07-16 10:11:57,325] {scheduler_job.py:643} INFO - DAG(s) dict_keys(['tutorial_etl_dag']) retrieved from /home/karuturihemanth/airflow_env/lib/python3.9/site-packages/airflow/example_dags/tutorial_etl_dag.py
[2021-07-16 10:11:57,977] {logging_mixin.py:104} INFO - [2021-07-16 10:11:57,977] {dag.py:1833} INFO - Sync 1 DAGs
[2021-07-16 10:11:58,078] {logging_mixin.py:104} INFO - [2021-07-16 10:11:58,078] {dag.py:2306} INFO - Setting next_dagrun for tutorial_etl_dag to None
[2021-07-16 10:11:58,294] {scheduler_job.py:190} INFO - Processing /home/karuturihemanth/airflow_env/lib/python3.9/site-packages/airflow/example_dags/tutorial_etl_dag.py took 0.982 seconds
[2021-07-16 10:12:29,129] {scheduler_job.py:182} INFO - Started process (PID=4964) to work on /home/karuturihemanth/airflow_env/lib/python3.9/site-packages/airflow/example_dags/tutorial_etl_dag.py
[2021-07-16 10:12:29,130] {scheduler_job.py:633} INFO - Processing file /home/karuturihemanth/airflow_env/lib/python3.9/site-packages/airflow/example_dags/tutorial_etl_dag.py for tasks to queue
[2021-07-16 10:12:29,131] {logging_mixin.py:104} INFO - [2021-07-16 10:12:29,131] {dagbag.py:496} INFO - Filling up the DagBag from /home/karuturihemanth/airflow_env/lib/python3.9/site-packages/airflow/example_dags/tutorial_etl_dag.py
[2021-07-16 10:12:29,144] {scheduler_job.py:643} INFO - DAG(s) dict_keys(['tutorial_etl_dag']) retrieved from /home/karuturihemanth/airflow_env/lib/python3.9/site-packages/airflow/example_dags/tutorial_etl_dag.py
[2021-07-16 10:12:29,789] {logging_mixin.py:104} INFO - [2021-07-16 10:12:29,789] {dag.py:1833} INFO - Sync 1 DAGs
[2021-07-16 10:12:29,891] {logging_mixin.py:104} INFO - [2021-07-16 10:12:29,891] {dag.py:2306} INFO - Setting next_dagrun for tutorial_etl_dag to None
[2021-07-16 10:12:30,105] {scheduler_job.py:190} INFO - Processing /home/karuturihemanth/airflow_env/lib/python3.9/site-packages/airflow/example_dags/tutorial_etl_dag.py took 0.980 seconds
[2021-07-16 10:13:00,494] {scheduler_job.py:182} INFO - Started process (PID=5129) to work on /home/karuturihemanth/airflow_env/lib/python3.9/site-packages/airflow/example_dags/tutorial_etl_dag.py
[2021-07-16 10:13:00,495] {scheduler_job.py:633} INFO - Processing file /home/karuturihemanth/airflow_env/lib/python3.9/site-packages/airflow/example_dags/tutorial_etl_dag.py for tasks to queue
[2021-07-16 10:13:00,495] {logging_mixin.py:104} INFO - [2021-07-16 10:13:00,495] {dagbag.py:496} INFO - Filling up the DagBag from /home/karuturihemanth/airflow_env/lib/python3.9/site-packages/airflow/example_dags/tutorial_etl_dag.py
[2021-07-16 10:13:00,504] {scheduler_job.py:643} INFO - DAG(s) dict_keys(['tutorial_etl_dag']) retrieved from /home/karuturihemanth/airflow_env/lib/python3.9/site-packages/airflow/example_dags/tutorial_etl_dag.py
[2021-07-16 10:13:01,157] {logging_mixin.py:104} INFO - [2021-07-16 10:13:01,157] {dag.py:1833} INFO - Sync 1 DAGs
[2021-07-16 10:13:01,257] {logging_mixin.py:104} INFO - [2021-07-16 10:13:01,257] {dag.py:2306} INFO - Setting next_dagrun for tutorial_etl_dag to None
[2021-07-16 10:13:01,472] {scheduler_job.py:190} INFO - Processing /home/karuturihemanth/airflow_env/lib/python3.9/site-packages/airflow/example_dags/tutorial_etl_dag.py took 0.982 seconds
[2021-07-16 10:13:31,871] {scheduler_job.py:182} INFO - Started process (PID=5298) to work on /home/karuturihemanth/airflow_env/lib/python3.9/site-packages/airflow/example_dags/tutorial_etl_dag.py
[2021-07-16 10:13:31,873] {scheduler_job.py:633} INFO - Processing file /home/karuturihemanth/airflow_env/lib/python3.9/site-packages/airflow/example_dags/tutorial_etl_dag.py for tasks to queue
[2021-07-16 10:13:31,874] {logging_mixin.py:104} INFO - [2021-07-16 10:13:31,874] {dagbag.py:496} INFO - Filling up the DagBag from /home/karuturihemanth/airflow_env/lib/python3.9/site-packages/airflow/example_dags/tutorial_etl_dag.py
[2021-07-16 10:13:31,884] {scheduler_job.py:643} INFO - DAG(s) dict_keys(['tutorial_etl_dag']) retrieved from /home/karuturihemanth/airflow_env/lib/python3.9/site-packages/airflow/example_dags/tutorial_etl_dag.py
[2021-07-16 10:13:32,561] {logging_mixin.py:104} INFO - [2021-07-16 10:13:32,561] {dag.py:1833} INFO - Sync 1 DAGs
[2021-07-16 10:13:32,677] {logging_mixin.py:104} INFO - [2021-07-16 10:13:32,677] {dag.py:2306} INFO - Setting next_dagrun for tutorial_etl_dag to None
[2021-07-16 10:13:32,906] {scheduler_job.py:190} INFO - Processing /home/karuturihemanth/airflow_env/lib/python3.9/site-packages/airflow/example_dags/tutorial_etl_dag.py took 1.042 seconds
[2021-07-16 10:14:03,935] {scheduler_job.py:182} INFO - Started process (PID=5464) to work on /home/karuturihemanth/airflow_env/lib/python3.9/site-packages/airflow/example_dags/tutorial_etl_dag.py
[2021-07-16 10:14:03,936] {scheduler_job.py:633} INFO - Processing file /home/karuturihemanth/airflow_env/lib/python3.9/site-packages/airflow/example_dags/tutorial_etl_dag.py for tasks to queue
[2021-07-16 10:14:03,936] {logging_mixin.py:104} INFO - [2021-07-16 10:14:03,936] {dagbag.py:496} INFO - Filling up the DagBag from /home/karuturihemanth/airflow_env/lib/python3.9/site-packages/airflow/example_dags/tutorial_etl_dag.py
[2021-07-16 10:14:03,948] {scheduler_job.py:643} INFO - DAG(s) dict_keys(['tutorial_etl_dag']) retrieved from /home/karuturihemanth/airflow_env/lib/python3.9/site-packages/airflow/example_dags/tutorial_etl_dag.py
[2021-07-16 10:14:04,627] {logging_mixin.py:104} INFO - [2021-07-16 10:14:04,626] {dag.py:1833} INFO - Sync 1 DAGs
[2021-07-16 10:14:04,732] {logging_mixin.py:104} INFO - [2021-07-16 10:14:04,732] {dag.py:2306} INFO - Setting next_dagrun for tutorial_etl_dag to None
[2021-07-16 10:14:04,958] {scheduler_job.py:190} INFO - Processing /home/karuturihemanth/airflow_env/lib/python3.9/site-packages/airflow/example_dags/tutorial_etl_dag.py took 1.027 seconds
[2021-07-16 10:14:35,460] {scheduler_job.py:182} INFO - Started process (PID=5631) to work on /home/karuturihemanth/airflow_env/lib/python3.9/site-packages/airflow/example_dags/tutorial_etl_dag.py
[2021-07-16 10:14:35,462] {scheduler_job.py:633} INFO - Processing file /home/karuturihemanth/airflow_env/lib/python3.9/site-packages/airflow/example_dags/tutorial_etl_dag.py for tasks to queue
[2021-07-16 10:14:35,462] {logging_mixin.py:104} INFO - [2021-07-16 10:14:35,462] {dagbag.py:496} INFO - Filling up the DagBag from /home/karuturihemanth/airflow_env/lib/python3.9/site-packages/airflow/example_dags/tutorial_etl_dag.py
[2021-07-16 10:14:35,471] {scheduler_job.py:643} INFO - DAG(s) dict_keys(['tutorial_etl_dag']) retrieved from /home/karuturihemanth/airflow_env/lib/python3.9/site-packages/airflow/example_dags/tutorial_etl_dag.py
[2021-07-16 10:14:36,154] {logging_mixin.py:104} INFO - [2021-07-16 10:14:36,154] {dag.py:1833} INFO - Sync 1 DAGs
[2021-07-16 10:14:36,260] {logging_mixin.py:104} INFO - [2021-07-16 10:14:36,260] {dag.py:2306} INFO - Setting next_dagrun for tutorial_etl_dag to None
[2021-07-16 10:14:36,486] {scheduler_job.py:190} INFO - Processing /home/karuturihemanth/airflow_env/lib/python3.9/site-packages/airflow/example_dags/tutorial_etl_dag.py took 1.029 seconds
[2021-07-16 11:12:16,728] {scheduler_job.py:182} INFO - Started process (PID=6824) to work on /home/karuturihemanth/airflow_env/lib/python3.9/site-packages/airflow/example_dags/tutorial_etl_dag.py
[2021-07-16 11:12:16,729] {scheduler_job.py:633} INFO - Processing file /home/karuturihemanth/airflow_env/lib/python3.9/site-packages/airflow/example_dags/tutorial_etl_dag.py for tasks to queue
[2021-07-16 11:12:16,730] {logging_mixin.py:104} INFO - [2021-07-16 11:12:16,729] {dagbag.py:496} INFO - Filling up the DagBag from /home/karuturihemanth/airflow_env/lib/python3.9/site-packages/airflow/example_dags/tutorial_etl_dag.py
[2021-07-16 11:12:16,739] {scheduler_job.py:643} INFO - DAG(s) dict_keys(['tutorial_etl_dag']) retrieved from /home/karuturihemanth/airflow_env/lib/python3.9/site-packages/airflow/example_dags/tutorial_etl_dag.py
[2021-07-16 11:12:17,394] {logging_mixin.py:104} INFO - [2021-07-16 11:12:17,394] {dag.py:1833} INFO - Sync 1 DAGs
[2021-07-16 11:12:17,506] {logging_mixin.py:104} INFO - [2021-07-16 11:12:17,506] {dag.py:2306} INFO - Setting next_dagrun for tutorial_etl_dag to None
[2021-07-16 11:12:17,727] {scheduler_job.py:190} INFO - Processing /home/karuturihemanth/airflow_env/lib/python3.9/site-packages/airflow/example_dags/tutorial_etl_dag.py took 1.002 seconds
[2021-07-16 11:12:48,198] {scheduler_job.py:182} INFO - Started process (PID=6868) to work on /home/karuturihemanth/airflow_env/lib/python3.9/site-packages/airflow/example_dags/tutorial_etl_dag.py
[2021-07-16 11:12:48,199] {scheduler_job.py:633} INFO - Processing file /home/karuturihemanth/airflow_env/lib/python3.9/site-packages/airflow/example_dags/tutorial_etl_dag.py for tasks to queue
[2021-07-16 11:12:48,200] {logging_mixin.py:104} INFO - [2021-07-16 11:12:48,200] {dagbag.py:496} INFO - Filling up the DagBag from /home/karuturihemanth/airflow_env/lib/python3.9/site-packages/airflow/example_dags/tutorial_etl_dag.py
[2021-07-16 11:12:48,210] {scheduler_job.py:643} INFO - DAG(s) dict_keys(['tutorial_etl_dag']) retrieved from /home/karuturihemanth/airflow_env/lib/python3.9/site-packages/airflow/example_dags/tutorial_etl_dag.py
[2021-07-16 11:12:48,854] {logging_mixin.py:104} INFO - [2021-07-16 11:12:48,854] {dag.py:1833} INFO - Sync 1 DAGs
[2021-07-16 11:12:48,957] {logging_mixin.py:104} INFO - [2021-07-16 11:12:48,957] {dag.py:2306} INFO - Setting next_dagrun for tutorial_etl_dag to None
[2021-07-16 11:12:49,175] {scheduler_job.py:190} INFO - Processing /home/karuturihemanth/airflow_env/lib/python3.9/site-packages/airflow/example_dags/tutorial_etl_dag.py took 0.982 seconds
[2021-07-16 11:13:19,780] {scheduler_job.py:182} INFO - Started process (PID=6902) to work on /home/karuturihemanth/airflow_env/lib/python3.9/site-packages/airflow/example_dags/tutorial_etl_dag.py
[2021-07-16 11:13:19,781] {scheduler_job.py:633} INFO - Processing file /home/karuturihemanth/airflow_env/lib/python3.9/site-packages/airflow/example_dags/tutorial_etl_dag.py for tasks to queue
[2021-07-16 11:13:19,782] {logging_mixin.py:104} INFO - [2021-07-16 11:13:19,782] {dagbag.py:496} INFO - Filling up the DagBag from /home/karuturihemanth/airflow_env/lib/python3.9/site-packages/airflow/example_dags/tutorial_etl_dag.py
[2021-07-16 11:13:19,794] {scheduler_job.py:643} INFO - DAG(s) dict_keys(['tutorial_etl_dag']) retrieved from /home/karuturihemanth/airflow_env/lib/python3.9/site-packages/airflow/example_dags/tutorial_etl_dag.py
[2021-07-16 11:13:20,464] {logging_mixin.py:104} INFO - [2021-07-16 11:13:20,464] {dag.py:1833} INFO - Sync 1 DAGs
[2021-07-16 11:13:20,571] {logging_mixin.py:104} INFO - [2021-07-16 11:13:20,571] {dag.py:2306} INFO - Setting next_dagrun for tutorial_etl_dag to None
[2021-07-16 11:13:20,794] {scheduler_job.py:190} INFO - Processing /home/karuturihemanth/airflow_env/lib/python3.9/site-packages/airflow/example_dags/tutorial_etl_dag.py took 1.017 seconds
[2021-07-16 11:13:51,310] {scheduler_job.py:182} INFO - Started process (PID=6937) to work on /home/karuturihemanth/airflow_env/lib/python3.9/site-packages/airflow/example_dags/tutorial_etl_dag.py
[2021-07-16 11:13:51,311] {scheduler_job.py:633} INFO - Processing file /home/karuturihemanth/airflow_env/lib/python3.9/site-packages/airflow/example_dags/tutorial_etl_dag.py for tasks to queue
[2021-07-16 11:13:51,311] {logging_mixin.py:104} INFO - [2021-07-16 11:13:51,311] {dagbag.py:496} INFO - Filling up the DagBag from /home/karuturihemanth/airflow_env/lib/python3.9/site-packages/airflow/example_dags/tutorial_etl_dag.py
[2021-07-16 11:13:51,321] {scheduler_job.py:643} INFO - DAG(s) dict_keys(['tutorial_etl_dag']) retrieved from /home/karuturihemanth/airflow_env/lib/python3.9/site-packages/airflow/example_dags/tutorial_etl_dag.py
[2021-07-16 11:13:51,980] {logging_mixin.py:104} INFO - [2021-07-16 11:13:51,980] {dag.py:1833} INFO - Sync 1 DAGs
[2021-07-16 11:13:52,083] {logging_mixin.py:104} INFO - [2021-07-16 11:13:52,083] {dag.py:2306} INFO - Setting next_dagrun for tutorial_etl_dag to None
[2021-07-16 11:13:52,303] {scheduler_job.py:190} INFO - Processing /home/karuturihemanth/airflow_env/lib/python3.9/site-packages/airflow/example_dags/tutorial_etl_dag.py took 0.996 seconds
[2021-07-16 11:14:23,317] {scheduler_job.py:182} INFO - Started process (PID=6971) to work on /home/karuturihemanth/airflow_env/lib/python3.9/site-packages/airflow/example_dags/tutorial_etl_dag.py
[2021-07-16 11:14:23,318] {scheduler_job.py:633} INFO - Processing file /home/karuturihemanth/airflow_env/lib/python3.9/site-packages/airflow/example_dags/tutorial_etl_dag.py for tasks to queue
[2021-07-16 11:14:23,319] {logging_mixin.py:104} INFO - [2021-07-16 11:14:23,319] {dagbag.py:496} INFO - Filling up the DagBag from /home/karuturihemanth/airflow_env/lib/python3.9/site-packages/airflow/example_dags/tutorial_etl_dag.py
[2021-07-16 11:14:23,328] {scheduler_job.py:643} INFO - DAG(s) dict_keys(['tutorial_etl_dag']) retrieved from /home/karuturihemanth/airflow_env/lib/python3.9/site-packages/airflow/example_dags/tutorial_etl_dag.py
[2021-07-16 11:14:23,993] {logging_mixin.py:104} INFO - [2021-07-16 11:14:23,993] {dag.py:1833} INFO - Sync 1 DAGs
[2021-07-16 11:14:24,098] {logging_mixin.py:104} INFO - [2021-07-16 11:14:24,098] {dag.py:2306} INFO - Setting next_dagrun for tutorial_etl_dag to None
[2021-07-16 11:14:24,317] {scheduler_job.py:190} INFO - Processing /home/karuturihemanth/airflow_env/lib/python3.9/site-packages/airflow/example_dags/tutorial_etl_dag.py took 1.003 seconds
[2021-07-16 11:14:55,513] {scheduler_job.py:182} INFO - Started process (PID=7006) to work on /home/karuturihemanth/airflow_env/lib/python3.9/site-packages/airflow/example_dags/tutorial_etl_dag.py
[2021-07-16 11:14:55,514] {scheduler_job.py:633} INFO - Processing file /home/karuturihemanth/airflow_env/lib/python3.9/site-packages/airflow/example_dags/tutorial_etl_dag.py for tasks to queue
[2021-07-16 11:14:55,514] {logging_mixin.py:104} INFO - [2021-07-16 11:14:55,514] {dagbag.py:496} INFO - Filling up the DagBag from /home/karuturihemanth/airflow_env/lib/python3.9/site-packages/airflow/example_dags/tutorial_etl_dag.py
[2021-07-16 11:14:55,526] {scheduler_job.py:643} INFO - DAG(s) dict_keys(['tutorial_etl_dag']) retrieved from /home/karuturihemanth/airflow_env/lib/python3.9/site-packages/airflow/example_dags/tutorial_etl_dag.py
[2021-07-16 11:14:56,204] {logging_mixin.py:104} INFO - [2021-07-16 11:14:56,204] {dag.py:1833} INFO - Sync 1 DAGs
[2021-07-16 11:14:56,310] {logging_mixin.py:104} INFO - [2021-07-16 11:14:56,310] {dag.py:2306} INFO - Setting next_dagrun for tutorial_etl_dag to None
[2021-07-16 11:14:56,535] {scheduler_job.py:190} INFO - Processing /home/karuturihemanth/airflow_env/lib/python3.9/site-packages/airflow/example_dags/tutorial_etl_dag.py took 1.025 seconds
[2021-07-16 11:15:26,915] {scheduler_job.py:182} INFO - Started process (PID=7041) to work on /home/karuturihemanth/airflow_env/lib/python3.9/site-packages/airflow/example_dags/tutorial_etl_dag.py
[2021-07-16 11:15:26,916] {scheduler_job.py:633} INFO - Processing file /home/karuturihemanth/airflow_env/lib/python3.9/site-packages/airflow/example_dags/tutorial_etl_dag.py for tasks to queue
[2021-07-16 11:15:26,917] {logging_mixin.py:104} INFO - [2021-07-16 11:15:26,917] {dagbag.py:496} INFO - Filling up the DagBag from /home/karuturihemanth/airflow_env/lib/python3.9/site-packages/airflow/example_dags/tutorial_etl_dag.py
[2021-07-16 11:15:26,926] {scheduler_job.py:643} INFO - DAG(s) dict_keys(['tutorial_etl_dag']) retrieved from /home/karuturihemanth/airflow_env/lib/python3.9/site-packages/airflow/example_dags/tutorial_etl_dag.py
[2021-07-16 11:15:27,586] {logging_mixin.py:104} INFO - [2021-07-16 11:15:27,586] {dag.py:1833} INFO - Sync 1 DAGs
[2021-07-16 11:15:27,689] {logging_mixin.py:104} INFO - [2021-07-16 11:15:27,688] {dag.py:2306} INFO - Setting next_dagrun for tutorial_etl_dag to None
[2021-07-16 11:15:27,908] {scheduler_job.py:190} INFO - Processing /home/karuturihemanth/airflow_env/lib/python3.9/site-packages/airflow/example_dags/tutorial_etl_dag.py took 0.996 seconds
[2021-07-16 11:15:59,010] {scheduler_job.py:182} INFO - Started process (PID=7076) to work on /home/karuturihemanth/airflow_env/lib/python3.9/site-packages/airflow/example_dags/tutorial_etl_dag.py
[2021-07-16 11:15:59,011] {scheduler_job.py:633} INFO - Processing file /home/karuturihemanth/airflow_env/lib/python3.9/site-packages/airflow/example_dags/tutorial_etl_dag.py for tasks to queue
[2021-07-16 11:15:59,012] {logging_mixin.py:104} INFO - [2021-07-16 11:15:59,011] {dagbag.py:496} INFO - Filling up the DagBag from /home/karuturihemanth/airflow_env/lib/python3.9/site-packages/airflow/example_dags/tutorial_etl_dag.py
[2021-07-16 11:15:59,022] {scheduler_job.py:643} INFO - DAG(s) dict_keys(['tutorial_etl_dag']) retrieved from /home/karuturihemanth/airflow_env/lib/python3.9/site-packages/airflow/example_dags/tutorial_etl_dag.py
[2021-07-16 11:15:59,680] {logging_mixin.py:104} INFO - [2021-07-16 11:15:59,679] {dag.py:1833} INFO - Sync 1 DAGs
[2021-07-16 11:15:59,783] {logging_mixin.py:104} INFO - [2021-07-16 11:15:59,782] {dag.py:2306} INFO - Setting next_dagrun for tutorial_etl_dag to None
[2021-07-16 11:16:00,006] {scheduler_job.py:190} INFO - Processing /home/karuturihemanth/airflow_env/lib/python3.9/site-packages/airflow/example_dags/tutorial_etl_dag.py took 0.999 seconds
[2021-07-16 11:16:30,701] {scheduler_job.py:182} INFO - Started process (PID=7111) to work on /home/karuturihemanth/airflow_env/lib/python3.9/site-packages/airflow/example_dags/tutorial_etl_dag.py
[2021-07-16 11:16:30,702] {scheduler_job.py:633} INFO - Processing file /home/karuturihemanth/airflow_env/lib/python3.9/site-packages/airflow/example_dags/tutorial_etl_dag.py for tasks to queue
[2021-07-16 11:16:30,702] {logging_mixin.py:104} INFO - [2021-07-16 11:16:30,702] {dagbag.py:496} INFO - Filling up the DagBag from /home/karuturihemanth/airflow_env/lib/python3.9/site-packages/airflow/example_dags/tutorial_etl_dag.py
[2021-07-16 11:16:30,714] {scheduler_job.py:643} INFO - DAG(s) dict_keys(['tutorial_etl_dag']) retrieved from /home/karuturihemanth/airflow_env/lib/python3.9/site-packages/airflow/example_dags/tutorial_etl_dag.py
[2021-07-16 11:16:31,373] {logging_mixin.py:104} INFO - [2021-07-16 11:16:31,373] {dag.py:1833} INFO - Sync 1 DAGs
[2021-07-16 11:16:31,475] {logging_mixin.py:104} INFO - [2021-07-16 11:16:31,475] {dag.py:2306} INFO - Setting next_dagrun for tutorial_etl_dag to None
[2021-07-16 11:16:31,693] {scheduler_job.py:190} INFO - Processing /home/karuturihemanth/airflow_env/lib/python3.9/site-packages/airflow/example_dags/tutorial_etl_dag.py took 0.995 seconds
[2021-07-16 11:17:03,007] {scheduler_job.py:182} INFO - Started process (PID=7146) to work on /home/karuturihemanth/airflow_env/lib/python3.9/site-packages/airflow/example_dags/tutorial_etl_dag.py
[2021-07-16 11:17:03,008] {scheduler_job.py:633} INFO - Processing file /home/karuturihemanth/airflow_env/lib/python3.9/site-packages/airflow/example_dags/tutorial_etl_dag.py for tasks to queue
[2021-07-16 11:17:03,009] {logging_mixin.py:104} INFO - [2021-07-16 11:17:03,008] {dagbag.py:496} INFO - Filling up the DagBag from /home/karuturihemanth/airflow_env/lib/python3.9/site-packages/airflow/example_dags/tutorial_etl_dag.py
[2021-07-16 11:17:03,018] {scheduler_job.py:643} INFO - DAG(s) dict_keys(['tutorial_etl_dag']) retrieved from /home/karuturihemanth/airflow_env/lib/python3.9/site-packages/airflow/example_dags/tutorial_etl_dag.py
[2021-07-16 11:17:03,682] {logging_mixin.py:104} INFO - [2021-07-16 11:17:03,682] {dag.py:1833} INFO - Sync 1 DAGs
[2021-07-16 11:17:03,786] {logging_mixin.py:104} INFO - [2021-07-16 11:17:03,786] {dag.py:2306} INFO - Setting next_dagrun for tutorial_etl_dag to None
[2021-07-16 11:17:04,009] {scheduler_job.py:190} INFO - Processing /home/karuturihemanth/airflow_env/lib/python3.9/site-packages/airflow/example_dags/tutorial_etl_dag.py took 1.005 seconds
[2021-07-16 11:17:35,177] {scheduler_job.py:182} INFO - Started process (PID=7379) to work on /home/karuturihemanth/airflow_env/lib/python3.9/site-packages/airflow/example_dags/tutorial_etl_dag.py
[2021-07-16 11:17:35,181] {scheduler_job.py:633} INFO - Processing file /home/karuturihemanth/airflow_env/lib/python3.9/site-packages/airflow/example_dags/tutorial_etl_dag.py for tasks to queue
[2021-07-16 11:17:35,182] {logging_mixin.py:104} INFO - [2021-07-16 11:17:35,181] {dagbag.py:496} INFO - Filling up the DagBag from /home/karuturihemanth/airflow_env/lib/python3.9/site-packages/airflow/example_dags/tutorial_etl_dag.py
[2021-07-16 11:17:35,191] {scheduler_job.py:643} INFO - DAG(s) dict_keys(['tutorial_etl_dag']) retrieved from /home/karuturihemanth/airflow_env/lib/python3.9/site-packages/airflow/example_dags/tutorial_etl_dag.py
[2021-07-16 11:17:35,858] {logging_mixin.py:104} INFO - [2021-07-16 11:17:35,858] {dag.py:1833} INFO - Sync 1 DAGs
[2021-07-16 11:17:35,961] {logging_mixin.py:104} INFO - [2021-07-16 11:17:35,961] {dag.py:2306} INFO - Setting next_dagrun for tutorial_etl_dag to None
[2021-07-16 11:17:36,184] {scheduler_job.py:190} INFO - Processing /home/karuturihemanth/airflow_env/lib/python3.9/site-packages/airflow/example_dags/tutorial_etl_dag.py took 1.011 seconds
[2021-07-16 11:18:07,219] {scheduler_job.py:182} INFO - Started process (PID=7413) to work on /home/karuturihemanth/airflow_env/lib/python3.9/site-packages/airflow/example_dags/tutorial_etl_dag.py
[2021-07-16 11:18:07,220] {scheduler_job.py:633} INFO - Processing file /home/karuturihemanth/airflow_env/lib/python3.9/site-packages/airflow/example_dags/tutorial_etl_dag.py for tasks to queue
[2021-07-16 11:18:07,220] {logging_mixin.py:104} INFO - [2021-07-16 11:18:07,220] {dagbag.py:496} INFO - Filling up the DagBag from /home/karuturihemanth/airflow_env/lib/python3.9/site-packages/airflow/example_dags/tutorial_etl_dag.py
[2021-07-16 11:18:07,233] {scheduler_job.py:643} INFO - DAG(s) dict_keys(['tutorial_etl_dag']) retrieved from /home/karuturihemanth/airflow_env/lib/python3.9/site-packages/airflow/example_dags/tutorial_etl_dag.py
[2021-07-16 11:18:07,892] {logging_mixin.py:104} INFO - [2021-07-16 11:18:07,891] {dag.py:1833} INFO - Sync 1 DAGs
[2021-07-16 11:18:07,995] {logging_mixin.py:104} INFO - [2021-07-16 11:18:07,995] {dag.py:2306} INFO - Setting next_dagrun for tutorial_etl_dag to None
[2021-07-16 11:18:08,215] {scheduler_job.py:190} INFO - Processing /home/karuturihemanth/airflow_env/lib/python3.9/site-packages/airflow/example_dags/tutorial_etl_dag.py took 0.999 seconds
[2021-07-16 11:18:38,330] {scheduler_job.py:182} INFO - Started process (PID=7448) to work on /home/karuturihemanth/airflow_env/lib/python3.9/site-packages/airflow/example_dags/tutorial_etl_dag.py
[2021-07-16 11:18:38,332] {scheduler_job.py:633} INFO - Processing file /home/karuturihemanth/airflow_env/lib/python3.9/site-packages/airflow/example_dags/tutorial_etl_dag.py for tasks to queue
[2021-07-16 11:18:38,333] {logging_mixin.py:104} INFO - [2021-07-16 11:18:38,333] {dagbag.py:496} INFO - Filling up the DagBag from /home/karuturihemanth/airflow_env/lib/python3.9/site-packages/airflow/example_dags/tutorial_etl_dag.py
[2021-07-16 11:18:38,346] {scheduler_job.py:643} INFO - DAG(s) dict_keys(['tutorial_etl_dag']) retrieved from /home/karuturihemanth/airflow_env/lib/python3.9/site-packages/airflow/example_dags/tutorial_etl_dag.py
[2021-07-16 11:18:39,013] {logging_mixin.py:104} INFO - [2021-07-16 11:18:39,013] {dag.py:1833} INFO - Sync 1 DAGs
[2021-07-16 11:18:39,123] {logging_mixin.py:104} INFO - [2021-07-16 11:18:39,123] {dag.py:2306} INFO - Setting next_dagrun for tutorial_etl_dag to None
[2021-07-16 11:18:39,346] {scheduler_job.py:190} INFO - Processing /home/karuturihemanth/airflow_env/lib/python3.9/site-packages/airflow/example_dags/tutorial_etl_dag.py took 1.020 seconds
[2021-07-16 11:19:10,224] {scheduler_job.py:182} INFO - Started process (PID=7484) to work on /home/karuturihemanth/airflow_env/lib/python3.9/site-packages/airflow/example_dags/tutorial_etl_dag.py
[2021-07-16 11:19:10,225] {scheduler_job.py:633} INFO - Processing file /home/karuturihemanth/airflow_env/lib/python3.9/site-packages/airflow/example_dags/tutorial_etl_dag.py for tasks to queue
[2021-07-16 11:19:10,225] {logging_mixin.py:104} INFO - [2021-07-16 11:19:10,225] {dagbag.py:496} INFO - Filling up the DagBag from /home/karuturihemanth/airflow_env/lib/python3.9/site-packages/airflow/example_dags/tutorial_etl_dag.py
[2021-07-16 11:19:10,236] {scheduler_job.py:643} INFO - DAG(s) dict_keys(['tutorial_etl_dag']) retrieved from /home/karuturihemanth/airflow_env/lib/python3.9/site-packages/airflow/example_dags/tutorial_etl_dag.py
[2021-07-16 11:19:10,922] {logging_mixin.py:104} INFO - [2021-07-16 11:19:10,922] {dag.py:1833} INFO - Sync 1 DAGs
[2021-07-16 11:19:11,030] {logging_mixin.py:104} INFO - [2021-07-16 11:19:11,030] {dag.py:2306} INFO - Setting next_dagrun for tutorial_etl_dag to None
[2021-07-16 11:19:11,256] {scheduler_job.py:190} INFO - Processing /home/karuturihemanth/airflow_env/lib/python3.9/site-packages/airflow/example_dags/tutorial_etl_dag.py took 1.035 seconds
