[2021-07-16 03:26:42,524] {taskinstance.py:896} INFO - Dependencies all met for <TaskInstance: parallel_dag.task_2 2021-07-16T03:24:54.365238+00:00 [queued]>
[2021-07-16 03:26:42,530] {taskinstance.py:896} INFO - Dependencies all met for <TaskInstance: parallel_dag.task_2 2021-07-16T03:24:54.365238+00:00 [queued]>
[2021-07-16 03:26:42,530] {taskinstance.py:1087} INFO - 
--------------------------------------------------------------------------------
[2021-07-16 03:26:42,530] {taskinstance.py:1088} INFO - Starting attempt 1 of 1
[2021-07-16 03:26:42,531] {taskinstance.py:1089} INFO - 
--------------------------------------------------------------------------------
[2021-07-16 03:26:42,540] {taskinstance.py:1107} INFO - Executing <Task(BashOperator): task_2> on 2021-07-16T03:24:54.365238+00:00
[2021-07-16 03:26:42,542] {standard_task_runner.py:52} INFO - Started process 1283 to run task
[2021-07-16 03:26:42,548] {standard_task_runner.py:76} INFO - Running: ['airflow', 'tasks', 'run', 'parallel_dag', 'task_2', '2021-07-16T03:24:54.365238+00:00', '--job-id', '60', '--pool', 'default_pool', '--raw', '--subdir', 'DAGS_FOLDER/parallel_dag.py', '--cfg-path', '/tmp/tmpulin9z9e', '--error-file', '/tmp/tmpgcrnfs8l']
[2021-07-16 03:26:42,549] {standard_task_runner.py:77} INFO - Job 60: Subtask task_2
[2021-07-16 03:26:42,599] {logging_mixin.py:104} INFO - Running <TaskInstance: parallel_dag.task_2 2021-07-16T03:24:54.365238+00:00 [running]> on host apache-airflow.us-central1-a.c.eminent-it-info.internal
[2021-07-16 03:26:42,637] {taskinstance.py:1300} INFO - Exporting the following env vars:
AIRFLOW_CTX_DAG_OWNER=airflow
AIRFLOW_CTX_DAG_ID=parallel_dag
AIRFLOW_CTX_TASK_ID=task_2
AIRFLOW_CTX_EXECUTION_DATE=2021-07-16T03:24:54.365238+00:00
AIRFLOW_CTX_DAG_RUN_ID=manual__2021-07-16T03:24:54.365238+00:00
[2021-07-16 03:26:42,637] {subprocess.py:52} INFO - Tmp dir root location: 
 /tmp
[2021-07-16 03:26:42,638] {subprocess.py:63} INFO - Running command: ['bash', '-c', 'sleep 3']
[2021-07-16 03:26:42,644] {subprocess.py:75} INFO - Output:
[2021-07-16 03:26:45,649] {subprocess.py:83} INFO - Command exited with return code 0
[2021-07-16 03:26:45,665] {taskinstance.py:1204} INFO - Marking task as SUCCESS. dag_id=parallel_dag, task_id=task_2, execution_date=20210716T032454, start_date=20210716T032642, end_date=20210716T032645
[2021-07-16 03:26:45,682] {taskinstance.py:1265} INFO - 0 downstream tasks scheduled from follow-on schedule check
[2021-07-16 03:26:45,697] {local_task_job.py:151} INFO - Task exited with return code 0
