[2021-07-16 03:22:58,026] {taskinstance.py:896} INFO - Dependencies all met for <TaskInstance: example_bash_operator.runme_1 2021-07-15T00:00:00+00:00 [queued]>
[2021-07-16 03:22:58,032] {taskinstance.py:896} INFO - Dependencies all met for <TaskInstance: example_bash_operator.runme_1 2021-07-15T00:00:00+00:00 [queued]>
[2021-07-16 03:22:58,032] {taskinstance.py:1087} INFO - 
--------------------------------------------------------------------------------
[2021-07-16 03:22:58,032] {taskinstance.py:1088} INFO - Starting attempt 1 of 1
[2021-07-16 03:22:58,032] {taskinstance.py:1089} INFO - 
--------------------------------------------------------------------------------
[2021-07-16 03:22:58,043] {taskinstance.py:1107} INFO - Executing <Task(BashOperator): runme_1> on 2021-07-15T00:00:00+00:00
[2021-07-16 03:22:58,045] {standard_task_runner.py:52} INFO - Started process 1050 to run task
[2021-07-16 03:22:58,051] {standard_task_runner.py:76} INFO - Running: ['airflow', 'tasks', 'run', 'example_bash_operator', 'runme_1', '2021-07-15T00:00:00+00:00', '--job-id', '54', '--pool', 'default_pool', '--raw', '--subdir', '/home/karuturihemanth/airflow_env/lib/python3.9/site-packages/airflow/example_dags/example_bash_operator.py', '--cfg-path', '/tmp/tmpw9yqbrua', '--error-file', '/tmp/tmp77t0ie3t']
[2021-07-16 03:22:58,052] {standard_task_runner.py:77} INFO - Job 54: Subtask runme_1
[2021-07-16 03:22:58,085] {logging_mixin.py:104} INFO - Running <TaskInstance: example_bash_operator.runme_1 2021-07-15T00:00:00+00:00 [running]> on host apache-airflow.us-central1-a.c.eminent-it-info.internal
[2021-07-16 03:22:58,120] {taskinstance.py:1300} INFO - Exporting the following env vars:
AIRFLOW_CTX_DAG_OWNER=airflow
AIRFLOW_CTX_DAG_ID=example_bash_operator
AIRFLOW_CTX_TASK_ID=runme_1
AIRFLOW_CTX_EXECUTION_DATE=2021-07-15T00:00:00+00:00
AIRFLOW_CTX_DAG_RUN_ID=scheduled__2021-07-15T00:00:00+00:00
[2021-07-16 03:22:58,121] {subprocess.py:52} INFO - Tmp dir root location: 
 /tmp
[2021-07-16 03:22:58,122] {subprocess.py:63} INFO - Running command: ['bash', '-c', 'echo "example_bash_operator__runme_1__20210715" && sleep 1']
[2021-07-16 03:22:58,127] {subprocess.py:75} INFO - Output:
[2021-07-16 03:22:58,129] {subprocess.py:79} INFO - example_bash_operator__runme_1__20210715
[2021-07-16 03:22:59,130] {subprocess.py:83} INFO - Command exited with return code 0
[2021-07-16 03:22:59,146] {taskinstance.py:1204} INFO - Marking task as SUCCESS. dag_id=example_bash_operator, task_id=runme_1, execution_date=20210715T000000, start_date=20210716T032258, end_date=20210716T032259
[2021-07-16 03:22:59,164] {taskinstance.py:1265} INFO - 0 downstream tasks scheduled from follow-on schedule check
[2021-07-16 03:22:59,187] {local_task_job.py:151} INFO - Task exited with return code 0
