[2021-07-16 10:01:58,657] {taskinstance.py:896} INFO - Dependencies all met for <TaskInstance: parallel_dag.task_3 2021-07-16T10:01:41.905293+00:00 [queued]>
[2021-07-16 10:01:59,048] {taskinstance.py:896} INFO - Dependencies all met for <TaskInstance: parallel_dag.task_3 2021-07-16T10:01:41.905293+00:00 [queued]>
[2021-07-16 10:01:59,048] {taskinstance.py:1087} INFO - 
--------------------------------------------------------------------------------
[2021-07-16 10:01:59,048] {taskinstance.py:1088} INFO - Starting attempt 1 of 1
[2021-07-16 10:01:59,048] {taskinstance.py:1089} INFO - 
--------------------------------------------------------------------------------
[2021-07-16 10:01:59,179] {taskinstance.py:1107} INFO - Executing <Task(BashOperator): task_3> on 2021-07-16T10:01:41.905293+00:00
[2021-07-16 10:01:59,182] {standard_task_runner.py:52} INFO - Started process 1684 to run task
[2021-07-16 10:01:59,188] {standard_task_runner.py:76} INFO - Running: ['airflow', 'tasks', 'run', 'parallel_dag', 'task_3', '2021-07-16T10:01:41.905293+00:00', '--job-id', '5', '--pool', 'default_pool', '--raw', '--subdir', 'DAGS_FOLDER/parallel_dag.py', '--cfg-path', '/tmp/tmpo5fjok8u', '--error-file', '/tmp/tmp64ktcsd3']
[2021-07-16 10:01:59,189] {standard_task_runner.py:77} INFO - Job 5: Subtask task_3
[2021-07-16 10:02:00,405] {logging_mixin.py:104} INFO - Running <TaskInstance: parallel_dag.task_3 2021-07-16T10:01:41.905293+00:00 [running]> on host apache-airflow.us-central1-a.c.eminent-it-info.internal
[2021-07-16 10:02:01,959] {taskinstance.py:1300} INFO - Exporting the following env vars:
AIRFLOW_CTX_DAG_OWNER=airflow
AIRFLOW_CTX_DAG_ID=parallel_dag
AIRFLOW_CTX_TASK_ID=task_3
AIRFLOW_CTX_EXECUTION_DATE=2021-07-16T10:01:41.905293+00:00
AIRFLOW_CTX_DAG_RUN_ID=manual__2021-07-16T10:01:41.905293+00:00
[2021-07-16 10:02:01,960] {subprocess.py:52} INFO - Tmp dir root location: 
 /tmp
[2021-07-16 10:02:01,960] {subprocess.py:63} INFO - Running command: ['bash', '-c', 'sleep 3']
[2021-07-16 10:02:01,967] {subprocess.py:75} INFO - Output:
[2021-07-16 10:02:04,969] {subprocess.py:83} INFO - Command exited with return code 0
[2021-07-16 10:02:05,845] {taskinstance.py:1204} INFO - Marking task as SUCCESS. dag_id=parallel_dag, task_id=task_3, execution_date=20210716T100141, start_date=20210716T100158, end_date=20210716T100205
[2021-07-16 10:02:06,545] {taskinstance.py:1265} INFO - 1 downstream tasks scheduled from follow-on schedule check
[2021-07-16 10:02:06,561] {local_task_job.py:151} INFO - Task exited with return code 0
