[2021-07-16 03:22:55,451] {taskinstance.py:896} INFO - Dependencies all met for <TaskInstance: example_bash_operator.runme_0 2021-07-15T00:00:00+00:00 [queued]>
[2021-07-16 03:22:55,457] {taskinstance.py:896} INFO - Dependencies all met for <TaskInstance: example_bash_operator.runme_0 2021-07-15T00:00:00+00:00 [queued]>
[2021-07-16 03:22:55,457] {taskinstance.py:1087} INFO - 
--------------------------------------------------------------------------------
[2021-07-16 03:22:55,457] {taskinstance.py:1088} INFO - Starting attempt 1 of 1
[2021-07-16 03:22:55,457] {taskinstance.py:1089} INFO - 
--------------------------------------------------------------------------------
[2021-07-16 03:22:55,467] {taskinstance.py:1107} INFO - Executing <Task(BashOperator): runme_0> on 2021-07-15T00:00:00+00:00
[2021-07-16 03:22:55,470] {standard_task_runner.py:52} INFO - Started process 1047 to run task
[2021-07-16 03:22:55,480] {standard_task_runner.py:76} INFO - Running: ['airflow', 'tasks', 'run', 'example_bash_operator', 'runme_0', '2021-07-15T00:00:00+00:00', '--job-id', '53', '--pool', 'default_pool', '--raw', '--subdir', '/home/karuturihemanth/airflow_env/lib/python3.9/site-packages/airflow/example_dags/example_bash_operator.py', '--cfg-path', '/tmp/tmpuxk7grne', '--error-file', '/tmp/tmp0tf700rc']
[2021-07-16 03:22:55,481] {standard_task_runner.py:77} INFO - Job 53: Subtask runme_0
[2021-07-16 03:22:55,541] {logging_mixin.py:104} INFO - Running <TaskInstance: example_bash_operator.runme_0 2021-07-15T00:00:00+00:00 [running]> on host apache-airflow.us-central1-a.c.eminent-it-info.internal
[2021-07-16 03:22:55,580] {taskinstance.py:1300} INFO - Exporting the following env vars:
AIRFLOW_CTX_DAG_OWNER=airflow
AIRFLOW_CTX_DAG_ID=example_bash_operator
AIRFLOW_CTX_TASK_ID=runme_0
AIRFLOW_CTX_EXECUTION_DATE=2021-07-15T00:00:00+00:00
AIRFLOW_CTX_DAG_RUN_ID=scheduled__2021-07-15T00:00:00+00:00
[2021-07-16 03:22:55,580] {subprocess.py:52} INFO - Tmp dir root location: 
 /tmp
[2021-07-16 03:22:55,581] {subprocess.py:63} INFO - Running command: ['bash', '-c', 'echo "example_bash_operator__runme_0__20210715" && sleep 1']
[2021-07-16 03:22:55,596] {subprocess.py:75} INFO - Output:
[2021-07-16 03:22:55,608] {subprocess.py:79} INFO - example_bash_operator__runme_0__20210715
[2021-07-16 03:22:56,611] {subprocess.py:83} INFO - Command exited with return code 0
[2021-07-16 03:22:56,629] {taskinstance.py:1204} INFO - Marking task as SUCCESS. dag_id=example_bash_operator, task_id=runme_0, execution_date=20210715T000000, start_date=20210716T032255, end_date=20210716T032256
[2021-07-16 03:22:56,650] {taskinstance.py:1265} INFO - 0 downstream tasks scheduled from follow-on schedule check
[2021-07-16 03:22:56,655] {local_task_job.py:151} INFO - Task exited with return code 0
