[2021-07-23 12:11:09,508] {taskinstance.py:896} INFO - Dependencies all met for <TaskInstance: autobot.save_data 2021-07-21T00:00:00+00:00 [queued]>
[2021-07-23 12:11:09,895] {taskinstance.py:896} INFO - Dependencies all met for <TaskInstance: autobot.save_data 2021-07-21T00:00:00+00:00 [queued]>
[2021-07-23 12:11:09,895] {taskinstance.py:1087} INFO - 
--------------------------------------------------------------------------------
[2021-07-23 12:11:09,895] {taskinstance.py:1088} INFO - Starting attempt 1 of 1
[2021-07-23 12:11:09,895] {taskinstance.py:1089} INFO - 
--------------------------------------------------------------------------------
[2021-07-23 12:11:10,025] {taskinstance.py:1107} INFO - Executing <Task(PythonOperator): save_data> on 2021-07-21T00:00:00+00:00
[2021-07-23 12:11:10,028] {standard_task_runner.py:52} INFO - Started process 883 to run task
[2021-07-23 12:11:10,035] {standard_task_runner.py:76} INFO - Running: ['airflow', 'tasks', 'run', 'autobot', 'save_data', '2021-07-21T00:00:00+00:00', '--job-id', '164', '--pool', 'default_pool', '--raw', '--subdir', 'DAGS_FOLDER/AutoBot.py', '--cfg-path', '/tmp/tmppvzl9th0', '--error-file', '/tmp/tmp2ot5de41']
[2021-07-23 12:11:10,036] {standard_task_runner.py:77} INFO - Job 164: Subtask save_data
[2021-07-23 12:11:11,260] {logging_mixin.py:104} INFO - Running <TaskInstance: autobot.save_data 2021-07-21T00:00:00+00:00 [running]> on host apache-airflow.us-central1-a.c.eminent-it-info.internal
[2021-07-23 12:11:12,813] {taskinstance.py:1300} INFO - Exporting the following env vars:
AIRFLOW_CTX_DAG_OWNER=airflow
AIRFLOW_CTX_DAG_ID=autobot
AIRFLOW_CTX_TASK_ID=save_data
AIRFLOW_CTX_EXECUTION_DATE=2021-07-21T00:00:00+00:00
AIRFLOW_CTX_DAG_RUN_ID=scheduled__2021-07-21T00:00:00+00:00
[2021-07-23 12:11:13,373] {python.py:151} INFO - Done. Returned value was: None
[2021-07-23 12:11:13,663] {taskinstance.py:1204} INFO - Marking task as SUCCESS. dag_id=autobot, task_id=save_data, execution_date=20210721T000000, start_date=20210723T121109, end_date=20210723T121113
[2021-07-23 12:11:14,426] {taskinstance.py:1265} INFO - 1 downstream tasks scheduled from follow-on schedule check
[2021-07-23 12:11:14,464] {local_task_job.py:151} INFO - Task exited with return code 0
