[2021-07-15 09:18:26,876] {taskinstance.py:896} INFO - Dependencies all met for <TaskInstance: user_processing.is_api_available 2021-07-15T09:01:46.454512+00:00 [queued]>
[2021-07-15 09:18:26,884] {taskinstance.py:896} INFO - Dependencies all met for <TaskInstance: user_processing.is_api_available 2021-07-15T09:01:46.454512+00:00 [queued]>
[2021-07-15 09:18:26,884] {taskinstance.py:1087} INFO - 
--------------------------------------------------------------------------------
[2021-07-15 09:18:26,885] {taskinstance.py:1088} INFO - Starting attempt 1 of 1
[2021-07-15 09:18:26,885] {taskinstance.py:1089} INFO - 
--------------------------------------------------------------------------------
[2021-07-15 09:18:26,899] {taskinstance.py:1107} INFO - Executing <Task(HttpSensor): is_api_available> on 2021-07-15T09:01:46.454512+00:00
[2021-07-15 09:18:26,902] {standard_task_runner.py:52} INFO - Started process 4295 to run task
[2021-07-15 09:18:27,125] {standard_task_runner.py:76} INFO - Running: ['airflow', 'tasks', 'run', 'user_processing', 'is_api_available', '2021-07-15T09:01:46.454512+00:00', '--job-id', '39', '--pool', 'default_pool', '--raw', '--subdir', 'DAGS_FOLDER/user_processing.py', '--cfg-path', '/tmp/tmpkrys9ne6', '--error-file', '/tmp/tmpu9d3bzi2']
[2021-07-15 09:18:27,126] {standard_task_runner.py:77} INFO - Job 39: Subtask is_api_available
[2021-07-15 09:18:27,393] {logging_mixin.py:104} INFO - Running <TaskInstance: user_processing.is_api_available 2021-07-15T09:01:46.454512+00:00 [running]> on host apache-airflow.us-central1-a.c.eminent-it-info.internal
[2021-07-15 09:18:27,874] {taskinstance.py:1300} INFO - Exporting the following env vars:
AIRFLOW_CTX_DAG_OWNER=airflow
AIRFLOW_CTX_DAG_ID=user_processing
AIRFLOW_CTX_TASK_ID=is_api_available
AIRFLOW_CTX_EXECUTION_DATE=2021-07-15T09:01:46.454512+00:00
AIRFLOW_CTX_DAG_RUN_ID=manual__2021-07-15T09:01:46.454512+00:00
[2021-07-15 09:18:27,875] {http.py:101} INFO - Poking: api/
[2021-07-15 09:18:27,880] {base.py:69} INFO - Using connection to: id: user_api. Host: https://randomuser.me/, Port: None, Schema: , Login: , Password: None, extra: {}
[2021-07-15 09:18:27,885] {http.py:140} INFO - Sending 'GET' to url: https://randomuser.me/api/
[2021-07-15 09:18:28,375] {base.py:248} INFO - Success criteria met. Exiting.
[2021-07-15 09:18:28,380] {taskinstance.py:1204} INFO - Marking task as SUCCESS. dag_id=user_processing, task_id=is_api_available, execution_date=20210715T090146, start_date=20210715T091826, end_date=20210715T091828
[2021-07-15 09:18:28,412] {taskinstance.py:1265} INFO - 1 downstream tasks scheduled from follow-on schedule check
[2021-07-15 09:18:28,664] {local_task_job.py:151} INFO - Task exited with return code 0
