[2021-07-23 12:11:00,707] {taskinstance.py:896} INFO - Dependencies all met for <TaskInstance: autobot.execute_sql_script 2021-07-21T00:00:00+00:00 [queued]>
[2021-07-23 12:11:01,092] {taskinstance.py:896} INFO - Dependencies all met for <TaskInstance: autobot.execute_sql_script 2021-07-21T00:00:00+00:00 [queued]>
[2021-07-23 12:11:01,092] {taskinstance.py:1087} INFO - 
--------------------------------------------------------------------------------
[2021-07-23 12:11:01,092] {taskinstance.py:1088} INFO - Starting attempt 1 of 1
[2021-07-23 12:11:01,092] {taskinstance.py:1089} INFO - 
--------------------------------------------------------------------------------
[2021-07-23 12:11:01,224] {taskinstance.py:1107} INFO - Executing <Task(PythonOperator): execute_sql_script> on 2021-07-21T00:00:00+00:00
[2021-07-23 12:11:01,227] {standard_task_runner.py:52} INFO - Started process 877 to run task
[2021-07-23 12:11:01,233] {standard_task_runner.py:76} INFO - Running: ['airflow', 'tasks', 'run', 'autobot', 'execute_sql_script', '2021-07-21T00:00:00+00:00', '--job-id', '162', '--pool', 'default_pool', '--raw', '--subdir', 'DAGS_FOLDER/AutoBot.py', '--cfg-path', '/tmp/tmp3ssahbty', '--error-file', '/tmp/tmpv1yt71wx']
[2021-07-23 12:11:01,234] {standard_task_runner.py:77} INFO - Job 162: Subtask execute_sql_script
[2021-07-23 12:11:02,471] {logging_mixin.py:104} INFO - Running <TaskInstance: autobot.execute_sql_script 2021-07-21T00:00:00+00:00 [running]> on host apache-airflow.us-central1-a.c.eminent-it-info.internal
[2021-07-23 12:11:04,029] {taskinstance.py:1300} INFO - Exporting the following env vars:
AIRFLOW_CTX_DAG_OWNER=airflow
AIRFLOW_CTX_DAG_ID=autobot
AIRFLOW_CTX_TASK_ID=execute_sql_script
AIRFLOW_CTX_EXECUTION_DATE=2021-07-21T00:00:00+00:00
AIRFLOW_CTX_DAG_RUN_ID=scheduled__2021-07-21T00:00:00+00:00
[2021-07-23 12:11:04,877] {python.py:151} INFO - Done. Returned value was: None
[2021-07-23 12:11:05,163] {taskinstance.py:1204} INFO - Marking task as SUCCESS. dag_id=autobot, task_id=execute_sql_script, execution_date=20210721T000000, start_date=20210723T121100, end_date=20210723T121105
[2021-07-23 12:11:05,893] {taskinstance.py:1265} INFO - 1 downstream tasks scheduled from follow-on schedule check
[2021-07-23 12:11:05,901] {local_task_job.py:151} INFO - Task exited with return code 0
