[2021-07-15 09:20:36,158] {taskinstance.py:896} INFO - Dependencies all met for <TaskInstance: user_processing.extracting_user 2021-07-15T09:18:15.649934+00:00 [queued]>
[2021-07-15 09:20:36,380] {taskinstance.py:896} INFO - Dependencies all met for <TaskInstance: user_processing.extracting_user 2021-07-15T09:18:15.649934+00:00 [queued]>
[2021-07-15 09:20:36,380] {taskinstance.py:1087} INFO - 
--------------------------------------------------------------------------------
[2021-07-15 09:20:36,380] {taskinstance.py:1088} INFO - Starting attempt 1 of 1
[2021-07-15 09:20:36,380] {taskinstance.py:1089} INFO - 
--------------------------------------------------------------------------------
[2021-07-15 09:20:36,391] {taskinstance.py:1107} INFO - Executing <Task(SimpleHttpOperator): extracting_user> on 2021-07-15T09:18:15.649934+00:00
[2021-07-15 09:20:36,395] {standard_task_runner.py:52} INFO - Started process 4323 to run task
[2021-07-15 09:20:36,401] {standard_task_runner.py:76} INFO - Running: ['airflow', 'tasks', 'run', 'user_processing', 'extracting_user', '2021-07-15T09:18:15.649934+00:00', '--job-id', '47', '--pool', 'default_pool', '--raw', '--subdir', 'DAGS_FOLDER/user_processing.py', '--cfg-path', '/tmp/tmp_f0ed0pq', '--error-file', '/tmp/tmprml9s90e']
[2021-07-15 09:20:36,402] {standard_task_runner.py:77} INFO - Job 47: Subtask extracting_user
[2021-07-15 09:20:36,649] {logging_mixin.py:104} INFO - Running <TaskInstance: user_processing.extracting_user 2021-07-15T09:18:15.649934+00:00 [running]> on host apache-airflow.us-central1-a.c.eminent-it-info.internal
[2021-07-15 09:20:36,901] {taskinstance.py:1300} INFO - Exporting the following env vars:
AIRFLOW_CTX_DAG_OWNER=airflow
AIRFLOW_CTX_DAG_ID=user_processing
AIRFLOW_CTX_TASK_ID=extracting_user
AIRFLOW_CTX_EXECUTION_DATE=2021-07-15T09:18:15.649934+00:00
AIRFLOW_CTX_DAG_RUN_ID=manual__2021-07-15T09:18:15.649934+00:00
[2021-07-15 09:20:36,902] {http.py:111} INFO - Calling HTTP method
[2021-07-15 09:20:36,906] {base.py:69} INFO - Using connection to: id: user_api. Host: https://randomuser.me/, Port: None, Schema: , Login: , Password: None, extra: {}
[2021-07-15 09:20:36,907] {http.py:140} INFO - Sending 'GET' to url: https://randomuser.me/api/
[2021-07-15 09:20:37,349] {http.py:115} INFO - {"results":[{"gender":"male","name":{"title":"Mr","first":"Axel","last":"Gåsland"},"location":{"street":{"number":1418,"name":"Alnafetgata"},"city":"Nordkjosbotn","state":"Trøndelag","country":"Norway","postcode":"8301","coordinates":{"latitude":"48.8287","longitude":"-11.9194"},"timezone":{"offset":"0:00","description":"Western Europe Time, London, Lisbon, Casablanca"}},"email":"axel.gasland@example.com","login":{"uuid":"147209e6-5f67-412f-b7e4-464c7aaaeee0","username":"whitefish328","password":"hurley","salt":"u8yBek9p","md5":"abfd38bc1a11492570858eb6e4217e32","sha1":"85002c2a8cbefc5536534acabf34c8d0578fe54f","sha256":"348261f9f5a50a96417823341ba9488f649a7ec5172e53ace40dadd03c7bcf42"},"dob":{"date":"1966-06-18T06:08:14.170Z","age":55},"registered":{"date":"2007-07-19T05:47:49.160Z","age":14},"phone":"56669890","cell":"98962243","id":{"name":"FN","value":"18066646153"},"picture":{"large":"https://randomuser.me/api/portraits/men/76.jpg","medium":"https://randomuser.me/api/portraits/med/men/76.jpg","thumbnail":"https://randomuser.me/api/portraits/thumb/men/76.jpg"},"nat":"NO"}],"info":{"seed":"ead9aa7a9311910a","results":1,"page":1,"version":"1.3"}}
[2021-07-15 09:20:37,366] {taskinstance.py:1204} INFO - Marking task as SUCCESS. dag_id=user_processing, task_id=extracting_user, execution_date=20210715T091815, start_date=20210715T092036, end_date=20210715T092037
[2021-07-15 09:20:37,397] {taskinstance.py:1265} INFO - 1 downstream tasks scheduled from follow-on schedule check
[2021-07-15 09:20:37,405] {local_task_job.py:151} INFO - Task exited with return code 0
