[2021-07-16 03:23:00,261] {taskinstance.py:896} INFO - Dependencies all met for <TaskInstance: example_bash_operator.runme_2 2021-07-15T00:00:00+00:00 [queued]>
[2021-07-16 03:23:00,266] {taskinstance.py:896} INFO - Dependencies all met for <TaskInstance: example_bash_operator.runme_2 2021-07-15T00:00:00+00:00 [queued]>
[2021-07-16 03:23:00,266] {taskinstance.py:1087} INFO - 
--------------------------------------------------------------------------------
[2021-07-16 03:23:00,266] {taskinstance.py:1088} INFO - Starting attempt 1 of 1
[2021-07-16 03:23:00,266] {taskinstance.py:1089} INFO - 
--------------------------------------------------------------------------------
[2021-07-16 03:23:00,276] {taskinstance.py:1107} INFO - Executing <Task(BashOperator): runme_2> on 2021-07-15T00:00:00+00:00
[2021-07-16 03:23:00,278] {standard_task_runner.py:52} INFO - Started process 1053 to run task
[2021-07-16 03:23:00,283] {standard_task_runner.py:76} INFO - Running: ['airflow', 'tasks', 'run', 'example_bash_operator', 'runme_2', '2021-07-15T00:00:00+00:00', '--job-id', '55', '--pool', 'default_pool', '--raw', '--subdir', '/home/karuturihemanth/airflow_env/lib/python3.9/site-packages/airflow/example_dags/example_bash_operator.py', '--cfg-path', '/tmp/tmptsebj1j_', '--error-file', '/tmp/tmpb8tn9yx1']
[2021-07-16 03:23:00,284] {standard_task_runner.py:77} INFO - Job 55: Subtask runme_2
[2021-07-16 03:23:00,315] {logging_mixin.py:104} INFO - Running <TaskInstance: example_bash_operator.runme_2 2021-07-15T00:00:00+00:00 [running]> on host apache-airflow.us-central1-a.c.eminent-it-info.internal
[2021-07-16 03:23:00,349] {taskinstance.py:1300} INFO - Exporting the following env vars:
AIRFLOW_CTX_DAG_OWNER=airflow
AIRFLOW_CTX_DAG_ID=example_bash_operator
AIRFLOW_CTX_TASK_ID=runme_2
AIRFLOW_CTX_EXECUTION_DATE=2021-07-15T00:00:00+00:00
AIRFLOW_CTX_DAG_RUN_ID=scheduled__2021-07-15T00:00:00+00:00
[2021-07-16 03:23:00,350] {subprocess.py:52} INFO - Tmp dir root location: 
 /tmp
[2021-07-16 03:23:00,350] {subprocess.py:63} INFO - Running command: ['bash', '-c', 'echo "example_bash_operator__runme_2__20210715" && sleep 1']
[2021-07-16 03:23:00,355] {subprocess.py:75} INFO - Output:
[2021-07-16 03:23:00,357] {subprocess.py:79} INFO - example_bash_operator__runme_2__20210715
[2021-07-16 03:23:01,358] {subprocess.py:83} INFO - Command exited with return code 0
[2021-07-16 03:23:01,375] {taskinstance.py:1204} INFO - Marking task as SUCCESS. dag_id=example_bash_operator, task_id=runme_2, execution_date=20210715T000000, start_date=20210716T032300, end_date=20210716T032301
[2021-07-16 03:23:01,397] {taskinstance.py:1265} INFO - 1 downstream tasks scheduled from follow-on schedule check
[2021-07-16 03:23:01,418] {local_task_job.py:151} INFO - Task exited with return code 0
