[2021-07-15 08:39:44,134] {taskinstance.py:896} INFO - Dependencies all met for <TaskInstance: example_bash_operator.runme_2 2021-07-14T00:00:00+00:00 [queued]>
[2021-07-15 08:39:44,139] {taskinstance.py:896} INFO - Dependencies all met for <TaskInstance: example_bash_operator.runme_2 2021-07-14T00:00:00+00:00 [queued]>
[2021-07-15 08:39:44,139] {taskinstance.py:1087} INFO - 
--------------------------------------------------------------------------------
[2021-07-15 08:39:44,139] {taskinstance.py:1088} INFO - Starting attempt 1 of 1
[2021-07-15 08:39:44,139] {taskinstance.py:1089} INFO - 
--------------------------------------------------------------------------------
[2021-07-15 08:39:44,152] {taskinstance.py:1107} INFO - Executing <Task(BashOperator): runme_2> on 2021-07-14T00:00:00+00:00
[2021-07-15 08:39:44,155] {standard_task_runner.py:52} INFO - Started process 1634 to run task
[2021-07-15 08:39:44,161] {standard_task_runner.py:76} INFO - Running: ['airflow', 'tasks', 'run', 'example_bash_operator', 'runme_2', '2021-07-14T00:00:00+00:00', '--job-id', '17', '--pool', 'default_pool', '--raw', '--subdir', '/home/karuturihemanth/airflow_env/lib/python3.9/site-packages/airflow/example_dags/example_bash_operator.py', '--cfg-path', '/tmp/tmpjg3kluir', '--error-file', '/tmp/tmpa5ktu376']
[2021-07-15 08:39:44,162] {standard_task_runner.py:77} INFO - Job 17: Subtask runme_2
[2021-07-15 08:39:44,194] {logging_mixin.py:104} INFO - Running <TaskInstance: example_bash_operator.runme_2 2021-07-14T00:00:00+00:00 [running]> on host apache-airflow.us-central1-a.c.eminent-it-info.internal
[2021-07-15 08:39:44,231] {taskinstance.py:1300} INFO - Exporting the following env vars:
AIRFLOW_CTX_DAG_OWNER=airflow
AIRFLOW_CTX_DAG_ID=example_bash_operator
AIRFLOW_CTX_TASK_ID=runme_2
AIRFLOW_CTX_EXECUTION_DATE=2021-07-14T00:00:00+00:00
AIRFLOW_CTX_DAG_RUN_ID=scheduled__2021-07-14T00:00:00+00:00
[2021-07-15 08:39:44,232] {subprocess.py:52} INFO - Tmp dir root location: 
 /tmp
[2021-07-15 08:39:44,232] {subprocess.py:63} INFO - Running command: ['bash', '-c', 'echo "example_bash_operator__runme_2__20210714" && sleep 1']
[2021-07-15 08:39:44,238] {subprocess.py:75} INFO - Output:
[2021-07-15 08:39:44,239] {subprocess.py:79} INFO - example_bash_operator__runme_2__20210714
[2021-07-15 08:39:45,240] {subprocess.py:83} INFO - Command exited with return code 0
[2021-07-15 08:39:45,259] {taskinstance.py:1204} INFO - Marking task as SUCCESS. dag_id=example_bash_operator, task_id=runme_2, execution_date=20210714T000000, start_date=20210715T083944, end_date=20210715T083945
[2021-07-15 08:39:45,283] {taskinstance.py:1265} INFO - 1 downstream tasks scheduled from follow-on schedule check
[2021-07-15 08:39:45,296] {local_task_job.py:151} INFO - Task exited with return code 0
