[2021-07-17 03:41:32,010] {taskinstance.py:896} INFO - Dependencies all met for <TaskInstance: parallel_dag.task_1 2021-07-16T10:01:41.905293+00:00 [queued]>
[2021-07-17 03:41:32,388] {taskinstance.py:896} INFO - Dependencies all met for <TaskInstance: parallel_dag.task_1 2021-07-16T10:01:41.905293+00:00 [queued]>
[2021-07-17 03:41:32,388] {taskinstance.py:1087} INFO - 
--------------------------------------------------------------------------------
[2021-07-17 03:41:32,388] {taskinstance.py:1088} INFO - Starting attempt 2 of 2
[2021-07-17 03:41:32,388] {taskinstance.py:1089} INFO - 
--------------------------------------------------------------------------------
[2021-07-17 03:41:32,515] {taskinstance.py:1107} INFO - Executing <Task(BashOperator): task_1> on 2021-07-16T10:01:41.905293+00:00
[2021-07-17 03:41:32,517] {standard_task_runner.py:52} INFO - Started process 2152 to run task
[2021-07-17 03:41:32,520] {standard_task_runner.py:76} INFO - Running: ['airflow', 'tasks', 'run', 'parallel_dag', 'task_1', '2021-07-16T10:01:41.905293+00:00', '--job-id', '21', '--pool', 'default_pool', '--raw', '--subdir', 'DAGS_FOLDER/parallel_dag.py', '--cfg-path', '/tmp/tmp92qij7ie', '--error-file', '/tmp/tmpflx6zp5o']
[2021-07-17 03:41:32,520] {standard_task_runner.py:77} INFO - Job 21: Subtask task_1
[2021-07-17 03:41:33,712] {logging_mixin.py:104} INFO - Running <TaskInstance: parallel_dag.task_1 2021-07-16T10:01:41.905293+00:00 [running]> on host apache-airflow.us-central1-a.c.eminent-it-info.internal
[2021-07-17 03:41:35,225] {taskinstance.py:1300} INFO - Exporting the following env vars:
AIRFLOW_CTX_DAG_OWNER=airflow
AIRFLOW_CTX_DAG_ID=parallel_dag
AIRFLOW_CTX_TASK_ID=task_1
AIRFLOW_CTX_EXECUTION_DATE=2021-07-16T10:01:41.905293+00:00
AIRFLOW_CTX_DAG_RUN_ID=manual__2021-07-16T10:01:41.905293+00:00
[2021-07-17 03:41:35,225] {subprocess.py:52} INFO - Tmp dir root location: 
 /tmp
[2021-07-17 03:41:35,226] {subprocess.py:63} INFO - Running command: ['bash', '-c', 'sleep 3']
[2021-07-17 03:41:35,239] {subprocess.py:75} INFO - Output:
[2021-07-17 03:41:38,239] {subprocess.py:83} INFO - Command exited with return code 0
[2021-07-17 03:41:39,110] {taskinstance.py:1204} INFO - Marking task as SUCCESS. dag_id=parallel_dag, task_id=task_1, execution_date=20210716T100141, start_date=20210717T034132, end_date=20210717T034139
[2021-07-17 03:41:39,819] {taskinstance.py:1265} INFO - 2 downstream tasks scheduled from follow-on schedule check
[2021-07-17 03:41:39,848] {local_task_job.py:151} INFO - Task exited with return code 0
[2021-07-17 03:41:40,729] {dagrun.py:495} WARNING - Failed to get task '<TaskInstance: parallel_dag.task_2 2021-07-16 10:01:41.905293+00:00 [removed]>' for dag 'parallel_dag'. Marking it as removed.
[2021-07-17 03:41:40,762] {dagrun.py:495} WARNING - Failed to get task '<TaskInstance: parallel_dag.task_3 2021-07-16 10:01:41.905293+00:00 [removed]>' for dag 'parallel_dag'. Marking it as removed.
