[2021-07-18 07:57:46,507] {taskinstance.py:896} INFO - Dependencies all met for <TaskInstance: autobot.task_1 2021-07-18T07:54:25.449895+00:00 [queued]>
[2021-07-18 07:57:46,670] {taskinstance.py:896} INFO - Dependencies all met for <TaskInstance: autobot.task_1 2021-07-18T07:54:25.449895+00:00 [queued]>
[2021-07-18 07:57:46,671] {taskinstance.py:1087} INFO - 
--------------------------------------------------------------------------------
[2021-07-18 07:57:46,671] {taskinstance.py:1088} INFO - Starting attempt 1 of 1
[2021-07-18 07:57:46,671] {taskinstance.py:1089} INFO - 
--------------------------------------------------------------------------------
[2021-07-18 07:57:47,017] {taskinstance.py:1107} INFO - Executing <Task(BashOperator): task_1> on 2021-07-18T07:54:25.449895+00:00
[2021-07-18 07:57:47,021] {standard_task_runner.py:52} INFO - Started process 7134 to run task
[2021-07-18 07:57:47,027] {standard_task_runner.py:76} INFO - Running: ['airflow', 'tasks', 'run', 'autobot', 'task_1', '2021-07-18T07:54:25.449895+00:00', '--job-id', '63', '--pool', 'default_pool', '--raw', '--subdir', 'DAGS_FOLDER/AutoBot.py', '--cfg-path', '/tmp/tmpy86rzv75', '--error-file', '/tmp/tmp25dz8em3']
[2021-07-18 07:57:47,028] {standard_task_runner.py:77} INFO - Job 63: Subtask task_1
[2021-07-18 07:57:48,268] {logging_mixin.py:104} INFO - Running <TaskInstance: autobot.task_1 2021-07-18T07:54:25.449895+00:00 [running]> on host apache-airflow.us-central1-a.c.eminent-it-info.internal
[2021-07-18 07:57:49,853] {taskinstance.py:1300} INFO - Exporting the following env vars:
AIRFLOW_CTX_DAG_OWNER=airflow
AIRFLOW_CTX_DAG_ID=autobot
AIRFLOW_CTX_TASK_ID=task_1
AIRFLOW_CTX_EXECUTION_DATE=2021-07-18T07:54:25.449895+00:00
AIRFLOW_CTX_DAG_RUN_ID=manual__2021-07-18T07:54:25.449895+00:00
[2021-07-18 07:57:49,854] {subprocess.py:52} INFO - Tmp dir root location: 
 /tmp
[2021-07-18 07:57:49,854] {subprocess.py:63} INFO - Running command: ['bash', '-c', 'sleep 3']
[2021-07-18 07:57:49,862] {subprocess.py:75} INFO - Output:
[2021-07-18 07:57:52,865] {subprocess.py:83} INFO - Command exited with return code 0
[2021-07-18 07:57:53,731] {taskinstance.py:1204} INFO - Marking task as SUCCESS. dag_id=autobot, task_id=task_1, execution_date=20210718T075425, start_date=20210718T075746, end_date=20210718T075753
[2021-07-18 07:57:54,432] {taskinstance.py:1265} INFO - 2 downstream tasks scheduled from follow-on schedule check
[2021-07-18 07:57:54,458] {local_task_job.py:151} INFO - Task exited with return code 0
