[2021-07-16 03:23:04,128] {scheduler_job.py:182} INFO - Started process (PID=1061) to work on /home/karuturihemanth/airflow/dags/user_processing.py
[2021-07-16 03:23:04,129] {scheduler_job.py:633} INFO - Processing file /home/karuturihemanth/airflow/dags/user_processing.py for tasks to queue
[2021-07-16 03:23:04,130] {logging_mixin.py:104} INFO - [2021-07-16 03:23:04,130] {dagbag.py:496} INFO - Filling up the DagBag from /home/karuturihemanth/airflow/dags/user_processing.py
[2021-07-16 03:23:04,857] {scheduler_job.py:643} INFO - DAG(s) dict_keys(['user_processing']) retrieved from /home/karuturihemanth/airflow/dags/user_processing.py
[2021-07-16 03:23:04,868] {logging_mixin.py:104} INFO - [2021-07-16 03:23:04,868] {dag.py:1833} INFO - Sync 1 DAGs
[2021-07-16 03:23:04,877] {logging_mixin.py:104} INFO - [2021-07-16 03:23:04,877] {dag.py:2306} INFO - Setting next_dagrun for user_processing to None
[2021-07-16 03:23:04,887] {scheduler_job.py:190} INFO - Processing /home/karuturihemanth/airflow/dags/user_processing.py took 0.761 seconds
[2021-07-16 03:23:47,250] {scheduler_job.py:182} INFO - Started process (PID=1102) to work on /home/karuturihemanth/airflow/dags/user_processing.py
[2021-07-16 03:23:47,251] {scheduler_job.py:633} INFO - Processing file /home/karuturihemanth/airflow/dags/user_processing.py for tasks to queue
[2021-07-16 03:23:47,252] {logging_mixin.py:104} INFO - [2021-07-16 03:23:47,252] {dagbag.py:496} INFO - Filling up the DagBag from /home/karuturihemanth/airflow/dags/user_processing.py
[2021-07-16 03:23:47,681] {scheduler_job.py:643} INFO - DAG(s) dict_keys(['user_processing']) retrieved from /home/karuturihemanth/airflow/dags/user_processing.py
[2021-07-16 03:23:47,689] {logging_mixin.py:104} INFO - [2021-07-16 03:23:47,689] {dag.py:1833} INFO - Sync 1 DAGs
[2021-07-16 03:23:47,697] {logging_mixin.py:104} INFO - [2021-07-16 03:23:47,696] {dag.py:2306} INFO - Setting next_dagrun for user_processing to None
[2021-07-16 03:23:47,706] {scheduler_job.py:190} INFO - Processing /home/karuturihemanth/airflow/dags/user_processing.py took 0.458 seconds
[2021-07-16 03:24:21,695] {scheduler_job.py:182} INFO - Started process (PID=1145) to work on /home/karuturihemanth/airflow/dags/user_processing.py
[2021-07-16 03:24:21,696] {scheduler_job.py:633} INFO - Processing file /home/karuturihemanth/airflow/dags/user_processing.py for tasks to queue
[2021-07-16 03:24:21,697] {logging_mixin.py:104} INFO - [2021-07-16 03:24:21,697] {dagbag.py:496} INFO - Filling up the DagBag from /home/karuturihemanth/airflow/dags/user_processing.py
[2021-07-16 03:24:22,248] {scheduler_job.py:643} INFO - DAG(s) dict_keys(['user_processing']) retrieved from /home/karuturihemanth/airflow/dags/user_processing.py
[2021-07-16 03:24:22,260] {logging_mixin.py:104} INFO - [2021-07-16 03:24:22,260] {dag.py:1833} INFO - Sync 1 DAGs
[2021-07-16 03:24:22,268] {logging_mixin.py:104} INFO - [2021-07-16 03:24:22,267] {dag.py:2306} INFO - Setting next_dagrun for user_processing to None
[2021-07-16 03:24:22,277] {scheduler_job.py:190} INFO - Processing /home/karuturihemanth/airflow/dags/user_processing.py took 0.585 seconds
[2021-07-16 03:24:57,811] {scheduler_job.py:182} INFO - Started process (PID=1180) to work on /home/karuturihemanth/airflow/dags/user_processing.py
[2021-07-16 03:24:57,812] {scheduler_job.py:633} INFO - Processing file /home/karuturihemanth/airflow/dags/user_processing.py for tasks to queue
[2021-07-16 03:24:57,812] {logging_mixin.py:104} INFO - [2021-07-16 03:24:57,812] {dagbag.py:496} INFO - Filling up the DagBag from /home/karuturihemanth/airflow/dags/user_processing.py
[2021-07-16 03:24:58,251] {scheduler_job.py:643} INFO - DAG(s) dict_keys(['user_processing']) retrieved from /home/karuturihemanth/airflow/dags/user_processing.py
[2021-07-16 03:24:58,261] {logging_mixin.py:104} INFO - [2021-07-16 03:24:58,261] {dag.py:1833} INFO - Sync 1 DAGs
[2021-07-16 03:24:58,269] {logging_mixin.py:104} INFO - [2021-07-16 03:24:58,269] {dag.py:2306} INFO - Setting next_dagrun for user_processing to None
[2021-07-16 03:24:58,278] {scheduler_job.py:190} INFO - Processing /home/karuturihemanth/airflow/dags/user_processing.py took 0.471 seconds
[2021-07-16 03:25:32,610] {scheduler_job.py:182} INFO - Started process (PID=1215) to work on /home/karuturihemanth/airflow/dags/user_processing.py
[2021-07-16 03:25:32,611] {scheduler_job.py:633} INFO - Processing file /home/karuturihemanth/airflow/dags/user_processing.py for tasks to queue
[2021-07-16 03:25:32,611] {logging_mixin.py:104} INFO - [2021-07-16 03:25:32,611] {dagbag.py:496} INFO - Filling up the DagBag from /home/karuturihemanth/airflow/dags/user_processing.py
[2021-07-16 03:25:32,993] {scheduler_job.py:643} INFO - DAG(s) dict_keys(['user_processing']) retrieved from /home/karuturihemanth/airflow/dags/user_processing.py
[2021-07-16 03:25:33,003] {logging_mixin.py:104} INFO - [2021-07-16 03:25:33,003] {dag.py:1833} INFO - Sync 1 DAGs
[2021-07-16 03:25:33,010] {logging_mixin.py:104} INFO - [2021-07-16 03:25:33,010] {dag.py:2306} INFO - Setting next_dagrun for user_processing to None
[2021-07-16 03:25:33,020] {scheduler_job.py:190} INFO - Processing /home/karuturihemanth/airflow/dags/user_processing.py took 0.414 seconds
[2021-07-16 03:26:07,376] {scheduler_job.py:182} INFO - Started process (PID=1249) to work on /home/karuturihemanth/airflow/dags/user_processing.py
[2021-07-16 03:26:07,377] {scheduler_job.py:633} INFO - Processing file /home/karuturihemanth/airflow/dags/user_processing.py for tasks to queue
[2021-07-16 03:26:07,378] {logging_mixin.py:104} INFO - [2021-07-16 03:26:07,378] {dagbag.py:496} INFO - Filling up the DagBag from /home/karuturihemanth/airflow/dags/user_processing.py
[2021-07-16 03:26:07,744] {scheduler_job.py:643} INFO - DAG(s) dict_keys(['user_processing']) retrieved from /home/karuturihemanth/airflow/dags/user_processing.py
[2021-07-16 03:26:07,752] {logging_mixin.py:104} INFO - [2021-07-16 03:26:07,752] {dag.py:1833} INFO - Sync 1 DAGs
[2021-07-16 03:26:07,759] {logging_mixin.py:104} INFO - [2021-07-16 03:26:07,759] {dag.py:2306} INFO - Setting next_dagrun for user_processing to None
[2021-07-16 03:26:07,769] {scheduler_job.py:190} INFO - Processing /home/karuturihemanth/airflow/dags/user_processing.py took 0.396 seconds
[2021-07-16 03:26:40,824] {scheduler_job.py:182} INFO - Started process (PID=1280) to work on /home/karuturihemanth/airflow/dags/user_processing.py
[2021-07-16 03:26:40,826] {scheduler_job.py:633} INFO - Processing file /home/karuturihemanth/airflow/dags/user_processing.py for tasks to queue
[2021-07-16 03:26:40,826] {logging_mixin.py:104} INFO - [2021-07-16 03:26:40,826] {dagbag.py:496} INFO - Filling up the DagBag from /home/karuturihemanth/airflow/dags/user_processing.py
[2021-07-16 03:26:41,346] {scheduler_job.py:643} INFO - DAG(s) dict_keys(['user_processing']) retrieved from /home/karuturihemanth/airflow/dags/user_processing.py
[2021-07-16 03:26:41,355] {logging_mixin.py:104} INFO - [2021-07-16 03:26:41,355] {dag.py:1833} INFO - Sync 1 DAGs
[2021-07-16 03:26:41,363] {logging_mixin.py:104} INFO - [2021-07-16 03:26:41,363] {dag.py:2306} INFO - Setting next_dagrun for user_processing to None
[2021-07-16 03:26:41,374] {scheduler_job.py:190} INFO - Processing /home/karuturihemanth/airflow/dags/user_processing.py took 0.553 seconds
[2021-07-16 03:27:23,479] {scheduler_job.py:182} INFO - Started process (PID=1320) to work on /home/karuturihemanth/airflow/dags/user_processing.py
[2021-07-16 03:27:23,480] {scheduler_job.py:633} INFO - Processing file /home/karuturihemanth/airflow/dags/user_processing.py for tasks to queue
[2021-07-16 03:27:23,480] {logging_mixin.py:104} INFO - [2021-07-16 03:27:23,480] {dagbag.py:496} INFO - Filling up the DagBag from /home/karuturihemanth/airflow/dags/user_processing.py
[2021-07-16 03:27:23,964] {scheduler_job.py:643} INFO - DAG(s) dict_keys(['user_processing']) retrieved from /home/karuturihemanth/airflow/dags/user_processing.py
[2021-07-16 03:27:23,973] {logging_mixin.py:104} INFO - [2021-07-16 03:27:23,973] {dag.py:1833} INFO - Sync 1 DAGs
[2021-07-16 03:27:23,981] {logging_mixin.py:104} INFO - [2021-07-16 03:27:23,980] {dag.py:2306} INFO - Setting next_dagrun for user_processing to None
[2021-07-16 03:27:23,991] {scheduler_job.py:190} INFO - Processing /home/karuturihemanth/airflow/dags/user_processing.py took 0.515 seconds
[2021-07-16 03:27:58,371] {scheduler_job.py:182} INFO - Started process (PID=1354) to work on /home/karuturihemanth/airflow/dags/user_processing.py
[2021-07-16 03:27:58,372] {scheduler_job.py:633} INFO - Processing file /home/karuturihemanth/airflow/dags/user_processing.py for tasks to queue
[2021-07-16 03:27:58,372] {logging_mixin.py:104} INFO - [2021-07-16 03:27:58,372] {dagbag.py:496} INFO - Filling up the DagBag from /home/karuturihemanth/airflow/dags/user_processing.py
[2021-07-16 03:27:58,745] {scheduler_job.py:643} INFO - DAG(s) dict_keys(['user_processing']) retrieved from /home/karuturihemanth/airflow/dags/user_processing.py
[2021-07-16 03:27:58,754] {logging_mixin.py:104} INFO - [2021-07-16 03:27:58,754] {dag.py:1833} INFO - Sync 1 DAGs
[2021-07-16 03:27:58,761] {logging_mixin.py:104} INFO - [2021-07-16 03:27:58,761] {dag.py:2306} INFO - Setting next_dagrun for user_processing to None
[2021-07-16 03:27:58,772] {scheduler_job.py:190} INFO - Processing /home/karuturihemanth/airflow/dags/user_processing.py took 0.405 seconds
[2021-07-16 03:28:32,914] {scheduler_job.py:182} INFO - Started process (PID=1388) to work on /home/karuturihemanth/airflow/dags/user_processing.py
[2021-07-16 03:28:32,916] {scheduler_job.py:633} INFO - Processing file /home/karuturihemanth/airflow/dags/user_processing.py for tasks to queue
[2021-07-16 03:28:32,917] {logging_mixin.py:104} INFO - [2021-07-16 03:28:32,917] {dagbag.py:496} INFO - Filling up the DagBag from /home/karuturihemanth/airflow/dags/user_processing.py
[2021-07-16 03:28:33,293] {scheduler_job.py:643} INFO - DAG(s) dict_keys(['user_processing']) retrieved from /home/karuturihemanth/airflow/dags/user_processing.py
[2021-07-16 03:28:33,302] {logging_mixin.py:104} INFO - [2021-07-16 03:28:33,302] {dag.py:1833} INFO - Sync 1 DAGs
[2021-07-16 03:28:33,310] {logging_mixin.py:104} INFO - [2021-07-16 03:28:33,310] {dag.py:2306} INFO - Setting next_dagrun for user_processing to None
[2021-07-16 03:28:33,320] {scheduler_job.py:190} INFO - Processing /home/karuturihemanth/airflow/dags/user_processing.py took 0.409 seconds
[2021-07-16 03:29:04,190] {scheduler_job.py:182} INFO - Started process (PID=1419) to work on /home/karuturihemanth/airflow/dags/user_processing.py
[2021-07-16 03:29:04,191] {scheduler_job.py:633} INFO - Processing file /home/karuturihemanth/airflow/dags/user_processing.py for tasks to queue
[2021-07-16 03:29:04,192] {logging_mixin.py:104} INFO - [2021-07-16 03:29:04,191] {dagbag.py:496} INFO - Filling up the DagBag from /home/karuturihemanth/airflow/dags/user_processing.py
[2021-07-16 03:29:04,560] {scheduler_job.py:643} INFO - DAG(s) dict_keys(['user_processing']) retrieved from /home/karuturihemanth/airflow/dags/user_processing.py
[2021-07-16 03:29:04,568] {logging_mixin.py:104} INFO - [2021-07-16 03:29:04,568] {dag.py:1833} INFO - Sync 1 DAGs
[2021-07-16 03:29:04,575] {logging_mixin.py:104} INFO - [2021-07-16 03:29:04,575] {dag.py:2306} INFO - Setting next_dagrun for user_processing to None
[2021-07-16 03:29:04,585] {scheduler_job.py:190} INFO - Processing /home/karuturihemanth/airflow/dags/user_processing.py took 0.398 seconds
[2021-07-16 03:29:35,206] {scheduler_job.py:182} INFO - Started process (PID=1450) to work on /home/karuturihemanth/airflow/dags/user_processing.py
[2021-07-16 03:29:35,207] {scheduler_job.py:633} INFO - Processing file /home/karuturihemanth/airflow/dags/user_processing.py for tasks to queue
[2021-07-16 03:29:35,208] {logging_mixin.py:104} INFO - [2021-07-16 03:29:35,207] {dagbag.py:496} INFO - Filling up the DagBag from /home/karuturihemanth/airflow/dags/user_processing.py
[2021-07-16 03:29:35,579] {scheduler_job.py:643} INFO - DAG(s) dict_keys(['user_processing']) retrieved from /home/karuturihemanth/airflow/dags/user_processing.py
[2021-07-16 03:29:35,588] {logging_mixin.py:104} INFO - [2021-07-16 03:29:35,588] {dag.py:1833} INFO - Sync 1 DAGs
[2021-07-16 03:29:35,595] {logging_mixin.py:104} INFO - [2021-07-16 03:29:35,595] {dag.py:2306} INFO - Setting next_dagrun for user_processing to None
[2021-07-16 03:29:35,606] {scheduler_job.py:190} INFO - Processing /home/karuturihemanth/airflow/dags/user_processing.py took 0.403 seconds
[2021-07-16 03:30:06,663] {scheduler_job.py:182} INFO - Started process (PID=1481) to work on /home/karuturihemanth/airflow/dags/user_processing.py
[2021-07-16 03:30:06,664] {scheduler_job.py:633} INFO - Processing file /home/karuturihemanth/airflow/dags/user_processing.py for tasks to queue
[2021-07-16 03:30:06,664] {logging_mixin.py:104} INFO - [2021-07-16 03:30:06,664] {dagbag.py:496} INFO - Filling up the DagBag from /home/karuturihemanth/airflow/dags/user_processing.py
[2021-07-16 03:30:07,036] {scheduler_job.py:643} INFO - DAG(s) dict_keys(['user_processing']) retrieved from /home/karuturihemanth/airflow/dags/user_processing.py
[2021-07-16 03:30:07,045] {logging_mixin.py:104} INFO - [2021-07-16 03:30:07,045] {dag.py:1833} INFO - Sync 1 DAGs
[2021-07-16 03:30:07,052] {logging_mixin.py:104} INFO - [2021-07-16 03:30:07,052] {dag.py:2306} INFO - Setting next_dagrun for user_processing to None
[2021-07-16 03:30:07,062] {scheduler_job.py:190} INFO - Processing /home/karuturihemanth/airflow/dags/user_processing.py took 0.403 seconds
[2021-07-16 03:30:39,263] {scheduler_job.py:182} INFO - Started process (PID=1515) to work on /home/karuturihemanth/airflow/dags/user_processing.py
[2021-07-16 03:30:39,264] {scheduler_job.py:633} INFO - Processing file /home/karuturihemanth/airflow/dags/user_processing.py for tasks to queue
[2021-07-16 03:30:39,265] {logging_mixin.py:104} INFO - [2021-07-16 03:30:39,265] {dagbag.py:496} INFO - Filling up the DagBag from /home/karuturihemanth/airflow/dags/user_processing.py
[2021-07-16 03:30:39,632] {scheduler_job.py:643} INFO - DAG(s) dict_keys(['user_processing']) retrieved from /home/karuturihemanth/airflow/dags/user_processing.py
[2021-07-16 03:30:39,641] {logging_mixin.py:104} INFO - [2021-07-16 03:30:39,641] {dag.py:1833} INFO - Sync 1 DAGs
[2021-07-16 03:30:39,648] {logging_mixin.py:104} INFO - [2021-07-16 03:30:39,648] {dag.py:2306} INFO - Setting next_dagrun for user_processing to None
[2021-07-16 03:30:39,658] {scheduler_job.py:190} INFO - Processing /home/karuturihemanth/airflow/dags/user_processing.py took 0.398 seconds
[2021-07-16 03:31:13,623] {scheduler_job.py:182} INFO - Started process (PID=1549) to work on /home/karuturihemanth/airflow/dags/user_processing.py
[2021-07-16 03:31:13,624] {scheduler_job.py:633} INFO - Processing file /home/karuturihemanth/airflow/dags/user_processing.py for tasks to queue
[2021-07-16 03:31:13,625] {logging_mixin.py:104} INFO - [2021-07-16 03:31:13,624] {dagbag.py:496} INFO - Filling up the DagBag from /home/karuturihemanth/airflow/dags/user_processing.py
[2021-07-16 03:31:13,998] {scheduler_job.py:643} INFO - DAG(s) dict_keys(['user_processing']) retrieved from /home/karuturihemanth/airflow/dags/user_processing.py
[2021-07-16 03:31:14,007] {logging_mixin.py:104} INFO - [2021-07-16 03:31:14,007] {dag.py:1833} INFO - Sync 1 DAGs
[2021-07-16 03:31:14,014] {logging_mixin.py:104} INFO - [2021-07-16 03:31:14,014] {dag.py:2306} INFO - Setting next_dagrun for user_processing to None
[2021-07-16 03:31:14,024] {scheduler_job.py:190} INFO - Processing /home/karuturihemanth/airflow/dags/user_processing.py took 0.404 seconds
[2021-07-16 03:31:46,466] {scheduler_job.py:182} INFO - Started process (PID=1819) to work on /home/karuturihemanth/airflow/dags/user_processing.py
[2021-07-16 03:31:46,467] {scheduler_job.py:633} INFO - Processing file /home/karuturihemanth/airflow/dags/user_processing.py for tasks to queue
[2021-07-16 03:31:46,468] {logging_mixin.py:104} INFO - [2021-07-16 03:31:46,468] {dagbag.py:496} INFO - Filling up the DagBag from /home/karuturihemanth/airflow/dags/user_processing.py
[2021-07-16 03:31:47,491] {scheduler_job.py:643} INFO - DAG(s) dict_keys(['user_processing']) retrieved from /home/karuturihemanth/airflow/dags/user_processing.py
[2021-07-16 03:31:47,530] {logging_mixin.py:104} INFO - [2021-07-16 03:31:47,529] {dag.py:1833} INFO - Sync 1 DAGs
[2021-07-16 03:31:47,543] {logging_mixin.py:104} INFO - [2021-07-16 03:31:47,543] {dag.py:2306} INFO - Setting next_dagrun for user_processing to None
[2021-07-16 03:31:47,558] {scheduler_job.py:190} INFO - Processing /home/karuturihemanth/airflow/dags/user_processing.py took 1.096 seconds
[2021-07-16 03:32:18,655] {scheduler_job.py:182} INFO - Started process (PID=1900) to work on /home/karuturihemanth/airflow/dags/user_processing.py
[2021-07-16 03:32:18,656] {scheduler_job.py:633} INFO - Processing file /home/karuturihemanth/airflow/dags/user_processing.py for tasks to queue
[2021-07-16 03:32:18,657] {logging_mixin.py:104} INFO - [2021-07-16 03:32:18,657] {dagbag.py:496} INFO - Filling up the DagBag from /home/karuturihemanth/airflow/dags/user_processing.py
[2021-07-16 03:32:19,700] {scheduler_job.py:643} INFO - DAG(s) dict_keys(['user_processing']) retrieved from /home/karuturihemanth/airflow/dags/user_processing.py
[2021-07-16 03:32:19,730] {logging_mixin.py:104} INFO - [2021-07-16 03:32:19,730] {dag.py:1833} INFO - Sync 1 DAGs
[2021-07-16 03:32:19,744] {logging_mixin.py:104} INFO - [2021-07-16 03:32:19,743] {dag.py:2306} INFO - Setting next_dagrun for user_processing to None
[2021-07-16 03:32:19,762] {scheduler_job.py:190} INFO - Processing /home/karuturihemanth/airflow/dags/user_processing.py took 1.111 seconds
[2021-07-16 03:33:16,909] {scheduler_job.py:182} INFO - Started process (PID=4624) to work on /home/karuturihemanth/airflow/dags/user_processing.py
[2021-07-16 03:33:16,911] {scheduler_job.py:633} INFO - Processing file /home/karuturihemanth/airflow/dags/user_processing.py for tasks to queue
[2021-07-16 03:33:16,912] {logging_mixin.py:104} INFO - [2021-07-16 03:33:16,912] {dagbag.py:496} INFO - Filling up the DagBag from /home/karuturihemanth/airflow/dags/user_processing.py
[2021-07-16 03:33:21,202] {scheduler_job.py:643} INFO - DAG(s) dict_keys(['user_processing']) retrieved from /home/karuturihemanth/airflow/dags/user_processing.py
[2021-07-16 03:33:21,217] {logging_mixin.py:104} INFO - [2021-07-16 03:33:21,217] {dag.py:1833} INFO - Sync 1 DAGs
[2021-07-16 03:33:21,225] {logging_mixin.py:104} INFO - [2021-07-16 03:33:21,225] {dag.py:2306} INFO - Setting next_dagrun for user_processing to None
[2021-07-16 03:33:21,240] {scheduler_job.py:190} INFO - Processing /home/karuturihemanth/airflow/dags/user_processing.py took 4.333 seconds
[2021-07-16 03:33:57,165] {scheduler_job.py:182} INFO - Started process (PID=4663) to work on /home/karuturihemanth/airflow/dags/user_processing.py
[2021-07-16 03:33:57,166] {scheduler_job.py:633} INFO - Processing file /home/karuturihemanth/airflow/dags/user_processing.py for tasks to queue
[2021-07-16 03:33:57,167] {logging_mixin.py:104} INFO - [2021-07-16 03:33:57,167] {dagbag.py:496} INFO - Filling up the DagBag from /home/karuturihemanth/airflow/dags/user_processing.py
[2021-07-16 03:33:57,963] {scheduler_job.py:643} INFO - DAG(s) dict_keys(['user_processing']) retrieved from /home/karuturihemanth/airflow/dags/user_processing.py
[2021-07-16 03:33:57,973] {logging_mixin.py:104} INFO - [2021-07-16 03:33:57,973] {dag.py:1833} INFO - Sync 1 DAGs
[2021-07-16 03:33:57,981] {logging_mixin.py:104} INFO - [2021-07-16 03:33:57,981] {dag.py:2306} INFO - Setting next_dagrun for user_processing to None
[2021-07-16 03:33:57,993] {scheduler_job.py:190} INFO - Processing /home/karuturihemanth/airflow/dags/user_processing.py took 0.831 seconds
[2021-07-16 03:34:32,752] {scheduler_job.py:182} INFO - Started process (PID=4752) to work on /home/karuturihemanth/airflow/dags/user_processing.py
[2021-07-16 03:34:32,754] {scheduler_job.py:633} INFO - Processing file /home/karuturihemanth/airflow/dags/user_processing.py for tasks to queue
[2021-07-16 03:34:32,755] {logging_mixin.py:104} INFO - [2021-07-16 03:34:32,755] {dagbag.py:496} INFO - Filling up the DagBag from /home/karuturihemanth/airflow/dags/user_processing.py
[2021-07-16 03:34:33,518] {scheduler_job.py:643} INFO - DAG(s) dict_keys(['user_processing']) retrieved from /home/karuturihemanth/airflow/dags/user_processing.py
[2021-07-16 03:34:33,528] {logging_mixin.py:104} INFO - [2021-07-16 03:34:33,528] {dag.py:1833} INFO - Sync 1 DAGs
[2021-07-16 03:34:33,537] {logging_mixin.py:104} INFO - [2021-07-16 03:34:33,537] {dag.py:2306} INFO - Setting next_dagrun for user_processing to None
[2021-07-16 03:34:33,550] {scheduler_job.py:190} INFO - Processing /home/karuturihemanth/airflow/dags/user_processing.py took 0.801 seconds
[2021-07-16 03:35:04,304] {scheduler_job.py:182} INFO - Started process (PID=4783) to work on /home/karuturihemanth/airflow/dags/user_processing.py
[2021-07-16 03:35:04,306] {scheduler_job.py:633} INFO - Processing file /home/karuturihemanth/airflow/dags/user_processing.py for tasks to queue
[2021-07-16 03:35:04,306] {logging_mixin.py:104} INFO - [2021-07-16 03:35:04,306] {dagbag.py:496} INFO - Filling up the DagBag from /home/karuturihemanth/airflow/dags/user_processing.py
[2021-07-16 03:35:04,766] {scheduler_job.py:643} INFO - DAG(s) dict_keys(['user_processing']) retrieved from /home/karuturihemanth/airflow/dags/user_processing.py
[2021-07-16 03:35:04,775] {logging_mixin.py:104} INFO - [2021-07-16 03:35:04,774] {dag.py:1833} INFO - Sync 1 DAGs
[2021-07-16 03:35:04,782] {logging_mixin.py:104} INFO - [2021-07-16 03:35:04,782] {dag.py:2306} INFO - Setting next_dagrun for user_processing to None
[2021-07-16 03:35:04,792] {scheduler_job.py:190} INFO - Processing /home/karuturihemanth/airflow/dags/user_processing.py took 0.491 seconds
[2021-07-16 03:35:37,455] {scheduler_job.py:182} INFO - Started process (PID=4941) to work on /home/karuturihemanth/airflow/dags/user_processing.py
[2021-07-16 03:35:37,457] {scheduler_job.py:633} INFO - Processing file /home/karuturihemanth/airflow/dags/user_processing.py for tasks to queue
[2021-07-16 03:35:37,458] {logging_mixin.py:104} INFO - [2021-07-16 03:35:37,458] {dagbag.py:496} INFO - Filling up the DagBag from /home/karuturihemanth/airflow/dags/user_processing.py
[2021-07-16 03:35:38,330] {scheduler_job.py:643} INFO - DAG(s) dict_keys(['user_processing']) retrieved from /home/karuturihemanth/airflow/dags/user_processing.py
[2021-07-16 03:35:38,340] {logging_mixin.py:104} INFO - [2021-07-16 03:35:38,339] {dag.py:1833} INFO - Sync 1 DAGs
[2021-07-16 03:35:38,347] {logging_mixin.py:104} INFO - [2021-07-16 03:35:38,347] {dag.py:2306} INFO - Setting next_dagrun for user_processing to None
[2021-07-16 03:35:38,358] {scheduler_job.py:190} INFO - Processing /home/karuturihemanth/airflow/dags/user_processing.py took 0.907 seconds
[2021-07-16 03:36:10,071] {scheduler_job.py:182} INFO - Started process (PID=5058) to work on /home/karuturihemanth/airflow/dags/user_processing.py
[2021-07-16 03:36:10,074] {scheduler_job.py:633} INFO - Processing file /home/karuturihemanth/airflow/dags/user_processing.py for tasks to queue
[2021-07-16 03:36:10,074] {logging_mixin.py:104} INFO - [2021-07-16 03:36:10,074] {dagbag.py:496} INFO - Filling up the DagBag from /home/karuturihemanth/airflow/dags/user_processing.py
[2021-07-16 03:36:10,919] {scheduler_job.py:643} INFO - DAG(s) dict_keys(['user_processing']) retrieved from /home/karuturihemanth/airflow/dags/user_processing.py
[2021-07-16 03:36:10,933] {logging_mixin.py:104} INFO - [2021-07-16 03:36:10,932] {dag.py:1833} INFO - Sync 1 DAGs
[2021-07-16 03:36:10,940] {logging_mixin.py:104} INFO - [2021-07-16 03:36:10,940] {dag.py:2306} INFO - Setting next_dagrun for user_processing to None
[2021-07-16 03:36:10,950] {scheduler_job.py:190} INFO - Processing /home/karuturihemanth/airflow/dags/user_processing.py took 0.883 seconds
[2021-07-16 03:36:43,991] {scheduler_job.py:182} INFO - Started process (PID=5092) to work on /home/karuturihemanth/airflow/dags/user_processing.py
[2021-07-16 03:36:43,992] {scheduler_job.py:633} INFO - Processing file /home/karuturihemanth/airflow/dags/user_processing.py for tasks to queue
[2021-07-16 03:36:43,992] {logging_mixin.py:104} INFO - [2021-07-16 03:36:43,992] {dagbag.py:496} INFO - Filling up the DagBag from /home/karuturihemanth/airflow/dags/user_processing.py
[2021-07-16 03:36:44,745] {scheduler_job.py:643} INFO - DAG(s) dict_keys(['user_processing']) retrieved from /home/karuturihemanth/airflow/dags/user_processing.py
[2021-07-16 03:36:44,760] {logging_mixin.py:104} INFO - [2021-07-16 03:36:44,760] {dag.py:1833} INFO - Sync 1 DAGs
[2021-07-16 03:36:44,769] {logging_mixin.py:104} INFO - [2021-07-16 03:36:44,769] {dag.py:2306} INFO - Setting next_dagrun for user_processing to None
[2021-07-16 03:36:44,782] {scheduler_job.py:190} INFO - Processing /home/karuturihemanth/airflow/dags/user_processing.py took 0.794 seconds
[2021-07-16 03:37:15,559] {scheduler_job.py:182} INFO - Started process (PID=5124) to work on /home/karuturihemanth/airflow/dags/user_processing.py
[2021-07-16 03:37:15,560] {scheduler_job.py:633} INFO - Processing file /home/karuturihemanth/airflow/dags/user_processing.py for tasks to queue
[2021-07-16 03:37:15,561] {logging_mixin.py:104} INFO - [2021-07-16 03:37:15,561] {dagbag.py:496} INFO - Filling up the DagBag from /home/karuturihemanth/airflow/dags/user_processing.py
[2021-07-16 03:37:16,203] {scheduler_job.py:643} INFO - DAG(s) dict_keys(['user_processing']) retrieved from /home/karuturihemanth/airflow/dags/user_processing.py
[2021-07-16 03:37:16,213] {logging_mixin.py:104} INFO - [2021-07-16 03:37:16,212] {dag.py:1833} INFO - Sync 1 DAGs
[2021-07-16 03:37:16,220] {logging_mixin.py:104} INFO - [2021-07-16 03:37:16,220] {dag.py:2306} INFO - Setting next_dagrun for user_processing to None
[2021-07-16 03:37:16,230] {scheduler_job.py:190} INFO - Processing /home/karuturihemanth/airflow/dags/user_processing.py took 0.674 seconds
[2021-07-16 03:37:49,898] {scheduler_job.py:182} INFO - Started process (PID=5158) to work on /home/karuturihemanth/airflow/dags/user_processing.py
[2021-07-16 03:37:49,899] {scheduler_job.py:633} INFO - Processing file /home/karuturihemanth/airflow/dags/user_processing.py for tasks to queue
[2021-07-16 03:37:49,899] {logging_mixin.py:104} INFO - [2021-07-16 03:37:49,899] {dagbag.py:496} INFO - Filling up the DagBag from /home/karuturihemanth/airflow/dags/user_processing.py
[2021-07-16 03:37:50,365] {scheduler_job.py:643} INFO - DAG(s) dict_keys(['user_processing']) retrieved from /home/karuturihemanth/airflow/dags/user_processing.py
[2021-07-16 03:37:50,383] {logging_mixin.py:104} INFO - [2021-07-16 03:37:50,382] {dag.py:1833} INFO - Sync 1 DAGs
[2021-07-16 03:37:50,393] {logging_mixin.py:104} INFO - [2021-07-16 03:37:50,393] {dag.py:2306} INFO - Setting next_dagrun for user_processing to None
[2021-07-16 03:37:50,407] {scheduler_job.py:190} INFO - Processing /home/karuturihemanth/airflow/dags/user_processing.py took 0.513 seconds
[2021-07-16 03:38:23,526] {scheduler_job.py:182} INFO - Started process (PID=5193) to work on /home/karuturihemanth/airflow/dags/user_processing.py
[2021-07-16 03:38:23,527] {scheduler_job.py:633} INFO - Processing file /home/karuturihemanth/airflow/dags/user_processing.py for tasks to queue
[2021-07-16 03:38:23,527] {logging_mixin.py:104} INFO - [2021-07-16 03:38:23,527] {dagbag.py:496} INFO - Filling up the DagBag from /home/karuturihemanth/airflow/dags/user_processing.py
[2021-07-16 03:38:24,063] {scheduler_job.py:643} INFO - DAG(s) dict_keys(['user_processing']) retrieved from /home/karuturihemanth/airflow/dags/user_processing.py
[2021-07-16 03:38:24,073] {logging_mixin.py:104} INFO - [2021-07-16 03:38:24,073] {dag.py:1833} INFO - Sync 1 DAGs
[2021-07-16 03:38:24,081] {logging_mixin.py:104} INFO - [2021-07-16 03:38:24,081] {dag.py:2306} INFO - Setting next_dagrun for user_processing to None
[2021-07-16 03:38:24,093] {scheduler_job.py:190} INFO - Processing /home/karuturihemanth/airflow/dags/user_processing.py took 0.571 seconds
[2021-07-16 03:38:56,822] {scheduler_job.py:182} INFO - Started process (PID=5226) to work on /home/karuturihemanth/airflow/dags/user_processing.py
[2021-07-16 03:38:56,823] {scheduler_job.py:633} INFO - Processing file /home/karuturihemanth/airflow/dags/user_processing.py for tasks to queue
[2021-07-16 03:38:56,823] {logging_mixin.py:104} INFO - [2021-07-16 03:38:56,823] {dagbag.py:496} INFO - Filling up the DagBag from /home/karuturihemanth/airflow/dags/user_processing.py
[2021-07-16 03:38:57,266] {scheduler_job.py:643} INFO - DAG(s) dict_keys(['user_processing']) retrieved from /home/karuturihemanth/airflow/dags/user_processing.py
[2021-07-16 03:38:57,275] {logging_mixin.py:104} INFO - [2021-07-16 03:38:57,275] {dag.py:1833} INFO - Sync 1 DAGs
[2021-07-16 03:38:57,283] {logging_mixin.py:104} INFO - [2021-07-16 03:38:57,283] {dag.py:2306} INFO - Setting next_dagrun for user_processing to None
[2021-07-16 03:38:57,294] {scheduler_job.py:190} INFO - Processing /home/karuturihemanth/airflow/dags/user_processing.py took 0.476 seconds
[2021-07-16 03:39:31,829] {scheduler_job.py:182} INFO - Started process (PID=5260) to work on /home/karuturihemanth/airflow/dags/user_processing.py
[2021-07-16 03:39:31,830] {scheduler_job.py:633} INFO - Processing file /home/karuturihemanth/airflow/dags/user_processing.py for tasks to queue
[2021-07-16 03:39:31,831] {logging_mixin.py:104} INFO - [2021-07-16 03:39:31,831] {dagbag.py:496} INFO - Filling up the DagBag from /home/karuturihemanth/airflow/dags/user_processing.py
[2021-07-16 03:39:32,209] {scheduler_job.py:643} INFO - DAG(s) dict_keys(['user_processing']) retrieved from /home/karuturihemanth/airflow/dags/user_processing.py
[2021-07-16 03:39:32,219] {logging_mixin.py:104} INFO - [2021-07-16 03:39:32,218] {dag.py:1833} INFO - Sync 1 DAGs
[2021-07-16 03:39:32,226] {logging_mixin.py:104} INFO - [2021-07-16 03:39:32,226] {dag.py:2306} INFO - Setting next_dagrun for user_processing to None
[2021-07-16 03:39:32,236] {scheduler_job.py:190} INFO - Processing /home/karuturihemanth/airflow/dags/user_processing.py took 0.410 seconds
[2021-07-16 03:40:02,728] {scheduler_job.py:182} INFO - Started process (PID=5291) to work on /home/karuturihemanth/airflow/dags/user_processing.py
[2021-07-16 03:40:02,729] {scheduler_job.py:633} INFO - Processing file /home/karuturihemanth/airflow/dags/user_processing.py for tasks to queue
[2021-07-16 03:40:02,729] {logging_mixin.py:104} INFO - [2021-07-16 03:40:02,729] {dagbag.py:496} INFO - Filling up the DagBag from /home/karuturihemanth/airflow/dags/user_processing.py
[2021-07-16 03:40:03,109] {scheduler_job.py:643} INFO - DAG(s) dict_keys(['user_processing']) retrieved from /home/karuturihemanth/airflow/dags/user_processing.py
[2021-07-16 03:40:03,119] {logging_mixin.py:104} INFO - [2021-07-16 03:40:03,118] {dag.py:1833} INFO - Sync 1 DAGs
[2021-07-16 03:40:03,126] {logging_mixin.py:104} INFO - [2021-07-16 03:40:03,126] {dag.py:2306} INFO - Setting next_dagrun for user_processing to None
[2021-07-16 03:40:03,136] {scheduler_job.py:190} INFO - Processing /home/karuturihemanth/airflow/dags/user_processing.py took 0.412 seconds
[2021-07-16 03:40:33,508] {scheduler_job.py:182} INFO - Started process (PID=5321) to work on /home/karuturihemanth/airflow/dags/user_processing.py
[2021-07-16 03:40:33,510] {scheduler_job.py:633} INFO - Processing file /home/karuturihemanth/airflow/dags/user_processing.py for tasks to queue
[2021-07-16 03:40:33,510] {logging_mixin.py:104} INFO - [2021-07-16 03:40:33,510] {dagbag.py:496} INFO - Filling up the DagBag from /home/karuturihemanth/airflow/dags/user_processing.py
[2021-07-16 03:40:34,068] {scheduler_job.py:643} INFO - DAG(s) dict_keys(['user_processing']) retrieved from /home/karuturihemanth/airflow/dags/user_processing.py
[2021-07-16 03:40:34,078] {logging_mixin.py:104} INFO - [2021-07-16 03:40:34,078] {dag.py:1833} INFO - Sync 1 DAGs
[2021-07-16 03:40:34,086] {logging_mixin.py:104} INFO - [2021-07-16 03:40:34,085] {dag.py:2306} INFO - Setting next_dagrun for user_processing to None
[2021-07-16 03:40:34,096] {scheduler_job.py:190} INFO - Processing /home/karuturihemanth/airflow/dags/user_processing.py took 0.592 seconds
[2021-07-16 03:41:08,492] {scheduler_job.py:182} INFO - Started process (PID=5357) to work on /home/karuturihemanth/airflow/dags/user_processing.py
[2021-07-16 03:41:08,492] {scheduler_job.py:633} INFO - Processing file /home/karuturihemanth/airflow/dags/user_processing.py for tasks to queue
[2021-07-16 03:41:08,493] {logging_mixin.py:104} INFO - [2021-07-16 03:41:08,493] {dagbag.py:496} INFO - Filling up the DagBag from /home/karuturihemanth/airflow/dags/user_processing.py
[2021-07-16 03:41:08,951] {scheduler_job.py:643} INFO - DAG(s) dict_keys(['user_processing']) retrieved from /home/karuturihemanth/airflow/dags/user_processing.py
[2021-07-16 03:41:08,960] {logging_mixin.py:104} INFO - [2021-07-16 03:41:08,960] {dag.py:1833} INFO - Sync 1 DAGs
[2021-07-16 03:41:08,968] {logging_mixin.py:104} INFO - [2021-07-16 03:41:08,967] {dag.py:2306} INFO - Setting next_dagrun for user_processing to None
[2021-07-16 03:41:08,977] {scheduler_job.py:190} INFO - Processing /home/karuturihemanth/airflow/dags/user_processing.py took 0.489 seconds
[2021-07-16 03:41:42,336] {scheduler_job.py:182} INFO - Started process (PID=5389) to work on /home/karuturihemanth/airflow/dags/user_processing.py
[2021-07-16 03:41:42,337] {scheduler_job.py:633} INFO - Processing file /home/karuturihemanth/airflow/dags/user_processing.py for tasks to queue
[2021-07-16 03:41:42,338] {logging_mixin.py:104} INFO - [2021-07-16 03:41:42,338] {dagbag.py:496} INFO - Filling up the DagBag from /home/karuturihemanth/airflow/dags/user_processing.py
[2021-07-16 03:41:42,778] {scheduler_job.py:643} INFO - DAG(s) dict_keys(['user_processing']) retrieved from /home/karuturihemanth/airflow/dags/user_processing.py
[2021-07-16 03:41:42,790] {logging_mixin.py:104} INFO - [2021-07-16 03:41:42,789] {dag.py:1833} INFO - Sync 1 DAGs
[2021-07-16 03:41:42,797] {logging_mixin.py:104} INFO - [2021-07-16 03:41:42,797] {dag.py:2306} INFO - Setting next_dagrun for user_processing to None
[2021-07-16 03:41:42,808] {scheduler_job.py:190} INFO - Processing /home/karuturihemanth/airflow/dags/user_processing.py took 0.475 seconds
[2021-07-16 03:51:22,832] {scheduler_job.py:182} INFO - Started process (PID=5566) to work on /home/karuturihemanth/airflow/dags/user_processing.py
[2021-07-16 03:51:22,833] {scheduler_job.py:633} INFO - Processing file /home/karuturihemanth/airflow/dags/user_processing.py for tasks to queue
[2021-07-16 03:51:22,834] {logging_mixin.py:104} INFO - [2021-07-16 03:51:22,834] {dagbag.py:496} INFO - Filling up the DagBag from /home/karuturihemanth/airflow/dags/user_processing.py
[2021-07-16 03:51:23,259] {scheduler_job.py:643} INFO - DAG(s) dict_keys(['user_processing']) retrieved from /home/karuturihemanth/airflow/dags/user_processing.py
[2021-07-16 03:51:23,913] {logging_mixin.py:104} INFO - [2021-07-16 03:51:23,912] {dag.py:1833} INFO - Sync 1 DAGs
[2021-07-16 03:51:24,018] {logging_mixin.py:104} INFO - [2021-07-16 03:51:24,018] {dag.py:2306} INFO - Setting next_dagrun for user_processing to None
[2021-07-16 03:51:24,233] {scheduler_job.py:190} INFO - Processing /home/karuturihemanth/airflow/dags/user_processing.py took 1.408 seconds
[2021-07-16 03:51:55,182] {scheduler_job.py:182} INFO - Started process (PID=5742) to work on /home/karuturihemanth/airflow/dags/user_processing.py
[2021-07-16 03:51:55,185] {scheduler_job.py:633} INFO - Processing file /home/karuturihemanth/airflow/dags/user_processing.py for tasks to queue
[2021-07-16 03:51:55,186] {logging_mixin.py:104} INFO - [2021-07-16 03:51:55,185] {dagbag.py:496} INFO - Filling up the DagBag from /home/karuturihemanth/airflow/dags/user_processing.py
[2021-07-16 03:52:29,263] {logging_mixin.py:104} INFO - [2021-07-16 03:52:25,877] {timeout.py:36} ERROR - Process timed out, PID: 5742
[2021-07-16 03:53:10,196] {logging_mixin.py:104} INFO - [2021-07-16 03:52:38,847] {dagbag.py:329} ERROR - Failed to import: /home/karuturihemanth/airflow/dags/user_processing.py
Traceback (most recent call last):
  File "/home/karuturihemanth/airflow_env/lib/python3.9/site-packages/airflow/models/dagbag.py", line 326, in _load_modules_from_file
    loader.exec_module(new_module)
  File "<frozen importlib._bootstrap_external>", line 855, in exec_module
  File "<frozen importlib._bootstrap>", line 228, in _call_with_frames_removed
  File "/home/karuturihemanth/airflow/dags/user_processing.py", line 9, in <module>
    from pandas import json_normalize
  File "/home/karuturihemanth/airflow_env/lib/python3.9/site-packages/pandas/__init__.py", line 179, in <module>
    import pandas.testing
  File "/home/karuturihemanth/airflow_env/lib/python3.9/site-packages/pandas/testing.py", line 6, in <module>
    from pandas._testing import (
  File "/home/karuturihemanth/airflow_env/lib/python3.9/site-packages/pandas/_testing/__init__.py", line 73, in <module>
    from pandas._testing._warnings import assert_produces_warning  # noqa:F401
  File "<frozen importlib._bootstrap>", line 1007, in _find_and_load
  File "<frozen importlib._bootstrap>", line 982, in _find_and_load_unlocked
  File "<frozen importlib._bootstrap>", line 925, in _find_spec
  File "<frozen importlib._bootstrap_external>", line 1414, in find_spec
  File "<frozen importlib._bootstrap_external>", line 1386, in _get_spec
  File "<frozen importlib._bootstrap_external>", line 1513, in find_spec
  File "<frozen importlib._bootstrap_external>", line 142, in _path_stat
  File "/home/karuturihemanth/airflow_env/lib/python3.9/site-packages/airflow/utils/timeout.py", line 37, in handle_timeout
    raise AirflowTaskTimeout(self.error_message)
airflow.exceptions.AirflowTaskTimeout: DagBag import timeout for /home/karuturihemanth/airflow/dags/user_processing.py after 30.0s, PID: 5742
[2021-07-16 03:53:10,419] {scheduler_job.py:645} WARNING - No viable dags retrieved from /home/karuturihemanth/airflow/dags/user_processing.py
[2021-07-16 03:53:14,469] {scheduler_job.py:182} INFO - Started process (PID=5761) to work on /home/karuturihemanth/airflow/dags/user_processing.py
[2021-07-16 03:53:14,470] {scheduler_job.py:633} INFO - Processing file /home/karuturihemanth/airflow/dags/user_processing.py for tasks to queue
[2021-07-16 03:53:14,471] {logging_mixin.py:104} INFO - [2021-07-16 03:53:14,471] {dagbag.py:496} INFO - Filling up the DagBag from /home/karuturihemanth/airflow/dags/user_processing.py
[2021-07-16 03:53:19,901] {scheduler_job.py:643} INFO - DAG(s) dict_keys(['user_processing']) retrieved from /home/karuturihemanth/airflow/dags/user_processing.py
[2021-07-16 03:53:20,630] {logging_mixin.py:104} INFO - [2021-07-16 03:53:20,630] {dag.py:1833} INFO - Sync 1 DAGs
[2021-07-16 03:53:20,735] {logging_mixin.py:104} INFO - [2021-07-16 03:53:20,734] {dag.py:2306} INFO - Setting next_dagrun for user_processing to None
[2021-07-16 03:53:20,952] {scheduler_job.py:190} INFO - Processing /home/karuturihemanth/airflow/dags/user_processing.py took 6.487 seconds
[2021-07-16 03:54:30,431] {scheduler_job.py:182} INFO - Started process (PID=6021) to work on /home/karuturihemanth/airflow/dags/user_processing.py
[2021-07-16 03:54:30,434] {scheduler_job.py:633} INFO - Processing file /home/karuturihemanth/airflow/dags/user_processing.py for tasks to queue
[2021-07-16 03:54:30,434] {logging_mixin.py:104} INFO - [2021-07-16 03:54:30,434] {dagbag.py:496} INFO - Filling up the DagBag from /home/karuturihemanth/airflow/dags/user_processing.py
[2021-07-16 03:55:55,535] {logging_mixin.py:104} INFO - [2021-07-16 03:55:42,659] {timeout.py:36} ERROR - Process timed out, PID: 6021
[2021-07-16 03:58:14,261] {logging_mixin.py:104} INFO - [2021-07-16 03:58:14,261] {process_utils.py:207} INFO - Waiting up to 5 seconds for processes to exit...
[2021-07-16 10:00:13,686] {scheduler_job.py:182} INFO - Started process (PID=1089) to work on /home/karuturihemanth/airflow/dags/user_processing.py
[2021-07-16 10:00:13,690] {scheduler_job.py:633} INFO - Processing file /home/karuturihemanth/airflow/dags/user_processing.py for tasks to queue
[2021-07-16 10:00:13,691] {logging_mixin.py:104} INFO - [2021-07-16 10:00:13,691] {dagbag.py:496} INFO - Filling up the DagBag from /home/karuturihemanth/airflow/dags/user_processing.py
[2021-07-16 10:00:14,631] {scheduler_job.py:643} INFO - DAG(s) dict_keys(['user_processing']) retrieved from /home/karuturihemanth/airflow/dags/user_processing.py
[2021-07-16 10:00:15,310] {logging_mixin.py:104} INFO - [2021-07-16 10:00:15,310] {dag.py:1833} INFO - Sync 1 DAGs
[2021-07-16 10:00:15,417] {logging_mixin.py:104} INFO - [2021-07-16 10:00:15,417] {dag.py:2306} INFO - Setting next_dagrun for user_processing to None
[2021-07-16 10:00:15,644] {scheduler_job.py:190} INFO - Processing /home/karuturihemanth/airflow/dags/user_processing.py took 1.972 seconds
[2021-07-16 10:00:45,989] {scheduler_job.py:182} INFO - Started process (PID=1257) to work on /home/karuturihemanth/airflow/dags/user_processing.py
[2021-07-16 10:00:45,990] {scheduler_job.py:633} INFO - Processing file /home/karuturihemanth/airflow/dags/user_processing.py for tasks to queue
[2021-07-16 10:00:45,990] {logging_mixin.py:104} INFO - [2021-07-16 10:00:45,990] {dagbag.py:496} INFO - Filling up the DagBag from /home/karuturihemanth/airflow/dags/user_processing.py
[2021-07-16 10:00:46,340] {scheduler_job.py:643} INFO - DAG(s) dict_keys(['user_processing']) retrieved from /home/karuturihemanth/airflow/dags/user_processing.py
[2021-07-16 10:00:47,018] {logging_mixin.py:104} INFO - [2021-07-16 10:00:47,017] {dag.py:1833} INFO - Sync 1 DAGs
[2021-07-16 10:00:47,121] {logging_mixin.py:104} INFO - [2021-07-16 10:00:47,121] {dag.py:2306} INFO - Setting next_dagrun for user_processing to None
[2021-07-16 10:00:47,348] {scheduler_job.py:190} INFO - Processing /home/karuturihemanth/airflow/dags/user_processing.py took 1.362 seconds
[2021-07-16 10:01:17,972] {scheduler_job.py:182} INFO - Started process (PID=1423) to work on /home/karuturihemanth/airflow/dags/user_processing.py
[2021-07-16 10:01:17,973] {scheduler_job.py:633} INFO - Processing file /home/karuturihemanth/airflow/dags/user_processing.py for tasks to queue
[2021-07-16 10:01:17,973] {logging_mixin.py:104} INFO - [2021-07-16 10:01:17,973] {dagbag.py:496} INFO - Filling up the DagBag from /home/karuturihemanth/airflow/dags/user_processing.py
[2021-07-16 10:01:18,325] {scheduler_job.py:643} INFO - DAG(s) dict_keys(['user_processing']) retrieved from /home/karuturihemanth/airflow/dags/user_processing.py
[2021-07-16 10:01:19,008] {logging_mixin.py:104} INFO - [2021-07-16 10:01:19,007] {dag.py:1833} INFO - Sync 1 DAGs
[2021-07-16 10:01:19,112] {logging_mixin.py:104} INFO - [2021-07-16 10:01:19,112] {dag.py:2306} INFO - Setting next_dagrun for user_processing to None
[2021-07-16 10:01:19,336] {scheduler_job.py:190} INFO - Processing /home/karuturihemanth/airflow/dags/user_processing.py took 1.369 seconds
[2021-07-16 10:01:49,737] {scheduler_job.py:182} INFO - Started process (PID=1601) to work on /home/karuturihemanth/airflow/dags/user_processing.py
[2021-07-16 10:01:49,737] {scheduler_job.py:633} INFO - Processing file /home/karuturihemanth/airflow/dags/user_processing.py for tasks to queue
[2021-07-16 10:01:49,738] {logging_mixin.py:104} INFO - [2021-07-16 10:01:49,738] {dagbag.py:496} INFO - Filling up the DagBag from /home/karuturihemanth/airflow/dags/user_processing.py
[2021-07-16 10:01:50,105] {scheduler_job.py:643} INFO - DAG(s) dict_keys(['user_processing']) retrieved from /home/karuturihemanth/airflow/dags/user_processing.py
[2021-07-16 10:01:50,752] {logging_mixin.py:104} INFO - [2021-07-16 10:01:50,752] {dag.py:1833} INFO - Sync 1 DAGs
[2021-07-16 10:01:50,854] {logging_mixin.py:104} INFO - [2021-07-16 10:01:50,854] {dag.py:2306} INFO - Setting next_dagrun for user_processing to None
[2021-07-16 10:01:51,069] {scheduler_job.py:190} INFO - Processing /home/karuturihemanth/airflow/dags/user_processing.py took 1.335 seconds
[2021-07-16 10:02:21,817] {scheduler_job.py:182} INFO - Started process (PID=1779) to work on /home/karuturihemanth/airflow/dags/user_processing.py
[2021-07-16 10:02:21,818] {scheduler_job.py:633} INFO - Processing file /home/karuturihemanth/airflow/dags/user_processing.py for tasks to queue
[2021-07-16 10:02:21,818] {logging_mixin.py:104} INFO - [2021-07-16 10:02:21,818] {dagbag.py:496} INFO - Filling up the DagBag from /home/karuturihemanth/airflow/dags/user_processing.py
[2021-07-16 10:02:22,217] {scheduler_job.py:643} INFO - DAG(s) dict_keys(['user_processing']) retrieved from /home/karuturihemanth/airflow/dags/user_processing.py
[2021-07-16 10:02:22,870] {logging_mixin.py:104} INFO - [2021-07-16 10:02:22,870] {dag.py:1833} INFO - Sync 1 DAGs
[2021-07-16 10:02:22,969] {logging_mixin.py:104} INFO - [2021-07-16 10:02:22,969] {dag.py:2306} INFO - Setting next_dagrun for user_processing to None
[2021-07-16 10:02:23,182] {scheduler_job.py:190} INFO - Processing /home/karuturihemanth/airflow/dags/user_processing.py took 1.369 seconds
[2021-07-16 10:02:53,467] {scheduler_job.py:182} INFO - Started process (PID=1946) to work on /home/karuturihemanth/airflow/dags/user_processing.py
[2021-07-16 10:02:53,470] {scheduler_job.py:633} INFO - Processing file /home/karuturihemanth/airflow/dags/user_processing.py for tasks to queue
[2021-07-16 10:02:53,471] {logging_mixin.py:104} INFO - [2021-07-16 10:02:53,470] {dagbag.py:496} INFO - Filling up the DagBag from /home/karuturihemanth/airflow/dags/user_processing.py
[2021-07-16 10:02:53,817] {scheduler_job.py:643} INFO - DAG(s) dict_keys(['user_processing']) retrieved from /home/karuturihemanth/airflow/dags/user_processing.py
[2021-07-16 10:02:54,490] {logging_mixin.py:104} INFO - [2021-07-16 10:02:54,489] {dag.py:1833} INFO - Sync 1 DAGs
[2021-07-16 10:02:54,591] {logging_mixin.py:104} INFO - [2021-07-16 10:02:54,591] {dag.py:2306} INFO - Setting next_dagrun for user_processing to None
[2021-07-16 10:02:54,808] {scheduler_job.py:190} INFO - Processing /home/karuturihemanth/airflow/dags/user_processing.py took 1.344 seconds
[2021-07-16 10:03:25,039] {scheduler_job.py:182} INFO - Started process (PID=2114) to work on /home/karuturihemanth/airflow/dags/user_processing.py
[2021-07-16 10:03:25,040] {scheduler_job.py:633} INFO - Processing file /home/karuturihemanth/airflow/dags/user_processing.py for tasks to queue
[2021-07-16 10:03:25,041] {logging_mixin.py:104} INFO - [2021-07-16 10:03:25,040] {dagbag.py:496} INFO - Filling up the DagBag from /home/karuturihemanth/airflow/dags/user_processing.py
[2021-07-16 10:03:25,446] {scheduler_job.py:643} INFO - DAG(s) dict_keys(['user_processing']) retrieved from /home/karuturihemanth/airflow/dags/user_processing.py
[2021-07-16 10:03:26,103] {logging_mixin.py:104} INFO - [2021-07-16 10:03:26,103] {dag.py:1833} INFO - Sync 1 DAGs
[2021-07-16 10:03:26,202] {logging_mixin.py:104} INFO - [2021-07-16 10:03:26,202] {dag.py:2306} INFO - Setting next_dagrun for user_processing to None
[2021-07-16 10:03:26,414] {scheduler_job.py:190} INFO - Processing /home/karuturihemanth/airflow/dags/user_processing.py took 1.378 seconds
[2021-07-16 10:03:57,074] {scheduler_job.py:182} INFO - Started process (PID=2283) to work on /home/karuturihemanth/airflow/dags/user_processing.py
[2021-07-16 10:03:57,075] {scheduler_job.py:633} INFO - Processing file /home/karuturihemanth/airflow/dags/user_processing.py for tasks to queue
[2021-07-16 10:03:57,075] {logging_mixin.py:104} INFO - [2021-07-16 10:03:57,075] {dagbag.py:496} INFO - Filling up the DagBag from /home/karuturihemanth/airflow/dags/user_processing.py
[2021-07-16 10:03:57,433] {scheduler_job.py:643} INFO - DAG(s) dict_keys(['user_processing']) retrieved from /home/karuturihemanth/airflow/dags/user_processing.py
[2021-07-16 10:03:58,088] {logging_mixin.py:104} INFO - [2021-07-16 10:03:58,088] {dag.py:1833} INFO - Sync 1 DAGs
[2021-07-16 10:03:58,189] {logging_mixin.py:104} INFO - [2021-07-16 10:03:58,189] {dag.py:2306} INFO - Setting next_dagrun for user_processing to None
[2021-07-16 10:03:58,405] {scheduler_job.py:190} INFO - Processing /home/karuturihemanth/airflow/dags/user_processing.py took 1.334 seconds
[2021-07-16 10:04:28,887] {scheduler_job.py:182} INFO - Started process (PID=2450) to work on /home/karuturihemanth/airflow/dags/user_processing.py
[2021-07-16 10:04:28,888] {scheduler_job.py:633} INFO - Processing file /home/karuturihemanth/airflow/dags/user_processing.py for tasks to queue
[2021-07-16 10:04:28,889] {logging_mixin.py:104} INFO - [2021-07-16 10:04:28,889] {dagbag.py:496} INFO - Filling up the DagBag from /home/karuturihemanth/airflow/dags/user_processing.py
[2021-07-16 10:04:29,258] {scheduler_job.py:643} INFO - DAG(s) dict_keys(['user_processing']) retrieved from /home/karuturihemanth/airflow/dags/user_processing.py
[2021-07-16 10:04:29,907] {logging_mixin.py:104} INFO - [2021-07-16 10:04:29,906] {dag.py:1833} INFO - Sync 1 DAGs
[2021-07-16 10:04:30,009] {logging_mixin.py:104} INFO - [2021-07-16 10:04:30,009] {dag.py:2306} INFO - Setting next_dagrun for user_processing to None
[2021-07-16 10:04:30,222] {scheduler_job.py:190} INFO - Processing /home/karuturihemanth/airflow/dags/user_processing.py took 1.339 seconds
[2021-07-16 10:05:00,374] {scheduler_job.py:182} INFO - Started process (PID=2616) to work on /home/karuturihemanth/airflow/dags/user_processing.py
[2021-07-16 10:05:00,375] {scheduler_job.py:633} INFO - Processing file /home/karuturihemanth/airflow/dags/user_processing.py for tasks to queue
[2021-07-16 10:05:00,376] {logging_mixin.py:104} INFO - [2021-07-16 10:05:00,376] {dagbag.py:496} INFO - Filling up the DagBag from /home/karuturihemanth/airflow/dags/user_processing.py
[2021-07-16 10:05:00,730] {scheduler_job.py:643} INFO - DAG(s) dict_keys(['user_processing']) retrieved from /home/karuturihemanth/airflow/dags/user_processing.py
[2021-07-16 10:05:01,402] {logging_mixin.py:104} INFO - [2021-07-16 10:05:01,401] {dag.py:1833} INFO - Sync 1 DAGs
[2021-07-16 10:05:01,503] {logging_mixin.py:104} INFO - [2021-07-16 10:05:01,503] {dag.py:2306} INFO - Setting next_dagrun for user_processing to None
[2021-07-16 10:05:01,721] {scheduler_job.py:190} INFO - Processing /home/karuturihemanth/airflow/dags/user_processing.py took 1.351 seconds
[2021-07-16 10:05:32,430] {scheduler_job.py:182} INFO - Started process (PID=2783) to work on /home/karuturihemanth/airflow/dags/user_processing.py
[2021-07-16 10:05:32,431] {scheduler_job.py:633} INFO - Processing file /home/karuturihemanth/airflow/dags/user_processing.py for tasks to queue
[2021-07-16 10:05:32,432] {logging_mixin.py:104} INFO - [2021-07-16 10:05:32,432] {dagbag.py:496} INFO - Filling up the DagBag from /home/karuturihemanth/airflow/dags/user_processing.py
[2021-07-16 10:05:32,813] {scheduler_job.py:643} INFO - DAG(s) dict_keys(['user_processing']) retrieved from /home/karuturihemanth/airflow/dags/user_processing.py
[2021-07-16 10:05:33,474] {logging_mixin.py:104} INFO - [2021-07-16 10:05:33,474] {dag.py:1833} INFO - Sync 1 DAGs
[2021-07-16 10:05:33,578] {logging_mixin.py:104} INFO - [2021-07-16 10:05:33,578] {dag.py:2306} INFO - Setting next_dagrun for user_processing to None
[2021-07-16 10:05:33,797] {scheduler_job.py:190} INFO - Processing /home/karuturihemanth/airflow/dags/user_processing.py took 1.371 seconds
[2021-07-16 10:06:04,390] {scheduler_job.py:182} INFO - Started process (PID=2949) to work on /home/karuturihemanth/airflow/dags/user_processing.py
[2021-07-16 10:06:04,390] {scheduler_job.py:633} INFO - Processing file /home/karuturihemanth/airflow/dags/user_processing.py for tasks to queue
[2021-07-16 10:06:04,391] {logging_mixin.py:104} INFO - [2021-07-16 10:06:04,391] {dagbag.py:496} INFO - Filling up the DagBag from /home/karuturihemanth/airflow/dags/user_processing.py
[2021-07-16 10:06:04,747] {scheduler_job.py:643} INFO - DAG(s) dict_keys(['user_processing']) retrieved from /home/karuturihemanth/airflow/dags/user_processing.py
[2021-07-16 10:06:05,402] {logging_mixin.py:104} INFO - [2021-07-16 10:06:05,402] {dag.py:1833} INFO - Sync 1 DAGs
[2021-07-16 10:06:05,503] {logging_mixin.py:104} INFO - [2021-07-16 10:06:05,503] {dag.py:2306} INFO - Setting next_dagrun for user_processing to None
[2021-07-16 10:06:05,720] {scheduler_job.py:190} INFO - Processing /home/karuturihemanth/airflow/dags/user_processing.py took 1.333 seconds
[2021-07-16 10:06:36,054] {scheduler_job.py:182} INFO - Started process (PID=3116) to work on /home/karuturihemanth/airflow/dags/user_processing.py
[2021-07-16 10:06:36,054] {scheduler_job.py:633} INFO - Processing file /home/karuturihemanth/airflow/dags/user_processing.py for tasks to queue
[2021-07-16 10:06:36,055] {logging_mixin.py:104} INFO - [2021-07-16 10:06:36,055] {dagbag.py:496} INFO - Filling up the DagBag from /home/karuturihemanth/airflow/dags/user_processing.py
[2021-07-16 10:06:36,424] {scheduler_job.py:643} INFO - DAG(s) dict_keys(['user_processing']) retrieved from /home/karuturihemanth/airflow/dags/user_processing.py
[2021-07-16 10:06:37,084] {logging_mixin.py:104} INFO - [2021-07-16 10:06:37,084] {dag.py:1833} INFO - Sync 1 DAGs
[2021-07-16 10:06:37,186] {logging_mixin.py:104} INFO - [2021-07-16 10:06:37,186] {dag.py:2306} INFO - Setting next_dagrun for user_processing to None
[2021-07-16 10:06:37,404] {scheduler_job.py:190} INFO - Processing /home/karuturihemanth/airflow/dags/user_processing.py took 1.354 seconds
[2021-07-16 10:07:08,223] {scheduler_job.py:182} INFO - Started process (PID=3282) to work on /home/karuturihemanth/airflow/dags/user_processing.py
[2021-07-16 10:07:08,224] {scheduler_job.py:633} INFO - Processing file /home/karuturihemanth/airflow/dags/user_processing.py for tasks to queue
[2021-07-16 10:07:08,225] {logging_mixin.py:104} INFO - [2021-07-16 10:07:08,225] {dagbag.py:496} INFO - Filling up the DagBag from /home/karuturihemanth/airflow/dags/user_processing.py
[2021-07-16 10:07:08,585] {scheduler_job.py:643} INFO - DAG(s) dict_keys(['user_processing']) retrieved from /home/karuturihemanth/airflow/dags/user_processing.py
[2021-07-16 10:07:09,276] {logging_mixin.py:104} INFO - [2021-07-16 10:07:09,276] {dag.py:1833} INFO - Sync 1 DAGs
[2021-07-16 10:07:09,382] {logging_mixin.py:104} INFO - [2021-07-16 10:07:09,382] {dag.py:2306} INFO - Setting next_dagrun for user_processing to None
[2021-07-16 10:07:09,607] {scheduler_job.py:190} INFO - Processing /home/karuturihemanth/airflow/dags/user_processing.py took 1.387 seconds
[2021-07-16 10:07:39,867] {scheduler_job.py:182} INFO - Started process (PID=3449) to work on /home/karuturihemanth/airflow/dags/user_processing.py
[2021-07-16 10:07:39,868] {scheduler_job.py:633} INFO - Processing file /home/karuturihemanth/airflow/dags/user_processing.py for tasks to queue
[2021-07-16 10:07:39,869] {logging_mixin.py:104} INFO - [2021-07-16 10:07:39,869] {dagbag.py:496} INFO - Filling up the DagBag from /home/karuturihemanth/airflow/dags/user_processing.py
[2021-07-16 10:07:40,236] {scheduler_job.py:643} INFO - DAG(s) dict_keys(['user_processing']) retrieved from /home/karuturihemanth/airflow/dags/user_processing.py
[2021-07-16 10:07:40,906] {logging_mixin.py:104} INFO - [2021-07-16 10:07:40,905] {dag.py:1833} INFO - Sync 1 DAGs
[2021-07-16 10:07:41,008] {logging_mixin.py:104} INFO - [2021-07-16 10:07:41,008] {dag.py:2306} INFO - Setting next_dagrun for user_processing to None
[2021-07-16 10:07:41,230] {scheduler_job.py:190} INFO - Processing /home/karuturihemanth/airflow/dags/user_processing.py took 1.365 seconds
[2021-07-16 10:08:11,953] {scheduler_job.py:182} INFO - Started process (PID=3615) to work on /home/karuturihemanth/airflow/dags/user_processing.py
[2021-07-16 10:08:11,954] {scheduler_job.py:633} INFO - Processing file /home/karuturihemanth/airflow/dags/user_processing.py for tasks to queue
[2021-07-16 10:08:11,954] {logging_mixin.py:104} INFO - [2021-07-16 10:08:11,954] {dagbag.py:496} INFO - Filling up the DagBag from /home/karuturihemanth/airflow/dags/user_processing.py
[2021-07-16 10:08:12,316] {scheduler_job.py:643} INFO - DAG(s) dict_keys(['user_processing']) retrieved from /home/karuturihemanth/airflow/dags/user_processing.py
[2021-07-16 10:08:12,987] {logging_mixin.py:104} INFO - [2021-07-16 10:08:12,987] {dag.py:1833} INFO - Sync 1 DAGs
[2021-07-16 10:08:13,089] {logging_mixin.py:104} INFO - [2021-07-16 10:08:13,089] {dag.py:2306} INFO - Setting next_dagrun for user_processing to None
[2021-07-16 10:08:13,308] {scheduler_job.py:190} INFO - Processing /home/karuturihemanth/airflow/dags/user_processing.py took 1.358 seconds
[2021-07-16 10:08:44,006] {scheduler_job.py:182} INFO - Started process (PID=3783) to work on /home/karuturihemanth/airflow/dags/user_processing.py
[2021-07-16 10:08:44,007] {scheduler_job.py:633} INFO - Processing file /home/karuturihemanth/airflow/dags/user_processing.py for tasks to queue
[2021-07-16 10:08:44,007] {logging_mixin.py:104} INFO - [2021-07-16 10:08:44,007] {dagbag.py:496} INFO - Filling up the DagBag from /home/karuturihemanth/airflow/dags/user_processing.py
[2021-07-16 10:08:44,356] {scheduler_job.py:643} INFO - DAG(s) dict_keys(['user_processing']) retrieved from /home/karuturihemanth/airflow/dags/user_processing.py
[2021-07-16 10:08:45,007] {logging_mixin.py:104} INFO - [2021-07-16 10:08:45,007] {dag.py:1833} INFO - Sync 1 DAGs
[2021-07-16 10:08:45,109] {logging_mixin.py:104} INFO - [2021-07-16 10:08:45,108] {dag.py:2306} INFO - Setting next_dagrun for user_processing to None
[2021-07-16 10:08:45,323] {scheduler_job.py:190} INFO - Processing /home/karuturihemanth/airflow/dags/user_processing.py took 1.319 seconds
[2021-07-16 10:09:15,713] {scheduler_job.py:182} INFO - Started process (PID=3949) to work on /home/karuturihemanth/airflow/dags/user_processing.py
[2021-07-16 10:09:15,714] {scheduler_job.py:633} INFO - Processing file /home/karuturihemanth/airflow/dags/user_processing.py for tasks to queue
[2021-07-16 10:09:15,714] {logging_mixin.py:104} INFO - [2021-07-16 10:09:15,714] {dagbag.py:496} INFO - Filling up the DagBag from /home/karuturihemanth/airflow/dags/user_processing.py
[2021-07-16 10:09:16,075] {scheduler_job.py:643} INFO - DAG(s) dict_keys(['user_processing']) retrieved from /home/karuturihemanth/airflow/dags/user_processing.py
[2021-07-16 10:09:16,751] {logging_mixin.py:104} INFO - [2021-07-16 10:09:16,750] {dag.py:1833} INFO - Sync 1 DAGs
[2021-07-16 10:09:16,854] {logging_mixin.py:104} INFO - [2021-07-16 10:09:16,853] {dag.py:2306} INFO - Setting next_dagrun for user_processing to None
[2021-07-16 10:09:17,075] {scheduler_job.py:190} INFO - Processing /home/karuturihemanth/airflow/dags/user_processing.py took 1.367 seconds
[2021-07-16 10:09:47,424] {scheduler_job.py:182} INFO - Started process (PID=4116) to work on /home/karuturihemanth/airflow/dags/user_processing.py
[2021-07-16 10:09:47,425] {scheduler_job.py:633} INFO - Processing file /home/karuturihemanth/airflow/dags/user_processing.py for tasks to queue
[2021-07-16 10:09:47,426] {logging_mixin.py:104} INFO - [2021-07-16 10:09:47,426] {dagbag.py:496} INFO - Filling up the DagBag from /home/karuturihemanth/airflow/dags/user_processing.py
[2021-07-16 10:09:47,784] {scheduler_job.py:643} INFO - DAG(s) dict_keys(['user_processing']) retrieved from /home/karuturihemanth/airflow/dags/user_processing.py
[2021-07-16 10:09:48,461] {logging_mixin.py:104} INFO - [2021-07-16 10:09:48,461] {dag.py:1833} INFO - Sync 1 DAGs
[2021-07-16 10:09:48,565] {logging_mixin.py:104} INFO - [2021-07-16 10:09:48,565] {dag.py:2306} INFO - Setting next_dagrun for user_processing to None
[2021-07-16 10:09:48,789] {scheduler_job.py:190} INFO - Processing /home/karuturihemanth/airflow/dags/user_processing.py took 1.370 seconds
[2021-07-16 10:10:19,691] {scheduler_job.py:182} INFO - Started process (PID=4282) to work on /home/karuturihemanth/airflow/dags/user_processing.py
[2021-07-16 10:10:19,692] {scheduler_job.py:633} INFO - Processing file /home/karuturihemanth/airflow/dags/user_processing.py for tasks to queue
[2021-07-16 10:10:19,693] {logging_mixin.py:104} INFO - [2021-07-16 10:10:19,693] {dagbag.py:496} INFO - Filling up the DagBag from /home/karuturihemanth/airflow/dags/user_processing.py
[2021-07-16 10:10:20,045] {scheduler_job.py:643} INFO - DAG(s) dict_keys(['user_processing']) retrieved from /home/karuturihemanth/airflow/dags/user_processing.py
[2021-07-16 10:10:20,707] {logging_mixin.py:104} INFO - [2021-07-16 10:10:20,707] {dag.py:1833} INFO - Sync 1 DAGs
[2021-07-16 10:10:20,816] {logging_mixin.py:104} INFO - [2021-07-16 10:10:20,815] {dag.py:2306} INFO - Setting next_dagrun for user_processing to None
[2021-07-16 10:10:21,034] {scheduler_job.py:190} INFO - Processing /home/karuturihemanth/airflow/dags/user_processing.py took 1.346 seconds
[2021-07-16 10:10:51,292] {scheduler_job.py:182} INFO - Started process (PID=4449) to work on /home/karuturihemanth/airflow/dags/user_processing.py
[2021-07-16 10:10:51,293] {scheduler_job.py:633} INFO - Processing file /home/karuturihemanth/airflow/dags/user_processing.py for tasks to queue
[2021-07-16 10:10:51,294] {logging_mixin.py:104} INFO - [2021-07-16 10:10:51,294] {dagbag.py:496} INFO - Filling up the DagBag from /home/karuturihemanth/airflow/dags/user_processing.py
[2021-07-16 10:10:51,647] {scheduler_job.py:643} INFO - DAG(s) dict_keys(['user_processing']) retrieved from /home/karuturihemanth/airflow/dags/user_processing.py
[2021-07-16 10:10:52,325] {logging_mixin.py:104} INFO - [2021-07-16 10:10:52,324] {dag.py:1833} INFO - Sync 1 DAGs
[2021-07-16 10:10:52,427] {logging_mixin.py:104} INFO - [2021-07-16 10:10:52,427] {dag.py:2306} INFO - Setting next_dagrun for user_processing to None
[2021-07-16 10:10:52,648] {scheduler_job.py:190} INFO - Processing /home/karuturihemanth/airflow/dags/user_processing.py took 1.358 seconds
[2021-07-16 10:11:22,848] {scheduler_job.py:182} INFO - Started process (PID=4615) to work on /home/karuturihemanth/airflow/dags/user_processing.py
[2021-07-16 10:11:22,849] {scheduler_job.py:633} INFO - Processing file /home/karuturihemanth/airflow/dags/user_processing.py for tasks to queue
[2021-07-16 10:11:22,849] {logging_mixin.py:104} INFO - [2021-07-16 10:11:22,849] {dagbag.py:496} INFO - Filling up the DagBag from /home/karuturihemanth/airflow/dags/user_processing.py
[2021-07-16 10:11:23,214] {scheduler_job.py:643} INFO - DAG(s) dict_keys(['user_processing']) retrieved from /home/karuturihemanth/airflow/dags/user_processing.py
[2021-07-16 10:11:23,870] {logging_mixin.py:104} INFO - [2021-07-16 10:11:23,870] {dag.py:1833} INFO - Sync 1 DAGs
[2021-07-16 10:11:23,971] {logging_mixin.py:104} INFO - [2021-07-16 10:11:23,971] {dag.py:2306} INFO - Setting next_dagrun for user_processing to None
[2021-07-16 10:11:24,188] {scheduler_job.py:190} INFO - Processing /home/karuturihemanth/airflow/dags/user_processing.py took 1.344 seconds
[2021-07-16 10:11:54,920] {scheduler_job.py:182} INFO - Started process (PID=4782) to work on /home/karuturihemanth/airflow/dags/user_processing.py
[2021-07-16 10:11:54,922] {scheduler_job.py:633} INFO - Processing file /home/karuturihemanth/airflow/dags/user_processing.py for tasks to queue
[2021-07-16 10:11:54,922] {logging_mixin.py:104} INFO - [2021-07-16 10:11:54,922] {dagbag.py:496} INFO - Filling up the DagBag from /home/karuturihemanth/airflow/dags/user_processing.py
[2021-07-16 10:11:55,281] {scheduler_job.py:643} INFO - DAG(s) dict_keys(['user_processing']) retrieved from /home/karuturihemanth/airflow/dags/user_processing.py
[2021-07-16 10:11:55,939] {logging_mixin.py:104} INFO - [2021-07-16 10:11:55,939] {dag.py:1833} INFO - Sync 1 DAGs
[2021-07-16 10:11:56,042] {logging_mixin.py:104} INFO - [2021-07-16 10:11:56,042] {dag.py:2306} INFO - Setting next_dagrun for user_processing to None
[2021-07-16 10:11:56,259] {scheduler_job.py:190} INFO - Processing /home/karuturihemanth/airflow/dags/user_processing.py took 1.341 seconds
[2021-07-16 10:12:26,283] {scheduler_job.py:182} INFO - Started process (PID=4949) to work on /home/karuturihemanth/airflow/dags/user_processing.py
[2021-07-16 10:12:26,283] {scheduler_job.py:633} INFO - Processing file /home/karuturihemanth/airflow/dags/user_processing.py for tasks to queue
[2021-07-16 10:12:26,284] {logging_mixin.py:104} INFO - [2021-07-16 10:12:26,284] {dagbag.py:496} INFO - Filling up the DagBag from /home/karuturihemanth/airflow/dags/user_processing.py
[2021-07-16 10:12:26,643] {scheduler_job.py:643} INFO - DAG(s) dict_keys(['user_processing']) retrieved from /home/karuturihemanth/airflow/dags/user_processing.py
[2021-07-16 10:12:27,300] {logging_mixin.py:104} INFO - [2021-07-16 10:12:27,300] {dag.py:1833} INFO - Sync 1 DAGs
[2021-07-16 10:12:27,401] {logging_mixin.py:104} INFO - [2021-07-16 10:12:27,401] {dag.py:2306} INFO - Setting next_dagrun for user_processing to None
[2021-07-16 10:12:27,619] {scheduler_job.py:190} INFO - Processing /home/karuturihemanth/airflow/dags/user_processing.py took 1.339 seconds
[2021-07-16 10:12:58,132] {scheduler_job.py:182} INFO - Started process (PID=5115) to work on /home/karuturihemanth/airflow/dags/user_processing.py
[2021-07-16 10:12:58,133] {scheduler_job.py:633} INFO - Processing file /home/karuturihemanth/airflow/dags/user_processing.py for tasks to queue
[2021-07-16 10:12:58,134] {logging_mixin.py:104} INFO - [2021-07-16 10:12:58,134] {dagbag.py:496} INFO - Filling up the DagBag from /home/karuturihemanth/airflow/dags/user_processing.py
[2021-07-16 10:12:58,487] {scheduler_job.py:643} INFO - DAG(s) dict_keys(['user_processing']) retrieved from /home/karuturihemanth/airflow/dags/user_processing.py
[2021-07-16 10:12:59,131] {logging_mixin.py:104} INFO - [2021-07-16 10:12:59,131] {dag.py:1833} INFO - Sync 1 DAGs
[2021-07-16 10:12:59,233] {logging_mixin.py:104} INFO - [2021-07-16 10:12:59,232] {dag.py:2306} INFO - Setting next_dagrun for user_processing to None
[2021-07-16 10:12:59,445] {scheduler_job.py:190} INFO - Processing /home/karuturihemanth/airflow/dags/user_processing.py took 1.317 seconds
[2021-07-16 10:13:29,830] {scheduler_job.py:182} INFO - Started process (PID=5284) to work on /home/karuturihemanth/airflow/dags/user_processing.py
[2021-07-16 10:13:29,831] {scheduler_job.py:633} INFO - Processing file /home/karuturihemanth/airflow/dags/user_processing.py for tasks to queue
[2021-07-16 10:13:29,831] {logging_mixin.py:104} INFO - [2021-07-16 10:13:29,831] {dagbag.py:496} INFO - Filling up the DagBag from /home/karuturihemanth/airflow/dags/user_processing.py
[2021-07-16 10:13:30,194] {scheduler_job.py:643} INFO - DAG(s) dict_keys(['user_processing']) retrieved from /home/karuturihemanth/airflow/dags/user_processing.py
[2021-07-16 10:13:30,854] {logging_mixin.py:104} INFO - [2021-07-16 10:13:30,853] {dag.py:1833} INFO - Sync 1 DAGs
[2021-07-16 10:13:30,955] {logging_mixin.py:104} INFO - [2021-07-16 10:13:30,954] {dag.py:2306} INFO - Setting next_dagrun for user_processing to None
[2021-07-16 10:13:31,174] {scheduler_job.py:190} INFO - Processing /home/karuturihemanth/airflow/dags/user_processing.py took 1.347 seconds
[2021-07-16 10:14:01,567] {scheduler_job.py:182} INFO - Started process (PID=5450) to work on /home/karuturihemanth/airflow/dags/user_processing.py
[2021-07-16 10:14:01,568] {scheduler_job.py:633} INFO - Processing file /home/karuturihemanth/airflow/dags/user_processing.py for tasks to queue
[2021-07-16 10:14:01,568] {logging_mixin.py:104} INFO - [2021-07-16 10:14:01,568] {dagbag.py:496} INFO - Filling up the DagBag from /home/karuturihemanth/airflow/dags/user_processing.py
[2021-07-16 10:14:01,920] {scheduler_job.py:643} INFO - DAG(s) dict_keys(['user_processing']) retrieved from /home/karuturihemanth/airflow/dags/user_processing.py
[2021-07-16 10:14:02,570] {logging_mixin.py:104} INFO - [2021-07-16 10:14:02,570] {dag.py:1833} INFO - Sync 1 DAGs
[2021-07-16 10:14:02,670] {logging_mixin.py:104} INFO - [2021-07-16 10:14:02,670] {dag.py:2306} INFO - Setting next_dagrun for user_processing to None
[2021-07-16 10:14:02,885] {scheduler_job.py:190} INFO - Processing /home/karuturihemanth/airflow/dags/user_processing.py took 1.322 seconds
[2021-07-16 10:14:33,067] {scheduler_job.py:182} INFO - Started process (PID=5617) to work on /home/karuturihemanth/airflow/dags/user_processing.py
[2021-07-16 10:14:33,068] {scheduler_job.py:633} INFO - Processing file /home/karuturihemanth/airflow/dags/user_processing.py for tasks to queue
[2021-07-16 10:14:33,068] {logging_mixin.py:104} INFO - [2021-07-16 10:14:33,068] {dagbag.py:496} INFO - Filling up the DagBag from /home/karuturihemanth/airflow/dags/user_processing.py
[2021-07-16 10:14:33,458] {scheduler_job.py:643} INFO - DAG(s) dict_keys(['user_processing']) retrieved from /home/karuturihemanth/airflow/dags/user_processing.py
[2021-07-16 10:14:34,131] {logging_mixin.py:104} INFO - [2021-07-16 10:14:34,131] {dag.py:1833} INFO - Sync 1 DAGs
[2021-07-16 10:14:34,234] {logging_mixin.py:104} INFO - [2021-07-16 10:14:34,234] {dag.py:2306} INFO - Setting next_dagrun for user_processing to None
[2021-07-16 10:14:34,453] {scheduler_job.py:190} INFO - Processing /home/karuturihemanth/airflow/dags/user_processing.py took 1.392 seconds
[2021-07-16 11:12:14,164] {scheduler_job.py:182} INFO - Started process (PID=6819) to work on /home/karuturihemanth/airflow/dags/user_processing.py
[2021-07-16 11:12:14,166] {scheduler_job.py:633} INFO - Processing file /home/karuturihemanth/airflow/dags/user_processing.py for tasks to queue
[2021-07-16 11:12:14,166] {logging_mixin.py:104} INFO - [2021-07-16 11:12:14,166] {dagbag.py:496} INFO - Filling up the DagBag from /home/karuturihemanth/airflow/dags/user_processing.py
[2021-07-16 11:12:14,463] {scheduler_job.py:643} INFO - DAG(s) dict_keys(['user_processing']) retrieved from /home/karuturihemanth/airflow/dags/user_processing.py
[2021-07-16 11:12:15,113] {logging_mixin.py:104} INFO - [2021-07-16 11:12:15,113] {dag.py:1833} INFO - Sync 1 DAGs
[2021-07-16 11:12:15,214] {logging_mixin.py:104} INFO - [2021-07-16 11:12:15,214] {dag.py:2306} INFO - Setting next_dagrun for user_processing to None
[2021-07-16 11:12:15,430] {scheduler_job.py:190} INFO - Processing /home/karuturihemanth/airflow/dags/user_processing.py took 1.272 seconds
[2021-07-16 11:12:45,868] {scheduler_job.py:182} INFO - Started process (PID=6864) to work on /home/karuturihemanth/airflow/dags/user_processing.py
[2021-07-16 11:12:45,871] {scheduler_job.py:633} INFO - Processing file /home/karuturihemanth/airflow/dags/user_processing.py for tasks to queue
[2021-07-16 11:12:45,872] {logging_mixin.py:104} INFO - [2021-07-16 11:12:45,872] {dagbag.py:496} INFO - Filling up the DagBag from /home/karuturihemanth/airflow/dags/user_processing.py
[2021-07-16 11:12:46,238] {scheduler_job.py:643} INFO - DAG(s) dict_keys(['user_processing']) retrieved from /home/karuturihemanth/airflow/dags/user_processing.py
[2021-07-16 11:12:46,898] {logging_mixin.py:104} INFO - [2021-07-16 11:12:46,897] {dag.py:1833} INFO - Sync 1 DAGs
[2021-07-16 11:12:47,002] {logging_mixin.py:104} INFO - [2021-07-16 11:12:47,002] {dag.py:2306} INFO - Setting next_dagrun for user_processing to None
[2021-07-16 11:12:47,217] {scheduler_job.py:190} INFO - Processing /home/karuturihemanth/airflow/dags/user_processing.py took 1.366 seconds
[2021-07-16 11:13:17,499] {scheduler_job.py:182} INFO - Started process (PID=6898) to work on /home/karuturihemanth/airflow/dags/user_processing.py
[2021-07-16 11:13:17,500] {scheduler_job.py:633} INFO - Processing file /home/karuturihemanth/airflow/dags/user_processing.py for tasks to queue
[2021-07-16 11:13:17,501] {logging_mixin.py:104} INFO - [2021-07-16 11:13:17,501] {dagbag.py:496} INFO - Filling up the DagBag from /home/karuturihemanth/airflow/dags/user_processing.py
[2021-07-16 11:13:17,824] {scheduler_job.py:643} INFO - DAG(s) dict_keys(['user_processing']) retrieved from /home/karuturihemanth/airflow/dags/user_processing.py
[2021-07-16 11:13:18,481] {logging_mixin.py:104} INFO - [2021-07-16 11:13:18,481] {dag.py:1833} INFO - Sync 1 DAGs
[2021-07-16 11:13:18,586] {logging_mixin.py:104} INFO - [2021-07-16 11:13:18,586] {dag.py:2306} INFO - Setting next_dagrun for user_processing to None
[2021-07-16 11:13:18,803] {scheduler_job.py:190} INFO - Processing /home/karuturihemanth/airflow/dags/user_processing.py took 1.308 seconds
[2021-07-16 11:13:49,016] {scheduler_job.py:182} INFO - Started process (PID=6933) to work on /home/karuturihemanth/airflow/dags/user_processing.py
[2021-07-16 11:13:49,017] {scheduler_job.py:633} INFO - Processing file /home/karuturihemanth/airflow/dags/user_processing.py for tasks to queue
[2021-07-16 11:13:49,017] {logging_mixin.py:104} INFO - [2021-07-16 11:13:49,017] {dagbag.py:496} INFO - Filling up the DagBag from /home/karuturihemanth/airflow/dags/user_processing.py
[2021-07-16 11:13:49,311] {scheduler_job.py:643} INFO - DAG(s) dict_keys(['user_processing']) retrieved from /home/karuturihemanth/airflow/dags/user_processing.py
[2021-07-16 11:13:49,959] {logging_mixin.py:104} INFO - [2021-07-16 11:13:49,959] {dag.py:1833} INFO - Sync 1 DAGs
[2021-07-16 11:13:50,062] {logging_mixin.py:104} INFO - [2021-07-16 11:13:50,062] {dag.py:2306} INFO - Setting next_dagrun for user_processing to None
[2021-07-16 11:13:50,275] {scheduler_job.py:190} INFO - Processing /home/karuturihemanth/airflow/dags/user_processing.py took 1.263 seconds
[2021-07-16 11:14:20,997] {scheduler_job.py:182} INFO - Started process (PID=6967) to work on /home/karuturihemanth/airflow/dags/user_processing.py
[2021-07-16 11:14:20,998] {scheduler_job.py:633} INFO - Processing file /home/karuturihemanth/airflow/dags/user_processing.py for tasks to queue
[2021-07-16 11:14:20,999] {logging_mixin.py:104} INFO - [2021-07-16 11:14:20,998] {dagbag.py:496} INFO - Filling up the DagBag from /home/karuturihemanth/airflow/dags/user_processing.py
[2021-07-16 11:14:21,299] {scheduler_job.py:643} INFO - DAG(s) dict_keys(['user_processing']) retrieved from /home/karuturihemanth/airflow/dags/user_processing.py
[2021-07-16 11:14:21,946] {logging_mixin.py:104} INFO - [2021-07-16 11:14:21,946] {dag.py:1833} INFO - Sync 1 DAGs
[2021-07-16 11:14:22,049] {logging_mixin.py:104} INFO - [2021-07-16 11:14:22,049] {dag.py:2306} INFO - Setting next_dagrun for user_processing to None
[2021-07-16 11:14:22,263] {scheduler_job.py:190} INFO - Processing /home/karuturihemanth/airflow/dags/user_processing.py took 1.270 seconds
[2021-07-16 11:14:53,253] {scheduler_job.py:182} INFO - Started process (PID=7002) to work on /home/karuturihemanth/airflow/dags/user_processing.py
[2021-07-16 11:14:53,254] {scheduler_job.py:633} INFO - Processing file /home/karuturihemanth/airflow/dags/user_processing.py for tasks to queue
[2021-07-16 11:14:53,254] {logging_mixin.py:104} INFO - [2021-07-16 11:14:53,254] {dagbag.py:496} INFO - Filling up the DagBag from /home/karuturihemanth/airflow/dags/user_processing.py
[2021-07-16 11:14:53,551] {scheduler_job.py:643} INFO - DAG(s) dict_keys(['user_processing']) retrieved from /home/karuturihemanth/airflow/dags/user_processing.py
[2021-07-16 11:14:54,204] {logging_mixin.py:104} INFO - [2021-07-16 11:14:54,203] {dag.py:1833} INFO - Sync 1 DAGs
[2021-07-16 11:14:54,305] {logging_mixin.py:104} INFO - [2021-07-16 11:14:54,305] {dag.py:2306} INFO - Setting next_dagrun for user_processing to None
[2021-07-16 11:14:54,520] {scheduler_job.py:190} INFO - Processing /home/karuturihemanth/airflow/dags/user_processing.py took 1.271 seconds
[2021-07-16 11:15:24,601] {scheduler_job.py:182} INFO - Started process (PID=7037) to work on /home/karuturihemanth/airflow/dags/user_processing.py
[2021-07-16 11:15:24,602] {scheduler_job.py:633} INFO - Processing file /home/karuturihemanth/airflow/dags/user_processing.py for tasks to queue
[2021-07-16 11:15:24,603] {logging_mixin.py:104} INFO - [2021-07-16 11:15:24,602] {dagbag.py:496} INFO - Filling up the DagBag from /home/karuturihemanth/airflow/dags/user_processing.py
[2021-07-16 11:15:24,896] {scheduler_job.py:643} INFO - DAG(s) dict_keys(['user_processing']) retrieved from /home/karuturihemanth/airflow/dags/user_processing.py
[2021-07-16 11:15:25,558] {logging_mixin.py:104} INFO - [2021-07-16 11:15:25,557] {dag.py:1833} INFO - Sync 1 DAGs
[2021-07-16 11:15:25,661] {logging_mixin.py:104} INFO - [2021-07-16 11:15:25,660] {dag.py:2306} INFO - Setting next_dagrun for user_processing to None
[2021-07-16 11:15:25,881] {scheduler_job.py:190} INFO - Processing /home/karuturihemanth/airflow/dags/user_processing.py took 1.283 seconds
[2021-07-16 11:15:56,700] {scheduler_job.py:182} INFO - Started process (PID=7072) to work on /home/karuturihemanth/airflow/dags/user_processing.py
[2021-07-16 11:15:56,700] {scheduler_job.py:633} INFO - Processing file /home/karuturihemanth/airflow/dags/user_processing.py for tasks to queue
[2021-07-16 11:15:56,701] {logging_mixin.py:104} INFO - [2021-07-16 11:15:56,701] {dagbag.py:496} INFO - Filling up the DagBag from /home/karuturihemanth/airflow/dags/user_processing.py
[2021-07-16 11:15:56,994] {scheduler_job.py:643} INFO - DAG(s) dict_keys(['user_processing']) retrieved from /home/karuturihemanth/airflow/dags/user_processing.py
[2021-07-16 11:15:57,641] {logging_mixin.py:104} INFO - [2021-07-16 11:15:57,640] {dag.py:1833} INFO - Sync 1 DAGs
[2021-07-16 11:15:57,743] {logging_mixin.py:104} INFO - [2021-07-16 11:15:57,743] {dag.py:2306} INFO - Setting next_dagrun for user_processing to None
[2021-07-16 11:15:57,957] {scheduler_job.py:190} INFO - Processing /home/karuturihemanth/airflow/dags/user_processing.py took 1.261 seconds
[2021-07-16 11:16:28,390] {scheduler_job.py:182} INFO - Started process (PID=7106) to work on /home/karuturihemanth/airflow/dags/user_processing.py
[2021-07-16 11:16:28,391] {scheduler_job.py:633} INFO - Processing file /home/karuturihemanth/airflow/dags/user_processing.py for tasks to queue
[2021-07-16 11:16:28,392] {logging_mixin.py:104} INFO - [2021-07-16 11:16:28,392] {dagbag.py:496} INFO - Filling up the DagBag from /home/karuturihemanth/airflow/dags/user_processing.py
[2021-07-16 11:16:28,694] {scheduler_job.py:643} INFO - DAG(s) dict_keys(['user_processing']) retrieved from /home/karuturihemanth/airflow/dags/user_processing.py
[2021-07-16 11:16:29,361] {logging_mixin.py:104} INFO - [2021-07-16 11:16:29,360] {dag.py:1833} INFO - Sync 1 DAGs
[2021-07-16 11:16:29,464] {logging_mixin.py:104} INFO - [2021-07-16 11:16:29,464] {dag.py:2306} INFO - Setting next_dagrun for user_processing to None
[2021-07-16 11:16:29,686] {scheduler_job.py:190} INFO - Processing /home/karuturihemanth/airflow/dags/user_processing.py took 1.300 seconds
[2021-07-16 11:17:00,677] {scheduler_job.py:182} INFO - Started process (PID=7142) to work on /home/karuturihemanth/airflow/dags/user_processing.py
[2021-07-16 11:17:00,678] {scheduler_job.py:633} INFO - Processing file /home/karuturihemanth/airflow/dags/user_processing.py for tasks to queue
[2021-07-16 11:17:00,678] {logging_mixin.py:104} INFO - [2021-07-16 11:17:00,678] {dagbag.py:496} INFO - Filling up the DagBag from /home/karuturihemanth/airflow/dags/user_processing.py
[2021-07-16 11:17:00,976] {scheduler_job.py:643} INFO - DAG(s) dict_keys(['user_processing']) retrieved from /home/karuturihemanth/airflow/dags/user_processing.py
[2021-07-16 11:17:01,667] {logging_mixin.py:104} INFO - [2021-07-16 11:17:01,667] {dag.py:1833} INFO - Sync 1 DAGs
[2021-07-16 11:17:01,773] {logging_mixin.py:104} INFO - [2021-07-16 11:17:01,773] {dag.py:2306} INFO - Setting next_dagrun for user_processing to None
[2021-07-16 11:17:01,998] {scheduler_job.py:190} INFO - Processing /home/karuturihemanth/airflow/dags/user_processing.py took 1.324 seconds
[2021-07-16 11:17:32,901] {scheduler_job.py:182} INFO - Started process (PID=7375) to work on /home/karuturihemanth/airflow/dags/user_processing.py
[2021-07-16 11:17:32,902] {scheduler_job.py:633} INFO - Processing file /home/karuturihemanth/airflow/dags/user_processing.py for tasks to queue
[2021-07-16 11:17:32,902] {logging_mixin.py:104} INFO - [2021-07-16 11:17:32,902] {dagbag.py:496} INFO - Filling up the DagBag from /home/karuturihemanth/airflow/dags/user_processing.py
[2021-07-16 11:17:33,211] {scheduler_job.py:643} INFO - DAG(s) dict_keys(['user_processing']) retrieved from /home/karuturihemanth/airflow/dags/user_processing.py
[2021-07-16 11:17:33,879] {logging_mixin.py:104} INFO - [2021-07-16 11:17:33,877] {dag.py:1833} INFO - Sync 1 DAGs
[2021-07-16 11:17:33,981] {logging_mixin.py:104} INFO - [2021-07-16 11:17:33,981] {dag.py:2306} INFO - Setting next_dagrun for user_processing to None
[2021-07-16 11:17:34,204] {scheduler_job.py:190} INFO - Processing /home/karuturihemanth/airflow/dags/user_processing.py took 1.306 seconds
[2021-07-16 11:18:05,208] {scheduler_job.py:182} INFO - Started process (PID=7409) to work on /home/karuturihemanth/airflow/dags/user_processing.py
[2021-07-16 11:18:05,209] {scheduler_job.py:633} INFO - Processing file /home/karuturihemanth/airflow/dags/user_processing.py for tasks to queue
[2021-07-16 11:18:05,209] {logging_mixin.py:104} INFO - [2021-07-16 11:18:05,209] {dagbag.py:496} INFO - Filling up the DagBag from /home/karuturihemanth/airflow/dags/user_processing.py
[2021-07-16 11:18:05,529] {scheduler_job.py:643} INFO - DAG(s) dict_keys(['user_processing']) retrieved from /home/karuturihemanth/airflow/dags/user_processing.py
[2021-07-16 11:18:06,180] {logging_mixin.py:104} INFO - [2021-07-16 11:18:06,179] {dag.py:1833} INFO - Sync 1 DAGs
[2021-07-16 11:18:06,286] {logging_mixin.py:104} INFO - [2021-07-16 11:18:06,286] {dag.py:2306} INFO - Setting next_dagrun for user_processing to None
[2021-07-16 11:18:06,506] {scheduler_job.py:190} INFO - Processing /home/karuturihemanth/airflow/dags/user_processing.py took 1.303 seconds
[2021-07-16 11:18:36,983] {scheduler_job.py:182} INFO - Started process (PID=7444) to work on /home/karuturihemanth/airflow/dags/user_processing.py
[2021-07-16 11:18:36,985] {scheduler_job.py:633} INFO - Processing file /home/karuturihemanth/airflow/dags/user_processing.py for tasks to queue
[2021-07-16 11:18:36,986] {logging_mixin.py:104} INFO - [2021-07-16 11:18:36,986] {dagbag.py:496} INFO - Filling up the DagBag from /home/karuturihemanth/airflow/dags/user_processing.py
[2021-07-16 11:18:37,320] {scheduler_job.py:643} INFO - DAG(s) dict_keys(['user_processing']) retrieved from /home/karuturihemanth/airflow/dags/user_processing.py
[2021-07-16 11:18:37,978] {logging_mixin.py:104} INFO - [2021-07-16 11:18:37,977] {dag.py:1833} INFO - Sync 1 DAGs
[2021-07-16 11:18:38,081] {logging_mixin.py:104} INFO - [2021-07-16 11:18:38,080] {dag.py:2306} INFO - Setting next_dagrun for user_processing to None
[2021-07-16 11:18:38,297] {scheduler_job.py:190} INFO - Processing /home/karuturihemanth/airflow/dags/user_processing.py took 1.318 seconds
[2021-07-16 11:19:08,875] {scheduler_job.py:182} INFO - Started process (PID=7480) to work on /home/karuturihemanth/airflow/dags/user_processing.py
[2021-07-16 11:19:08,876] {scheduler_job.py:633} INFO - Processing file /home/karuturihemanth/airflow/dags/user_processing.py for tasks to queue
[2021-07-16 11:19:08,877] {logging_mixin.py:104} INFO - [2021-07-16 11:19:08,877] {dagbag.py:496} INFO - Filling up the DagBag from /home/karuturihemanth/airflow/dags/user_processing.py
[2021-07-16 11:19:09,192] {scheduler_job.py:643} INFO - DAG(s) dict_keys(['user_processing']) retrieved from /home/karuturihemanth/airflow/dags/user_processing.py
[2021-07-16 11:19:09,877] {logging_mixin.py:104} INFO - [2021-07-16 11:19:09,873] {dag.py:1833} INFO - Sync 1 DAGs
[2021-07-16 11:19:09,981] {logging_mixin.py:104} INFO - [2021-07-16 11:19:09,981] {dag.py:2306} INFO - Setting next_dagrun for user_processing to None
[2021-07-16 11:19:10,202] {scheduler_job.py:190} INFO - Processing /home/karuturihemanth/airflow/dags/user_processing.py took 1.331 seconds
