[2021-07-17 03:36:14,001] {taskinstance.py:896} INFO - Dependencies all met for <TaskInstance: parallel_dag.task_1 2021-07-17T03:36:10.596008+00:00 [queued]>
[2021-07-17 03:36:14,382] {taskinstance.py:896} INFO - Dependencies all met for <TaskInstance: parallel_dag.task_1 2021-07-17T03:36:10.596008+00:00 [queued]>
[2021-07-17 03:36:14,382] {taskinstance.py:1087} INFO - 
--------------------------------------------------------------------------------
[2021-07-17 03:36:14,382] {taskinstance.py:1088} INFO - Starting attempt 1 of 1
[2021-07-17 03:36:14,382] {taskinstance.py:1089} INFO - 
--------------------------------------------------------------------------------
[2021-07-17 03:36:14,510] {taskinstance.py:1107} INFO - Executing <Task(BashOperator): task_1> on 2021-07-17T03:36:10.596008+00:00
[2021-07-17 03:36:14,512] {standard_task_runner.py:52} INFO - Started process 2009 to run task
[2021-07-17 03:36:14,517] {standard_task_runner.py:76} INFO - Running: ['airflow', 'tasks', 'run', 'parallel_dag', 'task_1', '2021-07-17T03:36:10.596008+00:00', '--job-id', '14', '--pool', 'default_pool', '--raw', '--subdir', 'DAGS_FOLDER/parallel_dag.py', '--cfg-path', '/tmp/tmp108c8ltd', '--error-file', '/tmp/tmpp2n2keen']
[2021-07-17 03:36:14,517] {standard_task_runner.py:77} INFO - Job 14: Subtask task_1
[2021-07-17 03:36:15,706] {logging_mixin.py:104} INFO - Running <TaskInstance: parallel_dag.task_1 2021-07-17T03:36:10.596008+00:00 [running]> on host apache-airflow.us-central1-a.c.eminent-it-info.internal
[2021-07-17 03:36:17,247] {taskinstance.py:1300} INFO - Exporting the following env vars:
AIRFLOW_CTX_DAG_OWNER=airflow
AIRFLOW_CTX_DAG_ID=parallel_dag
AIRFLOW_CTX_TASK_ID=task_1
AIRFLOW_CTX_EXECUTION_DATE=2021-07-17T03:36:10.596008+00:00
AIRFLOW_CTX_DAG_RUN_ID=manual__2021-07-17T03:36:10.596008+00:00
[2021-07-17 03:36:17,248] {subprocess.py:52} INFO - Tmp dir root location: 
 /tmp
[2021-07-17 03:36:17,248] {subprocess.py:63} INFO - Running command: ['bash', '-c', 'sleep 3']
[2021-07-17 03:36:17,253] {subprocess.py:75} INFO - Output:
[2021-07-17 03:36:20,255] {subprocess.py:83} INFO - Command exited with return code 0
[2021-07-17 03:36:21,152] {taskinstance.py:1204} INFO - Marking task as SUCCESS. dag_id=parallel_dag, task_id=task_1, execution_date=20210717T033610, start_date=20210717T033614, end_date=20210717T033621
[2021-07-17 03:36:21,814] {taskinstance.py:1265} INFO - 0 downstream tasks scheduled from follow-on schedule check
[2021-07-17 03:36:21,818] {local_task_job.py:151} INFO - Task exited with return code 0
