[2021-07-17 03:41:32,093] {taskinstance.py:896} INFO - Dependencies all met for <TaskInstance: parallel_dag.task_1 2021-07-17T03:36:10.596008+00:00 [queued]>
[2021-07-17 03:41:32,495] {taskinstance.py:896} INFO - Dependencies all met for <TaskInstance: parallel_dag.task_1 2021-07-17T03:36:10.596008+00:00 [queued]>
[2021-07-17 03:41:32,495] {taskinstance.py:1087} INFO - 
--------------------------------------------------------------------------------
[2021-07-17 03:41:32,495] {taskinstance.py:1088} INFO - Starting attempt 2 of 2
[2021-07-17 03:41:32,495] {taskinstance.py:1089} INFO - 
--------------------------------------------------------------------------------
[2021-07-17 03:41:32,627] {taskinstance.py:1107} INFO - Executing <Task(BashOperator): task_1> on 2021-07-17T03:36:10.596008+00:00
[2021-07-17 03:41:32,629] {standard_task_runner.py:52} INFO - Started process 2155 to run task
[2021-07-17 03:41:32,633] {standard_task_runner.py:76} INFO - Running: ['airflow', 'tasks', 'run', 'parallel_dag', 'task_1', '2021-07-17T03:36:10.596008+00:00', '--job-id', '22', '--pool', 'default_pool', '--raw', '--subdir', 'DAGS_FOLDER/parallel_dag.py', '--cfg-path', '/tmp/tmpvq7fcxu_', '--error-file', '/tmp/tmpk99yow5m']
[2021-07-17 03:41:32,634] {standard_task_runner.py:77} INFO - Job 22: Subtask task_1
[2021-07-17 03:41:33,860] {logging_mixin.py:104} INFO - Running <TaskInstance: parallel_dag.task_1 2021-07-17T03:36:10.596008+00:00 [running]> on host apache-airflow.us-central1-a.c.eminent-it-info.internal
[2021-07-17 03:41:35,360] {taskinstance.py:1300} INFO - Exporting the following env vars:
AIRFLOW_CTX_DAG_OWNER=airflow
AIRFLOW_CTX_DAG_ID=parallel_dag
AIRFLOW_CTX_TASK_ID=task_1
AIRFLOW_CTX_EXECUTION_DATE=2021-07-17T03:36:10.596008+00:00
AIRFLOW_CTX_DAG_RUN_ID=manual__2021-07-17T03:36:10.596008+00:00
[2021-07-17 03:41:35,361] {subprocess.py:52} INFO - Tmp dir root location: 
 /tmp
[2021-07-17 03:41:35,361] {subprocess.py:63} INFO - Running command: ['bash', '-c', 'sleep 3']
[2021-07-17 03:41:35,365] {subprocess.py:75} INFO - Output:
[2021-07-17 03:41:38,366] {subprocess.py:83} INFO - Command exited with return code 0
[2021-07-17 03:41:39,221] {taskinstance.py:1204} INFO - Marking task as SUCCESS. dag_id=parallel_dag, task_id=task_1, execution_date=20210717T033610, start_date=20210717T034132, end_date=20210717T034139
[2021-07-17 03:41:39,947] {taskinstance.py:1265} INFO - 2 downstream tasks scheduled from follow-on schedule check
[2021-07-17 03:41:39,984] {local_task_job.py:151} INFO - Task exited with return code 0
