[2021-07-15 09:19:30,628] {taskinstance.py:896} INFO - Dependencies all met for <TaskInstance: user_processing.extracting_user 2021-07-15T09:04:31.436257+00:00 [queued]>
[2021-07-15 09:19:30,634] {taskinstance.py:896} INFO - Dependencies all met for <TaskInstance: user_processing.extracting_user 2021-07-15T09:04:31.436257+00:00 [queued]>
[2021-07-15 09:19:30,634] {taskinstance.py:1087} INFO - 
--------------------------------------------------------------------------------
[2021-07-15 09:19:30,634] {taskinstance.py:1088} INFO - Starting attempt 1 of 1
[2021-07-15 09:19:30,634] {taskinstance.py:1089} INFO - 
--------------------------------------------------------------------------------
[2021-07-15 09:19:30,647] {taskinstance.py:1107} INFO - Executing <Task(SimpleHttpOperator): extracting_user> on 2021-07-15T09:04:31.436257+00:00
[2021-07-15 09:19:30,650] {standard_task_runner.py:52} INFO - Started process 4309 to run task
[2021-07-15 09:19:30,656] {standard_task_runner.py:76} INFO - Running: ['airflow', 'tasks', 'run', 'user_processing', 'extracting_user', '2021-07-15T09:04:31.436257+00:00', '--job-id', '43', '--pool', 'default_pool', '--raw', '--subdir', 'DAGS_FOLDER/user_processing.py', '--cfg-path', '/tmp/tmp6xvkv0qm', '--error-file', '/tmp/tmp1nwrjoqy']
[2021-07-15 09:19:30,657] {standard_task_runner.py:77} INFO - Job 43: Subtask extracting_user
[2021-07-15 09:19:30,907] {logging_mixin.py:104} INFO - Running <TaskInstance: user_processing.extracting_user 2021-07-15T09:04:31.436257+00:00 [running]> on host apache-airflow.us-central1-a.c.eminent-it-info.internal
[2021-07-15 09:19:31,163] {taskinstance.py:1300} INFO - Exporting the following env vars:
AIRFLOW_CTX_DAG_OWNER=airflow
AIRFLOW_CTX_DAG_ID=user_processing
AIRFLOW_CTX_TASK_ID=extracting_user
AIRFLOW_CTX_EXECUTION_DATE=2021-07-15T09:04:31.436257+00:00
AIRFLOW_CTX_DAG_RUN_ID=manual__2021-07-15T09:04:31.436257+00:00
[2021-07-15 09:19:31,164] {http.py:111} INFO - Calling HTTP method
[2021-07-15 09:19:31,375] {base.py:69} INFO - Using connection to: id: user_api. Host: https://randomuser.me/, Port: None, Schema: , Login: , Password: None, extra: {}
[2021-07-15 09:19:31,376] {http.py:140} INFO - Sending 'GET' to url: https://randomuser.me/api/
[2021-07-15 09:19:31,485] {http.py:115} INFO - {"results":[{"gender":"female","name":{"title":"Mrs","first":"Nicoline","last":"Olsen"},"location":{"street":{"number":910,"name":"Følfodvej"},"city":"Hurup Thy","state":"Danmark","country":"Denmark","postcode":96421,"coordinates":{"latitude":"-33.0533","longitude":"108.4616"},"timezone":{"offset":"-9:00","description":"Alaska"}},"email":"nicoline.olsen@example.com","login":{"uuid":"bb821351-f3b6-4493-9913-ad3133760920","username":"blueostrich881","password":"annie","salt":"nSxsMpMJ","md5":"b71d8bc079b20df9e8a7f8fe4c446856","sha1":"e9c84d9c59b5a3e2131a2852e4dcb4880ab273fa","sha256":"fa1d3e2170b82ea63f01f5e39d95b5e7a85747910832978b10c128260304a8fd"},"dob":{"date":"1957-07-22T02:50:06.555Z","age":64},"registered":{"date":"2003-08-02T17:25:44.246Z","age":18},"phone":"24405101","cell":"01106307","id":{"name":"CPR","value":"220757-8582"},"picture":{"large":"https://randomuser.me/api/portraits/women/19.jpg","medium":"https://randomuser.me/api/portraits/med/women/19.jpg","thumbnail":"https://randomuser.me/api/portraits/thumb/women/19.jpg"},"nat":"DK"}],"info":{"seed":"fd0457f0875920cb","results":1,"page":1,"version":"1.3"}}
[2021-07-15 09:19:31,634] {taskinstance.py:1204} INFO - Marking task as SUCCESS. dag_id=user_processing, task_id=extracting_user, execution_date=20210715T090431, start_date=20210715T091930, end_date=20210715T091931
[2021-07-15 09:19:31,658] {taskinstance.py:1265} INFO - 1 downstream tasks scheduled from follow-on schedule check
[2021-07-15 09:19:31,664] {local_task_job.py:151} INFO - Task exited with return code 0
