[2021-07-18 04:39:33,460] {taskinstance.py:896} INFO - Dependencies all met for <TaskInstance: parallel_dag.processing_tasks.task_2 2021-07-16T10:01:41.905293+00:00 [queued]>
[2021-07-18 04:39:33,851] {taskinstance.py:896} INFO - Dependencies all met for <TaskInstance: parallel_dag.processing_tasks.task_2 2021-07-16T10:01:41.905293+00:00 [queued]>
[2021-07-18 04:39:33,851] {taskinstance.py:1087} INFO - 
--------------------------------------------------------------------------------
[2021-07-18 04:39:33,851] {taskinstance.py:1088} INFO - Starting attempt 1 of 1
[2021-07-18 04:39:33,851] {taskinstance.py:1089} INFO - 
--------------------------------------------------------------------------------
[2021-07-18 04:39:33,981] {taskinstance.py:1107} INFO - Executing <Task(PythonOperator): processing_tasks.task_2> on 2021-07-16T10:01:41.905293+00:00
[2021-07-18 04:39:33,985] {standard_task_runner.py:52} INFO - Started process 1214 to run task
[2021-07-18 04:39:33,994] {standard_task_runner.py:76} INFO - Running: ['airflow', 'tasks', 'run', 'parallel_dag', 'processing_tasks.task_2', '2021-07-16T10:01:41.905293+00:00', '--job-id', '28', '--pool', 'default_pool', '--raw', '--subdir', 'DAGS_FOLDER/parallel_dag.py', '--cfg-path', '/tmp/tmp7ztf5l0w', '--error-file', '/tmp/tmpu_1lzajk']
[2021-07-18 04:39:33,996] {standard_task_runner.py:77} INFO - Job 28: Subtask processing_tasks.task_2
[2021-07-18 04:39:35,190] {logging_mixin.py:104} INFO - Running <TaskInstance: parallel_dag.processing_tasks.task_2 2021-07-16T10:01:41.905293+00:00 [running]> on host apache-airflow.us-central1-a.c.eminent-it-info.internal
[2021-07-18 04:39:36,744] {taskinstance.py:1300} INFO - Exporting the following env vars:
AIRFLOW_CTX_DAG_OWNER=airflow
AIRFLOW_CTX_DAG_ID=parallel_dag
AIRFLOW_CTX_TASK_ID=processing_tasks.task_2
AIRFLOW_CTX_EXECUTION_DATE=2021-07-16T10:01:41.905293+00:00
AIRFLOW_CTX_DAG_RUN_ID=manual__2021-07-16T10:01:41.905293+00:00
[2021-07-18 04:39:36,745] {logging_mixin.py:104} INFO - This is task 2 function
[2021-07-18 04:39:37,310] {python.py:151} INFO - Done. Returned value was: None
[2021-07-18 04:39:37,588] {taskinstance.py:1204} INFO - Marking task as SUCCESS. dag_id=parallel_dag, task_id=processing_tasks.task_2, execution_date=20210716T100141, start_date=20210718T043933, end_date=20210718T043937
[2021-07-18 04:39:38,588] {taskinstance.py:1265} INFO - 0 downstream tasks scheduled from follow-on schedule check
[2021-07-18 04:39:38,619] {local_task_job.py:151} INFO - Task exited with return code 0
