[2021-07-18 07:57:58,581] {taskinstance.py:896} INFO - Dependencies all met for <TaskInstance: autobot.processing_tasks.task_3 2021-07-18T07:54:25.449895+00:00 [queued]>
[2021-07-18 07:57:58,735] {taskinstance.py:896} INFO - Dependencies all met for <TaskInstance: autobot.processing_tasks.task_3 2021-07-18T07:54:25.449895+00:00 [queued]>
[2021-07-18 07:57:58,736] {taskinstance.py:1087} INFO - 
--------------------------------------------------------------------------------
[2021-07-18 07:57:58,736] {taskinstance.py:1088} INFO - Starting attempt 1 of 1
[2021-07-18 07:57:58,736] {taskinstance.py:1089} INFO - 
--------------------------------------------------------------------------------
[2021-07-18 07:57:59,093] {taskinstance.py:1107} INFO - Executing <Task(PythonOperator): processing_tasks.task_3> on 2021-07-18T07:54:25.449895+00:00
[2021-07-18 07:57:59,103] {standard_task_runner.py:76} INFO - Running: ['airflow', 'tasks', 'run', 'autobot', 'processing_tasks.task_3', '2021-07-18T07:54:25.449895+00:00', '--job-id', '64', '--pool', 'default_pool', '--raw', '--subdir', 'DAGS_FOLDER/AutoBot.py', '--cfg-path', '/tmp/tmp6pqs7oz9', '--error-file', '/tmp/tmpnnxkncz2']
[2021-07-18 07:57:59,104] {standard_task_runner.py:77} INFO - Job 64: Subtask processing_tasks.task_3
[2021-07-18 07:57:59,097] {standard_task_runner.py:52} INFO - Started process 7146 to run task
[2021-07-18 07:58:00,314] {logging_mixin.py:104} INFO - Running <TaskInstance: autobot.processing_tasks.task_3 2021-07-18T07:54:25.449895+00:00 [running]> on host apache-airflow.us-central1-a.c.eminent-it-info.internal
[2021-07-18 07:58:01,863] {taskinstance.py:1300} INFO - Exporting the following env vars:
AIRFLOW_CTX_DAG_OWNER=airflow
AIRFLOW_CTX_DAG_ID=autobot
AIRFLOW_CTX_TASK_ID=processing_tasks.task_3
AIRFLOW_CTX_EXECUTION_DATE=2021-07-18T07:54:25.449895+00:00
AIRFLOW_CTX_DAG_RUN_ID=manual__2021-07-18T07:54:25.449895+00:00
[2021-07-18 07:58:01,864] {logging_mixin.py:104} INFO - This is task 3 function
[2021-07-18 07:58:02,152] {logging_mixin.py:104} INFO - Value recived is [None]
[2021-07-18 07:58:02,152] {python.py:151} INFO - Done. Returned value was: None
[2021-07-18 07:58:02,433] {taskinstance.py:1204} INFO - Marking task as SUCCESS. dag_id=autobot, task_id=processing_tasks.task_3, execution_date=20210718T075425, start_date=20210718T075758, end_date=20210718T075802
[2021-07-18 07:58:03,134] {taskinstance.py:1265} INFO - 0 downstream tasks scheduled from follow-on schedule check
[2021-07-18 07:58:03,180] {local_task_job.py:151} INFO - Task exited with return code 0
