[2021-07-19 08:52:47,024] {taskinstance.py:896} INFO - Dependencies all met for <TaskInstance: autobot.processing_tasks.task_3 2021-07-18T07:54:25.449895+00:00 [queued]>
[2021-07-19 08:52:47,185] {taskinstance.py:896} INFO - Dependencies all met for <TaskInstance: autobot.processing_tasks.task_3 2021-07-18T07:54:25.449895+00:00 [queued]>
[2021-07-19 08:52:47,185] {taskinstance.py:1087} INFO - 
--------------------------------------------------------------------------------
[2021-07-19 08:52:47,185] {taskinstance.py:1088} INFO - Starting attempt 4 of 4
[2021-07-19 08:52:47,185] {taskinstance.py:1089} INFO - 
--------------------------------------------------------------------------------
[2021-07-19 08:52:47,554] {taskinstance.py:1107} INFO - Executing <Task(PythonOperator): processing_tasks.task_3> on 2021-07-18T07:54:25.449895+00:00
[2021-07-19 08:52:47,559] {standard_task_runner.py:52} INFO - Started process 2098 to run task
[2021-07-19 08:52:47,562] {standard_task_runner.py:76} INFO - Running: ['airflow', 'tasks', 'run', 'autobot', 'processing_tasks.task_3', '2021-07-18T07:54:25.449895+00:00', '--job-id', '95', '--pool', 'default_pool', '--raw', '--subdir', 'DAGS_FOLDER/AutoBot.py', '--cfg-path', '/tmp/tmp64hfo48a', '--error-file', '/tmp/tmpsag5uk62']
[2021-07-19 08:52:47,562] {standard_task_runner.py:77} INFO - Job 95: Subtask processing_tasks.task_3
[2021-07-19 08:52:48,781] {logging_mixin.py:104} INFO - Running <TaskInstance: autobot.processing_tasks.task_3 2021-07-18T07:54:25.449895+00:00 [running]> on host apache-airflow.us-central1-a.c.eminent-it-info.internal
[2021-07-19 08:52:50,310] {taskinstance.py:1300} INFO - Exporting the following env vars:
AIRFLOW_CTX_DAG_OWNER=airflow
AIRFLOW_CTX_DAG_ID=autobot
AIRFLOW_CTX_TASK_ID=processing_tasks.task_3
AIRFLOW_CTX_EXECUTION_DATE=2021-07-18T07:54:25.449895+00:00
AIRFLOW_CTX_DAG_RUN_ID=manual__2021-07-18T07:54:25.449895+00:00
[2021-07-19 08:52:50,311] {logging_mixin.py:104} INFO - This is task 3 function
[2021-07-19 08:52:50,603] {logging_mixin.py:104} INFO - Value recived is [None]
[2021-07-19 08:52:50,604] {python.py:151} INFO - Done. Returned value was: None
[2021-07-19 08:52:50,890] {taskinstance.py:1204} INFO - Marking task as SUCCESS. dag_id=autobot, task_id=processing_tasks.task_3, execution_date=20210718T075425, start_date=20210719T085247, end_date=20210719T085250
[2021-07-19 08:52:51,609] {taskinstance.py:1265} INFO - 0 downstream tasks scheduled from follow-on schedule check
[2021-07-19 08:52:51,630] {local_task_job.py:151} INFO - Task exited with return code 0
