[2021-07-18 07:51:24,529] {taskinstance.py:896} INFO - Dependencies all met for <TaskInstance: parallel_dag.task_6 2021-07-17T03:39:23.918881+00:00 [queued]>
[2021-07-18 07:51:24,690] {taskinstance.py:896} INFO - Dependencies all met for <TaskInstance: parallel_dag.task_6 2021-07-17T03:39:23.918881+00:00 [queued]>
[2021-07-18 07:51:24,690] {taskinstance.py:1087} INFO - 
--------------------------------------------------------------------------------
[2021-07-18 07:51:24,690] {taskinstance.py:1088} INFO - Starting attempt 2 of 2
[2021-07-18 07:51:24,690] {taskinstance.py:1089} INFO - 
--------------------------------------------------------------------------------
[2021-07-18 07:51:25,036] {taskinstance.py:1107} INFO - Executing <Task(BashOperator): task_6> on 2021-07-17T03:39:23.918881+00:00
[2021-07-18 07:51:25,039] {standard_task_runner.py:52} INFO - Started process 6825 to run task
[2021-07-18 07:51:25,044] {standard_task_runner.py:76} INFO - Running: ['airflow', 'tasks', 'run', 'parallel_dag', 'task_6', '2021-07-17T03:39:23.918881+00:00', '--job-id', '60', '--pool', 'default_pool', '--raw', '--subdir', 'DAGS_FOLDER/parallel_dag.py', '--cfg-path', '/tmp/tmp1yflavif', '--error-file', '/tmp/tmp92lt8dr9']
[2021-07-18 07:51:25,045] {standard_task_runner.py:77} INFO - Job 60: Subtask task_6
[2021-07-18 07:51:26,241] {logging_mixin.py:104} INFO - Running <TaskInstance: parallel_dag.task_6 2021-07-17T03:39:23.918881+00:00 [running]> on host apache-airflow.us-central1-a.c.eminent-it-info.internal
[2021-07-18 07:51:27,756] {taskinstance.py:1300} INFO - Exporting the following env vars:
AIRFLOW_CTX_DAG_OWNER=airflow
AIRFLOW_CTX_DAG_ID=parallel_dag
AIRFLOW_CTX_TASK_ID=task_6
AIRFLOW_CTX_EXECUTION_DATE=2021-07-17T03:39:23.918881+00:00
AIRFLOW_CTX_DAG_RUN_ID=manual__2021-07-17T03:39:23.918881+00:00
[2021-07-18 07:51:27,757] {subprocess.py:52} INFO - Tmp dir root location: 
 /tmp
[2021-07-18 07:51:27,757] {subprocess.py:63} INFO - Running command: ['bash', '-c', 'sleep 3']
[2021-07-18 07:51:27,763] {subprocess.py:75} INFO - Output:
[2021-07-18 07:51:30,766] {subprocess.py:83} INFO - Command exited with return code 0
[2021-07-18 07:51:31,627] {taskinstance.py:1204} INFO - Marking task as SUCCESS. dag_id=parallel_dag, task_id=task_6, execution_date=20210717T033923, start_date=20210718T075124, end_date=20210718T075131
[2021-07-18 07:51:32,308] {taskinstance.py:1265} INFO - 0 downstream tasks scheduled from follow-on schedule check
[2021-07-18 07:51:32,349] {local_task_job.py:151} INFO - Task exited with return code 0
