[2021-07-16 03:26:46,919] {taskinstance.py:896} INFO - Dependencies all met for <TaskInstance: parallel_dag.task_3 2021-07-16T03:24:54.365238+00:00 [queued]>
[2021-07-16 03:26:46,923] {taskinstance.py:896} INFO - Dependencies all met for <TaskInstance: parallel_dag.task_3 2021-07-16T03:24:54.365238+00:00 [queued]>
[2021-07-16 03:26:46,924] {taskinstance.py:1087} INFO - 
--------------------------------------------------------------------------------
[2021-07-16 03:26:46,924] {taskinstance.py:1088} INFO - Starting attempt 1 of 1
[2021-07-16 03:26:46,924] {taskinstance.py:1089} INFO - 
--------------------------------------------------------------------------------
[2021-07-16 03:26:46,933] {taskinstance.py:1107} INFO - Executing <Task(BashOperator): task_3> on 2021-07-16T03:24:54.365238+00:00
[2021-07-16 03:26:46,936] {standard_task_runner.py:52} INFO - Started process 1286 to run task
[2021-07-16 03:26:46,943] {standard_task_runner.py:76} INFO - Running: ['airflow', 'tasks', 'run', 'parallel_dag', 'task_3', '2021-07-16T03:24:54.365238+00:00', '--job-id', '61', '--pool', 'default_pool', '--raw', '--subdir', 'DAGS_FOLDER/parallel_dag.py', '--cfg-path', '/tmp/tmpwqf7i0ex', '--error-file', '/tmp/tmptgwhk969']
[2021-07-16 03:26:46,943] {standard_task_runner.py:77} INFO - Job 61: Subtask task_3
[2021-07-16 03:26:46,973] {logging_mixin.py:104} INFO - Running <TaskInstance: parallel_dag.task_3 2021-07-16T03:24:54.365238+00:00 [running]> on host apache-airflow.us-central1-a.c.eminent-it-info.internal
[2021-07-16 03:26:47,006] {taskinstance.py:1300} INFO - Exporting the following env vars:
AIRFLOW_CTX_DAG_OWNER=airflow
AIRFLOW_CTX_DAG_ID=parallel_dag
AIRFLOW_CTX_TASK_ID=task_3
AIRFLOW_CTX_EXECUTION_DATE=2021-07-16T03:24:54.365238+00:00
AIRFLOW_CTX_DAG_RUN_ID=manual__2021-07-16T03:24:54.365238+00:00
[2021-07-16 03:26:47,006] {subprocess.py:52} INFO - Tmp dir root location: 
 /tmp
[2021-07-16 03:26:47,007] {subprocess.py:63} INFO - Running command: ['bash', '-c', 'sleep 3']
[2021-07-16 03:26:47,012] {subprocess.py:75} INFO - Output:
[2021-07-16 03:26:50,015] {subprocess.py:83} INFO - Command exited with return code 0
[2021-07-16 03:26:50,032] {taskinstance.py:1204} INFO - Marking task as SUCCESS. dag_id=parallel_dag, task_id=task_3, execution_date=20210716T032454, start_date=20210716T032646, end_date=20210716T032650
[2021-07-16 03:26:50,053] {taskinstance.py:1265} INFO - 1 downstream tasks scheduled from follow-on schedule check
[2021-07-16 03:26:50,086] {local_task_job.py:151} INFO - Task exited with return code 0
