[2021-07-15 09:20:18,376] {taskinstance.py:896} INFO - Dependencies all met for <TaskInstance: user_processing.Processing_user 2021-07-15T09:04:31.436257+00:00 [queued]>
[2021-07-15 09:20:18,382] {taskinstance.py:896} INFO - Dependencies all met for <TaskInstance: user_processing.Processing_user 2021-07-15T09:04:31.436257+00:00 [queued]>
[2021-07-15 09:20:18,382] {taskinstance.py:1087} INFO - 
--------------------------------------------------------------------------------
[2021-07-15 09:20:18,382] {taskinstance.py:1088} INFO - Starting attempt 1 of 1
[2021-07-15 09:20:18,382] {taskinstance.py:1089} INFO - 
--------------------------------------------------------------------------------
[2021-07-15 09:20:18,393] {taskinstance.py:1107} INFO - Executing <Task(PythonOperator): Processing_user> on 2021-07-15T09:04:31.436257+00:00
[2021-07-15 09:20:18,397] {standard_task_runner.py:52} INFO - Started process 4319 to run task
[2021-07-15 09:20:18,403] {standard_task_runner.py:76} INFO - Running: ['airflow', 'tasks', 'run', 'user_processing', 'Processing_user', '2021-07-15T09:04:31.436257+00:00', '--job-id', '46', '--pool', 'default_pool', '--raw', '--subdir', 'DAGS_FOLDER/user_processing.py', '--cfg-path', '/tmp/tmphrtm8af3', '--error-file', '/tmp/tmp3u1e63u2']
[2021-07-15 09:20:18,404] {standard_task_runner.py:77} INFO - Job 46: Subtask Processing_user
[2021-07-15 09:20:18,652] {logging_mixin.py:104} INFO - Running <TaskInstance: user_processing.Processing_user 2021-07-15T09:04:31.436257+00:00 [running]> on host apache-airflow.us-central1-a.c.eminent-it-info.internal
[2021-07-15 09:20:19,128] {taskinstance.py:1300} INFO - Exporting the following env vars:
AIRFLOW_CTX_DAG_OWNER=airflow
AIRFLOW_CTX_DAG_ID=user_processing
AIRFLOW_CTX_TASK_ID=Processing_user
AIRFLOW_CTX_EXECUTION_DATE=2021-07-15T09:04:31.436257+00:00
AIRFLOW_CTX_DAG_RUN_ID=manual__2021-07-15T09:04:31.436257+00:00
[2021-07-15 09:20:19,141] {python.py:151} INFO - Done. Returned value was: None
[2021-07-15 09:20:19,147] {taskinstance.py:1204} INFO - Marking task as SUCCESS. dag_id=user_processing, task_id=Processing_user, execution_date=20210715T090431, start_date=20210715T092018, end_date=20210715T092019
[2021-07-15 09:20:19,401] {taskinstance.py:1265} INFO - 1 downstream tasks scheduled from follow-on schedule check
[2021-07-15 09:20:19,629] {local_task_job.py:151} INFO - Task exited with return code 0
