[2021-07-20 07:18:19,916] {taskinstance.py:896} INFO - Dependencies all met for <TaskInstance: autobot.qc_check 2021-07-19T00:00:00+00:00 [queued]>
[2021-07-20 07:18:20,301] {taskinstance.py:896} INFO - Dependencies all met for <TaskInstance: autobot.qc_check 2021-07-19T00:00:00+00:00 [queued]>
[2021-07-20 07:18:20,301] {taskinstance.py:1087} INFO - 
--------------------------------------------------------------------------------
[2021-07-20 07:18:20,301] {taskinstance.py:1088} INFO - Starting attempt 1 of 1
[2021-07-20 07:18:20,301] {taskinstance.py:1089} INFO - 
--------------------------------------------------------------------------------
[2021-07-20 07:18:20,430] {taskinstance.py:1107} INFO - Executing <Task(BranchPythonOperator): qc_check> on 2021-07-19T00:00:00+00:00
[2021-07-20 07:18:20,433] {standard_task_runner.py:52} INFO - Started process 31734 to run task
[2021-07-20 07:18:20,436] {standard_task_runner.py:76} INFO - Running: ['airflow', 'tasks', 'run', 'autobot', 'qc_check', '2021-07-19T00:00:00+00:00', '--job-id', '152', '--pool', 'default_pool', '--raw', '--subdir', 'DAGS_FOLDER/AutoBot.py', '--cfg-path', '/tmp/tmps50piov6', '--error-file', '/tmp/tmpfxcimrm7']
[2021-07-20 07:18:20,436] {standard_task_runner.py:77} INFO - Job 152: Subtask qc_check
[2021-07-20 07:18:21,668] {logging_mixin.py:104} INFO - Running <TaskInstance: autobot.qc_check 2021-07-19T00:00:00+00:00 [running]> on host apache-airflow.us-central1-a.c.eminent-it-info.internal
[2021-07-20 07:18:23,227] {taskinstance.py:1300} INFO - Exporting the following env vars:
AIRFLOW_CTX_DAG_OWNER=airflow
AIRFLOW_CTX_DAG_ID=autobot
AIRFLOW_CTX_TASK_ID=qc_check
AIRFLOW_CTX_EXECUTION_DATE=2021-07-19T00:00:00+00:00
AIRFLOW_CTX_DAG_RUN_ID=scheduled__2021-07-19T00:00:00+00:00
[2021-07-20 07:18:23,233] {python.py:151} INFO - Done. Returned value was: upload_to_haft
[2021-07-20 07:18:23,233] {skipmixin.py:124} INFO - Following branch upload_to_haft
[2021-07-20 07:18:23,526] {skipmixin.py:155} INFO - Skipping tasks ['send_qc_failed_alert']
[2021-07-20 07:18:25,265] {taskinstance.py:1204} INFO - Marking task as SUCCESS. dag_id=autobot, task_id=qc_check, execution_date=20210719T000000, start_date=20210720T071819, end_date=20210720T071825
[2021-07-20 07:18:26,026] {taskinstance.py:1265} INFO - 1 downstream tasks scheduled from follow-on schedule check
[2021-07-20 07:18:26,355] {local_task_job.py:151} INFO - Task exited with return code 0
