[2021-07-18 08:20:56,355] {taskinstance.py:896} INFO - Dependencies all met for <TaskInstance: autobot.is_condition 2021-07-18T07:54:25.449895+00:00 [queued]>
[2021-07-18 08:20:56,519] {taskinstance.py:896} INFO - Dependencies all met for <TaskInstance: autobot.is_condition 2021-07-18T07:54:25.449895+00:00 [queued]>
[2021-07-18 08:20:56,520] {taskinstance.py:1087} INFO - 
--------------------------------------------------------------------------------
[2021-07-18 08:20:56,520] {taskinstance.py:1088} INFO - Starting attempt 2 of 2
[2021-07-18 08:20:56,520] {taskinstance.py:1089} INFO - 
--------------------------------------------------------------------------------
[2021-07-18 08:20:56,869] {taskinstance.py:1107} INFO - Executing <Task(BranchPythonOperator): is_condition> on 2021-07-18T07:54:25.449895+00:00
[2021-07-18 08:20:56,873] {standard_task_runner.py:52} INFO - Started process 8136 to run task
[2021-07-18 08:20:56,880] {standard_task_runner.py:76} INFO - Running: ['airflow', 'tasks', 'run', 'autobot', 'is_condition', '2021-07-18T07:54:25.449895+00:00', '--job-id', '75', '--pool', 'default_pool', '--raw', '--subdir', 'DAGS_FOLDER/AutoBot.py', '--cfg-path', '/tmp/tmpzkllh7kc', '--error-file', '/tmp/tmplnvfmdyk']
[2021-07-18 08:20:56,881] {standard_task_runner.py:77} INFO - Job 75: Subtask is_condition
[2021-07-18 08:20:58,085] {logging_mixin.py:104} INFO - Running <TaskInstance: autobot.is_condition 2021-07-18T07:54:25.449895+00:00 [running]> on host apache-airflow.us-central1-a.c.eminent-it-info.internal
[2021-07-18 08:20:59,608] {taskinstance.py:1300} INFO - Exporting the following env vars:
AIRFLOW_CTX_DAG_OWNER=airflow
AIRFLOW_CTX_DAG_ID=autobot
AIRFLOW_CTX_TASK_ID=is_condition
AIRFLOW_CTX_EXECUTION_DATE=2021-07-18T07:54:25.449895+00:00
AIRFLOW_CTX_DAG_RUN_ID=manual__2021-07-18T07:54:25.449895+00:00
[2021-07-18 08:20:59,609] {python.py:151} INFO - Done. Returned value was: task_4
[2021-07-18 08:20:59,610] {skipmixin.py:124} INFO - Following branch task_4
[2021-07-18 08:20:59,891] {skipmixin.py:155} INFO - Skipping tasks ['task_5']
[2021-07-18 08:21:01,640] {taskinstance.py:1204} INFO - Marking task as SUCCESS. dag_id=autobot, task_id=is_condition, execution_date=20210718T075425, start_date=20210718T082056, end_date=20210718T082101
[2021-07-18 08:21:02,375] {taskinstance.py:1265} INFO - 1 downstream tasks scheduled from follow-on schedule check
[2021-07-18 08:21:02,768] {local_task_job.py:151} INFO - Task exited with return code 0
