[2021-07-19 08:38:59,062] {taskinstance.py:896} INFO - Dependencies all met for <TaskInstance: autobot.is_condition 2021-07-18T07:54:25.449895+00:00 [queued]>
[2021-07-19 08:38:59,228] {taskinstance.py:896} INFO - Dependencies all met for <TaskInstance: autobot.is_condition 2021-07-18T07:54:25.449895+00:00 [queued]>
[2021-07-19 08:38:59,228] {taskinstance.py:1087} INFO - 
--------------------------------------------------------------------------------
[2021-07-19 08:38:59,228] {taskinstance.py:1088} INFO - Starting attempt 3 of 3
[2021-07-19 08:38:59,228] {taskinstance.py:1089} INFO - 
--------------------------------------------------------------------------------
[2021-07-19 08:38:59,586] {taskinstance.py:1107} INFO - Executing <Task(BranchPythonOperator): is_condition> on 2021-07-18T07:54:25.449895+00:00
[2021-07-19 08:38:59,588] {standard_task_runner.py:52} INFO - Started process 1563 to run task
[2021-07-19 08:38:59,591] {standard_task_runner.py:76} INFO - Running: ['airflow', 'tasks', 'run', 'autobot', 'is_condition', '2021-07-18T07:54:25.449895+00:00', '--job-id', '86', '--pool', 'default_pool', '--raw', '--subdir', 'DAGS_FOLDER/AutoBot.py', '--cfg-path', '/tmp/tmpdnms7vtb', '--error-file', '/tmp/tmpqaq0k3dg']
[2021-07-19 08:38:59,592] {standard_task_runner.py:77} INFO - Job 86: Subtask is_condition
[2021-07-19 08:39:00,823] {logging_mixin.py:104} INFO - Running <TaskInstance: autobot.is_condition 2021-07-18T07:54:25.449895+00:00 [running]> on host apache-airflow.us-central1-a.c.eminent-it-info.internal
[2021-07-19 08:39:02,363] {taskinstance.py:1300} INFO - Exporting the following env vars:
AIRFLOW_CTX_DAG_OWNER=airflow
AIRFLOW_CTX_DAG_ID=autobot
AIRFLOW_CTX_TASK_ID=is_condition
AIRFLOW_CTX_EXECUTION_DATE=2021-07-18T07:54:25.449895+00:00
AIRFLOW_CTX_DAG_RUN_ID=manual__2021-07-18T07:54:25.449895+00:00
[2021-07-19 08:39:02,364] {python.py:151} INFO - Done. Returned value was: task_4
[2021-07-19 08:39:02,364] {skipmixin.py:124} INFO - Following branch task_4
[2021-07-19 08:39:02,650] {skipmixin.py:155} INFO - Skipping tasks ['task_5']
[2021-07-19 08:39:04,385] {taskinstance.py:1204} INFO - Marking task as SUCCESS. dag_id=autobot, task_id=is_condition, execution_date=20210718T075425, start_date=20210719T083859, end_date=20210719T083904
[2021-07-19 08:39:05,139] {taskinstance.py:1265} INFO - 1 downstream tasks scheduled from follow-on schedule check
[2021-07-19 08:39:05,488] {local_task_job.py:151} INFO - Task exited with return code 0
