[2021-07-19 08:52:54,945] {taskinstance.py:896} INFO - Dependencies all met for <TaskInstance: autobot.is_condition 2021-07-18T07:54:25.449895+00:00 [queued]>
[2021-07-19 08:52:55,104] {taskinstance.py:896} INFO - Dependencies all met for <TaskInstance: autobot.is_condition 2021-07-18T07:54:25.449895+00:00 [queued]>
[2021-07-19 08:52:55,104] {taskinstance.py:1087} INFO - 
--------------------------------------------------------------------------------
[2021-07-19 08:52:55,104] {taskinstance.py:1088} INFO - Starting attempt 4 of 4
[2021-07-19 08:52:55,105] {taskinstance.py:1089} INFO - 
--------------------------------------------------------------------------------
[2021-07-19 08:52:55,462] {taskinstance.py:1107} INFO - Executing <Task(BranchPythonOperator): is_condition> on 2021-07-18T07:54:25.449895+00:00
[2021-07-19 08:52:55,464] {standard_task_runner.py:52} INFO - Started process 2102 to run task
[2021-07-19 08:52:55,467] {standard_task_runner.py:76} INFO - Running: ['airflow', 'tasks', 'run', 'autobot', 'is_condition', '2021-07-18T07:54:25.449895+00:00', '--job-id', '97', '--pool', 'default_pool', '--raw', '--subdir', 'DAGS_FOLDER/AutoBot.py', '--cfg-path', '/tmp/tmpicvio45n', '--error-file', '/tmp/tmp420dc_8n']
[2021-07-19 08:52:55,468] {standard_task_runner.py:77} INFO - Job 97: Subtask is_condition
[2021-07-19 08:52:56,680] {logging_mixin.py:104} INFO - Running <TaskInstance: autobot.is_condition 2021-07-18T07:54:25.449895+00:00 [running]> on host apache-airflow.us-central1-a.c.eminent-it-info.internal
[2021-07-19 08:52:58,205] {taskinstance.py:1300} INFO - Exporting the following env vars:
AIRFLOW_CTX_DAG_OWNER=airflow
AIRFLOW_CTX_DAG_ID=autobot
AIRFLOW_CTX_TASK_ID=is_condition
AIRFLOW_CTX_EXECUTION_DATE=2021-07-18T07:54:25.449895+00:00
AIRFLOW_CTX_DAG_RUN_ID=manual__2021-07-18T07:54:25.449895+00:00
[2021-07-19 08:52:58,206] {python.py:151} INFO - Done. Returned value was: task_4
[2021-07-19 08:52:58,206] {skipmixin.py:124} INFO - Following branch task_4
[2021-07-19 08:52:58,495] {skipmixin.py:155} INFO - Skipping tasks ['task_5']
[2021-07-19 08:53:00,213] {taskinstance.py:1204} INFO - Marking task as SUCCESS. dag_id=autobot, task_id=is_condition, execution_date=20210718T075425, start_date=20210719T085254, end_date=20210719T085300
[2021-07-19 08:53:00,979] {taskinstance.py:1265} INFO - 1 downstream tasks scheduled from follow-on schedule check
[2021-07-19 08:53:01,366] {local_task_job.py:151} INFO - Task exited with return code 0
