[2021-07-19 09:23:59,483] {taskinstance.py:896} INFO - Dependencies all met for <TaskInstance: autobot.execute_sql_script 2021-07-18T07:54:25.449895+00:00 [queued]>
[2021-07-19 09:23:59,644] {taskinstance.py:896} INFO - Dependencies all met for <TaskInstance: autobot.execute_sql_script 2021-07-18T07:54:25.449895+00:00 [queued]>
[2021-07-19 09:23:59,644] {taskinstance.py:1087} INFO - 
--------------------------------------------------------------------------------
[2021-07-19 09:23:59,644] {taskinstance.py:1088} INFO - Starting attempt 11 of 11
[2021-07-19 09:23:59,644] {taskinstance.py:1089} INFO - 
--------------------------------------------------------------------------------
[2021-07-19 09:23:59,992] {taskinstance.py:1107} INFO - Executing <Task(PythonOperator): execute_sql_script> on 2021-07-18T07:54:25.449895+00:00
[2021-07-19 09:23:59,995] {standard_task_runner.py:52} INFO - Started process 3640 to run task
[2021-07-19 09:23:59,998] {standard_task_runner.py:76} INFO - Running: ['airflow', 'tasks', 'run', 'autobot', 'execute_sql_script', '2021-07-18T07:54:25.449895+00:00', '--job-id', '122', '--pool', 'default_pool', '--raw', '--subdir', 'DAGS_FOLDER/AutoBot.py', '--cfg-path', '/tmp/tmp6hti7w0_', '--error-file', '/tmp/tmpqbgz7gcs']
[2021-07-19 09:23:59,998] {standard_task_runner.py:77} INFO - Job 122: Subtask execute_sql_script
[2021-07-19 09:24:01,230] {logging_mixin.py:104} INFO - Running <TaskInstance: autobot.execute_sql_script 2021-07-18T07:54:25.449895+00:00 [running]> on host apache-airflow.us-central1-a.c.eminent-it-info.internal
[2021-07-19 09:24:02,750] {taskinstance.py:1300} INFO - Exporting the following env vars:
AIRFLOW_CTX_DAG_OWNER=airflow
AIRFLOW_CTX_DAG_ID=autobot
AIRFLOW_CTX_TASK_ID=execute_sql_script
AIRFLOW_CTX_EXECUTION_DATE=2021-07-18T07:54:25.449895+00:00
AIRFLOW_CTX_DAG_RUN_ID=manual__2021-07-18T07:54:25.449895+00:00
[2021-07-19 09:24:03,584] {python.py:151} INFO - Done. Returned value was: None
[2021-07-19 09:24:03,880] {taskinstance.py:1204} INFO - Marking task as SUCCESS. dag_id=autobot, task_id=execute_sql_script, execution_date=20210718T075425, start_date=20210719T092359, end_date=20210719T092403
[2021-07-19 09:24:04,595] {taskinstance.py:1265} INFO - 1 downstream tasks scheduled from follow-on schedule check
[2021-07-19 09:24:04,631] {local_task_job.py:151} INFO - Task exited with return code 0
