[2021-07-20 07:13:34,065] {taskinstance.py:896} INFO - Dependencies all met for <TaskInstance: autobot.execute_sql_script 2021-07-18T07:54:25.449895+00:00 [queued]>
[2021-07-20 07:13:34,505] {taskinstance.py:896} INFO - Dependencies all met for <TaskInstance: autobot.execute_sql_script 2021-07-18T07:54:25.449895+00:00 [queued]>
[2021-07-20 07:13:34,505] {taskinstance.py:1087} INFO - 
--------------------------------------------------------------------------------
[2021-07-20 07:13:34,505] {taskinstance.py:1088} INFO - Starting attempt 15 of 15
[2021-07-20 07:13:34,505] {taskinstance.py:1089} INFO - 
--------------------------------------------------------------------------------
[2021-07-20 07:13:34,642] {taskinstance.py:1107} INFO - Executing <Task(PythonOperator): execute_sql_script> on 2021-07-18T07:54:25.449895+00:00
[2021-07-20 07:13:34,644] {standard_task_runner.py:52} INFO - Started process 31546 to run task
[2021-07-20 07:13:34,647] {standard_task_runner.py:76} INFO - Running: ['airflow', 'tasks', 'run', 'autobot', 'execute_sql_script', '2021-07-18T07:54:25.449895+00:00', '--job-id', '146', '--pool', 'default_pool', '--raw', '--subdir', 'DAGS_FOLDER/AutoBot.py', '--cfg-path', '/tmp/tmpn304g_fi', '--error-file', '/tmp/tmp53l7ir7l']
[2021-07-20 07:13:34,648] {standard_task_runner.py:77} INFO - Job 146: Subtask execute_sql_script
[2021-07-20 07:13:35,879] {logging_mixin.py:104} INFO - Running <TaskInstance: autobot.execute_sql_script 2021-07-18T07:54:25.449895+00:00 [running]> on host apache-airflow.us-central1-a.c.eminent-it-info.internal
[2021-07-20 07:13:37,425] {taskinstance.py:1300} INFO - Exporting the following env vars:
AIRFLOW_CTX_DAG_OWNER=airflow
AIRFLOW_CTX_DAG_ID=autobot
AIRFLOW_CTX_TASK_ID=execute_sql_script
AIRFLOW_CTX_EXECUTION_DATE=2021-07-18T07:54:25.449895+00:00
AIRFLOW_CTX_DAG_RUN_ID=manual__2021-07-18T07:54:25.449895+00:00
[2021-07-20 07:13:38,264] {python.py:151} INFO - Done. Returned value was: None
[2021-07-20 07:13:38,553] {taskinstance.py:1204} INFO - Marking task as SUCCESS. dag_id=autobot, task_id=execute_sql_script, execution_date=20210718T075425, start_date=20210720T071334, end_date=20210720T071338
[2021-07-20 07:13:39,488] {taskinstance.py:1265} INFO - 0 downstream tasks scheduled from follow-on schedule check
[2021-07-20 07:13:39,519] {local_task_job.py:151} INFO - Task exited with return code 0
