[2021-07-19 08:52:38,957] {taskinstance.py:896} INFO - Dependencies all met for <TaskInstance: autobot.execute_sql_script 2021-07-18T07:54:25.449895+00:00 [queued]>
[2021-07-19 08:52:39,124] {taskinstance.py:896} INFO - Dependencies all met for <TaskInstance: autobot.execute_sql_script 2021-07-18T07:54:25.449895+00:00 [queued]>
[2021-07-19 08:52:39,124] {taskinstance.py:1087} INFO - 
--------------------------------------------------------------------------------
[2021-07-19 08:52:39,124] {taskinstance.py:1088} INFO - Starting attempt 3 of 3
[2021-07-19 08:52:39,124] {taskinstance.py:1089} INFO - 
--------------------------------------------------------------------------------
[2021-07-19 08:52:39,483] {taskinstance.py:1107} INFO - Executing <Task(PythonOperator): execute_sql_script> on 2021-07-18T07:54:25.449895+00:00
[2021-07-19 08:52:39,486] {standard_task_runner.py:52} INFO - Started process 2087 to run task
[2021-07-19 08:52:39,489] {standard_task_runner.py:76} INFO - Running: ['airflow', 'tasks', 'run', 'autobot', 'execute_sql_script', '2021-07-18T07:54:25.449895+00:00', '--job-id', '94', '--pool', 'default_pool', '--raw', '--subdir', 'DAGS_FOLDER/AutoBot.py', '--cfg-path', '/tmp/tmpfavdie2s', '--error-file', '/tmp/tmp_xlbo4hq']
[2021-07-19 08:52:39,489] {standard_task_runner.py:77} INFO - Job 94: Subtask execute_sql_script
[2021-07-19 08:52:40,724] {logging_mixin.py:104} INFO - Running <TaskInstance: autobot.execute_sql_script 2021-07-18T07:54:25.449895+00:00 [running]> on host apache-airflow.us-central1-a.c.eminent-it-info.internal
[2021-07-19 08:52:42,235] {taskinstance.py:1300} INFO - Exporting the following env vars:
AIRFLOW_CTX_DAG_OWNER=airflow
AIRFLOW_CTX_DAG_ID=autobot
AIRFLOW_CTX_TASK_ID=execute_sql_script
AIRFLOW_CTX_EXECUTION_DATE=2021-07-18T07:54:25.449895+00:00
AIRFLOW_CTX_DAG_RUN_ID=manual__2021-07-18T07:54:25.449895+00:00
[2021-07-19 08:52:43,064] {python.py:151} INFO - Done. Returned value was: None
[2021-07-19 08:52:43,353] {taskinstance.py:1204} INFO - Marking task as SUCCESS. dag_id=autobot, task_id=execute_sql_script, execution_date=20210718T075425, start_date=20210719T085238, end_date=20210719T085243
[2021-07-19 08:52:44,065] {taskinstance.py:1265} INFO - 0 downstream tasks scheduled from follow-on schedule check
[2021-07-19 08:52:44,083] {local_task_job.py:151} INFO - Task exited with return code 0
