[2021-07-19 09:00:06,148] {taskinstance.py:896} INFO - Dependencies all met for <TaskInstance: autobot.execute_sql_script 2021-07-18T07:54:25.449895+00:00 [queued]>
[2021-07-19 09:00:06,314] {taskinstance.py:896} INFO - Dependencies all met for <TaskInstance: autobot.execute_sql_script 2021-07-18T07:54:25.449895+00:00 [queued]>
[2021-07-19 09:00:06,314] {taskinstance.py:1087} INFO - 
--------------------------------------------------------------------------------
[2021-07-19 09:00:06,314] {taskinstance.py:1088} INFO - Starting attempt 5 of 5
[2021-07-19 09:00:06,315] {taskinstance.py:1089} INFO - 
--------------------------------------------------------------------------------
[2021-07-19 09:00:06,672] {taskinstance.py:1107} INFO - Executing <Task(PythonOperator): execute_sql_script> on 2021-07-18T07:54:25.449895+00:00
[2021-07-19 09:00:06,675] {standard_task_runner.py:52} INFO - Started process 2382 to run task
[2021-07-19 09:00:06,678] {standard_task_runner.py:76} INFO - Running: ['airflow', 'tasks', 'run', 'autobot', 'execute_sql_script', '2021-07-18T07:54:25.449895+00:00', '--job-id', '104', '--pool', 'default_pool', '--raw', '--subdir', 'DAGS_FOLDER/AutoBot.py', '--cfg-path', '/tmp/tmp2xbpyu7o', '--error-file', '/tmp/tmpwr50ofj7']
[2021-07-19 09:00:06,679] {standard_task_runner.py:77} INFO - Job 104: Subtask execute_sql_script
[2021-07-19 09:00:07,908] {logging_mixin.py:104} INFO - Running <TaskInstance: autobot.execute_sql_script 2021-07-18T07:54:25.449895+00:00 [running]> on host apache-airflow.us-central1-a.c.eminent-it-info.internal
[2021-07-19 09:00:09,438] {taskinstance.py:1300} INFO - Exporting the following env vars:
AIRFLOW_CTX_DAG_OWNER=airflow
AIRFLOW_CTX_DAG_ID=autobot
AIRFLOW_CTX_TASK_ID=execute_sql_script
AIRFLOW_CTX_EXECUTION_DATE=2021-07-18T07:54:25.449895+00:00
AIRFLOW_CTX_DAG_RUN_ID=manual__2021-07-18T07:54:25.449895+00:00
[2021-07-19 09:00:10,276] {python.py:151} INFO - Done. Returned value was: None
[2021-07-19 09:00:10,581] {taskinstance.py:1204} INFO - Marking task as SUCCESS. dag_id=autobot, task_id=execute_sql_script, execution_date=20210718T075425, start_date=20210719T090006, end_date=20210719T090010
[2021-07-19 09:00:11,267] {taskinstance.py:1265} INFO - 0 downstream tasks scheduled from follow-on schedule check
[2021-07-19 09:00:11,310] {local_task_job.py:151} INFO - Task exited with return code 0
