[2021-07-19 09:05:25,949] {taskinstance.py:896} INFO - Dependencies all met for <TaskInstance: autobot.execute_sql_script 2021-07-18T07:54:25.449895+00:00 [queued]>
[2021-07-19 09:05:26,112] {taskinstance.py:896} INFO - Dependencies all met for <TaskInstance: autobot.execute_sql_script 2021-07-18T07:54:25.449895+00:00 [queued]>
[2021-07-19 09:05:26,113] {taskinstance.py:1087} INFO - 
--------------------------------------------------------------------------------
[2021-07-19 09:05:26,113] {taskinstance.py:1088} INFO - Starting attempt 6 of 6
[2021-07-19 09:05:26,113] {taskinstance.py:1089} INFO - 
--------------------------------------------------------------------------------
[2021-07-19 09:05:26,471] {taskinstance.py:1107} INFO - Executing <Task(PythonOperator): execute_sql_script> on 2021-07-18T07:54:25.449895+00:00
[2021-07-19 09:05:26,473] {standard_task_runner.py:52} INFO - Started process 2581 to run task
[2021-07-19 09:05:26,476] {standard_task_runner.py:76} INFO - Running: ['airflow', 'tasks', 'run', 'autobot', 'execute_sql_script', '2021-07-18T07:54:25.449895+00:00', '--job-id', '107', '--pool', 'default_pool', '--raw', '--subdir', 'DAGS_FOLDER/AutoBot.py', '--cfg-path', '/tmp/tmpfa4abb7x', '--error-file', '/tmp/tmpzhr2o0lt']
[2021-07-19 09:05:26,477] {standard_task_runner.py:77} INFO - Job 107: Subtask execute_sql_script
[2021-07-19 09:05:27,688] {logging_mixin.py:104} INFO - Running <TaskInstance: autobot.execute_sql_script 2021-07-18T07:54:25.449895+00:00 [running]> on host apache-airflow.us-central1-a.c.eminent-it-info.internal
[2021-07-19 09:05:29,224] {taskinstance.py:1300} INFO - Exporting the following env vars:
AIRFLOW_CTX_DAG_OWNER=airflow
AIRFLOW_CTX_DAG_ID=autobot
AIRFLOW_CTX_TASK_ID=execute_sql_script
AIRFLOW_CTX_EXECUTION_DATE=2021-07-18T07:54:25.449895+00:00
AIRFLOW_CTX_DAG_RUN_ID=manual__2021-07-18T07:54:25.449895+00:00
[2021-07-19 09:05:30,057] {python.py:151} INFO - Done. Returned value was: None
[2021-07-19 09:05:30,350] {taskinstance.py:1204} INFO - Marking task as SUCCESS. dag_id=autobot, task_id=execute_sql_script, execution_date=20210718T075425, start_date=20210719T090525, end_date=20210719T090530
[2021-07-19 09:05:31,178] {taskinstance.py:1265} INFO - 0 downstream tasks scheduled from follow-on schedule check
[2021-07-19 09:05:31,191] {local_task_job.py:151} INFO - Task exited with return code 0
