[2021-07-19 09:15:05,350] {taskinstance.py:896} INFO - Dependencies all met for <TaskInstance: autobot.execute_sql_script 2021-07-18T07:54:25.449895+00:00 [queued]>
[2021-07-19 09:15:05,514] {taskinstance.py:896} INFO - Dependencies all met for <TaskInstance: autobot.execute_sql_script 2021-07-18T07:54:25.449895+00:00 [queued]>
[2021-07-19 09:15:05,514] {taskinstance.py:1087} INFO - 
--------------------------------------------------------------------------------
[2021-07-19 09:15:05,514] {taskinstance.py:1088} INFO - Starting attempt 8 of 8
[2021-07-19 09:15:05,514] {taskinstance.py:1089} INFO - 
--------------------------------------------------------------------------------
[2021-07-19 09:15:05,877] {taskinstance.py:1107} INFO - Executing <Task(PythonOperator): execute_sql_script> on 2021-07-18T07:54:25.449895+00:00
[2021-07-19 09:15:05,879] {standard_task_runner.py:52} INFO - Started process 3082 to run task
[2021-07-19 09:15:05,882] {standard_task_runner.py:76} INFO - Running: ['airflow', 'tasks', 'run', 'autobot', 'execute_sql_script', '2021-07-18T07:54:25.449895+00:00', '--job-id', '113', '--pool', 'default_pool', '--raw', '--subdir', 'DAGS_FOLDER/AutoBot.py', '--cfg-path', '/tmp/tmplr0bq5r5', '--error-file', '/tmp/tmpc9ucd1_n']
[2021-07-19 09:15:05,883] {standard_task_runner.py:77} INFO - Job 113: Subtask execute_sql_script
[2021-07-19 09:15:07,098] {logging_mixin.py:104} INFO - Running <TaskInstance: autobot.execute_sql_script 2021-07-18T07:54:25.449895+00:00 [running]> on host apache-airflow.us-central1-a.c.eminent-it-info.internal
[2021-07-19 09:15:08,614] {taskinstance.py:1300} INFO - Exporting the following env vars:
AIRFLOW_CTX_DAG_OWNER=airflow
AIRFLOW_CTX_DAG_ID=autobot
AIRFLOW_CTX_TASK_ID=execute_sql_script
AIRFLOW_CTX_EXECUTION_DATE=2021-07-18T07:54:25.449895+00:00
AIRFLOW_CTX_DAG_RUN_ID=manual__2021-07-18T07:54:25.449895+00:00
[2021-07-19 09:15:09,448] {python.py:151} INFO - Done. Returned value was: None
[2021-07-19 09:15:09,736] {taskinstance.py:1204} INFO - Marking task as SUCCESS. dag_id=autobot, task_id=execute_sql_script, execution_date=20210718T075425, start_date=20210719T091505, end_date=20210719T091509
[2021-07-19 09:15:10,452] {taskinstance.py:1265} INFO - 1 downstream tasks scheduled from follow-on schedule check
[2021-07-19 09:15:10,475] {local_task_job.py:151} INFO - Task exited with return code 0
