[2021-07-17 03:39:39,097] {taskinstance.py:896} INFO - Dependencies all met for <TaskInstance: parallel_dag.processing_tasks.task_2 2021-07-17T03:39:23.918881+00:00 [queued]>
[2021-07-17 03:39:39,490] {taskinstance.py:896} INFO - Dependencies all met for <TaskInstance: parallel_dag.processing_tasks.task_2 2021-07-17T03:39:23.918881+00:00 [queued]>
[2021-07-17 03:39:39,491] {taskinstance.py:1087} INFO - 
--------------------------------------------------------------------------------
[2021-07-17 03:39:39,491] {taskinstance.py:1088} INFO - Starting attempt 1 of 1
[2021-07-17 03:39:39,491] {taskinstance.py:1089} INFO - 
--------------------------------------------------------------------------------
[2021-07-17 03:39:39,621] {taskinstance.py:1107} INFO - Executing <Task(PythonOperator): processing_tasks.task_2> on 2021-07-17T03:39:23.918881+00:00
[2021-07-17 03:39:39,623] {standard_task_runner.py:52} INFO - Started process 2096 to run task
[2021-07-17 03:39:39,626] {standard_task_runner.py:76} INFO - Running: ['airflow', 'tasks', 'run', 'parallel_dag', 'processing_tasks.task_2', '2021-07-17T03:39:23.918881+00:00', '--job-id', '19', '--pool', 'default_pool', '--raw', '--subdir', 'DAGS_FOLDER/parallel_dag.py', '--cfg-path', '/tmp/tmpw56fn11d', '--error-file', '/tmp/tmp4bwwf9jf']
[2021-07-17 03:39:39,626] {standard_task_runner.py:77} INFO - Job 19: Subtask processing_tasks.task_2
[2021-07-17 03:39:40,819] {logging_mixin.py:104} INFO - Running <TaskInstance: parallel_dag.processing_tasks.task_2 2021-07-17T03:39:23.918881+00:00 [running]> on host apache-airflow.us-central1-a.c.eminent-it-info.internal
[2021-07-17 03:39:42,442] {taskinstance.py:1300} INFO - Exporting the following env vars:
AIRFLOW_CTX_DAG_OWNER=airflow
AIRFLOW_CTX_DAG_ID=parallel_dag
AIRFLOW_CTX_TASK_ID=processing_tasks.task_2
AIRFLOW_CTX_EXECUTION_DATE=2021-07-17T03:39:23.918881+00:00
AIRFLOW_CTX_DAG_RUN_ID=manual__2021-07-17T03:39:23.918881+00:00
[2021-07-17 03:39:42,443] {logging_mixin.py:104} INFO - This is task 2 function
[2021-07-17 03:39:43,069] {python.py:151} INFO - Done. Returned value was: None
[2021-07-17 03:39:43,362] {taskinstance.py:1204} INFO - Marking task as SUCCESS. dag_id=parallel_dag, task_id=processing_tasks.task_2, execution_date=20210717T033923, start_date=20210717T033939, end_date=20210717T033943
[2021-07-17 03:39:44,023] {taskinstance.py:1265} INFO - 0 downstream tasks scheduled from follow-on schedule check
[2021-07-17 03:39:44,053] {local_task_job.py:151} INFO - Task exited with return code 0
