[2021-07-18 04:57:12,679] {taskinstance.py:896} INFO - Dependencies all met for <TaskInstance: parallel_dag.processing_tasks.task_2 2021-07-17T03:39:23.918881+00:00 [queued]>
[2021-07-18 04:57:13,062] {taskinstance.py:896} INFO - Dependencies all met for <TaskInstance: parallel_dag.processing_tasks.task_2 2021-07-17T03:39:23.918881+00:00 [queued]>
[2021-07-18 04:57:13,062] {taskinstance.py:1087} INFO - 
--------------------------------------------------------------------------------
[2021-07-18 04:57:13,062] {taskinstance.py:1088} INFO - Starting attempt 4 of 4
[2021-07-18 04:57:13,062] {taskinstance.py:1089} INFO - 
--------------------------------------------------------------------------------
[2021-07-18 04:57:13,191] {taskinstance.py:1107} INFO - Executing <Task(PythonOperator): processing_tasks.task_2> on 2021-07-17T03:39:23.918881+00:00
[2021-07-18 04:57:13,194] {standard_task_runner.py:52} INFO - Started process 1637 to run task
[2021-07-18 04:57:13,199] {standard_task_runner.py:76} INFO - Running: ['airflow', 'tasks', 'run', 'parallel_dag', 'processing_tasks.task_2', '2021-07-17T03:39:23.918881+00:00', '--job-id', '38', '--pool', 'default_pool', '--raw', '--subdir', 'DAGS_FOLDER/parallel_dag.py', '--cfg-path', '/tmp/tmp5ixwv4fn', '--error-file', '/tmp/tmpgua786xp']
[2021-07-18 04:57:13,200] {standard_task_runner.py:77} INFO - Job 38: Subtask processing_tasks.task_2
[2021-07-18 04:57:14,432] {logging_mixin.py:104} INFO - Running <TaskInstance: parallel_dag.processing_tasks.task_2 2021-07-17T03:39:23.918881+00:00 [running]> on host apache-airflow.us-central1-a.c.eminent-it-info.internal
[2021-07-18 04:57:15,907] {taskinstance.py:1300} INFO - Exporting the following env vars:
AIRFLOW_CTX_DAG_OWNER=airflow
AIRFLOW_CTX_DAG_ID=parallel_dag
AIRFLOW_CTX_TASK_ID=processing_tasks.task_2
AIRFLOW_CTX_EXECUTION_DATE=2021-07-17T03:39:23.918881+00:00
AIRFLOW_CTX_DAG_RUN_ID=manual__2021-07-17T03:39:23.918881+00:00
[2021-07-18 04:57:15,908] {logging_mixin.py:104} INFO - This is task 2 function
[2021-07-18 04:57:16,477] {python.py:151} INFO - Done. Returned value was: None
[2021-07-18 04:57:16,758] {taskinstance.py:1204} INFO - Marking task as SUCCESS. dag_id=parallel_dag, task_id=processing_tasks.task_2, execution_date=20210717T033923, start_date=20210718T045712, end_date=20210718T045716
[2021-07-18 04:57:17,581] {taskinstance.py:1265} INFO - 1 downstream tasks scheduled from follow-on schedule check
[2021-07-18 04:57:17,587] {local_task_job.py:151} INFO - Task exited with return code 0
