[2021-07-17 03:39:39,094] {taskinstance.py:896} INFO - Dependencies all met for <TaskInstance: parallel_dag.processing_tasks.task_3 2021-07-17T03:39:23.918881+00:00 [queued]>
[2021-07-17 03:39:39,498] {taskinstance.py:896} INFO - Dependencies all met for <TaskInstance: parallel_dag.processing_tasks.task_3 2021-07-17T03:39:23.918881+00:00 [queued]>
[2021-07-17 03:39:39,499] {taskinstance.py:1087} INFO - 
--------------------------------------------------------------------------------
[2021-07-17 03:39:39,499] {taskinstance.py:1088} INFO - Starting attempt 1 of 1
[2021-07-17 03:39:39,499] {taskinstance.py:1089} INFO - 
--------------------------------------------------------------------------------
[2021-07-17 03:39:39,632] {taskinstance.py:1107} INFO - Executing <Task(PythonOperator): processing_tasks.task_3> on 2021-07-17T03:39:23.918881+00:00
[2021-07-17 03:39:39,634] {standard_task_runner.py:52} INFO - Started process 2097 to run task
[2021-07-17 03:39:39,636] {standard_task_runner.py:76} INFO - Running: ['airflow', 'tasks', 'run', 'parallel_dag', 'processing_tasks.task_3', '2021-07-17T03:39:23.918881+00:00', '--job-id', '18', '--pool', 'default_pool', '--raw', '--subdir', 'DAGS_FOLDER/parallel_dag.py', '--cfg-path', '/tmp/tmpfspvkm6m', '--error-file', '/tmp/tmpgrbmviok']
[2021-07-17 03:39:39,637] {standard_task_runner.py:77} INFO - Job 18: Subtask processing_tasks.task_3
[2021-07-17 03:39:40,838] {logging_mixin.py:104} INFO - Running <TaskInstance: parallel_dag.processing_tasks.task_3 2021-07-17T03:39:23.918881+00:00 [running]> on host apache-airflow.us-central1-a.c.eminent-it-info.internal
[2021-07-17 03:39:42,444] {taskinstance.py:1300} INFO - Exporting the following env vars:
AIRFLOW_CTX_DAG_OWNER=airflow
AIRFLOW_CTX_DAG_ID=parallel_dag
AIRFLOW_CTX_TASK_ID=processing_tasks.task_3
AIRFLOW_CTX_EXECUTION_DATE=2021-07-17T03:39:23.918881+00:00
AIRFLOW_CTX_DAG_RUN_ID=manual__2021-07-17T03:39:23.918881+00:00
[2021-07-17 03:39:42,445] {logging_mixin.py:104} INFO - This is task 3 function
[2021-07-17 03:39:42,752] {logging_mixin.py:104} INFO - Value recived is [None]
[2021-07-17 03:39:42,753] {python.py:151} INFO - Done. Returned value was: None
[2021-07-17 03:39:43,068] {taskinstance.py:1204} INFO - Marking task as SUCCESS. dag_id=parallel_dag, task_id=processing_tasks.task_3, execution_date=20210717T033923, start_date=20210717T033939, end_date=20210717T033943
[2021-07-17 03:39:43,789] {taskinstance.py:1265} INFO - 1 downstream tasks scheduled from follow-on schedule check
[2021-07-17 03:39:43,822] {local_task_job.py:151} INFO - Task exited with return code 0
