[2021-07-18 04:57:12,628] {taskinstance.py:896} INFO - Dependencies all met for <TaskInstance: parallel_dag.processing_tasks.task_3 2021-07-17T03:39:23.918881+00:00 [queued]>
[2021-07-18 04:57:13,012] {taskinstance.py:896} INFO - Dependencies all met for <TaskInstance: parallel_dag.processing_tasks.task_3 2021-07-17T03:39:23.918881+00:00 [queued]>
[2021-07-18 04:57:13,012] {taskinstance.py:1087} INFO - 
--------------------------------------------------------------------------------
[2021-07-18 04:57:13,012] {taskinstance.py:1088} INFO - Starting attempt 4 of 4
[2021-07-18 04:57:13,012] {taskinstance.py:1089} INFO - 
--------------------------------------------------------------------------------
[2021-07-18 04:57:13,138] {taskinstance.py:1107} INFO - Executing <Task(PythonOperator): processing_tasks.task_3> on 2021-07-17T03:39:23.918881+00:00
[2021-07-18 04:57:13,141] {standard_task_runner.py:52} INFO - Started process 1636 to run task
[2021-07-18 04:57:13,147] {standard_task_runner.py:76} INFO - Running: ['airflow', 'tasks', 'run', 'parallel_dag', 'processing_tasks.task_3', '2021-07-17T03:39:23.918881+00:00', '--job-id', '37', '--pool', 'default_pool', '--raw', '--subdir', 'DAGS_FOLDER/parallel_dag.py', '--cfg-path', '/tmp/tmp8a2govf4', '--error-file', '/tmp/tmpbl3nfgyy']
[2021-07-18 04:57:13,148] {standard_task_runner.py:77} INFO - Job 37: Subtask processing_tasks.task_3
[2021-07-18 04:57:14,348] {logging_mixin.py:104} INFO - Running <TaskInstance: parallel_dag.processing_tasks.task_3 2021-07-17T03:39:23.918881+00:00 [running]> on host apache-airflow.us-central1-a.c.eminent-it-info.internal
[2021-07-18 04:57:15,835] {taskinstance.py:1300} INFO - Exporting the following env vars:
AIRFLOW_CTX_DAG_OWNER=airflow
AIRFLOW_CTX_DAG_ID=parallel_dag
AIRFLOW_CTX_TASK_ID=processing_tasks.task_3
AIRFLOW_CTX_EXECUTION_DATE=2021-07-17T03:39:23.918881+00:00
AIRFLOW_CTX_DAG_RUN_ID=manual__2021-07-17T03:39:23.918881+00:00
[2021-07-18 04:57:15,836] {logging_mixin.py:104} INFO - This is task 3 function
[2021-07-18 04:57:16,122] {logging_mixin.py:104} INFO - Value recived is [None]
[2021-07-18 04:57:16,123] {python.py:151} INFO - Done. Returned value was: None
[2021-07-18 04:57:16,407] {taskinstance.py:1204} INFO - Marking task as SUCCESS. dag_id=parallel_dag, task_id=processing_tasks.task_3, execution_date=20210717T033923, start_date=20210718T045712, end_date=20210718T045716
[2021-07-18 04:57:17,123] {taskinstance.py:1265} INFO - 0 downstream tasks scheduled from follow-on schedule check
[2021-07-18 04:57:17,134] {local_task_job.py:151} INFO - Task exited with return code 0
