[2021-07-18 04:57:34,641] {taskinstance.py:896} INFO - Dependencies all met for <TaskInstance: parallel_dag.processing_tasks.task_3 2021-07-17T03:39:23.918881+00:00 [queued]>
[2021-07-18 04:57:35,028] {taskinstance.py:896} INFO - Dependencies all met for <TaskInstance: parallel_dag.processing_tasks.task_3 2021-07-17T03:39:23.918881+00:00 [queued]>
[2021-07-18 04:57:35,028] {taskinstance.py:1087} INFO - 
--------------------------------------------------------------------------------
[2021-07-18 04:57:35,028] {taskinstance.py:1088} INFO - Starting attempt 5 of 5
[2021-07-18 04:57:35,029] {taskinstance.py:1089} INFO - 
--------------------------------------------------------------------------------
[2021-07-18 04:57:35,154] {taskinstance.py:1107} INFO - Executing <Task(PythonOperator): processing_tasks.task_3> on 2021-07-17T03:39:23.918881+00:00
[2021-07-18 04:57:35,158] {standard_task_runner.py:52} INFO - Started process 1652 to run task
[2021-07-18 04:57:35,168] {standard_task_runner.py:76} INFO - Running: ['airflow', 'tasks', 'run', 'parallel_dag', 'processing_tasks.task_3', '2021-07-17T03:39:23.918881+00:00', '--job-id', '42', '--pool', 'default_pool', '--raw', '--subdir', 'DAGS_FOLDER/parallel_dag.py', '--cfg-path', '/tmp/tmpitiuy4id', '--error-file', '/tmp/tmp4qj8zua5']
[2021-07-18 04:57:35,169] {standard_task_runner.py:77} INFO - Job 42: Subtask processing_tasks.task_3
[2021-07-18 04:57:36,366] {logging_mixin.py:104} INFO - Running <TaskInstance: parallel_dag.processing_tasks.task_3 2021-07-17T03:39:23.918881+00:00 [running]> on host apache-airflow.us-central1-a.c.eminent-it-info.internal
[2021-07-18 04:57:37,875] {taskinstance.py:1300} INFO - Exporting the following env vars:
AIRFLOW_CTX_DAG_OWNER=airflow
AIRFLOW_CTX_DAG_ID=parallel_dag
AIRFLOW_CTX_TASK_ID=processing_tasks.task_3
AIRFLOW_CTX_EXECUTION_DATE=2021-07-17T03:39:23.918881+00:00
AIRFLOW_CTX_DAG_RUN_ID=manual__2021-07-17T03:39:23.918881+00:00
[2021-07-18 04:57:37,876] {logging_mixin.py:104} INFO - This is task 3 function
[2021-07-18 04:57:38,171] {logging_mixin.py:104} INFO - Value recived is [None]
[2021-07-18 04:57:38,171] {python.py:151} INFO - Done. Returned value was: None
[2021-07-18 04:57:38,456] {taskinstance.py:1204} INFO - Marking task as SUCCESS. dag_id=parallel_dag, task_id=processing_tasks.task_3, execution_date=20210717T033923, start_date=20210718T045734, end_date=20210718T045738
[2021-07-18 04:57:39,164] {taskinstance.py:1265} INFO - 1 downstream tasks scheduled from follow-on schedule check
[2021-07-18 04:57:39,192] {local_task_job.py:151} INFO - Task exited with return code 0
