[2021-07-17 03:02:46,552] {taskinstance.py:896} INFO - Dependencies all met for <TaskInstance: parallel_dag.processing_tasks.task_3 2021-07-17T03:02:30.080012+00:00 [queued]>
[2021-07-17 03:02:46,938] {taskinstance.py:896} INFO - Dependencies all met for <TaskInstance: parallel_dag.processing_tasks.task_3 2021-07-17T03:02:30.080012+00:00 [queued]>
[2021-07-17 03:02:46,938] {taskinstance.py:1087} INFO - 
--------------------------------------------------------------------------------
[2021-07-17 03:02:46,938] {taskinstance.py:1088} INFO - Starting attempt 1 of 1
[2021-07-17 03:02:46,938] {taskinstance.py:1089} INFO - 
--------------------------------------------------------------------------------
[2021-07-17 03:02:47,066] {taskinstance.py:1107} INFO - Executing <Task(BashOperator): processing_tasks.task_3> on 2021-07-17T03:02:30.080012+00:00
[2021-07-17 03:02:47,068] {standard_task_runner.py:52} INFO - Started process 1258 to run task
[2021-07-17 03:02:47,072] {standard_task_runner.py:76} INFO - Running: ['airflow', 'tasks', 'run', 'parallel_dag', 'processing_tasks.task_3', '2021-07-17T03:02:30.080012+00:00', '--job-id', '12', '--pool', 'default_pool', '--raw', '--subdir', 'DAGS_FOLDER/parallel_dag.py', '--cfg-path', '/tmp/tmpldri_pkg', '--error-file', '/tmp/tmp_s_p4ov_']
[2021-07-17 03:02:47,072] {standard_task_runner.py:77} INFO - Job 12: Subtask processing_tasks.task_3
[2021-07-17 03:02:48,299] {logging_mixin.py:104} INFO - Running <TaskInstance: parallel_dag.processing_tasks.task_3 2021-07-17T03:02:30.080012+00:00 [running]> on host apache-airflow.us-central1-a.c.eminent-it-info.internal
[2021-07-17 03:02:49,848] {taskinstance.py:1300} INFO - Exporting the following env vars:
AIRFLOW_CTX_DAG_OWNER=airflow
AIRFLOW_CTX_DAG_ID=parallel_dag
AIRFLOW_CTX_TASK_ID=processing_tasks.task_3
AIRFLOW_CTX_EXECUTION_DATE=2021-07-17T03:02:30.080012+00:00
AIRFLOW_CTX_DAG_RUN_ID=manual__2021-07-17T03:02:30.080012+00:00
[2021-07-17 03:02:49,848] {subprocess.py:52} INFO - Tmp dir root location: 
 /tmp
[2021-07-17 03:02:49,849] {subprocess.py:63} INFO - Running command: ['bash', '-c', 'sleep 3']
[2021-07-17 03:02:49,853] {subprocess.py:75} INFO - Output:
[2021-07-17 03:02:52,854] {subprocess.py:83} INFO - Command exited with return code 0
[2021-07-17 03:02:53,724] {taskinstance.py:1204} INFO - Marking task as SUCCESS. dag_id=parallel_dag, task_id=processing_tasks.task_3, execution_date=20210717T030230, start_date=20210717T030246, end_date=20210717T030253
[2021-07-17 03:02:54,441] {taskinstance.py:1265} INFO - 0 downstream tasks scheduled from follow-on schedule check
[2021-07-17 03:02:54,454] {local_task_job.py:151} INFO - Task exited with return code 0
