[2021-07-15 09:17:54,144] {taskinstance.py:896} INFO - Dependencies all met for <TaskInstance: user_processing.creating_table 2021-07-15T09:04:31.436257+00:00 [queued]>
[2021-07-15 09:17:54,150] {taskinstance.py:896} INFO - Dependencies all met for <TaskInstance: user_processing.creating_table 2021-07-15T09:04:31.436257+00:00 [queued]>
[2021-07-15 09:17:54,150] {taskinstance.py:1087} INFO - 
--------------------------------------------------------------------------------
[2021-07-15 09:17:54,150] {taskinstance.py:1088} INFO - Starting attempt 2 of 2
[2021-07-15 09:17:54,150] {taskinstance.py:1089} INFO - 
--------------------------------------------------------------------------------
[2021-07-15 09:17:54,163] {taskinstance.py:1107} INFO - Executing <Task(SqliteOperator): creating_table> on 2021-07-15T09:04:31.436257+00:00
[2021-07-15 09:17:54,377] {standard_task_runner.py:52} INFO - Started process 4287 to run task
[2021-07-15 09:17:54,384] {standard_task_runner.py:76} INFO - Running: ['airflow', 'tasks', 'run', 'user_processing', 'creating_table', '2021-07-15T09:04:31.436257+00:00', '--job-id', '37', '--pool', 'default_pool', '--raw', '--subdir', 'DAGS_FOLDER/user_processing.py', '--cfg-path', '/tmp/tmpgjqzqiby', '--error-file', '/tmp/tmpg_5sc8xp']
[2021-07-15 09:17:54,384] {standard_task_runner.py:77} INFO - Job 37: Subtask creating_table
[2021-07-15 09:17:54,640] {logging_mixin.py:104} INFO - Running <TaskInstance: user_processing.creating_table 2021-07-15T09:04:31.436257+00:00 [running]> on host apache-airflow.us-central1-a.c.eminent-it-info.internal
[2021-07-15 09:17:54,897] {taskinstance.py:1300} INFO - Exporting the following env vars:
AIRFLOW_CTX_DAG_OWNER=airflow
AIRFLOW_CTX_DAG_ID=user_processing
AIRFLOW_CTX_TASK_ID=creating_table
AIRFLOW_CTX_EXECUTION_DATE=2021-07-15T09:04:31.436257+00:00
AIRFLOW_CTX_DAG_RUN_ID=manual__2021-07-15T09:04:31.436257+00:00
[2021-07-15 09:17:54,897] {sqlite.py:61} INFO - Executing:  create table if not exists users (
            firstname text not null, lastname text not null, country text not null,
            username text not null, email text not null primary key);
            
[2021-07-15 09:17:54,901] {base.py:69} INFO - Using connection to: id: db_sqlite. Host: /home/karuturihemanth/airflow/airflow.db, Port: None, Schema: , Login: , Password: None, extra: {}
[2021-07-15 09:17:54,901] {dbapi.py:204} INFO - Running statement:  create table if not exists users (
            firstname text not null, lastname text not null, country text not null,
            username text not null, email text not null primary key);
            , parameters: []
[2021-07-15 09:17:54,905] {taskinstance.py:1204} INFO - Marking task as SUCCESS. dag_id=user_processing, task_id=creating_table, execution_date=20210715T090431, start_date=20210715T091754, end_date=20210715T091754
[2021-07-15 09:17:55,145] {taskinstance.py:1265} INFO - 1 downstream tasks scheduled from follow-on schedule check
[2021-07-15 09:17:55,164] {local_task_job.py:151} INFO - Task exited with return code 0
